[0.125s] DEBUG:colcon:Command line arguments: ['/usr/bin/colcon', 'build']
[0.125s] DEBUG:colcon:Parsed command line arguments: Namespace(log_base=None, log_level=None, verb_name='build', build_base='build', install_base='install', merge_install=False, symlink_install=False, test_result_base=None, continue_on_error=False, executor='parallel', parallel_workers=12, event_handlers=None, ignore_user_meta=False, metas=['./colcon.meta'], base_paths=['.'], packages_ignore=None, packages_ignore_regex=None, paths=None, packages_up_to=None, packages_up_to_regex=None, packages_above=None, packages_above_and_dependencies=None, packages_above_depth=None, packages_select_by_dep=None, packages_skip_by_dep=None, packages_skip_up_to=None, packages_select_build_failed=False, packages_skip_build_finished=False, packages_select_test_failures=False, packages_skip_test_passed=False, packages_select=None, packages_skip=None, packages_select_regex=None, packages_skip_regex=None, packages_start=None, packages_end=None, cmake_args=None, cmake_target=None, cmake_target_skip_unavailable=False, cmake_clean_cache=False, cmake_clean_first=False, cmake_force_configure=False, ament_cmake_args=None, catkin_cmake_args=None, catkin_skip_building_tests=False, mixin_files=None, mixin=None, verb_parser=<colcon_mixin.mixin.mixin_argument.MixinArgumentDecorator object at 0x7f4b43c3fbb0>, verb_extension=<colcon_core.verb.build.BuildVerb object at 0x7f4b43c3f520>, main=<bound method BuildVerb.main of <colcon_core.verb.build.BuildVerb object at 0x7f4b43c3f520>>, mixin_verb=('build',))
[0.367s] Level 1:colcon.colcon_core.package_discovery:discover_packages(colcon_meta) check parameters
[0.368s] INFO:colcon.colcon_metadata.package_discovery.colcon_meta:Using configuration from '/root/.colcon/metadata/default/Gazebo.meta'
[0.368s] INFO:colcon.colcon_metadata.package_discovery.colcon_meta:Using configuration from '/root/.colcon/metadata/default/fastrtps.meta'
[0.368s] Level 1:colcon.colcon_core.package_discovery:discover_packages(recursive) check parameters
[0.368s] Level 1:colcon.colcon_core.package_discovery:discover_packages(ignore) check parameters
[0.368s] Level 1:colcon.colcon_core.package_discovery:discover_packages(path) check parameters
[0.368s] Level 1:colcon.colcon_core.package_discovery:discover_packages(colcon_meta) discover
[0.368s] Level 1:colcon.colcon_core.package_discovery:discover_packages(recursive) discover
[0.368s] INFO:colcon.colcon_core.package_discovery:Crawling recursively for packages in '/px4_uxrce/camera_legacy_ws'
[0.369s] Level 1:colcon.colcon_core.package_identification:_identify(.) by extensions ['ignore', 'ignore_ament_install']
[0.369s] Level 1:colcon.colcon_core.package_identification:_identify(.) by extension 'ignore'
[0.369s] Level 1:colcon.colcon_core.package_identification:_identify(.) by extension 'ignore_ament_install'
[0.369s] Level 1:colcon.colcon_core.package_identification:_identify(.) by extensions ['colcon_pkg']
[0.369s] Level 1:colcon.colcon_core.package_identification:_identify(.) by extension 'colcon_pkg'
[0.369s] Level 1:colcon.colcon_core.package_identification:_identify(.) by extensions ['colcon_meta']
[0.369s] Level 1:colcon.colcon_core.package_identification:_identify(.) by extension 'colcon_meta'
[0.369s] Level 1:colcon.colcon_core.package_identification:_identify(.) by extensions ['ros']
[0.369s] Level 1:colcon.colcon_core.package_identification:_identify(.) by extension 'ros'
[0.403s] Level 1:colcon.colcon_core.package_identification:_identify(.) by extensions ['cmake', 'python']
[0.403s] Level 1:colcon.colcon_core.package_identification:_identify(.) by extension 'cmake'
[0.403s] Level 1:colcon.colcon_core.package_identification:_identify(.) by extension 'python'
[0.403s] Level 1:colcon.colcon_core.package_identification:_identify(.) by extensions ['python_setup_py']
[0.403s] Level 1:colcon.colcon_core.package_identification:_identify(.) by extension 'python_setup_py'
[0.403s] Level 1:colcon.colcon_core.package_identification:_identify(build) by extensions ['ignore', 'ignore_ament_install']
[0.403s] Level 1:colcon.colcon_core.package_identification:_identify(build) by extension 'ignore'
[0.403s] Level 1:colcon.colcon_core.package_identification:_identify(build) ignored
[0.403s] Level 1:colcon.colcon_core.package_identification:_identify(install) by extensions ['ignore', 'ignore_ament_install']
[0.403s] Level 1:colcon.colcon_core.package_identification:_identify(install) by extension 'ignore'
[0.404s] Level 1:colcon.colcon_core.package_identification:_identify(install) ignored
[0.404s] Level 1:colcon.colcon_core.package_identification:_identify(log) by extensions ['ignore', 'ignore_ament_install']
[0.404s] Level 1:colcon.colcon_core.package_identification:_identify(log) by extension 'ignore'
[0.404s] Level 1:colcon.colcon_core.package_identification:_identify(log) ignored
[0.404s] Level 1:colcon.colcon_core.package_identification:_identify(src) by extensions ['ignore', 'ignore_ament_install']
[0.404s] Level 1:colcon.colcon_core.package_identification:_identify(src) by extension 'ignore'
[0.404s] Level 1:colcon.colcon_core.package_identification:_identify(src) by extension 'ignore_ament_install'
[0.404s] Level 1:colcon.colcon_core.package_identification:_identify(src) by extensions ['colcon_pkg']
[0.404s] Level 1:colcon.colcon_core.package_identification:_identify(src) by extension 'colcon_pkg'
[0.404s] Level 1:colcon.colcon_core.package_identification:_identify(src) by extensions ['colcon_meta']
[0.404s] Level 1:colcon.colcon_core.package_identification:_identify(src) by extension 'colcon_meta'
[0.404s] Level 1:colcon.colcon_core.package_identification:_identify(src) by extensions ['ros']
[0.404s] Level 1:colcon.colcon_core.package_identification:_identify(src) by extension 'ros'
[0.404s] Level 1:colcon.colcon_core.package_identification:_identify(src) by extensions ['cmake', 'python']
[0.404s] Level 1:colcon.colcon_core.package_identification:_identify(src) by extension 'cmake'
[0.404s] Level 1:colcon.colcon_core.package_identification:_identify(src) by extension 'python'
[0.404s] Level 1:colcon.colcon_core.package_identification:_identify(src) by extensions ['python_setup_py']
[0.405s] Level 1:colcon.colcon_core.package_identification:_identify(src) by extension 'python_setup_py'
[0.405s] Level 1:colcon.colcon_core.package_identification:_identify(src/realsense-ros) by extensions ['ignore', 'ignore_ament_install']
[0.405s] Level 1:colcon.colcon_core.package_identification:_identify(src/realsense-ros) by extension 'ignore'
[0.405s] Level 1:colcon.colcon_core.package_identification:_identify(src/realsense-ros) by extension 'ignore_ament_install'
[0.405s] Level 1:colcon.colcon_core.package_identification:_identify(src/realsense-ros) by extensions ['colcon_pkg']
[0.405s] Level 1:colcon.colcon_core.package_identification:_identify(src/realsense-ros) by extension 'colcon_pkg'
[0.405s] Level 1:colcon.colcon_core.package_identification:_identify(src/realsense-ros) by extensions ['colcon_meta']
[0.405s] Level 1:colcon.colcon_core.package_identification:_identify(src/realsense-ros) by extension 'colcon_meta'
[0.405s] Level 1:colcon.colcon_core.package_identification:_identify(src/realsense-ros) by extensions ['ros']
[0.405s] Level 1:colcon.colcon_core.package_identification:_identify(src/realsense-ros) by extension 'ros'
[0.405s] Level 1:colcon.colcon_core.package_identification:_identify(src/realsense-ros) by extensions ['cmake', 'python']
[0.405s] Level 1:colcon.colcon_core.package_identification:_identify(src/realsense-ros) by extension 'cmake'
[0.405s] Level 1:colcon.colcon_core.package_identification:_identify(src/realsense-ros) by extension 'python'
[0.405s] Level 1:colcon.colcon_core.package_identification:_identify(src/realsense-ros) by extensions ['python_setup_py']
[0.405s] Level 1:colcon.colcon_core.package_identification:_identify(src/realsense-ros) by extension 'python_setup_py'
[0.405s] Level 1:colcon.colcon_core.package_identification:_identify(src/realsense-ros/realsense2_camera) by extensions ['ignore', 'ignore_ament_install']
[0.406s] Level 1:colcon.colcon_core.package_identification:_identify(src/realsense-ros/realsense2_camera) by extension 'ignore'
[0.406s] Level 1:colcon.colcon_core.package_identification:_identify(src/realsense-ros/realsense2_camera) by extension 'ignore_ament_install'
[0.406s] Level 1:colcon.colcon_core.package_identification:_identify(src/realsense-ros/realsense2_camera) by extensions ['colcon_pkg']
[0.406s] Level 1:colcon.colcon_core.package_identification:_identify(src/realsense-ros/realsense2_camera) by extension 'colcon_pkg'
[0.406s] Level 1:colcon.colcon_core.package_identification:_identify(src/realsense-ros/realsense2_camera) by extensions ['colcon_meta']
[0.406s] Level 1:colcon.colcon_core.package_identification:_identify(src/realsense-ros/realsense2_camera) by extension 'colcon_meta'
[0.406s] Level 1:colcon.colcon_core.package_identification:_identify(src/realsense-ros/realsense2_camera) by extensions ['ros']
[0.406s] Level 1:colcon.colcon_core.package_identification:_identify(src/realsense-ros/realsense2_camera) by extension 'ros'
[0.410s] DEBUG:colcon.colcon_core.package_identification:Package 'src/realsense-ros/realsense2_camera' with type 'ros.ament_cmake' and name 'realsense2_camera'
[0.410s] Level 1:colcon.colcon_core.package_identification:_identify(src/realsense-ros/realsense2_camera_msgs) by extensions ['ignore', 'ignore_ament_install']
[0.410s] Level 1:colcon.colcon_core.package_identification:_identify(src/realsense-ros/realsense2_camera_msgs) by extension 'ignore'
[0.410s] Level 1:colcon.colcon_core.package_identification:_identify(src/realsense-ros/realsense2_camera_msgs) by extension 'ignore_ament_install'
[0.410s] Level 1:colcon.colcon_core.package_identification:_identify(src/realsense-ros/realsense2_camera_msgs) by extensions ['colcon_pkg']
[0.411s] Level 1:colcon.colcon_core.package_identification:_identify(src/realsense-ros/realsense2_camera_msgs) by extension 'colcon_pkg'
[0.411s] Level 1:colcon.colcon_core.package_identification:_identify(src/realsense-ros/realsense2_camera_msgs) by extensions ['colcon_meta']
[0.411s] Level 1:colcon.colcon_core.package_identification:_identify(src/realsense-ros/realsense2_camera_msgs) by extension 'colcon_meta'
[0.411s] Level 1:colcon.colcon_core.package_identification:_identify(src/realsense-ros/realsense2_camera_msgs) by extensions ['ros']
[0.411s] Level 1:colcon.colcon_core.package_identification:_identify(src/realsense-ros/realsense2_camera_msgs) by extension 'ros'
[0.411s] DEBUG:colcon.colcon_core.package_identification:Package 'src/realsense-ros/realsense2_camera_msgs' with type 'ros.ament_cmake' and name 'realsense2_camera_msgs'
[0.411s] Level 1:colcon.colcon_core.package_identification:_identify(src/realsense-ros/realsense2_description) by extensions ['ignore', 'ignore_ament_install']
[0.412s] Level 1:colcon.colcon_core.package_identification:_identify(src/realsense-ros/realsense2_description) by extension 'ignore'
[0.412s] Level 1:colcon.colcon_core.package_identification:_identify(src/realsense-ros/realsense2_description) by extension 'ignore_ament_install'
[0.412s] Level 1:colcon.colcon_core.package_identification:_identify(src/realsense-ros/realsense2_description) by extensions ['colcon_pkg']
[0.412s] Level 1:colcon.colcon_core.package_identification:_identify(src/realsense-ros/realsense2_description) by extension 'colcon_pkg'
[0.412s] Level 1:colcon.colcon_core.package_identification:_identify(src/realsense-ros/realsense2_description) by extensions ['colcon_meta']
[0.412s] Level 1:colcon.colcon_core.package_identification:_identify(src/realsense-ros/realsense2_description) by extension 'colcon_meta'
[0.412s] Level 1:colcon.colcon_core.package_identification:_identify(src/realsense-ros/realsense2_description) by extensions ['ros']
[0.412s] Level 1:colcon.colcon_core.package_identification:_identify(src/realsense-ros/realsense2_description) by extension 'ros'
[0.413s] DEBUG:colcon.colcon_core.package_identification:Package 'src/realsense-ros/realsense2_description' with type 'ros.ament_cmake' and name 'realsense2_description'
[0.413s] Level 1:colcon.colcon_core.package_discovery:discover_packages(recursive) using defaults
[0.413s] Level 1:colcon.colcon_core.package_discovery:discover_packages(ignore) discover
[0.413s] Level 1:colcon.colcon_core.package_discovery:discover_packages(ignore) using defaults
[0.413s] Level 1:colcon.colcon_core.package_discovery:discover_packages(path) discover
[0.413s] Level 1:colcon.colcon_core.package_discovery:discover_packages(path) using defaults
[0.440s] Level 5:colcon.colcon_core.verb:set package 'realsense2_camera_msgs' build argument 'cmake_args' from command line to 'None'
[0.441s] Level 5:colcon.colcon_core.verb:set package 'realsense2_camera_msgs' build argument 'cmake_target' from command line to 'None'
[0.441s] Level 5:colcon.colcon_core.verb:set package 'realsense2_camera_msgs' build argument 'cmake_target_skip_unavailable' from command line to 'False'
[0.441s] Level 5:colcon.colcon_core.verb:set package 'realsense2_camera_msgs' build argument 'cmake_clean_cache' from command line to 'False'
[0.441s] Level 5:colcon.colcon_core.verb:set package 'realsense2_camera_msgs' build argument 'cmake_clean_first' from command line to 'False'
[0.441s] Level 5:colcon.colcon_core.verb:set package 'realsense2_camera_msgs' build argument 'cmake_force_configure' from command line to 'False'
[0.441s] Level 5:colcon.colcon_core.verb:set package 'realsense2_camera_msgs' build argument 'ament_cmake_args' from command line to 'None'
[0.441s] Level 5:colcon.colcon_core.verb:set package 'realsense2_camera_msgs' build argument 'catkin_cmake_args' from command line to 'None'
[0.441s] Level 5:colcon.colcon_core.verb:set package 'realsense2_camera_msgs' build argument 'catkin_skip_building_tests' from command line to 'False'
[0.441s] DEBUG:colcon.colcon_core.verb:Building package 'realsense2_camera_msgs' with the following arguments: {'ament_cmake_args': None, 'build_base': '/px4_uxrce/camera_legacy_ws/build/realsense2_camera_msgs', 'catkin_cmake_args': None, 'catkin_skip_building_tests': False, 'cmake_args': None, 'cmake_clean_cache': False, 'cmake_clean_first': False, 'cmake_force_configure': False, 'cmake_target': None, 'cmake_target_skip_unavailable': False, 'install_base': '/px4_uxrce/camera_legacy_ws/install/realsense2_camera_msgs', 'merge_install': False, 'path': '/px4_uxrce/camera_legacy_ws/src/realsense-ros/realsense2_camera_msgs', 'symlink_install': False, 'test_result_base': None}
[0.441s] Level 5:colcon.colcon_core.verb:set package 'realsense2_camera' build argument 'cmake_args' from command line to 'None'
[0.441s] Level 5:colcon.colcon_core.verb:set package 'realsense2_camera' build argument 'cmake_target' from command line to 'None'
[0.441s] Level 5:colcon.colcon_core.verb:set package 'realsense2_camera' build argument 'cmake_target_skip_unavailable' from command line to 'False'
[0.441s] Level 5:colcon.colcon_core.verb:set package 'realsense2_camera' build argument 'cmake_clean_cache' from command line to 'False'
[0.442s] Level 5:colcon.colcon_core.verb:set package 'realsense2_camera' build argument 'cmake_clean_first' from command line to 'False'
[0.442s] Level 5:colcon.colcon_core.verb:set package 'realsense2_camera' build argument 'cmake_force_configure' from command line to 'False'
[0.442s] Level 5:colcon.colcon_core.verb:set package 'realsense2_camera' build argument 'ament_cmake_args' from command line to 'None'
[0.442s] Level 5:colcon.colcon_core.verb:set package 'realsense2_camera' build argument 'catkin_cmake_args' from command line to 'None'
[0.442s] Level 5:colcon.colcon_core.verb:set package 'realsense2_camera' build argument 'catkin_skip_building_tests' from command line to 'False'
[0.442s] DEBUG:colcon.colcon_core.verb:Building package 'realsense2_camera' with the following arguments: {'ament_cmake_args': None, 'build_base': '/px4_uxrce/camera_legacy_ws/build/realsense2_camera', 'catkin_cmake_args': None, 'catkin_skip_building_tests': False, 'cmake_args': None, 'cmake_clean_cache': False, 'cmake_clean_first': False, 'cmake_force_configure': False, 'cmake_target': None, 'cmake_target_skip_unavailable': False, 'install_base': '/px4_uxrce/camera_legacy_ws/install/realsense2_camera', 'merge_install': False, 'path': '/px4_uxrce/camera_legacy_ws/src/realsense-ros/realsense2_camera', 'symlink_install': False, 'test_result_base': None}
[0.442s] Level 5:colcon.colcon_core.verb:set package 'realsense2_description' build argument 'cmake_args' from command line to 'None'
[0.442s] Level 5:colcon.colcon_core.verb:set package 'realsense2_description' build argument 'cmake_target' from command line to 'None'
[0.442s] Level 5:colcon.colcon_core.verb:set package 'realsense2_description' build argument 'cmake_target_skip_unavailable' from command line to 'False'
[0.442s] Level 5:colcon.colcon_core.verb:set package 'realsense2_description' build argument 'cmake_clean_cache' from command line to 'False'
[0.442s] Level 5:colcon.colcon_core.verb:set package 'realsense2_description' build argument 'cmake_clean_first' from command line to 'False'
[0.442s] Level 5:colcon.colcon_core.verb:set package 'realsense2_description' build argument 'cmake_force_configure' from command line to 'False'
[0.442s] Level 5:colcon.colcon_core.verb:set package 'realsense2_description' build argument 'ament_cmake_args' from command line to 'None'
[0.442s] Level 5:colcon.colcon_core.verb:set package 'realsense2_description' build argument 'catkin_cmake_args' from command line to 'None'
[0.442s] Level 5:colcon.colcon_core.verb:set package 'realsense2_description' build argument 'catkin_skip_building_tests' from command line to 'False'
[0.442s] DEBUG:colcon.colcon_core.verb:Building package 'realsense2_description' with the following arguments: {'ament_cmake_args': None, 'build_base': '/px4_uxrce/camera_legacy_ws/build/realsense2_description', 'catkin_cmake_args': None, 'catkin_skip_building_tests': False, 'cmake_args': None, 'cmake_clean_cache': False, 'cmake_clean_first': False, 'cmake_force_configure': False, 'cmake_target': None, 'cmake_target_skip_unavailable': False, 'install_base': '/px4_uxrce/camera_legacy_ws/install/realsense2_description', 'merge_install': False, 'path': '/px4_uxrce/camera_legacy_ws/src/realsense-ros/realsense2_description', 'symlink_install': False, 'test_result_base': None}
[0.442s] INFO:colcon.colcon_core.executor:Executing jobs using 'parallel' executor
[0.443s] DEBUG:colcon.colcon_parallel_executor.executor.parallel:run_until_complete
[0.443s] INFO:colcon.colcon_ros.task.ament_cmake.build:Building ROS package in '/px4_uxrce/camera_legacy_ws/src/realsense-ros/realsense2_camera_msgs' with build type 'ament_cmake'
[0.444s] INFO:colcon.colcon_cmake.task.cmake.build:Building CMake package in '/px4_uxrce/camera_legacy_ws/src/realsense-ros/realsense2_camera_msgs'
[0.446s] INFO:colcon.colcon_core.plugin_system:Skipping extension 'colcon_core.shell.bat': Not used on non-Windows systems
[0.446s] INFO:colcon.colcon_core.shell:Skip shell extension 'powershell' for command environment: Not usable outside of PowerShell
[0.446s] DEBUG:colcon.colcon_core.shell:Skip shell extension 'dsv' for command environment
[0.456s] DEBUG:colcon.colcon_core.event_handler.log_command:Invoking command in '/px4_uxrce/camera_legacy_ws/build/realsense2_camera_msgs': CMAKE_PREFIX_PATH=${CMAKE_PREFIX_PATH}:/opt/ros/humble /usr/bin/cmake /px4_uxrce/camera_legacy_ws/src/realsense-ros/realsense2_camera_msgs -DCMAKE_INSTALL_PREFIX=/px4_uxrce/camera_legacy_ws/install/realsense2_camera_msgs
[2.330s] DEBUG:colcon.colcon_core.event_handler.log_command:Invoked command in '/px4_uxrce/camera_legacy_ws/build/realsense2_camera_msgs' returned '0': CMAKE_PREFIX_PATH=${CMAKE_PREFIX_PATH}:/opt/ros/humble /usr/bin/cmake /px4_uxrce/camera_legacy_ws/src/realsense-ros/realsense2_camera_msgs -DCMAKE_INSTALL_PREFIX=/px4_uxrce/camera_legacy_ws/install/realsense2_camera_msgs
[2.332s] DEBUG:colcon.colcon_core.event_handler.log_command:Invoking command in '/px4_uxrce/camera_legacy_ws/build/realsense2_camera_msgs': CMAKE_PREFIX_PATH=${CMAKE_PREFIX_PATH}:/opt/ros/humble /usr/bin/cmake --build /px4_uxrce/camera_legacy_ws/build/realsense2_camera_msgs -- -j12 -l12
[5.736s] DEBUG:colcon.colcon_core.event_handler.log_command:Invoked command in '/px4_uxrce/camera_legacy_ws/build/realsense2_camera_msgs' returned '0': CMAKE_PREFIX_PATH=${CMAKE_PREFIX_PATH}:/opt/ros/humble /usr/bin/cmake --build /px4_uxrce/camera_legacy_ws/build/realsense2_camera_msgs -- -j12 -l12
[5.745s] DEBUG:colcon.colcon_core.event_handler.log_command:Invoking command in '/px4_uxrce/camera_legacy_ws/build/realsense2_camera_msgs': CMAKE_PREFIX_PATH=${CMAKE_PREFIX_PATH}:/opt/ros/humble /usr/bin/cmake --install /px4_uxrce/camera_legacy_ws/build/realsense2_camera_msgs
[5.820s] Level 1:colcon.colcon_core.environment:create_environment_scripts_only(realsense2_camera_msgs)
[5.820s] DEBUG:colcon.colcon_core.event_handler.log_command:Invoked command in '/px4_uxrce/camera_legacy_ws/build/realsense2_camera_msgs' returned '0': CMAKE_PREFIX_PATH=${CMAKE_PREFIX_PATH}:/opt/ros/humble /usr/bin/cmake --install /px4_uxrce/camera_legacy_ws/build/realsense2_camera_msgs
[5.823s] Level 1:colcon.colcon_core.environment:checking '/px4_uxrce/camera_legacy_ws/install/realsense2_camera_msgs' for CMake module files
[5.824s] Level 1:colcon.colcon_core.environment:checking '/px4_uxrce/camera_legacy_ws/install/realsense2_camera_msgs' for CMake config files
[5.824s] Level 1:colcon.colcon_core.shell:create_environment_hook('realsense2_camera_msgs', 'cmake_prefix_path')
[5.824s] INFO:colcon.colcon_core.shell:Creating environment hook '/px4_uxrce/camera_legacy_ws/install/realsense2_camera_msgs/share/realsense2_camera_msgs/hook/cmake_prefix_path.ps1'
[5.825s] INFO:colcon.colcon_core.shell:Creating environment descriptor '/px4_uxrce/camera_legacy_ws/install/realsense2_camera_msgs/share/realsense2_camera_msgs/hook/cmake_prefix_path.dsv'
[5.825s] INFO:colcon.colcon_core.shell:Creating environment hook '/px4_uxrce/camera_legacy_ws/install/realsense2_camera_msgs/share/realsense2_camera_msgs/hook/cmake_prefix_path.sh'
[5.826s] Level 1:colcon.colcon_core.environment:checking '/px4_uxrce/camera_legacy_ws/install/realsense2_camera_msgs/lib'
[5.826s] Level 1:colcon.colcon_core.shell:create_environment_hook('realsense2_camera_msgs', 'ld_library_path_lib')
[5.827s] INFO:colcon.colcon_core.shell:Creating environment hook '/px4_uxrce/camera_legacy_ws/install/realsense2_camera_msgs/share/realsense2_camera_msgs/hook/ld_library_path_lib.ps1'
[5.827s] INFO:colcon.colcon_core.shell:Creating environment descriptor '/px4_uxrce/camera_legacy_ws/install/realsense2_camera_msgs/share/realsense2_camera_msgs/hook/ld_library_path_lib.dsv'
[5.827s] INFO:colcon.colcon_core.shell:Creating environment hook '/px4_uxrce/camera_legacy_ws/install/realsense2_camera_msgs/share/realsense2_camera_msgs/hook/ld_library_path_lib.sh'
[5.828s] Level 1:colcon.colcon_core.environment:checking '/px4_uxrce/camera_legacy_ws/install/realsense2_camera_msgs/bin'
[5.828s] Level 1:colcon.colcon_core.environment:checking '/px4_uxrce/camera_legacy_ws/install/realsense2_camera_msgs/lib/pkgconfig/realsense2_camera_msgs.pc'
[5.829s] Level 1:colcon.colcon_core.environment:checking '/px4_uxrce/camera_legacy_ws/install/realsense2_camera_msgs/lib/python3.10/site-packages'
[5.830s] Level 1:colcon.colcon_core.environment:checking '/px4_uxrce/camera_legacy_ws/install/realsense2_camera_msgs/bin'
[5.830s] INFO:colcon.colcon_core.shell:Creating package script '/px4_uxrce/camera_legacy_ws/install/realsense2_camera_msgs/share/realsense2_camera_msgs/package.ps1'
[5.831s] INFO:colcon.colcon_core.shell:Creating package descriptor '/px4_uxrce/camera_legacy_ws/install/realsense2_camera_msgs/share/realsense2_camera_msgs/package.dsv'
[5.831s] INFO:colcon.colcon_core.shell:Creating package script '/px4_uxrce/camera_legacy_ws/install/realsense2_camera_msgs/share/realsense2_camera_msgs/package.sh'
[5.832s] INFO:colcon.colcon_core.shell:Creating package script '/px4_uxrce/camera_legacy_ws/install/realsense2_camera_msgs/share/realsense2_camera_msgs/package.bash'
[5.833s] INFO:colcon.colcon_core.shell:Creating package script '/px4_uxrce/camera_legacy_ws/install/realsense2_camera_msgs/share/realsense2_camera_msgs/package.zsh'
[5.834s] Level 1:colcon.colcon_core.environment:create_file_with_runtime_dependencies(/px4_uxrce/camera_legacy_ws/install/realsense2_camera_msgs/share/colcon-core/packages/realsense2_camera_msgs)
[5.834s] Level 1:colcon.colcon_core.environment:create_environment_scripts_only(realsense2_camera_msgs)
[5.834s] Level 1:colcon.colcon_core.environment:checking '/px4_uxrce/camera_legacy_ws/install/realsense2_camera_msgs' for CMake module files
[5.835s] Level 1:colcon.colcon_core.environment:checking '/px4_uxrce/camera_legacy_ws/install/realsense2_camera_msgs' for CMake config files
[5.835s] Level 1:colcon.colcon_core.shell:create_environment_hook('realsense2_camera_msgs', 'cmake_prefix_path')
[5.836s] INFO:colcon.colcon_core.shell:Creating environment hook '/px4_uxrce/camera_legacy_ws/install/realsense2_camera_msgs/share/realsense2_camera_msgs/hook/cmake_prefix_path.ps1'
[5.836s] INFO:colcon.colcon_core.shell:Creating environment descriptor '/px4_uxrce/camera_legacy_ws/install/realsense2_camera_msgs/share/realsense2_camera_msgs/hook/cmake_prefix_path.dsv'
[5.836s] INFO:colcon.colcon_core.shell:Creating environment hook '/px4_uxrce/camera_legacy_ws/install/realsense2_camera_msgs/share/realsense2_camera_msgs/hook/cmake_prefix_path.sh'
[5.837s] Level 1:colcon.colcon_core.environment:checking '/px4_uxrce/camera_legacy_ws/install/realsense2_camera_msgs/lib'
[5.837s] Level 1:colcon.colcon_core.shell:create_environment_hook('realsense2_camera_msgs', 'ld_library_path_lib')
[5.837s] INFO:colcon.colcon_core.shell:Creating environment hook '/px4_uxrce/camera_legacy_ws/install/realsense2_camera_msgs/share/realsense2_camera_msgs/hook/ld_library_path_lib.ps1'
[5.837s] INFO:colcon.colcon_core.shell:Creating environment descriptor '/px4_uxrce/camera_legacy_ws/install/realsense2_camera_msgs/share/realsense2_camera_msgs/hook/ld_library_path_lib.dsv'
[5.838s] INFO:colcon.colcon_core.shell:Creating environment hook '/px4_uxrce/camera_legacy_ws/install/realsense2_camera_msgs/share/realsense2_camera_msgs/hook/ld_library_path_lib.sh'
[5.838s] Level 1:colcon.colcon_core.environment:checking '/px4_uxrce/camera_legacy_ws/install/realsense2_camera_msgs/bin'
[5.838s] Level 1:colcon.colcon_core.environment:checking '/px4_uxrce/camera_legacy_ws/install/realsense2_camera_msgs/lib/pkgconfig/realsense2_camera_msgs.pc'
[5.838s] Level 1:colcon.colcon_core.environment:checking '/px4_uxrce/camera_legacy_ws/install/realsense2_camera_msgs/lib/python3.10/site-packages'
[5.839s] Level 1:colcon.colcon_core.environment:checking '/px4_uxrce/camera_legacy_ws/install/realsense2_camera_msgs/bin'
[5.839s] INFO:colcon.colcon_core.shell:Creating package script '/px4_uxrce/camera_legacy_ws/install/realsense2_camera_msgs/share/realsense2_camera_msgs/package.ps1'
[5.839s] INFO:colcon.colcon_core.shell:Creating package descriptor '/px4_uxrce/camera_legacy_ws/install/realsense2_camera_msgs/share/realsense2_camera_msgs/package.dsv'
[5.840s] INFO:colcon.colcon_core.shell:Creating package script '/px4_uxrce/camera_legacy_ws/install/realsense2_camera_msgs/share/realsense2_camera_msgs/package.sh'
[5.840s] INFO:colcon.colcon_core.shell:Creating package script '/px4_uxrce/camera_legacy_ws/install/realsense2_camera_msgs/share/realsense2_camera_msgs/package.bash'
[5.841s] INFO:colcon.colcon_core.shell:Creating package script '/px4_uxrce/camera_legacy_ws/install/realsense2_camera_msgs/share/realsense2_camera_msgs/package.zsh'
[5.841s] Level 1:colcon.colcon_core.environment:create_file_with_runtime_dependencies(/px4_uxrce/camera_legacy_ws/install/realsense2_camera_msgs/share/colcon-core/packages/realsense2_camera_msgs)
[5.841s] INFO:colcon.colcon_ros.task.ament_cmake.build:Building ROS package in '/px4_uxrce/camera_legacy_ws/src/realsense-ros/realsense2_camera' with build type 'ament_cmake'
[5.842s] INFO:colcon.colcon_cmake.task.cmake.build:Building CMake package in '/px4_uxrce/camera_legacy_ws/src/realsense-ros/realsense2_camera'
[5.842s] INFO:colcon.colcon_core.shell:Skip shell extension 'powershell' for command environment: Not usable outside of PowerShell
[5.842s] DEBUG:colcon.colcon_core.shell:Skip shell extension 'dsv' for command environment
[5.846s] INFO:colcon.colcon_ros.task.ament_cmake.build:Building ROS package in '/px4_uxrce/camera_legacy_ws/src/realsense-ros/realsense2_description' with build type 'ament_cmake'
[5.846s] INFO:colcon.colcon_cmake.task.cmake.build:Building CMake package in '/px4_uxrce/camera_legacy_ws/src/realsense-ros/realsense2_description'
[5.846s] INFO:colcon.colcon_core.shell:Skip shell extension 'powershell' for command environment: Not usable outside of PowerShell
[5.847s] DEBUG:colcon.colcon_core.shell:Skip shell extension 'dsv' for command environment
[5.854s] DEBUG:colcon.colcon_core.event_handler.log_command:Invoking command in '/px4_uxrce/camera_legacy_ws/build/realsense2_camera': AMENT_PREFIX_PATH=/px4_uxrce/camera_legacy_ws/install/realsense2_camera_msgs:${AMENT_PREFIX_PATH} CMAKE_PREFIX_PATH=/px4_uxrce/camera_legacy_ws/install/realsense2_camera_msgs:/px4_uxrce/camera_ws/install/realsense2_description:/px4_uxrce/camera_ws/install/realsense2_camera:/px4_uxrce/camera_ws/install/realsense2_camera_msgs:/px4_uxrce/camera_ws/install/librealsense2:/opt/ros/humble LD_LIBRARY_PATH=/px4_uxrce/camera_legacy_ws/install/realsense2_camera_msgs/lib:${LD_LIBRARY_PATH} PYTHONPATH=/px4_uxrce/camera_legacy_ws/install/realsense2_camera_msgs/local/lib/python3.10/dist-packages:${PYTHONPATH} /usr/bin/cmake /px4_uxrce/camera_legacy_ws/src/realsense-ros/realsense2_camera -DCMAKE_INSTALL_PREFIX=/px4_uxrce/camera_legacy_ws/install/realsense2_camera
[5.857s] DEBUG:colcon.colcon_core.event_handler.log_command:Invoking command in '/px4_uxrce/camera_legacy_ws/build/realsense2_description': AMENT_PREFIX_PATH=/px4_uxrce/camera_legacy_ws/install/realsense2_camera_msgs:${AMENT_PREFIX_PATH} CMAKE_PREFIX_PATH=/px4_uxrce/camera_legacy_ws/install/realsense2_camera_msgs:/px4_uxrce/camera_ws/install/realsense2_description:/px4_uxrce/camera_ws/install/realsense2_camera:/px4_uxrce/camera_ws/install/realsense2_camera_msgs:/px4_uxrce/camera_ws/install/librealsense2:/opt/ros/humble LD_LIBRARY_PATH=/px4_uxrce/camera_legacy_ws/install/realsense2_camera_msgs/lib:${LD_LIBRARY_PATH} PYTHONPATH=/px4_uxrce/camera_legacy_ws/install/realsense2_camera_msgs/local/lib/python3.10/dist-packages:${PYTHONPATH} /usr/bin/cmake /px4_uxrce/camera_legacy_ws/src/realsense-ros/realsense2_description -DCMAKE_INSTALL_PREFIX=/px4_uxrce/camera_legacy_ws/install/realsense2_description
[6.542s] DEBUG:colcon.colcon_core.event_handler.log_command:Invoked command in '/px4_uxrce/camera_legacy_ws/build/realsense2_description' returned '0': AMENT_PREFIX_PATH=/px4_uxrce/camera_legacy_ws/install/realsense2_camera_msgs:${AMENT_PREFIX_PATH} CMAKE_PREFIX_PATH=/px4_uxrce/camera_legacy_ws/install/realsense2_camera_msgs:/px4_uxrce/camera_ws/install/realsense2_description:/px4_uxrce/camera_ws/install/realsense2_camera:/px4_uxrce/camera_ws/install/realsense2_camera_msgs:/px4_uxrce/camera_ws/install/librealsense2:/opt/ros/humble LD_LIBRARY_PATH=/px4_uxrce/camera_legacy_ws/install/realsense2_camera_msgs/lib:${LD_LIBRARY_PATH} PYTHONPATH=/px4_uxrce/camera_legacy_ws/install/realsense2_camera_msgs/local/lib/python3.10/dist-packages:${PYTHONPATH} /usr/bin/cmake /px4_uxrce/camera_legacy_ws/src/realsense-ros/realsense2_description -DCMAKE_INSTALL_PREFIX=/px4_uxrce/camera_legacy_ws/install/realsense2_description
[6.544s] DEBUG:colcon.colcon_core.event_handler.log_command:Invoking command in '/px4_uxrce/camera_legacy_ws/build/realsense2_description': AMENT_PREFIX_PATH=/px4_uxrce/camera_legacy_ws/install/realsense2_camera_msgs:${AMENT_PREFIX_PATH} CMAKE_PREFIX_PATH=/px4_uxrce/camera_legacy_ws/install/realsense2_camera_msgs:/px4_uxrce/camera_ws/install/realsense2_description:/px4_uxrce/camera_ws/install/realsense2_camera:/px4_uxrce/camera_ws/install/realsense2_camera_msgs:/px4_uxrce/camera_ws/install/librealsense2:/opt/ros/humble LD_LIBRARY_PATH=/px4_uxrce/camera_legacy_ws/install/realsense2_camera_msgs/lib:${LD_LIBRARY_PATH} PYTHONPATH=/px4_uxrce/camera_legacy_ws/install/realsense2_camera_msgs/local/lib/python3.10/dist-packages:${PYTHONPATH} /usr/bin/cmake --build /px4_uxrce/camera_legacy_ws/build/realsense2_description -- -j12 -l12
[6.595s] DEBUG:colcon.colcon_core.event_handler.log_command:Invoked command in '/px4_uxrce/camera_legacy_ws/build/realsense2_description' returned '0': AMENT_PREFIX_PATH=/px4_uxrce/camera_legacy_ws/install/realsense2_camera_msgs:${AMENT_PREFIX_PATH} CMAKE_PREFIX_PATH=/px4_uxrce/camera_legacy_ws/install/realsense2_camera_msgs:/px4_uxrce/camera_ws/install/realsense2_description:/px4_uxrce/camera_ws/install/realsense2_camera:/px4_uxrce/camera_ws/install/realsense2_camera_msgs:/px4_uxrce/camera_ws/install/librealsense2:/opt/ros/humble LD_LIBRARY_PATH=/px4_uxrce/camera_legacy_ws/install/realsense2_camera_msgs/lib:${LD_LIBRARY_PATH} PYTHONPATH=/px4_uxrce/camera_legacy_ws/install/realsense2_camera_msgs/local/lib/python3.10/dist-packages:${PYTHONPATH} /usr/bin/cmake --build /px4_uxrce/camera_legacy_ws/build/realsense2_description -- -j12 -l12
[6.597s] DEBUG:colcon.colcon_core.event_handler.log_command:Invoking command in '/px4_uxrce/camera_legacy_ws/build/realsense2_description': AMENT_PREFIX_PATH=/px4_uxrce/camera_legacy_ws/install/realsense2_camera_msgs:${AMENT_PREFIX_PATH} CMAKE_PREFIX_PATH=/px4_uxrce/camera_legacy_ws/install/realsense2_camera_msgs:/px4_uxrce/camera_ws/install/realsense2_description:/px4_uxrce/camera_ws/install/realsense2_camera:/px4_uxrce/camera_ws/install/realsense2_camera_msgs:/px4_uxrce/camera_ws/install/librealsense2:/opt/ros/humble LD_LIBRARY_PATH=/px4_uxrce/camera_legacy_ws/install/realsense2_camera_msgs/lib:${LD_LIBRARY_PATH} PYTHONPATH=/px4_uxrce/camera_legacy_ws/install/realsense2_camera_msgs/local/lib/python3.10/dist-packages:${PYTHONPATH} /usr/bin/cmake --install /px4_uxrce/camera_legacy_ws/build/realsense2_description
[6.667s] Level 1:colcon.colcon_core.environment:create_environment_scripts_only(realsense2_description)
[6.667s] Level 1:colcon.colcon_core.environment:checking '/px4_uxrce/camera_legacy_ws/install/realsense2_description' for CMake module files
[6.667s] DEBUG:colcon.colcon_core.event_handler.log_command:Invoked command in '/px4_uxrce/camera_legacy_ws/build/realsense2_description' returned '0': AMENT_PREFIX_PATH=/px4_uxrce/camera_legacy_ws/install/realsense2_camera_msgs:${AMENT_PREFIX_PATH} CMAKE_PREFIX_PATH=/px4_uxrce/camera_legacy_ws/install/realsense2_camera_msgs:/px4_uxrce/camera_ws/install/realsense2_description:/px4_uxrce/camera_ws/install/realsense2_camera:/px4_uxrce/camera_ws/install/realsense2_camera_msgs:/px4_uxrce/camera_ws/install/librealsense2:/opt/ros/humble LD_LIBRARY_PATH=/px4_uxrce/camera_legacy_ws/install/realsense2_camera_msgs/lib:${LD_LIBRARY_PATH} PYTHONPATH=/px4_uxrce/camera_legacy_ws/install/realsense2_camera_msgs/local/lib/python3.10/dist-packages:${PYTHONPATH} /usr/bin/cmake --install /px4_uxrce/camera_legacy_ws/build/realsense2_description
[6.668s] Level 1:colcon.colcon_core.environment:checking '/px4_uxrce/camera_legacy_ws/install/realsense2_description' for CMake config files
[6.668s] Level 1:colcon.colcon_core.shell:create_environment_hook('realsense2_description', 'cmake_prefix_path')
[6.668s] INFO:colcon.colcon_core.shell:Creating environment hook '/px4_uxrce/camera_legacy_ws/install/realsense2_description/share/realsense2_description/hook/cmake_prefix_path.ps1'
[6.669s] INFO:colcon.colcon_core.shell:Creating environment descriptor '/px4_uxrce/camera_legacy_ws/install/realsense2_description/share/realsense2_description/hook/cmake_prefix_path.dsv'
[6.669s] INFO:colcon.colcon_core.shell:Creating environment hook '/px4_uxrce/camera_legacy_ws/install/realsense2_description/share/realsense2_description/hook/cmake_prefix_path.sh'
[6.670s] Level 1:colcon.colcon_core.environment:checking '/px4_uxrce/camera_legacy_ws/install/realsense2_description/bin'
[6.670s] Level 1:colcon.colcon_core.environment:checking '/px4_uxrce/camera_legacy_ws/install/realsense2_description/lib/pkgconfig/realsense2_description.pc'
[6.670s] Level 1:colcon.colcon_core.environment:checking '/px4_uxrce/camera_legacy_ws/install/realsense2_description/lib/python3.10/site-packages'
[6.670s] Level 1:colcon.colcon_core.environment:checking '/px4_uxrce/camera_legacy_ws/install/realsense2_description/bin'
[6.670s] INFO:colcon.colcon_core.shell:Creating package script '/px4_uxrce/camera_legacy_ws/install/realsense2_description/share/realsense2_description/package.ps1'
[6.671s] INFO:colcon.colcon_core.shell:Creating package descriptor '/px4_uxrce/camera_legacy_ws/install/realsense2_description/share/realsense2_description/package.dsv'
[6.671s] INFO:colcon.colcon_core.shell:Creating package script '/px4_uxrce/camera_legacy_ws/install/realsense2_description/share/realsense2_description/package.sh'
[6.672s] INFO:colcon.colcon_core.shell:Creating package script '/px4_uxrce/camera_legacy_ws/install/realsense2_description/share/realsense2_description/package.bash'
[6.672s] INFO:colcon.colcon_core.shell:Creating package script '/px4_uxrce/camera_legacy_ws/install/realsense2_description/share/realsense2_description/package.zsh'
[6.672s] Level 1:colcon.colcon_core.environment:create_file_with_runtime_dependencies(/px4_uxrce/camera_legacy_ws/install/realsense2_description/share/colcon-core/packages/realsense2_description)
[6.673s] Level 1:colcon.colcon_core.environment:create_environment_scripts_only(realsense2_description)
[6.673s] Level 1:colcon.colcon_core.environment:checking '/px4_uxrce/camera_legacy_ws/install/realsense2_description' for CMake module files
[6.673s] Level 1:colcon.colcon_core.environment:checking '/px4_uxrce/camera_legacy_ws/install/realsense2_description' for CMake config files
[6.674s] Level 1:colcon.colcon_core.shell:create_environment_hook('realsense2_description', 'cmake_prefix_path')
[6.674s] INFO:colcon.colcon_core.shell:Creating environment hook '/px4_uxrce/camera_legacy_ws/install/realsense2_description/share/realsense2_description/hook/cmake_prefix_path.ps1'
[6.674s] INFO:colcon.colcon_core.shell:Creating environment descriptor '/px4_uxrce/camera_legacy_ws/install/realsense2_description/share/realsense2_description/hook/cmake_prefix_path.dsv'
[6.675s] INFO:colcon.colcon_core.shell:Creating environment hook '/px4_uxrce/camera_legacy_ws/install/realsense2_description/share/realsense2_description/hook/cmake_prefix_path.sh'
[6.675s] Level 1:colcon.colcon_core.environment:checking '/px4_uxrce/camera_legacy_ws/install/realsense2_description/bin'
[6.675s] Level 1:colcon.colcon_core.environment:checking '/px4_uxrce/camera_legacy_ws/install/realsense2_description/lib/pkgconfig/realsense2_description.pc'
[6.676s] Level 1:colcon.colcon_core.environment:checking '/px4_uxrce/camera_legacy_ws/install/realsense2_description/lib/python3.10/site-packages'
[6.676s] Level 1:colcon.colcon_core.environment:checking '/px4_uxrce/camera_legacy_ws/install/realsense2_description/bin'
[6.676s] INFO:colcon.colcon_core.shell:Creating package script '/px4_uxrce/camera_legacy_ws/install/realsense2_description/share/realsense2_description/package.ps1'
[6.677s] INFO:colcon.colcon_core.shell:Creating package descriptor '/px4_uxrce/camera_legacy_ws/install/realsense2_description/share/realsense2_description/package.dsv'
[6.679s] INFO:colcon.colcon_core.shell:Creating package script '/px4_uxrce/camera_legacy_ws/install/realsense2_description/share/realsense2_description/package.sh'
[6.680s] INFO:colcon.colcon_core.shell:Creating package script '/px4_uxrce/camera_legacy_ws/install/realsense2_description/share/realsense2_description/package.bash'
[6.681s] INFO:colcon.colcon_core.shell:Creating package script '/px4_uxrce/camera_legacy_ws/install/realsense2_description/share/realsense2_description/package.zsh'
[6.682s] Level 1:colcon.colcon_core.environment:create_file_with_runtime_dependencies(/px4_uxrce/camera_legacy_ws/install/realsense2_description/share/colcon-core/packages/realsense2_description)
[7.368s] DEBUG:colcon.colcon_core.event_handler.log_command:Invoked command in '/px4_uxrce/camera_legacy_ws/build/realsense2_camera' returned '1': AMENT_PREFIX_PATH=/px4_uxrce/camera_legacy_ws/install/realsense2_camera_msgs:${AMENT_PREFIX_PATH} CMAKE_PREFIX_PATH=/px4_uxrce/camera_legacy_ws/install/realsense2_camera_msgs:/px4_uxrce/camera_ws/install/realsense2_description:/px4_uxrce/camera_ws/install/realsense2_camera:/px4_uxrce/camera_ws/install/realsense2_camera_msgs:/px4_uxrce/camera_ws/install/librealsense2:/opt/ros/humble LD_LIBRARY_PATH=/px4_uxrce/camera_legacy_ws/install/realsense2_camera_msgs/lib:${LD_LIBRARY_PATH} PYTHONPATH=/px4_uxrce/camera_legacy_ws/install/realsense2_camera_msgs/local/lib/python3.10/dist-packages:${PYTHONPATH} /usr/bin/cmake /px4_uxrce/camera_legacy_ws/src/realsense-ros/realsense2_camera -DCMAKE_INSTALL_PREFIX=/px4_uxrce/camera_legacy_ws/install/realsense2_camera
[7.379s] Level 1:colcon.colcon_core.environment:create_environment_scripts_only(realsense2_camera)
[7.379s] Level 1:colcon.colcon_core.environment:checking '/px4_uxrce/camera_legacy_ws/install/realsense2_camera' for CMake module files
[7.380s] Level 1:colcon.colcon_core.environment:checking '/px4_uxrce/camera_legacy_ws/install/realsense2_camera' for CMake config files
[7.380s] Level 1:colcon.colcon_core.environment:checking '/px4_uxrce/camera_legacy_ws/install/realsense2_camera/bin'
[7.380s] Level 1:colcon.colcon_core.environment:checking '/px4_uxrce/camera_legacy_ws/install/realsense2_camera/lib/pkgconfig/realsense2_camera.pc'
[7.380s] Level 1:colcon.colcon_core.environment:checking '/px4_uxrce/camera_legacy_ws/install/realsense2_camera/lib/python3.10/site-packages'
[7.380s] Level 1:colcon.colcon_core.environment:checking '/px4_uxrce/camera_legacy_ws/install/realsense2_camera/bin'
[7.381s] INFO:colcon.colcon_core.shell:Creating package script '/px4_uxrce/camera_legacy_ws/install/realsense2_camera/share/realsense2_camera/package.ps1'
[7.381s] INFO:colcon.colcon_core.shell:Creating package descriptor '/px4_uxrce/camera_legacy_ws/install/realsense2_camera/share/realsense2_camera/package.dsv'
[7.381s] INFO:colcon.colcon_core.shell:Creating package script '/px4_uxrce/camera_legacy_ws/install/realsense2_camera/share/realsense2_camera/package.sh'
[7.382s] INFO:colcon.colcon_core.shell:Creating package script '/px4_uxrce/camera_legacy_ws/install/realsense2_camera/share/realsense2_camera/package.bash'
[7.382s] INFO:colcon.colcon_core.shell:Creating package script '/px4_uxrce/camera_legacy_ws/install/realsense2_camera/share/realsense2_camera/package.zsh'
[7.383s] Level 1:colcon.colcon_core.environment:create_file_with_runtime_dependencies(/px4_uxrce/camera_legacy_ws/install/realsense2_camera/share/colcon-core/packages/realsense2_camera)
[7.393s] DEBUG:colcon.colcon_parallel_executor.executor.parallel:closing loop
[7.393s] DEBUG:colcon.colcon_parallel_executor.executor.parallel:loop closed
[7.393s] DEBUG:colcon.colcon_parallel_executor.executor.parallel:run_until_complete finished with '1'
[7.393s] DEBUG:colcon.colcon_core.event_reactor:joining thread
[7.399s] INFO:colcon.colcon_core.plugin_system:Skipping extension 'colcon_notification.desktop_notification.notify_send': Could not find 'notify-send'
[7.399s] INFO:colcon.colcon_core.plugin_system:Skipping extension 'colcon_notification.desktop_notification.terminal_notifier': Not used on non-Darwin systems
[7.399s] INFO:colcon.colcon_core.plugin_system:Skipping extension 'colcon_notification.desktop_notification.win32': Not used on non-Windows systems
[7.400s] INFO:colcon.colcon_notification.desktop_notification:Sending desktop notification using 'notify2'
[7.402s] DEBUG:colcon.colcon_notification.desktop_notification.notify2:Failed to initialize notify2: org.freedesktop.DBus.Error.Spawn.ExecFailed: /usr/bin/dbus-launch terminated abnormally without any error message
[7.402s] DEBUG:colcon.colcon_core.event_reactor:joined thread
[7.403s] INFO:colcon.colcon_core.shell:Creating prefix script '/px4_uxrce/camera_legacy_ws/install/local_setup.ps1'
[7.405s] INFO:colcon.colcon_core.shell:Creating prefix util module '/px4_uxrce/camera_legacy_ws/install/_local_setup_util_ps1.py'
[7.406s] INFO:colcon.colcon_core.shell:Creating prefix chain script '/px4_uxrce/camera_legacy_ws/install/setup.ps1'
[7.408s] INFO:colcon.colcon_core.shell:Creating prefix script '/px4_uxrce/camera_legacy_ws/install/local_setup.sh'
[7.408s] INFO:colcon.colcon_core.shell:Creating prefix util module '/px4_uxrce/camera_legacy_ws/install/_local_setup_util_sh.py'
[7.409s] INFO:colcon.colcon_core.shell:Creating prefix chain script '/px4_uxrce/camera_legacy_ws/install/setup.sh'
[7.410s] INFO:colcon.colcon_core.shell:Creating prefix script '/px4_uxrce/camera_legacy_ws/install/local_setup.bash'
[7.411s] INFO:colcon.colcon_core.shell:Creating prefix chain script '/px4_uxrce/camera_legacy_ws/install/setup.bash'
[7.412s] INFO:colcon.colcon_core.shell:Creating prefix script '/px4_uxrce/camera_legacy_ws/install/local_setup.zsh'
[7.412s] INFO:colcon.colcon_core.shell:Creating prefix chain script '/px4_uxrce/camera_legacy_ws/install/setup.zsh'
