[0.016s] Invoking command in '/px4_uxrce/t265_px4_bridge/build/px4_ros_com': CMAKE_PREFIX_PATH=/px4_uxrce/t265_px4_bridge/install/px4_msgs:/px4_uxrce/t265_px4_bridge/install/launch_testing_examples:/px4_uxrce/t265_px4_bridge/install/examples_rclpy_pointcloud_publisher:/px4_uxrce/t265_px4_bridge/install/examples_rclpy_minimal_subscriber:/px4_uxrce/t265_px4_bridge/install/examples_rclpy_minimal_service:/px4_uxrce/t265_px4_bridge/install/examples_rclpy_minimal_publisher:/px4_uxrce/t265_px4_bridge/install/examples_rclpy_minimal_client:/px4_uxrce/t265_px4_bridge/install/examples_rclpy_minimal_action_server:/px4_uxrce/t265_px4_bridge/install/examples_rclpy_minimal_action_client:/px4_uxrce/t265_px4_bridge/install/examples_rclpy_guard_conditions:/px4_uxrce/t265_px4_bridge/install/examples_rclpy_executors:/opt/ros/humble:/px4_uxrce/t265_px4_bridge/install/t265_to_px4_bridge:/px4_uxrce/t265_px4_bridge/install/examples_rclcpp_wait_set:/px4_uxrce/t265_px4_bridge/install/examples_rclcpp_multithreaded_executor:/px4_uxrce/t265_px4_bridge/install/examples_rclcpp_minimal_timer:/px4_uxrce/t265_px4_bridge/install/examples_rclcpp_minimal_subscriber:/px4_uxrce/t265_px4_bridge/install/examples_rclcpp_minimal_service:/px4_uxrce/t265_px4_bridge/install/examples_rclcpp_minimal_publisher:/px4_uxrce/t265_px4_bridge/install/examples_rclcpp_minimal_composition:/px4_uxrce/t265_px4_bridge/install/examples_rclcpp_minimal_client:/px4_uxrce/t265_px4_bridge/install/examples_rclcpp_minimal_action_server:/px4_uxrce/t265_px4_bridge/install/examples_rclcpp_minimal_action_client:/px4_uxrce/t265_px4_bridge/install/examples_rclcpp_cbg_executor:/px4_uxrce/t265_px4_bridge/install/examples_rclcpp_async_client:/px4_uxrce/t265_px4_bridge/install/cpp_pubsub:/px4_uxrce/t265_px4_bridge/install/bridge_px4 /usr/bin/cmake /px4_uxrce/t265_px4_bridge/src/px4_ros_com -DCMAKE_INSTALL_PREFIX=/px4_uxrce/t265_px4_bridge/install/px4_ros_com
[0.083s] -- The C compiler identification is GNU 11.4.0
[0.135s] -- The CXX compiler identification is GNU 11.4.0
[0.142s] -- Detecting C compiler ABI info
[0.203s] -- Detecting C compiler ABI info - done
[0.215s] -- Check for working C compiler: /usr/bin/cc - skipped
[0.216s] -- Detecting C compile features
[0.216s] -- Detecting C compile features - done
[0.220s] -- Detecting CXX compiler ABI info
[0.296s] -- Detecting CXX compiler ABI info - done
[0.308s] -- Check for working CXX compiler: /usr/bin/c++ - skipped
[0.308s] -- Detecting CXX compile features
[0.309s] -- Detecting CXX compile features - done
[0.312s] -- Found ament_cmake: 1.3.11 (/opt/ros/humble/share/ament_cmake/cmake)
[0.465s] -- Found Python3: /usr/bin/python3 (found version "3.10.12") found components: Interpreter 
[0.575s] -- Found builtin_interfaces: 1.2.1 (/opt/ros/humble/share/builtin_interfaces/cmake)
[0.613s] -- Found rosidl_generator_c: 3.1.6 (/opt/ros/humble/share/rosidl_generator_c/cmake)
[0.620s] -- Found rosidl_adapter: 3.1.6 (/opt/ros/humble/share/rosidl_adapter/cmake)
[0.631s] -- Found rosidl_generator_cpp: 3.1.6 (/opt/ros/humble/share/rosidl_generator_cpp/cmake)
[0.647s] -- Using all available rosidl_typesupport_c: rosidl_typesupport_fastrtps_c;rosidl_typesupport_introspection_c
[0.667s] -- Using all available rosidl_typesupport_cpp: rosidl_typesupport_fastrtps_cpp;rosidl_typesupport_introspection_cpp
[0.687s] -- Found eigen3_cmake_module: 0.1.1 (/opt/ros/humble/share/eigen3_cmake_module/cmake)
[0.697s] -- Found Eigen3: TRUE (found version "3.4.0") 
[0.699s] -- Found geometry_msgs: 4.2.4 (/opt/ros/humble/share/geometry_msgs/cmake)
[0.730s] -- Found px4_msgs: 2.0.1 (/px4_uxrce/t265_px4_bridge/install/px4_msgs/share/px4_msgs/cmake)
[0.745s] -- Found rclcpp: 16.0.11 (/opt/ros/humble/share/rclcpp/cmake)
[0.793s] -- Found rmw_implementation_cmake: 6.1.2 (/opt/ros/humble/share/rmw_implementation_cmake/cmake)
[0.798s] -- Found rmw_fastrtps_cpp: 6.2.7 (/opt/ros/humble/share/rmw_fastrtps_cpp/cmake)
[0.887s] -- Found OpenSSL: /usr/lib/x86_64-linux-gnu/libcrypto.so (found version "3.0.2")  
[0.918s] -- Found FastRTPS: /opt/ros/humble/include  
[0.968s] -- Using RMW implementation 'rmw_fastrtps_cpp' as default
[0.980s] -- Looking for pthread.h
[1.043s] -- Looking for pthread.h - found
[1.043s] -- Performing Test CMAKE_HAVE_LIBC_PTHREAD
[1.109s] -- Performing Test CMAKE_HAVE_LIBC_PTHREAD - Success
[1.111s] -- Found Threads: TRUE  
[1.170s] -- Found sensor_msgs: 4.2.4 (/opt/ros/humble/share/sensor_msgs/cmake)
[1.193s] -- Found rclpy: 3.3.15 (/opt/ros/humble/share/rclpy/cmake)
[1.208s] -- Found ament_lint_auto: 0.12.11 (/opt/ros/humble/share/ament_lint_auto/cmake)
[1.327s] -- Added test 'copyright' to check source files copyright and LICENSE
[1.331s] -- Added test 'cppcheck' to perform static code analysis on C / C++ code
[1.331s] -- Configured cppcheck include dirs: /px4_uxrce/t265_px4_bridge/src/px4_ros_com/include;$<BUILD_INTERFACE:/px4_uxrce/t265_px4_bridge/src/px4_ros_com/include/px4_ros_com>
[1.331s] -- Configured cppcheck exclude dirs and/or files: 
[1.334s] -- Added test 'cpplint' to check C / C++ code against the Google style
[1.334s] -- Configured cpplint exclude dirs and/or files: 
[1.335s] -- Added test 'flake8' to check Python code syntax and style conventions
[1.338s] -- Added test 'lint_cmake' to check CMake code style
[1.338s] -- Added test 'pep257' to check Python code against some of the docstring style conventions in PEP 257
[1.342s] -- Added test 'uncrustify' to check C / C++ code style
[1.342s] -- Configured uncrustify additional arguments: 
[1.343s] -- Added test 'xmllint' to check XML markup files
[1.347s] -- Configuring done
[1.372s] -- Generating done
[1.383s] -- Build files have been written to: /px4_uxrce/t265_px4_bridge/build/px4_ros_com
[1.394s] Invoked command in '/px4_uxrce/t265_px4_bridge/build/px4_ros_com' returned '0': CMAKE_PREFIX_PATH=/px4_uxrce/t265_px4_bridge/install/px4_msgs:/px4_uxrce/t265_px4_bridge/install/launch_testing_examples:/px4_uxrce/t265_px4_bridge/install/examples_rclpy_pointcloud_publisher:/px4_uxrce/t265_px4_bridge/install/examples_rclpy_minimal_subscriber:/px4_uxrce/t265_px4_bridge/install/examples_rclpy_minimal_service:/px4_uxrce/t265_px4_bridge/install/examples_rclpy_minimal_publisher:/px4_uxrce/t265_px4_bridge/install/examples_rclpy_minimal_client:/px4_uxrce/t265_px4_bridge/install/examples_rclpy_minimal_action_server:/px4_uxrce/t265_px4_bridge/install/examples_rclpy_minimal_action_client:/px4_uxrce/t265_px4_bridge/install/examples_rclpy_guard_conditions:/px4_uxrce/t265_px4_bridge/install/examples_rclpy_executors:/opt/ros/humble:/px4_uxrce/t265_px4_bridge/install/t265_to_px4_bridge:/px4_uxrce/t265_px4_bridge/install/examples_rclcpp_wait_set:/px4_uxrce/t265_px4_bridge/install/examples_rclcpp_multithreaded_executor:/px4_uxrce/t265_px4_bridge/install/examples_rclcpp_minimal_timer:/px4_uxrce/t265_px4_bridge/install/examples_rclcpp_minimal_subscriber:/px4_uxrce/t265_px4_bridge/install/examples_rclcpp_minimal_service:/px4_uxrce/t265_px4_bridge/install/examples_rclcpp_minimal_publisher:/px4_uxrce/t265_px4_bridge/install/examples_rclcpp_minimal_composition:/px4_uxrce/t265_px4_bridge/install/examples_rclcpp_minimal_client:/px4_uxrce/t265_px4_bridge/install/examples_rclcpp_minimal_action_server:/px4_uxrce/t265_px4_bridge/install/examples_rclcpp_minimal_action_client:/px4_uxrce/t265_px4_bridge/install/examples_rclcpp_cbg_executor:/px4_uxrce/t265_px4_bridge/install/examples_rclcpp_async_client:/px4_uxrce/t265_px4_bridge/install/cpp_pubsub:/px4_uxrce/t265_px4_bridge/install/bridge_px4 /usr/bin/cmake /px4_uxrce/t265_px4_bridge/src/px4_ros_com -DCMAKE_INSTALL_PREFIX=/px4_uxrce/t265_px4_bridge/install/px4_ros_com
[1.396s] Invoking command in '/px4_uxrce/t265_px4_bridge/build/px4_ros_com': CMAKE_PREFIX_PATH=/px4_uxrce/t265_px4_bridge/install/px4_msgs:/px4_uxrce/t265_px4_bridge/install/launch_testing_examples:/px4_uxrce/t265_px4_bridge/install/examples_rclpy_pointcloud_publisher:/px4_uxrce/t265_px4_bridge/install/examples_rclpy_minimal_subscriber:/px4_uxrce/t265_px4_bridge/install/examples_rclpy_minimal_service:/px4_uxrce/t265_px4_bridge/install/examples_rclpy_minimal_publisher:/px4_uxrce/t265_px4_bridge/install/examples_rclpy_minimal_client:/px4_uxrce/t265_px4_bridge/install/examples_rclpy_minimal_action_server:/px4_uxrce/t265_px4_bridge/install/examples_rclpy_minimal_action_client:/px4_uxrce/t265_px4_bridge/install/examples_rclpy_guard_conditions:/px4_uxrce/t265_px4_bridge/install/examples_rclpy_executors:/opt/ros/humble:/px4_uxrce/t265_px4_bridge/install/t265_to_px4_bridge:/px4_uxrce/t265_px4_bridge/install/examples_rclcpp_wait_set:/px4_uxrce/t265_px4_bridge/install/examples_rclcpp_multithreaded_executor:/px4_uxrce/t265_px4_bridge/install/examples_rclcpp_minimal_timer:/px4_uxrce/t265_px4_bridge/install/examples_rclcpp_minimal_subscriber:/px4_uxrce/t265_px4_bridge/install/examples_rclcpp_minimal_service:/px4_uxrce/t265_px4_bridge/install/examples_rclcpp_minimal_publisher:/px4_uxrce/t265_px4_bridge/install/examples_rclcpp_minimal_composition:/px4_uxrce/t265_px4_bridge/install/examples_rclcpp_minimal_client:/px4_uxrce/t265_px4_bridge/install/examples_rclcpp_minimal_action_server:/px4_uxrce/t265_px4_bridge/install/examples_rclcpp_minimal_action_client:/px4_uxrce/t265_px4_bridge/install/examples_rclcpp_cbg_executor:/px4_uxrce/t265_px4_bridge/install/examples_rclcpp_async_client:/px4_uxrce/t265_px4_bridge/install/cpp_pubsub:/px4_uxrce/t265_px4_bridge/install/bridge_px4 /usr/bin/cmake --build /px4_uxrce/t265_px4_bridge/build/px4_ros_com -- -j12 -l12
[1.446s] [ 16%] [32mBuilding CXX object CMakeFiles/sensor_combined_listener.dir/src/examples/listeners/sensor_combined_listener.cpp.o[0m
[1.447s] [ 16%] [32mBuilding CXX object CMakeFiles/frame_transforms.dir/src/lib/frame_transforms.cpp.o[0m
[1.449s] [ 25%] [32mBuilding CXX object CMakeFiles/offboard_control.dir/src/examples/offboard/offboard_control.cpp.o[0m
[1.450s] [ 33%] [32mBuilding CXX object CMakeFiles/debug_vect_advertiser.dir/src/examples/advertisers/debug_vect_advertiser.cpp.o[0m
[1.450s] [ 41%] [32mBuilding CXX object CMakeFiles/offboard_control_srv.dir/src/examples/offboard/offboard_control_srv.cpp.o[0m
[1.464s] [ 50%] [32mBuilding CXX object CMakeFiles/vehicle_gps_position_listener.dir/src/examples/listeners/vehicle_gps_position_listener.cpp.o[0m
[1.465s] [ 50%] Built target ament_cmake_python_copy_px4_ros_com
[1.827s] running egg_info
[1.828s] creating px4_ros_com.egg-info
[1.829s] writing px4_ros_com.egg-info/PKG-INFO
[1.829s] writing dependency_links to px4_ros_com.egg-info/dependency_links.txt
[1.830s] writing top-level names to px4_ros_com.egg-info/top_level.txt
[1.830s] writing manifest file 'px4_ros_com.egg-info/SOURCES.txt'
[1.833s] reading manifest file 'px4_ros_com.egg-info/SOURCES.txt'
[1.833s] writing manifest file 'px4_ros_com.egg-info/SOURCES.txt'
[1.878s] [ 50%] Built target ament_cmake_python_build_px4_ros_com_egg
[7.685s] [ 58%] [32m[1mLinking CXX executable debug_vect_advertiser[0m
[7.940s] [ 58%] Built target debug_vect_advertiser
[8.167s] [ 66%] [32m[1mLinking CXX executable offboard_control[0m
[8.420s] [ 66%] Built target offboard_control
[9.108s] [ 75%] [32m[1mLinking CXX executable offboard_control_srv[0m
[9.435s] [ 75%] Built target offboard_control_srv
[10.735s] [ 83%] [32m[1mLinking CXX shared library libframe_transforms.so[0m
[11.018s] [ 83%] Built target frame_transforms
[12.304s] [ 91%] [32m[1mLinking CXX executable sensor_combined_listener[0m
[12.387s] [100%] [32m[1mLinking CXX executable vehicle_gps_position_listener[0m
[12.749s] [100%] Built target vehicle_gps_position_listener
[12.801s] [100%] Built target sensor_combined_listener
[12.810s] Invoked command in '/px4_uxrce/t265_px4_bridge/build/px4_ros_com' returned '0': CMAKE_PREFIX_PATH=/px4_uxrce/t265_px4_bridge/install/px4_msgs:/px4_uxrce/t265_px4_bridge/install/launch_testing_examples:/px4_uxrce/t265_px4_bridge/install/examples_rclpy_pointcloud_publisher:/px4_uxrce/t265_px4_bridge/install/examples_rclpy_minimal_subscriber:/px4_uxrce/t265_px4_bridge/install/examples_rclpy_minimal_service:/px4_uxrce/t265_px4_bridge/install/examples_rclpy_minimal_publisher:/px4_uxrce/t265_px4_bridge/install/examples_rclpy_minimal_client:/px4_uxrce/t265_px4_bridge/install/examples_rclpy_minimal_action_server:/px4_uxrce/t265_px4_bridge/install/examples_rclpy_minimal_action_client:/px4_uxrce/t265_px4_bridge/install/examples_rclpy_guard_conditions:/px4_uxrce/t265_px4_bridge/install/examples_rclpy_executors:/opt/ros/humble:/px4_uxrce/t265_px4_bridge/install/t265_to_px4_bridge:/px4_uxrce/t265_px4_bridge/install/examples_rclcpp_wait_set:/px4_uxrce/t265_px4_bridge/install/examples_rclcpp_multithreaded_executor:/px4_uxrce/t265_px4_bridge/install/examples_rclcpp_minimal_timer:/px4_uxrce/t265_px4_bridge/install/examples_rclcpp_minimal_subscriber:/px4_uxrce/t265_px4_bridge/install/examples_rclcpp_minimal_service:/px4_uxrce/t265_px4_bridge/install/examples_rclcpp_minimal_publisher:/px4_uxrce/t265_px4_bridge/install/examples_rclcpp_minimal_composition:/px4_uxrce/t265_px4_bridge/install/examples_rclcpp_minimal_client:/px4_uxrce/t265_px4_bridge/install/examples_rclcpp_minimal_action_server:/px4_uxrce/t265_px4_bridge/install/examples_rclcpp_minimal_action_client:/px4_uxrce/t265_px4_bridge/install/examples_rclcpp_cbg_executor:/px4_uxrce/t265_px4_bridge/install/examples_rclcpp_async_client:/px4_uxrce/t265_px4_bridge/install/cpp_pubsub:/px4_uxrce/t265_px4_bridge/install/bridge_px4 /usr/bin/cmake --build /px4_uxrce/t265_px4_bridge/build/px4_ros_com -- -j12 -l12
[12.819s] Invoking command in '/px4_uxrce/t265_px4_bridge/build/px4_ros_com': CMAKE_PREFIX_PATH=/px4_uxrce/t265_px4_bridge/install/px4_msgs:/px4_uxrce/t265_px4_bridge/install/launch_testing_examples:/px4_uxrce/t265_px4_bridge/install/examples_rclpy_pointcloud_publisher:/px4_uxrce/t265_px4_bridge/install/examples_rclpy_minimal_subscriber:/px4_uxrce/t265_px4_bridge/install/examples_rclpy_minimal_service:/px4_uxrce/t265_px4_bridge/install/examples_rclpy_minimal_publisher:/px4_uxrce/t265_px4_bridge/install/examples_rclpy_minimal_client:/px4_uxrce/t265_px4_bridge/install/examples_rclpy_minimal_action_server:/px4_uxrce/t265_px4_bridge/install/examples_rclpy_minimal_action_client:/px4_uxrce/t265_px4_bridge/install/examples_rclpy_guard_conditions:/px4_uxrce/t265_px4_bridge/install/examples_rclpy_executors:/opt/ros/humble:/px4_uxrce/t265_px4_bridge/install/t265_to_px4_bridge:/px4_uxrce/t265_px4_bridge/install/examples_rclcpp_wait_set:/px4_uxrce/t265_px4_bridge/install/examples_rclcpp_multithreaded_executor:/px4_uxrce/t265_px4_bridge/install/examples_rclcpp_minimal_timer:/px4_uxrce/t265_px4_bridge/install/examples_rclcpp_minimal_subscriber:/px4_uxrce/t265_px4_bridge/install/examples_rclcpp_minimal_service:/px4_uxrce/t265_px4_bridge/install/examples_rclcpp_minimal_publisher:/px4_uxrce/t265_px4_bridge/install/examples_rclcpp_minimal_composition:/px4_uxrce/t265_px4_bridge/install/examples_rclcpp_minimal_client:/px4_uxrce/t265_px4_bridge/install/examples_rclcpp_minimal_action_server:/px4_uxrce/t265_px4_bridge/install/examples_rclcpp_minimal_action_client:/px4_uxrce/t265_px4_bridge/install/examples_rclcpp_cbg_executor:/px4_uxrce/t265_px4_bridge/install/examples_rclcpp_async_client:/px4_uxrce/t265_px4_bridge/install/cpp_pubsub:/px4_uxrce/t265_px4_bridge/install/bridge_px4 /usr/bin/cmake --install /px4_uxrce/t265_px4_bridge/build/px4_ros_com
[12.826s] -- Install configuration: ""
[12.826s] -- Installing: /px4_uxrce/t265_px4_bridge/install/px4_ros_com/lib/px4_ros_com/sensor_combined_listener
[12.828s] -- Set runtime path of "/px4_uxrce/t265_px4_bridge/install/px4_ros_com/lib/px4_ros_com/sensor_combined_listener" to ""
[12.829s] -- Installing: /px4_uxrce/t265_px4_bridge/install/px4_ros_com/lib/px4_ros_com/vehicle_gps_position_listener
[12.831s] -- Set runtime path of "/px4_uxrce/t265_px4_bridge/install/px4_ros_com/lib/px4_ros_com/vehicle_gps_position_listener" to ""
[12.831s] -- Installing: /px4_uxrce/t265_px4_bridge/install/px4_ros_com/lib/px4_ros_com/debug_vect_advertiser
[12.832s] -- Set runtime path of "/px4_uxrce/t265_px4_bridge/install/px4_ros_com/lib/px4_ros_com/debug_vect_advertiser" to ""
[12.832s] -- Installing: /px4_uxrce/t265_px4_bridge/install/px4_ros_com/lib/px4_ros_com/offboard_control
[12.833s] -- Set runtime path of "/px4_uxrce/t265_px4_bridge/install/px4_ros_com/lib/px4_ros_com/offboard_control" to ""
[12.833s] -- Installing: /px4_uxrce/t265_px4_bridge/install/px4_ros_com/lib/px4_ros_com/offboard_control_srv
[12.835s] -- Set runtime path of "/px4_uxrce/t265_px4_bridge/install/px4_ros_com/lib/px4_ros_com/offboard_control_srv" to ""
[12.835s] -- Installing: /px4_uxrce/t265_px4_bridge/install/px4_ros_com/share/px4_ros_com/environment/library_path.sh
[12.835s] -- Installing: /px4_uxrce/t265_px4_bridge/install/px4_ros_com/share/px4_ros_com/environment/library_path.dsv
[12.835s] -- Installing: /px4_uxrce/t265_px4_bridge/install/px4_ros_com/include/px4_ros_com
[12.835s] -- Installing: /px4_uxrce/t265_px4_bridge/install/px4_ros_com/include/px4_ros_com/frame_transforms.h
[12.836s] -- Installing: /px4_uxrce/t265_px4_bridge/install/px4_ros_com/lib/libframe_transforms.so
[12.839s] -- Set runtime path of "/px4_uxrce/t265_px4_bridge/install/px4_ros_com/lib/libframe_transforms.so" to ""
[12.839s] -- Installing: /px4_uxrce/t265_px4_bridge/install/px4_ros_com/share/px4_ros_com//launch
[12.839s] -- Installing: /px4_uxrce/t265_px4_bridge/install/px4_ros_com/share/px4_ros_com//launch/sensor_combined_listener.launch.py
[12.839s] -- Installing: /px4_uxrce/t265_px4_bridge/install/px4_ros_com/share/px4_ros_com//launch/offboard_control_launch.yaml
[12.839s] -- Installing: /px4_uxrce/t265_px4_bridge/install/px4_ros_com/share/px4_ros_com//test
[12.839s] -- Installing: /px4_uxrce/t265_px4_bridge/install/px4_ros_com/share/px4_ros_com//test/test_input.py
[12.840s] -- Installing: /px4_uxrce/t265_px4_bridge/install/px4_ros_com/share/px4_ros_com//test/test_output.py
[12.840s] -- Installing: /px4_uxrce/t265_px4_bridge/install/px4_ros_com/share/px4_ros_com//test/__init__.py
[12.840s] -- Installing: /px4_uxrce/t265_px4_bridge/install/px4_ros_com/share/px4_ros_com//test/pipeline_io_test.py
[12.840s] -- Installing: /px4_uxrce/t265_px4_bridge/install/px4_ros_com/share/px4_ros_com/environment/pythonpath.sh
[12.840s] -- Installing: /px4_uxrce/t265_px4_bridge/install/px4_ros_com/share/px4_ros_com/environment/pythonpath.dsv
[12.840s] -- Installing: /px4_uxrce/t265_px4_bridge/install/px4_ros_com/local/lib/python3.10/dist-packages/px4_ros_com-0.1.0-py3.10.egg-info
[12.840s] -- Installing: /px4_uxrce/t265_px4_bridge/install/px4_ros_com/local/lib/python3.10/dist-packages/px4_ros_com-0.1.0-py3.10.egg-info/dependency_links.txt
[12.841s] -- Installing: /px4_uxrce/t265_px4_bridge/install/px4_ros_com/local/lib/python3.10/dist-packages/px4_ros_com-0.1.0-py3.10.egg-info/top_level.txt
[12.841s] -- Installing: /px4_uxrce/t265_px4_bridge/install/px4_ros_com/local/lib/python3.10/dist-packages/px4_ros_com-0.1.0-py3.10.egg-info/PKG-INFO
[12.841s] -- Installing: /px4_uxrce/t265_px4_bridge/install/px4_ros_com/local/lib/python3.10/dist-packages/px4_ros_com-0.1.0-py3.10.egg-info/SOURCES.txt
[12.841s] -- Installing: /px4_uxrce/t265_px4_bridge/install/px4_ros_com/local/lib/python3.10/dist-packages/px4_ros_com
[12.841s] -- Installing: /px4_uxrce/t265_px4_bridge/install/px4_ros_com/local/lib/python3.10/dist-packages/px4_ros_com/__init__.py
[12.841s] -- Installing: /px4_uxrce/t265_px4_bridge/install/px4_ros_com/local/lib/python3.10/dist-packages/px4_ros_com/module_to_import.py
[12.878s] Listing '/px4_uxrce/t265_px4_bridge/install/px4_ros_com/local/lib/python3.10/dist-packages/px4_ros_com'...
[12.879s] Compiling '/px4_uxrce/t265_px4_bridge/install/px4_ros_com/local/lib/python3.10/dist-packages/px4_ros_com/__init__.py'...
[12.879s] Compiling '/px4_uxrce/t265_px4_bridge/install/px4_ros_com/local/lib/python3.10/dist-packages/px4_ros_com/module_to_import.py'...
[12.883s] -- Installing: /px4_uxrce/t265_px4_bridge/install/px4_ros_com/lib/px4_ros_com/offboard_control.py
[12.883s] -- Installing: /px4_uxrce/t265_px4_bridge/install/px4_ros_com/share/ament_index/resource_index/package_run_dependencies/px4_ros_com
[12.884s] -- Installing: /px4_uxrce/t265_px4_bridge/install/px4_ros_com/share/ament_index/resource_index/parent_prefix_path/px4_ros_com
[12.884s] -- Installing: /px4_uxrce/t265_px4_bridge/install/px4_ros_com/share/px4_ros_com/environment/ament_prefix_path.sh
[12.884s] -- Installing: /px4_uxrce/t265_px4_bridge/install/px4_ros_com/share/px4_ros_com/environment/ament_prefix_path.dsv
[12.884s] -- Installing: /px4_uxrce/t265_px4_bridge/install/px4_ros_com/share/px4_ros_com/environment/path.sh
[12.884s] -- Installing: /px4_uxrce/t265_px4_bridge/install/px4_ros_com/share/px4_ros_com/environment/path.dsv
[12.884s] -- Installing: /px4_uxrce/t265_px4_bridge/install/px4_ros_com/share/px4_ros_com/local_setup.bash
[12.885s] -- Installing: /px4_uxrce/t265_px4_bridge/install/px4_ros_com/share/px4_ros_com/local_setup.sh
[12.885s] -- Installing: /px4_uxrce/t265_px4_bridge/install/px4_ros_com/share/px4_ros_com/local_setup.zsh
[12.885s] -- Installing: /px4_uxrce/t265_px4_bridge/install/px4_ros_com/share/px4_ros_com/local_setup.dsv
[12.885s] -- Installing: /px4_uxrce/t265_px4_bridge/install/px4_ros_com/share/px4_ros_com/package.dsv
[12.885s] -- Installing: /px4_uxrce/t265_px4_bridge/install/px4_ros_com/share/ament_index/resource_index/packages/px4_ros_com
[12.885s] -- Installing: /px4_uxrce/t265_px4_bridge/install/px4_ros_com/share/px4_ros_com/cmake/export_frame_transformsExport.cmake
[12.886s] -- Installing: /px4_uxrce/t265_px4_bridge/install/px4_ros_com/share/px4_ros_com/cmake/export_frame_transformsExport-noconfig.cmake
[12.886s] -- Installing: /px4_uxrce/t265_px4_bridge/install/px4_ros_com/share/px4_ros_com/cmake/ament_cmake_export_dependencies-extras.cmake
[12.886s] -- Installing: /px4_uxrce/t265_px4_bridge/install/px4_ros_com/share/px4_ros_com/cmake/ament_cmake_export_targets-extras.cmake
[12.886s] -- Installing: /px4_uxrce/t265_px4_bridge/install/px4_ros_com/share/px4_ros_com/cmake/ament_cmake_export_include_directories-extras.cmake
[12.886s] -- Installing: /px4_uxrce/t265_px4_bridge/install/px4_ros_com/share/px4_ros_com/cmake/ament_cmake_export_libraries-extras.cmake
[12.886s] -- Installing: /px4_uxrce/t265_px4_bridge/install/px4_ros_com/share/px4_ros_com/cmake/px4_ros_comConfig.cmake
[12.886s] -- Installing: /px4_uxrce/t265_px4_bridge/install/px4_ros_com/share/px4_ros_com/cmake/px4_ros_comConfig-version.cmake
[12.886s] -- Installing: /px4_uxrce/t265_px4_bridge/install/px4_ros_com/share/px4_ros_com/package.xml
[12.889s] Invoked command in '/px4_uxrce/t265_px4_bridge/build/px4_ros_com' returned '0': CMAKE_PREFIX_PATH=/px4_uxrce/t265_px4_bridge/install/px4_msgs:/px4_uxrce/t265_px4_bridge/install/launch_testing_examples:/px4_uxrce/t265_px4_bridge/install/examples_rclpy_pointcloud_publisher:/px4_uxrce/t265_px4_bridge/install/examples_rclpy_minimal_subscriber:/px4_uxrce/t265_px4_bridge/install/examples_rclpy_minimal_service:/px4_uxrce/t265_px4_bridge/install/examples_rclpy_minimal_publisher:/px4_uxrce/t265_px4_bridge/install/examples_rclpy_minimal_client:/px4_uxrce/t265_px4_bridge/install/examples_rclpy_minimal_action_server:/px4_uxrce/t265_px4_bridge/install/examples_rclpy_minimal_action_client:/px4_uxrce/t265_px4_bridge/install/examples_rclpy_guard_conditions:/px4_uxrce/t265_px4_bridge/install/examples_rclpy_executors:/opt/ros/humble:/px4_uxrce/t265_px4_bridge/install/t265_to_px4_bridge:/px4_uxrce/t265_px4_bridge/install/examples_rclcpp_wait_set:/px4_uxrce/t265_px4_bridge/install/examples_rclcpp_multithreaded_executor:/px4_uxrce/t265_px4_bridge/install/examples_rclcpp_minimal_timer:/px4_uxrce/t265_px4_bridge/install/examples_rclcpp_minimal_subscriber:/px4_uxrce/t265_px4_bridge/install/examples_rclcpp_minimal_service:/px4_uxrce/t265_px4_bridge/install/examples_rclcpp_minimal_publisher:/px4_uxrce/t265_px4_bridge/install/examples_rclcpp_minimal_composition:/px4_uxrce/t265_px4_bridge/install/examples_rclcpp_minimal_client:/px4_uxrce/t265_px4_bridge/install/examples_rclcpp_minimal_action_server:/px4_uxrce/t265_px4_bridge/install/examples_rclcpp_minimal_action_client:/px4_uxrce/t265_px4_bridge/install/examples_rclcpp_cbg_executor:/px4_uxrce/t265_px4_bridge/install/examples_rclcpp_async_client:/px4_uxrce/t265_px4_bridge/install/cpp_pubsub:/px4_uxrce/t265_px4_bridge/install/bridge_px4 /usr/bin/cmake --install /px4_uxrce/t265_px4_bridge/build/px4_ros_com
