[0.084s] Invoking command in '/px4_uxrce/t265_px4_bridge/build/examples_rclcpp_wait_set': CMAKE_PREFIX_PATH=/px4_uxrce/t265_px4_bridge/install/examples_rclcpp_wait_set:/px4_uxrce/t265_px4_bridge/install/examples_rclcpp_multithreaded_executor:/px4_uxrce/t265_px4_bridge/install/examples_rclcpp_minimal_timer:/px4_uxrce/t265_px4_bridge/install/examples_rclcpp_minimal_subscriber:/px4_uxrce/t265_px4_bridge/install/examples_rclcpp_minimal_service:/px4_uxrce/t265_px4_bridge/install/examples_rclcpp_minimal_publisher:/px4_uxrce/t265_px4_bridge/install/examples_rclcpp_minimal_composition:/px4_uxrce/t265_px4_bridge/install/examples_rclcpp_minimal_client:/px4_uxrce/t265_px4_bridge/install/examples_rclcpp_minimal_action_server:/px4_uxrce/t265_px4_bridge/install/examples_rclcpp_minimal_action_client:/px4_uxrce/t265_px4_bridge/install/examples_rclcpp_cbg_executor:/px4_uxrce/t265_px4_bridge/install/examples_rclcpp_async_client:/px4_uxrce/t265_px4_bridge/install/launch_testing_examples:/px4_uxrce/t265_px4_bridge/install/examples_rclpy_pointcloud_publisher:/px4_uxrce/t265_px4_bridge/install/examples_rclpy_minimal_subscriber:/px4_uxrce/t265_px4_bridge/install/examples_rclpy_minimal_service:/px4_uxrce/t265_px4_bridge/install/examples_rclpy_minimal_publisher:/px4_uxrce/t265_px4_bridge/install/examples_rclpy_minimal_client:/px4_uxrce/t265_px4_bridge/install/examples_rclpy_minimal_action_server:/px4_uxrce/t265_px4_bridge/install/examples_rclpy_minimal_action_client:/px4_uxrce/t265_px4_bridge/install/examples_rclpy_guard_conditions:/px4_uxrce/t265_px4_bridge/install/examples_rclpy_executors:/opt/ros/humble:/px4_uxrce/test_ws/install/t265_to_px4_bridge:/px4_uxrce/t265_px4_bridge/install/t265_to_px4_bridge /usr/bin/cmake --build /px4_uxrce/t265_px4_bridge/build/examples_rclcpp_wait_set -- -j12 -l12
[0.215s] [  8%] Built target talker
[0.219s] [ 16%] Built target wait_set_talker
[0.219s] [ 25%] Built target listener
[0.223s] [ 33%] Built target wait_set_listener
[0.226s] [ 41%] Built target wait_set
[0.235s] [ 50%] Built target static_wait_set
[0.263s] [ 58%] Built target wait_set_topics_and_timer
[0.278s] [ 66%] Built target wait_set_random_order
[0.279s] [ 75%] Built target thread_safe_wait_set
[0.279s] [ 83%] Built target executor_random_order
[0.280s] [ 91%] Built target wait_set_composed
[0.281s] [100%] Built target wait_set_topics_with_different_rates
[0.392s] Invoked command in '/px4_uxrce/t265_px4_bridge/build/examples_rclcpp_wait_set' returned '0': CMAKE_PREFIX_PATH=/px4_uxrce/t265_px4_bridge/install/examples_rclcpp_wait_set:/px4_uxrce/t265_px4_bridge/install/examples_rclcpp_multithreaded_executor:/px4_uxrce/t265_px4_bridge/install/examples_rclcpp_minimal_timer:/px4_uxrce/t265_px4_bridge/install/examples_rclcpp_minimal_subscriber:/px4_uxrce/t265_px4_bridge/install/examples_rclcpp_minimal_service:/px4_uxrce/t265_px4_bridge/install/examples_rclcpp_minimal_publisher:/px4_uxrce/t265_px4_bridge/install/examples_rclcpp_minimal_composition:/px4_uxrce/t265_px4_bridge/install/examples_rclcpp_minimal_client:/px4_uxrce/t265_px4_bridge/install/examples_rclcpp_minimal_action_server:/px4_uxrce/t265_px4_bridge/install/examples_rclcpp_minimal_action_client:/px4_uxrce/t265_px4_bridge/install/examples_rclcpp_cbg_executor:/px4_uxrce/t265_px4_bridge/install/examples_rclcpp_async_client:/px4_uxrce/t265_px4_bridge/install/launch_testing_examples:/px4_uxrce/t265_px4_bridge/install/examples_rclpy_pointcloud_publisher:/px4_uxrce/t265_px4_bridge/install/examples_rclpy_minimal_subscriber:/px4_uxrce/t265_px4_bridge/install/examples_rclpy_minimal_service:/px4_uxrce/t265_px4_bridge/install/examples_rclpy_minimal_publisher:/px4_uxrce/t265_px4_bridge/install/examples_rclpy_minimal_client:/px4_uxrce/t265_px4_bridge/install/examples_rclpy_minimal_action_server:/px4_uxrce/t265_px4_bridge/install/examples_rclpy_minimal_action_client:/px4_uxrce/t265_px4_bridge/install/examples_rclpy_guard_conditions:/px4_uxrce/t265_px4_bridge/install/examples_rclpy_executors:/opt/ros/humble:/px4_uxrce/test_ws/install/t265_to_px4_bridge:/px4_uxrce/t265_px4_bridge/install/t265_to_px4_bridge /usr/bin/cmake --build /px4_uxrce/t265_px4_bridge/build/examples_rclcpp_wait_set -- -j12 -l12
[0.399s] Invoking command in '/px4_uxrce/t265_px4_bridge/build/examples_rclcpp_wait_set': CMAKE_PREFIX_PATH=/px4_uxrce/t265_px4_bridge/install/examples_rclcpp_wait_set:/px4_uxrce/t265_px4_bridge/install/examples_rclcpp_multithreaded_executor:/px4_uxrce/t265_px4_bridge/install/examples_rclcpp_minimal_timer:/px4_uxrce/t265_px4_bridge/install/examples_rclcpp_minimal_subscriber:/px4_uxrce/t265_px4_bridge/install/examples_rclcpp_minimal_service:/px4_uxrce/t265_px4_bridge/install/examples_rclcpp_minimal_publisher:/px4_uxrce/t265_px4_bridge/install/examples_rclcpp_minimal_composition:/px4_uxrce/t265_px4_bridge/install/examples_rclcpp_minimal_client:/px4_uxrce/t265_px4_bridge/install/examples_rclcpp_minimal_action_server:/px4_uxrce/t265_px4_bridge/install/examples_rclcpp_minimal_action_client:/px4_uxrce/t265_px4_bridge/install/examples_rclcpp_cbg_executor:/px4_uxrce/t265_px4_bridge/install/examples_rclcpp_async_client:/px4_uxrce/t265_px4_bridge/install/launch_testing_examples:/px4_uxrce/t265_px4_bridge/install/examples_rclpy_pointcloud_publisher:/px4_uxrce/t265_px4_bridge/install/examples_rclpy_minimal_subscriber:/px4_uxrce/t265_px4_bridge/install/examples_rclpy_minimal_service:/px4_uxrce/t265_px4_bridge/install/examples_rclpy_minimal_publisher:/px4_uxrce/t265_px4_bridge/install/examples_rclpy_minimal_client:/px4_uxrce/t265_px4_bridge/install/examples_rclpy_minimal_action_server:/px4_uxrce/t265_px4_bridge/install/examples_rclpy_minimal_action_client:/px4_uxrce/t265_px4_bridge/install/examples_rclpy_guard_conditions:/px4_uxrce/t265_px4_bridge/install/examples_rclpy_executors:/opt/ros/humble:/px4_uxrce/test_ws/install/t265_to_px4_bridge:/px4_uxrce/t265_px4_bridge/install/t265_to_px4_bridge /usr/bin/cmake --install /px4_uxrce/t265_px4_bridge/build/examples_rclcpp_wait_set
[0.479s] -- Install configuration: ""
[0.480s] -- Up-to-date: /px4_uxrce/t265_px4_bridge/install/examples_rclcpp_wait_set/lib/examples_rclcpp_wait_set/wait_set_talker
[0.480s] -- Up-to-date: /px4_uxrce/t265_px4_bridge/install/examples_rclcpp_wait_set/lib/examples_rclcpp_wait_set/wait_set_listener
[0.480s] -- Up-to-date: /px4_uxrce/t265_px4_bridge/install/examples_rclcpp_wait_set/lib/libtalker.so
[0.480s] -- Up-to-date: /px4_uxrce/t265_px4_bridge/install/examples_rclcpp_wait_set/lib/liblistener.so
[0.480s] -- Up-to-date: /px4_uxrce/t265_px4_bridge/install/examples_rclcpp_wait_set/lib/examples_rclcpp_wait_set/wait_set
[0.480s] -- Up-to-date: /px4_uxrce/t265_px4_bridge/install/examples_rclcpp_wait_set/lib/examples_rclcpp_wait_set/static_wait_set
[0.480s] -- Up-to-date: /px4_uxrce/t265_px4_bridge/install/examples_rclcpp_wait_set/lib/examples_rclcpp_wait_set/thread_safe_wait_set
[0.481s] -- Up-to-date: /px4_uxrce/t265_px4_bridge/install/examples_rclcpp_wait_set/lib/examples_rclcpp_wait_set/wait_set_topics_and_timer
[0.481s] -- Up-to-date: /px4_uxrce/t265_px4_bridge/install/examples_rclcpp_wait_set/lib/examples_rclcpp_wait_set/wait_set_random_order
[0.481s] -- Up-to-date: /px4_uxrce/t265_px4_bridge/install/examples_rclcpp_wait_set/lib/examples_rclcpp_wait_set/executor_random_order
[0.481s] -- Up-to-date: /px4_uxrce/t265_px4_bridge/install/examples_rclcpp_wait_set/lib/examples_rclcpp_wait_set/wait_set_topics_with_different_rates
[0.481s] -- Up-to-date: /px4_uxrce/t265_px4_bridge/install/examples_rclcpp_wait_set/lib/examples_rclcpp_wait_set/wait_set_composed
[0.482s] -- Up-to-date: /px4_uxrce/t265_px4_bridge/install/examples_rclcpp_wait_set/share/ament_index/resource_index/package_run_dependencies/examples_rclcpp_wait_set
[0.482s] -- Up-to-date: /px4_uxrce/t265_px4_bridge/install/examples_rclcpp_wait_set/share/ament_index/resource_index/parent_prefix_path/examples_rclcpp_wait_set
[0.482s] -- Up-to-date: /px4_uxrce/t265_px4_bridge/install/examples_rclcpp_wait_set/share/examples_rclcpp_wait_set/environment/ament_prefix_path.sh
[0.482s] -- Up-to-date: /px4_uxrce/t265_px4_bridge/install/examples_rclcpp_wait_set/share/examples_rclcpp_wait_set/environment/ament_prefix_path.dsv
[0.482s] -- Up-to-date: /px4_uxrce/t265_px4_bridge/install/examples_rclcpp_wait_set/share/examples_rclcpp_wait_set/environment/path.sh
[0.482s] -- Up-to-date: /px4_uxrce/t265_px4_bridge/install/examples_rclcpp_wait_set/share/examples_rclcpp_wait_set/environment/path.dsv
[0.482s] -- Up-to-date: /px4_uxrce/t265_px4_bridge/install/examples_rclcpp_wait_set/share/examples_rclcpp_wait_set/local_setup.bash
[0.482s] -- Up-to-date: /px4_uxrce/t265_px4_bridge/install/examples_rclcpp_wait_set/share/examples_rclcpp_wait_set/local_setup.sh
[0.482s] -- Up-to-date: /px4_uxrce/t265_px4_bridge/install/examples_rclcpp_wait_set/share/examples_rclcpp_wait_set/local_setup.zsh
[0.482s] -- Up-to-date: /px4_uxrce/t265_px4_bridge/install/examples_rclcpp_wait_set/share/examples_rclcpp_wait_set/local_setup.dsv
[0.483s] -- Installing: /px4_uxrce/t265_px4_bridge/install/examples_rclcpp_wait_set/share/examples_rclcpp_wait_set/package.dsv
[0.483s] -- Up-to-date: /px4_uxrce/t265_px4_bridge/install/examples_rclcpp_wait_set/share/ament_index/resource_index/packages/examples_rclcpp_wait_set
[0.483s] -- Up-to-date: /px4_uxrce/t265_px4_bridge/install/examples_rclcpp_wait_set/share/ament_index/resource_index/rclcpp_components/examples_rclcpp_wait_set
[0.483s] -- Up-to-date: /px4_uxrce/t265_px4_bridge/install/examples_rclcpp_wait_set/share/examples_rclcpp_wait_set/cmake/examples_rclcpp_wait_setConfig.cmake
[0.483s] -- Up-to-date: /px4_uxrce/t265_px4_bridge/install/examples_rclcpp_wait_set/share/examples_rclcpp_wait_set/cmake/examples_rclcpp_wait_setConfig-version.cmake
[0.483s] -- Up-to-date: /px4_uxrce/t265_px4_bridge/install/examples_rclcpp_wait_set/share/examples_rclcpp_wait_set/package.xml
[0.803s] Invoked command in '/px4_uxrce/t265_px4_bridge/build/examples_rclcpp_wait_set' returned '0': CMAKE_PREFIX_PATH=/px4_uxrce/t265_px4_bridge/install/examples_rclcpp_wait_set:/px4_uxrce/t265_px4_bridge/install/examples_rclcpp_multithreaded_executor:/px4_uxrce/t265_px4_bridge/install/examples_rclcpp_minimal_timer:/px4_uxrce/t265_px4_bridge/install/examples_rclcpp_minimal_subscriber:/px4_uxrce/t265_px4_bridge/install/examples_rclcpp_minimal_service:/px4_uxrce/t265_px4_bridge/install/examples_rclcpp_minimal_publisher:/px4_uxrce/t265_px4_bridge/install/examples_rclcpp_minimal_composition:/px4_uxrce/t265_px4_bridge/install/examples_rclcpp_minimal_client:/px4_uxrce/t265_px4_bridge/install/examples_rclcpp_minimal_action_server:/px4_uxrce/t265_px4_bridge/install/examples_rclcpp_minimal_action_client:/px4_uxrce/t265_px4_bridge/install/examples_rclcpp_cbg_executor:/px4_uxrce/t265_px4_bridge/install/examples_rclcpp_async_client:/px4_uxrce/t265_px4_bridge/install/launch_testing_examples:/px4_uxrce/t265_px4_bridge/install/examples_rclpy_pointcloud_publisher:/px4_uxrce/t265_px4_bridge/install/examples_rclpy_minimal_subscriber:/px4_uxrce/t265_px4_bridge/install/examples_rclpy_minimal_service:/px4_uxrce/t265_px4_bridge/install/examples_rclpy_minimal_publisher:/px4_uxrce/t265_px4_bridge/install/examples_rclpy_minimal_client:/px4_uxrce/t265_px4_bridge/install/examples_rclpy_minimal_action_server:/px4_uxrce/t265_px4_bridge/install/examples_rclpy_minimal_action_client:/px4_uxrce/t265_px4_bridge/install/examples_rclpy_guard_conditions:/px4_uxrce/t265_px4_bridge/install/examples_rclpy_executors:/opt/ros/humble:/px4_uxrce/test_ws/install/t265_to_px4_bridge:/px4_uxrce/t265_px4_bridge/install/t265_to_px4_bridge /usr/bin/cmake --install /px4_uxrce/t265_px4_bridge/build/examples_rclcpp_wait_set
