[0.012s] Invoking command in '/px4_uxrce/camera_legacy_ws/build/realsense2_camera_msgs': CMAKE_PREFIX_PATH=${CMAKE_PREFIX_PATH}:/opt/ros/humble /usr/bin/cmake --build /px4_uxrce/camera_legacy_ws/build/realsense2_camera_msgs -- -j12 -l12
[0.050s] [35m[1mConsolidate compiler generated dependencies of target realsense2_camera_msgs__rosidl_generator_c[0m
[0.058s] [  1%] Built target realsense2_camera_msgs__cpp
[0.062s] [ 12%] Built target realsense2_camera_msgs__rosidl_generator_c
[0.068s] [ 12%] Built target ament_cmake_python_copy_realsense2_camera_msgs
[0.070s] [35m[1mConsolidate compiler generated dependencies of target realsense2_camera_msgs__rosidl_typesupport_introspection_cpp[0m
[0.072s] [35m[1mConsolidate compiler generated dependencies of target realsense2_camera_msgs__rosidl_typesupport_cpp[0m
[0.073s] [35m[1mConsolidate compiler generated dependencies of target realsense2_camera_msgs__rosidl_typesupport_fastrtps_cpp[0m
[0.075s] [35m[1mConsolidate compiler generated dependencies of target realsense2_camera_msgs__rosidl_typesupport_c[0m
[0.076s] [35m[1mConsolidate compiler generated dependencies of target realsense2_camera_msgs__rosidl_typesupport_fastrtps_c[0m
[0.078s] [35m[1mConsolidate compiler generated dependencies of target realsense2_camera_msgs__rosidl_typesupport_introspection_c[0m
[0.090s] [ 23%] Built target realsense2_camera_msgs__rosidl_typesupport_c
[0.092s] [ 34%] Built target realsense2_camera_msgs__rosidl_typesupport_introspection_cpp
[0.093s] [ 45%] Built target realsense2_camera_msgs__rosidl_typesupport_introspection_c
[0.095s] [ 56%] Built target realsense2_camera_msgs__rosidl_typesupport_cpp
[0.099s] [ 67%] Built target realsense2_camera_msgs__rosidl_typesupport_fastrtps_cpp
[0.102s] [ 78%] Built target realsense2_camera_msgs__rosidl_typesupport_fastrtps_c
[0.121s] [ 78%] Built target realsense2_camera_msgs
[0.140s] [ 80%] Built target realsense2_camera_msgs__py
[0.154s] [35m[1mConsolidate compiler generated dependencies of target realsense2_camera_msgs__rosidl_generator_py[0m
[0.171s] [ 89%] Built target realsense2_camera_msgs__rosidl_generator_py
[0.182s] [35m[1mConsolidate compiler generated dependencies of target realsense2_camera_msgs__rosidl_typesupport_fastrtps_c__pyext[0m
[0.182s] [35m[1mConsolidate compiler generated dependencies of target realsense2_camera_msgs__rosidl_typesupport_introspection_c__pyext[0m
[0.185s] [35m[1mConsolidate compiler generated dependencies of target realsense2_camera_msgs__rosidl_typesupport_c__pyext[0m
[0.196s] [ 92%] Built target realsense2_camera_msgs__rosidl_typesupport_introspection_c__pyext
[0.198s] [ 96%] Built target realsense2_camera_msgs__rosidl_typesupport_fastrtps_c__pyext
[0.202s] [100%] Built target realsense2_camera_msgs__rosidl_typesupport_c__pyext
[0.366s] running egg_info
[0.367s] writing realsense2_camera_msgs.egg-info/PKG-INFO
[0.367s] writing dependency_links to realsense2_camera_msgs.egg-info/dependency_links.txt
[0.367s] writing top-level names to realsense2_camera_msgs.egg-info/top_level.txt
[0.369s] reading manifest file 'realsense2_camera_msgs.egg-info/SOURCES.txt'
[0.376s] writing manifest file 'realsense2_camera_msgs.egg-info/SOURCES.txt'
[0.401s] [100%] Built target ament_cmake_python_build_realsense2_camera_msgs_egg
[0.412s] Invoked command in '/px4_uxrce/camera_legacy_ws/build/realsense2_camera_msgs' returned '0': CMAKE_PREFIX_PATH=${CMAKE_PREFIX_PATH}:/opt/ros/humble /usr/bin/cmake --build /px4_uxrce/camera_legacy_ws/build/realsense2_camera_msgs -- -j12 -l12
[0.423s] Invoking command in '/px4_uxrce/camera_legacy_ws/build/realsense2_camera_msgs': CMAKE_PREFIX_PATH=${CMAKE_PREFIX_PATH}:/opt/ros/humble /usr/bin/cmake --install /px4_uxrce/camera_legacy_ws/build/realsense2_camera_msgs
[0.430s] -- Install configuration: ""
[0.430s] -- Up-to-date: /px4_uxrce/camera_legacy_ws/install/realsense2_camera_msgs/share/ament_index/resource_index/rosidl_interfaces/realsense2_camera_msgs
[0.430s] -- Up-to-date: /px4_uxrce/camera_legacy_ws/install/realsense2_camera_msgs/include/realsense2_camera_msgs/realsense2_camera_msgs
[0.430s] -- Up-to-date: /px4_uxrce/camera_legacy_ws/install/realsense2_camera_msgs/include/realsense2_camera_msgs/realsense2_camera_msgs/srv
[0.430s] -- Up-to-date: /px4_uxrce/camera_legacy_ws/install/realsense2_camera_msgs/include/realsense2_camera_msgs/realsense2_camera_msgs/srv/device_info.h
[0.430s] -- Up-to-date: /px4_uxrce/camera_legacy_ws/install/realsense2_camera_msgs/include/realsense2_camera_msgs/realsense2_camera_msgs/srv/detail
[0.431s] -- Up-to-date: /px4_uxrce/camera_legacy_ws/install/realsense2_camera_msgs/include/realsense2_camera_msgs/realsense2_camera_msgs/srv/detail/device_info__functions.c
[0.431s] -- Up-to-date: /px4_uxrce/camera_legacy_ws/install/realsense2_camera_msgs/include/realsense2_camera_msgs/realsense2_camera_msgs/srv/detail/device_info__functions.h
[0.431s] -- Up-to-date: /px4_uxrce/camera_legacy_ws/install/realsense2_camera_msgs/include/realsense2_camera_msgs/realsense2_camera_msgs/srv/detail/device_info__struct.h
[0.431s] -- Up-to-date: /px4_uxrce/camera_legacy_ws/install/realsense2_camera_msgs/include/realsense2_camera_msgs/realsense2_camera_msgs/srv/detail/device_info__type_support.h
[0.431s] -- Up-to-date: /px4_uxrce/camera_legacy_ws/install/realsense2_camera_msgs/include/realsense2_camera_msgs/realsense2_camera_msgs/msg
[0.431s] -- Up-to-date: /px4_uxrce/camera_legacy_ws/install/realsense2_camera_msgs/include/realsense2_camera_msgs/realsense2_camera_msgs/msg/metadata.h
[0.431s] -- Up-to-date: /px4_uxrce/camera_legacy_ws/install/realsense2_camera_msgs/include/realsense2_camera_msgs/realsense2_camera_msgs/msg/extrinsics.h
[0.431s] -- Up-to-date: /px4_uxrce/camera_legacy_ws/install/realsense2_camera_msgs/include/realsense2_camera_msgs/realsense2_camera_msgs/msg/detail
[0.431s] -- Up-to-date: /px4_uxrce/camera_legacy_ws/install/realsense2_camera_msgs/include/realsense2_camera_msgs/realsense2_camera_msgs/msg/detail/metadata__functions.c
[0.431s] -- Up-to-date: /px4_uxrce/camera_legacy_ws/install/realsense2_camera_msgs/include/realsense2_camera_msgs/realsense2_camera_msgs/msg/detail/imu_info__functions.c
[0.431s] -- Up-to-date: /px4_uxrce/camera_legacy_ws/install/realsense2_camera_msgs/include/realsense2_camera_msgs/realsense2_camera_msgs/msg/detail/metadata__type_support.h
[0.432s] -- Up-to-date: /px4_uxrce/camera_legacy_ws/install/realsense2_camera_msgs/include/realsense2_camera_msgs/realsense2_camera_msgs/msg/detail/extrinsics__type_support.h
[0.432s] -- Up-to-date: /px4_uxrce/camera_legacy_ws/install/realsense2_camera_msgs/include/realsense2_camera_msgs/realsense2_camera_msgs/msg/detail/metadata__functions.h
[0.432s] -- Up-to-date: /px4_uxrce/camera_legacy_ws/install/realsense2_camera_msgs/include/realsense2_camera_msgs/realsense2_camera_msgs/msg/detail/metadata__struct.h
[0.432s] -- Up-to-date: /px4_uxrce/camera_legacy_ws/install/realsense2_camera_msgs/include/realsense2_camera_msgs/realsense2_camera_msgs/msg/detail/imu_info__type_support.h
[0.432s] -- Up-to-date: /px4_uxrce/camera_legacy_ws/install/realsense2_camera_msgs/include/realsense2_camera_msgs/realsense2_camera_msgs/msg/detail/extrinsics__struct.h
[0.432s] -- Up-to-date: /px4_uxrce/camera_legacy_ws/install/realsense2_camera_msgs/include/realsense2_camera_msgs/realsense2_camera_msgs/msg/detail/extrinsics__functions.c
[0.432s] -- Up-to-date: /px4_uxrce/camera_legacy_ws/install/realsense2_camera_msgs/include/realsense2_camera_msgs/realsense2_camera_msgs/msg/detail/extrinsics__functions.h
[0.432s] -- Up-to-date: /px4_uxrce/camera_legacy_ws/install/realsense2_camera_msgs/include/realsense2_camera_msgs/realsense2_camera_msgs/msg/detail/imu_info__functions.h
[0.432s] -- Up-to-date: /px4_uxrce/camera_legacy_ws/install/realsense2_camera_msgs/include/realsense2_camera_msgs/realsense2_camera_msgs/msg/detail/imu_info__struct.h
[0.433s] -- Up-to-date: /px4_uxrce/camera_legacy_ws/install/realsense2_camera_msgs/include/realsense2_camera_msgs/realsense2_camera_msgs/msg/rosidl_generator_c__visibility_control.h
[0.433s] -- Up-to-date: /px4_uxrce/camera_legacy_ws/install/realsense2_camera_msgs/include/realsense2_camera_msgs/realsense2_camera_msgs/msg/imu_info.h
[0.433s] -- Up-to-date: /px4_uxrce/camera_legacy_ws/install/realsense2_camera_msgs/share/realsense2_camera_msgs/environment/library_path.sh
[0.433s] -- Up-to-date: /px4_uxrce/camera_legacy_ws/install/realsense2_camera_msgs/share/realsense2_camera_msgs/environment/library_path.dsv
[0.433s] -- Up-to-date: /px4_uxrce/camera_legacy_ws/install/realsense2_camera_msgs/lib/librealsense2_camera_msgs__rosidl_generator_c.so
[0.433s] -- Up-to-date: /px4_uxrce/camera_legacy_ws/install/realsense2_camera_msgs/include/realsense2_camera_msgs/realsense2_camera_msgs
[0.433s] -- Up-to-date: /px4_uxrce/camera_legacy_ws/install/realsense2_camera_msgs/include/realsense2_camera_msgs/realsense2_camera_msgs/srv
[0.433s] -- Up-to-date: /px4_uxrce/camera_legacy_ws/install/realsense2_camera_msgs/include/realsense2_camera_msgs/realsense2_camera_msgs/srv/detail
[0.433s] -- Up-to-date: /px4_uxrce/camera_legacy_ws/install/realsense2_camera_msgs/include/realsense2_camera_msgs/realsense2_camera_msgs/srv/detail/device_info__rosidl_typesupport_fastrtps_c.h
[0.434s] -- Up-to-date: /px4_uxrce/camera_legacy_ws/install/realsense2_camera_msgs/include/realsense2_camera_msgs/realsense2_camera_msgs/msg
[0.434s] -- Up-to-date: /px4_uxrce/camera_legacy_ws/install/realsense2_camera_msgs/include/realsense2_camera_msgs/realsense2_camera_msgs/msg/detail
[0.434s] -- Up-to-date: /px4_uxrce/camera_legacy_ws/install/realsense2_camera_msgs/include/realsense2_camera_msgs/realsense2_camera_msgs/msg/detail/metadata__rosidl_typesupport_fastrtps_c.h
[0.434s] -- Up-to-date: /px4_uxrce/camera_legacy_ws/install/realsense2_camera_msgs/include/realsense2_camera_msgs/realsense2_camera_msgs/msg/detail/imu_info__rosidl_typesupport_fastrtps_c.h
[0.434s] -- Up-to-date: /px4_uxrce/camera_legacy_ws/install/realsense2_camera_msgs/include/realsense2_camera_msgs/realsense2_camera_msgs/msg/detail/extrinsics__rosidl_typesupport_fastrtps_c.h
[0.434s] -- Up-to-date: /px4_uxrce/camera_legacy_ws/install/realsense2_camera_msgs/include/realsense2_camera_msgs/realsense2_camera_msgs/msg/rosidl_typesupport_fastrtps_c__visibility_control.h
[0.434s] -- Up-to-date: /px4_uxrce/camera_legacy_ws/install/realsense2_camera_msgs/lib/librealsense2_camera_msgs__rosidl_typesupport_fastrtps_c.so
[0.434s] -- Up-to-date: /px4_uxrce/camera_legacy_ws/install/realsense2_camera_msgs/include/realsense2_camera_msgs/realsense2_camera_msgs
[0.434s] -- Up-to-date: /px4_uxrce/camera_legacy_ws/install/realsense2_camera_msgs/include/realsense2_camera_msgs/realsense2_camera_msgs/srv
[0.434s] -- Up-to-date: /px4_uxrce/camera_legacy_ws/install/realsense2_camera_msgs/include/realsense2_camera_msgs/realsense2_camera_msgs/srv/detail
[0.435s] -- Up-to-date: /px4_uxrce/camera_legacy_ws/install/realsense2_camera_msgs/include/realsense2_camera_msgs/realsense2_camera_msgs/srv/detail/device_info__type_support.c
[0.435s] -- Up-to-date: /px4_uxrce/camera_legacy_ws/install/realsense2_camera_msgs/include/realsense2_camera_msgs/realsense2_camera_msgs/srv/detail/device_info__rosidl_typesupport_introspection_c.h
[0.435s] -- Up-to-date: /px4_uxrce/camera_legacy_ws/install/realsense2_camera_msgs/include/realsense2_camera_msgs/realsense2_camera_msgs/msg
[0.435s] -- Up-to-date: /px4_uxrce/camera_legacy_ws/install/realsense2_camera_msgs/include/realsense2_camera_msgs/realsense2_camera_msgs/msg/rosidl_typesupport_introspection_c__visibility_control.h
[0.435s] -- Up-to-date: /px4_uxrce/camera_legacy_ws/install/realsense2_camera_msgs/include/realsense2_camera_msgs/realsense2_camera_msgs/msg/detail
[0.435s] -- Up-to-date: /px4_uxrce/camera_legacy_ws/install/realsense2_camera_msgs/include/realsense2_camera_msgs/realsense2_camera_msgs/msg/detail/metadata__rosidl_typesupport_introspection_c.h
[0.435s] -- Up-to-date: /px4_uxrce/camera_legacy_ws/install/realsense2_camera_msgs/include/realsense2_camera_msgs/realsense2_camera_msgs/msg/detail/metadata__type_support.c
[0.435s] -- Up-to-date: /px4_uxrce/camera_legacy_ws/install/realsense2_camera_msgs/include/realsense2_camera_msgs/realsense2_camera_msgs/msg/detail/imu_info__rosidl_typesupport_introspection_c.h
[0.435s] -- Up-to-date: /px4_uxrce/camera_legacy_ws/install/realsense2_camera_msgs/include/realsense2_camera_msgs/realsense2_camera_msgs/msg/detail/imu_info__type_support.c
[0.435s] -- Up-to-date: /px4_uxrce/camera_legacy_ws/install/realsense2_camera_msgs/include/realsense2_camera_msgs/realsense2_camera_msgs/msg/detail/extrinsics__rosidl_typesupport_introspection_c.h
[0.435s] -- Up-to-date: /px4_uxrce/camera_legacy_ws/install/realsense2_camera_msgs/include/realsense2_camera_msgs/realsense2_camera_msgs/msg/detail/extrinsics__type_support.c
[0.435s] -- Up-to-date: /px4_uxrce/camera_legacy_ws/install/realsense2_camera_msgs/lib/librealsense2_camera_msgs__rosidl_typesupport_introspection_c.so
[0.435s] -- Up-to-date: /px4_uxrce/camera_legacy_ws/install/realsense2_camera_msgs/lib/librealsense2_camera_msgs__rosidl_typesupport_c.so
[0.435s] -- Up-to-date: /px4_uxrce/camera_legacy_ws/install/realsense2_camera_msgs/include/realsense2_camera_msgs/realsense2_camera_msgs
[0.436s] -- Up-to-date: /px4_uxrce/camera_legacy_ws/install/realsense2_camera_msgs/include/realsense2_camera_msgs/realsense2_camera_msgs/srv
[0.436s] -- Up-to-date: /px4_uxrce/camera_legacy_ws/install/realsense2_camera_msgs/include/realsense2_camera_msgs/realsense2_camera_msgs/srv/detail
[0.436s] -- Up-to-date: /px4_uxrce/camera_legacy_ws/install/realsense2_camera_msgs/include/realsense2_camera_msgs/realsense2_camera_msgs/srv/detail/device_info__traits.hpp
[0.436s] -- Up-to-date: /px4_uxrce/camera_legacy_ws/install/realsense2_camera_msgs/include/realsense2_camera_msgs/realsense2_camera_msgs/srv/detail/device_info__type_support.hpp
[0.436s] -- Up-to-date: /px4_uxrce/camera_legacy_ws/install/realsense2_camera_msgs/include/realsense2_camera_msgs/realsense2_camera_msgs/srv/detail/device_info__struct.hpp
[0.436s] -- Up-to-date: /px4_uxrce/camera_legacy_ws/install/realsense2_camera_msgs/include/realsense2_camera_msgs/realsense2_camera_msgs/srv/detail/device_info__builder.hpp
[0.436s] -- Up-to-date: /px4_uxrce/camera_legacy_ws/install/realsense2_camera_msgs/include/realsense2_camera_msgs/realsense2_camera_msgs/srv/device_info.hpp
[0.436s] -- Up-to-date: /px4_uxrce/camera_legacy_ws/install/realsense2_camera_msgs/include/realsense2_camera_msgs/realsense2_camera_msgs/msg
[0.436s] -- Up-to-date: /px4_uxrce/camera_legacy_ws/install/realsense2_camera_msgs/include/realsense2_camera_msgs/realsense2_camera_msgs/msg/imu_info.hpp
[0.436s] -- Up-to-date: /px4_uxrce/camera_legacy_ws/install/realsense2_camera_msgs/include/realsense2_camera_msgs/realsense2_camera_msgs/msg/metadata.hpp
[0.436s] -- Up-to-date: /px4_uxrce/camera_legacy_ws/install/realsense2_camera_msgs/include/realsense2_camera_msgs/realsense2_camera_msgs/msg/detail
[0.437s] -- Up-to-date: /px4_uxrce/camera_legacy_ws/install/realsense2_camera_msgs/include/realsense2_camera_msgs/realsense2_camera_msgs/msg/detail/extrinsics__type_support.hpp
[0.437s] -- Up-to-date: /px4_uxrce/camera_legacy_ws/install/realsense2_camera_msgs/include/realsense2_camera_msgs/realsense2_camera_msgs/msg/detail/imu_info__struct.hpp
[0.437s] -- Up-to-date: /px4_uxrce/camera_legacy_ws/install/realsense2_camera_msgs/include/realsense2_camera_msgs/realsense2_camera_msgs/msg/detail/extrinsics__traits.hpp
[0.437s] -- Up-to-date: /px4_uxrce/camera_legacy_ws/install/realsense2_camera_msgs/include/realsense2_camera_msgs/realsense2_camera_msgs/msg/detail/imu_info__builder.hpp
[0.437s] -- Up-to-date: /px4_uxrce/camera_legacy_ws/install/realsense2_camera_msgs/include/realsense2_camera_msgs/realsense2_camera_msgs/msg/detail/extrinsics__builder.hpp
[0.437s] -- Up-to-date: /px4_uxrce/camera_legacy_ws/install/realsense2_camera_msgs/include/realsense2_camera_msgs/realsense2_camera_msgs/msg/detail/metadata__type_support.hpp
[0.437s] -- Up-to-date: /px4_uxrce/camera_legacy_ws/install/realsense2_camera_msgs/include/realsense2_camera_msgs/realsense2_camera_msgs/msg/detail/metadata__struct.hpp
[0.437s] -- Up-to-date: /px4_uxrce/camera_legacy_ws/install/realsense2_camera_msgs/include/realsense2_camera_msgs/realsense2_camera_msgs/msg/detail/metadata__builder.hpp
[0.437s] -- Up-to-date: /px4_uxrce/camera_legacy_ws/install/realsense2_camera_msgs/include/realsense2_camera_msgs/realsense2_camera_msgs/msg/detail/imu_info__type_support.hpp
[0.438s] -- Up-to-date: /px4_uxrce/camera_legacy_ws/install/realsense2_camera_msgs/include/realsense2_camera_msgs/realsense2_camera_msgs/msg/detail/imu_info__traits.hpp
[0.438s] -- Up-to-date: /px4_uxrce/camera_legacy_ws/install/realsense2_camera_msgs/include/realsense2_camera_msgs/realsense2_camera_msgs/msg/detail/metadata__traits.hpp
[0.438s] -- Up-to-date: /px4_uxrce/camera_legacy_ws/install/realsense2_camera_msgs/include/realsense2_camera_msgs/realsense2_camera_msgs/msg/detail/extrinsics__struct.hpp
[0.438s] -- Up-to-date: /px4_uxrce/camera_legacy_ws/install/realsense2_camera_msgs/include/realsense2_camera_msgs/realsense2_camera_msgs/msg/rosidl_generator_cpp__visibility_control.hpp
[0.438s] -- Up-to-date: /px4_uxrce/camera_legacy_ws/install/realsense2_camera_msgs/include/realsense2_camera_msgs/realsense2_camera_msgs/msg/extrinsics.hpp
[0.438s] -- Up-to-date: /px4_uxrce/camera_legacy_ws/install/realsense2_camera_msgs/include/realsense2_camera_msgs/realsense2_camera_msgs
[0.438s] -- Up-to-date: /px4_uxrce/camera_legacy_ws/install/realsense2_camera_msgs/include/realsense2_camera_msgs/realsense2_camera_msgs/srv
[0.438s] -- Up-to-date: /px4_uxrce/camera_legacy_ws/install/realsense2_camera_msgs/include/realsense2_camera_msgs/realsense2_camera_msgs/srv/detail
[0.438s] -- Up-to-date: /px4_uxrce/camera_legacy_ws/install/realsense2_camera_msgs/include/realsense2_camera_msgs/realsense2_camera_msgs/srv/detail/dds_fastrtps
[0.438s] -- Up-to-date: /px4_uxrce/camera_legacy_ws/install/realsense2_camera_msgs/include/realsense2_camera_msgs/realsense2_camera_msgs/srv/detail/device_info__rosidl_typesupport_fastrtps_cpp.hpp
[0.439s] -- Up-to-date: /px4_uxrce/camera_legacy_ws/install/realsense2_camera_msgs/include/realsense2_camera_msgs/realsense2_camera_msgs/msg
[0.439s] -- Up-to-date: /px4_uxrce/camera_legacy_ws/install/realsense2_camera_msgs/include/realsense2_camera_msgs/realsense2_camera_msgs/msg/detail
[0.439s] -- Up-to-date: /px4_uxrce/camera_legacy_ws/install/realsense2_camera_msgs/include/realsense2_camera_msgs/realsense2_camera_msgs/msg/detail/extrinsics__rosidl_typesupport_fastrtps_cpp.hpp
[0.439s] -- Up-to-date: /px4_uxrce/camera_legacy_ws/install/realsense2_camera_msgs/include/realsense2_camera_msgs/realsense2_camera_msgs/msg/detail/imu_info__rosidl_typesupport_fastrtps_cpp.hpp
[0.439s] -- Up-to-date: /px4_uxrce/camera_legacy_ws/install/realsense2_camera_msgs/include/realsense2_camera_msgs/realsense2_camera_msgs/msg/detail/metadata__rosidl_typesupport_fastrtps_cpp.hpp
[0.439s] -- Up-to-date: /px4_uxrce/camera_legacy_ws/install/realsense2_camera_msgs/include/realsense2_camera_msgs/realsense2_camera_msgs/msg/detail/dds_fastrtps
[0.439s] -- Up-to-date: /px4_uxrce/camera_legacy_ws/install/realsense2_camera_msgs/include/realsense2_camera_msgs/realsense2_camera_msgs/msg/rosidl_typesupport_fastrtps_cpp__visibility_control.h
[0.439s] -- Up-to-date: /px4_uxrce/camera_legacy_ws/install/realsense2_camera_msgs/lib/librealsense2_camera_msgs__rosidl_typesupport_fastrtps_cpp.so
[0.439s] -- Up-to-date: /px4_uxrce/camera_legacy_ws/install/realsense2_camera_msgs/include/realsense2_camera_msgs/realsense2_camera_msgs
[0.439s] -- Up-to-date: /px4_uxrce/camera_legacy_ws/install/realsense2_camera_msgs/include/realsense2_camera_msgs/realsense2_camera_msgs/srv
[0.440s] -- Up-to-date: /px4_uxrce/camera_legacy_ws/install/realsense2_camera_msgs/include/realsense2_camera_msgs/realsense2_camera_msgs/srv/detail
[0.440s] -- Up-to-date: /px4_uxrce/camera_legacy_ws/install/realsense2_camera_msgs/include/realsense2_camera_msgs/realsense2_camera_msgs/srv/detail/device_info__rosidl_typesupport_introspection_cpp.hpp
[0.440s] -- Up-to-date: /px4_uxrce/camera_legacy_ws/install/realsense2_camera_msgs/include/realsense2_camera_msgs/realsense2_camera_msgs/srv/detail/device_info__type_support.cpp
[0.440s] -- Up-to-date: /px4_uxrce/camera_legacy_ws/install/realsense2_camera_msgs/include/realsense2_camera_msgs/realsense2_camera_msgs/msg
[0.440s] -- Up-to-date: /px4_uxrce/camera_legacy_ws/install/realsense2_camera_msgs/include/realsense2_camera_msgs/realsense2_camera_msgs/msg/detail
[0.440s] -- Up-to-date: /px4_uxrce/camera_legacy_ws/install/realsense2_camera_msgs/include/realsense2_camera_msgs/realsense2_camera_msgs/msg/detail/extrinsics__type_support.cpp
[0.440s] -- Up-to-date: /px4_uxrce/camera_legacy_ws/install/realsense2_camera_msgs/include/realsense2_camera_msgs/realsense2_camera_msgs/msg/detail/extrinsics__rosidl_typesupport_introspection_cpp.hpp
[0.440s] -- Up-to-date: /px4_uxrce/camera_legacy_ws/install/realsense2_camera_msgs/include/realsense2_camera_msgs/realsense2_camera_msgs/msg/detail/metadata__rosidl_typesupport_introspection_cpp.hpp
[0.440s] -- Up-to-date: /px4_uxrce/camera_legacy_ws/install/realsense2_camera_msgs/include/realsense2_camera_msgs/realsense2_camera_msgs/msg/detail/imu_info__type_support.cpp
[0.441s] -- Up-to-date: /px4_uxrce/camera_legacy_ws/install/realsense2_camera_msgs/include/realsense2_camera_msgs/realsense2_camera_msgs/msg/detail/metadata__type_support.cpp
[0.441s] -- Up-to-date: /px4_uxrce/camera_legacy_ws/install/realsense2_camera_msgs/include/realsense2_camera_msgs/realsense2_camera_msgs/msg/detail/imu_info__rosidl_typesupport_introspection_cpp.hpp
[0.441s] -- Up-to-date: /px4_uxrce/camera_legacy_ws/install/realsense2_camera_msgs/lib/librealsense2_camera_msgs__rosidl_typesupport_introspection_cpp.so
[0.441s] -- Up-to-date: /px4_uxrce/camera_legacy_ws/install/realsense2_camera_msgs/lib/librealsense2_camera_msgs__rosidl_typesupport_cpp.so
[0.441s] -- Up-to-date: /px4_uxrce/camera_legacy_ws/install/realsense2_camera_msgs/share/realsense2_camera_msgs/environment/pythonpath.sh
[0.441s] -- Up-to-date: /px4_uxrce/camera_legacy_ws/install/realsense2_camera_msgs/share/realsense2_camera_msgs/environment/pythonpath.dsv
[0.441s] -- Up-to-date: /px4_uxrce/camera_legacy_ws/install/realsense2_camera_msgs/local/lib/python3.10/dist-packages/realsense2_camera_msgs-3.2.3-py3.10.egg-info
[0.441s] -- Installing: /px4_uxrce/camera_legacy_ws/install/realsense2_camera_msgs/local/lib/python3.10/dist-packages/realsense2_camera_msgs-3.2.3-py3.10.egg-info/dependency_links.txt
[0.441s] -- Installing: /px4_uxrce/camera_legacy_ws/install/realsense2_camera_msgs/local/lib/python3.10/dist-packages/realsense2_camera_msgs-3.2.3-py3.10.egg-info/top_level.txt
[0.442s] -- Installing: /px4_uxrce/camera_legacy_ws/install/realsense2_camera_msgs/local/lib/python3.10/dist-packages/realsense2_camera_msgs-3.2.3-py3.10.egg-info/PKG-INFO
[0.442s] -- Installing: /px4_uxrce/camera_legacy_ws/install/realsense2_camera_msgs/local/lib/python3.10/dist-packages/realsense2_camera_msgs-3.2.3-py3.10.egg-info/SOURCES.txt
[0.442s] -- Up-to-date: /px4_uxrce/camera_legacy_ws/install/realsense2_camera_msgs/local/lib/python3.10/dist-packages/realsense2_camera_msgs
[0.442s] -- Up-to-date: /px4_uxrce/camera_legacy_ws/install/realsense2_camera_msgs/local/lib/python3.10/dist-packages/realsense2_camera_msgs/realsense2_camera_msgs_s__rosidl_typesupport_c.cpython-310-x86_64-linux-gnu.so
[0.442s] -- Up-to-date: /px4_uxrce/camera_legacy_ws/install/realsense2_camera_msgs/local/lib/python3.10/dist-packages/realsense2_camera_msgs/librealsense2_camera_msgs__rosidl_generator_py.so
[0.442s] -- Up-to-date: /px4_uxrce/camera_legacy_ws/install/realsense2_camera_msgs/local/lib/python3.10/dist-packages/realsense2_camera_msgs/realsense2_camera_msgs_s__rosidl_typesupport_fastrtps_c.cpython-310-x86_64-linux-gnu.so
[0.442s] -- Up-to-date: /px4_uxrce/camera_legacy_ws/install/realsense2_camera_msgs/local/lib/python3.10/dist-packages/realsense2_camera_msgs/srv
[0.442s] -- Up-to-date: /px4_uxrce/camera_legacy_ws/install/realsense2_camera_msgs/local/lib/python3.10/dist-packages/realsense2_camera_msgs/srv/_device_info_s.c
[0.442s] -- Up-to-date: /px4_uxrce/camera_legacy_ws/install/realsense2_camera_msgs/local/lib/python3.10/dist-packages/realsense2_camera_msgs/srv/__init__.py
[0.443s] -- Up-to-date: /px4_uxrce/camera_legacy_ws/install/realsense2_camera_msgs/local/lib/python3.10/dist-packages/realsense2_camera_msgs/srv/_device_info.py
[0.443s] -- Up-to-date: /px4_uxrce/camera_legacy_ws/install/realsense2_camera_msgs/local/lib/python3.10/dist-packages/realsense2_camera_msgs/__init__.py
[0.443s] -- Up-to-date: /px4_uxrce/camera_legacy_ws/install/realsense2_camera_msgs/local/lib/python3.10/dist-packages/realsense2_camera_msgs/_realsense2_camera_msgs_s.ep.rosidl_typesupport_fastrtps_c.c
[0.443s] -- Up-to-date: /px4_uxrce/camera_legacy_ws/install/realsense2_camera_msgs/local/lib/python3.10/dist-packages/realsense2_camera_msgs/realsense2_camera_msgs_s__rosidl_typesupport_introspection_c.cpython-310-x86_64-linux-gnu.so
[0.443s] -- Up-to-date: /px4_uxrce/camera_legacy_ws/install/realsense2_camera_msgs/local/lib/python3.10/dist-packages/realsense2_camera_msgs/_realsense2_camera_msgs_s.ep.rosidl_typesupport_introspection_c.c
[0.443s] -- Up-to-date: /px4_uxrce/camera_legacy_ws/install/realsense2_camera_msgs/local/lib/python3.10/dist-packages/realsense2_camera_msgs/_realsense2_camera_msgs_s.ep.rosidl_typesupport_c.c
[0.443s] -- Up-to-date: /px4_uxrce/camera_legacy_ws/install/realsense2_camera_msgs/local/lib/python3.10/dist-packages/realsense2_camera_msgs/msg
[0.443s] -- Up-to-date: /px4_uxrce/camera_legacy_ws/install/realsense2_camera_msgs/local/lib/python3.10/dist-packages/realsense2_camera_msgs/msg/_metadata.py
[0.443s] -- Up-to-date: /px4_uxrce/camera_legacy_ws/install/realsense2_camera_msgs/local/lib/python3.10/dist-packages/realsense2_camera_msgs/msg/_imu_info_s.c
[0.444s] -- Up-to-date: /px4_uxrce/camera_legacy_ws/install/realsense2_camera_msgs/local/lib/python3.10/dist-packages/realsense2_camera_msgs/msg/_extrinsics.py
[0.444s] -- Up-to-date: /px4_uxrce/camera_legacy_ws/install/realsense2_camera_msgs/local/lib/python3.10/dist-packages/realsense2_camera_msgs/msg/_imu_info.py
[0.444s] -- Up-to-date: /px4_uxrce/camera_legacy_ws/install/realsense2_camera_msgs/local/lib/python3.10/dist-packages/realsense2_camera_msgs/msg/__init__.py
[0.444s] -- Up-to-date: /px4_uxrce/camera_legacy_ws/install/realsense2_camera_msgs/local/lib/python3.10/dist-packages/realsense2_camera_msgs/msg/_extrinsics_s.c
[0.444s] -- Up-to-date: /px4_uxrce/camera_legacy_ws/install/realsense2_camera_msgs/local/lib/python3.10/dist-packages/realsense2_camera_msgs/msg/_metadata_s.c
[0.468s] Listing '/px4_uxrce/camera_legacy_ws/install/realsense2_camera_msgs/local/lib/python3.10/dist-packages/realsense2_camera_msgs'...
[0.468s] Listing '/px4_uxrce/camera_legacy_ws/install/realsense2_camera_msgs/local/lib/python3.10/dist-packages/realsense2_camera_msgs/msg'...
[0.469s] Listing '/px4_uxrce/camera_legacy_ws/install/realsense2_camera_msgs/local/lib/python3.10/dist-packages/realsense2_camera_msgs/srv'...
[0.473s] -- Up-to-date: /px4_uxrce/camera_legacy_ws/install/realsense2_camera_msgs/local/lib/python3.10/dist-packages/realsense2_camera_msgs/realsense2_camera_msgs_s__rosidl_typesupport_fastrtps_c.cpython-310-x86_64-linux-gnu.so
[0.473s] -- Up-to-date: /px4_uxrce/camera_legacy_ws/install/realsense2_camera_msgs/local/lib/python3.10/dist-packages/realsense2_camera_msgs/realsense2_camera_msgs_s__rosidl_typesupport_introspection_c.cpython-310-x86_64-linux-gnu.so
[0.473s] -- Up-to-date: /px4_uxrce/camera_legacy_ws/install/realsense2_camera_msgs/local/lib/python3.10/dist-packages/realsense2_camera_msgs/realsense2_camera_msgs_s__rosidl_typesupport_c.cpython-310-x86_64-linux-gnu.so
[0.473s] -- Up-to-date: /px4_uxrce/camera_legacy_ws/install/realsense2_camera_msgs/lib/librealsense2_camera_msgs__rosidl_generator_py.so
[0.474s] -- Up-to-date: /px4_uxrce/camera_legacy_ws/install/realsense2_camera_msgs/share/realsense2_camera_msgs/msg/IMUInfo.idl
[0.474s] -- Up-to-date: /px4_uxrce/camera_legacy_ws/install/realsense2_camera_msgs/share/realsense2_camera_msgs/msg/Extrinsics.idl
[0.474s] -- Up-to-date: /px4_uxrce/camera_legacy_ws/install/realsense2_camera_msgs/share/realsense2_camera_msgs/msg/Metadata.idl
[0.474s] -- Up-to-date: /px4_uxrce/camera_legacy_ws/install/realsense2_camera_msgs/share/realsense2_camera_msgs/srv/DeviceInfo.idl
[0.474s] -- Up-to-date: /px4_uxrce/camera_legacy_ws/install/realsense2_camera_msgs/share/realsense2_camera_msgs/msg/IMUInfo.msg
[0.474s] -- Up-to-date: /px4_uxrce/camera_legacy_ws/install/realsense2_camera_msgs/share/realsense2_camera_msgs/msg/Extrinsics.msg
[0.475s] -- Up-to-date: /px4_uxrce/camera_legacy_ws/install/realsense2_camera_msgs/share/realsense2_camera_msgs/msg/Metadata.msg
[0.475s] -- Up-to-date: /px4_uxrce/camera_legacy_ws/install/realsense2_camera_msgs/share/realsense2_camera_msgs/srv/DeviceInfo.srv
[0.475s] -- Up-to-date: /px4_uxrce/camera_legacy_ws/install/realsense2_camera_msgs/share/realsense2_camera_msgs/srv/DeviceInfo_Request.msg
[0.475s] -- Up-to-date: /px4_uxrce/camera_legacy_ws/install/realsense2_camera_msgs/share/realsense2_camera_msgs/srv/DeviceInfo_Response.msg
[0.475s] -- Up-to-date: /px4_uxrce/camera_legacy_ws/install/realsense2_camera_msgs/share/ament_index/resource_index/package_run_dependencies/realsense2_camera_msgs
[0.475s] -- Up-to-date: /px4_uxrce/camera_legacy_ws/install/realsense2_camera_msgs/share/ament_index/resource_index/parent_prefix_path/realsense2_camera_msgs
[0.475s] -- Up-to-date: /px4_uxrce/camera_legacy_ws/install/realsense2_camera_msgs/share/realsense2_camera_msgs/environment/ament_prefix_path.sh
[0.476s] -- Up-to-date: /px4_uxrce/camera_legacy_ws/install/realsense2_camera_msgs/share/realsense2_camera_msgs/environment/ament_prefix_path.dsv
[0.476s] -- Up-to-date: /px4_uxrce/camera_legacy_ws/install/realsense2_camera_msgs/share/realsense2_camera_msgs/environment/path.sh
[0.476s] -- Up-to-date: /px4_uxrce/camera_legacy_ws/install/realsense2_camera_msgs/share/realsense2_camera_msgs/environment/path.dsv
[0.476s] -- Up-to-date: /px4_uxrce/camera_legacy_ws/install/realsense2_camera_msgs/share/realsense2_camera_msgs/local_setup.bash
[0.476s] -- Up-to-date: /px4_uxrce/camera_legacy_ws/install/realsense2_camera_msgs/share/realsense2_camera_msgs/local_setup.sh
[0.476s] -- Up-to-date: /px4_uxrce/camera_legacy_ws/install/realsense2_camera_msgs/share/realsense2_camera_msgs/local_setup.zsh
[0.476s] -- Up-to-date: /px4_uxrce/camera_legacy_ws/install/realsense2_camera_msgs/share/realsense2_camera_msgs/local_setup.dsv
[0.476s] -- Installing: /px4_uxrce/camera_legacy_ws/install/realsense2_camera_msgs/share/realsense2_camera_msgs/package.dsv
[0.477s] -- Up-to-date: /px4_uxrce/camera_legacy_ws/install/realsense2_camera_msgs/share/ament_index/resource_index/packages/realsense2_camera_msgs
[0.477s] -- Up-to-date: /px4_uxrce/camera_legacy_ws/install/realsense2_camera_msgs/share/realsense2_camera_msgs/cmake/export_realsense2_camera_msgs__rosidl_generator_cExport.cmake
[0.477s] -- Up-to-date: /px4_uxrce/camera_legacy_ws/install/realsense2_camera_msgs/share/realsense2_camera_msgs/cmake/export_realsense2_camera_msgs__rosidl_generator_cExport-noconfig.cmake
[0.477s] -- Up-to-date: /px4_uxrce/camera_legacy_ws/install/realsense2_camera_msgs/share/realsense2_camera_msgs/cmake/export_realsense2_camera_msgs__rosidl_typesupport_fastrtps_cExport.cmake
[0.477s] -- Up-to-date: /px4_uxrce/camera_legacy_ws/install/realsense2_camera_msgs/share/realsense2_camera_msgs/cmake/export_realsense2_camera_msgs__rosidl_typesupport_fastrtps_cExport-noconfig.cmake
[0.477s] -- Up-to-date: /px4_uxrce/camera_legacy_ws/install/realsense2_camera_msgs/share/realsense2_camera_msgs/cmake/realsense2_camera_msgs__rosidl_typesupport_introspection_cExport.cmake
[0.477s] -- Up-to-date: /px4_uxrce/camera_legacy_ws/install/realsense2_camera_msgs/share/realsense2_camera_msgs/cmake/realsense2_camera_msgs__rosidl_typesupport_introspection_cExport-noconfig.cmake
[0.478s] -- Up-to-date: /px4_uxrce/camera_legacy_ws/install/realsense2_camera_msgs/share/realsense2_camera_msgs/cmake/realsense2_camera_msgs__rosidl_typesupport_cExport.cmake
[0.478s] -- Up-to-date: /px4_uxrce/camera_legacy_ws/install/realsense2_camera_msgs/share/realsense2_camera_msgs/cmake/realsense2_camera_msgs__rosidl_typesupport_cExport-noconfig.cmake
[0.478s] -- Up-to-date: /px4_uxrce/camera_legacy_ws/install/realsense2_camera_msgs/share/realsense2_camera_msgs/cmake/export_realsense2_camera_msgs__rosidl_generator_cppExport.cmake
[0.478s] -- Up-to-date: /px4_uxrce/camera_legacy_ws/install/realsense2_camera_msgs/share/realsense2_camera_msgs/cmake/export_realsense2_camera_msgs__rosidl_typesupport_fastrtps_cppExport.cmake
[0.478s] -- Up-to-date: /px4_uxrce/camera_legacy_ws/install/realsense2_camera_msgs/share/realsense2_camera_msgs/cmake/export_realsense2_camera_msgs__rosidl_typesupport_fastrtps_cppExport-noconfig.cmake
[0.478s] -- Up-to-date: /px4_uxrce/camera_legacy_ws/install/realsense2_camera_msgs/share/realsense2_camera_msgs/cmake/realsense2_camera_msgs__rosidl_typesupport_introspection_cppExport.cmake
[0.478s] -- Up-to-date: /px4_uxrce/camera_legacy_ws/install/realsense2_camera_msgs/share/realsense2_camera_msgs/cmake/realsense2_camera_msgs__rosidl_typesupport_introspection_cppExport-noconfig.cmake
[0.478s] -- Up-to-date: /px4_uxrce/camera_legacy_ws/install/realsense2_camera_msgs/share/realsense2_camera_msgs/cmake/realsense2_camera_msgs__rosidl_typesupport_cppExport.cmake
[0.479s] -- Up-to-date: /px4_uxrce/camera_legacy_ws/install/realsense2_camera_msgs/share/realsense2_camera_msgs/cmake/realsense2_camera_msgs__rosidl_typesupport_cppExport-noconfig.cmake
[0.479s] -- Up-to-date: /px4_uxrce/camera_legacy_ws/install/realsense2_camera_msgs/share/realsense2_camera_msgs/cmake/export_realsense2_camera_msgs__rosidl_generator_pyExport.cmake
[0.479s] -- Up-to-date: /px4_uxrce/camera_legacy_ws/install/realsense2_camera_msgs/share/realsense2_camera_msgs/cmake/export_realsense2_camera_msgs__rosidl_generator_pyExport-noconfig.cmake
[0.479s] -- Up-to-date: /px4_uxrce/camera_legacy_ws/install/realsense2_camera_msgs/share/realsense2_camera_msgs/cmake/rosidl_cmake-extras.cmake
[0.479s] -- Up-to-date: /px4_uxrce/camera_legacy_ws/install/realsense2_camera_msgs/share/realsense2_camera_msgs/cmake/ament_cmake_export_dependencies-extras.cmake
[0.479s] -- Up-to-date: /px4_uxrce/camera_legacy_ws/install/realsense2_camera_msgs/share/realsense2_camera_msgs/cmake/ament_cmake_export_include_directories-extras.cmake
[0.479s] -- Up-to-date: /px4_uxrce/camera_legacy_ws/install/realsense2_camera_msgs/share/realsense2_camera_msgs/cmake/ament_cmake_export_libraries-extras.cmake
[0.479s] -- Up-to-date: /px4_uxrce/camera_legacy_ws/install/realsense2_camera_msgs/share/realsense2_camera_msgs/cmake/ament_cmake_export_targets-extras.cmake
[0.480s] -- Up-to-date: /px4_uxrce/camera_legacy_ws/install/realsense2_camera_msgs/share/realsense2_camera_msgs/cmake/rosidl_cmake_export_typesupport_targets-extras.cmake
[0.480s] -- Up-to-date: /px4_uxrce/camera_legacy_ws/install/realsense2_camera_msgs/share/realsense2_camera_msgs/cmake/rosidl_cmake_export_typesupport_libraries-extras.cmake
[0.481s] -- Up-to-date: /px4_uxrce/camera_legacy_ws/install/realsense2_camera_msgs/share/realsense2_camera_msgs/cmake/realsense2_camera_msgsConfig.cmake
[0.481s] -- Up-to-date: /px4_uxrce/camera_legacy_ws/install/realsense2_camera_msgs/share/realsense2_camera_msgs/cmake/realsense2_camera_msgsConfig-version.cmake
[0.481s] -- Up-to-date: /px4_uxrce/camera_legacy_ws/install/realsense2_camera_msgs/share/realsense2_camera_msgs/package.xml
[0.481s] Invoked command in '/px4_uxrce/camera_legacy_ws/build/realsense2_camera_msgs' returned '0': CMAKE_PREFIX_PATH=${CMAKE_PREFIX_PATH}:/opt/ros/humble /usr/bin/cmake --install /px4_uxrce/camera_legacy_ws/build/realsense2_camera_msgs
