running egg_info
writing ../../build/clustering_python/clustering_python.egg-info/PKG-INFO
writing dependency_links to ../../build/clustering_python/clustering_python.egg-info/dependency_links.txt
writing entry points to ../../build/clustering_python/clustering_python.egg-info/entry_points.txt
writing requirements to ../../build/clustering_python/clustering_python.egg-info/requires.txt
writing top-level names to ../../build/clustering_python/clustering_python.egg-info/top_level.txt
reading manifest file '../../build/clustering_python/clustering_python.egg-info/SOURCES.txt'
adding license file 'LICENSE'
writing manifest file '../../build/clustering_python/clustering_python.egg-info/SOURCES.txt'
running build
running build_py
running install
running install_lib
running install_data
running install_egg_info
removing '/px4_uxrce/convex_ellipsoid_planner/install/clustering_python/lib/python3.10/site-packages/clustering_python-0.0.0-py3.10.egg-info' (and everything under it)
Copying ../../build/clustering_python/clustering_python.egg-info to /px4_uxrce/convex_ellipsoid_planner/install/clustering_python/lib/python3.10/site-packages/clustering_python-0.0.0-py3.10.egg-info
running install_scripts
Installing bounding_box_node script to /px4_uxrce/convex_ellipsoid_planner/install/clustering_python/lib/clustering_python
writing list of installed files to '/px4_uxrce/convex_ellipsoid_planner/build/clustering_python/install.log'
