-- The C compiler identification is GNU 11.4.0
-- The CXX compiler identification is GNU 11.4.0
-- Detecting C compiler ABI info
-- Detecting C compiler ABI info - done
-- Check for working C compiler: /usr/bin/cc - skipped
-- Detecting C compile features
-- Detecting C compile features - done
-- Detecting CXX compiler ABI info
-- Detecting CXX compiler ABI info - done
-- Check for working CXX compiler: /usr/bin/c++ - skipped
-- Detecting CXX compile features
-- Detecting CXX compile features - done
-- Found ament_cmake: 1.3.11 (/opt/ros/humble/share/ament_cmake/cmake)
-- Found Python3: /usr/bin/python3 (found version "3.10.12") found components: Interpreter 
-- Found ament_lint_auto: 0.12.11 (/opt/ros/humble/share/ament_lint_auto/cmake)
-- Added test 'lint_cmake' to check CMake code style
-- Added test 'xmllint' to check XML markup files
-- Configuring done
-- Generating done
-- Build files have been written to: /px4_uxrce/t265_px4_bridge/build/bridge_px4
-- Install configuration: ""
-- Installing: /px4_uxrce/t265_px4_bridge/install/bridge_px4/share/ament_index/resource_index/package_run_dependencies/bridge_px4
-- Installing: /px4_uxrce/t265_px4_bridge/install/bridge_px4/share/ament_index/resource_index/parent_prefix_path/bridge_px4
-- Installing: /px4_uxrce/t265_px4_bridge/install/bridge_px4/share/bridge_px4/environment/ament_prefix_path.sh
-- Installing: /px4_uxrce/t265_px4_bridge/install/bridge_px4/share/bridge_px4/environment/ament_prefix_path.dsv
-- Installing: /px4_uxrce/t265_px4_bridge/install/bridge_px4/share/bridge_px4/environment/path.sh
-- Installing: /px4_uxrce/t265_px4_bridge/install/bridge_px4/share/bridge_px4/environment/path.dsv
-- Installing: /px4_uxrce/t265_px4_bridge/install/bridge_px4/share/bridge_px4/local_setup.bash
-- Installing: /px4_uxrce/t265_px4_bridge/install/bridge_px4/share/bridge_px4/local_setup.sh
-- Installing: /px4_uxrce/t265_px4_bridge/install/bridge_px4/share/bridge_px4/local_setup.zsh
-- Installing: /px4_uxrce/t265_px4_bridge/install/bridge_px4/share/bridge_px4/local_setup.dsv
-- Installing: /px4_uxrce/t265_px4_bridge/install/bridge_px4/share/bridge_px4/package.dsv
-- Installing: /px4_uxrce/t265_px4_bridge/install/bridge_px4/share/ament_index/resource_index/packages/bridge_px4
-- Installing: /px4_uxrce/t265_px4_bridge/install/bridge_px4/share/bridge_px4/cmake/bridge_px4Config.cmake
-- Installing: /px4_uxrce/t265_px4_bridge/install/bridge_px4/share/bridge_px4/cmake/bridge_px4Config-version.cmake
-- Installing: /px4_uxrce/t265_px4_bridge/install/bridge_px4/share/bridge_px4/package.xml
