[0.015s] Invoking command in '/px4_uxrce/t265_px4_bridge/build/bridge_px4': CMAKE_PREFIX_PATH=/px4_uxrce/t265_px4_bridge/install/launch_testing_examples:/px4_uxrce/t265_px4_bridge/install/examples_rclpy_pointcloud_publisher:/px4_uxrce/t265_px4_bridge/install/examples_rclpy_minimal_subscriber:/px4_uxrce/t265_px4_bridge/install/examples_rclpy_minimal_service:/px4_uxrce/t265_px4_bridge/install/examples_rclpy_minimal_publisher:/px4_uxrce/t265_px4_bridge/install/examples_rclpy_minimal_client:/px4_uxrce/t265_px4_bridge/install/examples_rclpy_minimal_action_server:/px4_uxrce/t265_px4_bridge/install/examples_rclpy_minimal_action_client:/px4_uxrce/t265_px4_bridge/install/examples_rclpy_guard_conditions:/px4_uxrce/t265_px4_bridge/install/examples_rclpy_executors:/opt/ros/humble:${CMAKE_PREFIX_PATH} /usr/bin/cmake /px4_uxrce/t265_px4_bridge/src/bridge_px4 -DCMAKE_INSTALL_PREFIX=/px4_uxrce/t265_px4_bridge/install/bridge_px4
[0.064s] -- The C compiler identification is GNU 11.4.0
[0.116s] -- The CXX compiler identification is GNU 11.4.0
[0.122s] -- Detecting C compiler ABI info
[0.184s] -- Detecting C compiler ABI info - done
[0.194s] -- Check for working C compiler: /usr/bin/cc - skipped
[0.194s] -- Detecting C compile features
[0.194s] -- Detecting C compile features - done
[0.198s] -- Detecting CXX compiler ABI info
[0.281s] -- Detecting CXX compiler ABI info - done
[0.291s] -- Check for working CXX compiler: /usr/bin/c++ - skipped
[0.292s] -- Detecting CXX compile features
[0.292s] -- Detecting CXX compile features - done
[0.296s] -- Found ament_cmake: 1.3.11 (/opt/ros/humble/share/ament_cmake/cmake)
[0.453s] -- Found Python3: /usr/bin/python3 (found version "3.10.12") found components: Interpreter 
[0.564s] -- Found ament_lint_auto: 0.12.11 (/opt/ros/humble/share/ament_lint_auto/cmake)
[0.657s] -- Added test 'lint_cmake' to check CMake code style
[0.658s] -- Added test 'xmllint' to check XML markup files
[0.660s] -- Configuring done
[0.663s] -- Generating done
[0.665s] -- Build files have been written to: /px4_uxrce/t265_px4_bridge/build/bridge_px4
[0.671s] Invoked command in '/px4_uxrce/t265_px4_bridge/build/bridge_px4' returned '0': CMAKE_PREFIX_PATH=/px4_uxrce/t265_px4_bridge/install/launch_testing_examples:/px4_uxrce/t265_px4_bridge/install/examples_rclpy_pointcloud_publisher:/px4_uxrce/t265_px4_bridge/install/examples_rclpy_minimal_subscriber:/px4_uxrce/t265_px4_bridge/install/examples_rclpy_minimal_service:/px4_uxrce/t265_px4_bridge/install/examples_rclpy_minimal_publisher:/px4_uxrce/t265_px4_bridge/install/examples_rclpy_minimal_client:/px4_uxrce/t265_px4_bridge/install/examples_rclpy_minimal_action_server:/px4_uxrce/t265_px4_bridge/install/examples_rclpy_minimal_action_client:/px4_uxrce/t265_px4_bridge/install/examples_rclpy_guard_conditions:/px4_uxrce/t265_px4_bridge/install/examples_rclpy_executors:/opt/ros/humble:${CMAKE_PREFIX_PATH} /usr/bin/cmake /px4_uxrce/t265_px4_bridge/src/bridge_px4 -DCMAKE_INSTALL_PREFIX=/px4_uxrce/t265_px4_bridge/install/bridge_px4
[0.672s] Invoking command in '/px4_uxrce/t265_px4_bridge/build/bridge_px4': CMAKE_PREFIX_PATH=/px4_uxrce/t265_px4_bridge/install/launch_testing_examples:/px4_uxrce/t265_px4_bridge/install/examples_rclpy_pointcloud_publisher:/px4_uxrce/t265_px4_bridge/install/examples_rclpy_minimal_subscriber:/px4_uxrce/t265_px4_bridge/install/examples_rclpy_minimal_service:/px4_uxrce/t265_px4_bridge/install/examples_rclpy_minimal_publisher:/px4_uxrce/t265_px4_bridge/install/examples_rclpy_minimal_client:/px4_uxrce/t265_px4_bridge/install/examples_rclpy_minimal_action_server:/px4_uxrce/t265_px4_bridge/install/examples_rclpy_minimal_action_client:/px4_uxrce/t265_px4_bridge/install/examples_rclpy_guard_conditions:/px4_uxrce/t265_px4_bridge/install/examples_rclpy_executors:/opt/ros/humble:${CMAKE_PREFIX_PATH} /usr/bin/cmake --build /px4_uxrce/t265_px4_bridge/build/bridge_px4 -- -j12 -l12
[0.706s] Invoked command in '/px4_uxrce/t265_px4_bridge/build/bridge_px4' returned '0': CMAKE_PREFIX_PATH=/px4_uxrce/t265_px4_bridge/install/launch_testing_examples:/px4_uxrce/t265_px4_bridge/install/examples_rclpy_pointcloud_publisher:/px4_uxrce/t265_px4_bridge/install/examples_rclpy_minimal_subscriber:/px4_uxrce/t265_px4_bridge/install/examples_rclpy_minimal_service:/px4_uxrce/t265_px4_bridge/install/examples_rclpy_minimal_publisher:/px4_uxrce/t265_px4_bridge/install/examples_rclpy_minimal_client:/px4_uxrce/t265_px4_bridge/install/examples_rclpy_minimal_action_server:/px4_uxrce/t265_px4_bridge/install/examples_rclpy_minimal_action_client:/px4_uxrce/t265_px4_bridge/install/examples_rclpy_guard_conditions:/px4_uxrce/t265_px4_bridge/install/examples_rclpy_executors:/opt/ros/humble:${CMAKE_PREFIX_PATH} /usr/bin/cmake --build /px4_uxrce/t265_px4_bridge/build/bridge_px4 -- -j12 -l12
[0.708s] Invoking command in '/px4_uxrce/t265_px4_bridge/build/bridge_px4': CMAKE_PREFIX_PATH=/px4_uxrce/t265_px4_bridge/install/launch_testing_examples:/px4_uxrce/t265_px4_bridge/install/examples_rclpy_pointcloud_publisher:/px4_uxrce/t265_px4_bridge/install/examples_rclpy_minimal_subscriber:/px4_uxrce/t265_px4_bridge/install/examples_rclpy_minimal_service:/px4_uxrce/t265_px4_bridge/install/examples_rclpy_minimal_publisher:/px4_uxrce/t265_px4_bridge/install/examples_rclpy_minimal_client:/px4_uxrce/t265_px4_bridge/install/examples_rclpy_minimal_action_server:/px4_uxrce/t265_px4_bridge/install/examples_rclpy_minimal_action_client:/px4_uxrce/t265_px4_bridge/install/examples_rclpy_guard_conditions:/px4_uxrce/t265_px4_bridge/install/examples_rclpy_executors:/opt/ros/humble:${CMAKE_PREFIX_PATH} /usr/bin/cmake --install /px4_uxrce/t265_px4_bridge/build/bridge_px4
[0.714s] -- Install configuration: ""
[0.714s] -- Installing: /px4_uxrce/t265_px4_bridge/install/bridge_px4/share/ament_index/resource_index/package_run_dependencies/bridge_px4
[0.714s] -- Installing: /px4_uxrce/t265_px4_bridge/install/bridge_px4/share/ament_index/resource_index/parent_prefix_path/bridge_px4
[0.714s] -- Installing: /px4_uxrce/t265_px4_bridge/install/bridge_px4/share/bridge_px4/environment/ament_prefix_path.sh
[0.714s] -- Installing: /px4_uxrce/t265_px4_bridge/install/bridge_px4/share/bridge_px4/environment/ament_prefix_path.dsv
[0.714s] -- Installing: /px4_uxrce/t265_px4_bridge/install/bridge_px4/share/bridge_px4/environment/path.sh
[0.714s] -- Installing: /px4_uxrce/t265_px4_bridge/install/bridge_px4/share/bridge_px4/environment/path.dsv
[0.714s] -- Installing: /px4_uxrce/t265_px4_bridge/install/bridge_px4/share/bridge_px4/local_setup.bash
[0.714s] -- Installing: /px4_uxrce/t265_px4_bridge/install/bridge_px4/share/bridge_px4/local_setup.sh
[0.715s] -- Installing: /px4_uxrce/t265_px4_bridge/install/bridge_px4/share/bridge_px4/local_setup.zsh
[0.715s] -- Installing: /px4_uxrce/t265_px4_bridge/install/bridge_px4/share/bridge_px4/local_setup.dsv
[0.715s] -- Installing: /px4_uxrce/t265_px4_bridge/install/bridge_px4/share/bridge_px4/package.dsv
[0.715s] -- Installing: /px4_uxrce/t265_px4_bridge/install/bridge_px4/share/ament_index/resource_index/packages/bridge_px4
[0.715s] -- Installing: /px4_uxrce/t265_px4_bridge/install/bridge_px4/share/bridge_px4/cmake/bridge_px4Config.cmake
[0.715s] -- Installing: /px4_uxrce/t265_px4_bridge/install/bridge_px4/share/bridge_px4/cmake/bridge_px4Config-version.cmake
[0.715s] -- Installing: /px4_uxrce/t265_px4_bridge/install/bridge_px4/share/bridge_px4/package.xml
[0.718s] Invoked command in '/px4_uxrce/t265_px4_bridge/build/bridge_px4' returned '0': CMAKE_PREFIX_PATH=/px4_uxrce/t265_px4_bridge/install/launch_testing_examples:/px4_uxrce/t265_px4_bridge/install/examples_rclpy_pointcloud_publisher:/px4_uxrce/t265_px4_bridge/install/examples_rclpy_minimal_subscriber:/px4_uxrce/t265_px4_bridge/install/examples_rclpy_minimal_service:/px4_uxrce/t265_px4_bridge/install/examples_rclpy_minimal_publisher:/px4_uxrce/t265_px4_bridge/install/examples_rclpy_minimal_client:/px4_uxrce/t265_px4_bridge/install/examples_rclpy_minimal_action_server:/px4_uxrce/t265_px4_bridge/install/examples_rclpy_minimal_action_client:/px4_uxrce/t265_px4_bridge/install/examples_rclpy_guard_conditions:/px4_uxrce/t265_px4_bridge/install/examples_rclpy_executors:/opt/ros/humble:${CMAKE_PREFIX_PATH} /usr/bin/cmake --install /px4_uxrce/t265_px4_bridge/build/bridge_px4
