[0.855s] Invoking command in '/px4_uxrce/new/px4-offboard_ws/src/px4-mpc/px4_mpc': AMENT_PREFIX_PATH=/px4_uxrce/new/px4-offboard_ws/install/px4_offboard:/px4_uxrce/new/px4-offboard_ws/install/px4_msgs:/px4_uxrce/new/px4-offboard_ws/install/mpc_msgs:${AMENT_PREFIX_PATH} CMAKE_PREFIX_PATH=/px4_uxrce/new/px4-offboard_ws/install/px4_msgs:/px4_uxrce/new/px4-offboard_ws/install/mpc_msgs LD_LIBRARY_PATH=/px4_uxrce/new/px4-offboard_ws/install/px4_msgs/lib:/px4_uxrce/new/px4-offboard_ws/install/mpc_msgs/lib:${LD_LIBRARY_PATH} PYTHONPATH=/px4_uxrce/new/px4-offboard_ws/build/px4_mpc/prefix_override:/usr/lib/python3/dist-packages/colcon_core/task/python/colcon_distutils_commands:/px4_uxrce/new/px4-offboard_ws/install/px4_mpc/lib/python3.10/site-packages:/px4_uxrce/new/px4-offboard_ws/install/px4_offboard/lib/python3.10/site-packages:/px4_uxrce/new/px4-offboard_ws/install/px4_msgs/local/lib/python3.10/dist-packages:/px4_uxrce/new/px4-offboard_ws/install/mpc_msgs/local/lib/python3.10/dist-packages:${PYTHONPATH} /usr/bin/python3 -W ignore:setup.py install is deprecated -W ignore:easy_install command is deprecated setup.py egg_info --egg-base ../../../build/px4_mpc build --build-base /px4_uxrce/new/px4-offboard_ws/build/px4_mpc/build install --record /px4_uxrce/new/px4-offboard_ws/build/px4_mpc/install.log --single-version-externally-managed install_data
[1.046s] /usr/local/lib/python3.10/dist-packages/setuptools/_distutils/dist.py:270: UserWarning: Unknown distribution option: 'tests_require'
[1.046s]   warnings.warn(msg)
[1.165s] running egg_info
[1.183s] creating ../../../build/px4_mpc/px4_mpc.egg-info
[1.183s] writing ../../../build/px4_mpc/px4_mpc.egg-info/PKG-INFO
[1.183s] writing dependency_links to ../../../build/px4_mpc/px4_mpc.egg-info/dependency_links.txt
[1.184s] writing entry points to ../../../build/px4_mpc/px4_mpc.egg-info/entry_points.txt
[1.184s] writing requirements to ../../../build/px4_mpc/px4_mpc.egg-info/requires.txt
[1.184s] writing top-level names to ../../../build/px4_mpc/px4_mpc.egg-info/top_level.txt
[1.184s] writing manifest file '../../../build/px4_mpc/px4_mpc.egg-info/SOURCES.txt'
[1.222s] reading manifest file '../../../build/px4_mpc/px4_mpc.egg-info/SOURCES.txt'
[1.224s] writing manifest file '../../../build/px4_mpc/px4_mpc.egg-info/SOURCES.txt'
[1.224s] running build
[1.224s] running build_py
[1.224s] creating /px4_uxrce/new/px4-offboard_ws/build/px4_mpc/build/lib/px4_mpc
[1.224s] copying px4_mpc/test_multirotor_rate_ocp.py -> /px4_uxrce/new/px4-offboard_ws/build/px4_mpc/build/lib/px4_mpc
[1.224s] copying px4_mpc/__init__.py -> /px4_uxrce/new/px4-offboard_ws/build/px4_mpc/build/lib/px4_mpc
[1.225s] copying px4_mpc/rviz_pos_marker.py -> /px4_uxrce/new/px4-offboard_ws/build/px4_mpc/build/lib/px4_mpc
[1.225s] copying px4_mpc/visualization.py -> /px4_uxrce/new/px4-offboard_ws/build/px4_mpc/build/lib/px4_mpc
[1.225s] copying px4_mpc/mpc_quadrotor.py -> /px4_uxrce/new/px4-offboard_ws/build/px4_mpc/build/lib/px4_mpc
[1.225s] copying px4_mpc/mpc_spacecraft.py -> /px4_uxrce/new/px4-offboard_ws/build/px4_mpc/build/lib/px4_mpc
[1.225s] copying px4_mpc/test_multirotor_rate_closedloop.py -> /px4_uxrce/new/px4-offboard_ws/build/px4_mpc/build/lib/px4_mpc
[1.226s] creating /px4_uxrce/new/px4-offboard_ws/build/px4_mpc/build/lib/px4_mpc/models
[1.226s] copying px4_mpc/models/spacecraft_rate_model.py -> /px4_uxrce/new/px4-offboard_ws/build/px4_mpc/build/lib/px4_mpc/models
[1.226s] copying px4_mpc/models/spacecraft_direct_allocation_model.py -> /px4_uxrce/new/px4-offboard_ws/build/px4_mpc/build/lib/px4_mpc/models
[1.226s] copying px4_mpc/models/spacecraft_wrench_model.py -> /px4_uxrce/new/px4-offboard_ws/build/px4_mpc/build/lib/px4_mpc/models
[1.226s] copying px4_mpc/models/__init__.py -> /px4_uxrce/new/px4-offboard_ws/build/px4_mpc/build/lib/px4_mpc/models
[1.227s] copying px4_mpc/models/multirotor_rate_model.py -> /px4_uxrce/new/px4-offboard_ws/build/px4_mpc/build/lib/px4_mpc/models
[1.227s] creating /px4_uxrce/new/px4-offboard_ws/build/px4_mpc/build/lib/px4_mpc/controllers
[1.227s] copying px4_mpc/controllers/spacecraft_direct_allocation_mpc.py -> /px4_uxrce/new/px4-offboard_ws/build/px4_mpc/build/lib/px4_mpc/controllers
[1.227s] copying px4_mpc/controllers/multirotor_rate_mpc.py -> /px4_uxrce/new/px4-offboard_ws/build/px4_mpc/build/lib/px4_mpc/controllers
[1.227s] copying px4_mpc/controllers/spacecraft_wrench_mpc.py -> /px4_uxrce/new/px4-offboard_ws/build/px4_mpc/build/lib/px4_mpc/controllers
[1.228s] copying px4_mpc/controllers/__init__.py -> /px4_uxrce/new/px4-offboard_ws/build/px4_mpc/build/lib/px4_mpc/controllers
[1.228s] copying px4_mpc/controllers/spacecraft_rate_mpc.py -> /px4_uxrce/new/px4-offboard_ws/build/px4_mpc/build/lib/px4_mpc/controllers
[1.228s] creating /px4_uxrce/new/px4-offboard_ws/build/px4_mpc/build/lib/px4_mpc/simulation
[1.228s] copying px4_mpc/simulation/__init__.py -> /px4_uxrce/new/px4-offboard_ws/build/px4_mpc/build/lib/px4_mpc/simulation
[1.228s] copying px4_mpc/simulation/basic_environment.py -> /px4_uxrce/new/px4-offboard_ws/build/px4_mpc/build/lib/px4_mpc/simulation
[1.229s] running install
[1.237s] running install_lib
[1.256s] creating /px4_uxrce/new/px4-offboard_ws/install/px4_mpc/lib/python3.10/site-packages/px4_mpc
[1.256s] creating /px4_uxrce/new/px4-offboard_ws/install/px4_mpc/lib/python3.10/site-packages/px4_mpc/models
[1.256s] copying /px4_uxrce/new/px4-offboard_ws/build/px4_mpc/build/lib/px4_mpc/models/spacecraft_rate_model.py -> /px4_uxrce/new/px4-offboard_ws/install/px4_mpc/lib/python3.10/site-packages/px4_mpc/models
[1.256s] copying /px4_uxrce/new/px4-offboard_ws/build/px4_mpc/build/lib/px4_mpc/models/spacecraft_direct_allocation_model.py -> /px4_uxrce/new/px4-offboard_ws/install/px4_mpc/lib/python3.10/site-packages/px4_mpc/models
[1.256s] copying /px4_uxrce/new/px4-offboard_ws/build/px4_mpc/build/lib/px4_mpc/models/spacecraft_wrench_model.py -> /px4_uxrce/new/px4-offboard_ws/install/px4_mpc/lib/python3.10/site-packages/px4_mpc/models
[1.256s] copying /px4_uxrce/new/px4-offboard_ws/build/px4_mpc/build/lib/px4_mpc/models/__init__.py -> /px4_uxrce/new/px4-offboard_ws/install/px4_mpc/lib/python3.10/site-packages/px4_mpc/models
[1.256s] copying /px4_uxrce/new/px4-offboard_ws/build/px4_mpc/build/lib/px4_mpc/models/multirotor_rate_model.py -> /px4_uxrce/new/px4-offboard_ws/install/px4_mpc/lib/python3.10/site-packages/px4_mpc/models
[1.256s] creating /px4_uxrce/new/px4-offboard_ws/install/px4_mpc/lib/python3.10/site-packages/px4_mpc/controllers
[1.257s] copying /px4_uxrce/new/px4-offboard_ws/build/px4_mpc/build/lib/px4_mpc/controllers/spacecraft_direct_allocation_mpc.py -> /px4_uxrce/new/px4-offboard_ws/install/px4_mpc/lib/python3.10/site-packages/px4_mpc/controllers
[1.257s] copying /px4_uxrce/new/px4-offboard_ws/build/px4_mpc/build/lib/px4_mpc/controllers/multirotor_rate_mpc.py -> /px4_uxrce/new/px4-offboard_ws/install/px4_mpc/lib/python3.10/site-packages/px4_mpc/controllers
[1.257s] copying /px4_uxrce/new/px4-offboard_ws/build/px4_mpc/build/lib/px4_mpc/controllers/spacecraft_wrench_mpc.py -> /px4_uxrce/new/px4-offboard_ws/install/px4_mpc/lib/python3.10/site-packages/px4_mpc/controllers
[1.257s] copying /px4_uxrce/new/px4-offboard_ws/build/px4_mpc/build/lib/px4_mpc/controllers/__init__.py -> /px4_uxrce/new/px4-offboard_ws/install/px4_mpc/lib/python3.10/site-packages/px4_mpc/controllers
[1.257s] copying /px4_uxrce/new/px4-offboard_ws/build/px4_mpc/build/lib/px4_mpc/controllers/spacecraft_rate_mpc.py -> /px4_uxrce/new/px4-offboard_ws/install/px4_mpc/lib/python3.10/site-packages/px4_mpc/controllers
[1.257s] creating /px4_uxrce/new/px4-offboard_ws/install/px4_mpc/lib/python3.10/site-packages/px4_mpc/simulation
[1.257s] copying /px4_uxrce/new/px4-offboard_ws/build/px4_mpc/build/lib/px4_mpc/simulation/__init__.py -> /px4_uxrce/new/px4-offboard_ws/install/px4_mpc/lib/python3.10/site-packages/px4_mpc/simulation
[1.258s] copying /px4_uxrce/new/px4-offboard_ws/build/px4_mpc/build/lib/px4_mpc/simulation/basic_environment.py -> /px4_uxrce/new/px4-offboard_ws/install/px4_mpc/lib/python3.10/site-packages/px4_mpc/simulation
[1.258s] copying /px4_uxrce/new/px4-offboard_ws/build/px4_mpc/build/lib/px4_mpc/test_multirotor_rate_ocp.py -> /px4_uxrce/new/px4-offboard_ws/install/px4_mpc/lib/python3.10/site-packages/px4_mpc
[1.258s] copying /px4_uxrce/new/px4-offboard_ws/build/px4_mpc/build/lib/px4_mpc/__init__.py -> /px4_uxrce/new/px4-offboard_ws/install/px4_mpc/lib/python3.10/site-packages/px4_mpc
[1.258s] copying /px4_uxrce/new/px4-offboard_ws/build/px4_mpc/build/lib/px4_mpc/rviz_pos_marker.py -> /px4_uxrce/new/px4-offboard_ws/install/px4_mpc/lib/python3.10/site-packages/px4_mpc
[1.258s] copying /px4_uxrce/new/px4-offboard_ws/build/px4_mpc/build/lib/px4_mpc/visualization.py -> /px4_uxrce/new/px4-offboard_ws/install/px4_mpc/lib/python3.10/site-packages/px4_mpc
[1.258s] copying /px4_uxrce/new/px4-offboard_ws/build/px4_mpc/build/lib/px4_mpc/mpc_quadrotor.py -> /px4_uxrce/new/px4-offboard_ws/install/px4_mpc/lib/python3.10/site-packages/px4_mpc
[1.258s] copying /px4_uxrce/new/px4-offboard_ws/build/px4_mpc/build/lib/px4_mpc/mpc_spacecraft.py -> /px4_uxrce/new/px4-offboard_ws/install/px4_mpc/lib/python3.10/site-packages/px4_mpc
[1.258s] copying /px4_uxrce/new/px4-offboard_ws/build/px4_mpc/build/lib/px4_mpc/test_multirotor_rate_closedloop.py -> /px4_uxrce/new/px4-offboard_ws/install/px4_mpc/lib/python3.10/site-packages/px4_mpc
[1.259s] byte-compiling /px4_uxrce/new/px4-offboard_ws/install/px4_mpc/lib/python3.10/site-packages/px4_mpc/models/spacecraft_rate_model.py to spacecraft_rate_model.cpython-310.pyc
[1.260s] byte-compiling /px4_uxrce/new/px4-offboard_ws/install/px4_mpc/lib/python3.10/site-packages/px4_mpc/models/spacecraft_direct_allocation_model.py to spacecraft_direct_allocation_model.cpython-310.pyc
[1.261s] byte-compiling /px4_uxrce/new/px4-offboard_ws/install/px4_mpc/lib/python3.10/site-packages/px4_mpc/models/spacecraft_wrench_model.py to spacecraft_wrench_model.cpython-310.pyc
[1.262s] byte-compiling /px4_uxrce/new/px4-offboard_ws/install/px4_mpc/lib/python3.10/site-packages/px4_mpc/models/__init__.py to __init__.cpython-310.pyc
[1.262s] byte-compiling /px4_uxrce/new/px4-offboard_ws/install/px4_mpc/lib/python3.10/site-packages/px4_mpc/models/multirotor_rate_model.py to multirotor_rate_model.cpython-310.pyc
[1.263s] byte-compiling /px4_uxrce/new/px4-offboard_ws/install/px4_mpc/lib/python3.10/site-packages/px4_mpc/controllers/spacecraft_direct_allocation_mpc.py to spacecraft_direct_allocation_mpc.cpython-310.pyc
[1.264s] byte-compiling /px4_uxrce/new/px4-offboard_ws/install/px4_mpc/lib/python3.10/site-packages/px4_mpc/controllers/multirotor_rate_mpc.py to multirotor_rate_mpc.cpython-310.pyc
[1.265s] byte-compiling /px4_uxrce/new/px4-offboard_ws/install/px4_mpc/lib/python3.10/site-packages/px4_mpc/controllers/spacecraft_wrench_mpc.py to spacecraft_wrench_mpc.cpython-310.pyc
[1.266s] byte-compiling /px4_uxrce/new/px4-offboard_ws/install/px4_mpc/lib/python3.10/site-packages/px4_mpc/controllers/__init__.py to __init__.cpython-310.pyc
[1.266s] byte-compiling /px4_uxrce/new/px4-offboard_ws/install/px4_mpc/lib/python3.10/site-packages/px4_mpc/controllers/spacecraft_rate_mpc.py to spacecraft_rate_mpc.cpython-310.pyc
[1.267s] byte-compiling /px4_uxrce/new/px4-offboard_ws/install/px4_mpc/lib/python3.10/site-packages/px4_mpc/simulation/__init__.py to __init__.cpython-310.pyc
[1.267s] byte-compiling /px4_uxrce/new/px4-offboard_ws/install/px4_mpc/lib/python3.10/site-packages/px4_mpc/simulation/basic_environment.py to basic_environment.cpython-310.pyc
[1.269s] byte-compiling /px4_uxrce/new/px4-offboard_ws/install/px4_mpc/lib/python3.10/site-packages/px4_mpc/test_multirotor_rate_ocp.py to test_multirotor_rate_ocp.cpython-310.pyc
[1.269s] byte-compiling /px4_uxrce/new/px4-offboard_ws/install/px4_mpc/lib/python3.10/site-packages/px4_mpc/__init__.py to __init__.cpython-310.pyc
[1.270s] byte-compiling /px4_uxrce/new/px4-offboard_ws/install/px4_mpc/lib/python3.10/site-packages/px4_mpc/rviz_pos_marker.py to rviz_pos_marker.cpython-310.pyc
[1.271s] byte-compiling /px4_uxrce/new/px4-offboard_ws/install/px4_mpc/lib/python3.10/site-packages/px4_mpc/visualization.py to visualization.cpython-310.pyc
[1.272s] byte-compiling /px4_uxrce/new/px4-offboard_ws/install/px4_mpc/lib/python3.10/site-packages/px4_mpc/mpc_quadrotor.py to mpc_quadrotor.cpython-310.pyc
[1.273s] byte-compiling /px4_uxrce/new/px4-offboard_ws/install/px4_mpc/lib/python3.10/site-packages/px4_mpc/mpc_spacecraft.py to mpc_spacecraft.cpython-310.pyc
[1.276s] byte-compiling /px4_uxrce/new/px4-offboard_ws/install/px4_mpc/lib/python3.10/site-packages/px4_mpc/test_multirotor_rate_closedloop.py to test_multirotor_rate_closedloop.cpython-310.pyc
[1.277s] running install_data
[1.277s] creating /px4_uxrce/new/px4-offboard_ws/install/px4_mpc/share/ament_index/resource_index/packages
[1.277s] copying resource/px4_mpc -> /px4_uxrce/new/px4-offboard_ws/install/px4_mpc/share/ament_index/resource_index/packages
[1.277s] copying package.xml -> /px4_uxrce/new/px4-offboard_ws/install/px4_mpc/share/px4_mpc
[1.278s] copying px4_mpc/launch/mpc_spacecraft_launch.py -> /px4_uxrce/new/px4-offboard_ws/install/px4_mpc/share/px4_mpc
[1.278s] copying px4_mpc/launch/mpc_quadrotor_launch.py -> /px4_uxrce/new/px4-offboard_ws/install/px4_mpc/share/px4_mpc
[1.278s] copying px4_mpc/config/config.rviz -> /px4_uxrce/new/px4-offboard_ws/install/px4_mpc/share/px4_mpc
[1.278s] running install_egg_info
[1.298s] Copying ../../../build/px4_mpc/px4_mpc.egg-info to /px4_uxrce/new/px4-offboard_ws/install/px4_mpc/lib/python3.10/site-packages/px4_mpc-0.0.0-py3.10.egg-info
[1.299s] running install_scripts
[1.451s] Installing mpc_quadrotor script to /px4_uxrce/new/px4-offboard_ws/install/px4_mpc/lib/px4_mpc
[1.451s] Installing mpc_spacecraft script to /px4_uxrce/new/px4-offboard_ws/install/px4_mpc/lib/px4_mpc
[1.451s] Installing rviz_pos_marker script to /px4_uxrce/new/px4-offboard_ws/install/px4_mpc/lib/px4_mpc
[1.451s] Installing test_setpoints script to /px4_uxrce/new/px4-offboard_ws/install/px4_mpc/lib/px4_mpc
[1.452s] writing list of installed files to '/px4_uxrce/new/px4-offboard_ws/build/px4_mpc/install.log'
[1.488s] Invoked command in '/px4_uxrce/new/px4-offboard_ws/src/px4-mpc/px4_mpc' returned '0': AMENT_PREFIX_PATH=/px4_uxrce/new/px4-offboard_ws/install/px4_offboard:/px4_uxrce/new/px4-offboard_ws/install/px4_msgs:/px4_uxrce/new/px4-offboard_ws/install/mpc_msgs:${AMENT_PREFIX_PATH} CMAKE_PREFIX_PATH=/px4_uxrce/new/px4-offboard_ws/install/px4_msgs:/px4_uxrce/new/px4-offboard_ws/install/mpc_msgs LD_LIBRARY_PATH=/px4_uxrce/new/px4-offboard_ws/install/px4_msgs/lib:/px4_uxrce/new/px4-offboard_ws/install/mpc_msgs/lib:${LD_LIBRARY_PATH} PYTHONPATH=/px4_uxrce/new/px4-offboard_ws/build/px4_mpc/prefix_override:/usr/lib/python3/dist-packages/colcon_core/task/python/colcon_distutils_commands:/px4_uxrce/new/px4-offboard_ws/install/px4_mpc/lib/python3.10/site-packages:/px4_uxrce/new/px4-offboard_ws/install/px4_offboard/lib/python3.10/site-packages:/px4_uxrce/new/px4-offboard_ws/install/px4_msgs/local/lib/python3.10/dist-packages:/px4_uxrce/new/px4-offboard_ws/install/mpc_msgs/local/lib/python3.10/dist-packages:${PYTHONPATH} /usr/bin/python3 -W ignore:setup.py install is deprecated -W ignore:easy_install command is deprecated setup.py egg_info --egg-base ../../../build/px4_mpc build --build-base /px4_uxrce/new/px4-offboard_ws/build/px4_mpc/build install --record /px4_uxrce/new/px4-offboard_ws/build/px4_mpc/install.log --single-version-externally-managed install_data
