[0.019s] Invoking command in '/px4_uxrce/t265_px4_bridge/build/cpp_pubsub': CMAKE_PREFIX_PATH=/px4_uxrce/t265_px4_bridge/install/launch_testing_examples:/px4_uxrce/t265_px4_bridge/install/examples_rclpy_pointcloud_publisher:/px4_uxrce/t265_px4_bridge/install/examples_rclpy_minimal_subscriber:/px4_uxrce/t265_px4_bridge/install/examples_rclpy_minimal_service:/px4_uxrce/t265_px4_bridge/install/examples_rclpy_minimal_publisher:/px4_uxrce/t265_px4_bridge/install/examples_rclpy_minimal_client:/px4_uxrce/t265_px4_bridge/install/examples_rclpy_minimal_action_server:/px4_uxrce/t265_px4_bridge/install/examples_rclpy_minimal_action_client:/px4_uxrce/t265_px4_bridge/install/examples_rclpy_guard_conditions:/px4_uxrce/t265_px4_bridge/install/examples_rclpy_executors:/opt/ros/humble:${CMAKE_PREFIX_PATH} /usr/bin/cmake --build /px4_uxrce/t265_px4_bridge/build/cpp_pubsub -- -j12 -l12
[0.055s] -- Found ament_cmake: 1.3.11 (/opt/ros/humble/share/ament_cmake/cmake)
[0.222s] -- Found rclcpp: 16.0.11 (/opt/ros/humble/share/rclcpp/cmake)
[0.254s] -- Found rosidl_generator_c: 3.1.6 (/opt/ros/humble/share/rosidl_generator_c/cmake)
[0.257s] -- Found rosidl_adapter: 3.1.6 (/opt/ros/humble/share/rosidl_adapter/cmake)
[0.263s] -- Found rosidl_generator_cpp: 3.1.6 (/opt/ros/humble/share/rosidl_generator_cpp/cmake)
[0.275s] -- Using all available rosidl_typesupport_c: rosidl_typesupport_fastrtps_c;rosidl_typesupport_introspection_c
[0.291s] -- Using all available rosidl_typesupport_cpp: rosidl_typesupport_fastrtps_cpp;rosidl_typesupport_introspection_cpp
[0.329s] -- Found rmw_implementation_cmake: 6.1.2 (/opt/ros/humble/share/rmw_implementation_cmake/cmake)
[0.331s] -- Found rmw_fastrtps_cpp: 6.2.7 (/opt/ros/humble/share/rmw_fastrtps_cpp/cmake)
[0.452s] -- Using RMW implementation 'rmw_fastrtps_cpp' as default
[0.513s] -- Found nav_msgs: 4.2.4 (/opt/ros/humble/share/nav_msgs/cmake)
[0.546s] -- Found tf2: 0.25.12 (/opt/ros/humble/share/tf2/cmake)
[0.551s] -- Found tf2_geometry_msgs: 0.25.12 (/opt/ros/humble/share/tf2_geometry_msgs/cmake)
[0.555s] -- Found eigen3_cmake_module: 0.1.1 (/opt/ros/humble/share/eigen3_cmake_module/cmake)
[0.556s] -- Ensuring Eigen3 include directory is part of orocos-kdl CMake target
[0.660s] [31mCMake Error at CMakeLists.txt:19 (find_package):
[0.661s]   By not providing "Findpx4_msgs.cmake" in CMAKE_MODULE_PATH this project has
[0.661s]   asked CMake to find a package configuration file provided by "px4_msgs",
[0.661s]   but CMake did not find one.
[0.661s] 
[0.661s]   Could not find a package configuration file provided by "px4_msgs" with any
[0.661s]   of the following names:
[0.661s] 
[0.661s]     px4_msgsConfig.cmake
[0.661s]     px4_msgs-config.cmake
[0.661s] 
[0.661s]   Add the installation prefix of "px4_msgs" to CMAKE_PREFIX_PATH or set
[0.661s]   "px4_msgs_DIR" to a directory containing one of the above files.  If
[0.661s]   "px4_msgs" provides a separate development package or SDK, be sure it has
[0.662s]   been installed.
[0.662s] 
[0.662s] [0m
[0.662s] -- Configuring incomplete, errors occurred!
[0.662s] See also "/px4_uxrce/t265_px4_bridge/build/cpp_pubsub/CMakeFiles/CMakeOutput.log".
[0.669s] gmake: *** [Makefile:308: cmake_check_build_system] Error 1
[0.671s] Invoked command in '/px4_uxrce/t265_px4_bridge/build/cpp_pubsub' returned '2': CMAKE_PREFIX_PATH=/px4_uxrce/t265_px4_bridge/install/launch_testing_examples:/px4_uxrce/t265_px4_bridge/install/examples_rclpy_pointcloud_publisher:/px4_uxrce/t265_px4_bridge/install/examples_rclpy_minimal_subscriber:/px4_uxrce/t265_px4_bridge/install/examples_rclpy_minimal_service:/px4_uxrce/t265_px4_bridge/install/examples_rclpy_minimal_publisher:/px4_uxrce/t265_px4_bridge/install/examples_rclpy_minimal_client:/px4_uxrce/t265_px4_bridge/install/examples_rclpy_minimal_action_server:/px4_uxrce/t265_px4_bridge/install/examples_rclpy_minimal_action_client:/px4_uxrce/t265_px4_bridge/install/examples_rclpy_guard_conditions:/px4_uxrce/t265_px4_bridge/install/examples_rclpy_executors:/opt/ros/humble:${CMAKE_PREFIX_PATH} /usr/bin/cmake --build /px4_uxrce/t265_px4_bridge/build/cpp_pubsub -- -j12 -l12
