running egg_info
creating ../../build/ros2_gym_pybullet_drones/ros2_gym_pybullet_drones.egg-info
writing ../../build/ros2_gym_pybullet_drones/ros2_gym_pybullet_drones.egg-info/PKG-INFO
writing dependency_links to ../../build/ros2_gym_pybullet_drones/ros2_gym_pybullet_drones.egg-info/dependency_links.txt
writing entry points to ../../build/ros2_gym_pybullet_drones/ros2_gym_pybullet_drones.egg-info/entry_points.txt
writing requirements to ../../build/ros2_gym_pybullet_drones/ros2_gym_pybullet_drones.egg-info/requires.txt
writing top-level names to ../../build/ros2_gym_pybullet_drones/ros2_gym_pybullet_drones.egg-info/top_level.txt
writing manifest file '../../build/ros2_gym_pybullet_drones/ros2_gym_pybullet_drones.egg-info/SOURCES.txt'
reading manifest file '../../build/ros2_gym_pybullet_drones/ros2_gym_pybullet_drones.egg-info/SOURCES.txt'
writing manifest file '../../build/ros2_gym_pybullet_drones/ros2_gym_pybullet_drones.egg-info/SOURCES.txt'
running build
running build_py
creating /px4_uxrce/convex_ellipsoid_planner/build/ros2_gym_pybullet_drones/build
creating /px4_uxrce/convex_ellipsoid_planner/build/ros2_gym_pybullet_drones/build/lib
creating /px4_uxrce/convex_ellipsoid_planner/build/ros2_gym_pybullet_drones/build/lib/ros2_gym_pybullet_drones
copying ros2_gym_pybullet_drones/trajectory.py -> /px4_uxrce/convex_ellipsoid_planner/build/ros2_gym_pybullet_drones/build/lib/ros2_gym_pybullet_drones
copying ros2_gym_pybullet_drones/waypoint_control_server.py -> /px4_uxrce/convex_ellipsoid_planner/build/ros2_gym_pybullet_drones/build/lib/ros2_gym_pybullet_drones
copying ros2_gym_pybullet_drones/waypoint_eg.py -> /px4_uxrce/convex_ellipsoid_planner/build/ros2_gym_pybullet_drones/build/lib/ros2_gym_pybullet_drones
copying ros2_gym_pybullet_drones/vision_trajectory_tracker.py -> /px4_uxrce/convex_ellipsoid_planner/build/ros2_gym_pybullet_drones/build/lib/ros2_gym_pybullet_drones
copying ros2_gym_pybullet_drones/aviary_wrapper.py -> /px4_uxrce/convex_ellipsoid_planner/build/ros2_gym_pybullet_drones/build/lib/ros2_gym_pybullet_drones
copying ros2_gym_pybullet_drones/random_control.py -> /px4_uxrce/convex_ellipsoid_planner/build/ros2_gym_pybullet_drones/build/lib/ros2_gym_pybullet_drones
copying ros2_gym_pybullet_drones/__init__.py -> /px4_uxrce/convex_ellipsoid_planner/build/ros2_gym_pybullet_drones/build/lib/ros2_gym_pybullet_drones
copying ros2_gym_pybullet_drones/waypoint_control.py -> /px4_uxrce/convex_ellipsoid_planner/build/ros2_gym_pybullet_drones/build/lib/ros2_gym_pybullet_drones
copying ros2_gym_pybullet_drones/pcd_to_csv.py -> /px4_uxrce/convex_ellipsoid_planner/build/ros2_gym_pybullet_drones/build/lib/ros2_gym_pybullet_drones
copying ros2_gym_pybullet_drones/joystick_control.py -> /px4_uxrce/convex_ellipsoid_planner/build/ros2_gym_pybullet_drones/build/lib/ros2_gym_pybullet_drones
copying ros2_gym_pybullet_drones/hover_control.py -> /px4_uxrce/convex_ellipsoid_planner/build/ros2_gym_pybullet_drones/build/lib/ros2_gym_pybullet_drones
copying ros2_gym_pybullet_drones/vision_wrapper_client.py -> /px4_uxrce/convex_ellipsoid_planner/build/ros2_gym_pybullet_drones/build/lib/ros2_gym_pybullet_drones
copying ros2_gym_pybullet_drones/trajectory_eg.py -> /px4_uxrce/convex_ellipsoid_planner/build/ros2_gym_pybullet_drones/build/lib/ros2_gym_pybullet_drones
copying ros2_gym_pybullet_drones/vision_wrapper.py -> /px4_uxrce/convex_ellipsoid_planner/build/ros2_gym_pybullet_drones/build/lib/ros2_gym_pybullet_drones
running install
running install_lib
creating /px4_uxrce/convex_ellipsoid_planner/install/ros2_gym_pybullet_drones/lib/python3.10/site-packages/ros2_gym_pybullet_drones
copying /px4_uxrce/convex_ellipsoid_planner/build/ros2_gym_pybullet_drones/build/lib/ros2_gym_pybullet_drones/trajectory.py -> /px4_uxrce/convex_ellipsoid_planner/install/ros2_gym_pybullet_drones/lib/python3.10/site-packages/ros2_gym_pybullet_drones
copying /px4_uxrce/convex_ellipsoid_planner/build/ros2_gym_pybullet_drones/build/lib/ros2_gym_pybullet_drones/waypoint_control_server.py -> /px4_uxrce/convex_ellipsoid_planner/install/ros2_gym_pybullet_drones/lib/python3.10/site-packages/ros2_gym_pybullet_drones
copying /px4_uxrce/convex_ellipsoid_planner/build/ros2_gym_pybullet_drones/build/lib/ros2_gym_pybullet_drones/waypoint_eg.py -> /px4_uxrce/convex_ellipsoid_planner/install/ros2_gym_pybullet_drones/lib/python3.10/site-packages/ros2_gym_pybullet_drones
copying /px4_uxrce/convex_ellipsoid_planner/build/ros2_gym_pybullet_drones/build/lib/ros2_gym_pybullet_drones/vision_trajectory_tracker.py -> /px4_uxrce/convex_ellipsoid_planner/install/ros2_gym_pybullet_drones/lib/python3.10/site-packages/ros2_gym_pybullet_drones
copying /px4_uxrce/convex_ellipsoid_planner/build/ros2_gym_pybullet_drones/build/lib/ros2_gym_pybullet_drones/aviary_wrapper.py -> /px4_uxrce/convex_ellipsoid_planner/install/ros2_gym_pybullet_drones/lib/python3.10/site-packages/ros2_gym_pybullet_drones
copying /px4_uxrce/convex_ellipsoid_planner/build/ros2_gym_pybullet_drones/build/lib/ros2_gym_pybullet_drones/random_control.py -> /px4_uxrce/convex_ellipsoid_planner/install/ros2_gym_pybullet_drones/lib/python3.10/site-packages/ros2_gym_pybullet_drones
copying /px4_uxrce/convex_ellipsoid_planner/build/ros2_gym_pybullet_drones/build/lib/ros2_gym_pybullet_drones/__init__.py -> /px4_uxrce/convex_ellipsoid_planner/install/ros2_gym_pybullet_drones/lib/python3.10/site-packages/ros2_gym_pybullet_drones
copying /px4_uxrce/convex_ellipsoid_planner/build/ros2_gym_pybullet_drones/build/lib/ros2_gym_pybullet_drones/waypoint_control.py -> /px4_uxrce/convex_ellipsoid_planner/install/ros2_gym_pybullet_drones/lib/python3.10/site-packages/ros2_gym_pybullet_drones
copying /px4_uxrce/convex_ellipsoid_planner/build/ros2_gym_pybullet_drones/build/lib/ros2_gym_pybullet_drones/pcd_to_csv.py -> /px4_uxrce/convex_ellipsoid_planner/install/ros2_gym_pybullet_drones/lib/python3.10/site-packages/ros2_gym_pybullet_drones
copying /px4_uxrce/convex_ellipsoid_planner/build/ros2_gym_pybullet_drones/build/lib/ros2_gym_pybullet_drones/joystick_control.py -> /px4_uxrce/convex_ellipsoid_planner/install/ros2_gym_pybullet_drones/lib/python3.10/site-packages/ros2_gym_pybullet_drones
copying /px4_uxrce/convex_ellipsoid_planner/build/ros2_gym_pybullet_drones/build/lib/ros2_gym_pybullet_drones/hover_control.py -> /px4_uxrce/convex_ellipsoid_planner/install/ros2_gym_pybullet_drones/lib/python3.10/site-packages/ros2_gym_pybullet_drones
copying /px4_uxrce/convex_ellipsoid_planner/build/ros2_gym_pybullet_drones/build/lib/ros2_gym_pybullet_drones/vision_wrapper_client.py -> /px4_uxrce/convex_ellipsoid_planner/install/ros2_gym_pybullet_drones/lib/python3.10/site-packages/ros2_gym_pybullet_drones
copying /px4_uxrce/convex_ellipsoid_planner/build/ros2_gym_pybullet_drones/build/lib/ros2_gym_pybullet_drones/trajectory_eg.py -> /px4_uxrce/convex_ellipsoid_planner/install/ros2_gym_pybullet_drones/lib/python3.10/site-packages/ros2_gym_pybullet_drones
copying /px4_uxrce/convex_ellipsoid_planner/build/ros2_gym_pybullet_drones/build/lib/ros2_gym_pybullet_drones/vision_wrapper.py -> /px4_uxrce/convex_ellipsoid_planner/install/ros2_gym_pybullet_drones/lib/python3.10/site-packages/ros2_gym_pybullet_drones
byte-compiling /px4_uxrce/convex_ellipsoid_planner/install/ros2_gym_pybullet_drones/lib/python3.10/site-packages/ros2_gym_pybullet_drones/trajectory.py to trajectory.cpython-310.pyc
byte-compiling /px4_uxrce/convex_ellipsoid_planner/install/ros2_gym_pybullet_drones/lib/python3.10/site-packages/ros2_gym_pybullet_drones/waypoint_control_server.py to waypoint_control_server.cpython-310.pyc
byte-compiling /px4_uxrce/convex_ellipsoid_planner/install/ros2_gym_pybullet_drones/lib/python3.10/site-packages/ros2_gym_pybullet_drones/waypoint_eg.py to waypoint_eg.cpython-310.pyc
byte-compiling /px4_uxrce/convex_ellipsoid_planner/install/ros2_gym_pybullet_drones/lib/python3.10/site-packages/ros2_gym_pybullet_drones/vision_trajectory_tracker.py to vision_trajectory_tracker.cpython-310.pyc
byte-compiling /px4_uxrce/convex_ellipsoid_planner/install/ros2_gym_pybullet_drones/lib/python3.10/site-packages/ros2_gym_pybullet_drones/aviary_wrapper.py to aviary_wrapper.cpython-310.pyc
byte-compiling /px4_uxrce/convex_ellipsoid_planner/install/ros2_gym_pybullet_drones/lib/python3.10/site-packages/ros2_gym_pybullet_drones/random_control.py to random_control.cpython-310.pyc
byte-compiling /px4_uxrce/convex_ellipsoid_planner/install/ros2_gym_pybullet_drones/lib/python3.10/site-packages/ros2_gym_pybullet_drones/__init__.py to __init__.cpython-310.pyc
byte-compiling /px4_uxrce/convex_ellipsoid_planner/install/ros2_gym_pybullet_drones/lib/python3.10/site-packages/ros2_gym_pybullet_drones/waypoint_control.py to waypoint_control.cpython-310.pyc
byte-compiling /px4_uxrce/convex_ellipsoid_planner/install/ros2_gym_pybullet_drones/lib/python3.10/site-packages/ros2_gym_pybullet_drones/pcd_to_csv.py to pcd_to_csv.cpython-310.pyc
byte-compiling /px4_uxrce/convex_ellipsoid_planner/install/ros2_gym_pybullet_drones/lib/python3.10/site-packages/ros2_gym_pybullet_drones/joystick_control.py to joystick_control.cpython-310.pyc
byte-compiling /px4_uxrce/convex_ellipsoid_planner/install/ros2_gym_pybullet_drones/lib/python3.10/site-packages/ros2_gym_pybullet_drones/hover_control.py to hover_control.cpython-310.pyc
byte-compiling /px4_uxrce/convex_ellipsoid_planner/install/ros2_gym_pybullet_drones/lib/python3.10/site-packages/ros2_gym_pybullet_drones/vision_wrapper_client.py to vision_wrapper_client.cpython-310.pyc
byte-compiling /px4_uxrce/convex_ellipsoid_planner/install/ros2_gym_pybullet_drones/lib/python3.10/site-packages/ros2_gym_pybullet_drones/trajectory_eg.py to trajectory_eg.cpython-310.pyc
byte-compiling /px4_uxrce/convex_ellipsoid_planner/install/ros2_gym_pybullet_drones/lib/python3.10/site-packages/ros2_gym_pybullet_drones/vision_wrapper.py to vision_wrapper.cpython-310.pyc
running install_data
creating /px4_uxrce/convex_ellipsoid_planner/install/ros2_gym_pybullet_drones/share/ament_index
creating /px4_uxrce/convex_ellipsoid_planner/install/ros2_gym_pybullet_drones/share/ament_index/resource_index
creating /px4_uxrce/convex_ellipsoid_planner/install/ros2_gym_pybullet_drones/share/ament_index/resource_index/packages
copying resource/ros2_gym_pybullet_drones -> /px4_uxrce/convex_ellipsoid_planner/install/ros2_gym_pybullet_drones/share/ament_index/resource_index/packages
copying package.xml -> /px4_uxrce/convex_ellipsoid_planner/install/ros2_gym_pybullet_drones/share/ros2_gym_pybullet_drones
running install_egg_info
Copying ../../build/ros2_gym_pybullet_drones/ros2_gym_pybullet_drones.egg-info to /px4_uxrce/convex_ellipsoid_planner/install/ros2_gym_pybullet_drones/lib/python3.10/site-packages/ros2_gym_pybullet_drones-0.0.1-py3.10.egg-info
running install_scripts
Installing aviary_wrapper script to /px4_uxrce/convex_ellipsoid_planner/install/ros2_gym_pybullet_drones/lib/ros2_gym_pybullet_drones
Installing noisy_aviary script to /px4_uxrce/convex_ellipsoid_planner/install/ros2_gym_pybullet_drones/lib/ros2_gym_pybullet_drones
Installing pcd_to_csv script to /px4_uxrce/convex_ellipsoid_planner/install/ros2_gym_pybullet_drones/lib/ros2_gym_pybullet_drones
Installing random_control script to /px4_uxrce/convex_ellipsoid_planner/install/ros2_gym_pybullet_drones/lib/ros2_gym_pybullet_drones
Installing trajectory_generator script to /px4_uxrce/convex_ellipsoid_planner/install/ros2_gym_pybullet_drones/lib/ros2_gym_pybullet_drones
Installing trajectory_tracker script to /px4_uxrce/convex_ellipsoid_planner/install/ros2_gym_pybullet_drones/lib/ros2_gym_pybullet_drones
Installing vision_client script to /px4_uxrce/convex_ellipsoid_planner/install/ros2_gym_pybullet_drones/lib/ros2_gym_pybullet_drones
Installing vision_wrapper script to /px4_uxrce/convex_ellipsoid_planner/install/ros2_gym_pybullet_drones/lib/ros2_gym_pybullet_drones
Installing waypoint_eg script to /px4_uxrce/convex_ellipsoid_planner/install/ros2_gym_pybullet_drones/lib/ros2_gym_pybullet_drones
writing list of installed files to '/px4_uxrce/convex_ellipsoid_planner/build/ros2_gym_pybullet_drones/install.log'
