[1.275s] Invoking command in '/px4_uxrce/convex_ellipsoid_planner/src/ros2_gym_pybullet_drones': PYTHONPATH=/px4_uxrce/convex_ellipsoid_planner/build/ros2_gym_pybullet_drones/prefix_override:/usr/lib/python3/dist-packages/colcon_core/task/python/colcon_distutils_commands:/px4_uxrce/convex_ellipsoid_planner/install/ros2_gym_pybullet_drones/lib/python3.10/site-packages:${PYTHONPATH} /usr/bin/python3 -W ignore:setup.py install is deprecated -W ignore:easy_install command is deprecated setup.py egg_info --egg-base ../../build/ros2_gym_pybullet_drones build --build-base /px4_uxrce/convex_ellipsoid_planner/build/ros2_gym_pybullet_drones/build install --record /px4_uxrce/convex_ellipsoid_planner/build/ros2_gym_pybullet_drones/install.log --single-version-externally-managed install_data
[1.571s] running egg_info
[1.573s] creating ../../build/ros2_gym_pybullet_drones/ros2_gym_pybullet_drones.egg-info
[1.573s] writing ../../build/ros2_gym_pybullet_drones/ros2_gym_pybullet_drones.egg-info/PKG-INFO
[1.573s] writing dependency_links to ../../build/ros2_gym_pybullet_drones/ros2_gym_pybullet_drones.egg-info/dependency_links.txt
[1.574s] writing entry points to ../../build/ros2_gym_pybullet_drones/ros2_gym_pybullet_drones.egg-info/entry_points.txt
[1.574s] writing requirements to ../../build/ros2_gym_pybullet_drones/ros2_gym_pybullet_drones.egg-info/requires.txt
[1.574s] writing top-level names to ../../build/ros2_gym_pybullet_drones/ros2_gym_pybullet_drones.egg-info/top_level.txt
[1.574s] writing manifest file '../../build/ros2_gym_pybullet_drones/ros2_gym_pybullet_drones.egg-info/SOURCES.txt'
[1.577s] reading manifest file '../../build/ros2_gym_pybullet_drones/ros2_gym_pybullet_drones.egg-info/SOURCES.txt'
[1.578s] writing manifest file '../../build/ros2_gym_pybullet_drones/ros2_gym_pybullet_drones.egg-info/SOURCES.txt'
[1.578s] running build
[1.578s] running build_py
[1.578s] creating /px4_uxrce/convex_ellipsoid_planner/build/ros2_gym_pybullet_drones/build
[1.579s] creating /px4_uxrce/convex_ellipsoid_planner/build/ros2_gym_pybullet_drones/build/lib
[1.579s] creating /px4_uxrce/convex_ellipsoid_planner/build/ros2_gym_pybullet_drones/build/lib/ros2_gym_pybullet_drones
[1.579s] copying ros2_gym_pybullet_drones/trajectory.py -> /px4_uxrce/convex_ellipsoid_planner/build/ros2_gym_pybullet_drones/build/lib/ros2_gym_pybullet_drones
[1.579s] copying ros2_gym_pybullet_drones/waypoint_control_server.py -> /px4_uxrce/convex_ellipsoid_planner/build/ros2_gym_pybullet_drones/build/lib/ros2_gym_pybullet_drones
[1.579s] copying ros2_gym_pybullet_drones/waypoint_eg.py -> /px4_uxrce/convex_ellipsoid_planner/build/ros2_gym_pybullet_drones/build/lib/ros2_gym_pybullet_drones
[1.580s] copying ros2_gym_pybullet_drones/vision_trajectory_tracker.py -> /px4_uxrce/convex_ellipsoid_planner/build/ros2_gym_pybullet_drones/build/lib/ros2_gym_pybullet_drones
[1.580s] copying ros2_gym_pybullet_drones/aviary_wrapper.py -> /px4_uxrce/convex_ellipsoid_planner/build/ros2_gym_pybullet_drones/build/lib/ros2_gym_pybullet_drones
[1.580s] copying ros2_gym_pybullet_drones/random_control.py -> /px4_uxrce/convex_ellipsoid_planner/build/ros2_gym_pybullet_drones/build/lib/ros2_gym_pybullet_drones
[1.581s] copying ros2_gym_pybullet_drones/__init__.py -> /px4_uxrce/convex_ellipsoid_planner/build/ros2_gym_pybullet_drones/build/lib/ros2_gym_pybullet_drones
[1.581s] copying ros2_gym_pybullet_drones/waypoint_control.py -> /px4_uxrce/convex_ellipsoid_planner/build/ros2_gym_pybullet_drones/build/lib/ros2_gym_pybullet_drones
[1.581s] copying ros2_gym_pybullet_drones/pcd_to_csv.py -> /px4_uxrce/convex_ellipsoid_planner/build/ros2_gym_pybullet_drones/build/lib/ros2_gym_pybullet_drones
[1.581s] copying ros2_gym_pybullet_drones/joystick_control.py -> /px4_uxrce/convex_ellipsoid_planner/build/ros2_gym_pybullet_drones/build/lib/ros2_gym_pybullet_drones
[1.581s] copying ros2_gym_pybullet_drones/hover_control.py -> /px4_uxrce/convex_ellipsoid_planner/build/ros2_gym_pybullet_drones/build/lib/ros2_gym_pybullet_drones
[1.582s] copying ros2_gym_pybullet_drones/vision_wrapper_client.py -> /px4_uxrce/convex_ellipsoid_planner/build/ros2_gym_pybullet_drones/build/lib/ros2_gym_pybullet_drones
[1.585s] copying ros2_gym_pybullet_drones/trajectory_eg.py -> /px4_uxrce/convex_ellipsoid_planner/build/ros2_gym_pybullet_drones/build/lib/ros2_gym_pybullet_drones
[1.585s] copying ros2_gym_pybullet_drones/vision_wrapper.py -> /px4_uxrce/convex_ellipsoid_planner/build/ros2_gym_pybullet_drones/build/lib/ros2_gym_pybullet_drones
[1.585s] running install
[1.585s] running install_lib
[1.586s] creating /px4_uxrce/convex_ellipsoid_planner/install/ros2_gym_pybullet_drones/lib/python3.10/site-packages/ros2_gym_pybullet_drones
[1.586s] copying /px4_uxrce/convex_ellipsoid_planner/build/ros2_gym_pybullet_drones/build/lib/ros2_gym_pybullet_drones/trajectory.py -> /px4_uxrce/convex_ellipsoid_planner/install/ros2_gym_pybullet_drones/lib/python3.10/site-packages/ros2_gym_pybullet_drones
[1.586s] copying /px4_uxrce/convex_ellipsoid_planner/build/ros2_gym_pybullet_drones/build/lib/ros2_gym_pybullet_drones/waypoint_control_server.py -> /px4_uxrce/convex_ellipsoid_planner/install/ros2_gym_pybullet_drones/lib/python3.10/site-packages/ros2_gym_pybullet_drones
[1.586s] copying /px4_uxrce/convex_ellipsoid_planner/build/ros2_gym_pybullet_drones/build/lib/ros2_gym_pybullet_drones/waypoint_eg.py -> /px4_uxrce/convex_ellipsoid_planner/install/ros2_gym_pybullet_drones/lib/python3.10/site-packages/ros2_gym_pybullet_drones
[1.586s] copying /px4_uxrce/convex_ellipsoid_planner/build/ros2_gym_pybullet_drones/build/lib/ros2_gym_pybullet_drones/vision_trajectory_tracker.py -> /px4_uxrce/convex_ellipsoid_planner/install/ros2_gym_pybullet_drones/lib/python3.10/site-packages/ros2_gym_pybullet_drones
[1.586s] copying /px4_uxrce/convex_ellipsoid_planner/build/ros2_gym_pybullet_drones/build/lib/ros2_gym_pybullet_drones/aviary_wrapper.py -> /px4_uxrce/convex_ellipsoid_planner/install/ros2_gym_pybullet_drones/lib/python3.10/site-packages/ros2_gym_pybullet_drones
[1.586s] copying /px4_uxrce/convex_ellipsoid_planner/build/ros2_gym_pybullet_drones/build/lib/ros2_gym_pybullet_drones/random_control.py -> /px4_uxrce/convex_ellipsoid_planner/install/ros2_gym_pybullet_drones/lib/python3.10/site-packages/ros2_gym_pybullet_drones
[1.587s] copying /px4_uxrce/convex_ellipsoid_planner/build/ros2_gym_pybullet_drones/build/lib/ros2_gym_pybullet_drones/__init__.py -> /px4_uxrce/convex_ellipsoid_planner/install/ros2_gym_pybullet_drones/lib/python3.10/site-packages/ros2_gym_pybullet_drones
[1.587s] copying /px4_uxrce/convex_ellipsoid_planner/build/ros2_gym_pybullet_drones/build/lib/ros2_gym_pybullet_drones/waypoint_control.py -> /px4_uxrce/convex_ellipsoid_planner/install/ros2_gym_pybullet_drones/lib/python3.10/site-packages/ros2_gym_pybullet_drones
[1.587s] copying /px4_uxrce/convex_ellipsoid_planner/build/ros2_gym_pybullet_drones/build/lib/ros2_gym_pybullet_drones/pcd_to_csv.py -> /px4_uxrce/convex_ellipsoid_planner/install/ros2_gym_pybullet_drones/lib/python3.10/site-packages/ros2_gym_pybullet_drones
[1.587s] copying /px4_uxrce/convex_ellipsoid_planner/build/ros2_gym_pybullet_drones/build/lib/ros2_gym_pybullet_drones/joystick_control.py -> /px4_uxrce/convex_ellipsoid_planner/install/ros2_gym_pybullet_drones/lib/python3.10/site-packages/ros2_gym_pybullet_drones
[1.587s] copying /px4_uxrce/convex_ellipsoid_planner/build/ros2_gym_pybullet_drones/build/lib/ros2_gym_pybullet_drones/hover_control.py -> /px4_uxrce/convex_ellipsoid_planner/install/ros2_gym_pybullet_drones/lib/python3.10/site-packages/ros2_gym_pybullet_drones
[1.587s] copying /px4_uxrce/convex_ellipsoid_planner/build/ros2_gym_pybullet_drones/build/lib/ros2_gym_pybullet_drones/vision_wrapper_client.py -> /px4_uxrce/convex_ellipsoid_planner/install/ros2_gym_pybullet_drones/lib/python3.10/site-packages/ros2_gym_pybullet_drones
[1.587s] copying /px4_uxrce/convex_ellipsoid_planner/build/ros2_gym_pybullet_drones/build/lib/ros2_gym_pybullet_drones/trajectory_eg.py -> /px4_uxrce/convex_ellipsoid_planner/install/ros2_gym_pybullet_drones/lib/python3.10/site-packages/ros2_gym_pybullet_drones
[1.587s] copying /px4_uxrce/convex_ellipsoid_planner/build/ros2_gym_pybullet_drones/build/lib/ros2_gym_pybullet_drones/vision_wrapper.py -> /px4_uxrce/convex_ellipsoid_planner/install/ros2_gym_pybullet_drones/lib/python3.10/site-packages/ros2_gym_pybullet_drones
[1.587s] byte-compiling /px4_uxrce/convex_ellipsoid_planner/install/ros2_gym_pybullet_drones/lib/python3.10/site-packages/ros2_gym_pybullet_drones/trajectory.py to trajectory.cpython-310.pyc
[1.593s] byte-compiling /px4_uxrce/convex_ellipsoid_planner/install/ros2_gym_pybullet_drones/lib/python3.10/site-packages/ros2_gym_pybullet_drones/waypoint_control_server.py to waypoint_control_server.cpython-310.pyc
[1.594s] byte-compiling /px4_uxrce/convex_ellipsoid_planner/install/ros2_gym_pybullet_drones/lib/python3.10/site-packages/ros2_gym_pybullet_drones/waypoint_eg.py to waypoint_eg.cpython-310.pyc
[1.596s] byte-compiling /px4_uxrce/convex_ellipsoid_planner/install/ros2_gym_pybullet_drones/lib/python3.10/site-packages/ros2_gym_pybullet_drones/vision_trajectory_tracker.py to vision_trajectory_tracker.cpython-310.pyc
[1.606s] byte-compiling /px4_uxrce/convex_ellipsoid_planner/install/ros2_gym_pybullet_drones/lib/python3.10/site-packages/ros2_gym_pybullet_drones/aviary_wrapper.py to aviary_wrapper.cpython-310.pyc
[1.606s] byte-compiling /px4_uxrce/convex_ellipsoid_planner/install/ros2_gym_pybullet_drones/lib/python3.10/site-packages/ros2_gym_pybullet_drones/random_control.py to random_control.cpython-310.pyc
[1.606s] byte-compiling /px4_uxrce/convex_ellipsoid_planner/install/ros2_gym_pybullet_drones/lib/python3.10/site-packages/ros2_gym_pybullet_drones/__init__.py to __init__.cpython-310.pyc
[1.606s] byte-compiling /px4_uxrce/convex_ellipsoid_planner/install/ros2_gym_pybullet_drones/lib/python3.10/site-packages/ros2_gym_pybullet_drones/waypoint_control.py to waypoint_control.cpython-310.pyc
[1.606s] byte-compiling /px4_uxrce/convex_ellipsoid_planner/install/ros2_gym_pybullet_drones/lib/python3.10/site-packages/ros2_gym_pybullet_drones/pcd_to_csv.py to pcd_to_csv.cpython-310.pyc
[1.607s] byte-compiling /px4_uxrce/convex_ellipsoid_planner/install/ros2_gym_pybullet_drones/lib/python3.10/site-packages/ros2_gym_pybullet_drones/joystick_control.py to joystick_control.cpython-310.pyc
[1.609s] byte-compiling /px4_uxrce/convex_ellipsoid_planner/install/ros2_gym_pybullet_drones/lib/python3.10/site-packages/ros2_gym_pybullet_drones/hover_control.py to hover_control.cpython-310.pyc
[1.610s] byte-compiling /px4_uxrce/convex_ellipsoid_planner/install/ros2_gym_pybullet_drones/lib/python3.10/site-packages/ros2_gym_pybullet_drones/vision_wrapper_client.py to vision_wrapper_client.cpython-310.pyc
[1.611s] byte-compiling /px4_uxrce/convex_ellipsoid_planner/install/ros2_gym_pybullet_drones/lib/python3.10/site-packages/ros2_gym_pybullet_drones/trajectory_eg.py to trajectory_eg.cpython-310.pyc
[1.612s] byte-compiling /px4_uxrce/convex_ellipsoid_planner/install/ros2_gym_pybullet_drones/lib/python3.10/site-packages/ros2_gym_pybullet_drones/vision_wrapper.py to vision_wrapper.cpython-310.pyc
[1.614s] running install_data
[1.614s] creating /px4_uxrce/convex_ellipsoid_planner/install/ros2_gym_pybullet_drones/share/ament_index
[1.616s] creating /px4_uxrce/convex_ellipsoid_planner/install/ros2_gym_pybullet_drones/share/ament_index/resource_index
[1.616s] creating /px4_uxrce/convex_ellipsoid_planner/install/ros2_gym_pybullet_drones/share/ament_index/resource_index/packages
[1.617s] copying resource/ros2_gym_pybullet_drones -> /px4_uxrce/convex_ellipsoid_planner/install/ros2_gym_pybullet_drones/share/ament_index/resource_index/packages
[1.617s] copying package.xml -> /px4_uxrce/convex_ellipsoid_planner/install/ros2_gym_pybullet_drones/share/ros2_gym_pybullet_drones
[1.632s] running install_egg_info
[1.632s] Copying ../../build/ros2_gym_pybullet_drones/ros2_gym_pybullet_drones.egg-info to /px4_uxrce/convex_ellipsoid_planner/install/ros2_gym_pybullet_drones/lib/python3.10/site-packages/ros2_gym_pybullet_drones-0.0.1-py3.10.egg-info
[1.633s] running install_scripts
[1.649s] Installing aviary_wrapper script to /px4_uxrce/convex_ellipsoid_planner/install/ros2_gym_pybullet_drones/lib/ros2_gym_pybullet_drones
[1.649s] Installing noisy_aviary script to /px4_uxrce/convex_ellipsoid_planner/install/ros2_gym_pybullet_drones/lib/ros2_gym_pybullet_drones
[1.649s] Installing pcd_to_csv script to /px4_uxrce/convex_ellipsoid_planner/install/ros2_gym_pybullet_drones/lib/ros2_gym_pybullet_drones
[1.650s] Installing random_control script to /px4_uxrce/convex_ellipsoid_planner/install/ros2_gym_pybullet_drones/lib/ros2_gym_pybullet_drones
[1.650s] Installing trajectory_generator script to /px4_uxrce/convex_ellipsoid_planner/install/ros2_gym_pybullet_drones/lib/ros2_gym_pybullet_drones
[1.650s] Installing trajectory_tracker script to /px4_uxrce/convex_ellipsoid_planner/install/ros2_gym_pybullet_drones/lib/ros2_gym_pybullet_drones
[1.650s] Installing vision_client script to /px4_uxrce/convex_ellipsoid_planner/install/ros2_gym_pybullet_drones/lib/ros2_gym_pybullet_drones
[1.650s] Installing vision_wrapper script to /px4_uxrce/convex_ellipsoid_planner/install/ros2_gym_pybullet_drones/lib/ros2_gym_pybullet_drones
[1.650s] Installing waypoint_eg script to /px4_uxrce/convex_ellipsoid_planner/install/ros2_gym_pybullet_drones/lib/ros2_gym_pybullet_drones
[1.653s] writing list of installed files to '/px4_uxrce/convex_ellipsoid_planner/build/ros2_gym_pybullet_drones/install.log'
[1.688s] Invoked command in '/px4_uxrce/convex_ellipsoid_planner/src/ros2_gym_pybullet_drones' returned '0': PYTHONPATH=/px4_uxrce/convex_ellipsoid_planner/build/ros2_gym_pybullet_drones/prefix_override:/usr/lib/python3/dist-packages/colcon_core/task/python/colcon_distutils_commands:/px4_uxrce/convex_ellipsoid_planner/install/ros2_gym_pybullet_drones/lib/python3.10/site-packages:${PYTHONPATH} /usr/bin/python3 -W ignore:setup.py install is deprecated -W ignore:easy_install command is deprecated setup.py egg_info --egg-base ../../build/ros2_gym_pybullet_drones build --build-base /px4_uxrce/convex_ellipsoid_planner/build/ros2_gym_pybullet_drones/build install --record /px4_uxrce/convex_ellipsoid_planner/build/ros2_gym_pybullet_drones/install.log --single-version-externally-managed install_data
