/px4_uxrce/convex_ellipsoid_planner/install/rrt_python_gym/lib/python3.10/site-packages/rrt_python_gym/rrt_node.py
/px4_uxrce/convex_ellipsoid_planner/install/rrt_python_gym/lib/python3.10/site-packages/rrt_python_gym/trajectory.py
/px4_uxrce/convex_ellipsoid_planner/install/rrt_python_gym/lib/python3.10/site-packages/rrt_python_gym/__init__.py
/px4_uxrce/convex_ellipsoid_planner/install/rrt_python_gym/lib/python3.10/site-packages/rrt_python_gym/corridor_finder.py
/px4_uxrce/convex_ellipsoid_planner/install/rrt_python_gym/lib/python3.10/site-packages/rrt_python_gym/kdtree_c.py
/px4_uxrce/convex_ellipsoid_planner/install/rrt_python_gym/lib/python3.10/site-packages/rrt_python_gym/__pycache__/rrt_node.cpython-310.pyc
/px4_uxrce/convex_ellipsoid_planner/install/rrt_python_gym/lib/python3.10/site-packages/rrt_python_gym/__pycache__/trajectory.cpython-310.pyc
/px4_uxrce/convex_ellipsoid_planner/install/rrt_python_gym/lib/python3.10/site-packages/rrt_python_gym/__pycache__/__init__.cpython-310.pyc
/px4_uxrce/convex_ellipsoid_planner/install/rrt_python_gym/lib/python3.10/site-packages/rrt_python_gym/__pycache__/corridor_finder.cpython-310.pyc
/px4_uxrce/convex_ellipsoid_planner/install/rrt_python_gym/lib/python3.10/site-packages/rrt_python_gym/__pycache__/kdtree_c.cpython-310.pyc
/px4_uxrce/convex_ellipsoid_planner/install/rrt_python_gym/share/ament_index/resource_index/packages/rrt_python_gym
/px4_uxrce/convex_ellipsoid_planner/install/rrt_python_gym/share/rrt_python_gym/package.xml
/px4_uxrce/convex_ellipsoid_planner/install/rrt_python_gym/lib/python3.10/site-packages/rrt_python_gym-0.0.0-py3.10.egg-info/requires.txt
/px4_uxrce/convex_ellipsoid_planner/install/rrt_python_gym/lib/python3.10/site-packages/rrt_python_gym-0.0.0-py3.10.egg-info/entry_points.txt
/px4_uxrce/convex_ellipsoid_planner/install/rrt_python_gym/lib/python3.10/site-packages/rrt_python_gym-0.0.0-py3.10.egg-info/zip-safe
/px4_uxrce/convex_ellipsoid_planner/install/rrt_python_gym/lib/python3.10/site-packages/rrt_python_gym-0.0.0-py3.10.egg-info/dependency_links.txt
/px4_uxrce/convex_ellipsoid_planner/install/rrt_python_gym/lib/python3.10/site-packages/rrt_python_gym-0.0.0-py3.10.egg-info/top_level.txt
/px4_uxrce/convex_ellipsoid_planner/install/rrt_python_gym/lib/python3.10/site-packages/rrt_python_gym-0.0.0-py3.10.egg-info/PKG-INFO
/px4_uxrce/convex_ellipsoid_planner/install/rrt_python_gym/lib/python3.10/site-packages/rrt_python_gym-0.0.0-py3.10.egg-info/SOURCES.txt
/px4_uxrce/convex_ellipsoid_planner/install/rrt_python_gym/lib/rrt_python_gym/rrt_planner
