[0.044s] Invoking command in '/px4_uxrce/convex_ellipsoid_planner/build/rrt_path_finder': CMAKE_PREFIX_PATH=/opt/ros/humble:${CMAKE_PREFIX_PATH} /usr/bin/cmake --build /px4_uxrce/convex_ellipsoid_planner/build/rrt_path_finder -- -j12 -l12
[0.082s] [35m[1mConsolidate compiler generated dependencies of target rrt_node_px4[0m
[0.082s] [35m[1mConsolidate compiler generated dependencies of target pcd_manipulation[0m
[0.083s] [35m[1mConsolidate compiler generated dependencies of target trajectory_server_px4[0m
[0.086s] [35m[1mConsolidate compiler generated dependencies of target rrt_node[0m
[0.086s] [35m[1mConsolidate compiler generated dependencies of target new_replan[0m
[0.086s] [35m[1mConsolidate compiler generated dependencies of target pointcloud_transformer[0m
[0.086s] [35m[1mConsolidate compiler generated dependencies of target safe_node[0m
[0.114s] [  2%] [32mBuilding CXX object CMakeFiles/rrt_node_px4.dir/src/rrt_node_px4.cpp.o[0m
[0.114s] [  2%] [32mBuilding CXX object CMakeFiles/rrt_node_px4.dir/src/ciri.cpp.o[0m
[0.117s] [  3%] [32mBuilding CXX object CMakeFiles/rrt_node_px4.dir/src/ciri_ellip.cpp.o[0m
[0.119s] [  4%] [32mBuilding CXX object CMakeFiles/rrt_node_px4.dir/src/ciri_sphere.cpp.o[0m
[0.119s] [  5%] [32mBuilding CXX object CMakeFiles/rrt_node_px4.dir/src/utils/ellipsoid.cpp.o[0m
[0.121s] [  6%] [32mBuilding CXX object CMakeFiles/rrt_node_px4.dir/src/utils/banded_system.cpp.o[0m
[0.122s] [  9%] [32mBuilding CXX object CMakeFiles/new_replan.dir/src/rrt_node_new_replan.cpp.o[0m
[0.122s] [  9%] [32mBuilding CXX object CMakeFiles/rrt_node.dir/src/rrt_node.cpp.o[0m
[0.125s] [ 10%] [32mBuilding CXX object CMakeFiles/trajectory_server_px4.dir/src/trajectory_server_px4.cpp.o[0m
[0.126s] [ 11%] [32mBuilding CXX object CMakeFiles/safe_node.dir/src/rrt_node_safe_replan.cpp.o[0m
[0.139s] [ 13%] Built target pointcloud_transformer
[0.182s] [ 16%] Built target pcd_manipulation
[0.195s] [ 17%] [32mBuilding CXX object CMakeFiles/new_replan.dir/src/ciri.cpp.o[0m
[0.217s] [ 18%] [32mBuilding CXX object CMakeFiles/new_replan.dir/src/ciri_ellip.cpp.o[0m
[0.670s] In file included from [01m[K/px4_uxrce/convex_ellipsoid_planner/src/rrt_path_finder/include/../utils/header/type_utils.hpp:30[m[K,
[0.670s]                  from [01m[K/px4_uxrce/convex_ellipsoid_planner/src/rrt_path_finder/include/../data_structure/base/polytope.h:27[m[K,
[0.670s]                  from [01m[K/px4_uxrce/convex_ellipsoid_planner/src/rrt_path_finder/include/rrt_path_finder/ciri.h:51[m[K,
[0.670s]                  from [01m[K/px4_uxrce/convex_ellipsoid_planner/src/rrt_path_finder/src/ciri.cpp:24[m[K:
[0.670s] [01m[K/px4_uxrce/convex_ellipsoid_planner/src/rrt_path_finder/include/../utils/header/backward.hpp:246:10:[m[K [01;31m[Kfatal error: [m[Kdwarf.h: No such file or directory
[0.670s]   246 | #include [01;31m[K<dwarf.h>[m[K
[0.670s]       |          [01;31m[K^~~~~~~~~[m[K
[0.671s] compilation terminated.
[0.682s] gmake[2]: *** [CMakeFiles/rrt_node_px4.dir/build.make:118: CMakeFiles/rrt_node_px4.dir/src/ciri.cpp.o] Error 1
[0.683s] gmake[2]: *** Waiting for unfinished jobs....
[0.719s] [ 19%] [32mBuilding CXX object CMakeFiles/rrt_node.dir/src/ciri.cpp.o[0m
[0.719s] In file included from [01m[K/px4_uxrce/convex_ellipsoid_planner/src/rrt_path_finder/include/../utils/header/type_utils.hpp:30[m[K,
[0.719s]                  from [01m[K/px4_uxrce/convex_ellipsoid_planner/src/rrt_path_finder/include/../data_structure/base/ellipsoid.h:26[m[K,
[0.719s]                  from [01m[K/px4_uxrce/convex_ellipsoid_planner/src/rrt_path_finder/src/utils/ellipsoid.cpp:24[m[K:
[0.719s] [01m[K/px4_uxrce/convex_ellipsoid_planner/src/rrt_path_finder/include/../utils/header/backward.hpp:246:10:[m[K [01;31m[Kfatal error: [m[Kdwarf.h: No such file or directory
[0.720s]   246 | #include [01;31m[K<dwarf.h>[m[K
[0.720s]       |          [01;31m[K^~~~~~~~~[m[K
[0.720s] compilation terminated.
[0.724s] gmake[2]: *** [CMakeFiles/rrt_node_px4.dir/build.make:174: CMakeFiles/rrt_node_px4.dir/src/utils/ellipsoid.cpp.o] Error 1
[0.752s] In file included from [01m[K/px4_uxrce/convex_ellipsoid_planner/src/rrt_path_finder/include/../utils/header/type_utils.hpp:30[m[K,
[0.752s]                  from [01m[K/px4_uxrce/convex_ellipsoid_planner/src/rrt_path_finder/include/../data_structure/base/polytope.h:27[m[K,
[0.752s]                  from [01m[K/px4_uxrce/convex_ellipsoid_planner/src/rrt_path_finder/include/rrt_path_finder/ciri_ellip.h:51[m[K,
[0.752s]                  from [01m[K/px4_uxrce/convex_ellipsoid_planner/src/rrt_path_finder/src/ciri_ellip.cpp:24[m[K:
[0.752s] [01m[K/px4_uxrce/convex_ellipsoid_planner/src/rrt_path_finder/include/../utils/header/backward.hpp:246:10:[m[K [01;31m[Kfatal error: [m[Kdwarf.h: No such file or directory
[0.752s]   246 | #include [01;31m[K<dwarf.h>[m[K
[0.752s]       |          [01;31m[K^~~~~~~~~[m[K
[0.752s] compilation terminated.
[0.756s] gmake[2]: *** [CMakeFiles/new_replan.dir/build.make:132: CMakeFiles/new_replan.dir/src/ciri_ellip.cpp.o] Error 1
[0.756s] gmake[2]: *** Waiting for unfinished jobs....
[0.766s] [ 20%] [32mBuilding CXX object CMakeFiles/safe_node.dir/src/ciri_ellip.cpp.o[0m
[0.769s] [ 22%] [32mBuilding CXX object CMakeFiles/safe_node.dir/src/ciri.cpp.o[0m
[0.840s] In file included from [01m[K/px4_uxrce/convex_ellipsoid_planner/src/rrt_path_finder/include/../utils/header/type_utils.hpp:30[m[K,
[0.840s]                  from [01m[K/px4_uxrce/convex_ellipsoid_planner/src/rrt_path_finder/include/../data_structure/base/polytope.h:27[m[K,
[0.840s]                  from [01m[K/px4_uxrce/convex_ellipsoid_planner/src/rrt_path_finder/include/rrt_path_finder/ciri_sphere.h:51[m[K,
[0.840s]                  from [01m[K/px4_uxrce/convex_ellipsoid_planner/src/rrt_path_finder/src/ciri_sphere.cpp:24[m[K:
[0.840s] [01m[K/px4_uxrce/convex_ellipsoid_planner/src/rrt_path_finder/include/../utils/header/backward.hpp:246:10:[m[K [01;31m[Kfatal error: [m[Kdwarf.h: No such file or directory
[0.840s]   246 | #include [01;31m[K<dwarf.h>[m[K
[0.840s]       |          [01;31m[K^~~~~~~~~[m[K
[0.840s] compilation terminated.
[0.850s] gmake[2]: *** [CMakeFiles/rrt_node_px4.dir/build.make:146: CMakeFiles/rrt_node_px4.dir/src/ciri_sphere.cpp.o] Error 1
[0.889s] [ 23%] [32mBuilding CXX object CMakeFiles/safe_node.dir/src/ciri_sphere.cpp.o[0m
[0.919s] In file included from [01m[K/px4_uxrce/convex_ellipsoid_planner/src/rrt_path_finder/include/../utils/header/type_utils.hpp:30[m[K,
[0.919s]                  from [01m[K/px4_uxrce/convex_ellipsoid_planner/src/rrt_path_finder/include/../data_structure/base/polytope.h:27[m[K,
[0.919s]                  from [01m[K/px4_uxrce/convex_ellipsoid_planner/src/rrt_path_finder/include/rrt_path_finder/ciri_ellip.h:51[m[K,
[0.919s]                  from [01m[K/px4_uxrce/convex_ellipsoid_planner/src/rrt_path_finder/src/ciri_ellip.cpp:24[m[K:
[0.919s] [01m[K/px4_uxrce/convex_ellipsoid_planner/src/rrt_path_finder/include/../utils/header/backward.hpp:246:10:[m[K [01;31m[Kfatal error: [m[Kdwarf.h: No such file or directory
[0.919s]   246 | #include [01;31m[K<dwarf.h>[m[K
[0.919s]       |          [01;31m[K^~~~~~~~~[m[K
[0.934s] compilation terminated.
[0.935s] In file included from [01m[K/px4_uxrce/convex_ellipsoid_planner/src/rrt_path_finder/include/../utils/header/type_utils.hpp:30[m[K,
[0.935s]                  from [01m[K/px4_uxrce/convex_ellipsoid_planner/src/rrt_path_finder/include/../data_structure/base/polytope.h:27[m[K,
[0.935s]                  from [01m[K/px4_uxrce/convex_ellipsoid_planner/src/rrt_path_finder/include/rrt_path_finder/ciri.h:51[m[K,
[0.935s]                  from [01m[K/px4_uxrce/convex_ellipsoid_planner/src/rrt_path_finder/src/ciri.cpp:24[m[K:
[0.935s] [01m[K/px4_uxrce/convex_ellipsoid_planner/src/rrt_path_finder/include/../utils/header/backward.hpp:246:10:[m[K [01;31m[Kfatal error: [m[Kdwarf.h: No such file or directory
[0.935s]   246 | #include [01;31m[K<dwarf.h>[m[K
[0.936s]       |          [01;31m[K^~~~~~~~~[m[K
[0.936s] compilation terminated.
[0.940s] gmake[2]: *** [CMakeFiles/rrt_node_px4.dir/build.make:132: CMakeFiles/rrt_node_px4.dir/src/ciri_ellip.cpp.o] Error 1
[0.940s] gmake[2]: *** [CMakeFiles/new_replan.dir/build.make:118: CMakeFiles/new_replan.dir/src/ciri.cpp.o] Error 1
[0.979s] [ 24%] [32mBuilding CXX object CMakeFiles/safe_node.dir/src/utils/banded_system.cpp.o[0m
[1.008s] [ 25%] [32mBuilding CXX object CMakeFiles/rrt_node.dir/src/ciri_ellip.cpp.o[0m
[1.260s] In file included from [01m[K/px4_uxrce/convex_ellipsoid_planner/src/rrt_path_finder/include/../utils/header/type_utils.hpp:30[m[K,
[1.260s]                  from [01m[K/px4_uxrce/convex_ellipsoid_planner/src/rrt_path_finder/include/../data_structure/base/polytope.h:27[m[K,
[1.260s]                  from [01m[K/px4_uxrce/convex_ellipsoid_planner/src/rrt_path_finder/include/rrt_path_finder/ciri_ellip.h:51[m[K,
[1.260s]                  from [01m[K/px4_uxrce/convex_ellipsoid_planner/src/rrt_path_finder/src/ciri_ellip.cpp:24[m[K:
[1.261s] [01m[K/px4_uxrce/convex_ellipsoid_planner/src/rrt_path_finder/include/../utils/header/backward.hpp:246:10:[m[K [01;31m[Kfatal error: [m[Kdwarf.h: No such file or directory
[1.261s]   246 | #include [01;31m[K<dwarf.h>[m[K
[1.261s]       |          [01;31m[K^~~~~~~~~[m[K
[1.261s] compilation terminated.
[1.272s] gmake[2]: *** [CMakeFiles/safe_node.dir/build.make:132: CMakeFiles/safe_node.dir/src/ciri_ellip.cpp.o] Error 1
[1.272s] gmake[2]: *** Waiting for unfinished jobs....
[1.296s] In file included from [01m[K/px4_uxrce/convex_ellipsoid_planner/src/rrt_path_finder/include/../utils/header/type_utils.hpp:30[m[K,
[1.297s]                  from [01m[K/px4_uxrce/convex_ellipsoid_planner/src/rrt_path_finder/include/../data_structure/base/polytope.h:27[m[K,
[1.297s]                  from [01m[K/px4_uxrce/convex_ellipsoid_planner/src/rrt_path_finder/include/rrt_path_finder/ciri.h:51[m[K,
[1.297s]                  from [01m[K/px4_uxrce/convex_ellipsoid_planner/src/rrt_path_finder/src/ciri.cpp:24[m[K:
[1.297s] [01m[K/px4_uxrce/convex_ellipsoid_planner/src/rrt_path_finder/include/../utils/header/backward.hpp:246:10:[m[K [01;31m[Kfatal error: [m[Kdwarf.h: No such file or directory
[1.297s]   246 | #include [01;31m[K<dwarf.h>[m[K
[1.297s]       |          [01;31m[K^~~~~~~~~[m[K
[1.297s] compilation terminated.
[1.302s] gmake[2]: *** [CMakeFiles/safe_node.dir/build.make:118: CMakeFiles/safe_node.dir/src/ciri.cpp.o] Error 1
[1.310s] [ 26%] [32mBuilding CXX object CMakeFiles/rrt_node.dir/src/utils/banded_system.cpp.o[0m
[1.318s] In file included from [01m[K/px4_uxrce/convex_ellipsoid_planner/src/rrt_path_finder/include/../utils/header/type_utils.hpp:30[m[K,
[1.318s]                  from [01m[K/px4_uxrce/convex_ellipsoid_planner/src/rrt_path_finder/include/../data_structure/base/polytope.h:27[m[K,
[1.319s]                  from [01m[K/px4_uxrce/convex_ellipsoid_planner/src/rrt_path_finder/include/rrt_path_finder/ciri.h:51[m[K,
[1.319s]                  from [01m[K/px4_uxrce/convex_ellipsoid_planner/src/rrt_path_finder/src/ciri.cpp:24[m[K:
[1.319s] [01m[K/px4_uxrce/convex_ellipsoid_planner/src/rrt_path_finder/include/../utils/header/backward.hpp:246:10:[m[K [01;31m[Kfatal error: [m[Kdwarf.h: No such file or directory
[1.319s]   246 | #include [01;31m[K<dwarf.h>[m[K
[1.319s]       |          [01;31m[K^~~~~~~~~[m[K
[1.319s] compilation terminated.
[1.322s] [ 27%] [32mBuilding CXX object CMakeFiles/rrt_node.dir/src/ciri_sphere.cpp.o[0m
[1.324s] gmake[2]: *** [CMakeFiles/rrt_node.dir/build.make:118: CMakeFiles/rrt_node.dir/src/ciri.cpp.o] Error 1
[1.324s] gmake[2]: *** Waiting for unfinished jobs....
[1.475s] In file included from [01m[K/px4_uxrce/convex_ellipsoid_planner/src/rrt_path_finder/include/../utils/header/type_utils.hpp:30[m[K,
[1.475s]                  from [01m[K/px4_uxrce/convex_ellipsoid_planner/src/rrt_path_finder/include/../data_structure/base/polytope.h:27[m[K,
[1.475s]                  from [01m[K/px4_uxrce/convex_ellipsoid_planner/src/rrt_path_finder/include/rrt_path_finder/ciri_sphere.h:51[m[K,
[1.475s]                  from [01m[K/px4_uxrce/convex_ellipsoid_planner/src/rrt_path_finder/src/ciri_sphere.cpp:24[m[K:
[1.475s] [01m[K/px4_uxrce/convex_ellipsoid_planner/src/rrt_path_finder/include/../utils/header/backward.hpp:246:10:[m[K [01;31m[Kfatal error: [m[Kdwarf.h: No such file or directory
[1.475s]   246 | #include [01;31m[K<dwarf.h>[m[K
[1.475s]       |          [01;31m[K^~~~~~~~~[m[K
[1.475s] compilation terminated.
[1.486s] gmake[2]: *** [CMakeFiles/safe_node.dir/build.make:146: CMakeFiles/safe_node.dir/src/ciri_sphere.cpp.o] Error 1
[1.563s] In file included from [01m[K/px4_uxrce/convex_ellipsoid_planner/src/rrt_path_finder/include/../utils/header/type_utils.hpp:30[m[K,
[1.563s]                  from [01m[K/px4_uxrce/convex_ellipsoid_planner/src/rrt_path_finder/include/../data_structure/base/polytope.h:27[m[K,
[1.564s]                  from [01m[K/px4_uxrce/convex_ellipsoid_planner/src/rrt_path_finder/include/rrt_path_finder/ciri_ellip.h:51[m[K,
[1.564s]                  from [01m[K/px4_uxrce/convex_ellipsoid_planner/src/rrt_path_finder/src/ciri_ellip.cpp:24[m[K:
[1.564s] [01m[K/px4_uxrce/convex_ellipsoid_planner/src/rrt_path_finder/include/../utils/header/backward.hpp:246:10:[m[K [01;31m[Kfatal error: [m[Kdwarf.h: No such file or directory
[1.564s]   246 | #include [01;31m[K<dwarf.h>[m[K
[1.564s]       |          [01;31m[K^~~~~~~~~[m[K
[1.564s] compilation terminated.
[1.568s] gmake[2]: *** [CMakeFiles/rrt_node.dir/build.make:132: CMakeFiles/rrt_node.dir/src/ciri_ellip.cpp.o] Error 1
[1.803s] In file included from [01m[K/px4_uxrce/convex_ellipsoid_planner/src/rrt_path_finder/include/../utils/header/type_utils.hpp:30[m[K,
[1.803s]                  from [01m[K/px4_uxrce/convex_ellipsoid_planner/src/rrt_path_finder/include/../data_structure/base/polytope.h:27[m[K,
[1.803s]                  from [01m[K/px4_uxrce/convex_ellipsoid_planner/src/rrt_path_finder/include/rrt_path_finder/ciri_sphere.h:51[m[K,
[1.804s]                  from [01m[K/px4_uxrce/convex_ellipsoid_planner/src/rrt_path_finder/src/ciri_sphere.cpp:24[m[K:
[1.804s] [01m[K/px4_uxrce/convex_ellipsoid_planner/src/rrt_path_finder/include/../utils/header/backward.hpp:246:10:[m[K [01;31m[Kfatal error: [m[Kdwarf.h: No such file or directory
[1.804s]   246 | #include [01;31m[K<dwarf.h>[m[K
[1.804s]       |          [01;31m[K^~~~~~~~~[m[K
[1.804s] compilation terminated.
[1.817s] gmake[2]: *** [CMakeFiles/rrt_node.dir/build.make:146: CMakeFiles/rrt_node.dir/src/ciri_sphere.cpp.o] Error 1
[2.843s] In file included from [01m[K/px4_uxrce/convex_ellipsoid_planner/src/rrt_path_finder/src/../utils/header/type_utils.hpp:30[m[K,
[2.844s]                  from [01m[K/px4_uxrce/convex_ellipsoid_planner/src/rrt_path_finder/src/rrt_node_new_replan.cpp:25[m[K:
[2.844s] [01m[K/px4_uxrce/convex_ellipsoid_planner/src/rrt_path_finder/include/../utils/header/backward.hpp:246:10:[m[K [01;31m[Kfatal error: [m[Kdwarf.h: No such file or directory
[2.844s]   246 | #include [01;31m[K<dwarf.h>[m[K
[2.844s]       |          [01;31m[K^~~~~~~~~[m[K
[2.844s] compilation terminated.
[2.865s] gmake[2]: *** [CMakeFiles/new_replan.dir/build.make:104: CMakeFiles/new_replan.dir/src/rrt_node_new_replan.cpp.o] Error 1
[2.866s] gmake[1]: *** [CMakeFiles/Makefile2:227: CMakeFiles/new_replan.dir/all] Error 2
[2.866s] gmake[1]: *** Waiting for unfinished jobs....
[2.981s] In file included from [01m[K/px4_uxrce/convex_ellipsoid_planner/src/rrt_path_finder/src/../utils/header/type_utils.hpp:30[m[K,
[2.981s]                  from [01m[K/px4_uxrce/convex_ellipsoid_planner/src/rrt_path_finder/src/rrt_node_px4.cpp:25[m[K:
[2.981s] [01m[K/px4_uxrce/convex_ellipsoid_planner/src/rrt_path_finder/include/../utils/header/backward.hpp:246:10:[m[K [01;31m[Kfatal error: [m[Kdwarf.h: No such file or directory
[2.981s]   246 | #include [01;31m[K<dwarf.h>[m[K
[2.981s]       |          [01;31m[K^~~~~~~~~[m[K
[2.982s] compilation terminated.
[3.002s] gmake[2]: *** [CMakeFiles/rrt_node_px4.dir/build.make:104: CMakeFiles/rrt_node_px4.dir/src/rrt_node_px4.cpp.o] Error 1
[3.003s] gmake[1]: *** [CMakeFiles/Makefile2:175: CMakeFiles/rrt_node_px4.dir/all] Error 2
[3.145s] In file included from [01m[K/px4_uxrce/convex_ellipsoid_planner/src/rrt_path_finder/include/../utils/header/type_utils.hpp:30[m[K,
[3.145s]                  from [01m[K/px4_uxrce/convex_ellipsoid_planner/src/rrt_path_finder/include/../data_structure/base/polytope.h:27[m[K,
[3.145s]                  from [01m[K/px4_uxrce/convex_ellipsoid_planner/src/rrt_path_finder/include/rrt_path_finder/ciri.h:51[m[K,
[3.145s]                  from [01m[K/px4_uxrce/convex_ellipsoid_planner/src/rrt_path_finder/src/rrt_node.cpp:29[m[K:
[3.145s] [01m[K/px4_uxrce/convex_ellipsoid_planner/src/rrt_path_finder/include/../utils/header/backward.hpp:246:10:[m[K [01;31m[Kfatal error: [m[Kdwarf.h: No such file or directory
[3.145s]   246 | #include [01;31m[K<dwarf.h>[m[K
[3.145s]       |          [01;31m[K^~~~~~~~~[m[K
[3.146s] compilation terminated.
[3.149s] In file included from [01m[K/px4_uxrce/convex_ellipsoid_planner/src/rrt_path_finder/include/../utils/header/type_utils.hpp:30[m[K,
[3.149s]                  from [01m[K/px4_uxrce/convex_ellipsoid_planner/src/rrt_path_finder/include/../data_structure/base/polytope.h:27[m[K,
[3.149s]                  from [01m[K/px4_uxrce/convex_ellipsoid_planner/src/rrt_path_finder/include/rrt_path_finder/ciri.h:51[m[K,
[3.149s]                  from [01m[K/px4_uxrce/convex_ellipsoid_planner/src/rrt_path_finder/src/rrt_node_safe_replan.cpp:31[m[K:
[3.149s] [01m[K/px4_uxrce/convex_ellipsoid_planner/src/rrt_path_finder/include/../utils/header/backward.hpp:246:10:[m[K [01;31m[Kfatal error: [m[Kdwarf.h: No such file or directory
[3.149s]   246 | #include [01;31m[K<dwarf.h>[m[K
[3.149s]       |          [01;31m[K^~~~~~~~~[m[K
[3.149s] compilation terminated.
[3.172s] gmake[2]: *** [CMakeFiles/rrt_node.dir/build.make:104: CMakeFiles/rrt_node.dir/src/rrt_node.cpp.o] Error 1
[3.172s] gmake[2]: *** [CMakeFiles/safe_node.dir/build.make:104: CMakeFiles/safe_node.dir/src/rrt_node_safe_replan.cpp.o] Error 1
[3.172s] gmake[1]: *** [CMakeFiles/Makefile2:279: CMakeFiles/safe_node.dir/all] Error 2
[3.247s] gmake[1]: *** [CMakeFiles/Makefile2:149: CMakeFiles/rrt_node.dir/all] Error 2
[9.312s] [ 29%] [32m[1mLinking CXX executable trajectory_server_px4[0m
[10.033s] [ 29%] Built target trajectory_server_px4
[10.034s] gmake: *** [Makefile:146: all] Error 2
[10.036s] Invoked command in '/px4_uxrce/convex_ellipsoid_planner/build/rrt_path_finder' returned '2': CMAKE_PREFIX_PATH=/opt/ros/humble:${CMAKE_PREFIX_PATH} /usr/bin/cmake --build /px4_uxrce/convex_ellipsoid_planner/build/rrt_path_finder -- -j12 -l12
