[2.884s] Invoking command in '/px4_uxrce/t265_px4_bridge/src/examples/rclpy/services/minimal_client': PYTHONPATH=/px4_uxrce/t265_px4_bridge/build/examples_rclpy_minimal_client/prefix_override:/usr/lib/python3/dist-packages/colcon_core/task/python/colcon_distutils_commands:/px4_uxrce/t265_px4_bridge/install/examples_rclpy_minimal_client/lib/python3.10/site-packages:${PYTHONPATH} /usr/bin/python3 -W ignore:setup.py install is deprecated -W ignore:easy_install command is deprecated setup.py egg_info --egg-base ../../../../../build/examples_rclpy_minimal_client build --build-base /px4_uxrce/t265_px4_bridge/build/examples_rclpy_minimal_client/build install --record /px4_uxrce/t265_px4_bridge/build/examples_rclpy_minimal_client/install.log --single-version-externally-managed install_data
[3.262s] running egg_info
[3.263s] writing ../../../../../build/examples_rclpy_minimal_client/examples_rclpy_minimal_client.egg-info/PKG-INFO
[3.266s] writing dependency_links to ../../../../../build/examples_rclpy_minimal_client/examples_rclpy_minimal_client.egg-info/dependency_links.txt
[3.266s] writing entry points to ../../../../../build/examples_rclpy_minimal_client/examples_rclpy_minimal_client.egg-info/entry_points.txt
[3.266s] writing requirements to ../../../../../build/examples_rclpy_minimal_client/examples_rclpy_minimal_client.egg-info/requires.txt
[3.266s] writing top-level names to ../../../../../build/examples_rclpy_minimal_client/examples_rclpy_minimal_client.egg-info/top_level.txt
[3.267s] reading manifest file '../../../../../build/examples_rclpy_minimal_client/examples_rclpy_minimal_client.egg-info/SOURCES.txt'
[3.269s] writing manifest file '../../../../../build/examples_rclpy_minimal_client/examples_rclpy_minimal_client.egg-info/SOURCES.txt'
[3.269s] running build
[3.269s] running build_py
[3.270s] running install
[3.272s] running install_lib
[3.279s] running install_data
[3.279s] running install_egg_info
[3.279s] removing '/px4_uxrce/t265_px4_bridge/install/examples_rclpy_minimal_client/lib/python3.10/site-packages/examples_rclpy_minimal_client-0.15.3-py3.10.egg-info' (and everything under it)
[3.279s] Copying ../../../../../build/examples_rclpy_minimal_client/examples_rclpy_minimal_client.egg-info to /px4_uxrce/t265_px4_bridge/install/examples_rclpy_minimal_client/lib/python3.10/site-packages/examples_rclpy_minimal_client-0.15.3-py3.10.egg-info
[3.279s] running install_scripts
[3.319s] Installing client script to /px4_uxrce/t265_px4_bridge/install/examples_rclpy_minimal_client/lib/examples_rclpy_minimal_client
[3.319s] Installing client_async script to /px4_uxrce/t265_px4_bridge/install/examples_rclpy_minimal_client/lib/examples_rclpy_minimal_client
[3.320s] Installing client_async_callback script to /px4_uxrce/t265_px4_bridge/install/examples_rclpy_minimal_client/lib/examples_rclpy_minimal_client
[3.320s] Installing client_async_member_function script to /px4_uxrce/t265_px4_bridge/install/examples_rclpy_minimal_client/lib/examples_rclpy_minimal_client
[3.323s] writing list of installed files to '/px4_uxrce/t265_px4_bridge/build/examples_rclpy_minimal_client/install.log'
[3.385s] Invoked command in '/px4_uxrce/t265_px4_bridge/src/examples/rclpy/services/minimal_client' returned '0': PYTHONPATH=/px4_uxrce/t265_px4_bridge/build/examples_rclpy_minimal_client/prefix_override:/usr/lib/python3/dist-packages/colcon_core/task/python/colcon_distutils_commands:/px4_uxrce/t265_px4_bridge/install/examples_rclpy_minimal_client/lib/python3.10/site-packages:${PYTHONPATH} /usr/bin/python3 -W ignore:setup.py install is deprecated -W ignore:easy_install command is deprecated setup.py egg_info --egg-base ../../../../../build/examples_rclpy_minimal_client build --build-base /px4_uxrce/t265_px4_bridge/build/examples_rclpy_minimal_client/build install --record /px4_uxrce/t265_px4_bridge/build/examples_rclpy_minimal_client/install.log --single-version-externally-managed install_data
