[0.661s] Invoking command in '/px4_uxrce/new/px4-offboard_ws/src/px4-offboard': PYTHONPATH=/px4_uxrce/new/px4-offboard_ws/build/px4_offboard/prefix_override:/usr/lib/python3/dist-packages/colcon_core/task/python/colcon_distutils_commands:/px4_uxrce/new/px4-offboard_ws/install/px4_offboard/lib/python3.10/site-packages:${PYTHONPATH} /usr/bin/python3 -W ignore:setup.py install is deprecated -W ignore:easy_install command is deprecated setup.py egg_info --egg-base ../../build/px4_offboard build --build-base /px4_uxrce/new/px4-offboard_ws/build/px4_offboard/build install --record /px4_uxrce/new/px4-offboard_ws/build/px4_offboard/install.log --single-version-externally-managed install_data
[0.837s] /usr/local/lib/python3.10/dist-packages/setuptools/_distutils/dist.py:270: UserWarning: Unknown distribution option: 'tests_require'
[0.837s]   warnings.warn(msg)
[0.946s] running egg_info
[0.964s] writing ../../build/px4_offboard/px4_offboard.egg-info/PKG-INFO
[0.964s] writing dependency_links to ../../build/px4_offboard/px4_offboard.egg-info/dependency_links.txt
[0.965s] writing entry points to ../../build/px4_offboard/px4_offboard.egg-info/entry_points.txt
[0.965s] writing requirements to ../../build/px4_offboard/px4_offboard.egg-info/requires.txt
[0.965s] writing top-level names to ../../build/px4_offboard/px4_offboard.egg-info/top_level.txt
[1.002s] reading manifest file '../../build/px4_offboard/px4_offboard.egg-info/SOURCES.txt'
[1.002s] adding license file 'LICENSE'
[1.003s] writing manifest file '../../build/px4_offboard/px4_offboard.egg-info/SOURCES.txt'
[1.004s] running build
[1.004s] running build_py
[1.004s] copying px4_offboard/visualizer.py -> /px4_uxrce/new/px4-offboard_ws/build/px4_offboard/build/lib/px4_offboard
[1.004s] copying px4_offboard/__init__.py -> /px4_uxrce/new/px4-offboard_ws/build/px4_offboard/build/lib/px4_offboard
[1.004s] copying px4_offboard/offboard_control.py -> /px4_uxrce/new/px4-offboard_ws/build/px4_offboard/build/lib/px4_offboard
[1.005s] running install
[1.010s] running install_lib
[1.029s] running install_data
[1.029s] copying resource/px4_offboard -> /px4_uxrce/new/px4-offboard_ws/install/px4_offboard/share/ament_index/resource_index/packages
[1.029s] copying resource/visualize.rviz -> /px4_uxrce/new/px4-offboard_ws/install/px4_offboard/share/ament_index/resource_index/packages
[1.029s] copying package.xml -> /px4_uxrce/new/px4-offboard_ws/install/px4_offboard/share/px4_offboard
[1.030s] copying launch/offboard_position_control.launch.py -> /px4_uxrce/new/px4-offboard_ws/install/px4_offboard/share/px4_offboard
[1.030s] copying launch/visualize.launch.py -> /px4_uxrce/new/px4-offboard_ws/install/px4_offboard/share/px4_offboard
[1.030s] copying launch/offboard_hardware_position_control.launch.py -> /px4_uxrce/new/px4-offboard_ws/install/px4_offboard/share/px4_offboard
[1.030s] copying resource/visualize.rviz -> /px4_uxrce/new/px4-offboard_ws/install/px4_offboard/share/px4_offboard
[1.031s] running install_egg_info
[1.050s] removing '/px4_uxrce/new/px4-offboard_ws/install/px4_offboard/lib/python3.10/site-packages/px4_offboard-0.0.0-py3.10.egg-info' (and everything under it)
[1.050s] Copying ../../build/px4_offboard/px4_offboard.egg-info to /px4_uxrce/new/px4-offboard_ws/install/px4_offboard/lib/python3.10/site-packages/px4_offboard-0.0.0-py3.10.egg-info
[1.051s] running install_scripts
[1.208s] Installing offboard_control script to /px4_uxrce/new/px4-offboard_ws/install/px4_offboard/lib/px4_offboard
[1.208s] Installing visualizer script to /px4_uxrce/new/px4-offboard_ws/install/px4_offboard/lib/px4_offboard
[1.209s] writing list of installed files to '/px4_uxrce/new/px4-offboard_ws/build/px4_offboard/install.log'
[1.238s] Invoked command in '/px4_uxrce/new/px4-offboard_ws/src/px4-offboard' returned '0': PYTHONPATH=/px4_uxrce/new/px4-offboard_ws/build/px4_offboard/prefix_override:/usr/lib/python3/dist-packages/colcon_core/task/python/colcon_distutils_commands:/px4_uxrce/new/px4-offboard_ws/install/px4_offboard/lib/python3.10/site-packages:${PYTHONPATH} /usr/bin/python3 -W ignore:setup.py install is deprecated -W ignore:easy_install command is deprecated setup.py egg_info --egg-base ../../build/px4_offboard build --build-base /px4_uxrce/new/px4-offboard_ws/build/px4_offboard/build install --record /px4_uxrce/new/px4-offboard_ws/build/px4_offboard/install.log --single-version-externally-managed install_data
