[0.162s] DEBUG:colcon:Command line arguments: ['/usr/bin/colcon', 'build', '--packages-select', 'custom_interface_gym']
[0.162s] DEBUG:colcon:Parsed command line arguments: Namespace(log_base=None, log_level=None, verb_name='build', build_base='build', install_base='install', merge_install=False, symlink_install=False, test_result_base=None, continue_on_error=False, executor='parallel', parallel_workers=12, event_handlers=None, ignore_user_meta=False, metas=['./colcon.meta'], base_paths=['.'], packages_ignore=None, packages_ignore_regex=None, paths=None, packages_up_to=None, packages_up_to_regex=None, packages_above=None, packages_above_and_dependencies=None, packages_above_depth=None, packages_select_by_dep=None, packages_skip_by_dep=None, packages_skip_up_to=None, packages_select_build_failed=False, packages_skip_build_finished=False, packages_select_test_failures=False, packages_skip_test_passed=False, packages_select=['custom_interface_gym'], packages_skip=None, packages_select_regex=None, packages_skip_regex=None, packages_start=None, packages_end=None, cmake_args=None, cmake_target=None, cmake_target_skip_unavailable=False, cmake_clean_cache=False, cmake_clean_first=False, cmake_force_configure=False, ament_cmake_args=None, catkin_cmake_args=None, catkin_skip_building_tests=False, mixin_files=None, mixin=None, verb_parser=<colcon_mixin.mixin.mixin_argument.MixinArgumentDecorator object at 0x7ff78afd6170>, verb_extension=<colcon_core.verb.build.BuildVerb object at 0x7ff78afd5ae0>, main=<bound method BuildVerb.main of <colcon_core.verb.build.BuildVerb object at 0x7ff78afd5ae0>>, mixin_verb=('build',))
[0.302s] Level 1:colcon.colcon_core.package_discovery:discover_packages(colcon_meta) check parameters
[0.302s] INFO:colcon.colcon_metadata.package_discovery.colcon_meta:Using configuration from '/root/.colcon/metadata/default/Gazebo.meta'
[0.303s] INFO:colcon.colcon_metadata.package_discovery.colcon_meta:Using configuration from '/root/.colcon/metadata/default/fastrtps.meta'
[0.303s] Level 1:colcon.colcon_core.package_discovery:discover_packages(recursive) check parameters
[0.303s] Level 1:colcon.colcon_core.package_discovery:discover_packages(ignore) check parameters
[0.303s] Level 1:colcon.colcon_core.package_discovery:discover_packages(path) check parameters
[0.303s] Level 1:colcon.colcon_core.package_discovery:discover_packages(colcon_meta) discover
[0.303s] Level 1:colcon.colcon_core.package_discovery:discover_packages(recursive) discover
[0.303s] INFO:colcon.colcon_core.package_discovery:Crawling recursively for packages in '/px4_uxrce/convex_ellipsoid_planner'
[0.303s] Level 1:colcon.colcon_core.package_identification:_identify(.) by extensions ['ignore', 'ignore_ament_install']
[0.303s] Level 1:colcon.colcon_core.package_identification:_identify(.) by extension 'ignore'
[0.303s] Level 1:colcon.colcon_core.package_identification:_identify(.) by extension 'ignore_ament_install'
[0.304s] Level 1:colcon.colcon_core.package_identification:_identify(.) by extensions ['colcon_pkg']
[0.304s] Level 1:colcon.colcon_core.package_identification:_identify(.) by extension 'colcon_pkg'
[0.304s] Level 1:colcon.colcon_core.package_identification:_identify(.) by extensions ['colcon_meta']
[0.304s] Level 1:colcon.colcon_core.package_identification:_identify(.) by extension 'colcon_meta'
[0.304s] Level 1:colcon.colcon_core.package_identification:_identify(.) by extensions ['ros']
[0.304s] Level 1:colcon.colcon_core.package_identification:_identify(.) by extension 'ros'
[0.315s] Level 1:colcon.colcon_core.package_identification:_identify(.) by extensions ['cmake', 'python']
[0.315s] Level 1:colcon.colcon_core.package_identification:_identify(.) by extension 'cmake'
[0.316s] Level 1:colcon.colcon_core.package_identification:_identify(.) by extension 'python'
[0.316s] Level 1:colcon.colcon_core.package_identification:_identify(.) by extensions ['python_setup_py']
[0.316s] Level 1:colcon.colcon_core.package_identification:_identify(.) by extension 'python_setup_py'
[0.316s] Level 1:colcon.colcon_core.package_identification:_identify(build) by extensions ['ignore', 'ignore_ament_install']
[0.316s] Level 1:colcon.colcon_core.package_identification:_identify(build) by extension 'ignore'
[0.316s] Level 1:colcon.colcon_core.package_identification:_identify(build) ignored
[0.316s] Level 1:colcon.colcon_core.package_identification:_identify(install) by extensions ['ignore', 'ignore_ament_install']
[0.316s] Level 1:colcon.colcon_core.package_identification:_identify(install) by extension 'ignore'
[0.316s] Level 1:colcon.colcon_core.package_identification:_identify(install) ignored
[0.316s] Level 1:colcon.colcon_core.package_identification:_identify(log) by extensions ['ignore', 'ignore_ament_install']
[0.316s] Level 1:colcon.colcon_core.package_identification:_identify(log) by extension 'ignore'
[0.316s] Level 1:colcon.colcon_core.package_identification:_identify(log) ignored
[0.317s] Level 1:colcon.colcon_core.package_identification:_identify(src) by extensions ['ignore', 'ignore_ament_install']
[0.317s] Level 1:colcon.colcon_core.package_identification:_identify(src) by extension 'ignore'
[0.317s] Level 1:colcon.colcon_core.package_identification:_identify(src) by extension 'ignore_ament_install'
[0.317s] Level 1:colcon.colcon_core.package_identification:_identify(src) by extensions ['colcon_pkg']
[0.317s] Level 1:colcon.colcon_core.package_identification:_identify(src) by extension 'colcon_pkg'
[0.317s] Level 1:colcon.colcon_core.package_identification:_identify(src) by extensions ['colcon_meta']
[0.317s] Level 1:colcon.colcon_core.package_identification:_identify(src) by extension 'colcon_meta'
[0.317s] Level 1:colcon.colcon_core.package_identification:_identify(src) by extensions ['ros']
[0.317s] Level 1:colcon.colcon_core.package_identification:_identify(src) by extension 'ros'
[0.317s] Level 1:colcon.colcon_core.package_identification:_identify(src) by extensions ['cmake', 'python']
[0.317s] Level 1:colcon.colcon_core.package_identification:_identify(src) by extension 'cmake'
[0.317s] Level 1:colcon.colcon_core.package_identification:_identify(src) by extension 'python'
[0.317s] Level 1:colcon.colcon_core.package_identification:_identify(src) by extensions ['python_setup_py']
[0.317s] Level 1:colcon.colcon_core.package_identification:_identify(src) by extension 'python_setup_py'
[0.317s] Level 1:colcon.colcon_core.package_identification:_identify(src/clustering_python) by extensions ['ignore', 'ignore_ament_install']
[0.317s] Level 1:colcon.colcon_core.package_identification:_identify(src/clustering_python) by extension 'ignore'
[0.317s] Level 1:colcon.colcon_core.package_identification:_identify(src/clustering_python) by extension 'ignore_ament_install'
[0.318s] Level 1:colcon.colcon_core.package_identification:_identify(src/clustering_python) by extensions ['colcon_pkg']
[0.318s] Level 1:colcon.colcon_core.package_identification:_identify(src/clustering_python) by extension 'colcon_pkg'
[0.318s] Level 1:colcon.colcon_core.package_identification:_identify(src/clustering_python) by extensions ['colcon_meta']
[0.318s] Level 1:colcon.colcon_core.package_identification:_identify(src/clustering_python) by extension 'colcon_meta'
[0.318s] Level 1:colcon.colcon_core.package_identification:_identify(src/clustering_python) by extensions ['ros']
[0.318s] Level 1:colcon.colcon_core.package_identification:_identify(src/clustering_python) by extension 'ros'
[0.320s] DEBUG:colcon.colcon_core.package_identification:Package 'src/clustering_python' with type 'ros.ament_python' and name 'clustering_python'
[0.320s] Level 1:colcon.colcon_core.package_identification:_identify(src/custom_interface_gym) by extensions ['ignore', 'ignore_ament_install']
[0.320s] Level 1:colcon.colcon_core.package_identification:_identify(src/custom_interface_gym) by extension 'ignore'
[0.320s] Level 1:colcon.colcon_core.package_identification:_identify(src/custom_interface_gym) by extension 'ignore_ament_install'
[0.321s] Level 1:colcon.colcon_core.package_identification:_identify(src/custom_interface_gym) by extensions ['colcon_pkg']
[0.321s] Level 1:colcon.colcon_core.package_identification:_identify(src/custom_interface_gym) by extension 'colcon_pkg'
[0.321s] Level 1:colcon.colcon_core.package_identification:_identify(src/custom_interface_gym) by extensions ['colcon_meta']
[0.321s] Level 1:colcon.colcon_core.package_identification:_identify(src/custom_interface_gym) by extension 'colcon_meta'
[0.321s] Level 1:colcon.colcon_core.package_identification:_identify(src/custom_interface_gym) by extensions ['ros']
[0.321s] Level 1:colcon.colcon_core.package_identification:_identify(src/custom_interface_gym) by extension 'ros'
[0.322s] DEBUG:colcon.colcon_core.package_identification:Package 'src/custom_interface_gym' with type 'ros.ament_cmake' and name 'custom_interface_gym'
[0.322s] Level 1:colcon.colcon_core.package_identification:_identify(src/px4_msgs) by extensions ['ignore', 'ignore_ament_install']
[0.322s] Level 1:colcon.colcon_core.package_identification:_identify(src/px4_msgs) by extension 'ignore'
[0.322s] Level 1:colcon.colcon_core.package_identification:_identify(src/px4_msgs) by extension 'ignore_ament_install'
[0.322s] Level 1:colcon.colcon_core.package_identification:_identify(src/px4_msgs) by extensions ['colcon_pkg']
[0.322s] Level 1:colcon.colcon_core.package_identification:_identify(src/px4_msgs) by extension 'colcon_pkg'
[0.322s] Level 1:colcon.colcon_core.package_identification:_identify(src/px4_msgs) by extensions ['colcon_meta']
[0.322s] Level 1:colcon.colcon_core.package_identification:_identify(src/px4_msgs) by extension 'colcon_meta'
[0.322s] Level 1:colcon.colcon_core.package_identification:_identify(src/px4_msgs) by extensions ['ros']
[0.322s] Level 1:colcon.colcon_core.package_identification:_identify(src/px4_msgs) by extension 'ros'
[0.323s] DEBUG:colcon.colcon_core.package_identification:Package 'src/px4_msgs' with type 'ros.ament_cmake' and name 'px4_msgs'
[0.323s] Level 1:colcon.colcon_core.package_identification:_identify(src/px4_ros_com) by extensions ['ignore', 'ignore_ament_install']
[0.323s] Level 1:colcon.colcon_core.package_identification:_identify(src/px4_ros_com) by extension 'ignore'
[0.323s] Level 1:colcon.colcon_core.package_identification:_identify(src/px4_ros_com) by extension 'ignore_ament_install'
[0.323s] Level 1:colcon.colcon_core.package_identification:_identify(src/px4_ros_com) by extensions ['colcon_pkg']
[0.323s] Level 1:colcon.colcon_core.package_identification:_identify(src/px4_ros_com) by extension 'colcon_pkg'
[0.323s] Level 1:colcon.colcon_core.package_identification:_identify(src/px4_ros_com) by extensions ['colcon_meta']
[0.323s] Level 1:colcon.colcon_core.package_identification:_identify(src/px4_ros_com) by extension 'colcon_meta'
[0.323s] Level 1:colcon.colcon_core.package_identification:_identify(src/px4_ros_com) by extensions ['ros']
[0.323s] Level 1:colcon.colcon_core.package_identification:_identify(src/px4_ros_com) by extension 'ros'
[0.325s] DEBUG:colcon.colcon_core.package_identification:Package 'src/px4_ros_com' with type 'ros.ament_cmake' and name 'px4_ros_com'
[0.325s] Level 1:colcon.colcon_core.package_identification:_identify(src/ros2_gym_pybullet_drones) by extensions ['ignore', 'ignore_ament_install']
[0.325s] Level 1:colcon.colcon_core.package_identification:_identify(src/ros2_gym_pybullet_drones) by extension 'ignore'
[0.325s] Level 1:colcon.colcon_core.package_identification:_identify(src/ros2_gym_pybullet_drones) by extension 'ignore_ament_install'
[0.325s] Level 1:colcon.colcon_core.package_identification:_identify(src/ros2_gym_pybullet_drones) by extensions ['colcon_pkg']
[0.325s] Level 1:colcon.colcon_core.package_identification:_identify(src/ros2_gym_pybullet_drones) by extension 'colcon_pkg'
[0.325s] Level 1:colcon.colcon_core.package_identification:_identify(src/ros2_gym_pybullet_drones) by extensions ['colcon_meta']
[0.325s] Level 1:colcon.colcon_core.package_identification:_identify(src/ros2_gym_pybullet_drones) by extension 'colcon_meta'
[0.325s] Level 1:colcon.colcon_core.package_identification:_identify(src/ros2_gym_pybullet_drones) by extensions ['ros']
[0.325s] Level 1:colcon.colcon_core.package_identification:_identify(src/ros2_gym_pybullet_drones) by extension 'ros'
[0.326s] DEBUG:colcon.colcon_core.package_identification:Package 'src/ros2_gym_pybullet_drones' with type 'ros.ament_python' and name 'ros2_gym_pybullet_drones'
[0.326s] Level 1:colcon.colcon_core.package_identification:_identify(src/rrt_path_finder) by extensions ['ignore', 'ignore_ament_install']
[0.326s] Level 1:colcon.colcon_core.package_identification:_identify(src/rrt_path_finder) by extension 'ignore'
[0.326s] Level 1:colcon.colcon_core.package_identification:_identify(src/rrt_path_finder) by extension 'ignore_ament_install'
[0.326s] Level 1:colcon.colcon_core.package_identification:_identify(src/rrt_path_finder) by extensions ['colcon_pkg']
[0.326s] Level 1:colcon.colcon_core.package_identification:_identify(src/rrt_path_finder) by extension 'colcon_pkg'
[0.326s] Level 1:colcon.colcon_core.package_identification:_identify(src/rrt_path_finder) by extensions ['colcon_meta']
[0.326s] Level 1:colcon.colcon_core.package_identification:_identify(src/rrt_path_finder) by extension 'colcon_meta'
[0.326s] Level 1:colcon.colcon_core.package_identification:_identify(src/rrt_path_finder) by extensions ['ros']
[0.326s] Level 1:colcon.colcon_core.package_identification:_identify(src/rrt_path_finder) by extension 'ros'
[0.327s] DEBUG:colcon.colcon_core.package_identification:Package 'src/rrt_path_finder' with type 'ros.ament_cmake' and name 'rrt_path_finder'
[0.327s] Level 1:colcon.colcon_core.package_identification:_identify(src/rrt_python_gym) by extensions ['ignore', 'ignore_ament_install']
[0.327s] Level 1:colcon.colcon_core.package_identification:_identify(src/rrt_python_gym) by extension 'ignore'
[0.328s] Level 1:colcon.colcon_core.package_identification:_identify(src/rrt_python_gym) by extension 'ignore_ament_install'
[0.328s] Level 1:colcon.colcon_core.package_identification:_identify(src/rrt_python_gym) by extensions ['colcon_pkg']
[0.328s] Level 1:colcon.colcon_core.package_identification:_identify(src/rrt_python_gym) by extension 'colcon_pkg'
[0.328s] Level 1:colcon.colcon_core.package_identification:_identify(src/rrt_python_gym) by extensions ['colcon_meta']
[0.328s] Level 1:colcon.colcon_core.package_identification:_identify(src/rrt_python_gym) by extension 'colcon_meta'
[0.328s] Level 1:colcon.colcon_core.package_identification:_identify(src/rrt_python_gym) by extensions ['ros']
[0.328s] Level 1:colcon.colcon_core.package_identification:_identify(src/rrt_python_gym) by extension 'ros'
[0.329s] DEBUG:colcon.colcon_core.package_identification:Package 'src/rrt_python_gym' with type 'ros.ament_python' and name 'rrt_python_gym'
[0.329s] Level 1:colcon.colcon_core.package_discovery:discover_packages(recursive) using defaults
[0.329s] Level 1:colcon.colcon_core.package_discovery:discover_packages(ignore) discover
[0.329s] Level 1:colcon.colcon_core.package_discovery:discover_packages(ignore) using defaults
[0.329s] Level 1:colcon.colcon_core.package_discovery:discover_packages(path) discover
[0.329s] Level 1:colcon.colcon_core.package_discovery:discover_packages(path) using defaults
[0.352s] INFO:colcon.colcon_core.package_selection:Skipping not selected package 'clustering_python' in 'src/clustering_python'
[0.352s] INFO:colcon.colcon_core.package_selection:Skipping not selected package 'px4_msgs' in 'src/px4_msgs'
[0.352s] INFO:colcon.colcon_core.package_selection:Skipping not selected package 'ros2_gym_pybullet_drones' in 'src/ros2_gym_pybullet_drones'
[0.352s] INFO:colcon.colcon_core.package_selection:Skipping not selected package 'rrt_path_finder' in 'src/rrt_path_finder'
[0.352s] INFO:colcon.colcon_core.package_selection:Skipping not selected package 'rrt_python_gym' in 'src/rrt_python_gym'
[0.352s] INFO:colcon.colcon_core.package_selection:Skipping not selected package 'px4_ros_com' in 'src/px4_ros_com'
[0.352s] Level 5:colcon.colcon_core.verb:set package 'custom_interface_gym' build argument 'cmake_args' from command line to 'None'
[0.352s] Level 5:colcon.colcon_core.verb:set package 'custom_interface_gym' build argument 'cmake_target' from command line to 'None'
[0.352s] Level 5:colcon.colcon_core.verb:set package 'custom_interface_gym' build argument 'cmake_target_skip_unavailable' from command line to 'False'
[0.353s] Level 5:colcon.colcon_core.verb:set package 'custom_interface_gym' build argument 'cmake_clean_cache' from command line to 'False'
[0.353s] Level 5:colcon.colcon_core.verb:set package 'custom_interface_gym' build argument 'cmake_clean_first' from command line to 'False'
[0.353s] Level 5:colcon.colcon_core.verb:set package 'custom_interface_gym' build argument 'cmake_force_configure' from command line to 'False'
[0.353s] Level 5:colcon.colcon_core.verb:set package 'custom_interface_gym' build argument 'ament_cmake_args' from command line to 'None'
[0.353s] Level 5:colcon.colcon_core.verb:set package 'custom_interface_gym' build argument 'catkin_cmake_args' from command line to 'None'
[0.353s] Level 5:colcon.colcon_core.verb:set package 'custom_interface_gym' build argument 'catkin_skip_building_tests' from command line to 'False'
[0.353s] DEBUG:colcon.colcon_core.verb:Building package 'custom_interface_gym' with the following arguments: {'ament_cmake_args': None, 'build_base': '/px4_uxrce/convex_ellipsoid_planner/build/custom_interface_gym', 'catkin_cmake_args': None, 'catkin_skip_building_tests': False, 'cmake_args': None, 'cmake_clean_cache': False, 'cmake_clean_first': False, 'cmake_force_configure': False, 'cmake_target': None, 'cmake_target_skip_unavailable': False, 'install_base': '/px4_uxrce/convex_ellipsoid_planner/install/custom_interface_gym', 'merge_install': False, 'path': '/px4_uxrce/convex_ellipsoid_planner/src/custom_interface_gym', 'symlink_install': False, 'test_result_base': None}
[0.353s] INFO:colcon.colcon_core.executor:Executing jobs using 'parallel' executor
[0.354s] DEBUG:colcon.colcon_parallel_executor.executor.parallel:run_until_complete
[0.354s] INFO:colcon.colcon_ros.task.ament_cmake.build:Building ROS package in '/px4_uxrce/convex_ellipsoid_planner/src/custom_interface_gym' with build type 'ament_cmake'
[0.354s] INFO:colcon.colcon_cmake.task.cmake.build:Building CMake package in '/px4_uxrce/convex_ellipsoid_planner/src/custom_interface_gym'
[0.357s] INFO:colcon.colcon_core.plugin_system:Skipping extension 'colcon_core.shell.bat': Not used on non-Windows systems
[0.357s] INFO:colcon.colcon_core.shell:Skip shell extension 'powershell' for command environment: Not usable outside of PowerShell
[0.357s] DEBUG:colcon.colcon_core.shell:Skip shell extension 'dsv' for command environment
[0.367s] DEBUG:colcon.colcon_core.event_handler.log_command:Invoking command in '/px4_uxrce/convex_ellipsoid_planner/build/custom_interface_gym': CMAKE_PREFIX_PATH=${CMAKE_PREFIX_PATH}:/px4_uxrce/convex_ellipsoid_planner/install/rrt_python_gym:/px4_uxrce/convex_ellipsoid_planner/install/ros2_gym_pybullet_drones:/px4_uxrce/convex_ellipsoid_planner/install/clustering_python:/opt/ros/humble /usr/bin/cmake --build /px4_uxrce/convex_ellipsoid_planner/build/custom_interface_gym -- -j12 -l12
[0.687s] DEBUG:colcon.colcon_core.event_handler.log_command:Invoked command in '/px4_uxrce/convex_ellipsoid_planner/build/custom_interface_gym' returned '0': CMAKE_PREFIX_PATH=${CMAKE_PREFIX_PATH}:/px4_uxrce/convex_ellipsoid_planner/install/rrt_python_gym:/px4_uxrce/convex_ellipsoid_planner/install/ros2_gym_pybullet_drones:/px4_uxrce/convex_ellipsoid_planner/install/clustering_python:/opt/ros/humble /usr/bin/cmake --build /px4_uxrce/convex_ellipsoid_planner/build/custom_interface_gym -- -j12 -l12
[0.697s] DEBUG:colcon.colcon_core.event_handler.log_command:Invoking command in '/px4_uxrce/convex_ellipsoid_planner/build/custom_interface_gym': CMAKE_PREFIX_PATH=${CMAKE_PREFIX_PATH}:/px4_uxrce/convex_ellipsoid_planner/install/rrt_python_gym:/px4_uxrce/convex_ellipsoid_planner/install/ros2_gym_pybullet_drones:/px4_uxrce/convex_ellipsoid_planner/install/clustering_python:/opt/ros/humble /usr/bin/cmake --install /px4_uxrce/convex_ellipsoid_planner/build/custom_interface_gym
[0.755s] Level 1:colcon.colcon_core.environment:create_environment_scripts_only(custom_interface_gym)
[0.758s] DEBUG:colcon.colcon_core.event_handler.log_command:Invoked command in '/px4_uxrce/convex_ellipsoid_planner/build/custom_interface_gym' returned '0': CMAKE_PREFIX_PATH=${CMAKE_PREFIX_PATH}:/px4_uxrce/convex_ellipsoid_planner/install/rrt_python_gym:/px4_uxrce/convex_ellipsoid_planner/install/ros2_gym_pybullet_drones:/px4_uxrce/convex_ellipsoid_planner/install/clustering_python:/opt/ros/humble /usr/bin/cmake --install /px4_uxrce/convex_ellipsoid_planner/build/custom_interface_gym
[0.759s] Level 1:colcon.colcon_core.environment:checking '/px4_uxrce/convex_ellipsoid_planner/install/custom_interface_gym' for CMake module files
[0.760s] Level 1:colcon.colcon_core.environment:checking '/px4_uxrce/convex_ellipsoid_planner/install/custom_interface_gym' for CMake config files
[0.760s] Level 1:colcon.colcon_core.shell:create_environment_hook('custom_interface_gym', 'cmake_prefix_path')
[0.761s] INFO:colcon.colcon_core.shell:Creating environment hook '/px4_uxrce/convex_ellipsoid_planner/install/custom_interface_gym/share/custom_interface_gym/hook/cmake_prefix_path.ps1'
[0.761s] INFO:colcon.colcon_core.shell:Creating environment descriptor '/px4_uxrce/convex_ellipsoid_planner/install/custom_interface_gym/share/custom_interface_gym/hook/cmake_prefix_path.dsv'
[0.762s] INFO:colcon.colcon_core.shell:Creating environment hook '/px4_uxrce/convex_ellipsoid_planner/install/custom_interface_gym/share/custom_interface_gym/hook/cmake_prefix_path.sh'
[0.763s] Level 1:colcon.colcon_core.environment:checking '/px4_uxrce/convex_ellipsoid_planner/install/custom_interface_gym/lib'
[0.764s] Level 1:colcon.colcon_core.shell:create_environment_hook('custom_interface_gym', 'ld_library_path_lib')
[0.764s] INFO:colcon.colcon_core.shell:Creating environment hook '/px4_uxrce/convex_ellipsoid_planner/install/custom_interface_gym/share/custom_interface_gym/hook/ld_library_path_lib.ps1'
[0.764s] INFO:colcon.colcon_core.shell:Creating environment descriptor '/px4_uxrce/convex_ellipsoid_planner/install/custom_interface_gym/share/custom_interface_gym/hook/ld_library_path_lib.dsv'
[0.765s] INFO:colcon.colcon_core.shell:Creating environment hook '/px4_uxrce/convex_ellipsoid_planner/install/custom_interface_gym/share/custom_interface_gym/hook/ld_library_path_lib.sh'
[0.765s] Level 1:colcon.colcon_core.environment:checking '/px4_uxrce/convex_ellipsoid_planner/install/custom_interface_gym/bin'
[0.765s] Level 1:colcon.colcon_core.environment:checking '/px4_uxrce/convex_ellipsoid_planner/install/custom_interface_gym/lib/pkgconfig/custom_interface_gym.pc'
[0.767s] Level 1:colcon.colcon_core.environment:checking '/px4_uxrce/convex_ellipsoid_planner/install/custom_interface_gym/lib/python3.10/site-packages'
[0.767s] Level 1:colcon.colcon_core.environment:checking '/px4_uxrce/convex_ellipsoid_planner/install/custom_interface_gym/bin'
[0.768s] INFO:colcon.colcon_core.shell:Creating package script '/px4_uxrce/convex_ellipsoid_planner/install/custom_interface_gym/share/custom_interface_gym/package.ps1'
[0.769s] INFO:colcon.colcon_core.shell:Creating package descriptor '/px4_uxrce/convex_ellipsoid_planner/install/custom_interface_gym/share/custom_interface_gym/package.dsv'
[0.769s] INFO:colcon.colcon_core.shell:Creating package script '/px4_uxrce/convex_ellipsoid_planner/install/custom_interface_gym/share/custom_interface_gym/package.sh'
[0.770s] INFO:colcon.colcon_core.shell:Creating package script '/px4_uxrce/convex_ellipsoid_planner/install/custom_interface_gym/share/custom_interface_gym/package.bash'
[0.771s] INFO:colcon.colcon_core.shell:Creating package script '/px4_uxrce/convex_ellipsoid_planner/install/custom_interface_gym/share/custom_interface_gym/package.zsh'
[0.772s] Level 1:colcon.colcon_core.environment:create_file_with_runtime_dependencies(/px4_uxrce/convex_ellipsoid_planner/install/custom_interface_gym/share/colcon-core/packages/custom_interface_gym)
[0.772s] Level 1:colcon.colcon_core.environment:create_environment_scripts_only(custom_interface_gym)
[0.773s] Level 1:colcon.colcon_core.environment:checking '/px4_uxrce/convex_ellipsoid_planner/install/custom_interface_gym' for CMake module files
[0.773s] Level 1:colcon.colcon_core.environment:checking '/px4_uxrce/convex_ellipsoid_planner/install/custom_interface_gym' for CMake config files
[0.773s] Level 1:colcon.colcon_core.shell:create_environment_hook('custom_interface_gym', 'cmake_prefix_path')
[0.774s] INFO:colcon.colcon_core.shell:Creating environment hook '/px4_uxrce/convex_ellipsoid_planner/install/custom_interface_gym/share/custom_interface_gym/hook/cmake_prefix_path.ps1'
[0.774s] INFO:colcon.colcon_core.shell:Creating environment descriptor '/px4_uxrce/convex_ellipsoid_planner/install/custom_interface_gym/share/custom_interface_gym/hook/cmake_prefix_path.dsv'
[0.775s] INFO:colcon.colcon_core.shell:Creating environment hook '/px4_uxrce/convex_ellipsoid_planner/install/custom_interface_gym/share/custom_interface_gym/hook/cmake_prefix_path.sh'
[0.775s] Level 1:colcon.colcon_core.environment:checking '/px4_uxrce/convex_ellipsoid_planner/install/custom_interface_gym/lib'
[0.775s] Level 1:colcon.colcon_core.shell:create_environment_hook('custom_interface_gym', 'ld_library_path_lib')
[0.775s] INFO:colcon.colcon_core.shell:Creating environment hook '/px4_uxrce/convex_ellipsoid_planner/install/custom_interface_gym/share/custom_interface_gym/hook/ld_library_path_lib.ps1'
[0.776s] INFO:colcon.colcon_core.shell:Creating environment descriptor '/px4_uxrce/convex_ellipsoid_planner/install/custom_interface_gym/share/custom_interface_gym/hook/ld_library_path_lib.dsv'
[0.776s] INFO:colcon.colcon_core.shell:Creating environment hook '/px4_uxrce/convex_ellipsoid_planner/install/custom_interface_gym/share/custom_interface_gym/hook/ld_library_path_lib.sh'
[0.777s] Level 1:colcon.colcon_core.environment:checking '/px4_uxrce/convex_ellipsoid_planner/install/custom_interface_gym/bin'
[0.777s] Level 1:colcon.colcon_core.environment:checking '/px4_uxrce/convex_ellipsoid_planner/install/custom_interface_gym/lib/pkgconfig/custom_interface_gym.pc'
[0.777s] Level 1:colcon.colcon_core.environment:checking '/px4_uxrce/convex_ellipsoid_planner/install/custom_interface_gym/lib/python3.10/site-packages'
[0.777s] Level 1:colcon.colcon_core.environment:checking '/px4_uxrce/convex_ellipsoid_planner/install/custom_interface_gym/bin'
[0.778s] INFO:colcon.colcon_core.shell:Creating package script '/px4_uxrce/convex_ellipsoid_planner/install/custom_interface_gym/share/custom_interface_gym/package.ps1'
[0.778s] INFO:colcon.colcon_core.shell:Creating package descriptor '/px4_uxrce/convex_ellipsoid_planner/install/custom_interface_gym/share/custom_interface_gym/package.dsv'
[0.779s] INFO:colcon.colcon_core.shell:Creating package script '/px4_uxrce/convex_ellipsoid_planner/install/custom_interface_gym/share/custom_interface_gym/package.sh'
[0.780s] INFO:colcon.colcon_core.shell:Creating package script '/px4_uxrce/convex_ellipsoid_planner/install/custom_interface_gym/share/custom_interface_gym/package.bash'
[0.780s] INFO:colcon.colcon_core.shell:Creating package script '/px4_uxrce/convex_ellipsoid_planner/install/custom_interface_gym/share/custom_interface_gym/package.zsh'
[0.781s] Level 1:colcon.colcon_core.environment:create_file_with_runtime_dependencies(/px4_uxrce/convex_ellipsoid_planner/install/custom_interface_gym/share/colcon-core/packages/custom_interface_gym)
[0.781s] DEBUG:colcon.colcon_parallel_executor.executor.parallel:closing loop
[0.781s] DEBUG:colcon.colcon_parallel_executor.executor.parallel:loop closed
[0.781s] DEBUG:colcon.colcon_parallel_executor.executor.parallel:run_until_complete finished with '0'
[0.781s] DEBUG:colcon.colcon_core.event_reactor:joining thread
[0.786s] INFO:colcon.colcon_core.plugin_system:Skipping extension 'colcon_notification.desktop_notification.notify_send': Could not find 'notify-send'
[0.786s] INFO:colcon.colcon_core.plugin_system:Skipping extension 'colcon_notification.desktop_notification.terminal_notifier': Not used on non-Darwin systems
[0.786s] INFO:colcon.colcon_core.plugin_system:Skipping extension 'colcon_notification.desktop_notification.win32': Not used on non-Windows systems
[0.786s] INFO:colcon.colcon_notification.desktop_notification:Sending desktop notification using 'notify2'
[0.788s] DEBUG:colcon.colcon_notification.desktop_notification.notify2:Failed to initialize notify2: org.freedesktop.DBus.Error.Spawn.ExecFailed: /usr/bin/dbus-launch terminated abnormally without any error message
[0.788s] DEBUG:colcon.colcon_core.event_reactor:joined thread
[0.789s] INFO:colcon.colcon_core.shell:Creating prefix script '/px4_uxrce/convex_ellipsoid_planner/install/local_setup.ps1'
[0.790s] INFO:colcon.colcon_core.shell:Creating prefix util module '/px4_uxrce/convex_ellipsoid_planner/install/_local_setup_util_ps1.py'
[0.792s] INFO:colcon.colcon_core.shell:Creating prefix chain script '/px4_uxrce/convex_ellipsoid_planner/install/setup.ps1'
[0.793s] INFO:colcon.colcon_core.shell:Creating prefix script '/px4_uxrce/convex_ellipsoid_planner/install/local_setup.sh'
[0.794s] INFO:colcon.colcon_core.shell:Creating prefix util module '/px4_uxrce/convex_ellipsoid_planner/install/_local_setup_util_sh.py'
[0.795s] INFO:colcon.colcon_core.shell:Creating prefix chain script '/px4_uxrce/convex_ellipsoid_planner/install/setup.sh'
[0.796s] INFO:colcon.colcon_core.shell:Creating prefix script '/px4_uxrce/convex_ellipsoid_planner/install/local_setup.bash'
[0.796s] INFO:colcon.colcon_core.shell:Creating prefix chain script '/px4_uxrce/convex_ellipsoid_planner/install/setup.bash'
[0.798s] INFO:colcon.colcon_core.shell:Creating prefix script '/px4_uxrce/convex_ellipsoid_planner/install/local_setup.zsh'
[0.798s] INFO:colcon.colcon_core.shell:Creating prefix chain script '/px4_uxrce/convex_ellipsoid_planner/install/setup.zsh'
