[0.104s] DEBUG:colcon:Command line arguments: ['/usr/bin/colcon', 'build']
[0.104s] DEBUG:colcon:Parsed command line arguments: Namespace(log_base=None, log_level=None, verb_name='build', build_base='build', install_base='install', merge_install=False, symlink_install=False, test_result_base=None, continue_on_error=False, executor='parallel', parallel_workers=12, event_handlers=None, ignore_user_meta=False, metas=['./colcon.meta'], base_paths=['.'], packages_ignore=None, packages_ignore_regex=None, paths=None, packages_up_to=None, packages_up_to_regex=None, packages_above=None, packages_above_and_dependencies=None, packages_above_depth=None, packages_select_by_dep=None, packages_skip_by_dep=None, packages_skip_up_to=None, packages_select_build_failed=False, packages_skip_build_finished=False, packages_select_test_failures=False, packages_skip_test_passed=False, packages_select=None, packages_skip=None, packages_select_regex=None, packages_skip_regex=None, packages_start=None, packages_end=None, cmake_args=None, cmake_target=None, cmake_target_skip_unavailable=False, cmake_clean_cache=False, cmake_clean_first=False, cmake_force_configure=False, ament_cmake_args=None, catkin_cmake_args=None, catkin_skip_building_tests=False, mixin_files=None, mixin=None, verb_parser=<colcon_mixin.mixin.mixin_argument.MixinArgumentDecorator object at 0x7f79b5da9240>, verb_extension=<colcon_core.verb.build.BuildVerb object at 0x7f79b5da8bb0>, main=<bound method BuildVerb.main of <colcon_core.verb.build.BuildVerb object at 0x7f79b5da8bb0>>, mixin_verb=('build',))
[0.224s] Level 1:colcon.colcon_core.package_discovery:discover_packages(colcon_meta) check parameters
[0.225s] INFO:colcon.colcon_metadata.package_discovery.colcon_meta:Using configuration from '/root/.colcon/metadata/default/Gazebo.meta'
[0.225s] INFO:colcon.colcon_metadata.package_discovery.colcon_meta:Using configuration from '/root/.colcon/metadata/default/fastrtps.meta'
[0.225s] Level 1:colcon.colcon_core.package_discovery:discover_packages(recursive) check parameters
[0.225s] Level 1:colcon.colcon_core.package_discovery:discover_packages(ignore) check parameters
[0.226s] Level 1:colcon.colcon_core.package_discovery:discover_packages(path) check parameters
[0.226s] Level 1:colcon.colcon_core.package_discovery:discover_packages(colcon_meta) discover
[0.226s] Level 1:colcon.colcon_core.package_discovery:discover_packages(recursive) discover
[0.226s] INFO:colcon.colcon_core.package_discovery:Crawling recursively for packages in '/px4_uxrce/camera_ws'
[0.226s] Level 1:colcon.colcon_core.package_identification:_identify(.) by extensions ['ignore', 'ignore_ament_install']
[0.226s] Level 1:colcon.colcon_core.package_identification:_identify(.) by extension 'ignore'
[0.226s] Level 1:colcon.colcon_core.package_identification:_identify(.) by extension 'ignore_ament_install'
[0.226s] Level 1:colcon.colcon_core.package_identification:_identify(.) by extensions ['colcon_pkg']
[0.226s] Level 1:colcon.colcon_core.package_identification:_identify(.) by extension 'colcon_pkg'
[0.226s] Level 1:colcon.colcon_core.package_identification:_identify(.) by extensions ['colcon_meta']
[0.226s] Level 1:colcon.colcon_core.package_identification:_identify(.) by extension 'colcon_meta'
[0.226s] Level 1:colcon.colcon_core.package_identification:_identify(.) by extensions ['ros']
[0.226s] Level 1:colcon.colcon_core.package_identification:_identify(.) by extension 'ros'
[0.238s] Level 1:colcon.colcon_core.package_identification:_identify(.) by extensions ['cmake', 'python']
[0.238s] Level 1:colcon.colcon_core.package_identification:_identify(.) by extension 'cmake'
[0.238s] Level 1:colcon.colcon_core.package_identification:_identify(.) by extension 'python'
[0.238s] Level 1:colcon.colcon_core.package_identification:_identify(.) by extensions ['python_setup_py']
[0.238s] Level 1:colcon.colcon_core.package_identification:_identify(.) by extension 'python_setup_py'
[0.238s] Level 1:colcon.colcon_core.package_identification:_identify(build) by extensions ['ignore', 'ignore_ament_install']
[0.238s] Level 1:colcon.colcon_core.package_identification:_identify(build) by extension 'ignore'
[0.238s] Level 1:colcon.colcon_core.package_identification:_identify(build) ignored
[0.239s] Level 1:colcon.colcon_core.package_identification:_identify(install) by extensions ['ignore', 'ignore_ament_install']
[0.239s] Level 1:colcon.colcon_core.package_identification:_identify(install) by extension 'ignore'
[0.239s] Level 1:colcon.colcon_core.package_identification:_identify(install) ignored
[0.239s] Level 1:colcon.colcon_core.package_identification:_identify(librealsense) by extensions ['ignore', 'ignore_ament_install']
[0.239s] Level 1:colcon.colcon_core.package_identification:_identify(librealsense) by extension 'ignore'
[0.239s] Level 1:colcon.colcon_core.package_identification:_identify(librealsense) by extension 'ignore_ament_install'
[0.239s] Level 1:colcon.colcon_core.package_identification:_identify(librealsense) by extensions ['colcon_pkg']
[0.239s] Level 1:colcon.colcon_core.package_identification:_identify(librealsense) by extension 'colcon_pkg'
[0.239s] Level 1:colcon.colcon_core.package_identification:_identify(librealsense) by extensions ['colcon_meta']
[0.239s] Level 1:colcon.colcon_core.package_identification:_identify(librealsense) by extension 'colcon_meta'
[0.239s] Level 1:colcon.colcon_core.package_identification:_identify(librealsense) by extensions ['ros']
[0.239s] Level 1:colcon.colcon_core.package_identification:_identify(librealsense) by extension 'ros'
[0.242s] DEBUG:colcon.colcon_core.package_identification:Package 'librealsense' with type 'ros.cmake' and name 'librealsense2'
[0.242s] Level 1:colcon.colcon_core.package_identification:_identify(log) by extensions ['ignore', 'ignore_ament_install']
[0.242s] Level 1:colcon.colcon_core.package_identification:_identify(log) by extension 'ignore'
[0.242s] Level 1:colcon.colcon_core.package_identification:_identify(log) ignored
[0.242s] Level 1:colcon.colcon_core.package_identification:_identify(src) by extensions ['ignore', 'ignore_ament_install']
[0.242s] Level 1:colcon.colcon_core.package_identification:_identify(src) by extension 'ignore'
[0.243s] Level 1:colcon.colcon_core.package_identification:_identify(src) by extension 'ignore_ament_install'
[0.243s] Level 1:colcon.colcon_core.package_identification:_identify(src) by extensions ['colcon_pkg']
[0.243s] Level 1:colcon.colcon_core.package_identification:_identify(src) by extension 'colcon_pkg'
[0.243s] Level 1:colcon.colcon_core.package_identification:_identify(src) by extensions ['colcon_meta']
[0.243s] Level 1:colcon.colcon_core.package_identification:_identify(src) by extension 'colcon_meta'
[0.243s] Level 1:colcon.colcon_core.package_identification:_identify(src) by extensions ['ros']
[0.243s] Level 1:colcon.colcon_core.package_identification:_identify(src) by extension 'ros'
[0.243s] Level 1:colcon.colcon_core.package_identification:_identify(src) by extensions ['cmake', 'python']
[0.243s] Level 1:colcon.colcon_core.package_identification:_identify(src) by extension 'cmake'
[0.243s] Level 1:colcon.colcon_core.package_identification:_identify(src) by extension 'python'
[0.243s] Level 1:colcon.colcon_core.package_identification:_identify(src) by extensions ['python_setup_py']
[0.243s] Level 1:colcon.colcon_core.package_identification:_identify(src) by extension 'python_setup_py'
[0.243s] Level 1:colcon.colcon_core.package_identification:_identify(src/realsense-ros) by extensions ['ignore', 'ignore_ament_install']
[0.243s] Level 1:colcon.colcon_core.package_identification:_identify(src/realsense-ros) by extension 'ignore'
[0.243s] Level 1:colcon.colcon_core.package_identification:_identify(src/realsense-ros) by extension 'ignore_ament_install'
[0.243s] Level 1:colcon.colcon_core.package_identification:_identify(src/realsense-ros) by extensions ['colcon_pkg']
[0.243s] Level 1:colcon.colcon_core.package_identification:_identify(src/realsense-ros) by extension 'colcon_pkg'
[0.243s] Level 1:colcon.colcon_core.package_identification:_identify(src/realsense-ros) by extensions ['colcon_meta']
[0.244s] Level 1:colcon.colcon_core.package_identification:_identify(src/realsense-ros) by extension 'colcon_meta'
[0.244s] Level 1:colcon.colcon_core.package_identification:_identify(src/realsense-ros) by extensions ['ros']
[0.244s] Level 1:colcon.colcon_core.package_identification:_identify(src/realsense-ros) by extension 'ros'
[0.244s] Level 1:colcon.colcon_core.package_identification:_identify(src/realsense-ros) by extensions ['cmake', 'python']
[0.244s] Level 1:colcon.colcon_core.package_identification:_identify(src/realsense-ros) by extension 'cmake'
[0.244s] Level 1:colcon.colcon_core.package_identification:_identify(src/realsense-ros) by extension 'python'
[0.244s] Level 1:colcon.colcon_core.package_identification:_identify(src/realsense-ros) by extensions ['python_setup_py']
[0.244s] Level 1:colcon.colcon_core.package_identification:_identify(src/realsense-ros) by extension 'python_setup_py'
[0.244s] Level 1:colcon.colcon_core.package_identification:_identify(src/realsense-ros/realsense2_camera) by extensions ['ignore', 'ignore_ament_install']
[0.244s] Level 1:colcon.colcon_core.package_identification:_identify(src/realsense-ros/realsense2_camera) by extension 'ignore'
[0.244s] Level 1:colcon.colcon_core.package_identification:_identify(src/realsense-ros/realsense2_camera) by extension 'ignore_ament_install'
[0.244s] Level 1:colcon.colcon_core.package_identification:_identify(src/realsense-ros/realsense2_camera) by extensions ['colcon_pkg']
[0.244s] Level 1:colcon.colcon_core.package_identification:_identify(src/realsense-ros/realsense2_camera) by extension 'colcon_pkg'
[0.244s] Level 1:colcon.colcon_core.package_identification:_identify(src/realsense-ros/realsense2_camera) by extensions ['colcon_meta']
[0.244s] Level 1:colcon.colcon_core.package_identification:_identify(src/realsense-ros/realsense2_camera) by extension 'colcon_meta'
[0.244s] Level 1:colcon.colcon_core.package_identification:_identify(src/realsense-ros/realsense2_camera) by extensions ['ros']
[0.244s] Level 1:colcon.colcon_core.package_identification:_identify(src/realsense-ros/realsense2_camera) by extension 'ros'
[0.250s] DEBUG:colcon.colcon_core.package_identification:Package 'src/realsense-ros/realsense2_camera' with type 'ros.ament_cmake' and name 'realsense2_camera'
[0.250s] Level 1:colcon.colcon_core.package_identification:_identify(src/realsense-ros/realsense2_camera_msgs) by extensions ['ignore', 'ignore_ament_install']
[0.250s] Level 1:colcon.colcon_core.package_identification:_identify(src/realsense-ros/realsense2_camera_msgs) by extension 'ignore'
[0.251s] Level 1:colcon.colcon_core.package_identification:_identify(src/realsense-ros/realsense2_camera_msgs) by extension 'ignore_ament_install'
[0.251s] Level 1:colcon.colcon_core.package_identification:_identify(src/realsense-ros/realsense2_camera_msgs) by extensions ['colcon_pkg']
[0.251s] Level 1:colcon.colcon_core.package_identification:_identify(src/realsense-ros/realsense2_camera_msgs) by extension 'colcon_pkg'
[0.251s] Level 1:colcon.colcon_core.package_identification:_identify(src/realsense-ros/realsense2_camera_msgs) by extensions ['colcon_meta']
[0.251s] Level 1:colcon.colcon_core.package_identification:_identify(src/realsense-ros/realsense2_camera_msgs) by extension 'colcon_meta'
[0.251s] Level 1:colcon.colcon_core.package_identification:_identify(src/realsense-ros/realsense2_camera_msgs) by extensions ['ros']
[0.251s] Level 1:colcon.colcon_core.package_identification:_identify(src/realsense-ros/realsense2_camera_msgs) by extension 'ros'
[0.251s] DEBUG:colcon.colcon_core.package_identification:Package 'src/realsense-ros/realsense2_camera_msgs' with type 'ros.ament_cmake' and name 'realsense2_camera_msgs'
[0.252s] Level 1:colcon.colcon_core.package_identification:_identify(src/realsense-ros/realsense2_description) by extensions ['ignore', 'ignore_ament_install']
[0.252s] Level 1:colcon.colcon_core.package_identification:_identify(src/realsense-ros/realsense2_description) by extension 'ignore'
[0.252s] Level 1:colcon.colcon_core.package_identification:_identify(src/realsense-ros/realsense2_description) by extension 'ignore_ament_install'
[0.252s] Level 1:colcon.colcon_core.package_identification:_identify(src/realsense-ros/realsense2_description) by extensions ['colcon_pkg']
[0.252s] Level 1:colcon.colcon_core.package_identification:_identify(src/realsense-ros/realsense2_description) by extension 'colcon_pkg'
[0.252s] Level 1:colcon.colcon_core.package_identification:_identify(src/realsense-ros/realsense2_description) by extensions ['colcon_meta']
[0.252s] Level 1:colcon.colcon_core.package_identification:_identify(src/realsense-ros/realsense2_description) by extension 'colcon_meta'
[0.252s] Level 1:colcon.colcon_core.package_identification:_identify(src/realsense-ros/realsense2_description) by extensions ['ros']
[0.252s] Level 1:colcon.colcon_core.package_identification:_identify(src/realsense-ros/realsense2_description) by extension 'ros'
[0.254s] DEBUG:colcon.colcon_core.package_identification:Package 'src/realsense-ros/realsense2_description' with type 'ros.ament_cmake' and name 'realsense2_description'
[0.254s] Level 1:colcon.colcon_core.package_identification:_identify(src/realsense-ros/scripts) by extensions ['ignore', 'ignore_ament_install']
[0.254s] Level 1:colcon.colcon_core.package_identification:_identify(src/realsense-ros/scripts) by extension 'ignore'
[0.254s] Level 1:colcon.colcon_core.package_identification:_identify(src/realsense-ros/scripts) by extension 'ignore_ament_install'
[0.254s] Level 1:colcon.colcon_core.package_identification:_identify(src/realsense-ros/scripts) by extensions ['colcon_pkg']
[0.254s] Level 1:colcon.colcon_core.package_identification:_identify(src/realsense-ros/scripts) by extension 'colcon_pkg'
[0.254s] Level 1:colcon.colcon_core.package_identification:_identify(src/realsense-ros/scripts) by extensions ['colcon_meta']
[0.254s] Level 1:colcon.colcon_core.package_identification:_identify(src/realsense-ros/scripts) by extension 'colcon_meta'
[0.254s] Level 1:colcon.colcon_core.package_identification:_identify(src/realsense-ros/scripts) by extensions ['ros']
[0.254s] Level 1:colcon.colcon_core.package_identification:_identify(src/realsense-ros/scripts) by extension 'ros'
[0.254s] Level 1:colcon.colcon_core.package_identification:_identify(src/realsense-ros/scripts) by extensions ['cmake', 'python']
[0.254s] Level 1:colcon.colcon_core.package_identification:_identify(src/realsense-ros/scripts) by extension 'cmake'
[0.254s] Level 1:colcon.colcon_core.package_identification:_identify(src/realsense-ros/scripts) by extension 'python'
[0.255s] Level 1:colcon.colcon_core.package_identification:_identify(src/realsense-ros/scripts) by extensions ['python_setup_py']
[0.255s] Level 1:colcon.colcon_core.package_identification:_identify(src/realsense-ros/scripts) by extension 'python_setup_py'
[0.255s] Level 1:colcon.colcon_core.package_discovery:discover_packages(recursive) using defaults
[0.255s] Level 1:colcon.colcon_core.package_discovery:discover_packages(ignore) discover
[0.255s] Level 1:colcon.colcon_core.package_discovery:discover_packages(ignore) using defaults
[0.255s] Level 1:colcon.colcon_core.package_discovery:discover_packages(path) discover
[0.255s] Level 1:colcon.colcon_core.package_discovery:discover_packages(path) using defaults
[0.276s] Level 5:colcon.colcon_core.verb:set package 'librealsense2' build argument 'cmake_args' from command line to 'None'
[0.276s] Level 5:colcon.colcon_core.verb:set package 'librealsense2' build argument 'cmake_target' from command line to 'None'
[0.276s] Level 5:colcon.colcon_core.verb:set package 'librealsense2' build argument 'cmake_target_skip_unavailable' from command line to 'False'
[0.276s] Level 5:colcon.colcon_core.verb:set package 'librealsense2' build argument 'cmake_clean_cache' from command line to 'False'
[0.276s] Level 5:colcon.colcon_core.verb:set package 'librealsense2' build argument 'cmake_clean_first' from command line to 'False'
[0.276s] Level 5:colcon.colcon_core.verb:set package 'librealsense2' build argument 'cmake_force_configure' from command line to 'False'
[0.276s] Level 5:colcon.colcon_core.verb:set package 'librealsense2' build argument 'ament_cmake_args' from command line to 'None'
[0.276s] Level 5:colcon.colcon_core.verb:set package 'librealsense2' build argument 'catkin_cmake_args' from command line to 'None'
[0.276s] Level 5:colcon.colcon_core.verb:set package 'librealsense2' build argument 'catkin_skip_building_tests' from command line to 'False'
[0.276s] DEBUG:colcon.colcon_core.verb:Building package 'librealsense2' with the following arguments: {'ament_cmake_args': None, 'build_base': '/px4_uxrce/camera_ws/build/librealsense2', 'catkin_cmake_args': None, 'catkin_skip_building_tests': False, 'cmake_args': None, 'cmake_clean_cache': False, 'cmake_clean_first': False, 'cmake_force_configure': False, 'cmake_target': None, 'cmake_target_skip_unavailable': False, 'install_base': '/px4_uxrce/camera_ws/install/librealsense2', 'merge_install': False, 'path': '/px4_uxrce/camera_ws/librealsense', 'symlink_install': False, 'test_result_base': None}
[0.276s] Level 5:colcon.colcon_core.verb:set package 'realsense2_camera_msgs' build argument 'cmake_args' from command line to 'None'
[0.276s] Level 5:colcon.colcon_core.verb:set package 'realsense2_camera_msgs' build argument 'cmake_target' from command line to 'None'
[0.276s] Level 5:colcon.colcon_core.verb:set package 'realsense2_camera_msgs' build argument 'cmake_target_skip_unavailable' from command line to 'False'
[0.276s] Level 5:colcon.colcon_core.verb:set package 'realsense2_camera_msgs' build argument 'cmake_clean_cache' from command line to 'False'
[0.276s] Level 5:colcon.colcon_core.verb:set package 'realsense2_camera_msgs' build argument 'cmake_clean_first' from command line to 'False'
[0.276s] Level 5:colcon.colcon_core.verb:set package 'realsense2_camera_msgs' build argument 'cmake_force_configure' from command line to 'False'
[0.276s] Level 5:colcon.colcon_core.verb:set package 'realsense2_camera_msgs' build argument 'ament_cmake_args' from command line to 'None'
[0.276s] Level 5:colcon.colcon_core.verb:set package 'realsense2_camera_msgs' build argument 'catkin_cmake_args' from command line to 'None'
[0.277s] Level 5:colcon.colcon_core.verb:set package 'realsense2_camera_msgs' build argument 'catkin_skip_building_tests' from command line to 'False'
[0.277s] DEBUG:colcon.colcon_core.verb:Building package 'realsense2_camera_msgs' with the following arguments: {'ament_cmake_args': None, 'build_base': '/px4_uxrce/camera_ws/build/realsense2_camera_msgs', 'catkin_cmake_args': None, 'catkin_skip_building_tests': False, 'cmake_args': None, 'cmake_clean_cache': False, 'cmake_clean_first': False, 'cmake_force_configure': False, 'cmake_target': None, 'cmake_target_skip_unavailable': False, 'install_base': '/px4_uxrce/camera_ws/install/realsense2_camera_msgs', 'merge_install': False, 'path': '/px4_uxrce/camera_ws/src/realsense-ros/realsense2_camera_msgs', 'symlink_install': False, 'test_result_base': None}
[0.277s] Level 5:colcon.colcon_core.verb:set package 'realsense2_camera' build argument 'cmake_args' from command line to 'None'
[0.277s] Level 5:colcon.colcon_core.verb:set package 'realsense2_camera' build argument 'cmake_target' from command line to 'None'
[0.277s] Level 5:colcon.colcon_core.verb:set package 'realsense2_camera' build argument 'cmake_target_skip_unavailable' from command line to 'False'
[0.277s] Level 5:colcon.colcon_core.verb:set package 'realsense2_camera' build argument 'cmake_clean_cache' from command line to 'False'
[0.277s] Level 5:colcon.colcon_core.verb:set package 'realsense2_camera' build argument 'cmake_clean_first' from command line to 'False'
[0.277s] Level 5:colcon.colcon_core.verb:set package 'realsense2_camera' build argument 'cmake_force_configure' from command line to 'False'
[0.277s] Level 5:colcon.colcon_core.verb:set package 'realsense2_camera' build argument 'ament_cmake_args' from command line to 'None'
[0.277s] Level 5:colcon.colcon_core.verb:set package 'realsense2_camera' build argument 'catkin_cmake_args' from command line to 'None'
[0.277s] Level 5:colcon.colcon_core.verb:set package 'realsense2_camera' build argument 'catkin_skip_building_tests' from command line to 'False'
[0.277s] DEBUG:colcon.colcon_core.verb:Building package 'realsense2_camera' with the following arguments: {'ament_cmake_args': None, 'build_base': '/px4_uxrce/camera_ws/build/realsense2_camera', 'catkin_cmake_args': None, 'catkin_skip_building_tests': False, 'cmake_args': None, 'cmake_clean_cache': False, 'cmake_clean_first': False, 'cmake_force_configure': False, 'cmake_target': None, 'cmake_target_skip_unavailable': False, 'install_base': '/px4_uxrce/camera_ws/install/realsense2_camera', 'merge_install': False, 'path': '/px4_uxrce/camera_ws/src/realsense-ros/realsense2_camera', 'symlink_install': False, 'test_result_base': None}
[0.278s] Level 5:colcon.colcon_core.verb:set package 'realsense2_description' build argument 'cmake_args' from command line to 'None'
[0.278s] Level 5:colcon.colcon_core.verb:set package 'realsense2_description' build argument 'cmake_target' from command line to 'None'
[0.278s] Level 5:colcon.colcon_core.verb:set package 'realsense2_description' build argument 'cmake_target_skip_unavailable' from command line to 'False'
[0.278s] Level 5:colcon.colcon_core.verb:set package 'realsense2_description' build argument 'cmake_clean_cache' from command line to 'False'
[0.278s] Level 5:colcon.colcon_core.verb:set package 'realsense2_description' build argument 'cmake_clean_first' from command line to 'False'
[0.278s] Level 5:colcon.colcon_core.verb:set package 'realsense2_description' build argument 'cmake_force_configure' from command line to 'False'
[0.278s] Level 5:colcon.colcon_core.verb:set package 'realsense2_description' build argument 'ament_cmake_args' from command line to 'None'
[0.278s] Level 5:colcon.colcon_core.verb:set package 'realsense2_description' build argument 'catkin_cmake_args' from command line to 'None'
[0.278s] Level 5:colcon.colcon_core.verb:set package 'realsense2_description' build argument 'catkin_skip_building_tests' from command line to 'False'
[0.278s] DEBUG:colcon.colcon_core.verb:Building package 'realsense2_description' with the following arguments: {'ament_cmake_args': None, 'build_base': '/px4_uxrce/camera_ws/build/realsense2_description', 'catkin_cmake_args': None, 'catkin_skip_building_tests': False, 'cmake_args': None, 'cmake_clean_cache': False, 'cmake_clean_first': False, 'cmake_force_configure': False, 'cmake_target': None, 'cmake_target_skip_unavailable': False, 'install_base': '/px4_uxrce/camera_ws/install/realsense2_description', 'merge_install': False, 'path': '/px4_uxrce/camera_ws/src/realsense-ros/realsense2_description', 'symlink_install': False, 'test_result_base': None}
[0.278s] INFO:colcon.colcon_core.executor:Executing jobs using 'parallel' executor
[0.279s] DEBUG:colcon.colcon_parallel_executor.executor.parallel:run_until_complete
[0.279s] INFO:colcon.colcon_ros.task.ament_cmake.build:Building ROS package in '/px4_uxrce/camera_ws/src/realsense-ros/realsense2_camera_msgs' with build type 'ament_cmake'
[0.279s] INFO:colcon.colcon_cmake.task.cmake.build:Building CMake package in '/px4_uxrce/camera_ws/src/realsense-ros/realsense2_camera_msgs'
[0.281s] INFO:colcon.colcon_core.plugin_system:Skipping extension 'colcon_core.shell.bat': Not used on non-Windows systems
[0.282s] INFO:colcon.colcon_core.shell:Skip shell extension 'powershell' for command environment: Not usable outside of PowerShell
[0.282s] DEBUG:colcon.colcon_core.shell:Skip shell extension 'dsv' for command environment
[0.285s] INFO:colcon.colcon_ros.task.cmake.build:Building ROS package in '/px4_uxrce/camera_ws/librealsense' with build type 'cmake'
[0.285s] INFO:colcon.colcon_cmake.task.cmake.build:Building CMake package in '/px4_uxrce/camera_ws/librealsense'
[0.285s] INFO:colcon.colcon_core.shell:Skip shell extension 'powershell' for command environment: Not usable outside of PowerShell
[0.285s] DEBUG:colcon.colcon_core.shell:Skip shell extension 'dsv' for command environment
[0.296s] DEBUG:colcon.colcon_core.event_handler.log_command:Invoking command in '/px4_uxrce/camera_ws/build/realsense2_camera_msgs': CMAKE_PREFIX_PATH=/opt/ros/humble /usr/bin/cmake --build /px4_uxrce/camera_ws/build/realsense2_camera_msgs -- -j12 -l12
[0.300s] DEBUG:colcon.colcon_core.event_handler.log_command:Invoking command in '/px4_uxrce/camera_ws/build/librealsense2': CMAKE_PREFIX_PATH=/opt/ros/humble /usr/bin/cmake --build /px4_uxrce/camera_ws/build/librealsense2 -- -j12 -l12
[0.610s] DEBUG:colcon.colcon_core.event_handler.log_command:Invoked command in '/px4_uxrce/camera_ws/build/realsense2_camera_msgs' returned '0': CMAKE_PREFIX_PATH=/opt/ros/humble /usr/bin/cmake --build /px4_uxrce/camera_ws/build/realsense2_camera_msgs -- -j12 -l12
[0.618s] DEBUG:colcon.colcon_core.event_handler.log_command:Invoking command in '/px4_uxrce/camera_ws/build/realsense2_camera_msgs': CMAKE_PREFIX_PATH=/opt/ros/humble /usr/bin/cmake --install /px4_uxrce/camera_ws/build/realsense2_camera_msgs
[0.623s] DEBUG:colcon.colcon_core.event_handler.log_command:Invoked command in '/px4_uxrce/camera_ws/build/librealsense2' returned '0': CMAKE_PREFIX_PATH=/opt/ros/humble /usr/bin/cmake --build /px4_uxrce/camera_ws/build/librealsense2 -- -j12 -l12
[0.626s] DEBUG:colcon.colcon_core.event_handler.log_command:Invoking command in '/px4_uxrce/camera_ws/build/librealsense2': CMAKE_PREFIX_PATH=/opt/ros/humble /usr/bin/cmake --install /px4_uxrce/camera_ws/build/librealsense2
[0.670s] Level 1:colcon.colcon_core.environment:create_environment_scripts_only(realsense2_camera_msgs)
[0.672s] DEBUG:colcon.colcon_core.event_handler.log_command:Invoked command in '/px4_uxrce/camera_ws/build/realsense2_camera_msgs' returned '0': CMAKE_PREFIX_PATH=/opt/ros/humble /usr/bin/cmake --install /px4_uxrce/camera_ws/build/realsense2_camera_msgs
[0.673s] Level 1:colcon.colcon_core.environment:checking '/px4_uxrce/camera_ws/install/realsense2_camera_msgs' for CMake module files
[0.674s] Level 1:colcon.colcon_core.environment:checking '/px4_uxrce/camera_ws/install/realsense2_camera_msgs' for CMake config files
[0.675s] Level 1:colcon.colcon_core.shell:create_environment_hook('realsense2_camera_msgs', 'cmake_prefix_path')
[0.675s] INFO:colcon.colcon_core.shell:Creating environment hook '/px4_uxrce/camera_ws/install/realsense2_camera_msgs/share/realsense2_camera_msgs/hook/cmake_prefix_path.ps1'
[0.675s] INFO:colcon.colcon_core.shell:Creating environment descriptor '/px4_uxrce/camera_ws/install/realsense2_camera_msgs/share/realsense2_camera_msgs/hook/cmake_prefix_path.dsv'
[0.676s] INFO:colcon.colcon_core.shell:Creating environment hook '/px4_uxrce/camera_ws/install/realsense2_camera_msgs/share/realsense2_camera_msgs/hook/cmake_prefix_path.sh'
[0.677s] Level 1:colcon.colcon_core.environment:checking '/px4_uxrce/camera_ws/install/realsense2_camera_msgs/lib'
[0.677s] Level 1:colcon.colcon_core.shell:create_environment_hook('realsense2_camera_msgs', 'ld_library_path_lib')
[0.677s] INFO:colcon.colcon_core.shell:Creating environment hook '/px4_uxrce/camera_ws/install/realsense2_camera_msgs/share/realsense2_camera_msgs/hook/ld_library_path_lib.ps1'
[0.677s] INFO:colcon.colcon_core.shell:Creating environment descriptor '/px4_uxrce/camera_ws/install/realsense2_camera_msgs/share/realsense2_camera_msgs/hook/ld_library_path_lib.dsv'
[0.678s] INFO:colcon.colcon_core.shell:Creating environment hook '/px4_uxrce/camera_ws/install/realsense2_camera_msgs/share/realsense2_camera_msgs/hook/ld_library_path_lib.sh'
[0.678s] Level 1:colcon.colcon_core.environment:checking '/px4_uxrce/camera_ws/install/realsense2_camera_msgs/bin'
[0.678s] Level 1:colcon.colcon_core.environment:checking '/px4_uxrce/camera_ws/install/realsense2_camera_msgs/lib/pkgconfig/realsense2_camera_msgs.pc'
[0.680s] Level 1:colcon.colcon_core.environment:checking '/px4_uxrce/camera_ws/install/realsense2_camera_msgs/lib/python3.10/site-packages'
[0.680s] Level 1:colcon.colcon_core.environment:checking '/px4_uxrce/camera_ws/install/realsense2_camera_msgs/bin'
[0.680s] INFO:colcon.colcon_core.shell:Creating package script '/px4_uxrce/camera_ws/install/realsense2_camera_msgs/share/realsense2_camera_msgs/package.ps1'
[0.681s] INFO:colcon.colcon_core.shell:Creating package descriptor '/px4_uxrce/camera_ws/install/realsense2_camera_msgs/share/realsense2_camera_msgs/package.dsv'
[0.682s] INFO:colcon.colcon_core.shell:Creating package script '/px4_uxrce/camera_ws/install/realsense2_camera_msgs/share/realsense2_camera_msgs/package.sh'
[0.682s] INFO:colcon.colcon_core.shell:Creating package script '/px4_uxrce/camera_ws/install/realsense2_camera_msgs/share/realsense2_camera_msgs/package.bash'
[0.683s] INFO:colcon.colcon_core.shell:Creating package script '/px4_uxrce/camera_ws/install/realsense2_camera_msgs/share/realsense2_camera_msgs/package.zsh'
[0.684s] Level 1:colcon.colcon_core.environment:create_file_with_runtime_dependencies(/px4_uxrce/camera_ws/install/realsense2_camera_msgs/share/colcon-core/packages/realsense2_camera_msgs)
[0.685s] Level 1:colcon.colcon_core.environment:create_environment_scripts_only(realsense2_camera_msgs)
[0.685s] Level 1:colcon.colcon_core.environment:checking '/px4_uxrce/camera_ws/install/realsense2_camera_msgs' for CMake module files
[0.685s] Level 1:colcon.colcon_core.environment:checking '/px4_uxrce/camera_ws/install/realsense2_camera_msgs' for CMake config files
[0.686s] Level 1:colcon.colcon_core.shell:create_environment_hook('realsense2_camera_msgs', 'cmake_prefix_path')
[0.686s] INFO:colcon.colcon_core.shell:Creating environment hook '/px4_uxrce/camera_ws/install/realsense2_camera_msgs/share/realsense2_camera_msgs/hook/cmake_prefix_path.ps1'
[0.686s] INFO:colcon.colcon_core.shell:Creating environment descriptor '/px4_uxrce/camera_ws/install/realsense2_camera_msgs/share/realsense2_camera_msgs/hook/cmake_prefix_path.dsv'
[0.687s] INFO:colcon.colcon_core.shell:Creating environment hook '/px4_uxrce/camera_ws/install/realsense2_camera_msgs/share/realsense2_camera_msgs/hook/cmake_prefix_path.sh'
[0.687s] Level 1:colcon.colcon_core.environment:checking '/px4_uxrce/camera_ws/install/realsense2_camera_msgs/lib'
[0.688s] Level 1:colcon.colcon_core.shell:create_environment_hook('realsense2_camera_msgs', 'ld_library_path_lib')
[0.688s] INFO:colcon.colcon_core.shell:Creating environment hook '/px4_uxrce/camera_ws/install/realsense2_camera_msgs/share/realsense2_camera_msgs/hook/ld_library_path_lib.ps1'
[0.688s] INFO:colcon.colcon_core.shell:Creating environment descriptor '/px4_uxrce/camera_ws/install/realsense2_camera_msgs/share/realsense2_camera_msgs/hook/ld_library_path_lib.dsv'
[0.688s] INFO:colcon.colcon_core.shell:Creating environment hook '/px4_uxrce/camera_ws/install/realsense2_camera_msgs/share/realsense2_camera_msgs/hook/ld_library_path_lib.sh'
[0.689s] Level 1:colcon.colcon_core.environment:checking '/px4_uxrce/camera_ws/install/realsense2_camera_msgs/bin'
[0.689s] Level 1:colcon.colcon_core.environment:checking '/px4_uxrce/camera_ws/install/realsense2_camera_msgs/lib/pkgconfig/realsense2_camera_msgs.pc'
[0.689s] Level 1:colcon.colcon_core.environment:checking '/px4_uxrce/camera_ws/install/realsense2_camera_msgs/lib/python3.10/site-packages'
[0.689s] Level 1:colcon.colcon_core.environment:checking '/px4_uxrce/camera_ws/install/realsense2_camera_msgs/bin'
[0.690s] INFO:colcon.colcon_core.shell:Creating package script '/px4_uxrce/camera_ws/install/realsense2_camera_msgs/share/realsense2_camera_msgs/package.ps1'
[0.690s] INFO:colcon.colcon_core.shell:Creating package descriptor '/px4_uxrce/camera_ws/install/realsense2_camera_msgs/share/realsense2_camera_msgs/package.dsv'
[0.691s] INFO:colcon.colcon_core.shell:Creating package script '/px4_uxrce/camera_ws/install/realsense2_camera_msgs/share/realsense2_camera_msgs/package.sh'
[0.691s] INFO:colcon.colcon_core.shell:Creating package script '/px4_uxrce/camera_ws/install/realsense2_camera_msgs/share/realsense2_camera_msgs/package.bash'
[0.692s] INFO:colcon.colcon_core.shell:Creating package script '/px4_uxrce/camera_ws/install/realsense2_camera_msgs/share/realsense2_camera_msgs/package.zsh'
[0.692s] Level 1:colcon.colcon_core.environment:create_file_with_runtime_dependencies(/px4_uxrce/camera_ws/install/realsense2_camera_msgs/share/colcon-core/packages/realsense2_camera_msgs)
[0.692s] INFO:colcon.colcon_ros.task.ament_cmake.build:Building ROS package in '/px4_uxrce/camera_ws/src/realsense-ros/realsense2_description' with build type 'ament_cmake'
[0.693s] INFO:colcon.colcon_cmake.task.cmake.build:Building CMake package in '/px4_uxrce/camera_ws/src/realsense-ros/realsense2_description'
[0.693s] INFO:colcon.colcon_core.shell:Skip shell extension 'powershell' for command environment: Not usable outside of PowerShell
[0.693s] DEBUG:colcon.colcon_core.shell:Skip shell extension 'dsv' for command environment
[0.702s] DEBUG:colcon.colcon_core.event_handler.log_command:Invoking command in '/px4_uxrce/camera_ws/build/realsense2_description': AMENT_PREFIX_PATH=/px4_uxrce/camera_ws/install/realsense2_camera_msgs:${AMENT_PREFIX_PATH} CMAKE_PREFIX_PATH=/px4_uxrce/camera_ws/install/realsense2_camera_msgs:/opt/ros/humble LD_LIBRARY_PATH=/px4_uxrce/camera_ws/install/realsense2_camera_msgs/lib:${LD_LIBRARY_PATH} PYTHONPATH=/px4_uxrce/camera_ws/install/realsense2_camera_msgs/local/lib/python3.10/dist-packages:${PYTHONPATH} /usr/bin/cmake --build /px4_uxrce/camera_ws/build/realsense2_description -- -j12 -l12
[0.706s] DEBUG:colcon.colcon_core.event_handler.log_command:Invoked command in '/px4_uxrce/camera_ws/build/librealsense2' returned '0': CMAKE_PREFIX_PATH=/opt/ros/humble /usr/bin/cmake --install /px4_uxrce/camera_ws/build/librealsense2
[0.707s] Level 1:colcon.colcon_core.shell:create_environment_hook('librealsense2', 'pkg_config_path')
[0.707s] INFO:colcon.colcon_core.shell:Creating environment hook '/px4_uxrce/camera_ws/install/librealsense2/share/librealsense2/hook/pkg_config_path.ps1'
[0.708s] INFO:colcon.colcon_core.shell:Creating environment descriptor '/px4_uxrce/camera_ws/install/librealsense2/share/librealsense2/hook/pkg_config_path.dsv'
[0.708s] INFO:colcon.colcon_core.shell:Creating environment hook '/px4_uxrce/camera_ws/install/librealsense2/share/librealsense2/hook/pkg_config_path.sh'
[0.710s] Level 1:colcon.colcon_core.shell:create_environment_hook('librealsense2', 'pkg_config_path_multiarch')
[0.710s] INFO:colcon.colcon_core.shell:Creating environment hook '/px4_uxrce/camera_ws/install/librealsense2/share/librealsense2/hook/pkg_config_path_multiarch.ps1'
[0.711s] INFO:colcon.colcon_core.shell:Creating environment descriptor '/px4_uxrce/camera_ws/install/librealsense2/share/librealsense2/hook/pkg_config_path_multiarch.dsv'
[0.711s] INFO:colcon.colcon_core.shell:Creating environment hook '/px4_uxrce/camera_ws/install/librealsense2/share/librealsense2/hook/pkg_config_path_multiarch.sh'
[0.712s] Level 1:colcon.colcon_core.environment:create_environment_scripts_only(librealsense2)
[0.712s] Level 1:colcon.colcon_core.environment:checking '/px4_uxrce/camera_ws/install/librealsense2' for CMake module files
[0.713s] Level 1:colcon.colcon_core.environment:checking '/px4_uxrce/camera_ws/install/librealsense2' for CMake config files
[0.713s] Level 1:colcon.colcon_core.shell:create_environment_hook('librealsense2', 'cmake_prefix_path')
[0.713s] INFO:colcon.colcon_core.shell:Creating environment hook '/px4_uxrce/camera_ws/install/librealsense2/share/librealsense2/hook/cmake_prefix_path.ps1'
[0.714s] INFO:colcon.colcon_core.shell:Creating environment descriptor '/px4_uxrce/camera_ws/install/librealsense2/share/librealsense2/hook/cmake_prefix_path.dsv'
[0.714s] INFO:colcon.colcon_core.shell:Creating environment hook '/px4_uxrce/camera_ws/install/librealsense2/share/librealsense2/hook/cmake_prefix_path.sh'
[0.715s] Level 1:colcon.colcon_core.environment:checking '/px4_uxrce/camera_ws/install/librealsense2/lib'
[0.715s] Level 1:colcon.colcon_core.shell:create_environment_hook('librealsense2', 'ld_library_path_lib')
[0.715s] INFO:colcon.colcon_core.shell:Creating environment hook '/px4_uxrce/camera_ws/install/librealsense2/share/librealsense2/hook/ld_library_path_lib.ps1'
[0.716s] INFO:colcon.colcon_core.shell:Creating environment descriptor '/px4_uxrce/camera_ws/install/librealsense2/share/librealsense2/hook/ld_library_path_lib.dsv'
[0.716s] INFO:colcon.colcon_core.shell:Creating environment hook '/px4_uxrce/camera_ws/install/librealsense2/share/librealsense2/hook/ld_library_path_lib.sh'
[0.717s] Level 1:colcon.colcon_core.environment:checking '/px4_uxrce/camera_ws/install/librealsense2/bin'
[0.717s] Level 1:colcon.colcon_core.shell:create_environment_hook('librealsense2', 'path')
[0.717s] INFO:colcon.colcon_core.shell:Creating environment hook '/px4_uxrce/camera_ws/install/librealsense2/share/librealsense2/hook/path.ps1'
[0.717s] INFO:colcon.colcon_core.shell:Creating environment descriptor '/px4_uxrce/camera_ws/install/librealsense2/share/librealsense2/hook/path.dsv'
[0.718s] INFO:colcon.colcon_core.shell:Creating environment hook '/px4_uxrce/camera_ws/install/librealsense2/share/librealsense2/hook/path.sh'
[0.718s] Level 1:colcon.colcon_core.environment:checking '/px4_uxrce/camera_ws/install/librealsense2/lib/pkgconfig/librealsense2.pc'
[0.718s] Level 1:colcon.colcon_core.environment:checking '/px4_uxrce/camera_ws/install/librealsense2/lib/python3.10/site-packages'
[0.719s] Level 1:colcon.colcon_core.environment:checking '/px4_uxrce/camera_ws/install/librealsense2/bin'
[0.719s] Level 1:colcon.colcon_core.shell:create_environment_hook('librealsense2', 'pythonscriptspath')
[0.719s] INFO:colcon.colcon_core.shell:Creating environment hook '/px4_uxrce/camera_ws/install/librealsense2/share/librealsense2/hook/pythonscriptspath.ps1'
[0.719s] INFO:colcon.colcon_core.shell:Creating environment descriptor '/px4_uxrce/camera_ws/install/librealsense2/share/librealsense2/hook/pythonscriptspath.dsv'
[0.720s] INFO:colcon.colcon_core.shell:Creating environment hook '/px4_uxrce/camera_ws/install/librealsense2/share/librealsense2/hook/pythonscriptspath.sh'
[0.720s] INFO:colcon.colcon_core.shell:Creating package script '/px4_uxrce/camera_ws/install/librealsense2/share/librealsense2/package.ps1'
[0.721s] INFO:colcon.colcon_core.shell:Creating package descriptor '/px4_uxrce/camera_ws/install/librealsense2/share/librealsense2/package.dsv'
[0.722s] INFO:colcon.colcon_core.shell:Creating package script '/px4_uxrce/camera_ws/install/librealsense2/share/librealsense2/package.sh'
[0.722s] INFO:colcon.colcon_core.shell:Creating package script '/px4_uxrce/camera_ws/install/librealsense2/share/librealsense2/package.bash'
[0.722s] INFO:colcon.colcon_core.shell:Creating package script '/px4_uxrce/camera_ws/install/librealsense2/share/librealsense2/package.zsh'
[0.723s] Level 1:colcon.colcon_core.environment:create_file_with_runtime_dependencies(/px4_uxrce/camera_ws/install/librealsense2/share/colcon-core/packages/librealsense2)
[0.723s] INFO:colcon.colcon_ros.task.ament_cmake.build:Building ROS package in '/px4_uxrce/camera_ws/src/realsense-ros/realsense2_camera' with build type 'ament_cmake'
[0.723s] INFO:colcon.colcon_cmake.task.cmake.build:Building CMake package in '/px4_uxrce/camera_ws/src/realsense-ros/realsense2_camera'
[0.724s] INFO:colcon.colcon_core.shell:Skip shell extension 'powershell' for command environment: Not usable outside of PowerShell
[0.724s] DEBUG:colcon.colcon_core.shell:Skip shell extension 'dsv' for command environment
[0.734s] DEBUG:colcon.colcon_core.event_handler.log_command:Invoking command in '/px4_uxrce/camera_ws/build/realsense2_camera': AMENT_PREFIX_PATH=/px4_uxrce/camera_ws/install/realsense2_camera_msgs:${AMENT_PREFIX_PATH} CMAKE_PREFIX_PATH=/px4_uxrce/camera_ws/install/realsense2_camera_msgs:/px4_uxrce/camera_ws/install/librealsense2:/opt/ros/humble LD_LIBRARY_PATH=/px4_uxrce/camera_ws/install/realsense2_camera_msgs/lib:/px4_uxrce/camera_ws/install/librealsense2/lib:${LD_LIBRARY_PATH} PATH=/px4_uxrce/camera_ws/install/librealsense2/bin:${PATH} PKG_CONFIG_PATH=/px4_uxrce/camera_ws/install/librealsense2/lib/x86_64-linux-gnu/pkgconfig:/px4_uxrce/camera_ws/install/librealsense2/lib/pkgconfig PYTHONPATH=/px4_uxrce/camera_ws/install/realsense2_camera_msgs/local/lib/python3.10/dist-packages:${PYTHONPATH} /usr/bin/cmake /px4_uxrce/camera_ws/src/realsense-ros/realsense2_camera -DCMAKE_INSTALL_PREFIX=/px4_uxrce/camera_ws/install/realsense2_camera
[0.734s] DEBUG:colcon.colcon_core.event_handler.log_command:Invoked command in '/px4_uxrce/camera_ws/build/realsense2_description' returned '0': AMENT_PREFIX_PATH=/px4_uxrce/camera_ws/install/realsense2_camera_msgs:${AMENT_PREFIX_PATH} CMAKE_PREFIX_PATH=/px4_uxrce/camera_ws/install/realsense2_camera_msgs:/opt/ros/humble LD_LIBRARY_PATH=/px4_uxrce/camera_ws/install/realsense2_camera_msgs/lib:${LD_LIBRARY_PATH} PYTHONPATH=/px4_uxrce/camera_ws/install/realsense2_camera_msgs/local/lib/python3.10/dist-packages:${PYTHONPATH} /usr/bin/cmake --build /px4_uxrce/camera_ws/build/realsense2_description -- -j12 -l12
[0.735s] DEBUG:colcon.colcon_core.event_handler.log_command:Invoking command in '/px4_uxrce/camera_ws/build/realsense2_description': AMENT_PREFIX_PATH=/px4_uxrce/camera_ws/install/realsense2_camera_msgs:${AMENT_PREFIX_PATH} CMAKE_PREFIX_PATH=/px4_uxrce/camera_ws/install/realsense2_camera_msgs:/opt/ros/humble LD_LIBRARY_PATH=/px4_uxrce/camera_ws/install/realsense2_camera_msgs/lib:${LD_LIBRARY_PATH} PYTHONPATH=/px4_uxrce/camera_ws/install/realsense2_camera_msgs/local/lib/python3.10/dist-packages:${PYTHONPATH} /usr/bin/cmake --install /px4_uxrce/camera_ws/build/realsense2_description
[0.744s] Level 1:colcon.colcon_core.environment:create_environment_scripts_only(realsense2_description)
[0.744s] Level 1:colcon.colcon_core.environment:checking '/px4_uxrce/camera_ws/install/realsense2_description' for CMake module files
[0.745s] Level 1:colcon.colcon_core.environment:checking '/px4_uxrce/camera_ws/install/realsense2_description' for CMake config files
[0.747s] DEBUG:colcon.colcon_core.event_handler.log_command:Invoked command in '/px4_uxrce/camera_ws/build/realsense2_description' returned '0': AMENT_PREFIX_PATH=/px4_uxrce/camera_ws/install/realsense2_camera_msgs:${AMENT_PREFIX_PATH} CMAKE_PREFIX_PATH=/px4_uxrce/camera_ws/install/realsense2_camera_msgs:/opt/ros/humble LD_LIBRARY_PATH=/px4_uxrce/camera_ws/install/realsense2_camera_msgs/lib:${LD_LIBRARY_PATH} PYTHONPATH=/px4_uxrce/camera_ws/install/realsense2_camera_msgs/local/lib/python3.10/dist-packages:${PYTHONPATH} /usr/bin/cmake --install /px4_uxrce/camera_ws/build/realsense2_description
[0.747s] Level 1:colcon.colcon_core.shell:create_environment_hook('realsense2_description', 'cmake_prefix_path')
[0.747s] INFO:colcon.colcon_core.shell:Creating environment hook '/px4_uxrce/camera_ws/install/realsense2_description/share/realsense2_description/hook/cmake_prefix_path.ps1'
[0.747s] INFO:colcon.colcon_core.shell:Creating environment descriptor '/px4_uxrce/camera_ws/install/realsense2_description/share/realsense2_description/hook/cmake_prefix_path.dsv'
[0.748s] INFO:colcon.colcon_core.shell:Creating environment hook '/px4_uxrce/camera_ws/install/realsense2_description/share/realsense2_description/hook/cmake_prefix_path.sh'
[0.748s] Level 1:colcon.colcon_core.environment:checking '/px4_uxrce/camera_ws/install/realsense2_description/bin'
[0.748s] Level 1:colcon.colcon_core.environment:checking '/px4_uxrce/camera_ws/install/realsense2_description/lib/pkgconfig/realsense2_description.pc'
[0.749s] Level 1:colcon.colcon_core.environment:checking '/px4_uxrce/camera_ws/install/realsense2_description/lib/python3.10/site-packages'
[0.749s] Level 1:colcon.colcon_core.environment:checking '/px4_uxrce/camera_ws/install/realsense2_description/bin'
[0.749s] INFO:colcon.colcon_core.shell:Creating package script '/px4_uxrce/camera_ws/install/realsense2_description/share/realsense2_description/package.ps1'
[0.750s] INFO:colcon.colcon_core.shell:Creating package descriptor '/px4_uxrce/camera_ws/install/realsense2_description/share/realsense2_description/package.dsv'
[0.750s] INFO:colcon.colcon_core.shell:Creating package script '/px4_uxrce/camera_ws/install/realsense2_description/share/realsense2_description/package.sh'
[0.750s] INFO:colcon.colcon_core.shell:Creating package script '/px4_uxrce/camera_ws/install/realsense2_description/share/realsense2_description/package.bash'
[0.751s] INFO:colcon.colcon_core.shell:Creating package script '/px4_uxrce/camera_ws/install/realsense2_description/share/realsense2_description/package.zsh'
[0.751s] Level 1:colcon.colcon_core.environment:create_file_with_runtime_dependencies(/px4_uxrce/camera_ws/install/realsense2_description/share/colcon-core/packages/realsense2_description)
[0.751s] Level 1:colcon.colcon_core.environment:create_environment_scripts_only(realsense2_description)
[0.752s] Level 1:colcon.colcon_core.environment:checking '/px4_uxrce/camera_ws/install/realsense2_description' for CMake module files
[0.752s] Level 1:colcon.colcon_core.environment:checking '/px4_uxrce/camera_ws/install/realsense2_description' for CMake config files
[0.752s] Level 1:colcon.colcon_core.shell:create_environment_hook('realsense2_description', 'cmake_prefix_path')
[0.752s] INFO:colcon.colcon_core.shell:Creating environment hook '/px4_uxrce/camera_ws/install/realsense2_description/share/realsense2_description/hook/cmake_prefix_path.ps1'
[0.753s] INFO:colcon.colcon_core.shell:Creating environment descriptor '/px4_uxrce/camera_ws/install/realsense2_description/share/realsense2_description/hook/cmake_prefix_path.dsv'
[0.753s] INFO:colcon.colcon_core.shell:Creating environment hook '/px4_uxrce/camera_ws/install/realsense2_description/share/realsense2_description/hook/cmake_prefix_path.sh'
[0.754s] Level 1:colcon.colcon_core.environment:checking '/px4_uxrce/camera_ws/install/realsense2_description/bin'
[0.754s] Level 1:colcon.colcon_core.environment:checking '/px4_uxrce/camera_ws/install/realsense2_description/lib/pkgconfig/realsense2_description.pc'
[0.754s] Level 1:colcon.colcon_core.environment:checking '/px4_uxrce/camera_ws/install/realsense2_description/lib/python3.10/site-packages'
[0.754s] Level 1:colcon.colcon_core.environment:checking '/px4_uxrce/camera_ws/install/realsense2_description/bin'
[0.754s] INFO:colcon.colcon_core.shell:Creating package script '/px4_uxrce/camera_ws/install/realsense2_description/share/realsense2_description/package.ps1'
[0.755s] INFO:colcon.colcon_core.shell:Creating package descriptor '/px4_uxrce/camera_ws/install/realsense2_description/share/realsense2_description/package.dsv'
[0.755s] INFO:colcon.colcon_core.shell:Creating package script '/px4_uxrce/camera_ws/install/realsense2_description/share/realsense2_description/package.sh'
[0.756s] INFO:colcon.colcon_core.shell:Creating package script '/px4_uxrce/camera_ws/install/realsense2_description/share/realsense2_description/package.bash'
[0.756s] INFO:colcon.colcon_core.shell:Creating package script '/px4_uxrce/camera_ws/install/realsense2_description/share/realsense2_description/package.zsh'
[0.757s] Level 1:colcon.colcon_core.environment:create_file_with_runtime_dependencies(/px4_uxrce/camera_ws/install/realsense2_description/share/colcon-core/packages/realsense2_description)
[1.676s] DEBUG:colcon.colcon_core.event_handler.log_command:Invoked command in '/px4_uxrce/camera_ws/build/realsense2_camera' returned '1': AMENT_PREFIX_PATH=/px4_uxrce/camera_ws/install/realsense2_camera_msgs:${AMENT_PREFIX_PATH} CMAKE_PREFIX_PATH=/px4_uxrce/camera_ws/install/realsense2_camera_msgs:/px4_uxrce/camera_ws/install/librealsense2:/opt/ros/humble LD_LIBRARY_PATH=/px4_uxrce/camera_ws/install/realsense2_camera_msgs/lib:/px4_uxrce/camera_ws/install/librealsense2/lib:${LD_LIBRARY_PATH} PATH=/px4_uxrce/camera_ws/install/librealsense2/bin:${PATH} PKG_CONFIG_PATH=/px4_uxrce/camera_ws/install/librealsense2/lib/x86_64-linux-gnu/pkgconfig:/px4_uxrce/camera_ws/install/librealsense2/lib/pkgconfig PYTHONPATH=/px4_uxrce/camera_ws/install/realsense2_camera_msgs/local/lib/python3.10/dist-packages:${PYTHONPATH} /usr/bin/cmake /px4_uxrce/camera_ws/src/realsense-ros/realsense2_camera -DCMAKE_INSTALL_PREFIX=/px4_uxrce/camera_ws/install/realsense2_camera
[1.686s] Level 1:colcon.colcon_core.environment:create_environment_scripts_only(realsense2_camera)
[1.686s] Level 1:colcon.colcon_core.environment:checking '/px4_uxrce/camera_ws/install/realsense2_camera' for CMake module files
[1.686s] Level 1:colcon.colcon_core.environment:checking '/px4_uxrce/camera_ws/install/realsense2_camera' for CMake config files
[1.686s] Level 1:colcon.colcon_core.environment:checking '/px4_uxrce/camera_ws/install/realsense2_camera/bin'
[1.687s] Level 1:colcon.colcon_core.environment:checking '/px4_uxrce/camera_ws/install/realsense2_camera/lib/pkgconfig/realsense2_camera.pc'
[1.687s] Level 1:colcon.colcon_core.environment:checking '/px4_uxrce/camera_ws/install/realsense2_camera/lib/python3.10/site-packages'
[1.687s] Level 1:colcon.colcon_core.environment:checking '/px4_uxrce/camera_ws/install/realsense2_camera/bin'
[1.687s] INFO:colcon.colcon_core.shell:Creating package script '/px4_uxrce/camera_ws/install/realsense2_camera/share/realsense2_camera/package.ps1'
[1.688s] INFO:colcon.colcon_core.shell:Creating package descriptor '/px4_uxrce/camera_ws/install/realsense2_camera/share/realsense2_camera/package.dsv'
[1.688s] INFO:colcon.colcon_core.shell:Creating package script '/px4_uxrce/camera_ws/install/realsense2_camera/share/realsense2_camera/package.sh'
[1.688s] INFO:colcon.colcon_core.shell:Creating package script '/px4_uxrce/camera_ws/install/realsense2_camera/share/realsense2_camera/package.bash'
[1.689s] INFO:colcon.colcon_core.shell:Creating package script '/px4_uxrce/camera_ws/install/realsense2_camera/share/realsense2_camera/package.zsh'
[1.689s] Level 1:colcon.colcon_core.environment:create_file_with_runtime_dependencies(/px4_uxrce/camera_ws/install/realsense2_camera/share/colcon-core/packages/realsense2_camera)
[1.699s] DEBUG:colcon.colcon_parallel_executor.executor.parallel:closing loop
[1.700s] DEBUG:colcon.colcon_parallel_executor.executor.parallel:loop closed
[1.700s] DEBUG:colcon.colcon_parallel_executor.executor.parallel:run_until_complete finished with '1'
[1.700s] DEBUG:colcon.colcon_core.event_reactor:joining thread
[1.716s] INFO:colcon.colcon_core.plugin_system:Skipping extension 'colcon_notification.desktop_notification.notify_send': Could not find 'notify-send'
[1.717s] INFO:colcon.colcon_core.plugin_system:Skipping extension 'colcon_notification.desktop_notification.terminal_notifier': Not used on non-Darwin systems
[1.717s] INFO:colcon.colcon_core.plugin_system:Skipping extension 'colcon_notification.desktop_notification.win32': Not used on non-Windows systems
[1.717s] INFO:colcon.colcon_notification.desktop_notification:Sending desktop notification using 'notify2'
[1.719s] DEBUG:colcon.colcon_notification.desktop_notification.notify2:Failed to initialize notify2: org.freedesktop.DBus.Error.Spawn.ExecFailed: /usr/bin/dbus-launch terminated abnormally without any error message
[1.721s] DEBUG:colcon.colcon_core.event_reactor:joined thread
[1.722s] INFO:colcon.colcon_core.shell:Creating prefix script '/px4_uxrce/camera_ws/install/local_setup.ps1'
[1.723s] INFO:colcon.colcon_core.shell:Creating prefix util module '/px4_uxrce/camera_ws/install/_local_setup_util_ps1.py'
[1.725s] INFO:colcon.colcon_core.shell:Creating prefix chain script '/px4_uxrce/camera_ws/install/setup.ps1'
[1.726s] INFO:colcon.colcon_core.shell:Creating prefix script '/px4_uxrce/camera_ws/install/local_setup.sh'
[1.727s] INFO:colcon.colcon_core.shell:Creating prefix util module '/px4_uxrce/camera_ws/install/_local_setup_util_sh.py'
[1.728s] INFO:colcon.colcon_core.shell:Creating prefix chain script '/px4_uxrce/camera_ws/install/setup.sh'
[1.729s] INFO:colcon.colcon_core.shell:Creating prefix script '/px4_uxrce/camera_ws/install/local_setup.bash'
[1.730s] INFO:colcon.colcon_core.shell:Creating prefix chain script '/px4_uxrce/camera_ws/install/setup.bash'
[1.731s] INFO:colcon.colcon_core.shell:Creating prefix script '/px4_uxrce/camera_ws/install/local_setup.zsh'
[1.732s] INFO:colcon.colcon_core.shell:Creating prefix chain script '/px4_uxrce/camera_ws/install/setup.zsh'
