[0.255s] DEBUG:colcon:Command line arguments: ['/usr/bin/colcon', 'build']
[0.255s] DEBUG:colcon:Parsed command line arguments: Namespace(log_base=None, log_level=None, verb_name='build', build_base='build', install_base='install', merge_install=False, symlink_install=False, test_result_base=None, continue_on_error=False, executor='parallel', parallel_workers=12, event_handlers=None, ignore_user_meta=False, metas=['./colcon.meta'], base_paths=['.'], packages_ignore=None, packages_ignore_regex=None, paths=None, packages_up_to=None, packages_up_to_regex=None, packages_above=None, packages_above_and_dependencies=None, packages_above_depth=None, packages_select_by_dep=None, packages_skip_by_dep=None, packages_skip_up_to=None, packages_select_build_failed=False, packages_skip_build_finished=False, packages_select_test_failures=False, packages_skip_test_passed=False, packages_select=None, packages_skip=None, packages_select_regex=None, packages_skip_regex=None, packages_start=None, packages_end=None, cmake_args=None, cmake_target=None, cmake_target_skip_unavailable=False, cmake_clean_cache=False, cmake_clean_first=False, cmake_force_configure=False, ament_cmake_args=None, catkin_cmake_args=None, catkin_skip_building_tests=False, mixin_files=None, mixin=None, verb_parser=<colcon_mixin.mixin.mixin_argument.MixinArgumentDecorator object at 0x7f6c0e5bc4f0>, verb_extension=<colcon_core.verb.build.BuildVerb object at 0x7f6c0e593eb0>, main=<bound method BuildVerb.main of <colcon_core.verb.build.BuildVerb object at 0x7f6c0e593eb0>>, mixin_verb=('build',))
[0.628s] Level 1:colcon.colcon_core.package_discovery:discover_packages(colcon_meta) check parameters
[0.629s] INFO:colcon.colcon_metadata.package_discovery.colcon_meta:Using configuration from '/root/.colcon/metadata/default/Gazebo.meta'
[0.630s] INFO:colcon.colcon_metadata.package_discovery.colcon_meta:Using configuration from '/root/.colcon/metadata/default/fastrtps.meta'
[0.630s] Level 1:colcon.colcon_core.package_discovery:discover_packages(recursive) check parameters
[0.630s] Level 1:colcon.colcon_core.package_discovery:discover_packages(ignore) check parameters
[0.630s] Level 1:colcon.colcon_core.package_discovery:discover_packages(path) check parameters
[0.630s] Level 1:colcon.colcon_core.package_discovery:discover_packages(colcon_meta) discover
[0.630s] Level 1:colcon.colcon_core.package_discovery:discover_packages(recursive) discover
[0.630s] INFO:colcon.colcon_core.package_discovery:Crawling recursively for packages in '/px4_uxrce/new/px4-offboard_ws'
[0.630s] Level 1:colcon.colcon_core.package_identification:_identify(.) by extensions ['ignore', 'ignore_ament_install']
[0.631s] Level 1:colcon.colcon_core.package_identification:_identify(.) by extension 'ignore'
[0.631s] Level 1:colcon.colcon_core.package_identification:_identify(.) by extension 'ignore_ament_install'
[0.631s] Level 1:colcon.colcon_core.package_identification:_identify(.) by extensions ['colcon_pkg']
[0.631s] Level 1:colcon.colcon_core.package_identification:_identify(.) by extension 'colcon_pkg'
[0.631s] Level 1:colcon.colcon_core.package_identification:_identify(.) by extensions ['colcon_meta']
[0.631s] Level 1:colcon.colcon_core.package_identification:_identify(.) by extension 'colcon_meta'
[0.631s] Level 1:colcon.colcon_core.package_identification:_identify(.) by extensions ['ros']
[0.631s] Level 1:colcon.colcon_core.package_identification:_identify(.) by extension 'ros'
[0.693s] Level 1:colcon.colcon_core.package_identification:_identify(.) by extensions ['cmake', 'python']
[0.693s] Level 1:colcon.colcon_core.package_identification:_identify(.) by extension 'cmake'
[0.694s] Level 1:colcon.colcon_core.package_identification:_identify(.) by extension 'python'
[0.694s] Level 1:colcon.colcon_core.package_identification:_identify(.) by extensions ['python_setup_py']
[0.694s] Level 1:colcon.colcon_core.package_identification:_identify(.) by extension 'python_setup_py'
[0.694s] Level 1:colcon.colcon_core.package_identification:_identify(build) by extensions ['ignore', 'ignore_ament_install']
[0.694s] Level 1:colcon.colcon_core.package_identification:_identify(build) by extension 'ignore'
[0.694s] Level 1:colcon.colcon_core.package_identification:_identify(build) ignored
[0.694s] Level 1:colcon.colcon_core.package_identification:_identify(c_generated_code) by extensions ['ignore', 'ignore_ament_install']
[0.694s] Level 1:colcon.colcon_core.package_identification:_identify(c_generated_code) by extension 'ignore'
[0.694s] Level 1:colcon.colcon_core.package_identification:_identify(c_generated_code) by extension 'ignore_ament_install'
[0.695s] Level 1:colcon.colcon_core.package_identification:_identify(c_generated_code) by extensions ['colcon_pkg']
[0.695s] Level 1:colcon.colcon_core.package_identification:_identify(c_generated_code) by extension 'colcon_pkg'
[0.695s] Level 1:colcon.colcon_core.package_identification:_identify(c_generated_code) by extensions ['colcon_meta']
[0.695s] Level 1:colcon.colcon_core.package_identification:_identify(c_generated_code) by extension 'colcon_meta'
[0.695s] Level 1:colcon.colcon_core.package_identification:_identify(c_generated_code) by extensions ['ros']
[0.695s] Level 1:colcon.colcon_core.package_identification:_identify(c_generated_code) by extension 'ros'
[0.695s] Level 1:colcon.colcon_core.package_identification:_identify(c_generated_code) by extensions ['cmake', 'python']
[0.695s] Level 1:colcon.colcon_core.package_identification:_identify(c_generated_code) by extension 'cmake'
[0.695s] Level 1:colcon.colcon_core.package_identification:_identify(c_generated_code) by extension 'python'
[0.695s] Level 1:colcon.colcon_core.package_identification:_identify(c_generated_code) by extensions ['python_setup_py']
[0.695s] Level 1:colcon.colcon_core.package_identification:_identify(c_generated_code) by extension 'python_setup_py'
[0.695s] Level 1:colcon.colcon_core.package_identification:_identify(c_generated_code/multirotor_rate_model_cost) by extensions ['ignore', 'ignore_ament_install']
[0.696s] Level 1:colcon.colcon_core.package_identification:_identify(c_generated_code/multirotor_rate_model_cost) by extension 'ignore'
[0.696s] Level 1:colcon.colcon_core.package_identification:_identify(c_generated_code/multirotor_rate_model_cost) by extension 'ignore_ament_install'
[0.696s] Level 1:colcon.colcon_core.package_identification:_identify(c_generated_code/multirotor_rate_model_cost) by extensions ['colcon_pkg']
[0.696s] Level 1:colcon.colcon_core.package_identification:_identify(c_generated_code/multirotor_rate_model_cost) by extension 'colcon_pkg'
[0.696s] Level 1:colcon.colcon_core.package_identification:_identify(c_generated_code/multirotor_rate_model_cost) by extensions ['colcon_meta']
[0.696s] Level 1:colcon.colcon_core.package_identification:_identify(c_generated_code/multirotor_rate_model_cost) by extension 'colcon_meta'
[0.696s] Level 1:colcon.colcon_core.package_identification:_identify(c_generated_code/multirotor_rate_model_cost) by extensions ['ros']
[0.696s] Level 1:colcon.colcon_core.package_identification:_identify(c_generated_code/multirotor_rate_model_cost) by extension 'ros'
[0.696s] Level 1:colcon.colcon_core.package_identification:_identify(c_generated_code/multirotor_rate_model_cost) by extensions ['cmake', 'python']
[0.696s] Level 1:colcon.colcon_core.package_identification:_identify(c_generated_code/multirotor_rate_model_cost) by extension 'cmake'
[0.696s] Level 1:colcon.colcon_core.package_identification:_identify(c_generated_code/multirotor_rate_model_cost) by extension 'python'
[0.696s] Level 1:colcon.colcon_core.package_identification:_identify(c_generated_code/multirotor_rate_model_cost) by extensions ['python_setup_py']
[0.696s] Level 1:colcon.colcon_core.package_identification:_identify(c_generated_code/multirotor_rate_model_cost) by extension 'python_setup_py'
[0.697s] Level 1:colcon.colcon_core.package_identification:_identify(c_generated_code/multirotor_rate_model_model) by extensions ['ignore', 'ignore_ament_install']
[0.697s] Level 1:colcon.colcon_core.package_identification:_identify(c_generated_code/multirotor_rate_model_model) by extension 'ignore'
[0.697s] Level 1:colcon.colcon_core.package_identification:_identify(c_generated_code/multirotor_rate_model_model) by extension 'ignore_ament_install'
[0.697s] Level 1:colcon.colcon_core.package_identification:_identify(c_generated_code/multirotor_rate_model_model) by extensions ['colcon_pkg']
[0.697s] Level 1:colcon.colcon_core.package_identification:_identify(c_generated_code/multirotor_rate_model_model) by extension 'colcon_pkg'
[0.697s] Level 1:colcon.colcon_core.package_identification:_identify(c_generated_code/multirotor_rate_model_model) by extensions ['colcon_meta']
[0.697s] Level 1:colcon.colcon_core.package_identification:_identify(c_generated_code/multirotor_rate_model_model) by extension 'colcon_meta'
[0.697s] Level 1:colcon.colcon_core.package_identification:_identify(c_generated_code/multirotor_rate_model_model) by extensions ['ros']
[0.697s] Level 1:colcon.colcon_core.package_identification:_identify(c_generated_code/multirotor_rate_model_model) by extension 'ros'
[0.698s] Level 1:colcon.colcon_core.package_identification:_identify(c_generated_code/multirotor_rate_model_model) by extensions ['cmake', 'python']
[0.698s] Level 1:colcon.colcon_core.package_identification:_identify(c_generated_code/multirotor_rate_model_model) by extension 'cmake'
[0.698s] Level 1:colcon.colcon_core.package_identification:_identify(c_generated_code/multirotor_rate_model_model) by extension 'python'
[0.698s] Level 1:colcon.colcon_core.package_identification:_identify(c_generated_code/multirotor_rate_model_model) by extensions ['python_setup_py']
[0.698s] Level 1:colcon.colcon_core.package_identification:_identify(c_generated_code/multirotor_rate_model_model) by extension 'python_setup_py'
[0.698s] Level 1:colcon.colcon_core.package_identification:_identify(install) by extensions ['ignore', 'ignore_ament_install']
[0.698s] Level 1:colcon.colcon_core.package_identification:_identify(install) by extension 'ignore'
[0.698s] Level 1:colcon.colcon_core.package_identification:_identify(install) ignored
[0.699s] Level 1:colcon.colcon_core.package_identification:_identify(log) by extensions ['ignore', 'ignore_ament_install']
[0.699s] Level 1:colcon.colcon_core.package_identification:_identify(log) by extension 'ignore'
[0.699s] Level 1:colcon.colcon_core.package_identification:_identify(log) ignored
[0.699s] Level 1:colcon.colcon_core.package_identification:_identify(src) by extensions ['ignore', 'ignore_ament_install']
[0.699s] Level 1:colcon.colcon_core.package_identification:_identify(src) by extension 'ignore'
[0.699s] Level 1:colcon.colcon_core.package_identification:_identify(src) by extension 'ignore_ament_install'
[0.700s] Level 1:colcon.colcon_core.package_identification:_identify(src) by extensions ['colcon_pkg']
[0.700s] Level 1:colcon.colcon_core.package_identification:_identify(src) by extension 'colcon_pkg'
[0.700s] Level 1:colcon.colcon_core.package_identification:_identify(src) by extensions ['colcon_meta']
[0.700s] Level 1:colcon.colcon_core.package_identification:_identify(src) by extension 'colcon_meta'
[0.700s] Level 1:colcon.colcon_core.package_identification:_identify(src) by extensions ['ros']
[0.700s] Level 1:colcon.colcon_core.package_identification:_identify(src) by extension 'ros'
[0.700s] Level 1:colcon.colcon_core.package_identification:_identify(src) by extensions ['cmake', 'python']
[0.700s] Level 1:colcon.colcon_core.package_identification:_identify(src) by extension 'cmake'
[0.700s] Level 1:colcon.colcon_core.package_identification:_identify(src) by extension 'python'
[0.700s] Level 1:colcon.colcon_core.package_identification:_identify(src) by extensions ['python_setup_py']
[0.700s] Level 1:colcon.colcon_core.package_identification:_identify(src) by extension 'python_setup_py'
[0.700s] Level 1:colcon.colcon_core.package_identification:_identify(src/px4-mpc) by extensions ['ignore', 'ignore_ament_install']
[0.700s] Level 1:colcon.colcon_core.package_identification:_identify(src/px4-mpc) by extension 'ignore'
[0.700s] Level 1:colcon.colcon_core.package_identification:_identify(src/px4-mpc) by extension 'ignore_ament_install'
[0.700s] Level 1:colcon.colcon_core.package_identification:_identify(src/px4-mpc) by extensions ['colcon_pkg']
[0.700s] Level 1:colcon.colcon_core.package_identification:_identify(src/px4-mpc) by extension 'colcon_pkg'
[0.701s] Level 1:colcon.colcon_core.package_identification:_identify(src/px4-mpc) by extensions ['colcon_meta']
[0.701s] Level 1:colcon.colcon_core.package_identification:_identify(src/px4-mpc) by extension 'colcon_meta'
[0.701s] Level 1:colcon.colcon_core.package_identification:_identify(src/px4-mpc) by extensions ['ros']
[0.701s] Level 1:colcon.colcon_core.package_identification:_identify(src/px4-mpc) by extension 'ros'
[0.701s] Level 1:colcon.colcon_core.package_identification:_identify(src/px4-mpc) by extensions ['cmake', 'python']
[0.701s] Level 1:colcon.colcon_core.package_identification:_identify(src/px4-mpc) by extension 'cmake'
[0.701s] Level 1:colcon.colcon_core.package_identification:_identify(src/px4-mpc) by extension 'python'
[0.701s] Level 1:colcon.colcon_core.package_identification:_identify(src/px4-mpc) by extensions ['python_setup_py']
[0.701s] Level 1:colcon.colcon_core.package_identification:_identify(src/px4-mpc) by extension 'python_setup_py'
[0.701s] Level 1:colcon.colcon_core.package_identification:_identify(src/px4-mpc/mpc_msgs) by extensions ['ignore', 'ignore_ament_install']
[0.701s] Level 1:colcon.colcon_core.package_identification:_identify(src/px4-mpc/mpc_msgs) by extension 'ignore'
[0.701s] Level 1:colcon.colcon_core.package_identification:_identify(src/px4-mpc/mpc_msgs) by extension 'ignore_ament_install'
[0.701s] Level 1:colcon.colcon_core.package_identification:_identify(src/px4-mpc/mpc_msgs) by extensions ['colcon_pkg']
[0.701s] Level 1:colcon.colcon_core.package_identification:_identify(src/px4-mpc/mpc_msgs) by extension 'colcon_pkg'
[0.701s] Level 1:colcon.colcon_core.package_identification:_identify(src/px4-mpc/mpc_msgs) by extensions ['colcon_meta']
[0.701s] Level 1:colcon.colcon_core.package_identification:_identify(src/px4-mpc/mpc_msgs) by extension 'colcon_meta'
[0.702s] Level 1:colcon.colcon_core.package_identification:_identify(src/px4-mpc/mpc_msgs) by extensions ['ros']
[0.702s] Level 1:colcon.colcon_core.package_identification:_identify(src/px4-mpc/mpc_msgs) by extension 'ros'
[0.706s] DEBUG:colcon.colcon_core.package_identification:Package 'src/px4-mpc/mpc_msgs' with type 'ros.ament_cmake' and name 'mpc_msgs'
[0.706s] Level 1:colcon.colcon_core.package_identification:_identify(src/px4-mpc/px4_mpc) by extensions ['ignore', 'ignore_ament_install']
[0.706s] Level 1:colcon.colcon_core.package_identification:_identify(src/px4-mpc/px4_mpc) by extension 'ignore'
[0.706s] Level 1:colcon.colcon_core.package_identification:_identify(src/px4-mpc/px4_mpc) by extension 'ignore_ament_install'
[0.706s] Level 1:colcon.colcon_core.package_identification:_identify(src/px4-mpc/px4_mpc) by extensions ['colcon_pkg']
[0.706s] Level 1:colcon.colcon_core.package_identification:_identify(src/px4-mpc/px4_mpc) by extension 'colcon_pkg'
[0.706s] Level 1:colcon.colcon_core.package_identification:_identify(src/px4-mpc/px4_mpc) by extensions ['colcon_meta']
[0.706s] Level 1:colcon.colcon_core.package_identification:_identify(src/px4-mpc/px4_mpc) by extension 'colcon_meta'
[0.707s] Level 1:colcon.colcon_core.package_identification:_identify(src/px4-mpc/px4_mpc) by extensions ['ros']
[0.707s] Level 1:colcon.colcon_core.package_identification:_identify(src/px4-mpc/px4_mpc) by extension 'ros'
[0.708s] DEBUG:colcon.colcon_core.package_identification:Package 'src/px4-mpc/px4_mpc' with type 'ros.ament_python' and name 'px4_mpc'
[0.708s] Level 1:colcon.colcon_core.package_identification:_identify(src/px4-offboard) by extensions ['ignore', 'ignore_ament_install']
[0.708s] Level 1:colcon.colcon_core.package_identification:_identify(src/px4-offboard) by extension 'ignore'
[0.708s] Level 1:colcon.colcon_core.package_identification:_identify(src/px4-offboard) by extension 'ignore_ament_install'
[0.708s] Level 1:colcon.colcon_core.package_identification:_identify(src/px4-offboard) by extensions ['colcon_pkg']
[0.708s] Level 1:colcon.colcon_core.package_identification:_identify(src/px4-offboard) by extension 'colcon_pkg'
[0.708s] Level 1:colcon.colcon_core.package_identification:_identify(src/px4-offboard) by extensions ['colcon_meta']
[0.708s] Level 1:colcon.colcon_core.package_identification:_identify(src/px4-offboard) by extension 'colcon_meta'
[0.708s] Level 1:colcon.colcon_core.package_identification:_identify(src/px4-offboard) by extensions ['ros']
[0.708s] Level 1:colcon.colcon_core.package_identification:_identify(src/px4-offboard) by extension 'ros'
[0.709s] DEBUG:colcon.colcon_core.package_identification:Package 'src/px4-offboard' with type 'ros.ament_python' and name 'px4_offboard'
[0.709s] Level 1:colcon.colcon_core.package_identification:_identify(src/px4_msgs) by extensions ['ignore', 'ignore_ament_install']
[0.709s] Level 1:colcon.colcon_core.package_identification:_identify(src/px4_msgs) by extension 'ignore'
[0.710s] Level 1:colcon.colcon_core.package_identification:_identify(src/px4_msgs) by extension 'ignore_ament_install'
[0.710s] Level 1:colcon.colcon_core.package_identification:_identify(src/px4_msgs) by extensions ['colcon_pkg']
[0.710s] Level 1:colcon.colcon_core.package_identification:_identify(src/px4_msgs) by extension 'colcon_pkg'
[0.710s] Level 1:colcon.colcon_core.package_identification:_identify(src/px4_msgs) by extensions ['colcon_meta']
[0.710s] Level 1:colcon.colcon_core.package_identification:_identify(src/px4_msgs) by extension 'colcon_meta'
[0.710s] Level 1:colcon.colcon_core.package_identification:_identify(src/px4_msgs) by extensions ['ros']
[0.710s] Level 1:colcon.colcon_core.package_identification:_identify(src/px4_msgs) by extension 'ros'
[0.711s] DEBUG:colcon.colcon_core.package_identification:Package 'src/px4_msgs' with type 'ros.ament_cmake' and name 'px4_msgs'
[0.711s] Level 1:colcon.colcon_core.package_discovery:discover_packages(recursive) using defaults
[0.711s] Level 1:colcon.colcon_core.package_discovery:discover_packages(ignore) discover
[0.711s] Level 1:colcon.colcon_core.package_discovery:discover_packages(ignore) using defaults
[0.711s] Level 1:colcon.colcon_core.package_discovery:discover_packages(path) discover
[0.711s] Level 1:colcon.colcon_core.package_discovery:discover_packages(path) using defaults
[0.745s] Level 5:colcon.colcon_core.verb:set package 'mpc_msgs' build argument 'cmake_args' from command line to 'None'
[0.745s] Level 5:colcon.colcon_core.verb:set package 'mpc_msgs' build argument 'cmake_target' from command line to 'None'
[0.745s] Level 5:colcon.colcon_core.verb:set package 'mpc_msgs' build argument 'cmake_target_skip_unavailable' from command line to 'False'
[0.745s] Level 5:colcon.colcon_core.verb:set package 'mpc_msgs' build argument 'cmake_clean_cache' from command line to 'False'
[0.745s] Level 5:colcon.colcon_core.verb:set package 'mpc_msgs' build argument 'cmake_clean_first' from command line to 'False'
[0.745s] Level 5:colcon.colcon_core.verb:set package 'mpc_msgs' build argument 'cmake_force_configure' from command line to 'False'
[0.745s] Level 5:colcon.colcon_core.verb:set package 'mpc_msgs' build argument 'ament_cmake_args' from command line to 'None'
[0.745s] Level 5:colcon.colcon_core.verb:set package 'mpc_msgs' build argument 'catkin_cmake_args' from command line to 'None'
[0.745s] Level 5:colcon.colcon_core.verb:set package 'mpc_msgs' build argument 'catkin_skip_building_tests' from command line to 'False'
[0.745s] DEBUG:colcon.colcon_core.verb:Building package 'mpc_msgs' with the following arguments: {'ament_cmake_args': None, 'build_base': '/px4_uxrce/new/px4-offboard_ws/build/mpc_msgs', 'catkin_cmake_args': None, 'catkin_skip_building_tests': False, 'cmake_args': None, 'cmake_clean_cache': False, 'cmake_clean_first': False, 'cmake_force_configure': False, 'cmake_target': None, 'cmake_target_skip_unavailable': False, 'install_base': '/px4_uxrce/new/px4-offboard_ws/install/mpc_msgs', 'merge_install': False, 'path': '/px4_uxrce/new/px4-offboard_ws/src/px4-mpc/mpc_msgs', 'symlink_install': False, 'test_result_base': None}
[0.746s] Level 5:colcon.colcon_core.verb:set package 'px4_msgs' build argument 'cmake_args' from command line to 'None'
[0.746s] Level 5:colcon.colcon_core.verb:set package 'px4_msgs' build argument 'cmake_target' from command line to 'None'
[0.746s] Level 5:colcon.colcon_core.verb:set package 'px4_msgs' build argument 'cmake_target_skip_unavailable' from command line to 'False'
[0.746s] Level 5:colcon.colcon_core.verb:set package 'px4_msgs' build argument 'cmake_clean_cache' from command line to 'False'
[0.746s] Level 5:colcon.colcon_core.verb:set package 'px4_msgs' build argument 'cmake_clean_first' from command line to 'False'
[0.746s] Level 5:colcon.colcon_core.verb:set package 'px4_msgs' build argument 'cmake_force_configure' from command line to 'False'
[0.746s] Level 5:colcon.colcon_core.verb:set package 'px4_msgs' build argument 'ament_cmake_args' from command line to 'None'
[0.746s] Level 5:colcon.colcon_core.verb:set package 'px4_msgs' build argument 'catkin_cmake_args' from command line to 'None'
[0.746s] Level 5:colcon.colcon_core.verb:set package 'px4_msgs' build argument 'catkin_skip_building_tests' from command line to 'False'
[0.746s] DEBUG:colcon.colcon_core.verb:Building package 'px4_msgs' with the following arguments: {'ament_cmake_args': None, 'build_base': '/px4_uxrce/new/px4-offboard_ws/build/px4_msgs', 'catkin_cmake_args': None, 'catkin_skip_building_tests': False, 'cmake_args': None, 'cmake_clean_cache': False, 'cmake_clean_first': False, 'cmake_force_configure': False, 'cmake_target': None, 'cmake_target_skip_unavailable': False, 'install_base': '/px4_uxrce/new/px4-offboard_ws/install/px4_msgs', 'merge_install': False, 'path': '/px4_uxrce/new/px4-offboard_ws/src/px4_msgs', 'symlink_install': False, 'test_result_base': None}
[0.747s] Level 5:colcon.colcon_core.verb:set package 'px4_offboard' build argument 'cmake_args' from command line to 'None'
[0.747s] Level 5:colcon.colcon_core.verb:set package 'px4_offboard' build argument 'cmake_target' from command line to 'None'
[0.747s] Level 5:colcon.colcon_core.verb:set package 'px4_offboard' build argument 'cmake_target_skip_unavailable' from command line to 'False'
[0.747s] Level 5:colcon.colcon_core.verb:set package 'px4_offboard' build argument 'cmake_clean_cache' from command line to 'False'
[0.747s] Level 5:colcon.colcon_core.verb:set package 'px4_offboard' build argument 'cmake_clean_first' from command line to 'False'
[0.747s] Level 5:colcon.colcon_core.verb:set package 'px4_offboard' build argument 'cmake_force_configure' from command line to 'False'
[0.747s] Level 5:colcon.colcon_core.verb:set package 'px4_offboard' build argument 'ament_cmake_args' from command line to 'None'
[0.747s] Level 5:colcon.colcon_core.verb:set package 'px4_offboard' build argument 'catkin_cmake_args' from command line to 'None'
[0.747s] Level 5:colcon.colcon_core.verb:set package 'px4_offboard' build argument 'catkin_skip_building_tests' from command line to 'False'
[0.747s] DEBUG:colcon.colcon_core.verb:Building package 'px4_offboard' with the following arguments: {'ament_cmake_args': None, 'build_base': '/px4_uxrce/new/px4-offboard_ws/build/px4_offboard', 'catkin_cmake_args': None, 'catkin_skip_building_tests': False, 'cmake_args': None, 'cmake_clean_cache': False, 'cmake_clean_first': False, 'cmake_force_configure': False, 'cmake_target': None, 'cmake_target_skip_unavailable': False, 'install_base': '/px4_uxrce/new/px4-offboard_ws/install/px4_offboard', 'merge_install': False, 'path': '/px4_uxrce/new/px4-offboard_ws/src/px4-offboard', 'symlink_install': False, 'test_result_base': None}
[0.748s] Level 5:colcon.colcon_core.verb:set package 'px4_mpc' build argument 'cmake_args' from command line to 'None'
[0.748s] Level 5:colcon.colcon_core.verb:set package 'px4_mpc' build argument 'cmake_target' from command line to 'None'
[0.748s] Level 5:colcon.colcon_core.verb:set package 'px4_mpc' build argument 'cmake_target_skip_unavailable' from command line to 'False'
[0.748s] Level 5:colcon.colcon_core.verb:set package 'px4_mpc' build argument 'cmake_clean_cache' from command line to 'False'
[0.748s] Level 5:colcon.colcon_core.verb:set package 'px4_mpc' build argument 'cmake_clean_first' from command line to 'False'
[0.748s] Level 5:colcon.colcon_core.verb:set package 'px4_mpc' build argument 'cmake_force_configure' from command line to 'False'
[0.748s] Level 5:colcon.colcon_core.verb:set package 'px4_mpc' build argument 'ament_cmake_args' from command line to 'None'
[0.748s] Level 5:colcon.colcon_core.verb:set package 'px4_mpc' build argument 'catkin_cmake_args' from command line to 'None'
[0.748s] Level 5:colcon.colcon_core.verb:set package 'px4_mpc' build argument 'catkin_skip_building_tests' from command line to 'False'
[0.748s] DEBUG:colcon.colcon_core.verb:Building package 'px4_mpc' with the following arguments: {'ament_cmake_args': None, 'build_base': '/px4_uxrce/new/px4-offboard_ws/build/px4_mpc', 'catkin_cmake_args': None, 'catkin_skip_building_tests': False, 'cmake_args': None, 'cmake_clean_cache': False, 'cmake_clean_first': False, 'cmake_force_configure': False, 'cmake_target': None, 'cmake_target_skip_unavailable': False, 'install_base': '/px4_uxrce/new/px4-offboard_ws/install/px4_mpc', 'merge_install': False, 'path': '/px4_uxrce/new/px4-offboard_ws/src/px4-mpc/px4_mpc', 'symlink_install': False, 'test_result_base': None}
[0.748s] INFO:colcon.colcon_core.executor:Executing jobs using 'parallel' executor
[0.751s] DEBUG:colcon.colcon_parallel_executor.executor.parallel:run_until_complete
[0.751s] INFO:colcon.colcon_ros.task.ament_cmake.build:Building ROS package in '/px4_uxrce/new/px4-offboard_ws/src/px4_msgs' with build type 'ament_cmake'
[0.751s] INFO:colcon.colcon_cmake.task.cmake.build:Building CMake package in '/px4_uxrce/new/px4-offboard_ws/src/px4_msgs'
[0.758s] INFO:colcon.colcon_core.plugin_system:Skipping extension 'colcon_core.shell.bat': Not used on non-Windows systems
[0.759s] INFO:colcon.colcon_core.shell:Skip shell extension 'powershell' for command environment: Not usable outside of PowerShell
[0.759s] DEBUG:colcon.colcon_core.shell:Skip shell extension 'dsv' for command environment
[0.768s] INFO:colcon.colcon_ros.task.ament_cmake.build:Building ROS package in '/px4_uxrce/new/px4-offboard_ws/src/px4-mpc/mpc_msgs' with build type 'ament_cmake'
[0.768s] INFO:colcon.colcon_cmake.task.cmake.build:Building CMake package in '/px4_uxrce/new/px4-offboard_ws/src/px4-mpc/mpc_msgs'
[0.769s] INFO:colcon.colcon_core.shell:Skip shell extension 'powershell' for command environment: Not usable outside of PowerShell
[0.769s] DEBUG:colcon.colcon_core.shell:Skip shell extension 'dsv' for command environment
[0.783s] DEBUG:colcon.colcon_core.event_handler.log_command:Invoking command in '/px4_uxrce/new/px4-offboard_ws/build/px4_msgs': CMAKE_PREFIX_PATH=${CMAKE_PREFIX_PATH}:/opt/ros/humble:/px4_uxrce/new/px4-offboard_ws/install/px4_mpc:/px4_uxrce/new/px4-offboard_ws/install/px4_offboard /usr/bin/cmake --build /px4_uxrce/new/px4-offboard_ws/build/px4_msgs -- -j12 -l12
[0.811s] DEBUG:colcon.colcon_core.event_handler.log_command:Invoking command in '/px4_uxrce/new/px4-offboard_ws/build/mpc_msgs': CMAKE_PREFIX_PATH=${CMAKE_PREFIX_PATH}:/opt/ros/humble:/px4_uxrce/new/px4-offboard_ws/install/px4_mpc:/px4_uxrce/new/px4-offboard_ws/install/px4_offboard /usr/bin/cmake --build /px4_uxrce/new/px4-offboard_ws/build/mpc_msgs -- -j12 -l12
[2.107s] DEBUG:colcon.colcon_core.event_handler.log_command:Invoked command in '/px4_uxrce/new/px4-offboard_ws/build/mpc_msgs' returned '0': CMAKE_PREFIX_PATH=${CMAKE_PREFIX_PATH}:/opt/ros/humble:/px4_uxrce/new/px4-offboard_ws/install/px4_mpc:/px4_uxrce/new/px4-offboard_ws/install/px4_offboard /usr/bin/cmake --build /px4_uxrce/new/px4-offboard_ws/build/mpc_msgs -- -j12 -l12
[2.135s] DEBUG:colcon.colcon_core.event_handler.log_command:Invoking command in '/px4_uxrce/new/px4-offboard_ws/build/mpc_msgs': CMAKE_PREFIX_PATH=${CMAKE_PREFIX_PATH}:/opt/ros/humble:/px4_uxrce/new/px4-offboard_ws/install/px4_mpc:/px4_uxrce/new/px4-offboard_ws/install/px4_offboard /usr/bin/cmake --install /px4_uxrce/new/px4-offboard_ws/build/mpc_msgs
[2.236s] Level 1:colcon.colcon_core.environment:create_environment_scripts_only(mpc_msgs)
[2.237s] DEBUG:colcon.colcon_core.event_handler.log_command:Invoked command in '/px4_uxrce/new/px4-offboard_ws/build/mpc_msgs' returned '0': CMAKE_PREFIX_PATH=${CMAKE_PREFIX_PATH}:/opt/ros/humble:/px4_uxrce/new/px4-offboard_ws/install/px4_mpc:/px4_uxrce/new/px4-offboard_ws/install/px4_offboard /usr/bin/cmake --install /px4_uxrce/new/px4-offboard_ws/build/mpc_msgs
[2.241s] Level 1:colcon.colcon_core.environment:checking '/px4_uxrce/new/px4-offboard_ws/install/mpc_msgs' for CMake module files
[2.242s] Level 1:colcon.colcon_core.environment:checking '/px4_uxrce/new/px4-offboard_ws/install/mpc_msgs' for CMake config files
[2.243s] Level 1:colcon.colcon_core.shell:create_environment_hook('mpc_msgs', 'cmake_prefix_path')
[2.244s] INFO:colcon.colcon_core.shell:Creating environment hook '/px4_uxrce/new/px4-offboard_ws/install/mpc_msgs/share/mpc_msgs/hook/cmake_prefix_path.ps1'
[2.245s] INFO:colcon.colcon_core.shell:Creating environment descriptor '/px4_uxrce/new/px4-offboard_ws/install/mpc_msgs/share/mpc_msgs/hook/cmake_prefix_path.dsv'
[2.246s] INFO:colcon.colcon_core.shell:Creating environment hook '/px4_uxrce/new/px4-offboard_ws/install/mpc_msgs/share/mpc_msgs/hook/cmake_prefix_path.sh'
[2.248s] Level 1:colcon.colcon_core.environment:checking '/px4_uxrce/new/px4-offboard_ws/install/mpc_msgs/lib'
[2.248s] Level 1:colcon.colcon_core.shell:create_environment_hook('mpc_msgs', 'ld_library_path_lib')
[2.248s] INFO:colcon.colcon_core.shell:Creating environment hook '/px4_uxrce/new/px4-offboard_ws/install/mpc_msgs/share/mpc_msgs/hook/ld_library_path_lib.ps1'
[2.249s] INFO:colcon.colcon_core.shell:Creating environment descriptor '/px4_uxrce/new/px4-offboard_ws/install/mpc_msgs/share/mpc_msgs/hook/ld_library_path_lib.dsv'
[2.250s] INFO:colcon.colcon_core.shell:Creating environment hook '/px4_uxrce/new/px4-offboard_ws/install/mpc_msgs/share/mpc_msgs/hook/ld_library_path_lib.sh'
[2.250s] Level 1:colcon.colcon_core.environment:checking '/px4_uxrce/new/px4-offboard_ws/install/mpc_msgs/bin'
[2.250s] Level 1:colcon.colcon_core.environment:checking '/px4_uxrce/new/px4-offboard_ws/install/mpc_msgs/lib/pkgconfig/mpc_msgs.pc'
[2.253s] Level 1:colcon.colcon_core.environment:checking '/px4_uxrce/new/px4-offboard_ws/install/mpc_msgs/lib/python3.10/site-packages'
[2.254s] Level 1:colcon.colcon_core.environment:checking '/px4_uxrce/new/px4-offboard_ws/install/mpc_msgs/bin'
[2.254s] INFO:colcon.colcon_core.shell:Creating package script '/px4_uxrce/new/px4-offboard_ws/install/mpc_msgs/share/mpc_msgs/package.ps1'
[2.256s] INFO:colcon.colcon_core.shell:Creating package descriptor '/px4_uxrce/new/px4-offboard_ws/install/mpc_msgs/share/mpc_msgs/package.dsv'
[2.257s] INFO:colcon.colcon_core.shell:Creating package script '/px4_uxrce/new/px4-offboard_ws/install/mpc_msgs/share/mpc_msgs/package.sh'
[2.259s] INFO:colcon.colcon_core.shell:Creating package script '/px4_uxrce/new/px4-offboard_ws/install/mpc_msgs/share/mpc_msgs/package.bash'
[2.260s] INFO:colcon.colcon_core.shell:Creating package script '/px4_uxrce/new/px4-offboard_ws/install/mpc_msgs/share/mpc_msgs/package.zsh'
[2.261s] Level 1:colcon.colcon_core.environment:create_file_with_runtime_dependencies(/px4_uxrce/new/px4-offboard_ws/install/mpc_msgs/share/colcon-core/packages/mpc_msgs)
[2.263s] Level 1:colcon.colcon_core.environment:create_environment_scripts_only(mpc_msgs)
[2.263s] Level 1:colcon.colcon_core.environment:checking '/px4_uxrce/new/px4-offboard_ws/install/mpc_msgs' for CMake module files
[2.264s] Level 1:colcon.colcon_core.environment:checking '/px4_uxrce/new/px4-offboard_ws/install/mpc_msgs' for CMake config files
[2.265s] Level 1:colcon.colcon_core.shell:create_environment_hook('mpc_msgs', 'cmake_prefix_path')
[2.265s] INFO:colcon.colcon_core.shell:Creating environment hook '/px4_uxrce/new/px4-offboard_ws/install/mpc_msgs/share/mpc_msgs/hook/cmake_prefix_path.ps1'
[2.266s] INFO:colcon.colcon_core.shell:Creating environment descriptor '/px4_uxrce/new/px4-offboard_ws/install/mpc_msgs/share/mpc_msgs/hook/cmake_prefix_path.dsv'
[2.267s] INFO:colcon.colcon_core.shell:Creating environment hook '/px4_uxrce/new/px4-offboard_ws/install/mpc_msgs/share/mpc_msgs/hook/cmake_prefix_path.sh'
[2.268s] Level 1:colcon.colcon_core.environment:checking '/px4_uxrce/new/px4-offboard_ws/install/mpc_msgs/lib'
[2.268s] Level 1:colcon.colcon_core.shell:create_environment_hook('mpc_msgs', 'ld_library_path_lib')
[2.268s] INFO:colcon.colcon_core.shell:Creating environment hook '/px4_uxrce/new/px4-offboard_ws/install/mpc_msgs/share/mpc_msgs/hook/ld_library_path_lib.ps1'
[2.269s] INFO:colcon.colcon_core.shell:Creating environment descriptor '/px4_uxrce/new/px4-offboard_ws/install/mpc_msgs/share/mpc_msgs/hook/ld_library_path_lib.dsv'
[2.270s] INFO:colcon.colcon_core.shell:Creating environment hook '/px4_uxrce/new/px4-offboard_ws/install/mpc_msgs/share/mpc_msgs/hook/ld_library_path_lib.sh'
[2.270s] Level 1:colcon.colcon_core.environment:checking '/px4_uxrce/new/px4-offboard_ws/install/mpc_msgs/bin'
[2.270s] Level 1:colcon.colcon_core.environment:checking '/px4_uxrce/new/px4-offboard_ws/install/mpc_msgs/lib/pkgconfig/mpc_msgs.pc'
[2.271s] Level 1:colcon.colcon_core.environment:checking '/px4_uxrce/new/px4-offboard_ws/install/mpc_msgs/lib/python3.10/site-packages'
[2.271s] Level 1:colcon.colcon_core.environment:checking '/px4_uxrce/new/px4-offboard_ws/install/mpc_msgs/bin'
[2.272s] INFO:colcon.colcon_core.shell:Creating package script '/px4_uxrce/new/px4-offboard_ws/install/mpc_msgs/share/mpc_msgs/package.ps1'
[2.273s] INFO:colcon.colcon_core.shell:Creating package descriptor '/px4_uxrce/new/px4-offboard_ws/install/mpc_msgs/share/mpc_msgs/package.dsv'
[2.274s] INFO:colcon.colcon_core.shell:Creating package script '/px4_uxrce/new/px4-offboard_ws/install/mpc_msgs/share/mpc_msgs/package.sh'
[2.275s] INFO:colcon.colcon_core.shell:Creating package script '/px4_uxrce/new/px4-offboard_ws/install/mpc_msgs/share/mpc_msgs/package.bash'
[2.276s] INFO:colcon.colcon_core.shell:Creating package script '/px4_uxrce/new/px4-offboard_ws/install/mpc_msgs/share/mpc_msgs/package.zsh'
[2.276s] Level 1:colcon.colcon_core.environment:create_file_with_runtime_dependencies(/px4_uxrce/new/px4-offboard_ws/install/mpc_msgs/share/colcon-core/packages/mpc_msgs)
[4.538s] DEBUG:colcon.colcon_core.event_handler.log_command:Invoked command in '/px4_uxrce/new/px4-offboard_ws/build/px4_msgs' returned '0': CMAKE_PREFIX_PATH=${CMAKE_PREFIX_PATH}:/opt/ros/humble:/px4_uxrce/new/px4-offboard_ws/install/px4_mpc:/px4_uxrce/new/px4-offboard_ws/install/px4_offboard /usr/bin/cmake --build /px4_uxrce/new/px4-offboard_ws/build/px4_msgs -- -j12 -l12
[4.540s] DEBUG:colcon.colcon_core.event_handler.log_command:Invoking command in '/px4_uxrce/new/px4-offboard_ws/build/px4_msgs': CMAKE_PREFIX_PATH=${CMAKE_PREFIX_PATH}:/opt/ros/humble:/px4_uxrce/new/px4-offboard_ws/install/px4_mpc:/px4_uxrce/new/px4-offboard_ws/install/px4_offboard /usr/bin/cmake --install /px4_uxrce/new/px4-offboard_ws/build/px4_msgs
[5.206s] Level 1:colcon.colcon_core.environment:create_environment_scripts_only(px4_msgs)
[5.206s] Level 1:colcon.colcon_core.environment:checking '/px4_uxrce/new/px4-offboard_ws/install/px4_msgs' for CMake module files
[5.208s] Level 1:colcon.colcon_core.environment:checking '/px4_uxrce/new/px4-offboard_ws/install/px4_msgs' for CMake config files
[5.219s] Level 1:colcon.colcon_core.shell:create_environment_hook('px4_msgs', 'cmake_prefix_path')
[5.219s] INFO:colcon.colcon_core.shell:Creating environment hook '/px4_uxrce/new/px4-offboard_ws/install/px4_msgs/share/px4_msgs/hook/cmake_prefix_path.ps1'
[5.220s] INFO:colcon.colcon_core.shell:Creating environment descriptor '/px4_uxrce/new/px4-offboard_ws/install/px4_msgs/share/px4_msgs/hook/cmake_prefix_path.dsv'
[5.221s] INFO:colcon.colcon_core.shell:Creating environment hook '/px4_uxrce/new/px4-offboard_ws/install/px4_msgs/share/px4_msgs/hook/cmake_prefix_path.sh'
[5.222s] Level 1:colcon.colcon_core.environment:checking '/px4_uxrce/new/px4-offboard_ws/install/px4_msgs/lib'
[5.222s] Level 1:colcon.colcon_core.shell:create_environment_hook('px4_msgs', 'ld_library_path_lib')
[5.222s] INFO:colcon.colcon_core.shell:Creating environment hook '/px4_uxrce/new/px4-offboard_ws/install/px4_msgs/share/px4_msgs/hook/ld_library_path_lib.ps1'
[5.223s] INFO:colcon.colcon_core.shell:Creating environment descriptor '/px4_uxrce/new/px4-offboard_ws/install/px4_msgs/share/px4_msgs/hook/ld_library_path_lib.dsv'
[5.224s] INFO:colcon.colcon_core.shell:Creating environment hook '/px4_uxrce/new/px4-offboard_ws/install/px4_msgs/share/px4_msgs/hook/ld_library_path_lib.sh'
[5.225s] Level 1:colcon.colcon_core.environment:checking '/px4_uxrce/new/px4-offboard_ws/install/px4_msgs/bin'
[5.225s] Level 1:colcon.colcon_core.environment:checking '/px4_uxrce/new/px4-offboard_ws/install/px4_msgs/lib/pkgconfig/px4_msgs.pc'
[5.225s] Level 1:colcon.colcon_core.environment:checking '/px4_uxrce/new/px4-offboard_ws/install/px4_msgs/lib/python3.10/site-packages'
[5.226s] Level 1:colcon.colcon_core.environment:checking '/px4_uxrce/new/px4-offboard_ws/install/px4_msgs/bin'
[5.226s] INFO:colcon.colcon_core.shell:Creating package script '/px4_uxrce/new/px4-offboard_ws/install/px4_msgs/share/px4_msgs/package.ps1'
[5.227s] INFO:colcon.colcon_core.shell:Creating package descriptor '/px4_uxrce/new/px4-offboard_ws/install/px4_msgs/share/px4_msgs/package.dsv'
[5.228s] INFO:colcon.colcon_core.shell:Creating package script '/px4_uxrce/new/px4-offboard_ws/install/px4_msgs/share/px4_msgs/package.sh'
[5.230s] INFO:colcon.colcon_core.shell:Creating package script '/px4_uxrce/new/px4-offboard_ws/install/px4_msgs/share/px4_msgs/package.bash'
[5.231s] INFO:colcon.colcon_core.shell:Creating package script '/px4_uxrce/new/px4-offboard_ws/install/px4_msgs/share/px4_msgs/package.zsh'
[5.232s] Level 1:colcon.colcon_core.environment:create_file_with_runtime_dependencies(/px4_uxrce/new/px4-offboard_ws/install/px4_msgs/share/colcon-core/packages/px4_msgs)
[5.235s] Level 1:colcon.colcon_core.environment:create_environment_scripts_only(px4_msgs)
[5.235s] Level 1:colcon.colcon_core.environment:checking '/px4_uxrce/new/px4-offboard_ws/install/px4_msgs' for CMake module files
[5.239s] Level 1:colcon.colcon_core.environment:checking '/px4_uxrce/new/px4-offboard_ws/install/px4_msgs' for CMake config files
[5.252s] Level 1:colcon.colcon_core.shell:create_environment_hook('px4_msgs', 'cmake_prefix_path')
[5.253s] INFO:colcon.colcon_core.shell:Creating environment hook '/px4_uxrce/new/px4-offboard_ws/install/px4_msgs/share/px4_msgs/hook/cmake_prefix_path.ps1'
[5.254s] INFO:colcon.colcon_core.shell:Creating environment descriptor '/px4_uxrce/new/px4-offboard_ws/install/px4_msgs/share/px4_msgs/hook/cmake_prefix_path.dsv'
[5.256s] INFO:colcon.colcon_core.shell:Creating environment hook '/px4_uxrce/new/px4-offboard_ws/install/px4_msgs/share/px4_msgs/hook/cmake_prefix_path.sh'
[5.258s] Level 1:colcon.colcon_core.environment:checking '/px4_uxrce/new/px4-offboard_ws/install/px4_msgs/lib'
[5.259s] Level 1:colcon.colcon_core.shell:create_environment_hook('px4_msgs', 'ld_library_path_lib')
[5.259s] INFO:colcon.colcon_core.shell:Creating environment hook '/px4_uxrce/new/px4-offboard_ws/install/px4_msgs/share/px4_msgs/hook/ld_library_path_lib.ps1'
[5.260s] INFO:colcon.colcon_core.shell:Creating environment descriptor '/px4_uxrce/new/px4-offboard_ws/install/px4_msgs/share/px4_msgs/hook/ld_library_path_lib.dsv'
[5.261s] INFO:colcon.colcon_core.shell:Creating environment hook '/px4_uxrce/new/px4-offboard_ws/install/px4_msgs/share/px4_msgs/hook/ld_library_path_lib.sh'
[5.267s] Level 1:colcon.colcon_core.environment:checking '/px4_uxrce/new/px4-offboard_ws/install/px4_msgs/bin'
[5.268s] Level 1:colcon.colcon_core.environment:checking '/px4_uxrce/new/px4-offboard_ws/install/px4_msgs/lib/pkgconfig/px4_msgs.pc'
[5.268s] Level 1:colcon.colcon_core.environment:checking '/px4_uxrce/new/px4-offboard_ws/install/px4_msgs/lib/python3.10/site-packages'
[5.268s] Level 1:colcon.colcon_core.environment:checking '/px4_uxrce/new/px4-offboard_ws/install/px4_msgs/bin'
[5.269s] INFO:colcon.colcon_core.shell:Creating package script '/px4_uxrce/new/px4-offboard_ws/install/px4_msgs/share/px4_msgs/package.ps1'
[5.272s] INFO:colcon.colcon_core.shell:Creating package descriptor '/px4_uxrce/new/px4-offboard_ws/install/px4_msgs/share/px4_msgs/package.dsv'
[5.273s] INFO:colcon.colcon_core.shell:Creating package script '/px4_uxrce/new/px4-offboard_ws/install/px4_msgs/share/px4_msgs/package.sh'
[5.274s] INFO:colcon.colcon_core.shell:Creating package script '/px4_uxrce/new/px4-offboard_ws/install/px4_msgs/share/px4_msgs/package.bash'
[5.275s] INFO:colcon.colcon_core.shell:Creating package script '/px4_uxrce/new/px4-offboard_ws/install/px4_msgs/share/px4_msgs/package.zsh'
[5.276s] Level 1:colcon.colcon_core.environment:create_file_with_runtime_dependencies(/px4_uxrce/new/px4-offboard_ws/install/px4_msgs/share/colcon-core/packages/px4_msgs)
[5.276s] INFO:colcon.colcon_ros.task.ament_python.build:Building ROS package in '/px4_uxrce/new/px4-offboard_ws/src/px4-offboard' with build type 'ament_python'
[5.277s] Level 1:colcon.colcon_core.shell:create_environment_hook('px4_offboard', 'ament_prefix_path')
[5.277s] INFO:colcon.colcon_core.shell:Creating environment hook '/px4_uxrce/new/px4-offboard_ws/install/px4_offboard/share/px4_offboard/hook/ament_prefix_path.ps1'
[5.278s] INFO:colcon.colcon_core.shell:Creating environment descriptor '/px4_uxrce/new/px4-offboard_ws/install/px4_offboard/share/px4_offboard/hook/ament_prefix_path.dsv'
[5.279s] INFO:colcon.colcon_core.shell:Creating environment hook '/px4_uxrce/new/px4-offboard_ws/install/px4_offboard/share/px4_offboard/hook/ament_prefix_path.sh'
[5.281s] INFO:colcon.colcon_core.shell:Skip shell extension 'powershell' for command environment: Not usable outside of PowerShell
[5.281s] DEBUG:colcon.colcon_core.shell:Skip shell extension 'dsv' for command environment
[5.378s] DEBUG:colcon.colcon_core.event_handler.log_command:Invoked command in '/px4_uxrce/new/px4-offboard_ws/build/px4_msgs' returned '0': CMAKE_PREFIX_PATH=${CMAKE_PREFIX_PATH}:/opt/ros/humble:/px4_uxrce/new/px4-offboard_ws/install/px4_mpc:/px4_uxrce/new/px4-offboard_ws/install/px4_offboard /usr/bin/cmake --install /px4_uxrce/new/px4-offboard_ws/build/px4_msgs
[5.853s] INFO:colcon.colcon_core.task.python.build:Building Python package in '/px4_uxrce/new/px4-offboard_ws/src/px4-offboard'
[5.853s] INFO:colcon.colcon_core.shell:Skip shell extension 'powershell' for command environment: Not usable outside of PowerShell
[5.853s] DEBUG:colcon.colcon_core.shell:Skip shell extension 'dsv' for command environment
[6.699s] DEBUG:colcon.colcon_core.event_handler.log_command:Invoking command in '/px4_uxrce/new/px4-offboard_ws/src/px4-offboard': LD_LIBRARY_PATH=/px4_uxrce/new/px4-offboard_ws/install/px4_msgs/lib:/opt/ros/humble/opt/rviz_ogre_vendor/lib:/opt/ros/humble/lib/x86_64-linux-gnu:/opt/ros/humble/lib:/px4_uxrce/new/px4-offboard_ws/install/mpc_msgs/lib:/usr/lib:/new/px4-offboard_ws/src/acados/lib:/px4_uxrce/new/acados/lib PYTHONPATH=/px4_uxrce/new/px4-offboard_ws/build/px4_offboard/prefix_override:/usr/lib/python3/dist-packages/colcon_core/task/python/colcon_distutils_commands:/px4_uxrce/new/px4-offboard_ws/install/px4_offboard/lib/python3.10/site-packages:${PYTHONPATH} /usr/bin/python3 -W ignore:setup.py install is deprecated -W ignore:easy_install command is deprecated setup.py egg_info --egg-base ../../build/px4_offboard build --build-base /px4_uxrce/new/px4-offboard_ws/build/px4_offboard/build install --record /px4_uxrce/new/px4-offboard_ws/build/px4_offboard/install.log --single-version-externally-managed install_data
[7.262s] Level 1:colcon.colcon_core.environment:checking '/px4_uxrce/new/px4-offboard_ws/install/px4_offboard' for CMake module files
[7.263s] DEBUG:colcon.colcon_core.event_handler.log_command:Invoked command in '/px4_uxrce/new/px4-offboard_ws/src/px4-offboard' returned '0': LD_LIBRARY_PATH=/px4_uxrce/new/px4-offboard_ws/install/px4_msgs/lib:/opt/ros/humble/opt/rviz_ogre_vendor/lib:/opt/ros/humble/lib/x86_64-linux-gnu:/opt/ros/humble/lib:/px4_uxrce/new/px4-offboard_ws/install/mpc_msgs/lib:/usr/lib:/new/px4-offboard_ws/src/acados/lib:/px4_uxrce/new/acados/lib PYTHONPATH=/px4_uxrce/new/px4-offboard_ws/build/px4_offboard/prefix_override:/usr/lib/python3/dist-packages/colcon_core/task/python/colcon_distutils_commands:/px4_uxrce/new/px4-offboard_ws/install/px4_offboard/lib/python3.10/site-packages:${PYTHONPATH} /usr/bin/python3 -W ignore:setup.py install is deprecated -W ignore:easy_install command is deprecated setup.py egg_info --egg-base ../../build/px4_offboard build --build-base /px4_uxrce/new/px4-offboard_ws/build/px4_offboard/build install --record /px4_uxrce/new/px4-offboard_ws/build/px4_offboard/install.log --single-version-externally-managed install_data
[7.263s] Level 1:colcon.colcon_core.environment:checking '/px4_uxrce/new/px4-offboard_ws/install/px4_offboard' for CMake config files
[7.264s] Level 1:colcon.colcon_core.environment:checking '/px4_uxrce/new/px4-offboard_ws/install/px4_offboard/lib'
[7.264s] Level 1:colcon.colcon_core.environment:checking '/px4_uxrce/new/px4-offboard_ws/install/px4_offboard/bin'
[7.264s] Level 1:colcon.colcon_core.environment:checking '/px4_uxrce/new/px4-offboard_ws/install/px4_offboard/lib/pkgconfig/px4_offboard.pc'
[7.265s] Level 1:colcon.colcon_core.environment:checking '/px4_uxrce/new/px4-offboard_ws/install/px4_offboard/lib/python3.10/site-packages'
[7.265s] Level 1:colcon.colcon_core.shell:create_environment_hook('px4_offboard', 'pythonpath')
[7.265s] INFO:colcon.colcon_core.shell:Creating environment hook '/px4_uxrce/new/px4-offboard_ws/install/px4_offboard/share/px4_offboard/hook/pythonpath.ps1'
[7.266s] INFO:colcon.colcon_core.shell:Creating environment descriptor '/px4_uxrce/new/px4-offboard_ws/install/px4_offboard/share/px4_offboard/hook/pythonpath.dsv'
[7.266s] INFO:colcon.colcon_core.shell:Creating environment hook '/px4_uxrce/new/px4-offboard_ws/install/px4_offboard/share/px4_offboard/hook/pythonpath.sh'
[7.267s] Level 1:colcon.colcon_core.environment:checking '/px4_uxrce/new/px4-offboard_ws/install/px4_offboard/bin'
[7.268s] Level 1:colcon.colcon_core.environment:create_environment_scripts_only(px4_offboard)
[7.268s] INFO:colcon.colcon_core.shell:Creating package script '/px4_uxrce/new/px4-offboard_ws/install/px4_offboard/share/px4_offboard/package.ps1'
[7.269s] INFO:colcon.colcon_core.shell:Creating package descriptor '/px4_uxrce/new/px4-offboard_ws/install/px4_offboard/share/px4_offboard/package.dsv'
[7.270s] INFO:colcon.colcon_core.shell:Creating package script '/px4_uxrce/new/px4-offboard_ws/install/px4_offboard/share/px4_offboard/package.sh'
[7.270s] INFO:colcon.colcon_core.shell:Creating package script '/px4_uxrce/new/px4-offboard_ws/install/px4_offboard/share/px4_offboard/package.bash'
[7.271s] INFO:colcon.colcon_core.shell:Creating package script '/px4_uxrce/new/px4-offboard_ws/install/px4_offboard/share/px4_offboard/package.zsh'
[7.272s] Level 1:colcon.colcon_core.environment:create_file_with_runtime_dependencies(/px4_uxrce/new/px4-offboard_ws/install/px4_offboard/share/colcon-core/packages/px4_offboard)
[7.273s] INFO:colcon.colcon_ros.task.ament_python.build:Building ROS package in '/px4_uxrce/new/px4-offboard_ws/src/px4-mpc/px4_mpc' with build type 'ament_python'
[7.273s] Level 1:colcon.colcon_core.shell:create_environment_hook('px4_mpc', 'ament_prefix_path')
[7.273s] INFO:colcon.colcon_core.shell:Creating environment hook '/px4_uxrce/new/px4-offboard_ws/install/px4_mpc/share/px4_mpc/hook/ament_prefix_path.ps1'
[7.274s] INFO:colcon.colcon_core.shell:Creating environment descriptor '/px4_uxrce/new/px4-offboard_ws/install/px4_mpc/share/px4_mpc/hook/ament_prefix_path.dsv'
[7.274s] INFO:colcon.colcon_core.shell:Creating environment hook '/px4_uxrce/new/px4-offboard_ws/install/px4_mpc/share/px4_mpc/hook/ament_prefix_path.sh'
[7.275s] INFO:colcon.colcon_core.shell:Skip shell extension 'powershell' for command environment: Not usable outside of PowerShell
[7.275s] DEBUG:colcon.colcon_core.shell:Skip shell extension 'dsv' for command environment
[7.820s] INFO:colcon.colcon_core.task.python.build:Building Python package in '/px4_uxrce/new/px4-offboard_ws/src/px4-mpc/px4_mpc'
[7.820s] INFO:colcon.colcon_core.shell:Skip shell extension 'powershell' for command environment: Not usable outside of PowerShell
[7.821s] DEBUG:colcon.colcon_core.shell:Skip shell extension 'dsv' for command environment
[8.620s] DEBUG:colcon.colcon_core.event_handler.log_command:Invoking command in '/px4_uxrce/new/px4-offboard_ws/src/px4-mpc/px4_mpc': AMENT_PREFIX_PATH=/px4_uxrce/new/px4-offboard_ws/install/px4_offboard:/opt/ros/humble:/px4_uxrce/new/px4-offboard_ws/install/px4_mpc:/px4_uxrce/new/px4-offboard_ws/install/px4_msgs:/px4_uxrce/new/px4-offboard_ws/install/mpc_msgs LD_LIBRARY_PATH=/px4_uxrce/new/px4-offboard_ws/install/px4_msgs/lib:/px4_uxrce/new/px4-offboard_ws/install/mpc_msgs/lib:/opt/ros/humble/opt/rviz_ogre_vendor/lib:/opt/ros/humble/lib/x86_64-linux-gnu:/opt/ros/humble/lib:/usr/lib:/new/px4-offboard_ws/src/acados/lib:/px4_uxrce/new/acados/lib PYTHONPATH=/px4_uxrce/new/px4-offboard_ws/build/px4_mpc/prefix_override:/usr/lib/python3/dist-packages/colcon_core/task/python/colcon_distutils_commands:/px4_uxrce/new/px4-offboard_ws/install/px4_mpc/lib/python3.10/site-packages:/px4_uxrce/new/px4-offboard_ws/install/px4_offboard/lib/python3.10/site-packages:/opt/ros/humble/lib/python3.10/site-packages:/opt/ros/humble/local/lib/python3.10/dist-packages:/px4_uxrce/new/px4-offboard_ws/install/px4_mpc/lib/python3.10/site-packages:/px4_uxrce/new/px4-offboard_ws/install/px4_msgs/local/lib/python3.10/dist-packages:/px4_uxrce/new/px4-offboard_ws/install/mpc_msgs/local/lib/python3.10/dist-packages /usr/bin/python3 -W ignore:setup.py install is deprecated -W ignore:easy_install command is deprecated setup.py egg_info --egg-base ../../../build/px4_mpc build --build-base /px4_uxrce/new/px4-offboard_ws/build/px4_mpc/build install --record /px4_uxrce/new/px4-offboard_ws/build/px4_mpc/install.log --single-version-externally-managed install_data
[9.211s] Level 1:colcon.colcon_core.environment:checking '/px4_uxrce/new/px4-offboard_ws/install/px4_mpc' for CMake module files
[9.212s] DEBUG:colcon.colcon_core.event_handler.log_command:Invoked command in '/px4_uxrce/new/px4-offboard_ws/src/px4-mpc/px4_mpc' returned '0': AMENT_PREFIX_PATH=/px4_uxrce/new/px4-offboard_ws/install/px4_offboard:/opt/ros/humble:/px4_uxrce/new/px4-offboard_ws/install/px4_mpc:/px4_uxrce/new/px4-offboard_ws/install/px4_msgs:/px4_uxrce/new/px4-offboard_ws/install/mpc_msgs LD_LIBRARY_PATH=/px4_uxrce/new/px4-offboard_ws/install/px4_msgs/lib:/px4_uxrce/new/px4-offboard_ws/install/mpc_msgs/lib:/opt/ros/humble/opt/rviz_ogre_vendor/lib:/opt/ros/humble/lib/x86_64-linux-gnu:/opt/ros/humble/lib:/usr/lib:/new/px4-offboard_ws/src/acados/lib:/px4_uxrce/new/acados/lib PYTHONPATH=/px4_uxrce/new/px4-offboard_ws/build/px4_mpc/prefix_override:/usr/lib/python3/dist-packages/colcon_core/task/python/colcon_distutils_commands:/px4_uxrce/new/px4-offboard_ws/install/px4_mpc/lib/python3.10/site-packages:/px4_uxrce/new/px4-offboard_ws/install/px4_offboard/lib/python3.10/site-packages:/opt/ros/humble/lib/python3.10/site-packages:/opt/ros/humble/local/lib/python3.10/dist-packages:/px4_uxrce/new/px4-offboard_ws/install/px4_mpc/lib/python3.10/site-packages:/px4_uxrce/new/px4-offboard_ws/install/px4_msgs/local/lib/python3.10/dist-packages:/px4_uxrce/new/px4-offboard_ws/install/mpc_msgs/local/lib/python3.10/dist-packages /usr/bin/python3 -W ignore:setup.py install is deprecated -W ignore:easy_install command is deprecated setup.py egg_info --egg-base ../../../build/px4_mpc build --build-base /px4_uxrce/new/px4-offboard_ws/build/px4_mpc/build install --record /px4_uxrce/new/px4-offboard_ws/build/px4_mpc/install.log --single-version-externally-managed install_data
[9.212s] Level 1:colcon.colcon_core.environment:checking '/px4_uxrce/new/px4-offboard_ws/install/px4_mpc' for CMake config files
[9.213s] Level 1:colcon.colcon_core.environment:checking '/px4_uxrce/new/px4-offboard_ws/install/px4_mpc/lib'
[9.213s] Level 1:colcon.colcon_core.environment:checking '/px4_uxrce/new/px4-offboard_ws/install/px4_mpc/bin'
[9.213s] Level 1:colcon.colcon_core.environment:checking '/px4_uxrce/new/px4-offboard_ws/install/px4_mpc/lib/pkgconfig/px4_mpc.pc'
[9.214s] Level 1:colcon.colcon_core.environment:checking '/px4_uxrce/new/px4-offboard_ws/install/px4_mpc/lib/python3.10/site-packages'
[9.214s] Level 1:colcon.colcon_core.shell:create_environment_hook('px4_mpc', 'pythonpath')
[9.214s] INFO:colcon.colcon_core.shell:Creating environment hook '/px4_uxrce/new/px4-offboard_ws/install/px4_mpc/share/px4_mpc/hook/pythonpath.ps1'
[9.215s] INFO:colcon.colcon_core.shell:Creating environment descriptor '/px4_uxrce/new/px4-offboard_ws/install/px4_mpc/share/px4_mpc/hook/pythonpath.dsv'
[9.215s] INFO:colcon.colcon_core.shell:Creating environment hook '/px4_uxrce/new/px4-offboard_ws/install/px4_mpc/share/px4_mpc/hook/pythonpath.sh'
[9.216s] Level 1:colcon.colcon_core.environment:checking '/px4_uxrce/new/px4-offboard_ws/install/px4_mpc/bin'
[9.217s] Level 1:colcon.colcon_core.environment:create_environment_scripts_only(px4_mpc)
[9.217s] INFO:colcon.colcon_core.shell:Creating package script '/px4_uxrce/new/px4-offboard_ws/install/px4_mpc/share/px4_mpc/package.ps1'
[9.218s] INFO:colcon.colcon_core.shell:Creating package descriptor '/px4_uxrce/new/px4-offboard_ws/install/px4_mpc/share/px4_mpc/package.dsv'
[9.219s] INFO:colcon.colcon_core.shell:Creating package script '/px4_uxrce/new/px4-offboard_ws/install/px4_mpc/share/px4_mpc/package.sh'
[9.220s] INFO:colcon.colcon_core.shell:Creating package script '/px4_uxrce/new/px4-offboard_ws/install/px4_mpc/share/px4_mpc/package.bash'
[9.220s] INFO:colcon.colcon_core.shell:Creating package script '/px4_uxrce/new/px4-offboard_ws/install/px4_mpc/share/px4_mpc/package.zsh'
[9.222s] Level 1:colcon.colcon_core.environment:create_file_with_runtime_dependencies(/px4_uxrce/new/px4-offboard_ws/install/px4_mpc/share/colcon-core/packages/px4_mpc)
[9.222s] DEBUG:colcon.colcon_parallel_executor.executor.parallel:closing loop
[9.223s] DEBUG:colcon.colcon_parallel_executor.executor.parallel:loop closed
[9.223s] DEBUG:colcon.colcon_parallel_executor.executor.parallel:run_until_complete finished with '0'
[9.223s] DEBUG:colcon.colcon_core.event_reactor:joining thread
[9.232s] INFO:colcon.colcon_core.plugin_system:Skipping extension 'colcon_notification.desktop_notification.notify_send': Could not find 'notify-send'
[9.232s] INFO:colcon.colcon_core.plugin_system:Skipping extension 'colcon_notification.desktop_notification.terminal_notifier': Not used on non-Darwin systems
[9.232s] INFO:colcon.colcon_core.plugin_system:Skipping extension 'colcon_notification.desktop_notification.win32': Not used on non-Windows systems
[9.232s] INFO:colcon.colcon_notification.desktop_notification:Sending desktop notification using 'notify2'
[9.236s] DEBUG:colcon.colcon_notification.desktop_notification.notify2:Failed to initialize notify2: org.freedesktop.DBus.Error.Spawn.ExecFailed: /usr/bin/dbus-launch terminated abnormally without any error message
[9.236s] DEBUG:colcon.colcon_core.event_reactor:joined thread
[9.237s] INFO:colcon.colcon_core.shell:Creating prefix script '/px4_uxrce/new/px4-offboard_ws/install/local_setup.ps1'
[9.239s] INFO:colcon.colcon_core.shell:Creating prefix util module '/px4_uxrce/new/px4-offboard_ws/install/_local_setup_util_ps1.py'
[9.240s] INFO:colcon.colcon_core.shell:Creating prefix chain script '/px4_uxrce/new/px4-offboard_ws/install/setup.ps1'
[9.242s] INFO:colcon.colcon_core.shell:Creating prefix script '/px4_uxrce/new/px4-offboard_ws/install/local_setup.sh'
[9.243s] INFO:colcon.colcon_core.shell:Creating prefix util module '/px4_uxrce/new/px4-offboard_ws/install/_local_setup_util_sh.py'
[9.244s] INFO:colcon.colcon_core.shell:Creating prefix chain script '/px4_uxrce/new/px4-offboard_ws/install/setup.sh'
[9.246s] INFO:colcon.colcon_core.shell:Creating prefix script '/px4_uxrce/new/px4-offboard_ws/install/local_setup.bash'
[9.247s] INFO:colcon.colcon_core.shell:Creating prefix chain script '/px4_uxrce/new/px4-offboard_ws/install/setup.bash'
[9.249s] INFO:colcon.colcon_core.shell:Creating prefix script '/px4_uxrce/new/px4-offboard_ws/install/local_setup.zsh'
[9.250s] INFO:colcon.colcon_core.shell:Creating prefix chain script '/px4_uxrce/new/px4-offboard_ws/install/setup.zsh'
