[0.015s] Invoking command in '/px4_uxrce/new/px4-offboard_ws/build/mpc_msgs': CMAKE_PREFIX_PATH=${CMAKE_PREFIX_PATH}:/px4_uxrce/new/px4-offboard_ws/install/px4_mpc:/px4_uxrce/new/px4-offboard_ws/install/px4_offboard:/opt/ros/humble /usr/bin/cmake --build /px4_uxrce/new/px4-offboard_ws/build/mpc_msgs -- -j12 -l12
[0.071s] [  6%] Built target mpc_msgs__cpp
[0.071s] [ 12%] Built target mpc_msgs__rosidl_generator_c
[0.081s] [ 12%] Built target ament_cmake_python_copy_mpc_msgs
[0.094s] [ 22%] Built target mpc_msgs__rosidl_typesupport_introspection_c
[0.095s] [ 32%] Built target mpc_msgs__rosidl_typesupport_c
[0.099s] [ 51%] Built target mpc_msgs__rosidl_typesupport_introspection_cpp
[0.099s] [ 61%] Built target mpc_msgs__rosidl_typesupport_fastrtps_cpp
[0.100s] [ 51%] Built target mpc_msgs__rosidl_typesupport_fastrtps_c
[0.109s] [ 70%] Built target mpc_msgs__rosidl_typesupport_cpp
[0.127s] [ 70%] Built target mpc_msgs
[0.145s] [ 74%] Built target mpc_msgs__py
[0.165s] [ 80%] Built target mpc_msgs__rosidl_generator_py
[0.190s] [ 87%] Built target mpc_msgs__rosidl_typesupport_introspection_c__pyext
[0.191s] [ 93%] Built target mpc_msgs__rosidl_typesupport_c__pyext
[0.193s] [100%] Built target mpc_msgs__rosidl_typesupport_fastrtps_c__pyext
[0.416s] running egg_info
[0.417s] writing mpc_msgs.egg-info/PKG-INFO
[0.418s] writing dependency_links to mpc_msgs.egg-info/dependency_links.txt
[0.418s] writing top-level names to mpc_msgs.egg-info/top_level.txt
[0.421s] reading manifest file 'mpc_msgs.egg-info/SOURCES.txt'
[0.422s] writing manifest file 'mpc_msgs.egg-info/SOURCES.txt'
[0.460s] [100%] Built target ament_cmake_python_build_mpc_msgs_egg
[0.478s] Invoked command in '/px4_uxrce/new/px4-offboard_ws/build/mpc_msgs' returned '0': CMAKE_PREFIX_PATH=${CMAKE_PREFIX_PATH}:/px4_uxrce/new/px4-offboard_ws/install/px4_mpc:/px4_uxrce/new/px4-offboard_ws/install/px4_offboard:/opt/ros/humble /usr/bin/cmake --build /px4_uxrce/new/px4-offboard_ws/build/mpc_msgs -- -j12 -l12
[0.488s] Invoking command in '/px4_uxrce/new/px4-offboard_ws/build/mpc_msgs': CMAKE_PREFIX_PATH=${CMAKE_PREFIX_PATH}:/px4_uxrce/new/px4-offboard_ws/install/px4_mpc:/px4_uxrce/new/px4-offboard_ws/install/px4_offboard:/opt/ros/humble /usr/bin/cmake --install /px4_uxrce/new/px4-offboard_ws/build/mpc_msgs
[0.499s] -- Install configuration: ""
[0.500s] -- Up-to-date: /px4_uxrce/new/px4-offboard_ws/install/mpc_msgs/share/ament_index/resource_index/rosidl_interfaces/mpc_msgs
[0.501s] -- Up-to-date: /px4_uxrce/new/px4-offboard_ws/install/mpc_msgs/include/mpc_msgs/mpc_msgs
[0.501s] -- Up-to-date: /px4_uxrce/new/px4-offboard_ws/install/mpc_msgs/include/mpc_msgs/mpc_msgs/srv
[0.501s] -- Up-to-date: /px4_uxrce/new/px4-offboard_ws/install/mpc_msgs/include/mpc_msgs/mpc_msgs/srv/detail
[0.501s] -- Up-to-date: /px4_uxrce/new/px4-offboard_ws/install/mpc_msgs/include/mpc_msgs/mpc_msgs/srv/detail/set_pose__type_support.h
[0.502s] -- Up-to-date: /px4_uxrce/new/px4-offboard_ws/install/mpc_msgs/include/mpc_msgs/mpc_msgs/srv/detail/set_pose__struct.h
[0.502s] -- Up-to-date: /px4_uxrce/new/px4-offboard_ws/install/mpc_msgs/include/mpc_msgs/mpc_msgs/srv/detail/set_pose__functions.c
[0.502s] -- Up-to-date: /px4_uxrce/new/px4-offboard_ws/install/mpc_msgs/include/mpc_msgs/mpc_msgs/srv/detail/set_pose__functions.h
[0.502s] -- Up-to-date: /px4_uxrce/new/px4-offboard_ws/install/mpc_msgs/include/mpc_msgs/mpc_msgs/srv/set_pose.h
[0.502s] -- Up-to-date: /px4_uxrce/new/px4-offboard_ws/install/mpc_msgs/include/mpc_msgs/mpc_msgs/msg
[0.503s] -- Up-to-date: /px4_uxrce/new/px4-offboard_ws/install/mpc_msgs/include/mpc_msgs/mpc_msgs/msg/rosidl_generator_c__visibility_control.h
[0.503s] -- Up-to-date: /px4_uxrce/new/px4-offboard_ws/install/mpc_msgs/share/mpc_msgs/environment/library_path.sh
[0.503s] -- Up-to-date: /px4_uxrce/new/px4-offboard_ws/install/mpc_msgs/share/mpc_msgs/environment/library_path.dsv
[0.503s] -- Up-to-date: /px4_uxrce/new/px4-offboard_ws/install/mpc_msgs/lib/libmpc_msgs__rosidl_generator_c.so
[0.504s] -- Up-to-date: /px4_uxrce/new/px4-offboard_ws/install/mpc_msgs/include/mpc_msgs/mpc_msgs
[0.504s] -- Up-to-date: /px4_uxrce/new/px4-offboard_ws/install/mpc_msgs/include/mpc_msgs/mpc_msgs/srv
[0.504s] -- Up-to-date: /px4_uxrce/new/px4-offboard_ws/install/mpc_msgs/include/mpc_msgs/mpc_msgs/srv/detail
[0.504s] -- Up-to-date: /px4_uxrce/new/px4-offboard_ws/install/mpc_msgs/include/mpc_msgs/mpc_msgs/srv/detail/set_pose__rosidl_typesupport_fastrtps_c.h
[0.504s] -- Up-to-date: /px4_uxrce/new/px4-offboard_ws/install/mpc_msgs/include/mpc_msgs/mpc_msgs/msg
[0.504s] -- Up-to-date: /px4_uxrce/new/px4-offboard_ws/install/mpc_msgs/include/mpc_msgs/mpc_msgs/msg/rosidl_typesupport_fastrtps_c__visibility_control.h
[0.504s] -- Up-to-date: /px4_uxrce/new/px4-offboard_ws/install/mpc_msgs/lib/libmpc_msgs__rosidl_typesupport_fastrtps_c.so
[0.504s] -- Up-to-date: /px4_uxrce/new/px4-offboard_ws/install/mpc_msgs/include/mpc_msgs/mpc_msgs
[0.505s] -- Up-to-date: /px4_uxrce/new/px4-offboard_ws/install/mpc_msgs/include/mpc_msgs/mpc_msgs/srv
[0.505s] -- Up-to-date: /px4_uxrce/new/px4-offboard_ws/install/mpc_msgs/include/mpc_msgs/mpc_msgs/srv/set_pose.hpp
[0.505s] -- Up-to-date: /px4_uxrce/new/px4-offboard_ws/install/mpc_msgs/include/mpc_msgs/mpc_msgs/srv/detail
[0.505s] -- Up-to-date: /px4_uxrce/new/px4-offboard_ws/install/mpc_msgs/include/mpc_msgs/mpc_msgs/srv/detail/set_pose__builder.hpp
[0.505s] -- Up-to-date: /px4_uxrce/new/px4-offboard_ws/install/mpc_msgs/include/mpc_msgs/mpc_msgs/srv/detail/set_pose__type_support.hpp
[0.505s] -- Up-to-date: /px4_uxrce/new/px4-offboard_ws/install/mpc_msgs/include/mpc_msgs/mpc_msgs/srv/detail/set_pose__traits.hpp
[0.505s] -- Up-to-date: /px4_uxrce/new/px4-offboard_ws/install/mpc_msgs/include/mpc_msgs/mpc_msgs/srv/detail/set_pose__struct.hpp
[0.505s] -- Up-to-date: /px4_uxrce/new/px4-offboard_ws/install/mpc_msgs/include/mpc_msgs/mpc_msgs/msg
[0.506s] -- Up-to-date: /px4_uxrce/new/px4-offboard_ws/install/mpc_msgs/include/mpc_msgs/mpc_msgs/msg/rosidl_generator_cpp__visibility_control.hpp
[0.506s] -- Up-to-date: /px4_uxrce/new/px4-offboard_ws/install/mpc_msgs/include/mpc_msgs/mpc_msgs
[0.506s] -- Up-to-date: /px4_uxrce/new/px4-offboard_ws/install/mpc_msgs/include/mpc_msgs/mpc_msgs/srv
[0.506s] -- Up-to-date: /px4_uxrce/new/px4-offboard_ws/install/mpc_msgs/include/mpc_msgs/mpc_msgs/srv/detail
[0.506s] -- Up-to-date: /px4_uxrce/new/px4-offboard_ws/install/mpc_msgs/include/mpc_msgs/mpc_msgs/srv/detail/set_pose__rosidl_typesupport_fastrtps_cpp.hpp
[0.506s] -- Up-to-date: /px4_uxrce/new/px4-offboard_ws/install/mpc_msgs/include/mpc_msgs/mpc_msgs/srv/detail/dds_fastrtps
[0.506s] -- Up-to-date: /px4_uxrce/new/px4-offboard_ws/install/mpc_msgs/include/mpc_msgs/mpc_msgs/msg
[0.507s] -- Up-to-date: /px4_uxrce/new/px4-offboard_ws/install/mpc_msgs/include/mpc_msgs/mpc_msgs/msg/rosidl_typesupport_fastrtps_cpp__visibility_control.h
[0.507s] -- Up-to-date: /px4_uxrce/new/px4-offboard_ws/install/mpc_msgs/lib/libmpc_msgs__rosidl_typesupport_fastrtps_cpp.so
[0.507s] -- Up-to-date: /px4_uxrce/new/px4-offboard_ws/install/mpc_msgs/include/mpc_msgs/mpc_msgs
[0.507s] -- Up-to-date: /px4_uxrce/new/px4-offboard_ws/install/mpc_msgs/include/mpc_msgs/mpc_msgs/srv
[0.507s] -- Up-to-date: /px4_uxrce/new/px4-offboard_ws/install/mpc_msgs/include/mpc_msgs/mpc_msgs/srv/detail
[0.507s] -- Up-to-date: /px4_uxrce/new/px4-offboard_ws/install/mpc_msgs/include/mpc_msgs/mpc_msgs/srv/detail/set_pose__rosidl_typesupport_introspection_c.h
[0.507s] -- Up-to-date: /px4_uxrce/new/px4-offboard_ws/install/mpc_msgs/include/mpc_msgs/mpc_msgs/srv/detail/set_pose__type_support.c
[0.507s] -- Up-to-date: /px4_uxrce/new/px4-offboard_ws/install/mpc_msgs/include/mpc_msgs/mpc_msgs/msg
[0.507s] -- Up-to-date: /px4_uxrce/new/px4-offboard_ws/install/mpc_msgs/include/mpc_msgs/mpc_msgs/msg/rosidl_typesupport_introspection_c__visibility_control.h
[0.507s] -- Up-to-date: /px4_uxrce/new/px4-offboard_ws/install/mpc_msgs/lib/libmpc_msgs__rosidl_typesupport_introspection_c.so
[0.508s] -- Up-to-date: /px4_uxrce/new/px4-offboard_ws/install/mpc_msgs/lib/libmpc_msgs__rosidl_typesupport_c.so
[0.508s] -- Up-to-date: /px4_uxrce/new/px4-offboard_ws/install/mpc_msgs/include/mpc_msgs/mpc_msgs
[0.508s] -- Up-to-date: /px4_uxrce/new/px4-offboard_ws/install/mpc_msgs/include/mpc_msgs/mpc_msgs/srv
[0.508s] -- Up-to-date: /px4_uxrce/new/px4-offboard_ws/install/mpc_msgs/include/mpc_msgs/mpc_msgs/srv/detail
[0.508s] -- Up-to-date: /px4_uxrce/new/px4-offboard_ws/install/mpc_msgs/include/mpc_msgs/mpc_msgs/srv/detail/set_pose__rosidl_typesupport_introspection_cpp.hpp
[0.508s] -- Up-to-date: /px4_uxrce/new/px4-offboard_ws/install/mpc_msgs/include/mpc_msgs/mpc_msgs/srv/detail/set_pose__type_support.cpp
[0.508s] -- Up-to-date: /px4_uxrce/new/px4-offboard_ws/install/mpc_msgs/lib/libmpc_msgs__rosidl_typesupport_introspection_cpp.so
[0.508s] -- Up-to-date: /px4_uxrce/new/px4-offboard_ws/install/mpc_msgs/lib/libmpc_msgs__rosidl_typesupport_cpp.so
[0.508s] -- Up-to-date: /px4_uxrce/new/px4-offboard_ws/install/mpc_msgs/share/mpc_msgs/environment/pythonpath.sh
[0.509s] -- Up-to-date: /px4_uxrce/new/px4-offboard_ws/install/mpc_msgs/share/mpc_msgs/environment/pythonpath.dsv
[0.509s] -- Up-to-date: /px4_uxrce/new/px4-offboard_ws/install/mpc_msgs/local/lib/python3.10/dist-packages/mpc_msgs-0.0.0-py3.10.egg-info
[0.509s] -- Installing: /px4_uxrce/new/px4-offboard_ws/install/mpc_msgs/local/lib/python3.10/dist-packages/mpc_msgs-0.0.0-py3.10.egg-info/dependency_links.txt
[0.509s] -- Installing: /px4_uxrce/new/px4-offboard_ws/install/mpc_msgs/local/lib/python3.10/dist-packages/mpc_msgs-0.0.0-py3.10.egg-info/top_level.txt
[0.509s] -- Installing: /px4_uxrce/new/px4-offboard_ws/install/mpc_msgs/local/lib/python3.10/dist-packages/mpc_msgs-0.0.0-py3.10.egg-info/PKG-INFO
[0.509s] -- Installing: /px4_uxrce/new/px4-offboard_ws/install/mpc_msgs/local/lib/python3.10/dist-packages/mpc_msgs-0.0.0-py3.10.egg-info/SOURCES.txt
[0.509s] -- Up-to-date: /px4_uxrce/new/px4-offboard_ws/install/mpc_msgs/local/lib/python3.10/dist-packages/mpc_msgs
[0.509s] -- Up-to-date: /px4_uxrce/new/px4-offboard_ws/install/mpc_msgs/local/lib/python3.10/dist-packages/mpc_msgs/libmpc_msgs__rosidl_generator_py.so
[0.509s] -- Up-to-date: /px4_uxrce/new/px4-offboard_ws/install/mpc_msgs/local/lib/python3.10/dist-packages/mpc_msgs/mpc_msgs_s__rosidl_typesupport_c.cpython-310-x86_64-linux-gnu.so
[0.509s] -- Up-to-date: /px4_uxrce/new/px4-offboard_ws/install/mpc_msgs/local/lib/python3.10/dist-packages/mpc_msgs/_mpc_msgs_s.ep.rosidl_typesupport_c.c
[0.510s] -- Up-to-date: /px4_uxrce/new/px4-offboard_ws/install/mpc_msgs/local/lib/python3.10/dist-packages/mpc_msgs/srv
[0.510s] -- Up-to-date: /px4_uxrce/new/px4-offboard_ws/install/mpc_msgs/local/lib/python3.10/dist-packages/mpc_msgs/srv/_set_pose_s.c
[0.510s] -- Up-to-date: /px4_uxrce/new/px4-offboard_ws/install/mpc_msgs/local/lib/python3.10/dist-packages/mpc_msgs/srv/_set_pose.py
[0.510s] -- Up-to-date: /px4_uxrce/new/px4-offboard_ws/install/mpc_msgs/local/lib/python3.10/dist-packages/mpc_msgs/srv/__init__.py
[0.510s] -- Up-to-date: /px4_uxrce/new/px4-offboard_ws/install/mpc_msgs/local/lib/python3.10/dist-packages/mpc_msgs/__init__.py
[0.510s] -- Up-to-date: /px4_uxrce/new/px4-offboard_ws/install/mpc_msgs/local/lib/python3.10/dist-packages/mpc_msgs/_mpc_msgs_s.ep.rosidl_typesupport_fastrtps_c.c
[0.510s] -- Up-to-date: /px4_uxrce/new/px4-offboard_ws/install/mpc_msgs/local/lib/python3.10/dist-packages/mpc_msgs/_mpc_msgs_s.ep.rosidl_typesupport_introspection_c.c
[0.510s] -- Up-to-date: /px4_uxrce/new/px4-offboard_ws/install/mpc_msgs/local/lib/python3.10/dist-packages/mpc_msgs/mpc_msgs_s__rosidl_typesupport_fastrtps_c.cpython-310-x86_64-linux-gnu.so
[0.510s] -- Up-to-date: /px4_uxrce/new/px4-offboard_ws/install/mpc_msgs/local/lib/python3.10/dist-packages/mpc_msgs/mpc_msgs_s__rosidl_typesupport_introspection_c.cpython-310-x86_64-linux-gnu.so
[0.560s] Listing '/px4_uxrce/new/px4-offboard_ws/install/mpc_msgs/local/lib/python3.10/dist-packages/mpc_msgs'...
[0.560s] Listing '/px4_uxrce/new/px4-offboard_ws/install/mpc_msgs/local/lib/python3.10/dist-packages/mpc_msgs/srv'...
[0.567s] -- Up-to-date: /px4_uxrce/new/px4-offboard_ws/install/mpc_msgs/local/lib/python3.10/dist-packages/mpc_msgs/mpc_msgs_s__rosidl_typesupport_fastrtps_c.cpython-310-x86_64-linux-gnu.so
[0.567s] -- Up-to-date: /px4_uxrce/new/px4-offboard_ws/install/mpc_msgs/local/lib/python3.10/dist-packages/mpc_msgs/mpc_msgs_s__rosidl_typesupport_introspection_c.cpython-310-x86_64-linux-gnu.so
[0.567s] -- Up-to-date: /px4_uxrce/new/px4-offboard_ws/install/mpc_msgs/local/lib/python3.10/dist-packages/mpc_msgs/mpc_msgs_s__rosidl_typesupport_c.cpython-310-x86_64-linux-gnu.so
[0.567s] -- Up-to-date: /px4_uxrce/new/px4-offboard_ws/install/mpc_msgs/lib/libmpc_msgs__rosidl_generator_py.so
[0.567s] -- Up-to-date: /px4_uxrce/new/px4-offboard_ws/install/mpc_msgs/share/mpc_msgs/srv/SetPose.idl
[0.567s] -- Up-to-date: /px4_uxrce/new/px4-offboard_ws/install/mpc_msgs/share/mpc_msgs/srv/SetPose.srv
[0.568s] -- Up-to-date: /px4_uxrce/new/px4-offboard_ws/install/mpc_msgs/share/mpc_msgs/srv/SetPose_Request.msg
[0.568s] -- Up-to-date: /px4_uxrce/new/px4-offboard_ws/install/mpc_msgs/share/mpc_msgs/srv/SetPose_Response.msg
[0.568s] -- Up-to-date: /px4_uxrce/new/px4-offboard_ws/install/mpc_msgs/share/ament_index/resource_index/package_run_dependencies/mpc_msgs
[0.568s] -- Up-to-date: /px4_uxrce/new/px4-offboard_ws/install/mpc_msgs/share/ament_index/resource_index/parent_prefix_path/mpc_msgs
[0.568s] -- Up-to-date: /px4_uxrce/new/px4-offboard_ws/install/mpc_msgs/share/mpc_msgs/environment/ament_prefix_path.sh
[0.568s] -- Up-to-date: /px4_uxrce/new/px4-offboard_ws/install/mpc_msgs/share/mpc_msgs/environment/ament_prefix_path.dsv
[0.568s] -- Up-to-date: /px4_uxrce/new/px4-offboard_ws/install/mpc_msgs/share/mpc_msgs/environment/path.sh
[0.568s] -- Up-to-date: /px4_uxrce/new/px4-offboard_ws/install/mpc_msgs/share/mpc_msgs/environment/path.dsv
[0.568s] -- Up-to-date: /px4_uxrce/new/px4-offboard_ws/install/mpc_msgs/share/mpc_msgs/local_setup.bash
[0.568s] -- Up-to-date: /px4_uxrce/new/px4-offboard_ws/install/mpc_msgs/share/mpc_msgs/local_setup.sh
[0.568s] -- Up-to-date: /px4_uxrce/new/px4-offboard_ws/install/mpc_msgs/share/mpc_msgs/local_setup.zsh
[0.568s] -- Up-to-date: /px4_uxrce/new/px4-offboard_ws/install/mpc_msgs/share/mpc_msgs/local_setup.dsv
[0.568s] -- Installing: /px4_uxrce/new/px4-offboard_ws/install/mpc_msgs/share/mpc_msgs/package.dsv
[0.569s] -- Up-to-date: /px4_uxrce/new/px4-offboard_ws/install/mpc_msgs/share/ament_index/resource_index/packages/mpc_msgs
[0.569s] -- Up-to-date: /px4_uxrce/new/px4-offboard_ws/install/mpc_msgs/share/mpc_msgs/cmake/export_mpc_msgs__rosidl_generator_cExport.cmake
[0.569s] -- Up-to-date: /px4_uxrce/new/px4-offboard_ws/install/mpc_msgs/share/mpc_msgs/cmake/export_mpc_msgs__rosidl_generator_cExport-noconfig.cmake
[0.569s] -- Up-to-date: /px4_uxrce/new/px4-offboard_ws/install/mpc_msgs/share/mpc_msgs/cmake/export_mpc_msgs__rosidl_typesupport_fastrtps_cExport.cmake
[0.569s] -- Up-to-date: /px4_uxrce/new/px4-offboard_ws/install/mpc_msgs/share/mpc_msgs/cmake/export_mpc_msgs__rosidl_typesupport_fastrtps_cExport-noconfig.cmake
[0.569s] -- Up-to-date: /px4_uxrce/new/px4-offboard_ws/install/mpc_msgs/share/mpc_msgs/cmake/export_mpc_msgs__rosidl_generator_cppExport.cmake
[0.571s] -- Up-to-date: /px4_uxrce/new/px4-offboard_ws/install/mpc_msgs/share/mpc_msgs/cmake/export_mpc_msgs__rosidl_typesupport_fastrtps_cppExport.cmake
[0.571s] -- Up-to-date: /px4_uxrce/new/px4-offboard_ws/install/mpc_msgs/share/mpc_msgs/cmake/export_mpc_msgs__rosidl_typesupport_fastrtps_cppExport-noconfig.cmake
[0.571s] -- Up-to-date: /px4_uxrce/new/px4-offboard_ws/install/mpc_msgs/share/mpc_msgs/cmake/mpc_msgs__rosidl_typesupport_introspection_cExport.cmake
[0.576s] -- Up-to-date: /px4_uxrce/new/px4-offboard_ws/install/mpc_msgs/share/mpc_msgs/cmake/mpc_msgs__rosidl_typesupport_introspection_cExport-noconfig.cmake
[0.576s] -- Up-to-date: /px4_uxrce/new/px4-offboard_ws/install/mpc_msgs/share/mpc_msgs/cmake/mpc_msgs__rosidl_typesupport_cExport.cmake
[0.576s] -- Up-to-date: /px4_uxrce/new/px4-offboard_ws/install/mpc_msgs/share/mpc_msgs/cmake/mpc_msgs__rosidl_typesupport_cExport-noconfig.cmake
[0.577s] -- Up-to-date: /px4_uxrce/new/px4-offboard_ws/install/mpc_msgs/share/mpc_msgs/cmake/mpc_msgs__rosidl_typesupport_introspection_cppExport.cmake
[0.577s] -- Up-to-date: /px4_uxrce/new/px4-offboard_ws/install/mpc_msgs/share/mpc_msgs/cmake/mpc_msgs__rosidl_typesupport_introspection_cppExport-noconfig.cmake
[0.577s] -- Up-to-date: /px4_uxrce/new/px4-offboard_ws/install/mpc_msgs/share/mpc_msgs/cmake/mpc_msgs__rosidl_typesupport_cppExport.cmake
[0.577s] -- Up-to-date: /px4_uxrce/new/px4-offboard_ws/install/mpc_msgs/share/mpc_msgs/cmake/mpc_msgs__rosidl_typesupport_cppExport-noconfig.cmake
[0.577s] -- Up-to-date: /px4_uxrce/new/px4-offboard_ws/install/mpc_msgs/share/mpc_msgs/cmake/export_mpc_msgs__rosidl_generator_pyExport.cmake
[0.577s] -- Up-to-date: /px4_uxrce/new/px4-offboard_ws/install/mpc_msgs/share/mpc_msgs/cmake/export_mpc_msgs__rosidl_generator_pyExport-noconfig.cmake
[0.577s] -- Up-to-date: /px4_uxrce/new/px4-offboard_ws/install/mpc_msgs/share/mpc_msgs/cmake/rosidl_cmake-extras.cmake
[0.577s] -- Up-to-date: /px4_uxrce/new/px4-offboard_ws/install/mpc_msgs/share/mpc_msgs/cmake/ament_cmake_export_dependencies-extras.cmake
[0.577s] -- Up-to-date: /px4_uxrce/new/px4-offboard_ws/install/mpc_msgs/share/mpc_msgs/cmake/ament_cmake_export_include_directories-extras.cmake
[0.577s] -- Up-to-date: /px4_uxrce/new/px4-offboard_ws/install/mpc_msgs/share/mpc_msgs/cmake/ament_cmake_export_libraries-extras.cmake
[0.577s] -- Up-to-date: /px4_uxrce/new/px4-offboard_ws/install/mpc_msgs/share/mpc_msgs/cmake/ament_cmake_export_targets-extras.cmake
[0.577s] -- Up-to-date: /px4_uxrce/new/px4-offboard_ws/install/mpc_msgs/share/mpc_msgs/cmake/rosidl_cmake_export_typesupport_targets-extras.cmake
[0.578s] -- Up-to-date: /px4_uxrce/new/px4-offboard_ws/install/mpc_msgs/share/mpc_msgs/cmake/rosidl_cmake_export_typesupport_libraries-extras.cmake
[0.578s] -- Up-to-date: /px4_uxrce/new/px4-offboard_ws/install/mpc_msgs/share/mpc_msgs/cmake/mpc_msgsConfig.cmake
[0.578s] -- Up-to-date: /px4_uxrce/new/px4-offboard_ws/install/mpc_msgs/share/mpc_msgs/cmake/mpc_msgsConfig-version.cmake
[0.578s] -- Up-to-date: /px4_uxrce/new/px4-offboard_ws/install/mpc_msgs/share/mpc_msgs/package.xml
[0.579s] Invoked command in '/px4_uxrce/new/px4-offboard_ws/build/mpc_msgs' returned '0': CMAKE_PREFIX_PATH=${CMAKE_PREFIX_PATH}:/px4_uxrce/new/px4-offboard_ws/install/px4_mpc:/px4_uxrce/new/px4-offboard_ws/install/px4_offboard:/opt/ros/humble /usr/bin/cmake --install /px4_uxrce/new/px4-offboard_ws/build/mpc_msgs
