[0.184s] DEBUG:colcon:Command line arguments: ['/usr/bin/colcon', 'build']
[0.184s] DEBUG:colcon:Parsed command line arguments: Namespace(log_base=None, log_level=None, verb_name='build', build_base='build', install_base='install', merge_install=False, symlink_install=False, test_result_base=None, continue_on_error=False, executor='parallel', parallel_workers=12, event_handlers=None, ignore_user_meta=False, metas=['./colcon.meta'], base_paths=['.'], packages_ignore=None, packages_ignore_regex=None, paths=None, packages_up_to=None, packages_up_to_regex=None, packages_above=None, packages_above_and_dependencies=None, packages_above_depth=None, packages_select_by_dep=None, packages_skip_by_dep=None, packages_skip_up_to=None, packages_select_build_failed=False, packages_skip_build_finished=False, packages_select_test_failures=False, packages_skip_test_passed=False, packages_select=None, packages_skip=None, packages_select_regex=None, packages_skip_regex=None, packages_start=None, packages_end=None, cmake_args=None, cmake_target=None, cmake_target_skip_unavailable=False, cmake_clean_cache=False, cmake_clean_first=False, cmake_force_configure=False, ament_cmake_args=None, catkin_cmake_args=None, catkin_skip_building_tests=False, mixin_files=None, mixin=None, verb_parser=<colcon_mixin.mixin.mixin_argument.MixinArgumentDecorator object at 0x7f0bdb4304c0>, verb_extension=<colcon_core.verb.build.BuildVerb object at 0x7f0bdb40be80>, main=<bound method BuildVerb.main of <colcon_core.verb.build.BuildVerb object at 0x7f0bdb40be80>>, mixin_verb=('build',))
[0.390s] Level 1:colcon.colcon_core.package_discovery:discover_packages(colcon_meta) check parameters
[0.391s] INFO:colcon.colcon_metadata.package_discovery.colcon_meta:Using configuration from '/root/.colcon/metadata/default/Gazebo.meta'
[0.391s] INFO:colcon.colcon_metadata.package_discovery.colcon_meta:Using configuration from '/root/.colcon/metadata/default/fastrtps.meta'
[0.391s] Level 1:colcon.colcon_core.package_discovery:discover_packages(recursive) check parameters
[0.391s] Level 1:colcon.colcon_core.package_discovery:discover_packages(ignore) check parameters
[0.391s] Level 1:colcon.colcon_core.package_discovery:discover_packages(path) check parameters
[0.391s] Level 1:colcon.colcon_core.package_discovery:discover_packages(colcon_meta) discover
[0.391s] Level 1:colcon.colcon_core.package_discovery:discover_packages(recursive) discover
[0.392s] INFO:colcon.colcon_core.package_discovery:Crawling recursively for packages in '/px4_uxrce/new/px4-offboard_ws'
[0.392s] Level 1:colcon.colcon_core.package_identification:_identify(.) by extensions ['ignore', 'ignore_ament_install']
[0.392s] Level 1:colcon.colcon_core.package_identification:_identify(.) by extension 'ignore'
[0.392s] Level 1:colcon.colcon_core.package_identification:_identify(.) by extension 'ignore_ament_install'
[0.392s] Level 1:colcon.colcon_core.package_identification:_identify(.) by extensions ['colcon_pkg']
[0.392s] Level 1:colcon.colcon_core.package_identification:_identify(.) by extension 'colcon_pkg'
[0.392s] Level 1:colcon.colcon_core.package_identification:_identify(.) by extensions ['colcon_meta']
[0.392s] Level 1:colcon.colcon_core.package_identification:_identify(.) by extension 'colcon_meta'
[0.392s] Level 1:colcon.colcon_core.package_identification:_identify(.) by extensions ['ros']
[0.392s] Level 1:colcon.colcon_core.package_identification:_identify(.) by extension 'ros'
[0.425s] Level 1:colcon.colcon_core.package_identification:_identify(.) by extensions ['cmake', 'python']
[0.425s] Level 1:colcon.colcon_core.package_identification:_identify(.) by extension 'cmake'
[0.425s] Level 1:colcon.colcon_core.package_identification:_identify(.) by extension 'python'
[0.425s] Level 1:colcon.colcon_core.package_identification:_identify(.) by extensions ['python_setup_py']
[0.425s] Level 1:colcon.colcon_core.package_identification:_identify(.) by extension 'python_setup_py'
[0.425s] Level 1:colcon.colcon_core.package_identification:_identify(build) by extensions ['ignore', 'ignore_ament_install']
[0.425s] Level 1:colcon.colcon_core.package_identification:_identify(build) by extension 'ignore'
[0.425s] Level 1:colcon.colcon_core.package_identification:_identify(build) ignored
[0.425s] Level 1:colcon.colcon_core.package_identification:_identify(c_generated_code) by extensions ['ignore', 'ignore_ament_install']
[0.425s] Level 1:colcon.colcon_core.package_identification:_identify(c_generated_code) by extension 'ignore'
[0.426s] Level 1:colcon.colcon_core.package_identification:_identify(c_generated_code) by extension 'ignore_ament_install'
[0.426s] Level 1:colcon.colcon_core.package_identification:_identify(c_generated_code) by extensions ['colcon_pkg']
[0.426s] Level 1:colcon.colcon_core.package_identification:_identify(c_generated_code) by extension 'colcon_pkg'
[0.426s] Level 1:colcon.colcon_core.package_identification:_identify(c_generated_code) by extensions ['colcon_meta']
[0.426s] Level 1:colcon.colcon_core.package_identification:_identify(c_generated_code) by extension 'colcon_meta'
[0.426s] Level 1:colcon.colcon_core.package_identification:_identify(c_generated_code) by extensions ['ros']
[0.426s] Level 1:colcon.colcon_core.package_identification:_identify(c_generated_code) by extension 'ros'
[0.426s] Level 1:colcon.colcon_core.package_identification:_identify(c_generated_code) by extensions ['cmake', 'python']
[0.426s] Level 1:colcon.colcon_core.package_identification:_identify(c_generated_code) by extension 'cmake'
[0.426s] Level 1:colcon.colcon_core.package_identification:_identify(c_generated_code) by extension 'python'
[0.426s] Level 1:colcon.colcon_core.package_identification:_identify(c_generated_code) by extensions ['python_setup_py']
[0.426s] Level 1:colcon.colcon_core.package_identification:_identify(c_generated_code) by extension 'python_setup_py'
[0.426s] Level 1:colcon.colcon_core.package_identification:_identify(c_generated_code/multirotor_rate_model_cost) by extensions ['ignore', 'ignore_ament_install']
[0.426s] Level 1:colcon.colcon_core.package_identification:_identify(c_generated_code/multirotor_rate_model_cost) by extension 'ignore'
[0.426s] Level 1:colcon.colcon_core.package_identification:_identify(c_generated_code/multirotor_rate_model_cost) by extension 'ignore_ament_install'
[0.426s] Level 1:colcon.colcon_core.package_identification:_identify(c_generated_code/multirotor_rate_model_cost) by extensions ['colcon_pkg']
[0.426s] Level 1:colcon.colcon_core.package_identification:_identify(c_generated_code/multirotor_rate_model_cost) by extension 'colcon_pkg'
[0.426s] Level 1:colcon.colcon_core.package_identification:_identify(c_generated_code/multirotor_rate_model_cost) by extensions ['colcon_meta']
[0.427s] Level 1:colcon.colcon_core.package_identification:_identify(c_generated_code/multirotor_rate_model_cost) by extension 'colcon_meta'
[0.427s] Level 1:colcon.colcon_core.package_identification:_identify(c_generated_code/multirotor_rate_model_cost) by extensions ['ros']
[0.427s] Level 1:colcon.colcon_core.package_identification:_identify(c_generated_code/multirotor_rate_model_cost) by extension 'ros'
[0.427s] Level 1:colcon.colcon_core.package_identification:_identify(c_generated_code/multirotor_rate_model_cost) by extensions ['cmake', 'python']
[0.427s] Level 1:colcon.colcon_core.package_identification:_identify(c_generated_code/multirotor_rate_model_cost) by extension 'cmake'
[0.427s] Level 1:colcon.colcon_core.package_identification:_identify(c_generated_code/multirotor_rate_model_cost) by extension 'python'
[0.427s] Level 1:colcon.colcon_core.package_identification:_identify(c_generated_code/multirotor_rate_model_cost) by extensions ['python_setup_py']
[0.427s] Level 1:colcon.colcon_core.package_identification:_identify(c_generated_code/multirotor_rate_model_cost) by extension 'python_setup_py'
[0.427s] Level 1:colcon.colcon_core.package_identification:_identify(c_generated_code/multirotor_rate_model_model) by extensions ['ignore', 'ignore_ament_install']
[0.427s] Level 1:colcon.colcon_core.package_identification:_identify(c_generated_code/multirotor_rate_model_model) by extension 'ignore'
[0.427s] Level 1:colcon.colcon_core.package_identification:_identify(c_generated_code/multirotor_rate_model_model) by extension 'ignore_ament_install'
[0.427s] Level 1:colcon.colcon_core.package_identification:_identify(c_generated_code/multirotor_rate_model_model) by extensions ['colcon_pkg']
[0.427s] Level 1:colcon.colcon_core.package_identification:_identify(c_generated_code/multirotor_rate_model_model) by extension 'colcon_pkg'
[0.427s] Level 1:colcon.colcon_core.package_identification:_identify(c_generated_code/multirotor_rate_model_model) by extensions ['colcon_meta']
[0.427s] Level 1:colcon.colcon_core.package_identification:_identify(c_generated_code/multirotor_rate_model_model) by extension 'colcon_meta'
[0.427s] Level 1:colcon.colcon_core.package_identification:_identify(c_generated_code/multirotor_rate_model_model) by extensions ['ros']
[0.427s] Level 1:colcon.colcon_core.package_identification:_identify(c_generated_code/multirotor_rate_model_model) by extension 'ros'
[0.427s] Level 1:colcon.colcon_core.package_identification:_identify(c_generated_code/multirotor_rate_model_model) by extensions ['cmake', 'python']
[0.428s] Level 1:colcon.colcon_core.package_identification:_identify(c_generated_code/multirotor_rate_model_model) by extension 'cmake'
[0.428s] Level 1:colcon.colcon_core.package_identification:_identify(c_generated_code/multirotor_rate_model_model) by extension 'python'
[0.428s] Level 1:colcon.colcon_core.package_identification:_identify(c_generated_code/multirotor_rate_model_model) by extensions ['python_setup_py']
[0.428s] Level 1:colcon.colcon_core.package_identification:_identify(c_generated_code/multirotor_rate_model_model) by extension 'python_setup_py'
[0.428s] Level 1:colcon.colcon_core.package_identification:_identify(install) by extensions ['ignore', 'ignore_ament_install']
[0.428s] Level 1:colcon.colcon_core.package_identification:_identify(install) by extension 'ignore'
[0.428s] Level 1:colcon.colcon_core.package_identification:_identify(install) ignored
[0.428s] Level 1:colcon.colcon_core.package_identification:_identify(log) by extensions ['ignore', 'ignore_ament_install']
[0.428s] Level 1:colcon.colcon_core.package_identification:_identify(log) by extension 'ignore'
[0.428s] Level 1:colcon.colcon_core.package_identification:_identify(log) ignored
[0.428s] Level 1:colcon.colcon_core.package_identification:_identify(src) by extensions ['ignore', 'ignore_ament_install']
[0.428s] Level 1:colcon.colcon_core.package_identification:_identify(src) by extension 'ignore'
[0.428s] Level 1:colcon.colcon_core.package_identification:_identify(src) by extension 'ignore_ament_install'
[0.428s] Level 1:colcon.colcon_core.package_identification:_identify(src) by extensions ['colcon_pkg']
[0.428s] Level 1:colcon.colcon_core.package_identification:_identify(src) by extension 'colcon_pkg'
[0.429s] Level 1:colcon.colcon_core.package_identification:_identify(src) by extensions ['colcon_meta']
[0.429s] Level 1:colcon.colcon_core.package_identification:_identify(src) by extension 'colcon_meta'
[0.429s] Level 1:colcon.colcon_core.package_identification:_identify(src) by extensions ['ros']
[0.429s] Level 1:colcon.colcon_core.package_identification:_identify(src) by extension 'ros'
[0.429s] Level 1:colcon.colcon_core.package_identification:_identify(src) by extensions ['cmake', 'python']
[0.429s] Level 1:colcon.colcon_core.package_identification:_identify(src) by extension 'cmake'
[0.429s] Level 1:colcon.colcon_core.package_identification:_identify(src) by extension 'python'
[0.429s] Level 1:colcon.colcon_core.package_identification:_identify(src) by extensions ['python_setup_py']
[0.429s] Level 1:colcon.colcon_core.package_identification:_identify(src) by extension 'python_setup_py'
[0.429s] Level 1:colcon.colcon_core.package_identification:_identify(src/px4-mpc) by extensions ['ignore', 'ignore_ament_install']
[0.429s] Level 1:colcon.colcon_core.package_identification:_identify(src/px4-mpc) by extension 'ignore'
[0.429s] Level 1:colcon.colcon_core.package_identification:_identify(src/px4-mpc) by extension 'ignore_ament_install'
[0.429s] Level 1:colcon.colcon_core.package_identification:_identify(src/px4-mpc) by extensions ['colcon_pkg']
[0.429s] Level 1:colcon.colcon_core.package_identification:_identify(src/px4-mpc) by extension 'colcon_pkg'
[0.429s] Level 1:colcon.colcon_core.package_identification:_identify(src/px4-mpc) by extensions ['colcon_meta']
[0.429s] Level 1:colcon.colcon_core.package_identification:_identify(src/px4-mpc) by extension 'colcon_meta'
[0.429s] Level 1:colcon.colcon_core.package_identification:_identify(src/px4-mpc) by extensions ['ros']
[0.429s] Level 1:colcon.colcon_core.package_identification:_identify(src/px4-mpc) by extension 'ros'
[0.430s] Level 1:colcon.colcon_core.package_identification:_identify(src/px4-mpc) by extensions ['cmake', 'python']
[0.430s] Level 1:colcon.colcon_core.package_identification:_identify(src/px4-mpc) by extension 'cmake'
[0.430s] Level 1:colcon.colcon_core.package_identification:_identify(src/px4-mpc) by extension 'python'
[0.430s] Level 1:colcon.colcon_core.package_identification:_identify(src/px4-mpc) by extensions ['python_setup_py']
[0.430s] Level 1:colcon.colcon_core.package_identification:_identify(src/px4-mpc) by extension 'python_setup_py'
[0.430s] Level 1:colcon.colcon_core.package_identification:_identify(src/px4-mpc/mpc_msgs) by extensions ['ignore', 'ignore_ament_install']
[0.430s] Level 1:colcon.colcon_core.package_identification:_identify(src/px4-mpc/mpc_msgs) by extension 'ignore'
[0.430s] Level 1:colcon.colcon_core.package_identification:_identify(src/px4-mpc/mpc_msgs) by extension 'ignore_ament_install'
[0.430s] Level 1:colcon.colcon_core.package_identification:_identify(src/px4-mpc/mpc_msgs) by extensions ['colcon_pkg']
[0.430s] Level 1:colcon.colcon_core.package_identification:_identify(src/px4-mpc/mpc_msgs) by extension 'colcon_pkg'
[0.430s] Level 1:colcon.colcon_core.package_identification:_identify(src/px4-mpc/mpc_msgs) by extensions ['colcon_meta']
[0.430s] Level 1:colcon.colcon_core.package_identification:_identify(src/px4-mpc/mpc_msgs) by extension 'colcon_meta'
[0.430s] Level 1:colcon.colcon_core.package_identification:_identify(src/px4-mpc/mpc_msgs) by extensions ['ros']
[0.430s] Level 1:colcon.colcon_core.package_identification:_identify(src/px4-mpc/mpc_msgs) by extension 'ros'
[0.433s] DEBUG:colcon.colcon_core.package_identification:Package 'src/px4-mpc/mpc_msgs' with type 'ros.ament_cmake' and name 'mpc_msgs'
[0.433s] Level 1:colcon.colcon_core.package_identification:_identify(src/px4-mpc/px4_mpc) by extensions ['ignore', 'ignore_ament_install']
[0.433s] Level 1:colcon.colcon_core.package_identification:_identify(src/px4-mpc/px4_mpc) by extension 'ignore'
[0.433s] Level 1:colcon.colcon_core.package_identification:_identify(src/px4-mpc/px4_mpc) by extension 'ignore_ament_install'
[0.433s] Level 1:colcon.colcon_core.package_identification:_identify(src/px4-mpc/px4_mpc) by extensions ['colcon_pkg']
[0.433s] Level 1:colcon.colcon_core.package_identification:_identify(src/px4-mpc/px4_mpc) by extension 'colcon_pkg'
[0.433s] Level 1:colcon.colcon_core.package_identification:_identify(src/px4-mpc/px4_mpc) by extensions ['colcon_meta']
[0.433s] Level 1:colcon.colcon_core.package_identification:_identify(src/px4-mpc/px4_mpc) by extension 'colcon_meta'
[0.433s] Level 1:colcon.colcon_core.package_identification:_identify(src/px4-mpc/px4_mpc) by extensions ['ros']
[0.433s] Level 1:colcon.colcon_core.package_identification:_identify(src/px4-mpc/px4_mpc) by extension 'ros'
[0.434s] DEBUG:colcon.colcon_core.package_identification:Package 'src/px4-mpc/px4_mpc' with type 'ros.ament_python' and name 'px4_mpc'
[0.434s] Level 1:colcon.colcon_core.package_identification:_identify(src/px4-offboard) by extensions ['ignore', 'ignore_ament_install']
[0.434s] Level 1:colcon.colcon_core.package_identification:_identify(src/px4-offboard) by extension 'ignore'
[0.434s] Level 1:colcon.colcon_core.package_identification:_identify(src/px4-offboard) by extension 'ignore_ament_install'
[0.434s] Level 1:colcon.colcon_core.package_identification:_identify(src/px4-offboard) by extensions ['colcon_pkg']
[0.434s] Level 1:colcon.colcon_core.package_identification:_identify(src/px4-offboard) by extension 'colcon_pkg'
[0.434s] Level 1:colcon.colcon_core.package_identification:_identify(src/px4-offboard) by extensions ['colcon_meta']
[0.434s] Level 1:colcon.colcon_core.package_identification:_identify(src/px4-offboard) by extension 'colcon_meta'
[0.435s] Level 1:colcon.colcon_core.package_identification:_identify(src/px4-offboard) by extensions ['ros']
[0.435s] Level 1:colcon.colcon_core.package_identification:_identify(src/px4-offboard) by extension 'ros'
[0.435s] DEBUG:colcon.colcon_core.package_identification:Package 'src/px4-offboard' with type 'ros.ament_python' and name 'px4_offboard'
[0.435s] Level 1:colcon.colcon_core.package_identification:_identify(src/px4_msgs) by extensions ['ignore', 'ignore_ament_install']
[0.435s] Level 1:colcon.colcon_core.package_identification:_identify(src/px4_msgs) by extension 'ignore'
[0.435s] Level 1:colcon.colcon_core.package_identification:_identify(src/px4_msgs) by extension 'ignore_ament_install'
[0.435s] Level 1:colcon.colcon_core.package_identification:_identify(src/px4_msgs) by extensions ['colcon_pkg']
[0.435s] Level 1:colcon.colcon_core.package_identification:_identify(src/px4_msgs) by extension 'colcon_pkg'
[0.436s] Level 1:colcon.colcon_core.package_identification:_identify(src/px4_msgs) by extensions ['colcon_meta']
[0.436s] Level 1:colcon.colcon_core.package_identification:_identify(src/px4_msgs) by extension 'colcon_meta'
[0.436s] Level 1:colcon.colcon_core.package_identification:_identify(src/px4_msgs) by extensions ['ros']
[0.436s] Level 1:colcon.colcon_core.package_identification:_identify(src/px4_msgs) by extension 'ros'
[0.436s] DEBUG:colcon.colcon_core.package_identification:Package 'src/px4_msgs' with type 'ros.ament_cmake' and name 'px4_msgs'
[0.436s] Level 1:colcon.colcon_core.package_discovery:discover_packages(recursive) using defaults
[0.436s] Level 1:colcon.colcon_core.package_discovery:discover_packages(ignore) discover
[0.436s] Level 1:colcon.colcon_core.package_discovery:discover_packages(ignore) using defaults
[0.437s] Level 1:colcon.colcon_core.package_discovery:discover_packages(path) discover
[0.437s] Level 1:colcon.colcon_core.package_discovery:discover_packages(path) using defaults
[0.456s] Level 5:colcon.colcon_core.verb:set package 'mpc_msgs' build argument 'cmake_args' from command line to 'None'
[0.456s] Level 5:colcon.colcon_core.verb:set package 'mpc_msgs' build argument 'cmake_target' from command line to 'None'
[0.456s] Level 5:colcon.colcon_core.verb:set package 'mpc_msgs' build argument 'cmake_target_skip_unavailable' from command line to 'False'
[0.456s] Level 5:colcon.colcon_core.verb:set package 'mpc_msgs' build argument 'cmake_clean_cache' from command line to 'False'
[0.456s] Level 5:colcon.colcon_core.verb:set package 'mpc_msgs' build argument 'cmake_clean_first' from command line to 'False'
[0.456s] Level 5:colcon.colcon_core.verb:set package 'mpc_msgs' build argument 'cmake_force_configure' from command line to 'False'
[0.456s] Level 5:colcon.colcon_core.verb:set package 'mpc_msgs' build argument 'ament_cmake_args' from command line to 'None'
[0.456s] Level 5:colcon.colcon_core.verb:set package 'mpc_msgs' build argument 'catkin_cmake_args' from command line to 'None'
[0.456s] Level 5:colcon.colcon_core.verb:set package 'mpc_msgs' build argument 'catkin_skip_building_tests' from command line to 'False'
[0.456s] DEBUG:colcon.colcon_core.verb:Building package 'mpc_msgs' with the following arguments: {'ament_cmake_args': None, 'build_base': '/px4_uxrce/new/px4-offboard_ws/build/mpc_msgs', 'catkin_cmake_args': None, 'catkin_skip_building_tests': False, 'cmake_args': None, 'cmake_clean_cache': False, 'cmake_clean_first': False, 'cmake_force_configure': False, 'cmake_target': None, 'cmake_target_skip_unavailable': False, 'install_base': '/px4_uxrce/new/px4-offboard_ws/install/mpc_msgs', 'merge_install': False, 'path': '/px4_uxrce/new/px4-offboard_ws/src/px4-mpc/mpc_msgs', 'symlink_install': False, 'test_result_base': None}
[0.457s] Level 5:colcon.colcon_core.verb:set package 'px4_msgs' build argument 'cmake_args' from command line to 'None'
[0.457s] Level 5:colcon.colcon_core.verb:set package 'px4_msgs' build argument 'cmake_target' from command line to 'None'
[0.457s] Level 5:colcon.colcon_core.verb:set package 'px4_msgs' build argument 'cmake_target_skip_unavailable' from command line to 'False'
[0.457s] Level 5:colcon.colcon_core.verb:set package 'px4_msgs' build argument 'cmake_clean_cache' from command line to 'False'
[0.457s] Level 5:colcon.colcon_core.verb:set package 'px4_msgs' build argument 'cmake_clean_first' from command line to 'False'
[0.457s] Level 5:colcon.colcon_core.verb:set package 'px4_msgs' build argument 'cmake_force_configure' from command line to 'False'
[0.457s] Level 5:colcon.colcon_core.verb:set package 'px4_msgs' build argument 'ament_cmake_args' from command line to 'None'
[0.457s] Level 5:colcon.colcon_core.verb:set package 'px4_msgs' build argument 'catkin_cmake_args' from command line to 'None'
[0.457s] Level 5:colcon.colcon_core.verb:set package 'px4_msgs' build argument 'catkin_skip_building_tests' from command line to 'False'
[0.457s] DEBUG:colcon.colcon_core.verb:Building package 'px4_msgs' with the following arguments: {'ament_cmake_args': None, 'build_base': '/px4_uxrce/new/px4-offboard_ws/build/px4_msgs', 'catkin_cmake_args': None, 'catkin_skip_building_tests': False, 'cmake_args': None, 'cmake_clean_cache': False, 'cmake_clean_first': False, 'cmake_force_configure': False, 'cmake_target': None, 'cmake_target_skip_unavailable': False, 'install_base': '/px4_uxrce/new/px4-offboard_ws/install/px4_msgs', 'merge_install': False, 'path': '/px4_uxrce/new/px4-offboard_ws/src/px4_msgs', 'symlink_install': False, 'test_result_base': None}
[0.457s] Level 5:colcon.colcon_core.verb:set package 'px4_offboard' build argument 'cmake_args' from command line to 'None'
[0.457s] Level 5:colcon.colcon_core.verb:set package 'px4_offboard' build argument 'cmake_target' from command line to 'None'
[0.457s] Level 5:colcon.colcon_core.verb:set package 'px4_offboard' build argument 'cmake_target_skip_unavailable' from command line to 'False'
[0.457s] Level 5:colcon.colcon_core.verb:set package 'px4_offboard' build argument 'cmake_clean_cache' from command line to 'False'
[0.457s] Level 5:colcon.colcon_core.verb:set package 'px4_offboard' build argument 'cmake_clean_first' from command line to 'False'
[0.457s] Level 5:colcon.colcon_core.verb:set package 'px4_offboard' build argument 'cmake_force_configure' from command line to 'False'
[0.458s] Level 5:colcon.colcon_core.verb:set package 'px4_offboard' build argument 'ament_cmake_args' from command line to 'None'
[0.458s] Level 5:colcon.colcon_core.verb:set package 'px4_offboard' build argument 'catkin_cmake_args' from command line to 'None'
[0.458s] Level 5:colcon.colcon_core.verb:set package 'px4_offboard' build argument 'catkin_skip_building_tests' from command line to 'False'
[0.458s] DEBUG:colcon.colcon_core.verb:Building package 'px4_offboard' with the following arguments: {'ament_cmake_args': None, 'build_base': '/px4_uxrce/new/px4-offboard_ws/build/px4_offboard', 'catkin_cmake_args': None, 'catkin_skip_building_tests': False, 'cmake_args': None, 'cmake_clean_cache': False, 'cmake_clean_first': False, 'cmake_force_configure': False, 'cmake_target': None, 'cmake_target_skip_unavailable': False, 'install_base': '/px4_uxrce/new/px4-offboard_ws/install/px4_offboard', 'merge_install': False, 'path': '/px4_uxrce/new/px4-offboard_ws/src/px4-offboard', 'symlink_install': False, 'test_result_base': None}
[0.458s] Level 5:colcon.colcon_core.verb:set package 'px4_mpc' build argument 'cmake_args' from command line to 'None'
[0.458s] Level 5:colcon.colcon_core.verb:set package 'px4_mpc' build argument 'cmake_target' from command line to 'None'
[0.458s] Level 5:colcon.colcon_core.verb:set package 'px4_mpc' build argument 'cmake_target_skip_unavailable' from command line to 'False'
[0.458s] Level 5:colcon.colcon_core.verb:set package 'px4_mpc' build argument 'cmake_clean_cache' from command line to 'False'
[0.458s] Level 5:colcon.colcon_core.verb:set package 'px4_mpc' build argument 'cmake_clean_first' from command line to 'False'
[0.458s] Level 5:colcon.colcon_core.verb:set package 'px4_mpc' build argument 'cmake_force_configure' from command line to 'False'
[0.458s] Level 5:colcon.colcon_core.verb:set package 'px4_mpc' build argument 'ament_cmake_args' from command line to 'None'
[0.458s] Level 5:colcon.colcon_core.verb:set package 'px4_mpc' build argument 'catkin_cmake_args' from command line to 'None'
[0.458s] Level 5:colcon.colcon_core.verb:set package 'px4_mpc' build argument 'catkin_skip_building_tests' from command line to 'False'
[0.458s] DEBUG:colcon.colcon_core.verb:Building package 'px4_mpc' with the following arguments: {'ament_cmake_args': None, 'build_base': '/px4_uxrce/new/px4-offboard_ws/build/px4_mpc', 'catkin_cmake_args': None, 'catkin_skip_building_tests': False, 'cmake_args': None, 'cmake_clean_cache': False, 'cmake_clean_first': False, 'cmake_force_configure': False, 'cmake_target': None, 'cmake_target_skip_unavailable': False, 'install_base': '/px4_uxrce/new/px4-offboard_ws/install/px4_mpc', 'merge_install': False, 'path': '/px4_uxrce/new/px4-offboard_ws/src/px4-mpc/px4_mpc', 'symlink_install': False, 'test_result_base': None}
[0.458s] INFO:colcon.colcon_core.executor:Executing jobs using 'parallel' executor
[0.459s] DEBUG:colcon.colcon_parallel_executor.executor.parallel:run_until_complete
[0.459s] INFO:colcon.colcon_ros.task.ament_cmake.build:Building ROS package in '/px4_uxrce/new/px4-offboard_ws/src/px4_msgs' with build type 'ament_cmake'
[0.460s] INFO:colcon.colcon_cmake.task.cmake.build:Building CMake package in '/px4_uxrce/new/px4-offboard_ws/src/px4_msgs'
[0.461s] INFO:colcon.colcon_core.plugin_system:Skipping extension 'colcon_core.shell.bat': Not used on non-Windows systems
[0.462s] INFO:colcon.colcon_core.shell:Skip shell extension 'powershell' for command environment: Not usable outside of PowerShell
[0.462s] DEBUG:colcon.colcon_core.shell:Skip shell extension 'dsv' for command environment
[0.467s] INFO:colcon.colcon_ros.task.ament_cmake.build:Building ROS package in '/px4_uxrce/new/px4-offboard_ws/src/px4-mpc/mpc_msgs' with build type 'ament_cmake'
[0.467s] INFO:colcon.colcon_cmake.task.cmake.build:Building CMake package in '/px4_uxrce/new/px4-offboard_ws/src/px4-mpc/mpc_msgs'
[0.467s] INFO:colcon.colcon_core.shell:Skip shell extension 'powershell' for command environment: Not usable outside of PowerShell
[0.467s] DEBUG:colcon.colcon_core.shell:Skip shell extension 'dsv' for command environment
[0.476s] DEBUG:colcon.colcon_core.event_handler.log_command:Invoking command in '/px4_uxrce/new/px4-offboard_ws/build/px4_msgs': CMAKE_PREFIX_PATH=${CMAKE_PREFIX_PATH}:/px4_uxrce/new/px4-offboard_ws/install/px4_mpc:/px4_uxrce/new/px4-offboard_ws/install/px4_offboard:/opt/ros/humble /usr/bin/cmake --build /px4_uxrce/new/px4-offboard_ws/build/px4_msgs -- -j12 -l12
[0.482s] DEBUG:colcon.colcon_core.event_handler.log_command:Invoking command in '/px4_uxrce/new/px4-offboard_ws/build/mpc_msgs': CMAKE_PREFIX_PATH=${CMAKE_PREFIX_PATH}:/px4_uxrce/new/px4-offboard_ws/install/px4_mpc:/px4_uxrce/new/px4-offboard_ws/install/px4_offboard:/opt/ros/humble /usr/bin/cmake --build /px4_uxrce/new/px4-offboard_ws/build/mpc_msgs -- -j12 -l12
[0.881s] DEBUG:colcon.colcon_core.event_handler.log_command:Invoked command in '/px4_uxrce/new/px4-offboard_ws/build/mpc_msgs' returned '0': CMAKE_PREFIX_PATH=${CMAKE_PREFIX_PATH}:/px4_uxrce/new/px4-offboard_ws/install/px4_mpc:/px4_uxrce/new/px4-offboard_ws/install/px4_offboard:/opt/ros/humble /usr/bin/cmake --build /px4_uxrce/new/px4-offboard_ws/build/mpc_msgs -- -j12 -l12
[0.890s] DEBUG:colcon.colcon_core.event_handler.log_command:Invoking command in '/px4_uxrce/new/px4-offboard_ws/build/mpc_msgs': CMAKE_PREFIX_PATH=${CMAKE_PREFIX_PATH}:/px4_uxrce/new/px4-offboard_ws/install/px4_mpc:/px4_uxrce/new/px4-offboard_ws/install/px4_offboard:/opt/ros/humble /usr/bin/cmake --install /px4_uxrce/new/px4-offboard_ws/build/mpc_msgs
[0.947s] Level 1:colcon.colcon_core.environment:create_environment_scripts_only(mpc_msgs)
[0.948s] DEBUG:colcon.colcon_core.event_handler.log_command:Invoked command in '/px4_uxrce/new/px4-offboard_ws/build/mpc_msgs' returned '0': CMAKE_PREFIX_PATH=${CMAKE_PREFIX_PATH}:/px4_uxrce/new/px4-offboard_ws/install/px4_mpc:/px4_uxrce/new/px4-offboard_ws/install/px4_offboard:/opt/ros/humble /usr/bin/cmake --install /px4_uxrce/new/px4-offboard_ws/build/mpc_msgs
[0.952s] Level 1:colcon.colcon_core.environment:checking '/px4_uxrce/new/px4-offboard_ws/install/mpc_msgs' for CMake module files
[0.953s] Level 1:colcon.colcon_core.environment:checking '/px4_uxrce/new/px4-offboard_ws/install/mpc_msgs' for CMake config files
[0.953s] Level 1:colcon.colcon_core.shell:create_environment_hook('mpc_msgs', 'cmake_prefix_path')
[0.954s] INFO:colcon.colcon_core.shell:Creating environment hook '/px4_uxrce/new/px4-offboard_ws/install/mpc_msgs/share/mpc_msgs/hook/cmake_prefix_path.ps1'
[0.955s] INFO:colcon.colcon_core.shell:Creating environment descriptor '/px4_uxrce/new/px4-offboard_ws/install/mpc_msgs/share/mpc_msgs/hook/cmake_prefix_path.dsv'
[0.955s] INFO:colcon.colcon_core.shell:Creating environment hook '/px4_uxrce/new/px4-offboard_ws/install/mpc_msgs/share/mpc_msgs/hook/cmake_prefix_path.sh'
[0.957s] Level 1:colcon.colcon_core.environment:checking '/px4_uxrce/new/px4-offboard_ws/install/mpc_msgs/lib'
[0.957s] Level 1:colcon.colcon_core.shell:create_environment_hook('mpc_msgs', 'ld_library_path_lib')
[0.958s] INFO:colcon.colcon_core.shell:Creating environment hook '/px4_uxrce/new/px4-offboard_ws/install/mpc_msgs/share/mpc_msgs/hook/ld_library_path_lib.ps1'
[0.958s] INFO:colcon.colcon_core.shell:Creating environment descriptor '/px4_uxrce/new/px4-offboard_ws/install/mpc_msgs/share/mpc_msgs/hook/ld_library_path_lib.dsv'
[0.959s] INFO:colcon.colcon_core.shell:Creating environment hook '/px4_uxrce/new/px4-offboard_ws/install/mpc_msgs/share/mpc_msgs/hook/ld_library_path_lib.sh'
[0.959s] Level 1:colcon.colcon_core.environment:checking '/px4_uxrce/new/px4-offboard_ws/install/mpc_msgs/bin'
[0.959s] Level 1:colcon.colcon_core.environment:checking '/px4_uxrce/new/px4-offboard_ws/install/mpc_msgs/lib/pkgconfig/mpc_msgs.pc'
[0.962s] Level 1:colcon.colcon_core.environment:checking '/px4_uxrce/new/px4-offboard_ws/install/mpc_msgs/lib/python3.10/site-packages'
[0.962s] Level 1:colcon.colcon_core.environment:checking '/px4_uxrce/new/px4-offboard_ws/install/mpc_msgs/bin'
[0.963s] INFO:colcon.colcon_core.shell:Creating package script '/px4_uxrce/new/px4-offboard_ws/install/mpc_msgs/share/mpc_msgs/package.ps1'
[0.964s] INFO:colcon.colcon_core.shell:Creating package descriptor '/px4_uxrce/new/px4-offboard_ws/install/mpc_msgs/share/mpc_msgs/package.dsv'
[0.965s] INFO:colcon.colcon_core.shell:Creating package script '/px4_uxrce/new/px4-offboard_ws/install/mpc_msgs/share/mpc_msgs/package.sh'
[0.967s] INFO:colcon.colcon_core.shell:Creating package script '/px4_uxrce/new/px4-offboard_ws/install/mpc_msgs/share/mpc_msgs/package.bash'
[0.968s] INFO:colcon.colcon_core.shell:Creating package script '/px4_uxrce/new/px4-offboard_ws/install/mpc_msgs/share/mpc_msgs/package.zsh'
[0.969s] Level 1:colcon.colcon_core.environment:create_file_with_runtime_dependencies(/px4_uxrce/new/px4-offboard_ws/install/mpc_msgs/share/colcon-core/packages/mpc_msgs)
[0.970s] Level 1:colcon.colcon_core.environment:create_environment_scripts_only(mpc_msgs)
[0.970s] Level 1:colcon.colcon_core.environment:checking '/px4_uxrce/new/px4-offboard_ws/install/mpc_msgs' for CMake module files
[0.971s] Level 1:colcon.colcon_core.environment:checking '/px4_uxrce/new/px4-offboard_ws/install/mpc_msgs' for CMake config files
[0.972s] Level 1:colcon.colcon_core.shell:create_environment_hook('mpc_msgs', 'cmake_prefix_path')
[0.973s] INFO:colcon.colcon_core.shell:Creating environment hook '/px4_uxrce/new/px4-offboard_ws/install/mpc_msgs/share/mpc_msgs/hook/cmake_prefix_path.ps1'
[0.973s] INFO:colcon.colcon_core.shell:Creating environment descriptor '/px4_uxrce/new/px4-offboard_ws/install/mpc_msgs/share/mpc_msgs/hook/cmake_prefix_path.dsv'
[0.974s] INFO:colcon.colcon_core.shell:Creating environment hook '/px4_uxrce/new/px4-offboard_ws/install/mpc_msgs/share/mpc_msgs/hook/cmake_prefix_path.sh'
[0.975s] Level 1:colcon.colcon_core.environment:checking '/px4_uxrce/new/px4-offboard_ws/install/mpc_msgs/lib'
[0.975s] Level 1:colcon.colcon_core.shell:create_environment_hook('mpc_msgs', 'ld_library_path_lib')
[0.975s] INFO:colcon.colcon_core.shell:Creating environment hook '/px4_uxrce/new/px4-offboard_ws/install/mpc_msgs/share/mpc_msgs/hook/ld_library_path_lib.ps1'
[0.976s] INFO:colcon.colcon_core.shell:Creating environment descriptor '/px4_uxrce/new/px4-offboard_ws/install/mpc_msgs/share/mpc_msgs/hook/ld_library_path_lib.dsv'
[0.976s] INFO:colcon.colcon_core.shell:Creating environment hook '/px4_uxrce/new/px4-offboard_ws/install/mpc_msgs/share/mpc_msgs/hook/ld_library_path_lib.sh'
[0.977s] Level 1:colcon.colcon_core.environment:checking '/px4_uxrce/new/px4-offboard_ws/install/mpc_msgs/bin'
[0.977s] Level 1:colcon.colcon_core.environment:checking '/px4_uxrce/new/px4-offboard_ws/install/mpc_msgs/lib/pkgconfig/mpc_msgs.pc'
[0.977s] Level 1:colcon.colcon_core.environment:checking '/px4_uxrce/new/px4-offboard_ws/install/mpc_msgs/lib/python3.10/site-packages'
[0.978s] Level 1:colcon.colcon_core.environment:checking '/px4_uxrce/new/px4-offboard_ws/install/mpc_msgs/bin'
[0.978s] INFO:colcon.colcon_core.shell:Creating package script '/px4_uxrce/new/px4-offboard_ws/install/mpc_msgs/share/mpc_msgs/package.ps1'
[0.979s] INFO:colcon.colcon_core.shell:Creating package descriptor '/px4_uxrce/new/px4-offboard_ws/install/mpc_msgs/share/mpc_msgs/package.dsv'
[0.980s] INFO:colcon.colcon_core.shell:Creating package script '/px4_uxrce/new/px4-offboard_ws/install/mpc_msgs/share/mpc_msgs/package.sh'
[0.981s] INFO:colcon.colcon_core.shell:Creating package script '/px4_uxrce/new/px4-offboard_ws/install/mpc_msgs/share/mpc_msgs/package.bash'
[0.981s] INFO:colcon.colcon_core.shell:Creating package script '/px4_uxrce/new/px4-offboard_ws/install/mpc_msgs/share/mpc_msgs/package.zsh'
[0.982s] Level 1:colcon.colcon_core.environment:create_file_with_runtime_dependencies(/px4_uxrce/new/px4-offboard_ws/install/mpc_msgs/share/colcon-core/packages/mpc_msgs)
[1.787s] DEBUG:colcon.colcon_core.event_handler.log_command:Invoked command in '/px4_uxrce/new/px4-offboard_ws/build/px4_msgs' returned '0': CMAKE_PREFIX_PATH=${CMAKE_PREFIX_PATH}:/px4_uxrce/new/px4-offboard_ws/install/px4_mpc:/px4_uxrce/new/px4-offboard_ws/install/px4_offboard:/opt/ros/humble /usr/bin/cmake --build /px4_uxrce/new/px4-offboard_ws/build/px4_msgs -- -j12 -l12
[1.788s] DEBUG:colcon.colcon_core.event_handler.log_command:Invoking command in '/px4_uxrce/new/px4-offboard_ws/build/px4_msgs': CMAKE_PREFIX_PATH=${CMAKE_PREFIX_PATH}:/px4_uxrce/new/px4-offboard_ws/install/px4_mpc:/px4_uxrce/new/px4-offboard_ws/install/px4_offboard:/opt/ros/humble /usr/bin/cmake --install /px4_uxrce/new/px4-offboard_ws/build/px4_msgs
[2.159s] Level 1:colcon.colcon_core.environment:create_environment_scripts_only(px4_msgs)
[2.160s] Level 1:colcon.colcon_core.environment:checking '/px4_uxrce/new/px4-offboard_ws/install/px4_msgs' for CMake module files
[2.161s] Level 1:colcon.colcon_core.environment:checking '/px4_uxrce/new/px4-offboard_ws/install/px4_msgs' for CMake config files
[2.180s] Level 1:colcon.colcon_core.shell:create_environment_hook('px4_msgs', 'cmake_prefix_path')
[2.180s] INFO:colcon.colcon_core.shell:Creating environment hook '/px4_uxrce/new/px4-offboard_ws/install/px4_msgs/share/px4_msgs/hook/cmake_prefix_path.ps1'
[2.181s] INFO:colcon.colcon_core.shell:Creating environment descriptor '/px4_uxrce/new/px4-offboard_ws/install/px4_msgs/share/px4_msgs/hook/cmake_prefix_path.dsv'
[2.182s] INFO:colcon.colcon_core.shell:Creating environment hook '/px4_uxrce/new/px4-offboard_ws/install/px4_msgs/share/px4_msgs/hook/cmake_prefix_path.sh'
[2.183s] Level 1:colcon.colcon_core.environment:checking '/px4_uxrce/new/px4-offboard_ws/install/px4_msgs/lib'
[2.183s] Level 1:colcon.colcon_core.shell:create_environment_hook('px4_msgs', 'ld_library_path_lib')
[2.183s] INFO:colcon.colcon_core.shell:Creating environment hook '/px4_uxrce/new/px4-offboard_ws/install/px4_msgs/share/px4_msgs/hook/ld_library_path_lib.ps1'
[2.184s] INFO:colcon.colcon_core.shell:Creating environment descriptor '/px4_uxrce/new/px4-offboard_ws/install/px4_msgs/share/px4_msgs/hook/ld_library_path_lib.dsv'
[2.184s] INFO:colcon.colcon_core.shell:Creating environment hook '/px4_uxrce/new/px4-offboard_ws/install/px4_msgs/share/px4_msgs/hook/ld_library_path_lib.sh'
[2.185s] Level 1:colcon.colcon_core.environment:checking '/px4_uxrce/new/px4-offboard_ws/install/px4_msgs/bin'
[2.185s] Level 1:colcon.colcon_core.environment:checking '/px4_uxrce/new/px4-offboard_ws/install/px4_msgs/lib/pkgconfig/px4_msgs.pc'
[2.185s] Level 1:colcon.colcon_core.environment:checking '/px4_uxrce/new/px4-offboard_ws/install/px4_msgs/lib/python3.10/site-packages'
[2.185s] Level 1:colcon.colcon_core.environment:checking '/px4_uxrce/new/px4-offboard_ws/install/px4_msgs/bin'
[2.185s] INFO:colcon.colcon_core.shell:Creating package script '/px4_uxrce/new/px4-offboard_ws/install/px4_msgs/share/px4_msgs/package.ps1'
[2.186s] INFO:colcon.colcon_core.shell:Creating package descriptor '/px4_uxrce/new/px4-offboard_ws/install/px4_msgs/share/px4_msgs/package.dsv'
[2.187s] INFO:colcon.colcon_core.shell:Creating package script '/px4_uxrce/new/px4-offboard_ws/install/px4_msgs/share/px4_msgs/package.sh'
[2.187s] INFO:colcon.colcon_core.shell:Creating package script '/px4_uxrce/new/px4-offboard_ws/install/px4_msgs/share/px4_msgs/package.bash'
[2.188s] INFO:colcon.colcon_core.shell:Creating package script '/px4_uxrce/new/px4-offboard_ws/install/px4_msgs/share/px4_msgs/package.zsh'
[2.188s] Level 1:colcon.colcon_core.environment:create_file_with_runtime_dependencies(/px4_uxrce/new/px4-offboard_ws/install/px4_msgs/share/colcon-core/packages/px4_msgs)
[2.189s] Level 1:colcon.colcon_core.environment:create_environment_scripts_only(px4_msgs)
[2.189s] Level 1:colcon.colcon_core.environment:checking '/px4_uxrce/new/px4-offboard_ws/install/px4_msgs' for CMake module files
[2.190s] Level 1:colcon.colcon_core.environment:checking '/px4_uxrce/new/px4-offboard_ws/install/px4_msgs' for CMake config files
[2.205s] Level 1:colcon.colcon_core.shell:create_environment_hook('px4_msgs', 'cmake_prefix_path')
[2.205s] INFO:colcon.colcon_core.shell:Creating environment hook '/px4_uxrce/new/px4-offboard_ws/install/px4_msgs/share/px4_msgs/hook/cmake_prefix_path.ps1'
[2.205s] INFO:colcon.colcon_core.shell:Creating environment descriptor '/px4_uxrce/new/px4-offboard_ws/install/px4_msgs/share/px4_msgs/hook/cmake_prefix_path.dsv'
[2.206s] INFO:colcon.colcon_core.shell:Creating environment hook '/px4_uxrce/new/px4-offboard_ws/install/px4_msgs/share/px4_msgs/hook/cmake_prefix_path.sh'
[2.207s] Level 1:colcon.colcon_core.environment:checking '/px4_uxrce/new/px4-offboard_ws/install/px4_msgs/lib'
[2.207s] Level 1:colcon.colcon_core.shell:create_environment_hook('px4_msgs', 'ld_library_path_lib')
[2.207s] INFO:colcon.colcon_core.shell:Creating environment hook '/px4_uxrce/new/px4-offboard_ws/install/px4_msgs/share/px4_msgs/hook/ld_library_path_lib.ps1'
[2.208s] INFO:colcon.colcon_core.shell:Creating environment descriptor '/px4_uxrce/new/px4-offboard_ws/install/px4_msgs/share/px4_msgs/hook/ld_library_path_lib.dsv'
[2.208s] INFO:colcon.colcon_core.shell:Creating environment hook '/px4_uxrce/new/px4-offboard_ws/install/px4_msgs/share/px4_msgs/hook/ld_library_path_lib.sh'
[2.209s] Level 1:colcon.colcon_core.environment:checking '/px4_uxrce/new/px4-offboard_ws/install/px4_msgs/bin'
[2.209s] Level 1:colcon.colcon_core.environment:checking '/px4_uxrce/new/px4-offboard_ws/install/px4_msgs/lib/pkgconfig/px4_msgs.pc'
[2.209s] Level 1:colcon.colcon_core.environment:checking '/px4_uxrce/new/px4-offboard_ws/install/px4_msgs/lib/python3.10/site-packages'
[2.209s] Level 1:colcon.colcon_core.environment:checking '/px4_uxrce/new/px4-offboard_ws/install/px4_msgs/bin'
[2.210s] INFO:colcon.colcon_core.shell:Creating package script '/px4_uxrce/new/px4-offboard_ws/install/px4_msgs/share/px4_msgs/package.ps1'
[2.210s] INFO:colcon.colcon_core.shell:Creating package descriptor '/px4_uxrce/new/px4-offboard_ws/install/px4_msgs/share/px4_msgs/package.dsv'
[2.211s] INFO:colcon.colcon_core.shell:Creating package script '/px4_uxrce/new/px4-offboard_ws/install/px4_msgs/share/px4_msgs/package.sh'
[2.212s] INFO:colcon.colcon_core.shell:Creating package script '/px4_uxrce/new/px4-offboard_ws/install/px4_msgs/share/px4_msgs/package.bash'
[2.212s] INFO:colcon.colcon_core.shell:Creating package script '/px4_uxrce/new/px4-offboard_ws/install/px4_msgs/share/px4_msgs/package.zsh'
[2.213s] Level 1:colcon.colcon_core.environment:create_file_with_runtime_dependencies(/px4_uxrce/new/px4-offboard_ws/install/px4_msgs/share/colcon-core/packages/px4_msgs)
[2.213s] INFO:colcon.colcon_ros.task.ament_python.build:Building ROS package in '/px4_uxrce/new/px4-offboard_ws/src/px4-offboard' with build type 'ament_python'
[2.213s] Level 1:colcon.colcon_core.shell:create_environment_hook('px4_offboard', 'ament_prefix_path')
[2.213s] INFO:colcon.colcon_core.shell:Creating environment hook '/px4_uxrce/new/px4-offboard_ws/install/px4_offboard/share/px4_offboard/hook/ament_prefix_path.ps1'
[2.214s] INFO:colcon.colcon_core.shell:Creating environment descriptor '/px4_uxrce/new/px4-offboard_ws/install/px4_offboard/share/px4_offboard/hook/ament_prefix_path.dsv'
[2.214s] INFO:colcon.colcon_core.shell:Creating environment hook '/px4_uxrce/new/px4-offboard_ws/install/px4_offboard/share/px4_offboard/hook/ament_prefix_path.sh'
[2.215s] INFO:colcon.colcon_core.shell:Skip shell extension 'powershell' for command environment: Not usable outside of PowerShell
[2.215s] DEBUG:colcon.colcon_core.shell:Skip shell extension 'dsv' for command environment
[2.301s] DEBUG:colcon.colcon_core.event_handler.log_command:Invoked command in '/px4_uxrce/new/px4-offboard_ws/build/px4_msgs' returned '0': CMAKE_PREFIX_PATH=${CMAKE_PREFIX_PATH}:/px4_uxrce/new/px4-offboard_ws/install/px4_mpc:/px4_uxrce/new/px4-offboard_ws/install/px4_offboard:/opt/ros/humble /usr/bin/cmake --install /px4_uxrce/new/px4-offboard_ws/build/px4_msgs
[2.498s] INFO:colcon.colcon_core.task.python.build:Building Python package in '/px4_uxrce/new/px4-offboard_ws/src/px4-offboard'
[2.499s] INFO:colcon.colcon_core.shell:Skip shell extension 'powershell' for command environment: Not usable outside of PowerShell
[2.499s] DEBUG:colcon.colcon_core.shell:Skip shell extension 'dsv' for command environment
[2.947s] DEBUG:colcon.colcon_core.event_handler.log_command:Invoking command in '/px4_uxrce/new/px4-offboard_ws/src/px4-offboard': PYTHONPATH=/px4_uxrce/new/px4-offboard_ws/build/px4_offboard/prefix_override:/usr/lib/python3/dist-packages/colcon_core/task/python/colcon_distutils_commands:/px4_uxrce/new/px4-offboard_ws/install/px4_offboard/lib/python3.10/site-packages:${PYTHONPATH} /usr/bin/python3 -W ignore:setup.py install is deprecated -W ignore:easy_install command is deprecated setup.py egg_info --egg-base ../../build/px4_offboard build --build-base /px4_uxrce/new/px4-offboard_ws/build/px4_offboard/build install --record /px4_uxrce/new/px4-offboard_ws/build/px4_offboard/install.log --single-version-externally-managed install_data
[3.299s] Level 1:colcon.colcon_core.environment:checking '/px4_uxrce/new/px4-offboard_ws/install/px4_offboard' for CMake module files
[3.300s] DEBUG:colcon.colcon_core.event_handler.log_command:Invoked command in '/px4_uxrce/new/px4-offboard_ws/src/px4-offboard' returned '0': PYTHONPATH=/px4_uxrce/new/px4-offboard_ws/build/px4_offboard/prefix_override:/usr/lib/python3/dist-packages/colcon_core/task/python/colcon_distutils_commands:/px4_uxrce/new/px4-offboard_ws/install/px4_offboard/lib/python3.10/site-packages:${PYTHONPATH} /usr/bin/python3 -W ignore:setup.py install is deprecated -W ignore:easy_install command is deprecated setup.py egg_info --egg-base ../../build/px4_offboard build --build-base /px4_uxrce/new/px4-offboard_ws/build/px4_offboard/build install --record /px4_uxrce/new/px4-offboard_ws/build/px4_offboard/install.log --single-version-externally-managed install_data
[3.300s] Level 1:colcon.colcon_core.environment:checking '/px4_uxrce/new/px4-offboard_ws/install/px4_offboard' for CMake config files
[3.301s] Level 1:colcon.colcon_core.environment:checking '/px4_uxrce/new/px4-offboard_ws/install/px4_offboard/lib'
[3.301s] Level 1:colcon.colcon_core.environment:checking '/px4_uxrce/new/px4-offboard_ws/install/px4_offboard/bin'
[3.301s] Level 1:colcon.colcon_core.environment:checking '/px4_uxrce/new/px4-offboard_ws/install/px4_offboard/lib/pkgconfig/px4_offboard.pc'
[3.302s] Level 1:colcon.colcon_core.environment:checking '/px4_uxrce/new/px4-offboard_ws/install/px4_offboard/lib/python3.10/site-packages'
[3.302s] Level 1:colcon.colcon_core.shell:create_environment_hook('px4_offboard', 'pythonpath')
[3.302s] INFO:colcon.colcon_core.shell:Creating environment hook '/px4_uxrce/new/px4-offboard_ws/install/px4_offboard/share/px4_offboard/hook/pythonpath.ps1'
[3.302s] INFO:colcon.colcon_core.shell:Creating environment descriptor '/px4_uxrce/new/px4-offboard_ws/install/px4_offboard/share/px4_offboard/hook/pythonpath.dsv'
[3.303s] INFO:colcon.colcon_core.shell:Creating environment hook '/px4_uxrce/new/px4-offboard_ws/install/px4_offboard/share/px4_offboard/hook/pythonpath.sh'
[3.303s] Level 1:colcon.colcon_core.environment:checking '/px4_uxrce/new/px4-offboard_ws/install/px4_offboard/bin'
[3.303s] Level 1:colcon.colcon_core.environment:create_environment_scripts_only(px4_offboard)
[3.304s] INFO:colcon.colcon_core.shell:Creating package script '/px4_uxrce/new/px4-offboard_ws/install/px4_offboard/share/px4_offboard/package.ps1'
[3.304s] INFO:colcon.colcon_core.shell:Creating package descriptor '/px4_uxrce/new/px4-offboard_ws/install/px4_offboard/share/px4_offboard/package.dsv'
[3.305s] INFO:colcon.colcon_core.shell:Creating package script '/px4_uxrce/new/px4-offboard_ws/install/px4_offboard/share/px4_offboard/package.sh'
[3.305s] INFO:colcon.colcon_core.shell:Creating package script '/px4_uxrce/new/px4-offboard_ws/install/px4_offboard/share/px4_offboard/package.bash'
[3.306s] INFO:colcon.colcon_core.shell:Creating package script '/px4_uxrce/new/px4-offboard_ws/install/px4_offboard/share/px4_offboard/package.zsh'
[3.306s] Level 1:colcon.colcon_core.environment:create_file_with_runtime_dependencies(/px4_uxrce/new/px4-offboard_ws/install/px4_offboard/share/colcon-core/packages/px4_offboard)
[3.306s] INFO:colcon.colcon_ros.task.ament_python.build:Building ROS package in '/px4_uxrce/new/px4-offboard_ws/src/px4-mpc/px4_mpc' with build type 'ament_python'
[3.306s] Level 1:colcon.colcon_core.shell:create_environment_hook('px4_mpc', 'ament_prefix_path')
[3.307s] INFO:colcon.colcon_core.shell:Creating environment hook '/px4_uxrce/new/px4-offboard_ws/install/px4_mpc/share/px4_mpc/hook/ament_prefix_path.ps1'
[3.307s] INFO:colcon.colcon_core.shell:Creating environment descriptor '/px4_uxrce/new/px4-offboard_ws/install/px4_mpc/share/px4_mpc/hook/ament_prefix_path.dsv'
[3.308s] INFO:colcon.colcon_core.shell:Creating environment hook '/px4_uxrce/new/px4-offboard_ws/install/px4_mpc/share/px4_mpc/hook/ament_prefix_path.sh'
[3.309s] INFO:colcon.colcon_core.shell:Skip shell extension 'powershell' for command environment: Not usable outside of PowerShell
[3.309s] DEBUG:colcon.colcon_core.shell:Skip shell extension 'dsv' for command environment
[3.671s] INFO:colcon.colcon_core.task.python.build:Building Python package in '/px4_uxrce/new/px4-offboard_ws/src/px4-mpc/px4_mpc'
[3.672s] INFO:colcon.colcon_core.shell:Skip shell extension 'powershell' for command environment: Not usable outside of PowerShell
[3.672s] DEBUG:colcon.colcon_core.shell:Skip shell extension 'dsv' for command environment
[4.171s] DEBUG:colcon.colcon_core.event_handler.log_command:Invoking command in '/px4_uxrce/new/px4-offboard_ws/src/px4-mpc/px4_mpc': AMENT_PREFIX_PATH=/px4_uxrce/new/px4-offboard_ws/install/px4_offboard:/px4_uxrce/new/px4-offboard_ws/install/px4_mpc:/px4_uxrce/new/px4-offboard_ws/install/px4_msgs:/px4_uxrce/new/px4-offboard_ws/install/mpc_msgs:/opt/ros/humble PYTHONPATH=/px4_uxrce/new/px4-offboard_ws/build/px4_mpc/prefix_override:/usr/lib/python3/dist-packages/colcon_core/task/python/colcon_distutils_commands:/px4_uxrce/new/px4-offboard_ws/install/px4_mpc/lib/python3.10/site-packages:/px4_uxrce/new/px4-offboard_ws/install/px4_offboard/lib/python3.10/site-packages:/px4_uxrce/new/px4-offboard_ws/install/px4_mpc/lib/python3.10/site-packages:/px4_uxrce/new/px4-offboard_ws/install/px4_msgs/local/lib/python3.10/dist-packages:/px4_uxrce/new/px4-offboard_ws/install/mpc_msgs/local/lib/python3.10/dist-packages:/opt/ros/humble/lib/python3.10/site-packages:/opt/ros/humble/local/lib/python3.10/dist-packages /usr/bin/python3 -W ignore:setup.py install is deprecated -W ignore:easy_install command is deprecated setup.py egg_info --egg-base ../../../build/px4_mpc build --build-base /px4_uxrce/new/px4-offboard_ws/build/px4_mpc/build install --record /px4_uxrce/new/px4-offboard_ws/build/px4_mpc/install.log --single-version-externally-managed install_data
[4.559s] Level 1:colcon.colcon_core.environment:checking '/px4_uxrce/new/px4-offboard_ws/install/px4_mpc' for CMake module files
[4.559s] DEBUG:colcon.colcon_core.event_handler.log_command:Invoked command in '/px4_uxrce/new/px4-offboard_ws/src/px4-mpc/px4_mpc' returned '0': AMENT_PREFIX_PATH=/px4_uxrce/new/px4-offboard_ws/install/px4_offboard:/px4_uxrce/new/px4-offboard_ws/install/px4_mpc:/px4_uxrce/new/px4-offboard_ws/install/px4_msgs:/px4_uxrce/new/px4-offboard_ws/install/mpc_msgs:/opt/ros/humble PYTHONPATH=/px4_uxrce/new/px4-offboard_ws/build/px4_mpc/prefix_override:/usr/lib/python3/dist-packages/colcon_core/task/python/colcon_distutils_commands:/px4_uxrce/new/px4-offboard_ws/install/px4_mpc/lib/python3.10/site-packages:/px4_uxrce/new/px4-offboard_ws/install/px4_offboard/lib/python3.10/site-packages:/px4_uxrce/new/px4-offboard_ws/install/px4_mpc/lib/python3.10/site-packages:/px4_uxrce/new/px4-offboard_ws/install/px4_msgs/local/lib/python3.10/dist-packages:/px4_uxrce/new/px4-offboard_ws/install/mpc_msgs/local/lib/python3.10/dist-packages:/opt/ros/humble/lib/python3.10/site-packages:/opt/ros/humble/local/lib/python3.10/dist-packages /usr/bin/python3 -W ignore:setup.py install is deprecated -W ignore:easy_install command is deprecated setup.py egg_info --egg-base ../../../build/px4_mpc build --build-base /px4_uxrce/new/px4-offboard_ws/build/px4_mpc/build install --record /px4_uxrce/new/px4-offboard_ws/build/px4_mpc/install.log --single-version-externally-managed install_data
[4.560s] Level 1:colcon.colcon_core.environment:checking '/px4_uxrce/new/px4-offboard_ws/install/px4_mpc' for CMake config files
[4.560s] Level 1:colcon.colcon_core.environment:checking '/px4_uxrce/new/px4-offboard_ws/install/px4_mpc/lib'
[4.560s] Level 1:colcon.colcon_core.environment:checking '/px4_uxrce/new/px4-offboard_ws/install/px4_mpc/bin'
[4.560s] Level 1:colcon.colcon_core.environment:checking '/px4_uxrce/new/px4-offboard_ws/install/px4_mpc/lib/pkgconfig/px4_mpc.pc'
[4.561s] Level 1:colcon.colcon_core.environment:checking '/px4_uxrce/new/px4-offboard_ws/install/px4_mpc/lib/python3.10/site-packages'
[4.561s] Level 1:colcon.colcon_core.shell:create_environment_hook('px4_mpc', 'pythonpath')
[4.561s] INFO:colcon.colcon_core.shell:Creating environment hook '/px4_uxrce/new/px4-offboard_ws/install/px4_mpc/share/px4_mpc/hook/pythonpath.ps1'
[4.561s] INFO:colcon.colcon_core.shell:Creating environment descriptor '/px4_uxrce/new/px4-offboard_ws/install/px4_mpc/share/px4_mpc/hook/pythonpath.dsv'
[4.562s] INFO:colcon.colcon_core.shell:Creating environment hook '/px4_uxrce/new/px4-offboard_ws/install/px4_mpc/share/px4_mpc/hook/pythonpath.sh'
[4.563s] Level 1:colcon.colcon_core.environment:checking '/px4_uxrce/new/px4-offboard_ws/install/px4_mpc/bin'
[4.563s] Level 1:colcon.colcon_core.environment:create_environment_scripts_only(px4_mpc)
[4.563s] INFO:colcon.colcon_core.shell:Creating package script '/px4_uxrce/new/px4-offboard_ws/install/px4_mpc/share/px4_mpc/package.ps1'
[4.563s] INFO:colcon.colcon_core.shell:Creating package descriptor '/px4_uxrce/new/px4-offboard_ws/install/px4_mpc/share/px4_mpc/package.dsv'
[4.564s] INFO:colcon.colcon_core.shell:Creating package script '/px4_uxrce/new/px4-offboard_ws/install/px4_mpc/share/px4_mpc/package.sh'
[4.564s] INFO:colcon.colcon_core.shell:Creating package script '/px4_uxrce/new/px4-offboard_ws/install/px4_mpc/share/px4_mpc/package.bash'
[4.565s] INFO:colcon.colcon_core.shell:Creating package script '/px4_uxrce/new/px4-offboard_ws/install/px4_mpc/share/px4_mpc/package.zsh'
[4.565s] Level 1:colcon.colcon_core.environment:create_file_with_runtime_dependencies(/px4_uxrce/new/px4-offboard_ws/install/px4_mpc/share/colcon-core/packages/px4_mpc)
[4.565s] DEBUG:colcon.colcon_parallel_executor.executor.parallel:closing loop
[4.565s] DEBUG:colcon.colcon_parallel_executor.executor.parallel:loop closed
[4.566s] DEBUG:colcon.colcon_parallel_executor.executor.parallel:run_until_complete finished with '0'
[4.566s] DEBUG:colcon.colcon_core.event_reactor:joining thread
[4.571s] INFO:colcon.colcon_core.plugin_system:Skipping extension 'colcon_notification.desktop_notification.notify_send': Could not find 'notify-send'
[4.571s] INFO:colcon.colcon_core.plugin_system:Skipping extension 'colcon_notification.desktop_notification.terminal_notifier': Not used on non-Darwin systems
[4.571s] INFO:colcon.colcon_core.plugin_system:Skipping extension 'colcon_notification.desktop_notification.win32': Not used on non-Windows systems
[4.571s] INFO:colcon.colcon_notification.desktop_notification:Sending desktop notification using 'notify2'
[4.573s] DEBUG:colcon.colcon_notification.desktop_notification.notify2:Failed to initialize notify2: org.freedesktop.DBus.Error.Spawn.ExecFailed: /usr/bin/dbus-launch terminated abnormally without any error message
[4.574s] DEBUG:colcon.colcon_core.event_reactor:joined thread
[4.574s] INFO:colcon.colcon_core.shell:Creating prefix script '/px4_uxrce/new/px4-offboard_ws/install/local_setup.ps1'
[4.575s] INFO:colcon.colcon_core.shell:Creating prefix util module '/px4_uxrce/new/px4-offboard_ws/install/_local_setup_util_ps1.py'
[4.577s] INFO:colcon.colcon_core.shell:Creating prefix chain script '/px4_uxrce/new/px4-offboard_ws/install/setup.ps1'
[4.578s] INFO:colcon.colcon_core.shell:Creating prefix script '/px4_uxrce/new/px4-offboard_ws/install/local_setup.sh'
[4.579s] INFO:colcon.colcon_core.shell:Creating prefix util module '/px4_uxrce/new/px4-offboard_ws/install/_local_setup_util_sh.py'
[4.579s] INFO:colcon.colcon_core.shell:Creating prefix chain script '/px4_uxrce/new/px4-offboard_ws/install/setup.sh'
[4.581s] INFO:colcon.colcon_core.shell:Creating prefix script '/px4_uxrce/new/px4-offboard_ws/install/local_setup.bash'
[4.582s] INFO:colcon.colcon_core.shell:Creating prefix chain script '/px4_uxrce/new/px4-offboard_ws/install/setup.bash'
[4.583s] INFO:colcon.colcon_core.shell:Creating prefix script '/px4_uxrce/new/px4-offboard_ws/install/local_setup.zsh'
[4.583s] INFO:colcon.colcon_core.shell:Creating prefix chain script '/px4_uxrce/new/px4-offboard_ws/install/setup.zsh'
