[0.664s] Invoking command in '/px4_uxrce/new/px4-offboard_ws/src/px4-mpc/px4_mpc': AMENT_PREFIX_PATH=/px4_uxrce/new/px4-offboard_ws/install/px4_offboard:/px4_uxrce/new/px4-offboard_ws/install/px4_msgs:/px4_uxrce/new/px4-offboard_ws/install/mpc_msgs CMAKE_PREFIX_PATH=/px4_uxrce/new/px4-offboard_ws/install/px4_msgs:/px4_uxrce/new/px4-offboard_ws/install/mpc_msgs LD_LIBRARY_PATH=/px4_uxrce/new/px4-offboard_ws/install/px4_msgs/lib:/px4_uxrce/new/px4-offboard_ws/install/mpc_msgs/lib:${LD_LIBRARY_PATH} PYTHONPATH=/px4_uxrce/new/px4-offboard_ws/build/px4_mpc/prefix_override:/usr/lib/python3/dist-packages/colcon_core/task/python/colcon_distutils_commands:/px4_uxrce/new/px4-offboard_ws/install/px4_mpc/lib/python3.10/site-packages:/px4_uxrce/new/px4-offboard_ws/install/px4_offboard/lib/python3.10/site-packages:/px4_uxrce/new/px4-offboard_ws/install/px4_msgs/local/lib/python3.10/dist-packages:/px4_uxrce/new/px4-offboard_ws/install/mpc_msgs/local/lib/python3.10/dist-packages /usr/bin/python3 -W ignore:setup.py install is deprecated -W ignore:easy_install command is deprecated setup.py egg_info --egg-base ../../../build/px4_mpc build --build-base /px4_uxrce/new/px4-offboard_ws/build/px4_mpc/build install --record /px4_uxrce/new/px4-offboard_ws/build/px4_mpc/install.log --single-version-externally-managed install_data
[0.917s] running egg_info
[0.918s] writing ../../../build/px4_mpc/px4_mpc.egg-info/PKG-INFO
[0.918s] writing dependency_links to ../../../build/px4_mpc/px4_mpc.egg-info/dependency_links.txt
[0.918s] writing entry points to ../../../build/px4_mpc/px4_mpc.egg-info/entry_points.txt
[0.918s] writing requirements to ../../../build/px4_mpc/px4_mpc.egg-info/requires.txt
[0.918s] writing top-level names to ../../../build/px4_mpc/px4_mpc.egg-info/top_level.txt
[0.922s] reading manifest file '../../../build/px4_mpc/px4_mpc.egg-info/SOURCES.txt'
[0.923s] writing manifest file '../../../build/px4_mpc/px4_mpc.egg-info/SOURCES.txt'
[0.923s] running build
[0.923s] running build_py
[0.925s] running install
[0.925s] running install_lib
[0.927s] running install_data
[0.927s] running install_egg_info
[0.930s] removing '/px4_uxrce/new/px4-offboard_ws/install/px4_mpc/lib/python3.10/site-packages/px4_mpc-0.0.0-py3.10.egg-info' (and everything under it)
[0.931s] Copying ../../../build/px4_mpc/px4_mpc.egg-info to /px4_uxrce/new/px4-offboard_ws/install/px4_mpc/lib/python3.10/site-packages/px4_mpc-0.0.0-py3.10.egg-info
[0.932s] running install_scripts
[0.958s] Installing mpc_quadrotor script to /px4_uxrce/new/px4-offboard_ws/install/px4_mpc/lib/px4_mpc
[0.958s] Installing mpc_spacecraft script to /px4_uxrce/new/px4-offboard_ws/install/px4_mpc/lib/px4_mpc
[0.958s] Installing rviz_pos_marker script to /px4_uxrce/new/px4-offboard_ws/install/px4_mpc/lib/px4_mpc
[0.958s] Installing test_setpoints script to /px4_uxrce/new/px4-offboard_ws/install/px4_mpc/lib/px4_mpc
[0.959s] writing list of installed files to '/px4_uxrce/new/px4-offboard_ws/build/px4_mpc/install.log'
[0.982s] Invoked command in '/px4_uxrce/new/px4-offboard_ws/src/px4-mpc/px4_mpc' returned '0': AMENT_PREFIX_PATH=/px4_uxrce/new/px4-offboard_ws/install/px4_offboard:/px4_uxrce/new/px4-offboard_ws/install/px4_msgs:/px4_uxrce/new/px4-offboard_ws/install/mpc_msgs CMAKE_PREFIX_PATH=/px4_uxrce/new/px4-offboard_ws/install/px4_msgs:/px4_uxrce/new/px4-offboard_ws/install/mpc_msgs LD_LIBRARY_PATH=/px4_uxrce/new/px4-offboard_ws/install/px4_msgs/lib:/px4_uxrce/new/px4-offboard_ws/install/mpc_msgs/lib:${LD_LIBRARY_PATH} PYTHONPATH=/px4_uxrce/new/px4-offboard_ws/build/px4_mpc/prefix_override:/usr/lib/python3/dist-packages/colcon_core/task/python/colcon_distutils_commands:/px4_uxrce/new/px4-offboard_ws/install/px4_mpc/lib/python3.10/site-packages:/px4_uxrce/new/px4-offboard_ws/install/px4_offboard/lib/python3.10/site-packages:/px4_uxrce/new/px4-offboard_ws/install/px4_msgs/local/lib/python3.10/dist-packages:/px4_uxrce/new/px4-offboard_ws/install/mpc_msgs/local/lib/python3.10/dist-packages /usr/bin/python3 -W ignore:setup.py install is deprecated -W ignore:easy_install command is deprecated setup.py egg_info --egg-base ../../../build/px4_mpc build --build-base /px4_uxrce/new/px4-offboard_ws/build/px4_mpc/build install --record /px4_uxrce/new/px4-offboard_ws/build/px4_mpc/install.log --single-version-externally-managed install_data
