[0.017s] Invoking command in '/px4_uxrce/new/px4-offboard_ws/build/mpc_msgs': CMAKE_PREFIX_PATH=${CMAKE_PREFIX_PATH}:/px4_uxrce/new/px4-offboard_ws/install/px4_mpc:/px4_uxrce/new/px4-offboard_ws/install/px4_offboard:/opt/ros/humble /usr/bin/cmake --build /px4_uxrce/new/px4-offboard_ws/build/mpc_msgs -- -j12 -l12
[0.145s] [  3%] Built target mpc_msgs__cpp
[0.157s] [  3%] Built target ament_cmake_python_copy_mpc_msgs
[0.161s] [ 12%] Built target mpc_msgs__rosidl_generator_c
[0.191s] [ 32%] Built target mpc_msgs__rosidl_typesupport_c
[0.191s] [ 32%] Built target mpc_msgs__rosidl_typesupport_introspection_c
[0.194s] [ 41%] Built target mpc_msgs__rosidl_typesupport_introspection_cpp
[0.199s] [ 51%] Built target mpc_msgs__rosidl_typesupport_fastrtps_cpp
[0.200s] [ 61%] Built target mpc_msgs__rosidl_typesupport_fastrtps_c
[0.200s] [ 70%] Built target mpc_msgs__rosidl_typesupport_cpp
[0.219s] [ 70%] Built target mpc_msgs
[0.259s] [ 74%] Built target mpc_msgs__py
[0.297s] [ 80%] Built target mpc_msgs__rosidl_generator_py
[0.320s] [ 87%] Built target mpc_msgs__rosidl_typesupport_c__pyext
[0.322s] [ 93%] Built target mpc_msgs__rosidl_typesupport_fastrtps_c__pyext
[0.327s] [100%] Built target mpc_msgs__rosidl_typesupport_introspection_c__pyext
[0.505s] running egg_info
[0.506s] writing mpc_msgs.egg-info/PKG-INFO
[0.506s] writing dependency_links to mpc_msgs.egg-info/dependency_links.txt
[0.507s] writing top-level names to mpc_msgs.egg-info/top_level.txt
[0.509s] reading manifest file 'mpc_msgs.egg-info/SOURCES.txt'
[0.510s] writing manifest file 'mpc_msgs.egg-info/SOURCES.txt'
[0.539s] [100%] Built target ament_cmake_python_build_mpc_msgs_egg
[0.549s] Invoked command in '/px4_uxrce/new/px4-offboard_ws/build/mpc_msgs' returned '0': CMAKE_PREFIX_PATH=${CMAKE_PREFIX_PATH}:/px4_uxrce/new/px4-offboard_ws/install/px4_mpc:/px4_uxrce/new/px4-offboard_ws/install/px4_offboard:/opt/ros/humble /usr/bin/cmake --build /px4_uxrce/new/px4-offboard_ws/build/mpc_msgs -- -j12 -l12
[0.559s] Invoking command in '/px4_uxrce/new/px4-offboard_ws/build/mpc_msgs': CMAKE_PREFIX_PATH=${CMAKE_PREFIX_PATH}:/px4_uxrce/new/px4-offboard_ws/install/px4_mpc:/px4_uxrce/new/px4-offboard_ws/install/px4_offboard:/opt/ros/humble /usr/bin/cmake --install /px4_uxrce/new/px4-offboard_ws/build/mpc_msgs
[0.567s] -- Install configuration: ""
[0.567s] -- Up-to-date: /px4_uxrce/new/px4-offboard_ws/install/mpc_msgs/share/ament_index/resource_index/rosidl_interfaces/mpc_msgs
[0.567s] -- Up-to-date: /px4_uxrce/new/px4-offboard_ws/install/mpc_msgs/include/mpc_msgs/mpc_msgs
[0.567s] -- Up-to-date: /px4_uxrce/new/px4-offboard_ws/install/mpc_msgs/include/mpc_msgs/mpc_msgs/srv
[0.567s] -- Up-to-date: /px4_uxrce/new/px4-offboard_ws/install/mpc_msgs/include/mpc_msgs/mpc_msgs/srv/detail
[0.568s] -- Up-to-date: /px4_uxrce/new/px4-offboard_ws/install/mpc_msgs/include/mpc_msgs/mpc_msgs/srv/detail/set_pose__type_support.h
[0.568s] -- Up-to-date: /px4_uxrce/new/px4-offboard_ws/install/mpc_msgs/include/mpc_msgs/mpc_msgs/srv/detail/set_pose__struct.h
[0.568s] -- Up-to-date: /px4_uxrce/new/px4-offboard_ws/install/mpc_msgs/include/mpc_msgs/mpc_msgs/srv/detail/set_pose__functions.c
[0.568s] -- Up-to-date: /px4_uxrce/new/px4-offboard_ws/install/mpc_msgs/include/mpc_msgs/mpc_msgs/srv/detail/set_pose__functions.h
[0.568s] -- Up-to-date: /px4_uxrce/new/px4-offboard_ws/install/mpc_msgs/include/mpc_msgs/mpc_msgs/srv/set_pose.h
[0.568s] -- Up-to-date: /px4_uxrce/new/px4-offboard_ws/install/mpc_msgs/include/mpc_msgs/mpc_msgs/msg
[0.568s] -- Up-to-date: /px4_uxrce/new/px4-offboard_ws/install/mpc_msgs/include/mpc_msgs/mpc_msgs/msg/rosidl_generator_c__visibility_control.h
[0.568s] -- Up-to-date: /px4_uxrce/new/px4-offboard_ws/install/mpc_msgs/share/mpc_msgs/environment/library_path.sh
[0.569s] -- Up-to-date: /px4_uxrce/new/px4-offboard_ws/install/mpc_msgs/share/mpc_msgs/environment/library_path.dsv
[0.569s] -- Up-to-date: /px4_uxrce/new/px4-offboard_ws/install/mpc_msgs/lib/libmpc_msgs__rosidl_generator_c.so
[0.569s] -- Up-to-date: /px4_uxrce/new/px4-offboard_ws/install/mpc_msgs/include/mpc_msgs/mpc_msgs
[0.569s] -- Up-to-date: /px4_uxrce/new/px4-offboard_ws/install/mpc_msgs/include/mpc_msgs/mpc_msgs/srv
[0.569s] -- Up-to-date: /px4_uxrce/new/px4-offboard_ws/install/mpc_msgs/include/mpc_msgs/mpc_msgs/srv/detail
[0.569s] -- Up-to-date: /px4_uxrce/new/px4-offboard_ws/install/mpc_msgs/include/mpc_msgs/mpc_msgs/srv/detail/set_pose__rosidl_typesupport_fastrtps_c.h
[0.570s] -- Up-to-date: /px4_uxrce/new/px4-offboard_ws/install/mpc_msgs/include/mpc_msgs/mpc_msgs/msg
[0.570s] -- Up-to-date: /px4_uxrce/new/px4-offboard_ws/install/mpc_msgs/include/mpc_msgs/mpc_msgs/msg/rosidl_typesupport_fastrtps_c__visibility_control.h
[0.570s] -- Up-to-date: /px4_uxrce/new/px4-offboard_ws/install/mpc_msgs/lib/libmpc_msgs__rosidl_typesupport_fastrtps_c.so
[0.570s] -- Up-to-date: /px4_uxrce/new/px4-offboard_ws/install/mpc_msgs/include/mpc_msgs/mpc_msgs
[0.570s] -- Up-to-date: /px4_uxrce/new/px4-offboard_ws/install/mpc_msgs/include/mpc_msgs/mpc_msgs/srv
[0.570s] -- Up-to-date: /px4_uxrce/new/px4-offboard_ws/install/mpc_msgs/include/mpc_msgs/mpc_msgs/srv/set_pose.hpp
[0.570s] -- Up-to-date: /px4_uxrce/new/px4-offboard_ws/install/mpc_msgs/include/mpc_msgs/mpc_msgs/srv/detail
[0.570s] -- Up-to-date: /px4_uxrce/new/px4-offboard_ws/install/mpc_msgs/include/mpc_msgs/mpc_msgs/srv/detail/set_pose__builder.hpp
[0.571s] -- Up-to-date: /px4_uxrce/new/px4-offboard_ws/install/mpc_msgs/include/mpc_msgs/mpc_msgs/srv/detail/set_pose__type_support.hpp
[0.571s] -- Up-to-date: /px4_uxrce/new/px4-offboard_ws/install/mpc_msgs/include/mpc_msgs/mpc_msgs/srv/detail/set_pose__traits.hpp
[0.571s] -- Up-to-date: /px4_uxrce/new/px4-offboard_ws/install/mpc_msgs/include/mpc_msgs/mpc_msgs/srv/detail/set_pose__struct.hpp
[0.571s] -- Up-to-date: /px4_uxrce/new/px4-offboard_ws/install/mpc_msgs/include/mpc_msgs/mpc_msgs/msg
[0.571s] -- Up-to-date: /px4_uxrce/new/px4-offboard_ws/install/mpc_msgs/include/mpc_msgs/mpc_msgs/msg/rosidl_generator_cpp__visibility_control.hpp
[0.571s] -- Up-to-date: /px4_uxrce/new/px4-offboard_ws/install/mpc_msgs/include/mpc_msgs/mpc_msgs
[0.571s] -- Up-to-date: /px4_uxrce/new/px4-offboard_ws/install/mpc_msgs/include/mpc_msgs/mpc_msgs/srv
[0.572s] -- Up-to-date: /px4_uxrce/new/px4-offboard_ws/install/mpc_msgs/include/mpc_msgs/mpc_msgs/srv/detail
[0.572s] -- Up-to-date: /px4_uxrce/new/px4-offboard_ws/install/mpc_msgs/include/mpc_msgs/mpc_msgs/srv/detail/set_pose__rosidl_typesupport_fastrtps_cpp.hpp
[0.572s] -- Up-to-date: /px4_uxrce/new/px4-offboard_ws/install/mpc_msgs/include/mpc_msgs/mpc_msgs/srv/detail/dds_fastrtps
[0.572s] -- Up-to-date: /px4_uxrce/new/px4-offboard_ws/install/mpc_msgs/include/mpc_msgs/mpc_msgs/msg
[0.572s] -- Up-to-date: /px4_uxrce/new/px4-offboard_ws/install/mpc_msgs/include/mpc_msgs/mpc_msgs/msg/rosidl_typesupport_fastrtps_cpp__visibility_control.h
[0.572s] -- Up-to-date: /px4_uxrce/new/px4-offboard_ws/install/mpc_msgs/lib/libmpc_msgs__rosidl_typesupport_fastrtps_cpp.so
[0.572s] -- Up-to-date: /px4_uxrce/new/px4-offboard_ws/install/mpc_msgs/include/mpc_msgs/mpc_msgs
[0.572s] -- Up-to-date: /px4_uxrce/new/px4-offboard_ws/install/mpc_msgs/include/mpc_msgs/mpc_msgs/srv
[0.573s] -- Up-to-date: /px4_uxrce/new/px4-offboard_ws/install/mpc_msgs/include/mpc_msgs/mpc_msgs/srv/detail
[0.573s] -- Up-to-date: /px4_uxrce/new/px4-offboard_ws/install/mpc_msgs/include/mpc_msgs/mpc_msgs/srv/detail/set_pose__rosidl_typesupport_introspection_c.h
[0.573s] -- Up-to-date: /px4_uxrce/new/px4-offboard_ws/install/mpc_msgs/include/mpc_msgs/mpc_msgs/srv/detail/set_pose__type_support.c
[0.573s] -- Up-to-date: /px4_uxrce/new/px4-offboard_ws/install/mpc_msgs/include/mpc_msgs/mpc_msgs/msg
[0.573s] -- Up-to-date: /px4_uxrce/new/px4-offboard_ws/install/mpc_msgs/include/mpc_msgs/mpc_msgs/msg/rosidl_typesupport_introspection_c__visibility_control.h
[0.573s] -- Up-to-date: /px4_uxrce/new/px4-offboard_ws/install/mpc_msgs/lib/libmpc_msgs__rosidl_typesupport_introspection_c.so
[0.573s] -- Up-to-date: /px4_uxrce/new/px4-offboard_ws/install/mpc_msgs/lib/libmpc_msgs__rosidl_typesupport_c.so
[0.573s] -- Up-to-date: /px4_uxrce/new/px4-offboard_ws/install/mpc_msgs/include/mpc_msgs/mpc_msgs
[0.574s] -- Up-to-date: /px4_uxrce/new/px4-offboard_ws/install/mpc_msgs/include/mpc_msgs/mpc_msgs/srv
[0.574s] -- Up-to-date: /px4_uxrce/new/px4-offboard_ws/install/mpc_msgs/include/mpc_msgs/mpc_msgs/srv/detail
[0.574s] -- Up-to-date: /px4_uxrce/new/px4-offboard_ws/install/mpc_msgs/include/mpc_msgs/mpc_msgs/srv/detail/set_pose__rosidl_typesupport_introspection_cpp.hpp
[0.574s] -- Up-to-date: /px4_uxrce/new/px4-offboard_ws/install/mpc_msgs/include/mpc_msgs/mpc_msgs/srv/detail/set_pose__type_support.cpp
[0.574s] -- Up-to-date: /px4_uxrce/new/px4-offboard_ws/install/mpc_msgs/lib/libmpc_msgs__rosidl_typesupport_introspection_cpp.so
[0.574s] -- Up-to-date: /px4_uxrce/new/px4-offboard_ws/install/mpc_msgs/lib/libmpc_msgs__rosidl_typesupport_cpp.so
[0.574s] -- Up-to-date: /px4_uxrce/new/px4-offboard_ws/install/mpc_msgs/share/mpc_msgs/environment/pythonpath.sh
[0.574s] -- Up-to-date: /px4_uxrce/new/px4-offboard_ws/install/mpc_msgs/share/mpc_msgs/environment/pythonpath.dsv
[0.575s] -- Up-to-date: /px4_uxrce/new/px4-offboard_ws/install/mpc_msgs/local/lib/python3.10/dist-packages/mpc_msgs-0.0.0-py3.10.egg-info
[0.575s] -- Installing: /px4_uxrce/new/px4-offboard_ws/install/mpc_msgs/local/lib/python3.10/dist-packages/mpc_msgs-0.0.0-py3.10.egg-info/dependency_links.txt
[0.575s] -- Installing: /px4_uxrce/new/px4-offboard_ws/install/mpc_msgs/local/lib/python3.10/dist-packages/mpc_msgs-0.0.0-py3.10.egg-info/top_level.txt
[0.575s] -- Installing: /px4_uxrce/new/px4-offboard_ws/install/mpc_msgs/local/lib/python3.10/dist-packages/mpc_msgs-0.0.0-py3.10.egg-info/PKG-INFO
[0.575s] -- Installing: /px4_uxrce/new/px4-offboard_ws/install/mpc_msgs/local/lib/python3.10/dist-packages/mpc_msgs-0.0.0-py3.10.egg-info/SOURCES.txt
[0.575s] -- Up-to-date: /px4_uxrce/new/px4-offboard_ws/install/mpc_msgs/local/lib/python3.10/dist-packages/mpc_msgs
[0.575s] -- Up-to-date: /px4_uxrce/new/px4-offboard_ws/install/mpc_msgs/local/lib/python3.10/dist-packages/mpc_msgs/libmpc_msgs__rosidl_generator_py.so
[0.576s] -- Up-to-date: /px4_uxrce/new/px4-offboard_ws/install/mpc_msgs/local/lib/python3.10/dist-packages/mpc_msgs/mpc_msgs_s__rosidl_typesupport_c.cpython-310-x86_64-linux-gnu.so
[0.576s] -- Up-to-date: /px4_uxrce/new/px4-offboard_ws/install/mpc_msgs/local/lib/python3.10/dist-packages/mpc_msgs/_mpc_msgs_s.ep.rosidl_typesupport_c.c
[0.576s] -- Up-to-date: /px4_uxrce/new/px4-offboard_ws/install/mpc_msgs/local/lib/python3.10/dist-packages/mpc_msgs/srv
[0.576s] -- Up-to-date: /px4_uxrce/new/px4-offboard_ws/install/mpc_msgs/local/lib/python3.10/dist-packages/mpc_msgs/srv/_set_pose_s.c
[0.576s] -- Up-to-date: /px4_uxrce/new/px4-offboard_ws/install/mpc_msgs/local/lib/python3.10/dist-packages/mpc_msgs/srv/_set_pose.py
[0.576s] -- Up-to-date: /px4_uxrce/new/px4-offboard_ws/install/mpc_msgs/local/lib/python3.10/dist-packages/mpc_msgs/srv/__init__.py
[0.576s] -- Up-to-date: /px4_uxrce/new/px4-offboard_ws/install/mpc_msgs/local/lib/python3.10/dist-packages/mpc_msgs/__init__.py
[0.576s] -- Up-to-date: /px4_uxrce/new/px4-offboard_ws/install/mpc_msgs/local/lib/python3.10/dist-packages/mpc_msgs/_mpc_msgs_s.ep.rosidl_typesupport_fastrtps_c.c
[0.576s] -- Up-to-date: /px4_uxrce/new/px4-offboard_ws/install/mpc_msgs/local/lib/python3.10/dist-packages/mpc_msgs/_mpc_msgs_s.ep.rosidl_typesupport_introspection_c.c
[0.577s] -- Up-to-date: /px4_uxrce/new/px4-offboard_ws/install/mpc_msgs/local/lib/python3.10/dist-packages/mpc_msgs/mpc_msgs_s__rosidl_typesupport_fastrtps_c.cpython-310-x86_64-linux-gnu.so
[0.577s] -- Up-to-date: /px4_uxrce/new/px4-offboard_ws/install/mpc_msgs/local/lib/python3.10/dist-packages/mpc_msgs/mpc_msgs_s__rosidl_typesupport_introspection_c.cpython-310-x86_64-linux-gnu.so
[0.611s] Listing '/px4_uxrce/new/px4-offboard_ws/install/mpc_msgs/local/lib/python3.10/dist-packages/mpc_msgs'...
[0.611s] Listing '/px4_uxrce/new/px4-offboard_ws/install/mpc_msgs/local/lib/python3.10/dist-packages/mpc_msgs/srv'...
[0.616s] -- Up-to-date: /px4_uxrce/new/px4-offboard_ws/install/mpc_msgs/local/lib/python3.10/dist-packages/mpc_msgs/mpc_msgs_s__rosidl_typesupport_fastrtps_c.cpython-310-x86_64-linux-gnu.so
[0.616s] -- Up-to-date: /px4_uxrce/new/px4-offboard_ws/install/mpc_msgs/local/lib/python3.10/dist-packages/mpc_msgs/mpc_msgs_s__rosidl_typesupport_introspection_c.cpython-310-x86_64-linux-gnu.so
[0.617s] -- Up-to-date: /px4_uxrce/new/px4-offboard_ws/install/mpc_msgs/local/lib/python3.10/dist-packages/mpc_msgs/mpc_msgs_s__rosidl_typesupport_c.cpython-310-x86_64-linux-gnu.so
[0.617s] -- Up-to-date: /px4_uxrce/new/px4-offboard_ws/install/mpc_msgs/lib/libmpc_msgs__rosidl_generator_py.so
[0.617s] -- Up-to-date: /px4_uxrce/new/px4-offboard_ws/install/mpc_msgs/share/mpc_msgs/srv/SetPose.idl
[0.617s] -- Up-to-date: /px4_uxrce/new/px4-offboard_ws/install/mpc_msgs/share/mpc_msgs/srv/SetPose.srv
[0.618s] -- Up-to-date: /px4_uxrce/new/px4-offboard_ws/install/mpc_msgs/share/mpc_msgs/srv/SetPose_Request.msg
[0.618s] -- Up-to-date: /px4_uxrce/new/px4-offboard_ws/install/mpc_msgs/share/mpc_msgs/srv/SetPose_Response.msg
[0.618s] -- Up-to-date: /px4_uxrce/new/px4-offboard_ws/install/mpc_msgs/share/ament_index/resource_index/package_run_dependencies/mpc_msgs
[0.618s] -- Up-to-date: /px4_uxrce/new/px4-offboard_ws/install/mpc_msgs/share/ament_index/resource_index/parent_prefix_path/mpc_msgs
[0.618s] -- Up-to-date: /px4_uxrce/new/px4-offboard_ws/install/mpc_msgs/share/mpc_msgs/environment/ament_prefix_path.sh
[0.618s] -- Up-to-date: /px4_uxrce/new/px4-offboard_ws/install/mpc_msgs/share/mpc_msgs/environment/ament_prefix_path.dsv
[0.618s] -- Up-to-date: /px4_uxrce/new/px4-offboard_ws/install/mpc_msgs/share/mpc_msgs/environment/path.sh
[0.619s] -- Up-to-date: /px4_uxrce/new/px4-offboard_ws/install/mpc_msgs/share/mpc_msgs/environment/path.dsv
[0.619s] -- Up-to-date: /px4_uxrce/new/px4-offboard_ws/install/mpc_msgs/share/mpc_msgs/local_setup.bash
[0.619s] -- Up-to-date: /px4_uxrce/new/px4-offboard_ws/install/mpc_msgs/share/mpc_msgs/local_setup.sh
[0.619s] -- Up-to-date: /px4_uxrce/new/px4-offboard_ws/install/mpc_msgs/share/mpc_msgs/local_setup.zsh
[0.619s] -- Up-to-date: /px4_uxrce/new/px4-offboard_ws/install/mpc_msgs/share/mpc_msgs/local_setup.dsv
[0.619s] -- Installing: /px4_uxrce/new/px4-offboard_ws/install/mpc_msgs/share/mpc_msgs/package.dsv
[0.619s] -- Up-to-date: /px4_uxrce/new/px4-offboard_ws/install/mpc_msgs/share/ament_index/resource_index/packages/mpc_msgs
[0.619s] -- Up-to-date: /px4_uxrce/new/px4-offboard_ws/install/mpc_msgs/share/mpc_msgs/cmake/export_mpc_msgs__rosidl_generator_cExport.cmake
[0.620s] -- Up-to-date: /px4_uxrce/new/px4-offboard_ws/install/mpc_msgs/share/mpc_msgs/cmake/export_mpc_msgs__rosidl_generator_cExport-noconfig.cmake
[0.620s] -- Up-to-date: /px4_uxrce/new/px4-offboard_ws/install/mpc_msgs/share/mpc_msgs/cmake/export_mpc_msgs__rosidl_typesupport_fastrtps_cExport.cmake
[0.620s] -- Up-to-date: /px4_uxrce/new/px4-offboard_ws/install/mpc_msgs/share/mpc_msgs/cmake/export_mpc_msgs__rosidl_typesupport_fastrtps_cExport-noconfig.cmake
[0.620s] -- Up-to-date: /px4_uxrce/new/px4-offboard_ws/install/mpc_msgs/share/mpc_msgs/cmake/export_mpc_msgs__rosidl_generator_cppExport.cmake
[0.620s] -- Up-to-date: /px4_uxrce/new/px4-offboard_ws/install/mpc_msgs/share/mpc_msgs/cmake/export_mpc_msgs__rosidl_typesupport_fastrtps_cppExport.cmake
[0.620s] -- Up-to-date: /px4_uxrce/new/px4-offboard_ws/install/mpc_msgs/share/mpc_msgs/cmake/export_mpc_msgs__rosidl_typesupport_fastrtps_cppExport-noconfig.cmake
[0.620s] -- Up-to-date: /px4_uxrce/new/px4-offboard_ws/install/mpc_msgs/share/mpc_msgs/cmake/mpc_msgs__rosidl_typesupport_introspection_cExport.cmake
[0.620s] -- Up-to-date: /px4_uxrce/new/px4-offboard_ws/install/mpc_msgs/share/mpc_msgs/cmake/mpc_msgs__rosidl_typesupport_introspection_cExport-noconfig.cmake
[0.621s] -- Up-to-date: /px4_uxrce/new/px4-offboard_ws/install/mpc_msgs/share/mpc_msgs/cmake/mpc_msgs__rosidl_typesupport_cExport.cmake
[0.621s] -- Up-to-date: /px4_uxrce/new/px4-offboard_ws/install/mpc_msgs/share/mpc_msgs/cmake/mpc_msgs__rosidl_typesupport_cExport-noconfig.cmake
[0.621s] -- Up-to-date: /px4_uxrce/new/px4-offboard_ws/install/mpc_msgs/share/mpc_msgs/cmake/mpc_msgs__rosidl_typesupport_introspection_cppExport.cmake
[0.621s] -- Up-to-date: /px4_uxrce/new/px4-offboard_ws/install/mpc_msgs/share/mpc_msgs/cmake/mpc_msgs__rosidl_typesupport_introspection_cppExport-noconfig.cmake
[0.621s] -- Up-to-date: /px4_uxrce/new/px4-offboard_ws/install/mpc_msgs/share/mpc_msgs/cmake/mpc_msgs__rosidl_typesupport_cppExport.cmake
[0.621s] -- Up-to-date: /px4_uxrce/new/px4-offboard_ws/install/mpc_msgs/share/mpc_msgs/cmake/mpc_msgs__rosidl_typesupport_cppExport-noconfig.cmake
[0.622s] -- Up-to-date: /px4_uxrce/new/px4-offboard_ws/install/mpc_msgs/share/mpc_msgs/cmake/export_mpc_msgs__rosidl_generator_pyExport.cmake
[0.622s] -- Up-to-date: /px4_uxrce/new/px4-offboard_ws/install/mpc_msgs/share/mpc_msgs/cmake/export_mpc_msgs__rosidl_generator_pyExport-noconfig.cmake
[0.622s] -- Up-to-date: /px4_uxrce/new/px4-offboard_ws/install/mpc_msgs/share/mpc_msgs/cmake/rosidl_cmake-extras.cmake
[0.622s] -- Up-to-date: /px4_uxrce/new/px4-offboard_ws/install/mpc_msgs/share/mpc_msgs/cmake/ament_cmake_export_dependencies-extras.cmake
[0.622s] -- Up-to-date: /px4_uxrce/new/px4-offboard_ws/install/mpc_msgs/share/mpc_msgs/cmake/ament_cmake_export_include_directories-extras.cmake
[0.623s] -- Up-to-date: /px4_uxrce/new/px4-offboard_ws/install/mpc_msgs/share/mpc_msgs/cmake/ament_cmake_export_libraries-extras.cmake
[0.623s] -- Up-to-date: /px4_uxrce/new/px4-offboard_ws/install/mpc_msgs/share/mpc_msgs/cmake/ament_cmake_export_targets-extras.cmake
[0.623s] -- Up-to-date: /px4_uxrce/new/px4-offboard_ws/install/mpc_msgs/share/mpc_msgs/cmake/rosidl_cmake_export_typesupport_targets-extras.cmake
[0.623s] -- Up-to-date: /px4_uxrce/new/px4-offboard_ws/install/mpc_msgs/share/mpc_msgs/cmake/rosidl_cmake_export_typesupport_libraries-extras.cmake
[0.623s] -- Up-to-date: /px4_uxrce/new/px4-offboard_ws/install/mpc_msgs/share/mpc_msgs/cmake/mpc_msgsConfig.cmake
[0.623s] -- Up-to-date: /px4_uxrce/new/px4-offboard_ws/install/mpc_msgs/share/mpc_msgs/cmake/mpc_msgsConfig-version.cmake
[0.623s] -- Up-to-date: /px4_uxrce/new/px4-offboard_ws/install/mpc_msgs/share/mpc_msgs/package.xml
[0.625s] Invoked command in '/px4_uxrce/new/px4-offboard_ws/build/mpc_msgs' returned '0': CMAKE_PREFIX_PATH=${CMAKE_PREFIX_PATH}:/px4_uxrce/new/px4-offboard_ws/install/px4_mpc:/px4_uxrce/new/px4-offboard_ws/install/px4_offboard:/opt/ros/humble /usr/bin/cmake --install /px4_uxrce/new/px4-offboard_ws/build/mpc_msgs
