[0.123s] DEBUG:colcon:Command line arguments: ['/usr/bin/colcon', 'build']
[0.123s] DEBUG:colcon:Parsed command line arguments: Namespace(log_base=None, log_level=None, verb_name='build', build_base='build', install_base='install', merge_install=False, symlink_install=False, test_result_base=None, continue_on_error=False, executor='parallel', parallel_workers=12, event_handlers=None, ignore_user_meta=False, metas=['./colcon.meta'], base_paths=['.'], packages_ignore=None, packages_ignore_regex=None, paths=None, packages_up_to=None, packages_up_to_regex=None, packages_above=None, packages_above_and_dependencies=None, packages_above_depth=None, packages_select_by_dep=None, packages_skip_by_dep=None, packages_skip_up_to=None, packages_select_build_failed=False, packages_skip_build_finished=False, packages_select_test_failures=False, packages_skip_test_passed=False, packages_select=None, packages_skip=None, packages_select_regex=None, packages_skip_regex=None, packages_start=None, packages_end=None, cmake_args=None, cmake_target=None, cmake_target_skip_unavailable=False, cmake_clean_cache=False, cmake_clean_first=False, cmake_force_configure=False, ament_cmake_args=None, catkin_cmake_args=None, catkin_skip_building_tests=False, mixin_files=None, mixin=None, verb_parser=<colcon_mixin.mixin.mixin_argument.MixinArgumentDecorator object at 0x7fedb618d210>, verb_extension=<colcon_core.verb.build.BuildVerb object at 0x7fedb618cb80>, main=<bound method BuildVerb.main of <colcon_core.verb.build.BuildVerb object at 0x7fedb618cb80>>, mixin_verb=('build',))
[0.247s] Level 1:colcon.colcon_core.package_discovery:discover_packages(colcon_meta) check parameters
[0.248s] INFO:colcon.colcon_metadata.package_discovery.colcon_meta:Using configuration from '/root/.colcon/metadata/default/Gazebo.meta'
[0.248s] INFO:colcon.colcon_metadata.package_discovery.colcon_meta:Using configuration from '/root/.colcon/metadata/default/fastrtps.meta'
[0.248s] Level 1:colcon.colcon_core.package_discovery:discover_packages(recursive) check parameters
[0.248s] Level 1:colcon.colcon_core.package_discovery:discover_packages(ignore) check parameters
[0.248s] Level 1:colcon.colcon_core.package_discovery:discover_packages(path) check parameters
[0.248s] Level 1:colcon.colcon_core.package_discovery:discover_packages(colcon_meta) discover
[0.248s] Level 1:colcon.colcon_core.package_discovery:discover_packages(recursive) discover
[0.248s] INFO:colcon.colcon_core.package_discovery:Crawling recursively for packages in '/px4_uxrce/convex_ellipsoid_planner'
[0.249s] Level 1:colcon.colcon_core.package_identification:_identify(.) by extensions ['ignore', 'ignore_ament_install']
[0.249s] Level 1:colcon.colcon_core.package_identification:_identify(.) by extension 'ignore'
[0.249s] Level 1:colcon.colcon_core.package_identification:_identify(.) by extension 'ignore_ament_install'
[0.249s] Level 1:colcon.colcon_core.package_identification:_identify(.) by extensions ['colcon_pkg']
[0.249s] Level 1:colcon.colcon_core.package_identification:_identify(.) by extension 'colcon_pkg'
[0.249s] Level 1:colcon.colcon_core.package_identification:_identify(.) by extensions ['colcon_meta']
[0.249s] Level 1:colcon.colcon_core.package_identification:_identify(.) by extension 'colcon_meta'
[0.249s] Level 1:colcon.colcon_core.package_identification:_identify(.) by extensions ['ros']
[0.249s] Level 1:colcon.colcon_core.package_identification:_identify(.) by extension 'ros'
[0.261s] Level 1:colcon.colcon_core.package_identification:_identify(.) by extensions ['cmake', 'python']
[0.261s] Level 1:colcon.colcon_core.package_identification:_identify(.) by extension 'cmake'
[0.261s] Level 1:colcon.colcon_core.package_identification:_identify(.) by extension 'python'
[0.261s] Level 1:colcon.colcon_core.package_identification:_identify(.) by extensions ['python_setup_py']
[0.261s] Level 1:colcon.colcon_core.package_identification:_identify(.) by extension 'python_setup_py'
[0.261s] Level 1:colcon.colcon_core.package_identification:_identify(build) by extensions ['ignore', 'ignore_ament_install']
[0.261s] Level 1:colcon.colcon_core.package_identification:_identify(build) by extension 'ignore'
[0.261s] Level 1:colcon.colcon_core.package_identification:_identify(build) ignored
[0.261s] Level 1:colcon.colcon_core.package_identification:_identify(install) by extensions ['ignore', 'ignore_ament_install']
[0.261s] Level 1:colcon.colcon_core.package_identification:_identify(install) by extension 'ignore'
[0.261s] Level 1:colcon.colcon_core.package_identification:_identify(install) ignored
[0.262s] Level 1:colcon.colcon_core.package_identification:_identify(log) by extensions ['ignore', 'ignore_ament_install']
[0.262s] Level 1:colcon.colcon_core.package_identification:_identify(log) by extension 'ignore'
[0.262s] Level 1:colcon.colcon_core.package_identification:_identify(log) ignored
[0.262s] Level 1:colcon.colcon_core.package_identification:_identify(src) by extensions ['ignore', 'ignore_ament_install']
[0.262s] Level 1:colcon.colcon_core.package_identification:_identify(src) by extension 'ignore'
[0.262s] Level 1:colcon.colcon_core.package_identification:_identify(src) by extension 'ignore_ament_install'
[0.262s] Level 1:colcon.colcon_core.package_identification:_identify(src) by extensions ['colcon_pkg']
[0.262s] Level 1:colcon.colcon_core.package_identification:_identify(src) by extension 'colcon_pkg'
[0.262s] Level 1:colcon.colcon_core.package_identification:_identify(src) by extensions ['colcon_meta']
[0.262s] Level 1:colcon.colcon_core.package_identification:_identify(src) by extension 'colcon_meta'
[0.262s] Level 1:colcon.colcon_core.package_identification:_identify(src) by extensions ['ros']
[0.262s] Level 1:colcon.colcon_core.package_identification:_identify(src) by extension 'ros'
[0.262s] Level 1:colcon.colcon_core.package_identification:_identify(src) by extensions ['cmake', 'python']
[0.262s] Level 1:colcon.colcon_core.package_identification:_identify(src) by extension 'cmake'
[0.262s] Level 1:colcon.colcon_core.package_identification:_identify(src) by extension 'python'
[0.262s] Level 1:colcon.colcon_core.package_identification:_identify(src) by extensions ['python_setup_py']
[0.262s] Level 1:colcon.colcon_core.package_identification:_identify(src) by extension 'python_setup_py'
[0.263s] Level 1:colcon.colcon_core.package_identification:_identify(src/clustering_python) by extensions ['ignore', 'ignore_ament_install']
[0.263s] Level 1:colcon.colcon_core.package_identification:_identify(src/clustering_python) by extension 'ignore'
[0.263s] Level 1:colcon.colcon_core.package_identification:_identify(src/clustering_python) by extension 'ignore_ament_install'
[0.263s] Level 1:colcon.colcon_core.package_identification:_identify(src/clustering_python) by extensions ['colcon_pkg']
[0.263s] Level 1:colcon.colcon_core.package_identification:_identify(src/clustering_python) by extension 'colcon_pkg'
[0.263s] Level 1:colcon.colcon_core.package_identification:_identify(src/clustering_python) by extensions ['colcon_meta']
[0.263s] Level 1:colcon.colcon_core.package_identification:_identify(src/clustering_python) by extension 'colcon_meta'
[0.263s] Level 1:colcon.colcon_core.package_identification:_identify(src/clustering_python) by extensions ['ros']
[0.263s] Level 1:colcon.colcon_core.package_identification:_identify(src/clustering_python) by extension 'ros'
[0.265s] DEBUG:colcon.colcon_core.package_identification:Package 'src/clustering_python' with type 'ros.ament_python' and name 'clustering_python'
[0.266s] Level 1:colcon.colcon_core.package_identification:_identify(src/custom_interface_gym) by extensions ['ignore', 'ignore_ament_install']
[0.266s] Level 1:colcon.colcon_core.package_identification:_identify(src/custom_interface_gym) by extension 'ignore'
[0.266s] Level 1:colcon.colcon_core.package_identification:_identify(src/custom_interface_gym) by extension 'ignore_ament_install'
[0.266s] Level 1:colcon.colcon_core.package_identification:_identify(src/custom_interface_gym) by extensions ['colcon_pkg']
[0.266s] Level 1:colcon.colcon_core.package_identification:_identify(src/custom_interface_gym) by extension 'colcon_pkg'
[0.266s] Level 1:colcon.colcon_core.package_identification:_identify(src/custom_interface_gym) by extensions ['colcon_meta']
[0.266s] Level 1:colcon.colcon_core.package_identification:_identify(src/custom_interface_gym) by extension 'colcon_meta'
[0.266s] Level 1:colcon.colcon_core.package_identification:_identify(src/custom_interface_gym) by extensions ['ros']
[0.266s] Level 1:colcon.colcon_core.package_identification:_identify(src/custom_interface_gym) by extension 'ros'
[0.267s] DEBUG:colcon.colcon_core.package_identification:Package 'src/custom_interface_gym' with type 'ros.ament_cmake' and name 'custom_interface_gym'
[0.267s] Level 1:colcon.colcon_core.package_identification:_identify(src/px4_msgs) by extensions ['ignore', 'ignore_ament_install']
[0.267s] Level 1:colcon.colcon_core.package_identification:_identify(src/px4_msgs) by extension 'ignore'
[0.267s] Level 1:colcon.colcon_core.package_identification:_identify(src/px4_msgs) by extension 'ignore_ament_install'
[0.267s] Level 1:colcon.colcon_core.package_identification:_identify(src/px4_msgs) by extensions ['colcon_pkg']
[0.267s] Level 1:colcon.colcon_core.package_identification:_identify(src/px4_msgs) by extension 'colcon_pkg'
[0.267s] Level 1:colcon.colcon_core.package_identification:_identify(src/px4_msgs) by extensions ['colcon_meta']
[0.267s] Level 1:colcon.colcon_core.package_identification:_identify(src/px4_msgs) by extension 'colcon_meta'
[0.267s] Level 1:colcon.colcon_core.package_identification:_identify(src/px4_msgs) by extensions ['ros']
[0.267s] Level 1:colcon.colcon_core.package_identification:_identify(src/px4_msgs) by extension 'ros'
[0.268s] DEBUG:colcon.colcon_core.package_identification:Package 'src/px4_msgs' with type 'ros.ament_cmake' and name 'px4_msgs'
[0.268s] Level 1:colcon.colcon_core.package_identification:_identify(src/px4_ros_com) by extensions ['ignore', 'ignore_ament_install']
[0.268s] Level 1:colcon.colcon_core.package_identification:_identify(src/px4_ros_com) by extension 'ignore'
[0.268s] Level 1:colcon.colcon_core.package_identification:_identify(src/px4_ros_com) by extension 'ignore_ament_install'
[0.268s] Level 1:colcon.colcon_core.package_identification:_identify(src/px4_ros_com) by extensions ['colcon_pkg']
[0.268s] Level 1:colcon.colcon_core.package_identification:_identify(src/px4_ros_com) by extension 'colcon_pkg'
[0.269s] Level 1:colcon.colcon_core.package_identification:_identify(src/px4_ros_com) by extensions ['colcon_meta']
[0.269s] Level 1:colcon.colcon_core.package_identification:_identify(src/px4_ros_com) by extension 'colcon_meta'
[0.269s] Level 1:colcon.colcon_core.package_identification:_identify(src/px4_ros_com) by extensions ['ros']
[0.269s] Level 1:colcon.colcon_core.package_identification:_identify(src/px4_ros_com) by extension 'ros'
[0.270s] DEBUG:colcon.colcon_core.package_identification:Package 'src/px4_ros_com' with type 'ros.ament_cmake' and name 'px4_ros_com'
[0.270s] Level 1:colcon.colcon_core.package_identification:_identify(src/ros2_gym_pybullet_drones) by extensions ['ignore', 'ignore_ament_install']
[0.270s] Level 1:colcon.colcon_core.package_identification:_identify(src/ros2_gym_pybullet_drones) by extension 'ignore'
[0.270s] Level 1:colcon.colcon_core.package_identification:_identify(src/ros2_gym_pybullet_drones) by extension 'ignore_ament_install'
[0.270s] Level 1:colcon.colcon_core.package_identification:_identify(src/ros2_gym_pybullet_drones) by extensions ['colcon_pkg']
[0.270s] Level 1:colcon.colcon_core.package_identification:_identify(src/ros2_gym_pybullet_drones) by extension 'colcon_pkg'
[0.270s] Level 1:colcon.colcon_core.package_identification:_identify(src/ros2_gym_pybullet_drones) by extensions ['colcon_meta']
[0.270s] Level 1:colcon.colcon_core.package_identification:_identify(src/ros2_gym_pybullet_drones) by extension 'colcon_meta'
[0.270s] Level 1:colcon.colcon_core.package_identification:_identify(src/ros2_gym_pybullet_drones) by extensions ['ros']
[0.270s] Level 1:colcon.colcon_core.package_identification:_identify(src/ros2_gym_pybullet_drones) by extension 'ros'
[0.271s] DEBUG:colcon.colcon_core.package_identification:Package 'src/ros2_gym_pybullet_drones' with type 'ros.ament_python' and name 'ros2_gym_pybullet_drones'
[0.271s] Level 1:colcon.colcon_core.package_identification:_identify(src/rrt_path_finder) by extensions ['ignore', 'ignore_ament_install']
[0.271s] Level 1:colcon.colcon_core.package_identification:_identify(src/rrt_path_finder) by extension 'ignore'
[0.271s] Level 1:colcon.colcon_core.package_identification:_identify(src/rrt_path_finder) by extension 'ignore_ament_install'
[0.271s] Level 1:colcon.colcon_core.package_identification:_identify(src/rrt_path_finder) by extensions ['colcon_pkg']
[0.271s] Level 1:colcon.colcon_core.package_identification:_identify(src/rrt_path_finder) by extension 'colcon_pkg'
[0.271s] Level 1:colcon.colcon_core.package_identification:_identify(src/rrt_path_finder) by extensions ['colcon_meta']
[0.271s] Level 1:colcon.colcon_core.package_identification:_identify(src/rrt_path_finder) by extension 'colcon_meta'
[0.271s] Level 1:colcon.colcon_core.package_identification:_identify(src/rrt_path_finder) by extensions ['ros']
[0.272s] Level 1:colcon.colcon_core.package_identification:_identify(src/rrt_path_finder) by extension 'ros'
[0.272s] DEBUG:colcon.colcon_core.package_identification:Package 'src/rrt_path_finder' with type 'ros.ament_cmake' and name 'rrt_path_finder'
[0.272s] Level 1:colcon.colcon_core.package_identification:_identify(src/rrt_python_gym) by extensions ['ignore', 'ignore_ament_install']
[0.273s] Level 1:colcon.colcon_core.package_identification:_identify(src/rrt_python_gym) by extension 'ignore'
[0.273s] Level 1:colcon.colcon_core.package_identification:_identify(src/rrt_python_gym) by extension 'ignore_ament_install'
[0.273s] Level 1:colcon.colcon_core.package_identification:_identify(src/rrt_python_gym) by extensions ['colcon_pkg']
[0.273s] Level 1:colcon.colcon_core.package_identification:_identify(src/rrt_python_gym) by extension 'colcon_pkg'
[0.273s] Level 1:colcon.colcon_core.package_identification:_identify(src/rrt_python_gym) by extensions ['colcon_meta']
[0.273s] Level 1:colcon.colcon_core.package_identification:_identify(src/rrt_python_gym) by extension 'colcon_meta'
[0.273s] Level 1:colcon.colcon_core.package_identification:_identify(src/rrt_python_gym) by extensions ['ros']
[0.273s] Level 1:colcon.colcon_core.package_identification:_identify(src/rrt_python_gym) by extension 'ros'
[0.274s] DEBUG:colcon.colcon_core.package_identification:Package 'src/rrt_python_gym' with type 'ros.ament_python' and name 'rrt_python_gym'
[0.274s] Level 1:colcon.colcon_core.package_discovery:discover_packages(recursive) using defaults
[0.274s] Level 1:colcon.colcon_core.package_discovery:discover_packages(ignore) discover
[0.274s] Level 1:colcon.colcon_core.package_discovery:discover_packages(ignore) using defaults
[0.274s] Level 1:colcon.colcon_core.package_discovery:discover_packages(path) discover
[0.274s] Level 1:colcon.colcon_core.package_discovery:discover_packages(path) using defaults
[0.297s] Level 5:colcon.colcon_core.verb:set package 'clustering_python' build argument 'cmake_args' from command line to 'None'
[0.297s] Level 5:colcon.colcon_core.verb:set package 'clustering_python' build argument 'cmake_target' from command line to 'None'
[0.297s] Level 5:colcon.colcon_core.verb:set package 'clustering_python' build argument 'cmake_target_skip_unavailable' from command line to 'False'
[0.297s] Level 5:colcon.colcon_core.verb:set package 'clustering_python' build argument 'cmake_clean_cache' from command line to 'False'
[0.297s] Level 5:colcon.colcon_core.verb:set package 'clustering_python' build argument 'cmake_clean_first' from command line to 'False'
[0.297s] Level 5:colcon.colcon_core.verb:set package 'clustering_python' build argument 'cmake_force_configure' from command line to 'False'
[0.297s] Level 5:colcon.colcon_core.verb:set package 'clustering_python' build argument 'ament_cmake_args' from command line to 'None'
[0.297s] Level 5:colcon.colcon_core.verb:set package 'clustering_python' build argument 'catkin_cmake_args' from command line to 'None'
[0.297s] Level 5:colcon.colcon_core.verb:set package 'clustering_python' build argument 'catkin_skip_building_tests' from command line to 'False'
[0.297s] DEBUG:colcon.colcon_core.verb:Building package 'clustering_python' with the following arguments: {'ament_cmake_args': None, 'build_base': '/px4_uxrce/convex_ellipsoid_planner/build/clustering_python', 'catkin_cmake_args': None, 'catkin_skip_building_tests': False, 'cmake_args': None, 'cmake_clean_cache': False, 'cmake_clean_first': False, 'cmake_force_configure': False, 'cmake_target': None, 'cmake_target_skip_unavailable': False, 'install_base': '/px4_uxrce/convex_ellipsoid_planner/install/clustering_python', 'merge_install': False, 'path': '/px4_uxrce/convex_ellipsoid_planner/src/clustering_python', 'symlink_install': False, 'test_result_base': None}
[0.297s] Level 5:colcon.colcon_core.verb:set package 'custom_interface_gym' build argument 'cmake_args' from command line to 'None'
[0.298s] Level 5:colcon.colcon_core.verb:set package 'custom_interface_gym' build argument 'cmake_target' from command line to 'None'
[0.298s] Level 5:colcon.colcon_core.verb:set package 'custom_interface_gym' build argument 'cmake_target_skip_unavailable' from command line to 'False'
[0.298s] Level 5:colcon.colcon_core.verb:set package 'custom_interface_gym' build argument 'cmake_clean_cache' from command line to 'False'
[0.298s] Level 5:colcon.colcon_core.verb:set package 'custom_interface_gym' build argument 'cmake_clean_first' from command line to 'False'
[0.298s] Level 5:colcon.colcon_core.verb:set package 'custom_interface_gym' build argument 'cmake_force_configure' from command line to 'False'
[0.298s] Level 5:colcon.colcon_core.verb:set package 'custom_interface_gym' build argument 'ament_cmake_args' from command line to 'None'
[0.298s] Level 5:colcon.colcon_core.verb:set package 'custom_interface_gym' build argument 'catkin_cmake_args' from command line to 'None'
[0.298s] Level 5:colcon.colcon_core.verb:set package 'custom_interface_gym' build argument 'catkin_skip_building_tests' from command line to 'False'
[0.298s] DEBUG:colcon.colcon_core.verb:Building package 'custom_interface_gym' with the following arguments: {'ament_cmake_args': None, 'build_base': '/px4_uxrce/convex_ellipsoid_planner/build/custom_interface_gym', 'catkin_cmake_args': None, 'catkin_skip_building_tests': False, 'cmake_args': None, 'cmake_clean_cache': False, 'cmake_clean_first': False, 'cmake_force_configure': False, 'cmake_target': None, 'cmake_target_skip_unavailable': False, 'install_base': '/px4_uxrce/convex_ellipsoid_planner/install/custom_interface_gym', 'merge_install': False, 'path': '/px4_uxrce/convex_ellipsoid_planner/src/custom_interface_gym', 'symlink_install': False, 'test_result_base': None}
[0.298s] Level 5:colcon.colcon_core.verb:set package 'px4_msgs' build argument 'cmake_args' from command line to 'None'
[0.298s] Level 5:colcon.colcon_core.verb:set package 'px4_msgs' build argument 'cmake_target' from command line to 'None'
[0.298s] Level 5:colcon.colcon_core.verb:set package 'px4_msgs' build argument 'cmake_target_skip_unavailable' from command line to 'False'
[0.298s] Level 5:colcon.colcon_core.verb:set package 'px4_msgs' build argument 'cmake_clean_cache' from command line to 'False'
[0.298s] Level 5:colcon.colcon_core.verb:set package 'px4_msgs' build argument 'cmake_clean_first' from command line to 'False'
[0.298s] Level 5:colcon.colcon_core.verb:set package 'px4_msgs' build argument 'cmake_force_configure' from command line to 'False'
[0.298s] Level 5:colcon.colcon_core.verb:set package 'px4_msgs' build argument 'ament_cmake_args' from command line to 'None'
[0.298s] Level 5:colcon.colcon_core.verb:set package 'px4_msgs' build argument 'catkin_cmake_args' from command line to 'None'
[0.298s] Level 5:colcon.colcon_core.verb:set package 'px4_msgs' build argument 'catkin_skip_building_tests' from command line to 'False'
[0.298s] DEBUG:colcon.colcon_core.verb:Building package 'px4_msgs' with the following arguments: {'ament_cmake_args': None, 'build_base': '/px4_uxrce/convex_ellipsoid_planner/build/px4_msgs', 'catkin_cmake_args': None, 'catkin_skip_building_tests': False, 'cmake_args': None, 'cmake_clean_cache': False, 'cmake_clean_first': False, 'cmake_force_configure': False, 'cmake_target': None, 'cmake_target_skip_unavailable': False, 'install_base': '/px4_uxrce/convex_ellipsoid_planner/install/px4_msgs', 'merge_install': False, 'path': '/px4_uxrce/convex_ellipsoid_planner/src/px4_msgs', 'symlink_install': False, 'test_result_base': None}
[0.299s] Level 5:colcon.colcon_core.verb:set package 'ros2_gym_pybullet_drones' build argument 'cmake_args' from command line to 'None'
[0.299s] Level 5:colcon.colcon_core.verb:set package 'ros2_gym_pybullet_drones' build argument 'cmake_target' from command line to 'None'
[0.299s] Level 5:colcon.colcon_core.verb:set package 'ros2_gym_pybullet_drones' build argument 'cmake_target_skip_unavailable' from command line to 'False'
[0.299s] Level 5:colcon.colcon_core.verb:set package 'ros2_gym_pybullet_drones' build argument 'cmake_clean_cache' from command line to 'False'
[0.299s] Level 5:colcon.colcon_core.verb:set package 'ros2_gym_pybullet_drones' build argument 'cmake_clean_first' from command line to 'False'
[0.299s] Level 5:colcon.colcon_core.verb:set package 'ros2_gym_pybullet_drones' build argument 'cmake_force_configure' from command line to 'False'
[0.299s] Level 5:colcon.colcon_core.verb:set package 'ros2_gym_pybullet_drones' build argument 'ament_cmake_args' from command line to 'None'
[0.299s] Level 5:colcon.colcon_core.verb:set package 'ros2_gym_pybullet_drones' build argument 'catkin_cmake_args' from command line to 'None'
[0.299s] Level 5:colcon.colcon_core.verb:set package 'ros2_gym_pybullet_drones' build argument 'catkin_skip_building_tests' from command line to 'False'
[0.299s] DEBUG:colcon.colcon_core.verb:Building package 'ros2_gym_pybullet_drones' with the following arguments: {'ament_cmake_args': None, 'build_base': '/px4_uxrce/convex_ellipsoid_planner/build/ros2_gym_pybullet_drones', 'catkin_cmake_args': None, 'catkin_skip_building_tests': False, 'cmake_args': None, 'cmake_clean_cache': False, 'cmake_clean_first': False, 'cmake_force_configure': False, 'cmake_target': None, 'cmake_target_skip_unavailable': False, 'install_base': '/px4_uxrce/convex_ellipsoid_planner/install/ros2_gym_pybullet_drones', 'merge_install': False, 'path': '/px4_uxrce/convex_ellipsoid_planner/src/ros2_gym_pybullet_drones', 'symlink_install': False, 'test_result_base': None}
[0.299s] Level 5:colcon.colcon_core.verb:set package 'rrt_path_finder' build argument 'cmake_args' from command line to 'None'
[0.299s] Level 5:colcon.colcon_core.verb:set package 'rrt_path_finder' build argument 'cmake_target' from command line to 'None'
[0.299s] Level 5:colcon.colcon_core.verb:set package 'rrt_path_finder' build argument 'cmake_target_skip_unavailable' from command line to 'False'
[0.299s] Level 5:colcon.colcon_core.verb:set package 'rrt_path_finder' build argument 'cmake_clean_cache' from command line to 'False'
[0.300s] Level 5:colcon.colcon_core.verb:set package 'rrt_path_finder' build argument 'cmake_clean_first' from command line to 'False'
[0.300s] Level 5:colcon.colcon_core.verb:set package 'rrt_path_finder' build argument 'cmake_force_configure' from command line to 'False'
[0.300s] Level 5:colcon.colcon_core.verb:set package 'rrt_path_finder' build argument 'ament_cmake_args' from command line to 'None'
[0.300s] Level 5:colcon.colcon_core.verb:set package 'rrt_path_finder' build argument 'catkin_cmake_args' from command line to 'None'
[0.300s] Level 5:colcon.colcon_core.verb:set package 'rrt_path_finder' build argument 'catkin_skip_building_tests' from command line to 'False'
[0.300s] DEBUG:colcon.colcon_core.verb:Building package 'rrt_path_finder' with the following arguments: {'ament_cmake_args': None, 'build_base': '/px4_uxrce/convex_ellipsoid_planner/build/rrt_path_finder', 'catkin_cmake_args': None, 'catkin_skip_building_tests': False, 'cmake_args': None, 'cmake_clean_cache': False, 'cmake_clean_first': False, 'cmake_force_configure': False, 'cmake_target': None, 'cmake_target_skip_unavailable': False, 'install_base': '/px4_uxrce/convex_ellipsoid_planner/install/rrt_path_finder', 'merge_install': False, 'path': '/px4_uxrce/convex_ellipsoid_planner/src/rrt_path_finder', 'symlink_install': False, 'test_result_base': None}
[0.300s] Level 5:colcon.colcon_core.verb:set package 'rrt_python_gym' build argument 'cmake_args' from command line to 'None'
[0.300s] Level 5:colcon.colcon_core.verb:set package 'rrt_python_gym' build argument 'cmake_target' from command line to 'None'
[0.300s] Level 5:colcon.colcon_core.verb:set package 'rrt_python_gym' build argument 'cmake_target_skip_unavailable' from command line to 'False'
[0.300s] Level 5:colcon.colcon_core.verb:set package 'rrt_python_gym' build argument 'cmake_clean_cache' from command line to 'False'
[0.300s] Level 5:colcon.colcon_core.verb:set package 'rrt_python_gym' build argument 'cmake_clean_first' from command line to 'False'
[0.300s] Level 5:colcon.colcon_core.verb:set package 'rrt_python_gym' build argument 'cmake_force_configure' from command line to 'False'
[0.300s] Level 5:colcon.colcon_core.verb:set package 'rrt_python_gym' build argument 'ament_cmake_args' from command line to 'None'
[0.300s] Level 5:colcon.colcon_core.verb:set package 'rrt_python_gym' build argument 'catkin_cmake_args' from command line to 'None'
[0.300s] Level 5:colcon.colcon_core.verb:set package 'rrt_python_gym' build argument 'catkin_skip_building_tests' from command line to 'False'
[0.300s] DEBUG:colcon.colcon_core.verb:Building package 'rrt_python_gym' with the following arguments: {'ament_cmake_args': None, 'build_base': '/px4_uxrce/convex_ellipsoid_planner/build/rrt_python_gym', 'catkin_cmake_args': None, 'catkin_skip_building_tests': False, 'cmake_args': None, 'cmake_clean_cache': False, 'cmake_clean_first': False, 'cmake_force_configure': False, 'cmake_target': None, 'cmake_target_skip_unavailable': False, 'install_base': '/px4_uxrce/convex_ellipsoid_planner/install/rrt_python_gym', 'merge_install': False, 'path': '/px4_uxrce/convex_ellipsoid_planner/src/rrt_python_gym', 'symlink_install': False, 'test_result_base': None}
[0.301s] Level 5:colcon.colcon_core.verb:set package 'px4_ros_com' build argument 'cmake_args' from command line to 'None'
[0.301s] Level 5:colcon.colcon_core.verb:set package 'px4_ros_com' build argument 'cmake_target' from command line to 'None'
[0.301s] Level 5:colcon.colcon_core.verb:set package 'px4_ros_com' build argument 'cmake_target_skip_unavailable' from command line to 'False'
[0.301s] Level 5:colcon.colcon_core.verb:set package 'px4_ros_com' build argument 'cmake_clean_cache' from command line to 'False'
[0.301s] Level 5:colcon.colcon_core.verb:set package 'px4_ros_com' build argument 'cmake_clean_first' from command line to 'False'
[0.301s] Level 5:colcon.colcon_core.verb:set package 'px4_ros_com' build argument 'cmake_force_configure' from command line to 'False'
[0.301s] Level 5:colcon.colcon_core.verb:set package 'px4_ros_com' build argument 'ament_cmake_args' from command line to 'None'
[0.301s] Level 5:colcon.colcon_core.verb:set package 'px4_ros_com' build argument 'catkin_cmake_args' from command line to 'None'
[0.301s] Level 5:colcon.colcon_core.verb:set package 'px4_ros_com' build argument 'catkin_skip_building_tests' from command line to 'False'
[0.301s] DEBUG:colcon.colcon_core.verb:Building package 'px4_ros_com' with the following arguments: {'ament_cmake_args': None, 'build_base': '/px4_uxrce/convex_ellipsoid_planner/build/px4_ros_com', 'catkin_cmake_args': None, 'catkin_skip_building_tests': False, 'cmake_args': None, 'cmake_clean_cache': False, 'cmake_clean_first': False, 'cmake_force_configure': False, 'cmake_target': None, 'cmake_target_skip_unavailable': False, 'install_base': '/px4_uxrce/convex_ellipsoid_planner/install/px4_ros_com', 'merge_install': False, 'path': '/px4_uxrce/convex_ellipsoid_planner/src/px4_ros_com', 'symlink_install': False, 'test_result_base': None}
[0.301s] INFO:colcon.colcon_core.executor:Executing jobs using 'parallel' executor
[0.302s] DEBUG:colcon.colcon_parallel_executor.executor.parallel:run_until_complete
[0.302s] INFO:colcon.colcon_ros.task.ament_cmake.build:Building ROS package in '/px4_uxrce/convex_ellipsoid_planner/src/px4_msgs' with build type 'ament_cmake'
[0.302s] INFO:colcon.colcon_cmake.task.cmake.build:Building CMake package in '/px4_uxrce/convex_ellipsoid_planner/src/px4_msgs'
[0.304s] INFO:colcon.colcon_core.plugin_system:Skipping extension 'colcon_core.shell.bat': Not used on non-Windows systems
[0.305s] INFO:colcon.colcon_core.shell:Skip shell extension 'powershell' for command environment: Not usable outside of PowerShell
[0.305s] DEBUG:colcon.colcon_core.shell:Skip shell extension 'dsv' for command environment
[0.308s] INFO:colcon.colcon_ros.task.ament_python.build:Building ROS package in '/px4_uxrce/convex_ellipsoid_planner/src/clustering_python' with build type 'ament_python'
[0.308s] Level 1:colcon.colcon_core.shell:create_environment_hook('clustering_python', 'ament_prefix_path')
[0.309s] INFO:colcon.colcon_core.shell:Creating environment hook '/px4_uxrce/convex_ellipsoid_planner/install/clustering_python/share/clustering_python/hook/ament_prefix_path.ps1'
[0.310s] INFO:colcon.colcon_core.shell:Creating environment descriptor '/px4_uxrce/convex_ellipsoid_planner/install/clustering_python/share/clustering_python/hook/ament_prefix_path.dsv'
[0.310s] INFO:colcon.colcon_core.shell:Creating environment hook '/px4_uxrce/convex_ellipsoid_planner/install/clustering_python/share/clustering_python/hook/ament_prefix_path.sh'
[0.311s] INFO:colcon.colcon_core.shell:Skip shell extension 'powershell' for command environment: Not usable outside of PowerShell
[0.311s] DEBUG:colcon.colcon_core.shell:Skip shell extension 'dsv' for command environment
[0.313s] INFO:colcon.colcon_ros.task.ament_cmake.build:Building ROS package in '/px4_uxrce/convex_ellipsoid_planner/src/custom_interface_gym' with build type 'ament_cmake'
[0.313s] INFO:colcon.colcon_cmake.task.cmake.build:Building CMake package in '/px4_uxrce/convex_ellipsoid_planner/src/custom_interface_gym'
[0.313s] INFO:colcon.colcon_core.shell:Skip shell extension 'powershell' for command environment: Not usable outside of PowerShell
[0.313s] DEBUG:colcon.colcon_core.shell:Skip shell extension 'dsv' for command environment
[0.316s] INFO:colcon.colcon_ros.task.ament_python.build:Building ROS package in '/px4_uxrce/convex_ellipsoid_planner/src/ros2_gym_pybullet_drones' with build type 'ament_python'
[0.316s] Level 1:colcon.colcon_core.shell:create_environment_hook('ros2_gym_pybullet_drones', 'ament_prefix_path')
[0.316s] INFO:colcon.colcon_core.shell:Creating environment hook '/px4_uxrce/convex_ellipsoid_planner/install/ros2_gym_pybullet_drones/share/ros2_gym_pybullet_drones/hook/ament_prefix_path.ps1'
[0.317s] INFO:colcon.colcon_core.shell:Creating environment descriptor '/px4_uxrce/convex_ellipsoid_planner/install/ros2_gym_pybullet_drones/share/ros2_gym_pybullet_drones/hook/ament_prefix_path.dsv'
[0.317s] INFO:colcon.colcon_core.shell:Creating environment hook '/px4_uxrce/convex_ellipsoid_planner/install/ros2_gym_pybullet_drones/share/ros2_gym_pybullet_drones/hook/ament_prefix_path.sh'
[0.318s] INFO:colcon.colcon_core.shell:Skip shell extension 'powershell' for command environment: Not usable outside of PowerShell
[0.318s] DEBUG:colcon.colcon_core.shell:Skip shell extension 'dsv' for command environment
[0.320s] INFO:colcon.colcon_ros.task.ament_cmake.build:Building ROS package in '/px4_uxrce/convex_ellipsoid_planner/src/rrt_path_finder' with build type 'ament_cmake'
[0.320s] INFO:colcon.colcon_cmake.task.cmake.build:Building CMake package in '/px4_uxrce/convex_ellipsoid_planner/src/rrt_path_finder'
[0.321s] INFO:colcon.colcon_core.shell:Skip shell extension 'powershell' for command environment: Not usable outside of PowerShell
[0.321s] DEBUG:colcon.colcon_core.shell:Skip shell extension 'dsv' for command environment
[0.324s] INFO:colcon.colcon_ros.task.ament_python.build:Building ROS package in '/px4_uxrce/convex_ellipsoid_planner/src/rrt_python_gym' with build type 'ament_python'
[0.324s] Level 1:colcon.colcon_core.shell:create_environment_hook('rrt_python_gym', 'ament_prefix_path')
[0.324s] INFO:colcon.colcon_core.shell:Creating environment hook '/px4_uxrce/convex_ellipsoid_planner/install/rrt_python_gym/share/rrt_python_gym/hook/ament_prefix_path.ps1'
[0.325s] INFO:colcon.colcon_core.shell:Creating environment descriptor '/px4_uxrce/convex_ellipsoid_planner/install/rrt_python_gym/share/rrt_python_gym/hook/ament_prefix_path.dsv'
[0.325s] INFO:colcon.colcon_core.shell:Creating environment hook '/px4_uxrce/convex_ellipsoid_planner/install/rrt_python_gym/share/rrt_python_gym/hook/ament_prefix_path.sh'
[0.326s] INFO:colcon.colcon_core.shell:Skip shell extension 'powershell' for command environment: Not usable outside of PowerShell
[0.326s] DEBUG:colcon.colcon_core.shell:Skip shell extension 'dsv' for command environment
[0.334s] DEBUG:colcon.colcon_core.event_handler.log_command:Invoking command in '/px4_uxrce/convex_ellipsoid_planner/build/px4_msgs': CMAKE_PREFIX_PATH=/opt/ros/humble /usr/bin/cmake /px4_uxrce/convex_ellipsoid_planner/src/px4_msgs -DCMAKE_INSTALL_PREFIX=/px4_uxrce/convex_ellipsoid_planner/install/px4_msgs
[0.592s] INFO:colcon.colcon_core.task.python.build:Building Python package in '/px4_uxrce/convex_ellipsoid_planner/src/clustering_python'
[0.592s] INFO:colcon.colcon_core.shell:Skip shell extension 'powershell' for command environment: Not usable outside of PowerShell
[0.592s] DEBUG:colcon.colcon_core.shell:Skip shell extension 'dsv' for command environment
[0.597s] DEBUG:colcon.colcon_core.event_handler.log_command:Invoking command in '/px4_uxrce/convex_ellipsoid_planner/build/custom_interface_gym': CMAKE_PREFIX_PATH=/opt/ros/humble /usr/bin/cmake /px4_uxrce/convex_ellipsoid_planner/src/custom_interface_gym -DCMAKE_INSTALL_PREFIX=/px4_uxrce/convex_ellipsoid_planner/install/custom_interface_gym
[0.861s] INFO:colcon.colcon_core.task.python.build:Building Python package in '/px4_uxrce/convex_ellipsoid_planner/src/ros2_gym_pybullet_drones'
[0.861s] INFO:colcon.colcon_core.shell:Skip shell extension 'powershell' for command environment: Not usable outside of PowerShell
[0.861s] DEBUG:colcon.colcon_core.shell:Skip shell extension 'dsv' for command environment
[0.868s] DEBUG:colcon.colcon_core.event_handler.log_command:Invoking command in '/px4_uxrce/convex_ellipsoid_planner/build/rrt_path_finder': CMAKE_PREFIX_PATH=/opt/ros/humble /usr/bin/cmake /px4_uxrce/convex_ellipsoid_planner/src/rrt_path_finder -DCMAKE_INSTALL_PREFIX=/px4_uxrce/convex_ellipsoid_planner/install/rrt_path_finder
[1.161s] INFO:colcon.colcon_core.task.python.build:Building Python package in '/px4_uxrce/convex_ellipsoid_planner/src/rrt_python_gym'
[1.161s] INFO:colcon.colcon_core.shell:Skip shell extension 'powershell' for command environment: Not usable outside of PowerShell
[1.161s] DEBUG:colcon.colcon_core.shell:Skip shell extension 'dsv' for command environment
[1.563s] DEBUG:colcon.colcon_core.event_handler.log_command:Invoking command in '/px4_uxrce/convex_ellipsoid_planner/src/rrt_python_gym': PYTHONPATH=/px4_uxrce/convex_ellipsoid_planner/build/rrt_python_gym/prefix_override:/usr/lib/python3/dist-packages/colcon_core/task/python/colcon_distutils_commands:/px4_uxrce/convex_ellipsoid_planner/install/rrt_python_gym/lib/python3.10/site-packages:${PYTHONPATH} /usr/bin/python3 -W ignore:setup.py install is deprecated -W ignore:easy_install command is deprecated setup.py egg_info --egg-base ../../build/rrt_python_gym build --build-base /px4_uxrce/convex_ellipsoid_planner/build/rrt_python_gym/build install --record /px4_uxrce/convex_ellipsoid_planner/build/rrt_python_gym/install.log --single-version-externally-managed install_data
[1.588s] DEBUG:colcon.colcon_core.event_handler.log_command:Invoking command in '/px4_uxrce/convex_ellipsoid_planner/src/clustering_python': PYTHONPATH=/px4_uxrce/convex_ellipsoid_planner/build/clustering_python/prefix_override:/usr/lib/python3/dist-packages/colcon_core/task/python/colcon_distutils_commands:/px4_uxrce/convex_ellipsoid_planner/install/clustering_python/lib/python3.10/site-packages:${PYTHONPATH} /usr/bin/python3 -W ignore:setup.py install is deprecated -W ignore:easy_install command is deprecated setup.py egg_info --egg-base ../../build/clustering_python build --build-base /px4_uxrce/convex_ellipsoid_planner/build/clustering_python/build install --record /px4_uxrce/convex_ellipsoid_planner/build/clustering_python/install.log --single-version-externally-managed install_data
[1.591s] DEBUG:colcon.colcon_core.event_handler.log_command:Invoking command in '/px4_uxrce/convex_ellipsoid_planner/src/ros2_gym_pybullet_drones': PYTHONPATH=/px4_uxrce/convex_ellipsoid_planner/build/ros2_gym_pybullet_drones/prefix_override:/usr/lib/python3/dist-packages/colcon_core/task/python/colcon_distutils_commands:/px4_uxrce/convex_ellipsoid_planner/install/ros2_gym_pybullet_drones/lib/python3.10/site-packages:${PYTHONPATH} /usr/bin/python3 -W ignore:setup.py install is deprecated -W ignore:easy_install command is deprecated setup.py egg_info --egg-base ../../build/ros2_gym_pybullet_drones build --build-base /px4_uxrce/convex_ellipsoid_planner/build/ros2_gym_pybullet_drones/build install --record /px4_uxrce/convex_ellipsoid_planner/build/ros2_gym_pybullet_drones/install.log --single-version-externally-managed install_data
[1.929s] DEBUG:colcon.colcon_core.event_handler.log_command:Invoked command in '/px4_uxrce/convex_ellipsoid_planner/src/rrt_python_gym' returned '0': PYTHONPATH=/px4_uxrce/convex_ellipsoid_planner/build/rrt_python_gym/prefix_override:/usr/lib/python3/dist-packages/colcon_core/task/python/colcon_distutils_commands:/px4_uxrce/convex_ellipsoid_planner/install/rrt_python_gym/lib/python3.10/site-packages:${PYTHONPATH} /usr/bin/python3 -W ignore:setup.py install is deprecated -W ignore:easy_install command is deprecated setup.py egg_info --egg-base ../../build/rrt_python_gym build --build-base /px4_uxrce/convex_ellipsoid_planner/build/rrt_python_gym/build install --record /px4_uxrce/convex_ellipsoid_planner/build/rrt_python_gym/install.log --single-version-externally-managed install_data
[1.936s] Level 1:colcon.colcon_core.environment:checking '/px4_uxrce/convex_ellipsoid_planner/install/rrt_python_gym' for CMake module files
[1.936s] Level 1:colcon.colcon_core.environment:checking '/px4_uxrce/convex_ellipsoid_planner/install/rrt_python_gym' for CMake config files
[1.937s] Level 1:colcon.colcon_core.environment:checking '/px4_uxrce/convex_ellipsoid_planner/install/rrt_python_gym/lib'
[1.938s] Level 1:colcon.colcon_core.environment:checking '/px4_uxrce/convex_ellipsoid_planner/install/rrt_python_gym/bin'
[1.938s] Level 1:colcon.colcon_core.environment:checking '/px4_uxrce/convex_ellipsoid_planner/install/rrt_python_gym/lib/pkgconfig/rrt_python_gym.pc'
[1.938s] Level 1:colcon.colcon_core.environment:checking '/px4_uxrce/convex_ellipsoid_planner/install/rrt_python_gym/lib/python3.10/site-packages'
[1.938s] Level 1:colcon.colcon_core.shell:create_environment_hook('rrt_python_gym', 'pythonpath')
[1.939s] INFO:colcon.colcon_core.shell:Creating environment hook '/px4_uxrce/convex_ellipsoid_planner/install/rrt_python_gym/share/rrt_python_gym/hook/pythonpath.ps1'
[1.939s] INFO:colcon.colcon_core.shell:Creating environment descriptor '/px4_uxrce/convex_ellipsoid_planner/install/rrt_python_gym/share/rrt_python_gym/hook/pythonpath.dsv'
[1.940s] INFO:colcon.colcon_core.shell:Creating environment hook '/px4_uxrce/convex_ellipsoid_planner/install/rrt_python_gym/share/rrt_python_gym/hook/pythonpath.sh'
[1.941s] Level 1:colcon.colcon_core.environment:checking '/px4_uxrce/convex_ellipsoid_planner/install/rrt_python_gym/bin'
[1.941s] Level 1:colcon.colcon_core.environment:create_environment_scripts_only(rrt_python_gym)
[1.942s] INFO:colcon.colcon_core.shell:Creating package script '/px4_uxrce/convex_ellipsoid_planner/install/rrt_python_gym/share/rrt_python_gym/package.ps1'
[1.943s] INFO:colcon.colcon_core.shell:Creating package descriptor '/px4_uxrce/convex_ellipsoid_planner/install/rrt_python_gym/share/rrt_python_gym/package.dsv'
[1.944s] INFO:colcon.colcon_core.shell:Creating package script '/px4_uxrce/convex_ellipsoid_planner/install/rrt_python_gym/share/rrt_python_gym/package.sh'
[1.945s] INFO:colcon.colcon_core.shell:Creating package script '/px4_uxrce/convex_ellipsoid_planner/install/rrt_python_gym/share/rrt_python_gym/package.bash'
[1.946s] INFO:colcon.colcon_core.shell:Creating package script '/px4_uxrce/convex_ellipsoid_planner/install/rrt_python_gym/share/rrt_python_gym/package.zsh'
[1.947s] Level 1:colcon.colcon_core.environment:create_file_with_runtime_dependencies(/px4_uxrce/convex_ellipsoid_planner/install/rrt_python_gym/share/colcon-core/packages/rrt_python_gym)
[1.970s] Level 1:colcon.colcon_core.environment:checking '/px4_uxrce/convex_ellipsoid_planner/install/clustering_python' for CMake module files
[1.970s] DEBUG:colcon.colcon_core.event_handler.log_command:Invoked command in '/px4_uxrce/convex_ellipsoid_planner/src/clustering_python' returned '0': PYTHONPATH=/px4_uxrce/convex_ellipsoid_planner/build/clustering_python/prefix_override:/usr/lib/python3/dist-packages/colcon_core/task/python/colcon_distutils_commands:/px4_uxrce/convex_ellipsoid_planner/install/clustering_python/lib/python3.10/site-packages:${PYTHONPATH} /usr/bin/python3 -W ignore:setup.py install is deprecated -W ignore:easy_install command is deprecated setup.py egg_info --egg-base ../../build/clustering_python build --build-base /px4_uxrce/convex_ellipsoid_planner/build/clustering_python/build install --record /px4_uxrce/convex_ellipsoid_planner/build/clustering_python/install.log --single-version-externally-managed install_data
[1.971s] Level 1:colcon.colcon_core.environment:checking '/px4_uxrce/convex_ellipsoid_planner/install/clustering_python' for CMake config files
[1.971s] Level 1:colcon.colcon_core.environment:checking '/px4_uxrce/convex_ellipsoid_planner/install/clustering_python/lib'
[1.971s] Level 1:colcon.colcon_core.environment:checking '/px4_uxrce/convex_ellipsoid_planner/install/clustering_python/bin'
[1.971s] Level 1:colcon.colcon_core.environment:checking '/px4_uxrce/convex_ellipsoid_planner/install/clustering_python/lib/pkgconfig/clustering_python.pc'
[1.972s] Level 1:colcon.colcon_core.environment:checking '/px4_uxrce/convex_ellipsoid_planner/install/clustering_python/lib/python3.10/site-packages'
[1.972s] Level 1:colcon.colcon_core.shell:create_environment_hook('clustering_python', 'pythonpath')
[1.972s] INFO:colcon.colcon_core.shell:Creating environment hook '/px4_uxrce/convex_ellipsoid_planner/install/clustering_python/share/clustering_python/hook/pythonpath.ps1'
[1.973s] INFO:colcon.colcon_core.shell:Creating environment descriptor '/px4_uxrce/convex_ellipsoid_planner/install/clustering_python/share/clustering_python/hook/pythonpath.dsv'
[1.973s] INFO:colcon.colcon_core.shell:Creating environment hook '/px4_uxrce/convex_ellipsoid_planner/install/clustering_python/share/clustering_python/hook/pythonpath.sh'
[1.974s] Level 1:colcon.colcon_core.environment:checking '/px4_uxrce/convex_ellipsoid_planner/install/clustering_python/bin'
[1.974s] Level 1:colcon.colcon_core.environment:create_environment_scripts_only(clustering_python)
[1.974s] INFO:colcon.colcon_core.shell:Creating package script '/px4_uxrce/convex_ellipsoid_planner/install/clustering_python/share/clustering_python/package.ps1'
[1.975s] INFO:colcon.colcon_core.shell:Creating package descriptor '/px4_uxrce/convex_ellipsoid_planner/install/clustering_python/share/clustering_python/package.dsv'
[1.976s] INFO:colcon.colcon_core.shell:Creating package script '/px4_uxrce/convex_ellipsoid_planner/install/clustering_python/share/clustering_python/package.sh'
[1.976s] INFO:colcon.colcon_core.shell:Creating package script '/px4_uxrce/convex_ellipsoid_planner/install/clustering_python/share/clustering_python/package.bash'
[1.977s] INFO:colcon.colcon_core.shell:Creating package script '/px4_uxrce/convex_ellipsoid_planner/install/clustering_python/share/clustering_python/package.zsh'
[1.977s] Level 1:colcon.colcon_core.environment:create_file_with_runtime_dependencies(/px4_uxrce/convex_ellipsoid_planner/install/clustering_python/share/colcon-core/packages/clustering_python)
[2.003s] Level 1:colcon.colcon_core.environment:checking '/px4_uxrce/convex_ellipsoid_planner/install/ros2_gym_pybullet_drones' for CMake module files
[2.004s] DEBUG:colcon.colcon_core.event_handler.log_command:Invoked command in '/px4_uxrce/convex_ellipsoid_planner/src/ros2_gym_pybullet_drones' returned '0': PYTHONPATH=/px4_uxrce/convex_ellipsoid_planner/build/ros2_gym_pybullet_drones/prefix_override:/usr/lib/python3/dist-packages/colcon_core/task/python/colcon_distutils_commands:/px4_uxrce/convex_ellipsoid_planner/install/ros2_gym_pybullet_drones/lib/python3.10/site-packages:${PYTHONPATH} /usr/bin/python3 -W ignore:setup.py install is deprecated -W ignore:easy_install command is deprecated setup.py egg_info --egg-base ../../build/ros2_gym_pybullet_drones build --build-base /px4_uxrce/convex_ellipsoid_planner/build/ros2_gym_pybullet_drones/build install --record /px4_uxrce/convex_ellipsoid_planner/build/ros2_gym_pybullet_drones/install.log --single-version-externally-managed install_data
[2.004s] Level 1:colcon.colcon_core.environment:checking '/px4_uxrce/convex_ellipsoid_planner/install/ros2_gym_pybullet_drones' for CMake config files
[2.005s] Level 1:colcon.colcon_core.environment:checking '/px4_uxrce/convex_ellipsoid_planner/install/ros2_gym_pybullet_drones/lib'
[2.005s] Level 1:colcon.colcon_core.environment:checking '/px4_uxrce/convex_ellipsoid_planner/install/ros2_gym_pybullet_drones/bin'
[2.005s] Level 1:colcon.colcon_core.environment:checking '/px4_uxrce/convex_ellipsoid_planner/install/ros2_gym_pybullet_drones/lib/pkgconfig/ros2_gym_pybullet_drones.pc'
[2.005s] Level 1:colcon.colcon_core.environment:checking '/px4_uxrce/convex_ellipsoid_planner/install/ros2_gym_pybullet_drones/lib/python3.10/site-packages'
[2.005s] Level 1:colcon.colcon_core.shell:create_environment_hook('ros2_gym_pybullet_drones', 'pythonpath')
[2.006s] INFO:colcon.colcon_core.shell:Creating environment hook '/px4_uxrce/convex_ellipsoid_planner/install/ros2_gym_pybullet_drones/share/ros2_gym_pybullet_drones/hook/pythonpath.ps1'
[2.007s] INFO:colcon.colcon_core.shell:Creating environment descriptor '/px4_uxrce/convex_ellipsoid_planner/install/ros2_gym_pybullet_drones/share/ros2_gym_pybullet_drones/hook/pythonpath.dsv'
[2.007s] INFO:colcon.colcon_core.shell:Creating environment hook '/px4_uxrce/convex_ellipsoid_planner/install/ros2_gym_pybullet_drones/share/ros2_gym_pybullet_drones/hook/pythonpath.sh'
[2.008s] Level 1:colcon.colcon_core.environment:checking '/px4_uxrce/convex_ellipsoid_planner/install/ros2_gym_pybullet_drones/bin'
[2.008s] Level 1:colcon.colcon_core.environment:create_environment_scripts_only(ros2_gym_pybullet_drones)
[2.009s] INFO:colcon.colcon_core.shell:Creating package script '/px4_uxrce/convex_ellipsoid_planner/install/ros2_gym_pybullet_drones/share/ros2_gym_pybullet_drones/package.ps1'
[2.010s] INFO:colcon.colcon_core.shell:Creating package descriptor '/px4_uxrce/convex_ellipsoid_planner/install/ros2_gym_pybullet_drones/share/ros2_gym_pybullet_drones/package.dsv'
[2.010s] INFO:colcon.colcon_core.shell:Creating package script '/px4_uxrce/convex_ellipsoid_planner/install/ros2_gym_pybullet_drones/share/ros2_gym_pybullet_drones/package.sh'
[2.011s] INFO:colcon.colcon_core.shell:Creating package script '/px4_uxrce/convex_ellipsoid_planner/install/ros2_gym_pybullet_drones/share/ros2_gym_pybullet_drones/package.bash'
[2.012s] INFO:colcon.colcon_core.shell:Creating package script '/px4_uxrce/convex_ellipsoid_planner/install/ros2_gym_pybullet_drones/share/ros2_gym_pybullet_drones/package.zsh'
[2.012s] Level 1:colcon.colcon_core.environment:create_file_with_runtime_dependencies(/px4_uxrce/convex_ellipsoid_planner/install/ros2_gym_pybullet_drones/share/colcon-core/packages/ros2_gym_pybullet_drones)
[3.001s] DEBUG:colcon.colcon_core.event_handler.log_command:Invoked command in '/px4_uxrce/convex_ellipsoid_planner/build/custom_interface_gym' returned '0': CMAKE_PREFIX_PATH=/opt/ros/humble /usr/bin/cmake /px4_uxrce/convex_ellipsoid_planner/src/custom_interface_gym -DCMAKE_INSTALL_PREFIX=/px4_uxrce/convex_ellipsoid_planner/install/custom_interface_gym
[3.004s] DEBUG:colcon.colcon_core.event_handler.log_command:Invoking command in '/px4_uxrce/convex_ellipsoid_planner/build/custom_interface_gym': CMAKE_PREFIX_PATH=/opt/ros/humble /usr/bin/cmake --build /px4_uxrce/convex_ellipsoid_planner/build/custom_interface_gym -- -j12 -l12
[4.514s] DEBUG:colcon.colcon_core.event_handler.log_command:Invoked command in '/px4_uxrce/convex_ellipsoid_planner/build/rrt_path_finder' returned '1': CMAKE_PREFIX_PATH=/opt/ros/humble /usr/bin/cmake /px4_uxrce/convex_ellipsoid_planner/src/rrt_path_finder -DCMAKE_INSTALL_PREFIX=/px4_uxrce/convex_ellipsoid_planner/install/rrt_path_finder
[4.525s] Level 1:colcon.colcon_core.environment:create_environment_scripts_only(rrt_path_finder)
[4.526s] Level 1:colcon.colcon_core.environment:checking '/px4_uxrce/convex_ellipsoid_planner/install/rrt_path_finder' for CMake module files
[4.526s] Level 1:colcon.colcon_core.environment:checking '/px4_uxrce/convex_ellipsoid_planner/install/rrt_path_finder' for CMake config files
[4.527s] Level 1:colcon.colcon_core.environment:checking '/px4_uxrce/convex_ellipsoid_planner/install/rrt_path_finder/bin'
[4.527s] Level 1:colcon.colcon_core.environment:checking '/px4_uxrce/convex_ellipsoid_planner/install/rrt_path_finder/lib/pkgconfig/rrt_path_finder.pc'
[4.527s] Level 1:colcon.colcon_core.environment:checking '/px4_uxrce/convex_ellipsoid_planner/install/rrt_path_finder/lib/python3.10/site-packages'
[4.527s] Level 1:colcon.colcon_core.environment:checking '/px4_uxrce/convex_ellipsoid_planner/install/rrt_path_finder/bin'
[4.528s] INFO:colcon.colcon_core.shell:Creating package script '/px4_uxrce/convex_ellipsoid_planner/install/rrt_path_finder/share/rrt_path_finder/package.ps1'
[4.528s] INFO:colcon.colcon_core.shell:Creating package descriptor '/px4_uxrce/convex_ellipsoid_planner/install/rrt_path_finder/share/rrt_path_finder/package.dsv'
[4.529s] INFO:colcon.colcon_core.shell:Creating package script '/px4_uxrce/convex_ellipsoid_planner/install/rrt_path_finder/share/rrt_path_finder/package.sh'
[4.529s] INFO:colcon.colcon_core.shell:Creating package script '/px4_uxrce/convex_ellipsoid_planner/install/rrt_path_finder/share/rrt_path_finder/package.bash'
[4.530s] INFO:colcon.colcon_core.shell:Creating package script '/px4_uxrce/convex_ellipsoid_planner/install/rrt_path_finder/share/rrt_path_finder/package.zsh'
[4.530s] Level 1:colcon.colcon_core.environment:create_file_with_runtime_dependencies(/px4_uxrce/convex_ellipsoid_planner/install/rrt_path_finder/share/colcon-core/packages/rrt_path_finder)
[8.180s] DEBUG:colcon.colcon_parallel_executor.executor.parallel:closing loop
[8.180s] DEBUG:colcon.colcon_parallel_executor.executor.parallel:loop closed
[8.181s] DEBUG:colcon.colcon_parallel_executor.executor.parallel:run_until_complete finished with '1'
[8.181s] DEBUG:colcon.colcon_core.event_reactor:joining thread
[8.188s] INFO:colcon.colcon_core.plugin_system:Skipping extension 'colcon_notification.desktop_notification.notify_send': Could not find 'notify-send'
[8.188s] INFO:colcon.colcon_core.plugin_system:Skipping extension 'colcon_notification.desktop_notification.terminal_notifier': Not used on non-Darwin systems
[8.188s] INFO:colcon.colcon_core.plugin_system:Skipping extension 'colcon_notification.desktop_notification.win32': Not used on non-Windows systems
[8.188s] INFO:colcon.colcon_notification.desktop_notification:Sending desktop notification using 'notify2'
[8.191s] DEBUG:colcon.colcon_notification.desktop_notification.notify2:Failed to initialize notify2: org.freedesktop.DBus.Error.Spawn.ExecFailed: /usr/bin/dbus-launch terminated abnormally without any error message
[8.192s] DEBUG:colcon.colcon_core.event_reactor:joined thread
[8.192s] INFO:colcon.colcon_core.shell:Creating prefix script '/px4_uxrce/convex_ellipsoid_planner/install/local_setup.ps1'
[8.194s] INFO:colcon.colcon_core.shell:Creating prefix util module '/px4_uxrce/convex_ellipsoid_planner/install/_local_setup_util_ps1.py'
[8.197s] INFO:colcon.colcon_core.shell:Creating prefix chain script '/px4_uxrce/convex_ellipsoid_planner/install/setup.ps1'
[8.199s] INFO:colcon.colcon_core.shell:Creating prefix script '/px4_uxrce/convex_ellipsoid_planner/install/local_setup.sh'
[8.200s] INFO:colcon.colcon_core.shell:Creating prefix util module '/px4_uxrce/convex_ellipsoid_planner/install/_local_setup_util_sh.py'
[8.201s] INFO:colcon.colcon_core.shell:Creating prefix chain script '/px4_uxrce/convex_ellipsoid_planner/install/setup.sh'
[8.202s] INFO:colcon.colcon_core.shell:Creating prefix script '/px4_uxrce/convex_ellipsoid_planner/install/local_setup.bash'
[8.203s] INFO:colcon.colcon_core.shell:Creating prefix chain script '/px4_uxrce/convex_ellipsoid_planner/install/setup.bash'
[8.205s] INFO:colcon.colcon_core.shell:Creating prefix script '/px4_uxrce/convex_ellipsoid_planner/install/local_setup.zsh'
[8.205s] INFO:colcon.colcon_core.shell:Creating prefix chain script '/px4_uxrce/convex_ellipsoid_planner/install/setup.zsh'
