[0.135s] DEBUG:colcon:Command line arguments: ['/usr/bin/colcon', 'build', '--packages-select', 'px4_msgs']
[0.136s] DEBUG:colcon:Parsed command line arguments: Namespace(log_base=None, log_level=None, verb_name='build', build_base='build', install_base='install', merge_install=False, symlink_install=False, test_result_base=None, continue_on_error=False, executor='parallel', parallel_workers=12, event_handlers=None, ignore_user_meta=False, metas=['./colcon.meta'], base_paths=['.'], packages_ignore=None, packages_ignore_regex=None, paths=None, packages_up_to=None, packages_up_to_regex=None, packages_above=None, packages_above_and_dependencies=None, packages_above_depth=None, packages_select_by_dep=None, packages_skip_by_dep=None, packages_skip_up_to=None, packages_select_build_failed=False, packages_skip_build_finished=False, packages_select_test_failures=False, packages_skip_test_passed=False, packages_select=['px4_msgs'], packages_skip=None, packages_select_regex=None, packages_skip_regex=None, packages_start=None, packages_end=None, cmake_args=None, cmake_target=None, cmake_target_skip_unavailable=False, cmake_clean_cache=False, cmake_clean_first=False, cmake_force_configure=False, ament_cmake_args=None, catkin_cmake_args=None, catkin_skip_building_tests=False, mixin_files=None, mixin=None, verb_parser=<colcon_mixin.mixin.mixin_argument.MixinArgumentDecorator object at 0x7fac6ea09240>, verb_extension=<colcon_core.verb.build.BuildVerb object at 0x7fac6ea08bb0>, main=<bound method BuildVerb.main of <colcon_core.verb.build.BuildVerb object at 0x7fac6ea08bb0>>, mixin_verb=('build',))
[0.273s] Level 1:colcon.colcon_core.package_discovery:discover_packages(colcon_meta) check parameters
[0.274s] INFO:colcon.colcon_metadata.package_discovery.colcon_meta:Using configuration from '/root/.colcon/metadata/default/Gazebo.meta'
[0.274s] INFO:colcon.colcon_metadata.package_discovery.colcon_meta:Using configuration from '/root/.colcon/metadata/default/fastrtps.meta'
[0.274s] Level 1:colcon.colcon_core.package_discovery:discover_packages(recursive) check parameters
[0.274s] Level 1:colcon.colcon_core.package_discovery:discover_packages(ignore) check parameters
[0.274s] Level 1:colcon.colcon_core.package_discovery:discover_packages(path) check parameters
[0.274s] Level 1:colcon.colcon_core.package_discovery:discover_packages(colcon_meta) discover
[0.274s] Level 1:colcon.colcon_core.package_discovery:discover_packages(recursive) discover
[0.274s] INFO:colcon.colcon_core.package_discovery:Crawling recursively for packages in '/px4_uxrce/convex_ellipsoid_planner'
[0.275s] Level 1:colcon.colcon_core.package_identification:_identify(.) by extensions ['ignore', 'ignore_ament_install']
[0.275s] Level 1:colcon.colcon_core.package_identification:_identify(.) by extension 'ignore'
[0.275s] Level 1:colcon.colcon_core.package_identification:_identify(.) by extension 'ignore_ament_install'
[0.275s] Level 1:colcon.colcon_core.package_identification:_identify(.) by extensions ['colcon_pkg']
[0.275s] Level 1:colcon.colcon_core.package_identification:_identify(.) by extension 'colcon_pkg'
[0.275s] Level 1:colcon.colcon_core.package_identification:_identify(.) by extensions ['colcon_meta']
[0.275s] Level 1:colcon.colcon_core.package_identification:_identify(.) by extension 'colcon_meta'
[0.275s] Level 1:colcon.colcon_core.package_identification:_identify(.) by extensions ['ros']
[0.275s] Level 1:colcon.colcon_core.package_identification:_identify(.) by extension 'ros'
[0.287s] Level 1:colcon.colcon_core.package_identification:_identify(.) by extensions ['cmake', 'python']
[0.287s] Level 1:colcon.colcon_core.package_identification:_identify(.) by extension 'cmake'
[0.287s] Level 1:colcon.colcon_core.package_identification:_identify(.) by extension 'python'
[0.287s] Level 1:colcon.colcon_core.package_identification:_identify(.) by extensions ['python_setup_py']
[0.287s] Level 1:colcon.colcon_core.package_identification:_identify(.) by extension 'python_setup_py'
[0.287s] Level 1:colcon.colcon_core.package_identification:_identify(build) by extensions ['ignore', 'ignore_ament_install']
[0.287s] Level 1:colcon.colcon_core.package_identification:_identify(build) by extension 'ignore'
[0.287s] Level 1:colcon.colcon_core.package_identification:_identify(build) ignored
[0.288s] Level 1:colcon.colcon_core.package_identification:_identify(install) by extensions ['ignore', 'ignore_ament_install']
[0.288s] Level 1:colcon.colcon_core.package_identification:_identify(install) by extension 'ignore'
[0.288s] Level 1:colcon.colcon_core.package_identification:_identify(install) ignored
[0.288s] Level 1:colcon.colcon_core.package_identification:_identify(log) by extensions ['ignore', 'ignore_ament_install']
[0.288s] Level 1:colcon.colcon_core.package_identification:_identify(log) by extension 'ignore'
[0.288s] Level 1:colcon.colcon_core.package_identification:_identify(log) ignored
[0.288s] Level 1:colcon.colcon_core.package_identification:_identify(src) by extensions ['ignore', 'ignore_ament_install']
[0.288s] Level 1:colcon.colcon_core.package_identification:_identify(src) by extension 'ignore'
[0.288s] Level 1:colcon.colcon_core.package_identification:_identify(src) by extension 'ignore_ament_install'
[0.288s] Level 1:colcon.colcon_core.package_identification:_identify(src) by extensions ['colcon_pkg']
[0.288s] Level 1:colcon.colcon_core.package_identification:_identify(src) by extension 'colcon_pkg'
[0.288s] Level 1:colcon.colcon_core.package_identification:_identify(src) by extensions ['colcon_meta']
[0.288s] Level 1:colcon.colcon_core.package_identification:_identify(src) by extension 'colcon_meta'
[0.288s] Level 1:colcon.colcon_core.package_identification:_identify(src) by extensions ['ros']
[0.288s] Level 1:colcon.colcon_core.package_identification:_identify(src) by extension 'ros'
[0.289s] Level 1:colcon.colcon_core.package_identification:_identify(src) by extensions ['cmake', 'python']
[0.289s] Level 1:colcon.colcon_core.package_identification:_identify(src) by extension 'cmake'
[0.289s] Level 1:colcon.colcon_core.package_identification:_identify(src) by extension 'python'
[0.289s] Level 1:colcon.colcon_core.package_identification:_identify(src) by extensions ['python_setup_py']
[0.289s] Level 1:colcon.colcon_core.package_identification:_identify(src) by extension 'python_setup_py'
[0.289s] Level 1:colcon.colcon_core.package_identification:_identify(src/clustering_python) by extensions ['ignore', 'ignore_ament_install']
[0.289s] Level 1:colcon.colcon_core.package_identification:_identify(src/clustering_python) by extension 'ignore'
[0.289s] Level 1:colcon.colcon_core.package_identification:_identify(src/clustering_python) by extension 'ignore_ament_install'
[0.289s] Level 1:colcon.colcon_core.package_identification:_identify(src/clustering_python) by extensions ['colcon_pkg']
[0.289s] Level 1:colcon.colcon_core.package_identification:_identify(src/clustering_python) by extension 'colcon_pkg'
[0.289s] Level 1:colcon.colcon_core.package_identification:_identify(src/clustering_python) by extensions ['colcon_meta']
[0.289s] Level 1:colcon.colcon_core.package_identification:_identify(src/clustering_python) by extension 'colcon_meta'
[0.289s] Level 1:colcon.colcon_core.package_identification:_identify(src/clustering_python) by extensions ['ros']
[0.289s] Level 1:colcon.colcon_core.package_identification:_identify(src/clustering_python) by extension 'ros'
[0.292s] DEBUG:colcon.colcon_core.package_identification:Package 'src/clustering_python' with type 'ros.ament_python' and name 'clustering_python'
[0.292s] Level 1:colcon.colcon_core.package_identification:_identify(src/custom_interface_gym) by extensions ['ignore', 'ignore_ament_install']
[0.292s] Level 1:colcon.colcon_core.package_identification:_identify(src/custom_interface_gym) by extension 'ignore'
[0.292s] Level 1:colcon.colcon_core.package_identification:_identify(src/custom_interface_gym) by extension 'ignore_ament_install'
[0.292s] Level 1:colcon.colcon_core.package_identification:_identify(src/custom_interface_gym) by extensions ['colcon_pkg']
[0.292s] Level 1:colcon.colcon_core.package_identification:_identify(src/custom_interface_gym) by extension 'colcon_pkg'
[0.293s] Level 1:colcon.colcon_core.package_identification:_identify(src/custom_interface_gym) by extensions ['colcon_meta']
[0.293s] Level 1:colcon.colcon_core.package_identification:_identify(src/custom_interface_gym) by extension 'colcon_meta'
[0.293s] Level 1:colcon.colcon_core.package_identification:_identify(src/custom_interface_gym) by extensions ['ros']
[0.293s] Level 1:colcon.colcon_core.package_identification:_identify(src/custom_interface_gym) by extension 'ros'
[0.293s] DEBUG:colcon.colcon_core.package_identification:Package 'src/custom_interface_gym' with type 'ros.ament_cmake' and name 'custom_interface_gym'
[0.293s] Level 1:colcon.colcon_core.package_identification:_identify(src/px4_msgs) by extensions ['ignore', 'ignore_ament_install']
[0.294s] Level 1:colcon.colcon_core.package_identification:_identify(src/px4_msgs) by extension 'ignore'
[0.294s] Level 1:colcon.colcon_core.package_identification:_identify(src/px4_msgs) by extension 'ignore_ament_install'
[0.294s] Level 1:colcon.colcon_core.package_identification:_identify(src/px4_msgs) by extensions ['colcon_pkg']
[0.294s] Level 1:colcon.colcon_core.package_identification:_identify(src/px4_msgs) by extension 'colcon_pkg'
[0.294s] Level 1:colcon.colcon_core.package_identification:_identify(src/px4_msgs) by extensions ['colcon_meta']
[0.294s] Level 1:colcon.colcon_core.package_identification:_identify(src/px4_msgs) by extension 'colcon_meta'
[0.294s] Level 1:colcon.colcon_core.package_identification:_identify(src/px4_msgs) by extensions ['ros']
[0.294s] Level 1:colcon.colcon_core.package_identification:_identify(src/px4_msgs) by extension 'ros'
[0.295s] DEBUG:colcon.colcon_core.package_identification:Package 'src/px4_msgs' with type 'ros.ament_cmake' and name 'px4_msgs'
[0.295s] Level 1:colcon.colcon_core.package_identification:_identify(src/px4_ros_com) by extensions ['ignore', 'ignore_ament_install']
[0.295s] Level 1:colcon.colcon_core.package_identification:_identify(src/px4_ros_com) by extension 'ignore'
[0.295s] Level 1:colcon.colcon_core.package_identification:_identify(src/px4_ros_com) by extension 'ignore_ament_install'
[0.295s] Level 1:colcon.colcon_core.package_identification:_identify(src/px4_ros_com) by extensions ['colcon_pkg']
[0.295s] Level 1:colcon.colcon_core.package_identification:_identify(src/px4_ros_com) by extension 'colcon_pkg'
[0.295s] Level 1:colcon.colcon_core.package_identification:_identify(src/px4_ros_com) by extensions ['colcon_meta']
[0.295s] Level 1:colcon.colcon_core.package_identification:_identify(src/px4_ros_com) by extension 'colcon_meta'
[0.295s] Level 1:colcon.colcon_core.package_identification:_identify(src/px4_ros_com) by extensions ['ros']
[0.295s] Level 1:colcon.colcon_core.package_identification:_identify(src/px4_ros_com) by extension 'ros'
[0.296s] DEBUG:colcon.colcon_core.package_identification:Package 'src/px4_ros_com' with type 'ros.ament_cmake' and name 'px4_ros_com'
[0.297s] Level 1:colcon.colcon_core.package_identification:_identify(src/ros2_gym_pybullet_drones) by extensions ['ignore', 'ignore_ament_install']
[0.297s] Level 1:colcon.colcon_core.package_identification:_identify(src/ros2_gym_pybullet_drones) by extension 'ignore'
[0.297s] Level 1:colcon.colcon_core.package_identification:_identify(src/ros2_gym_pybullet_drones) by extension 'ignore_ament_install'
[0.297s] Level 1:colcon.colcon_core.package_identification:_identify(src/ros2_gym_pybullet_drones) by extensions ['colcon_pkg']
[0.297s] Level 1:colcon.colcon_core.package_identification:_identify(src/ros2_gym_pybullet_drones) by extension 'colcon_pkg'
[0.297s] Level 1:colcon.colcon_core.package_identification:_identify(src/ros2_gym_pybullet_drones) by extensions ['colcon_meta']
[0.297s] Level 1:colcon.colcon_core.package_identification:_identify(src/ros2_gym_pybullet_drones) by extension 'colcon_meta'
[0.297s] Level 1:colcon.colcon_core.package_identification:_identify(src/ros2_gym_pybullet_drones) by extensions ['ros']
[0.297s] Level 1:colcon.colcon_core.package_identification:_identify(src/ros2_gym_pybullet_drones) by extension 'ros'
[0.298s] DEBUG:colcon.colcon_core.package_identification:Package 'src/ros2_gym_pybullet_drones' with type 'ros.ament_python' and name 'ros2_gym_pybullet_drones'
[0.298s] Level 1:colcon.colcon_core.package_identification:_identify(src/rrt_path_finder) by extensions ['ignore', 'ignore_ament_install']
[0.298s] Level 1:colcon.colcon_core.package_identification:_identify(src/rrt_path_finder) by extension 'ignore'
[0.298s] Level 1:colcon.colcon_core.package_identification:_identify(src/rrt_path_finder) by extension 'ignore_ament_install'
[0.298s] Level 1:colcon.colcon_core.package_identification:_identify(src/rrt_path_finder) by extensions ['colcon_pkg']
[0.298s] Level 1:colcon.colcon_core.package_identification:_identify(src/rrt_path_finder) by extension 'colcon_pkg'
[0.298s] Level 1:colcon.colcon_core.package_identification:_identify(src/rrt_path_finder) by extensions ['colcon_meta']
[0.298s] Level 1:colcon.colcon_core.package_identification:_identify(src/rrt_path_finder) by extension 'colcon_meta'
[0.298s] Level 1:colcon.colcon_core.package_identification:_identify(src/rrt_path_finder) by extensions ['ros']
[0.298s] Level 1:colcon.colcon_core.package_identification:_identify(src/rrt_path_finder) by extension 'ros'
[0.300s] DEBUG:colcon.colcon_core.package_identification:Package 'src/rrt_path_finder' with type 'ros.ament_cmake' and name 'rrt_path_finder'
[0.300s] Level 1:colcon.colcon_core.package_identification:_identify(src/rrt_python_gym) by extensions ['ignore', 'ignore_ament_install']
[0.300s] Level 1:colcon.colcon_core.package_identification:_identify(src/rrt_python_gym) by extension 'ignore'
[0.300s] Level 1:colcon.colcon_core.package_identification:_identify(src/rrt_python_gym) by extension 'ignore_ament_install'
[0.300s] Level 1:colcon.colcon_core.package_identification:_identify(src/rrt_python_gym) by extensions ['colcon_pkg']
[0.300s] Level 1:colcon.colcon_core.package_identification:_identify(src/rrt_python_gym) by extension 'colcon_pkg'
[0.300s] Level 1:colcon.colcon_core.package_identification:_identify(src/rrt_python_gym) by extensions ['colcon_meta']
[0.300s] Level 1:colcon.colcon_core.package_identification:_identify(src/rrt_python_gym) by extension 'colcon_meta'
[0.300s] Level 1:colcon.colcon_core.package_identification:_identify(src/rrt_python_gym) by extensions ['ros']
[0.301s] Level 1:colcon.colcon_core.package_identification:_identify(src/rrt_python_gym) by extension 'ros'
[0.303s] DEBUG:colcon.colcon_core.package_identification:Package 'src/rrt_python_gym' with type 'ros.ament_python' and name 'rrt_python_gym'
[0.303s] Level 1:colcon.colcon_core.package_discovery:discover_packages(recursive) using defaults
[0.303s] Level 1:colcon.colcon_core.package_discovery:discover_packages(ignore) discover
[0.303s] Level 1:colcon.colcon_core.package_discovery:discover_packages(ignore) using defaults
[0.303s] Level 1:colcon.colcon_core.package_discovery:discover_packages(path) discover
[0.303s] Level 1:colcon.colcon_core.package_discovery:discover_packages(path) using defaults
[0.326s] INFO:colcon.colcon_core.package_selection:Skipping not selected package 'clustering_python' in 'src/clustering_python'
[0.326s] INFO:colcon.colcon_core.package_selection:Skipping not selected package 'custom_interface_gym' in 'src/custom_interface_gym'
[0.326s] INFO:colcon.colcon_core.package_selection:Skipping not selected package 'ros2_gym_pybullet_drones' in 'src/ros2_gym_pybullet_drones'
[0.326s] INFO:colcon.colcon_core.package_selection:Skipping not selected package 'rrt_path_finder' in 'src/rrt_path_finder'
[0.326s] INFO:colcon.colcon_core.package_selection:Skipping not selected package 'rrt_python_gym' in 'src/rrt_python_gym'
[0.326s] INFO:colcon.colcon_core.package_selection:Skipping not selected package 'px4_ros_com' in 'src/px4_ros_com'
[0.327s] Level 5:colcon.colcon_core.verb:set package 'px4_msgs' build argument 'cmake_args' from command line to 'None'
[0.327s] Level 5:colcon.colcon_core.verb:set package 'px4_msgs' build argument 'cmake_target' from command line to 'None'
[0.327s] Level 5:colcon.colcon_core.verb:set package 'px4_msgs' build argument 'cmake_target_skip_unavailable' from command line to 'False'
[0.327s] Level 5:colcon.colcon_core.verb:set package 'px4_msgs' build argument 'cmake_clean_cache' from command line to 'False'
[0.327s] Level 5:colcon.colcon_core.verb:set package 'px4_msgs' build argument 'cmake_clean_first' from command line to 'False'
[0.327s] Level 5:colcon.colcon_core.verb:set package 'px4_msgs' build argument 'cmake_force_configure' from command line to 'False'
[0.327s] Level 5:colcon.colcon_core.verb:set package 'px4_msgs' build argument 'ament_cmake_args' from command line to 'None'
[0.327s] Level 5:colcon.colcon_core.verb:set package 'px4_msgs' build argument 'catkin_cmake_args' from command line to 'None'
[0.327s] Level 5:colcon.colcon_core.verb:set package 'px4_msgs' build argument 'catkin_skip_building_tests' from command line to 'False'
[0.327s] DEBUG:colcon.colcon_core.verb:Building package 'px4_msgs' with the following arguments: {'ament_cmake_args': None, 'build_base': '/px4_uxrce/convex_ellipsoid_planner/build/px4_msgs', 'catkin_cmake_args': None, 'catkin_skip_building_tests': False, 'cmake_args': None, 'cmake_clean_cache': False, 'cmake_clean_first': False, 'cmake_force_configure': False, 'cmake_target': None, 'cmake_target_skip_unavailable': False, 'install_base': '/px4_uxrce/convex_ellipsoid_planner/install/px4_msgs', 'merge_install': False, 'path': '/px4_uxrce/convex_ellipsoid_planner/src/px4_msgs', 'symlink_install': False, 'test_result_base': None}
[0.327s] INFO:colcon.colcon_core.executor:Executing jobs using 'parallel' executor
[0.328s] DEBUG:colcon.colcon_parallel_executor.executor.parallel:run_until_complete
[0.329s] INFO:colcon.colcon_ros.task.ament_cmake.build:Building ROS package in '/px4_uxrce/convex_ellipsoid_planner/src/px4_msgs' with build type 'ament_cmake'
[0.329s] INFO:colcon.colcon_cmake.task.cmake.build:Building CMake package in '/px4_uxrce/convex_ellipsoid_planner/src/px4_msgs'
[0.331s] INFO:colcon.colcon_core.plugin_system:Skipping extension 'colcon_core.shell.bat': Not used on non-Windows systems
[0.332s] INFO:colcon.colcon_core.shell:Skip shell extension 'powershell' for command environment: Not usable outside of PowerShell
[0.332s] DEBUG:colcon.colcon_core.shell:Skip shell extension 'dsv' for command environment
[0.341s] DEBUG:colcon.colcon_core.event_handler.log_command:Invoking command in '/px4_uxrce/convex_ellipsoid_planner/build/px4_msgs': CMAKE_PREFIX_PATH=/opt/ros/humble /usr/bin/cmake --build /px4_uxrce/convex_ellipsoid_planner/build/px4_msgs -- -j12 -l12
[304.700s] DEBUG:colcon.colcon_core.event_handler.log_command:Invoked command in '/px4_uxrce/convex_ellipsoid_planner/build/px4_msgs' returned '0': CMAKE_PREFIX_PATH=/opt/ros/humble /usr/bin/cmake --build /px4_uxrce/convex_ellipsoid_planner/build/px4_msgs -- -j12 -l12
[304.709s] DEBUG:colcon.colcon_core.event_handler.log_command:Invoking command in '/px4_uxrce/convex_ellipsoid_planner/build/px4_msgs': CMAKE_PREFIX_PATH=/opt/ros/humble /usr/bin/cmake --install /px4_uxrce/convex_ellipsoid_planner/build/px4_msgs
[305.908s] Level 1:colcon.colcon_core.environment:create_environment_scripts_only(px4_msgs)
[305.909s] DEBUG:colcon.colcon_core.event_handler.log_command:Invoked command in '/px4_uxrce/convex_ellipsoid_planner/build/px4_msgs' returned '0': CMAKE_PREFIX_PATH=/opt/ros/humble /usr/bin/cmake --install /px4_uxrce/convex_ellipsoid_planner/build/px4_msgs
[305.911s] Level 1:colcon.colcon_core.environment:checking '/px4_uxrce/convex_ellipsoid_planner/install/px4_msgs' for CMake module files
[305.912s] Level 1:colcon.colcon_core.environment:checking '/px4_uxrce/convex_ellipsoid_planner/install/px4_msgs' for CMake config files
[305.916s] Level 1:colcon.colcon_core.shell:create_environment_hook('px4_msgs', 'cmake_prefix_path')
[305.916s] INFO:colcon.colcon_core.shell:Creating environment hook '/px4_uxrce/convex_ellipsoid_planner/install/px4_msgs/share/px4_msgs/hook/cmake_prefix_path.ps1'
[305.916s] INFO:colcon.colcon_core.shell:Creating environment descriptor '/px4_uxrce/convex_ellipsoid_planner/install/px4_msgs/share/px4_msgs/hook/cmake_prefix_path.dsv'
[305.917s] INFO:colcon.colcon_core.shell:Creating environment hook '/px4_uxrce/convex_ellipsoid_planner/install/px4_msgs/share/px4_msgs/hook/cmake_prefix_path.sh'
[305.918s] Level 1:colcon.colcon_core.environment:checking '/px4_uxrce/convex_ellipsoid_planner/install/px4_msgs/lib'
[305.918s] Level 1:colcon.colcon_core.shell:create_environment_hook('px4_msgs', 'ld_library_path_lib')
[305.918s] INFO:colcon.colcon_core.shell:Creating environment hook '/px4_uxrce/convex_ellipsoid_planner/install/px4_msgs/share/px4_msgs/hook/ld_library_path_lib.ps1'
[305.918s] INFO:colcon.colcon_core.shell:Creating environment descriptor '/px4_uxrce/convex_ellipsoid_planner/install/px4_msgs/share/px4_msgs/hook/ld_library_path_lib.dsv'
[305.919s] INFO:colcon.colcon_core.shell:Creating environment hook '/px4_uxrce/convex_ellipsoid_planner/install/px4_msgs/share/px4_msgs/hook/ld_library_path_lib.sh'
[305.919s] Level 1:colcon.colcon_core.environment:checking '/px4_uxrce/convex_ellipsoid_planner/install/px4_msgs/bin'
[305.919s] Level 1:colcon.colcon_core.environment:checking '/px4_uxrce/convex_ellipsoid_planner/install/px4_msgs/lib/pkgconfig/px4_msgs.pc'
[305.921s] Level 1:colcon.colcon_core.environment:checking '/px4_uxrce/convex_ellipsoid_planner/install/px4_msgs/lib/python3.10/site-packages'
[305.921s] Level 1:colcon.colcon_core.environment:checking '/px4_uxrce/convex_ellipsoid_planner/install/px4_msgs/bin'
[305.921s] INFO:colcon.colcon_core.shell:Creating package script '/px4_uxrce/convex_ellipsoid_planner/install/px4_msgs/share/px4_msgs/package.ps1'
[305.922s] INFO:colcon.colcon_core.shell:Creating package descriptor '/px4_uxrce/convex_ellipsoid_planner/install/px4_msgs/share/px4_msgs/package.dsv'
[305.923s] INFO:colcon.colcon_core.shell:Creating package script '/px4_uxrce/convex_ellipsoid_planner/install/px4_msgs/share/px4_msgs/package.sh'
[305.923s] INFO:colcon.colcon_core.shell:Creating package script '/px4_uxrce/convex_ellipsoid_planner/install/px4_msgs/share/px4_msgs/package.bash'
[305.924s] INFO:colcon.colcon_core.shell:Creating package script '/px4_uxrce/convex_ellipsoid_planner/install/px4_msgs/share/px4_msgs/package.zsh'
[305.925s] Level 1:colcon.colcon_core.environment:create_file_with_runtime_dependencies(/px4_uxrce/convex_ellipsoid_planner/install/px4_msgs/share/colcon-core/packages/px4_msgs)
[305.926s] Level 1:colcon.colcon_core.environment:create_environment_scripts_only(px4_msgs)
[305.926s] Level 1:colcon.colcon_core.environment:checking '/px4_uxrce/convex_ellipsoid_planner/install/px4_msgs' for CMake module files
[305.926s] Level 1:colcon.colcon_core.environment:checking '/px4_uxrce/convex_ellipsoid_planner/install/px4_msgs' for CMake config files
[305.930s] Level 1:colcon.colcon_core.shell:create_environment_hook('px4_msgs', 'cmake_prefix_path')
[305.930s] INFO:colcon.colcon_core.shell:Creating environment hook '/px4_uxrce/convex_ellipsoid_planner/install/px4_msgs/share/px4_msgs/hook/cmake_prefix_path.ps1'
[305.931s] INFO:colcon.colcon_core.shell:Creating environment descriptor '/px4_uxrce/convex_ellipsoid_planner/install/px4_msgs/share/px4_msgs/hook/cmake_prefix_path.dsv'
[305.931s] INFO:colcon.colcon_core.shell:Creating environment hook '/px4_uxrce/convex_ellipsoid_planner/install/px4_msgs/share/px4_msgs/hook/cmake_prefix_path.sh'
[305.932s] Level 1:colcon.colcon_core.environment:checking '/px4_uxrce/convex_ellipsoid_planner/install/px4_msgs/lib'
[305.932s] Level 1:colcon.colcon_core.shell:create_environment_hook('px4_msgs', 'ld_library_path_lib')
[305.932s] INFO:colcon.colcon_core.shell:Creating environment hook '/px4_uxrce/convex_ellipsoid_planner/install/px4_msgs/share/px4_msgs/hook/ld_library_path_lib.ps1'
[305.932s] INFO:colcon.colcon_core.shell:Creating environment descriptor '/px4_uxrce/convex_ellipsoid_planner/install/px4_msgs/share/px4_msgs/hook/ld_library_path_lib.dsv'
[305.933s] INFO:colcon.colcon_core.shell:Creating environment hook '/px4_uxrce/convex_ellipsoid_planner/install/px4_msgs/share/px4_msgs/hook/ld_library_path_lib.sh'
[305.933s] Level 1:colcon.colcon_core.environment:checking '/px4_uxrce/convex_ellipsoid_planner/install/px4_msgs/bin'
[305.933s] Level 1:colcon.colcon_core.environment:checking '/px4_uxrce/convex_ellipsoid_planner/install/px4_msgs/lib/pkgconfig/px4_msgs.pc'
[305.933s] Level 1:colcon.colcon_core.environment:checking '/px4_uxrce/convex_ellipsoid_planner/install/px4_msgs/lib/python3.10/site-packages'
[305.934s] Level 1:colcon.colcon_core.environment:checking '/px4_uxrce/convex_ellipsoid_planner/install/px4_msgs/bin'
[305.934s] INFO:colcon.colcon_core.shell:Creating package script '/px4_uxrce/convex_ellipsoid_planner/install/px4_msgs/share/px4_msgs/package.ps1'
[305.935s] INFO:colcon.colcon_core.shell:Creating package descriptor '/px4_uxrce/convex_ellipsoid_planner/install/px4_msgs/share/px4_msgs/package.dsv'
[305.935s] INFO:colcon.colcon_core.shell:Creating package script '/px4_uxrce/convex_ellipsoid_planner/install/px4_msgs/share/px4_msgs/package.sh'
[305.936s] INFO:colcon.colcon_core.shell:Creating package script '/px4_uxrce/convex_ellipsoid_planner/install/px4_msgs/share/px4_msgs/package.bash'
[305.936s] INFO:colcon.colcon_core.shell:Creating package script '/px4_uxrce/convex_ellipsoid_planner/install/px4_msgs/share/px4_msgs/package.zsh'
[305.937s] Level 1:colcon.colcon_core.environment:create_file_with_runtime_dependencies(/px4_uxrce/convex_ellipsoid_planner/install/px4_msgs/share/colcon-core/packages/px4_msgs)
[305.937s] DEBUG:colcon.colcon_parallel_executor.executor.parallel:closing loop
[305.937s] DEBUG:colcon.colcon_parallel_executor.executor.parallel:loop closed
[305.937s] DEBUG:colcon.colcon_parallel_executor.executor.parallel:run_until_complete finished with '0'
[305.937s] DEBUG:colcon.colcon_core.event_reactor:joining thread
[305.942s] INFO:colcon.colcon_core.plugin_system:Skipping extension 'colcon_notification.desktop_notification.notify_send': Could not find 'notify-send'
[305.942s] INFO:colcon.colcon_core.plugin_system:Skipping extension 'colcon_notification.desktop_notification.terminal_notifier': Not used on non-Darwin systems
[305.942s] INFO:colcon.colcon_core.plugin_system:Skipping extension 'colcon_notification.desktop_notification.win32': Not used on non-Windows systems
[305.942s] INFO:colcon.colcon_notification.desktop_notification:Sending desktop notification using 'notify2'
[305.945s] DEBUG:colcon.colcon_notification.desktop_notification.notify2:Failed to initialize notify2: org.freedesktop.DBus.Error.Spawn.ExecFailed: /usr/bin/dbus-launch terminated abnormally without any error message
[305.945s] DEBUG:colcon.colcon_core.event_reactor:joined thread
[305.945s] INFO:colcon.colcon_core.shell:Creating prefix script '/px4_uxrce/convex_ellipsoid_planner/install/local_setup.ps1'
[305.946s] INFO:colcon.colcon_core.shell:Creating prefix util module '/px4_uxrce/convex_ellipsoid_planner/install/_local_setup_util_ps1.py'
[305.948s] INFO:colcon.colcon_core.shell:Creating prefix chain script '/px4_uxrce/convex_ellipsoid_planner/install/setup.ps1'
[305.949s] INFO:colcon.colcon_core.shell:Creating prefix script '/px4_uxrce/convex_ellipsoid_planner/install/local_setup.sh'
[305.950s] INFO:colcon.colcon_core.shell:Creating prefix util module '/px4_uxrce/convex_ellipsoid_planner/install/_local_setup_util_sh.py'
[305.950s] INFO:colcon.colcon_core.shell:Creating prefix chain script '/px4_uxrce/convex_ellipsoid_planner/install/setup.sh'
[305.951s] INFO:colcon.colcon_core.shell:Creating prefix script '/px4_uxrce/convex_ellipsoid_planner/install/local_setup.bash'
[305.952s] INFO:colcon.colcon_core.shell:Creating prefix chain script '/px4_uxrce/convex_ellipsoid_planner/install/setup.bash'
[305.953s] INFO:colcon.colcon_core.shell:Creating prefix script '/px4_uxrce/convex_ellipsoid_planner/install/local_setup.zsh'
[305.953s] INFO:colcon.colcon_core.shell:Creating prefix chain script '/px4_uxrce/convex_ellipsoid_planner/install/setup.zsh'
