[0.009s] Invoking command in '/px4_uxrce/camera_ws/build/realsense2_camera': AMENT_PREFIX_PATH=/px4_uxrce/camera_ws/install/realsense2_camera_msgs:${AMENT_PREFIX_PATH} CMAKE_PREFIX_PATH=/px4_uxrce/camera_ws/install/realsense2_camera_msgs:/px4_uxrce/camera_ws/install/librealsense2:/opt/ros/humble LD_LIBRARY_PATH=/px4_uxrce/camera_ws/install/realsense2_camera_msgs/lib:/px4_uxrce/camera_ws/install/librealsense2/lib:${LD_LIBRARY_PATH} PATH=/px4_uxrce/camera_ws/install/librealsense2/bin:${PATH} PKG_CONFIG_PATH=/px4_uxrce/camera_ws/install/librealsense2/lib/x86_64-linux-gnu/pkgconfig:/px4_uxrce/camera_ws/install/librealsense2/lib/pkgconfig PYTHONPATH=/px4_uxrce/camera_ws/install/realsense2_camera_msgs/local/lib/python3.10/dist-packages:${PYTHONPATH} /usr/bin/cmake /px4_uxrce/camera_ws/src/realsense-ros/realsense2_camera -DCMAKE_INSTALL_PREFIX=/px4_uxrce/camera_ws/install/realsense2_camera
[0.022s] -- Create Release Build.
[0.022s] -- Found ament_cmake: 1.3.11 (/opt/ros/humble/share/ament_cmake/cmake)
[0.135s] -- Found builtin_interfaces: 1.2.1 (/opt/ros/humble/share/builtin_interfaces/cmake)
[0.157s] -- Found rosidl_generator_c: 3.1.6 (/opt/ros/humble/share/rosidl_generator_c/cmake)
[0.160s] -- Found rosidl_adapter: 3.1.6 (/opt/ros/humble/share/rosidl_adapter/cmake)
[0.166s] -- Found rosidl_generator_cpp: 3.1.6 (/opt/ros/humble/share/rosidl_generator_cpp/cmake)
[0.176s] -- Using all available rosidl_typesupport_c: rosidl_typesupport_fastrtps_c;rosidl_typesupport_introspection_c
[0.190s] -- Using all available rosidl_typesupport_cpp: rosidl_typesupport_fastrtps_cpp;rosidl_typesupport_introspection_cpp
[0.202s] -- Found cv_bridge: 3.2.1 (/opt/ros/humble/share/cv_bridge/cmake)
[0.275s] -- Found image_transport: 3.1.10 (/opt/ros/humble/share/image_transport/cmake)
[0.345s] -- Found rmw_implementation_cmake: 6.1.2 (/opt/ros/humble/share/rmw_implementation_cmake/cmake)
[0.348s] -- Found rmw_fastrtps_cpp: 6.2.7 (/opt/ros/humble/share/rmw_fastrtps_cpp/cmake)
[0.432s] -- Found OpenSSL: /usr/lib/x86_64-linux-gnu/libcrypto.so (found version "3.0.2")  
[0.459s] -- Found FastRTPS: /opt/ros/humble/include  
[0.500s] -- Using RMW implementation 'rmw_fastrtps_cpp' as default
[0.511s] -- Looking for pthread.h
[0.586s] -- Looking for pthread.h - found
[0.586s] -- Performing Test CMAKE_HAVE_LIBC_PTHREAD
[0.667s] -- Performing Test CMAKE_HAVE_LIBC_PTHREAD - Success
[0.668s] -- Found Threads: TRUE  
[0.771s] -- Found rclcpp_components: 16.0.11 (/opt/ros/humble/share/rclcpp_components/cmake)
[0.796s] -- Found realsense2_camera_msgs: 4.55.1 (/px4_uxrce/camera_ws/install/realsense2_camera_msgs/share/realsense2_camera_msgs/cmake)
[0.821s] -- Found nav_msgs: 4.2.4 (/opt/ros/humble/share/nav_msgs/cmake)
[0.846s] -- Found tf2_ros: 0.25.12 (/opt/ros/humble/share/tf2_ros/cmake)
[0.945s] [31mCMake Error at CMakeLists.txt:117 (find_package):
[0.945s]   By not providing "Finddiagnostic_updater.cmake" in CMAKE_MODULE_PATH this
[0.945s]   project has asked CMake to find a package configuration file provided by
[0.945s]   "diagnostic_updater", but CMake did not find one.
[0.945s] 
[0.945s]   Could not find a package configuration file provided by
[0.945s]   "diagnostic_updater" with any of the following names:
[0.946s] 
[0.946s]     diagnostic_updaterConfig.cmake
[0.946s]     diagnostic_updater-config.cmake
[0.946s] 
[0.946s]   Add the installation prefix of "diagnostic_updater" to CMAKE_PREFIX_PATH or
[0.946s]   set "diagnostic_updater_DIR" to a directory containing one of the above
[0.946s]   files.  If "diagnostic_updater" provides a separate development package or
[0.946s]   SDK, be sure it has been installed.
[0.947s] 
[0.947s] [0m
[0.947s] -- Configuring incomplete, errors occurred!
[0.947s] See also "/px4_uxrce/camera_ws/build/realsense2_camera/CMakeFiles/CMakeOutput.log".
[0.952s] Invoked command in '/px4_uxrce/camera_ws/build/realsense2_camera' returned '1': AMENT_PREFIX_PATH=/px4_uxrce/camera_ws/install/realsense2_camera_msgs:${AMENT_PREFIX_PATH} CMAKE_PREFIX_PATH=/px4_uxrce/camera_ws/install/realsense2_camera_msgs:/px4_uxrce/camera_ws/install/librealsense2:/opt/ros/humble LD_LIBRARY_PATH=/px4_uxrce/camera_ws/install/realsense2_camera_msgs/lib:/px4_uxrce/camera_ws/install/librealsense2/lib:${LD_LIBRARY_PATH} PATH=/px4_uxrce/camera_ws/install/librealsense2/bin:${PATH} PKG_CONFIG_PATH=/px4_uxrce/camera_ws/install/librealsense2/lib/x86_64-linux-gnu/pkgconfig:/px4_uxrce/camera_ws/install/librealsense2/lib/pkgconfig PYTHONPATH=/px4_uxrce/camera_ws/install/realsense2_camera_msgs/local/lib/python3.10/dist-packages:${PYTHONPATH} /usr/bin/cmake /px4_uxrce/camera_ws/src/realsense-ros/realsense2_camera -DCMAKE_INSTALL_PREFIX=/px4_uxrce/camera_ws/install/realsense2_camera
