[35m[1mConsolidate compiler generated dependencies of target talker[0m
[ 50%] Built target listener
[ 75%] [32mBuilding CXX object CMakeFiles/talker.dir/src/publisher_member_function.cpp.o[0m
[01m[K/px4_uxrce/t265_px4_bridge/src/cpp_pubsub/src/publisher_member_function.cpp:[m[K In member function ‘[01m[Kvoid OdomBridge::odomCallback(nav_msgs::msg::Odometry_<std::allocator<void> >::SharedPtr)[m[K’:
[01m[K/px4_uxrce/t265_px4_bridge/src/cpp_pubsub/src/publisher_member_function.cpp:33:14:[m[K [01;31m[Kerror: [m[K‘[01m[Kusing VehicleOdometry = struct px4_msgs::msg::VehicleOdometry_<std::allocator<void> >[m[K’ {aka ‘[01m[Kstruct px4_msgs::msg::VehicleOdometry_<std::allocator<void> >[m[K’} has no member named ‘[01m[Kx[m[K’
   33 |     px4_odom.[01;31m[Kx[m[K = msg->pose.pose.position.y;   // ENU Y to NED X
      |              [01;31m[K^[m[K
[01m[K/px4_uxrce/t265_px4_bridge/src/cpp_pubsub/src/publisher_member_function.cpp:34:14:[m[K [01;31m[Kerror: [m[K‘[01m[Kusing VehicleOdometry = struct px4_msgs::msg::VehicleOdometry_<std::allocator<void> >[m[K’ {aka ‘[01m[Kstruct px4_msgs::msg::VehicleOdometry_<std::allocator<void> >[m[K’} has no member named ‘[01m[Ky[m[K’
   34 |     px4_odom.[01;31m[Ky[m[K = msg->pose.pose.position.x;   // ENU X to NED Y
      |              [01;31m[K^[m[K
[01m[K/px4_uxrce/t265_px4_bridge/src/cpp_pubsub/src/publisher_member_function.cpp:35:14:[m[K [01;31m[Kerror: [m[K‘[01m[Kusing VehicleOdometry = struct px4_msgs::msg::VehicleOdometry_<std::allocator<void> >[m[K’ {aka ‘[01m[Kstruct px4_msgs::msg::VehicleOdometry_<std::allocator<void> >[m[K’} has no member named ‘[01m[Kz[m[K’
   35 |     px4_odom.[01;31m[Kz[m[K = -msg->pose.pose.position.z;  // ENU Z to NED Z Down
      |              [01;31m[K^[m[K
[01m[K/px4_uxrce/t265_px4_bridge/src/cpp_pubsub/src/publisher_member_function.cpp:65:14:[m[K [01;31m[Kerror: [m[K‘[01m[Kusing VehicleOdometry = struct px4_msgs::msg::VehicleOdometry_<std::allocator<void> >[m[K’ {aka ‘[01m[Kstruct px4_msgs::msg::VehicleOdometry_<std::allocator<void> >[m[K’} has no member named ‘[01m[Kvx[m[K’
   65 |     px4_odom.[01;31m[Kvx[m[K = msg->twist.twist.linear.y;
      |              [01;31m[K^~[m[K
[01m[K/px4_uxrce/t265_px4_bridge/src/cpp_pubsub/src/publisher_member_function.cpp:66:14:[m[K [01;31m[Kerror: [m[K‘[01m[Kusing VehicleOdometry = struct px4_msgs::msg::VehicleOdometry_<std::allocator<void> >[m[K’ {aka ‘[01m[Kstruct px4_msgs::msg::VehicleOdometry_<std::allocator<void> >[m[K’} has no member named ‘[01m[Kvy[m[K’
   66 |     px4_odom.[01;31m[Kvy[m[K = msg->twist.twist.linear.x;
      |              [01;31m[K^~[m[K
[01m[K/px4_uxrce/t265_px4_bridge/src/cpp_pubsub/src/publisher_member_function.cpp:67:14:[m[K [01;31m[Kerror: [m[K‘[01m[Kusing VehicleOdometry = struct px4_msgs::msg::VehicleOdometry_<std::allocator<void> >[m[K’ {aka ‘[01m[Kstruct px4_msgs::msg::VehicleOdometry_<std::allocator<void> >[m[K’} has no member named ‘[01m[Kvz[m[K’
   67 |     px4_odom.[01;31m[Kvz[m[K = -msg->twist.twist.linear.z;
      |              [01;31m[K^~[m[K
gmake[2]: *** [CMakeFiles/talker.dir/build.make:76: CMakeFiles/talker.dir/src/publisher_member_function.cpp.o] Error 1
gmake[1]: *** [CMakeFiles/Makefile2:139: CMakeFiles/talker.dir/all] Error 2
gmake: *** [Makefile:146: all] Error 2
