[0.010s] Invoking command in '/px4_uxrce/camera_ws/build/realsense2_camera': AMENT_PREFIX_PATH=/px4_uxrce/camera_ws/install/realsense2_camera_msgs:${AMENT_PREFIX_PATH} CMAKE_PREFIX_PATH=/px4_uxrce/camera_ws/install/realsense2_camera_msgs:/px4_uxrce/camera_ws/install/librealsense2:/opt/ros/humble LD_LIBRARY_PATH=/px4_uxrce/camera_ws/install/realsense2_camera_msgs/lib:/px4_uxrce/camera_ws/install/librealsense2/lib:${LD_LIBRARY_PATH} PATH=/px4_uxrce/camera_ws/install/librealsense2/bin:${PATH} PKG_CONFIG_PATH=/px4_uxrce/camera_ws/install/librealsense2/lib/x86_64-linux-gnu/pkgconfig:/px4_uxrce/camera_ws/install/librealsense2/lib/pkgconfig PYTHONPATH=/px4_uxrce/camera_ws/install/realsense2_camera_msgs/local/lib/python3.10/dist-packages:${PYTHONPATH} /usr/bin/cmake /px4_uxrce/camera_ws/src/realsense-ros/realsense2_camera -DCMAKE_INSTALL_PREFIX=/px4_uxrce/camera_ws/install/realsense2_camera
[0.021s] -- Create Release Build.
[0.021s] -- Found ament_cmake: 1.3.11 (/opt/ros/humble/share/ament_cmake/cmake)
[0.148s] -- Found builtin_interfaces: 1.2.1 (/opt/ros/humble/share/builtin_interfaces/cmake)
[0.171s] -- Found rosidl_generator_c: 3.1.6 (/opt/ros/humble/share/rosidl_generator_c/cmake)
[0.173s] -- Found rosidl_adapter: 3.1.6 (/opt/ros/humble/share/rosidl_adapter/cmake)
[0.179s] -- Found rosidl_generator_cpp: 3.1.6 (/opt/ros/humble/share/rosidl_generator_cpp/cmake)
[0.189s] -- Using all available rosidl_typesupport_c: rosidl_typesupport_fastrtps_c;rosidl_typesupport_introspection_c
[0.202s] -- Using all available rosidl_typesupport_cpp: rosidl_typesupport_fastrtps_cpp;rosidl_typesupport_introspection_cpp
[0.214s] -- Found cv_bridge: 3.2.1 (/opt/ros/humble/share/cv_bridge/cmake)
[0.288s] [31mCMake Error at CMakeLists.txt:108 (find_package):
[0.288s]   By not providing "Findimage_transport.cmake" in CMAKE_MODULE_PATH this
[0.288s]   project has asked CMake to find a package configuration file provided by
[0.288s]   "image_transport", but CMake did not find one.
[0.288s] 
[0.288s]   Could not find a package configuration file provided by "image_transport"
[0.288s]   with any of the following names:
[0.288s] 
[0.288s]     image_transportConfig.cmake
[0.288s]     image_transport-config.cmake
[0.289s] 
[0.289s]   Add the installation prefix of "image_transport" to CMAKE_PREFIX_PATH or
[0.289s]   set "image_transport_DIR" to a directory containing one of the above files.
[0.289s]   If "image_transport" provides a separate development package or SDK, be
[0.289s]   sure it has been installed.
[0.289s] 
[0.289s] [0m
[0.289s] -- Configuring incomplete, errors occurred!
[0.289s] See also "/px4_uxrce/camera_ws/build/realsense2_camera/CMakeFiles/CMakeOutput.log".
[0.292s] Invoked command in '/px4_uxrce/camera_ws/build/realsense2_camera' returned '1': AMENT_PREFIX_PATH=/px4_uxrce/camera_ws/install/realsense2_camera_msgs:${AMENT_PREFIX_PATH} CMAKE_PREFIX_PATH=/px4_uxrce/camera_ws/install/realsense2_camera_msgs:/px4_uxrce/camera_ws/install/librealsense2:/opt/ros/humble LD_LIBRARY_PATH=/px4_uxrce/camera_ws/install/realsense2_camera_msgs/lib:/px4_uxrce/camera_ws/install/librealsense2/lib:${LD_LIBRARY_PATH} PATH=/px4_uxrce/camera_ws/install/librealsense2/bin:${PATH} PKG_CONFIG_PATH=/px4_uxrce/camera_ws/install/librealsense2/lib/x86_64-linux-gnu/pkgconfig:/px4_uxrce/camera_ws/install/librealsense2/lib/pkgconfig PYTHONPATH=/px4_uxrce/camera_ws/install/realsense2_camera_msgs/local/lib/python3.10/dist-packages:${PYTHONPATH} /usr/bin/cmake /px4_uxrce/camera_ws/src/realsense-ros/realsense2_camera -DCMAKE_INSTALL_PREFIX=/px4_uxrce/camera_ws/install/realsense2_camera
