[0.015s] Invoking command in '/px4_uxrce/new/px4-offboard_ws/build/mpc_msgs': CMAKE_PREFIX_PATH=${CMAKE_PREFIX_PATH}:/px4_uxrce/new/px4-offboard_ws/install/px4_mpc:/px4_uxrce/new/px4-offboard_ws/install/px4_offboard:/opt/ros/humble /usr/bin/cmake --build /px4_uxrce/new/px4-offboard_ws/build/mpc_msgs -- -j12 -l12
[0.059s] [  9%] Built target mpc_msgs__rosidl_generator_c
[0.060s] [ 12%] Built target mpc_msgs__cpp
[0.069s] [ 12%] Built target ament_cmake_python_copy_mpc_msgs
[0.083s] [ 22%] Built target mpc_msgs__rosidl_typesupport_introspection_c
[0.085s] [ 32%] Built target mpc_msgs__rosidl_typesupport_c
[0.085s] [ 41%] Built target mpc_msgs__rosidl_typesupport_cpp
[0.086s] [ 51%] Built target mpc_msgs__rosidl_typesupport_introspection_cpp
[0.088s] [ 61%] Built target mpc_msgs__rosidl_typesupport_fastrtps_c
[0.090s] [ 70%] Built target mpc_msgs__rosidl_typesupport_fastrtps_cpp
[0.114s] [ 70%] Built target mpc_msgs
[0.141s] [ 74%] Built target mpc_msgs__py
[0.166s] [ 80%] Built target mpc_msgs__rosidl_generator_py
[0.224s] [ 87%] Built target mpc_msgs__rosidl_typesupport_fastrtps_c__pyext
[0.231s] [ 93%] Built target mpc_msgs__rosidl_typesupport_c__pyext
[0.243s] [100%] Built target mpc_msgs__rosidl_typesupport_introspection_c__pyext
[0.500s] running egg_info
[0.501s] writing mpc_msgs.egg-info/PKG-INFO
[0.501s] writing dependency_links to mpc_msgs.egg-info/dependency_links.txt
[0.502s] writing top-level names to mpc_msgs.egg-info/top_level.txt
[0.504s] reading manifest file 'mpc_msgs.egg-info/SOURCES.txt'
[0.505s] writing manifest file 'mpc_msgs.egg-info/SOURCES.txt'
[0.554s] [100%] Built target ament_cmake_python_build_mpc_msgs_egg
[0.569s] Invoked command in '/px4_uxrce/new/px4-offboard_ws/build/mpc_msgs' returned '0': CMAKE_PREFIX_PATH=${CMAKE_PREFIX_PATH}:/px4_uxrce/new/px4-offboard_ws/install/px4_mpc:/px4_uxrce/new/px4-offboard_ws/install/px4_offboard:/opt/ros/humble /usr/bin/cmake --build /px4_uxrce/new/px4-offboard_ws/build/mpc_msgs -- -j12 -l12
[0.580s] Invoking command in '/px4_uxrce/new/px4-offboard_ws/build/mpc_msgs': CMAKE_PREFIX_PATH=${CMAKE_PREFIX_PATH}:/px4_uxrce/new/px4-offboard_ws/install/px4_mpc:/px4_uxrce/new/px4-offboard_ws/install/px4_offboard:/opt/ros/humble /usr/bin/cmake --install /px4_uxrce/new/px4-offboard_ws/build/mpc_msgs
[0.587s] -- Install configuration: ""
[0.587s] -- Up-to-date: /px4_uxrce/new/px4-offboard_ws/install/mpc_msgs/share/ament_index/resource_index/rosidl_interfaces/mpc_msgs
[0.588s] -- Up-to-date: /px4_uxrce/new/px4-offboard_ws/install/mpc_msgs/include/mpc_msgs/mpc_msgs
[0.588s] -- Up-to-date: /px4_uxrce/new/px4-offboard_ws/install/mpc_msgs/include/mpc_msgs/mpc_msgs/srv
[0.588s] -- Up-to-date: /px4_uxrce/new/px4-offboard_ws/install/mpc_msgs/include/mpc_msgs/mpc_msgs/srv/detail
[0.588s] -- Up-to-date: /px4_uxrce/new/px4-offboard_ws/install/mpc_msgs/include/mpc_msgs/mpc_msgs/srv/detail/set_pose__type_support.h
[0.588s] -- Up-to-date: /px4_uxrce/new/px4-offboard_ws/install/mpc_msgs/include/mpc_msgs/mpc_msgs/srv/detail/set_pose__struct.h
[0.588s] -- Up-to-date: /px4_uxrce/new/px4-offboard_ws/install/mpc_msgs/include/mpc_msgs/mpc_msgs/srv/detail/set_pose__functions.c
[0.588s] -- Up-to-date: /px4_uxrce/new/px4-offboard_ws/install/mpc_msgs/include/mpc_msgs/mpc_msgs/srv/detail/set_pose__functions.h
[0.588s] -- Up-to-date: /px4_uxrce/new/px4-offboard_ws/install/mpc_msgs/include/mpc_msgs/mpc_msgs/srv/set_pose.h
[0.589s] -- Up-to-date: /px4_uxrce/new/px4-offboard_ws/install/mpc_msgs/include/mpc_msgs/mpc_msgs/msg
[0.589s] -- Up-to-date: /px4_uxrce/new/px4-offboard_ws/install/mpc_msgs/include/mpc_msgs/mpc_msgs/msg/rosidl_generator_c__visibility_control.h
[0.589s] -- Up-to-date: /px4_uxrce/new/px4-offboard_ws/install/mpc_msgs/share/mpc_msgs/environment/library_path.sh
[0.589s] -- Up-to-date: /px4_uxrce/new/px4-offboard_ws/install/mpc_msgs/share/mpc_msgs/environment/library_path.dsv
[0.589s] -- Up-to-date: /px4_uxrce/new/px4-offboard_ws/install/mpc_msgs/lib/libmpc_msgs__rosidl_generator_c.so
[0.589s] -- Up-to-date: /px4_uxrce/new/px4-offboard_ws/install/mpc_msgs/include/mpc_msgs/mpc_msgs
[0.589s] -- Up-to-date: /px4_uxrce/new/px4-offboard_ws/install/mpc_msgs/include/mpc_msgs/mpc_msgs/srv
[0.589s] -- Up-to-date: /px4_uxrce/new/px4-offboard_ws/install/mpc_msgs/include/mpc_msgs/mpc_msgs/srv/detail
[0.589s] -- Up-to-date: /px4_uxrce/new/px4-offboard_ws/install/mpc_msgs/include/mpc_msgs/mpc_msgs/srv/detail/set_pose__rosidl_typesupport_fastrtps_c.h
[0.590s] -- Up-to-date: /px4_uxrce/new/px4-offboard_ws/install/mpc_msgs/include/mpc_msgs/mpc_msgs/msg
[0.590s] -- Up-to-date: /px4_uxrce/new/px4-offboard_ws/install/mpc_msgs/include/mpc_msgs/mpc_msgs/msg/rosidl_typesupport_fastrtps_c__visibility_control.h
[0.590s] -- Up-to-date: /px4_uxrce/new/px4-offboard_ws/install/mpc_msgs/lib/libmpc_msgs__rosidl_typesupport_fastrtps_c.so
[0.590s] -- Up-to-date: /px4_uxrce/new/px4-offboard_ws/install/mpc_msgs/include/mpc_msgs/mpc_msgs
[0.590s] -- Up-to-date: /px4_uxrce/new/px4-offboard_ws/install/mpc_msgs/include/mpc_msgs/mpc_msgs/srv
[0.590s] -- Up-to-date: /px4_uxrce/new/px4-offboard_ws/install/mpc_msgs/include/mpc_msgs/mpc_msgs/srv/set_pose.hpp
[0.590s] -- Up-to-date: /px4_uxrce/new/px4-offboard_ws/install/mpc_msgs/include/mpc_msgs/mpc_msgs/srv/detail
[0.590s] -- Up-to-date: /px4_uxrce/new/px4-offboard_ws/install/mpc_msgs/include/mpc_msgs/mpc_msgs/srv/detail/set_pose__builder.hpp
[0.590s] -- Up-to-date: /px4_uxrce/new/px4-offboard_ws/install/mpc_msgs/include/mpc_msgs/mpc_msgs/srv/detail/set_pose__type_support.hpp
[0.590s] -- Up-to-date: /px4_uxrce/new/px4-offboard_ws/install/mpc_msgs/include/mpc_msgs/mpc_msgs/srv/detail/set_pose__traits.hpp
[0.591s] -- Up-to-date: /px4_uxrce/new/px4-offboard_ws/install/mpc_msgs/include/mpc_msgs/mpc_msgs/srv/detail/set_pose__struct.hpp
[0.591s] -- Up-to-date: /px4_uxrce/new/px4-offboard_ws/install/mpc_msgs/include/mpc_msgs/mpc_msgs/msg
[0.591s] -- Up-to-date: /px4_uxrce/new/px4-offboard_ws/install/mpc_msgs/include/mpc_msgs/mpc_msgs/msg/rosidl_generator_cpp__visibility_control.hpp
[0.591s] -- Up-to-date: /px4_uxrce/new/px4-offboard_ws/install/mpc_msgs/include/mpc_msgs/mpc_msgs
[0.591s] -- Up-to-date: /px4_uxrce/new/px4-offboard_ws/install/mpc_msgs/include/mpc_msgs/mpc_msgs/srv
[0.591s] -- Up-to-date: /px4_uxrce/new/px4-offboard_ws/install/mpc_msgs/include/mpc_msgs/mpc_msgs/srv/detail
[0.591s] -- Up-to-date: /px4_uxrce/new/px4-offboard_ws/install/mpc_msgs/include/mpc_msgs/mpc_msgs/srv/detail/set_pose__rosidl_typesupport_fastrtps_cpp.hpp
[0.591s] -- Up-to-date: /px4_uxrce/new/px4-offboard_ws/install/mpc_msgs/include/mpc_msgs/mpc_msgs/srv/detail/dds_fastrtps
[0.591s] -- Up-to-date: /px4_uxrce/new/px4-offboard_ws/install/mpc_msgs/include/mpc_msgs/mpc_msgs/msg
[0.591s] -- Up-to-date: /px4_uxrce/new/px4-offboard_ws/install/mpc_msgs/include/mpc_msgs/mpc_msgs/msg/rosidl_typesupport_fastrtps_cpp__visibility_control.h
[0.593s] -- Up-to-date: /px4_uxrce/new/px4-offboard_ws/install/mpc_msgs/lib/libmpc_msgs__rosidl_typesupport_fastrtps_cpp.so
[0.593s] -- Up-to-date: /px4_uxrce/new/px4-offboard_ws/install/mpc_msgs/include/mpc_msgs/mpc_msgs
[0.593s] -- Up-to-date: /px4_uxrce/new/px4-offboard_ws/install/mpc_msgs/include/mpc_msgs/mpc_msgs/srv
[0.594s] -- Up-to-date: /px4_uxrce/new/px4-offboard_ws/install/mpc_msgs/include/mpc_msgs/mpc_msgs/srv/detail
[0.594s] -- Up-to-date: /px4_uxrce/new/px4-offboard_ws/install/mpc_msgs/include/mpc_msgs/mpc_msgs/srv/detail/set_pose__rosidl_typesupport_introspection_c.h
[0.594s] -- Up-to-date: /px4_uxrce/new/px4-offboard_ws/install/mpc_msgs/include/mpc_msgs/mpc_msgs/srv/detail/set_pose__type_support.c
[0.594s] -- Up-to-date: /px4_uxrce/new/px4-offboard_ws/install/mpc_msgs/include/mpc_msgs/mpc_msgs/msg
[0.594s] -- Up-to-date: /px4_uxrce/new/px4-offboard_ws/install/mpc_msgs/include/mpc_msgs/mpc_msgs/msg/rosidl_typesupport_introspection_c__visibility_control.h
[0.594s] -- Up-to-date: /px4_uxrce/new/px4-offboard_ws/install/mpc_msgs/lib/libmpc_msgs__rosidl_typesupport_introspection_c.so
[0.594s] -- Up-to-date: /px4_uxrce/new/px4-offboard_ws/install/mpc_msgs/lib/libmpc_msgs__rosidl_typesupport_c.so
[0.594s] -- Up-to-date: /px4_uxrce/new/px4-offboard_ws/install/mpc_msgs/include/mpc_msgs/mpc_msgs
[0.594s] -- Up-to-date: /px4_uxrce/new/px4-offboard_ws/install/mpc_msgs/include/mpc_msgs/mpc_msgs/srv
[0.594s] -- Up-to-date: /px4_uxrce/new/px4-offboard_ws/install/mpc_msgs/include/mpc_msgs/mpc_msgs/srv/detail
[0.595s] -- Up-to-date: /px4_uxrce/new/px4-offboard_ws/install/mpc_msgs/include/mpc_msgs/mpc_msgs/srv/detail/set_pose__rosidl_typesupport_introspection_cpp.hpp
[0.595s] -- Up-to-date: /px4_uxrce/new/px4-offboard_ws/install/mpc_msgs/include/mpc_msgs/mpc_msgs/srv/detail/set_pose__type_support.cpp
[0.595s] -- Up-to-date: /px4_uxrce/new/px4-offboard_ws/install/mpc_msgs/lib/libmpc_msgs__rosidl_typesupport_introspection_cpp.so
[0.595s] -- Up-to-date: /px4_uxrce/new/px4-offboard_ws/install/mpc_msgs/lib/libmpc_msgs__rosidl_typesupport_cpp.so
[0.595s] -- Up-to-date: /px4_uxrce/new/px4-offboard_ws/install/mpc_msgs/share/mpc_msgs/environment/pythonpath.sh
[0.595s] -- Up-to-date: /px4_uxrce/new/px4-offboard_ws/install/mpc_msgs/share/mpc_msgs/environment/pythonpath.dsv
[0.595s] -- Up-to-date: /px4_uxrce/new/px4-offboard_ws/install/mpc_msgs/local/lib/python3.10/dist-packages/mpc_msgs-0.0.0-py3.10.egg-info
[0.595s] -- Installing: /px4_uxrce/new/px4-offboard_ws/install/mpc_msgs/local/lib/python3.10/dist-packages/mpc_msgs-0.0.0-py3.10.egg-info/dependency_links.txt
[0.595s] -- Installing: /px4_uxrce/new/px4-offboard_ws/install/mpc_msgs/local/lib/python3.10/dist-packages/mpc_msgs-0.0.0-py3.10.egg-info/top_level.txt
[0.595s] -- Installing: /px4_uxrce/new/px4-offboard_ws/install/mpc_msgs/local/lib/python3.10/dist-packages/mpc_msgs-0.0.0-py3.10.egg-info/PKG-INFO
[0.596s] -- Installing: /px4_uxrce/new/px4-offboard_ws/install/mpc_msgs/local/lib/python3.10/dist-packages/mpc_msgs-0.0.0-py3.10.egg-info/SOURCES.txt
[0.596s] -- Up-to-date: /px4_uxrce/new/px4-offboard_ws/install/mpc_msgs/local/lib/python3.10/dist-packages/mpc_msgs
[0.596s] -- Up-to-date: /px4_uxrce/new/px4-offboard_ws/install/mpc_msgs/local/lib/python3.10/dist-packages/mpc_msgs/libmpc_msgs__rosidl_generator_py.so
[0.596s] -- Up-to-date: /px4_uxrce/new/px4-offboard_ws/install/mpc_msgs/local/lib/python3.10/dist-packages/mpc_msgs/mpc_msgs_s__rosidl_typesupport_c.cpython-310-x86_64-linux-gnu.so
[0.596s] -- Up-to-date: /px4_uxrce/new/px4-offboard_ws/install/mpc_msgs/local/lib/python3.10/dist-packages/mpc_msgs/_mpc_msgs_s.ep.rosidl_typesupport_c.c
[0.596s] -- Up-to-date: /px4_uxrce/new/px4-offboard_ws/install/mpc_msgs/local/lib/python3.10/dist-packages/mpc_msgs/srv
[0.596s] -- Up-to-date: /px4_uxrce/new/px4-offboard_ws/install/mpc_msgs/local/lib/python3.10/dist-packages/mpc_msgs/srv/_set_pose_s.c
[0.596s] -- Up-to-date: /px4_uxrce/new/px4-offboard_ws/install/mpc_msgs/local/lib/python3.10/dist-packages/mpc_msgs/srv/_set_pose.py
[0.596s] -- Up-to-date: /px4_uxrce/new/px4-offboard_ws/install/mpc_msgs/local/lib/python3.10/dist-packages/mpc_msgs/srv/__init__.py
[0.597s] -- Up-to-date: /px4_uxrce/new/px4-offboard_ws/install/mpc_msgs/local/lib/python3.10/dist-packages/mpc_msgs/__init__.py
[0.597s] -- Up-to-date: /px4_uxrce/new/px4-offboard_ws/install/mpc_msgs/local/lib/python3.10/dist-packages/mpc_msgs/_mpc_msgs_s.ep.rosidl_typesupport_fastrtps_c.c
[0.597s] -- Up-to-date: /px4_uxrce/new/px4-offboard_ws/install/mpc_msgs/local/lib/python3.10/dist-packages/mpc_msgs/_mpc_msgs_s.ep.rosidl_typesupport_introspection_c.c
[0.597s] -- Up-to-date: /px4_uxrce/new/px4-offboard_ws/install/mpc_msgs/local/lib/python3.10/dist-packages/mpc_msgs/mpc_msgs_s__rosidl_typesupport_fastrtps_c.cpython-310-x86_64-linux-gnu.so
[0.597s] -- Up-to-date: /px4_uxrce/new/px4-offboard_ws/install/mpc_msgs/local/lib/python3.10/dist-packages/mpc_msgs/mpc_msgs_s__rosidl_typesupport_introspection_c.cpython-310-x86_64-linux-gnu.so
[0.640s] Listing '/px4_uxrce/new/px4-offboard_ws/install/mpc_msgs/local/lib/python3.10/dist-packages/mpc_msgs'...
[0.640s] Listing '/px4_uxrce/new/px4-offboard_ws/install/mpc_msgs/local/lib/python3.10/dist-packages/mpc_msgs/srv'...
[0.642s] -- Up-to-date: /px4_uxrce/new/px4-offboard_ws/install/mpc_msgs/local/lib/python3.10/dist-packages/mpc_msgs/mpc_msgs_s__rosidl_typesupport_fastrtps_c.cpython-310-x86_64-linux-gnu.so
[0.642s] -- Up-to-date: /px4_uxrce/new/px4-offboard_ws/install/mpc_msgs/local/lib/python3.10/dist-packages/mpc_msgs/mpc_msgs_s__rosidl_typesupport_introspection_c.cpython-310-x86_64-linux-gnu.so
[0.643s] -- Up-to-date: /px4_uxrce/new/px4-offboard_ws/install/mpc_msgs/local/lib/python3.10/dist-packages/mpc_msgs/mpc_msgs_s__rosidl_typesupport_c.cpython-310-x86_64-linux-gnu.so
[0.643s] -- Up-to-date: /px4_uxrce/new/px4-offboard_ws/install/mpc_msgs/lib/libmpc_msgs__rosidl_generator_py.so
[0.643s] -- Up-to-date: /px4_uxrce/new/px4-offboard_ws/install/mpc_msgs/share/mpc_msgs/srv/SetPose.idl
[0.643s] -- Up-to-date: /px4_uxrce/new/px4-offboard_ws/install/mpc_msgs/share/mpc_msgs/srv/SetPose.srv
[0.644s] -- Up-to-date: /px4_uxrce/new/px4-offboard_ws/install/mpc_msgs/share/mpc_msgs/srv/SetPose_Request.msg
[0.644s] -- Up-to-date: /px4_uxrce/new/px4-offboard_ws/install/mpc_msgs/share/mpc_msgs/srv/SetPose_Response.msg
[0.644s] -- Up-to-date: /px4_uxrce/new/px4-offboard_ws/install/mpc_msgs/share/ament_index/resource_index/package_run_dependencies/mpc_msgs
[0.644s] -- Up-to-date: /px4_uxrce/new/px4-offboard_ws/install/mpc_msgs/share/ament_index/resource_index/parent_prefix_path/mpc_msgs
[0.644s] -- Up-to-date: /px4_uxrce/new/px4-offboard_ws/install/mpc_msgs/share/mpc_msgs/environment/ament_prefix_path.sh
[0.645s] -- Up-to-date: /px4_uxrce/new/px4-offboard_ws/install/mpc_msgs/share/mpc_msgs/environment/ament_prefix_path.dsv
[0.645s] -- Up-to-date: /px4_uxrce/new/px4-offboard_ws/install/mpc_msgs/share/mpc_msgs/environment/path.sh
[0.645s] -- Up-to-date: /px4_uxrce/new/px4-offboard_ws/install/mpc_msgs/share/mpc_msgs/environment/path.dsv
[0.645s] -- Up-to-date: /px4_uxrce/new/px4-offboard_ws/install/mpc_msgs/share/mpc_msgs/local_setup.bash
[0.646s] -- Up-to-date: /px4_uxrce/new/px4-offboard_ws/install/mpc_msgs/share/mpc_msgs/local_setup.sh
[0.646s] -- Up-to-date: /px4_uxrce/new/px4-offboard_ws/install/mpc_msgs/share/mpc_msgs/local_setup.zsh
[0.646s] -- Up-to-date: /px4_uxrce/new/px4-offboard_ws/install/mpc_msgs/share/mpc_msgs/local_setup.dsv
[0.646s] -- Installing: /px4_uxrce/new/px4-offboard_ws/install/mpc_msgs/share/mpc_msgs/package.dsv
[0.647s] -- Up-to-date: /px4_uxrce/new/px4-offboard_ws/install/mpc_msgs/share/ament_index/resource_index/packages/mpc_msgs
[0.647s] -- Up-to-date: /px4_uxrce/new/px4-offboard_ws/install/mpc_msgs/share/mpc_msgs/cmake/export_mpc_msgs__rosidl_generator_cExport.cmake
[0.647s] -- Up-to-date: /px4_uxrce/new/px4-offboard_ws/install/mpc_msgs/share/mpc_msgs/cmake/export_mpc_msgs__rosidl_generator_cExport-noconfig.cmake
[0.647s] -- Up-to-date: /px4_uxrce/new/px4-offboard_ws/install/mpc_msgs/share/mpc_msgs/cmake/export_mpc_msgs__rosidl_typesupport_fastrtps_cExport.cmake
[0.647s] -- Up-to-date: /px4_uxrce/new/px4-offboard_ws/install/mpc_msgs/share/mpc_msgs/cmake/export_mpc_msgs__rosidl_typesupport_fastrtps_cExport-noconfig.cmake
[0.647s] -- Up-to-date: /px4_uxrce/new/px4-offboard_ws/install/mpc_msgs/share/mpc_msgs/cmake/export_mpc_msgs__rosidl_generator_cppExport.cmake
[0.647s] -- Up-to-date: /px4_uxrce/new/px4-offboard_ws/install/mpc_msgs/share/mpc_msgs/cmake/export_mpc_msgs__rosidl_typesupport_fastrtps_cppExport.cmake
[0.648s] -- Up-to-date: /px4_uxrce/new/px4-offboard_ws/install/mpc_msgs/share/mpc_msgs/cmake/export_mpc_msgs__rosidl_typesupport_fastrtps_cppExport-noconfig.cmake
[0.648s] -- Up-to-date: /px4_uxrce/new/px4-offboard_ws/install/mpc_msgs/share/mpc_msgs/cmake/mpc_msgs__rosidl_typesupport_introspection_cExport.cmake
[0.648s] -- Up-to-date: /px4_uxrce/new/px4-offboard_ws/install/mpc_msgs/share/mpc_msgs/cmake/mpc_msgs__rosidl_typesupport_introspection_cExport-noconfig.cmake
[0.648s] -- Up-to-date: /px4_uxrce/new/px4-offboard_ws/install/mpc_msgs/share/mpc_msgs/cmake/mpc_msgs__rosidl_typesupport_cExport.cmake
[0.648s] -- Up-to-date: /px4_uxrce/new/px4-offboard_ws/install/mpc_msgs/share/mpc_msgs/cmake/mpc_msgs__rosidl_typesupport_cExport-noconfig.cmake
[0.648s] -- Up-to-date: /px4_uxrce/new/px4-offboard_ws/install/mpc_msgs/share/mpc_msgs/cmake/mpc_msgs__rosidl_typesupport_introspection_cppExport.cmake
[0.648s] -- Up-to-date: /px4_uxrce/new/px4-offboard_ws/install/mpc_msgs/share/mpc_msgs/cmake/mpc_msgs__rosidl_typesupport_introspection_cppExport-noconfig.cmake
[0.648s] -- Up-to-date: /px4_uxrce/new/px4-offboard_ws/install/mpc_msgs/share/mpc_msgs/cmake/mpc_msgs__rosidl_typesupport_cppExport.cmake
[0.648s] -- Up-to-date: /px4_uxrce/new/px4-offboard_ws/install/mpc_msgs/share/mpc_msgs/cmake/mpc_msgs__rosidl_typesupport_cppExport-noconfig.cmake
[0.648s] -- Up-to-date: /px4_uxrce/new/px4-offboard_ws/install/mpc_msgs/share/mpc_msgs/cmake/export_mpc_msgs__rosidl_generator_pyExport.cmake
[0.649s] -- Up-to-date: /px4_uxrce/new/px4-offboard_ws/install/mpc_msgs/share/mpc_msgs/cmake/export_mpc_msgs__rosidl_generator_pyExport-noconfig.cmake
[0.649s] -- Up-to-date: /px4_uxrce/new/px4-offboard_ws/install/mpc_msgs/share/mpc_msgs/cmake/rosidl_cmake-extras.cmake
[0.650s] -- Up-to-date: /px4_uxrce/new/px4-offboard_ws/install/mpc_msgs/share/mpc_msgs/cmake/ament_cmake_export_dependencies-extras.cmake
[0.650s] -- Up-to-date: /px4_uxrce/new/px4-offboard_ws/install/mpc_msgs/share/mpc_msgs/cmake/ament_cmake_export_include_directories-extras.cmake
[0.651s] -- Up-to-date: /px4_uxrce/new/px4-offboard_ws/install/mpc_msgs/share/mpc_msgs/cmake/ament_cmake_export_libraries-extras.cmake
[0.652s] -- Up-to-date: /px4_uxrce/new/px4-offboard_ws/install/mpc_msgs/share/mpc_msgs/cmake/ament_cmake_export_targets-extras.cmake
[0.652s] -- Up-to-date: /px4_uxrce/new/px4-offboard_ws/install/mpc_msgs/share/mpc_msgs/cmake/rosidl_cmake_export_typesupport_targets-extras.cmake
[0.661s] -- Up-to-date: /px4_uxrce/new/px4-offboard_ws/install/mpc_msgs/share/mpc_msgs/cmake/rosidl_cmake_export_typesupport_libraries-extras.cmake
[0.662s] -- Up-to-date: /px4_uxrce/new/px4-offboard_ws/install/mpc_msgs/share/mpc_msgs/cmake/mpc_msgsConfig.cmake
[0.662s] -- Up-to-date: /px4_uxrce/new/px4-offboard_ws/install/mpc_msgs/share/mpc_msgs/cmake/mpc_msgsConfig-version.cmake
[0.662s] -- Up-to-date: /px4_uxrce/new/px4-offboard_ws/install/mpc_msgs/share/mpc_msgs/package.xml
[0.663s] Invoked command in '/px4_uxrce/new/px4-offboard_ws/build/mpc_msgs' returned '0': CMAKE_PREFIX_PATH=${CMAKE_PREFIX_PATH}:/px4_uxrce/new/px4-offboard_ws/install/px4_mpc:/px4_uxrce/new/px4-offboard_ws/install/px4_offboard:/opt/ros/humble /usr/bin/cmake --install /px4_uxrce/new/px4-offboard_ws/build/mpc_msgs
