[0.132s] DEBUG:colcon:Command line arguments: ['/usr/bin/colcon', 'build']
[0.132s] DEBUG:colcon:Parsed command line arguments: Namespace(log_base=None, log_level=None, verb_name='build', build_base='build', install_base='install', merge_install=False, symlink_install=False, test_result_base=None, continue_on_error=False, executor='parallel', parallel_workers=12, event_handlers=None, ignore_user_meta=False, metas=['./colcon.meta'], base_paths=['.'], packages_ignore=None, packages_ignore_regex=None, paths=None, packages_up_to=None, packages_up_to_regex=None, packages_above=None, packages_above_and_dependencies=None, packages_above_depth=None, packages_select_by_dep=None, packages_skip_by_dep=None, packages_skip_up_to=None, packages_select_build_failed=False, packages_skip_build_finished=False, packages_select_test_failures=False, packages_skip_test_passed=False, packages_select=None, packages_skip=None, packages_select_regex=None, packages_skip_regex=None, packages_start=None, packages_end=None, cmake_args=None, cmake_target=None, cmake_target_skip_unavailable=False, cmake_clean_cache=False, cmake_clean_first=False, cmake_force_configure=False, ament_cmake_args=None, catkin_cmake_args=None, catkin_skip_building_tests=False, mixin_files=None, mixin=None, verb_parser=<colcon_mixin.mixin.mixin_argument.MixinArgumentDecorator object at 0x7f368e7504c0>, verb_extension=<colcon_core.verb.build.BuildVerb object at 0x7f368e727e80>, main=<bound method BuildVerb.main of <colcon_core.verb.build.BuildVerb object at 0x7f368e727e80>>, mixin_verb=('build',))
[0.340s] Level 1:colcon.colcon_core.package_discovery:discover_packages(colcon_meta) check parameters
[0.341s] INFO:colcon.colcon_metadata.package_discovery.colcon_meta:Using configuration from '/root/.colcon/metadata/default/Gazebo.meta'
[0.341s] INFO:colcon.colcon_metadata.package_discovery.colcon_meta:Using configuration from '/root/.colcon/metadata/default/fastrtps.meta'
[0.341s] Level 1:colcon.colcon_core.package_discovery:discover_packages(recursive) check parameters
[0.341s] Level 1:colcon.colcon_core.package_discovery:discover_packages(ignore) check parameters
[0.341s] Level 1:colcon.colcon_core.package_discovery:discover_packages(path) check parameters
[0.341s] Level 1:colcon.colcon_core.package_discovery:discover_packages(colcon_meta) discover
[0.341s] Level 1:colcon.colcon_core.package_discovery:discover_packages(recursive) discover
[0.341s] INFO:colcon.colcon_core.package_discovery:Crawling recursively for packages in '/px4_uxrce/new/px4-offboard_ws'
[0.341s] Level 1:colcon.colcon_core.package_identification:_identify(.) by extensions ['ignore', 'ignore_ament_install']
[0.342s] Level 1:colcon.colcon_core.package_identification:_identify(.) by extension 'ignore'
[0.342s] Level 1:colcon.colcon_core.package_identification:_identify(.) by extension 'ignore_ament_install'
[0.342s] Level 1:colcon.colcon_core.package_identification:_identify(.) by extensions ['colcon_pkg']
[0.342s] Level 1:colcon.colcon_core.package_identification:_identify(.) by extension 'colcon_pkg'
[0.342s] Level 1:colcon.colcon_core.package_identification:_identify(.) by extensions ['colcon_meta']
[0.342s] Level 1:colcon.colcon_core.package_identification:_identify(.) by extension 'colcon_meta'
[0.342s] Level 1:colcon.colcon_core.package_identification:_identify(.) by extensions ['ros']
[0.342s] Level 1:colcon.colcon_core.package_identification:_identify(.) by extension 'ros'
[0.377s] Level 1:colcon.colcon_core.package_identification:_identify(.) by extensions ['cmake', 'python']
[0.377s] Level 1:colcon.colcon_core.package_identification:_identify(.) by extension 'cmake'
[0.377s] Level 1:colcon.colcon_core.package_identification:_identify(.) by extension 'python'
[0.377s] Level 1:colcon.colcon_core.package_identification:_identify(.) by extensions ['python_setup_py']
[0.377s] Level 1:colcon.colcon_core.package_identification:_identify(.) by extension 'python_setup_py'
[0.378s] Level 1:colcon.colcon_core.package_identification:_identify(build) by extensions ['ignore', 'ignore_ament_install']
[0.378s] Level 1:colcon.colcon_core.package_identification:_identify(build) by extension 'ignore'
[0.378s] Level 1:colcon.colcon_core.package_identification:_identify(build) ignored
[0.378s] Level 1:colcon.colcon_core.package_identification:_identify(c_generated_code) by extensions ['ignore', 'ignore_ament_install']
[0.378s] Level 1:colcon.colcon_core.package_identification:_identify(c_generated_code) by extension 'ignore'
[0.378s] Level 1:colcon.colcon_core.package_identification:_identify(c_generated_code) by extension 'ignore_ament_install'
[0.378s] Level 1:colcon.colcon_core.package_identification:_identify(c_generated_code) by extensions ['colcon_pkg']
[0.378s] Level 1:colcon.colcon_core.package_identification:_identify(c_generated_code) by extension 'colcon_pkg'
[0.378s] Level 1:colcon.colcon_core.package_identification:_identify(c_generated_code) by extensions ['colcon_meta']
[0.378s] Level 1:colcon.colcon_core.package_identification:_identify(c_generated_code) by extension 'colcon_meta'
[0.378s] Level 1:colcon.colcon_core.package_identification:_identify(c_generated_code) by extensions ['ros']
[0.378s] Level 1:colcon.colcon_core.package_identification:_identify(c_generated_code) by extension 'ros'
[0.378s] Level 1:colcon.colcon_core.package_identification:_identify(c_generated_code) by extensions ['cmake', 'python']
[0.378s] Level 1:colcon.colcon_core.package_identification:_identify(c_generated_code) by extension 'cmake'
[0.379s] Level 1:colcon.colcon_core.package_identification:_identify(c_generated_code) by extension 'python'
[0.379s] Level 1:colcon.colcon_core.package_identification:_identify(c_generated_code) by extensions ['python_setup_py']
[0.379s] Level 1:colcon.colcon_core.package_identification:_identify(c_generated_code) by extension 'python_setup_py'
[0.379s] Level 1:colcon.colcon_core.package_identification:_identify(c_generated_code/multirotor_rate_model_cost) by extensions ['ignore', 'ignore_ament_install']
[0.379s] Level 1:colcon.colcon_core.package_identification:_identify(c_generated_code/multirotor_rate_model_cost) by extension 'ignore'
[0.379s] Level 1:colcon.colcon_core.package_identification:_identify(c_generated_code/multirotor_rate_model_cost) by extension 'ignore_ament_install'
[0.379s] Level 1:colcon.colcon_core.package_identification:_identify(c_generated_code/multirotor_rate_model_cost) by extensions ['colcon_pkg']
[0.379s] Level 1:colcon.colcon_core.package_identification:_identify(c_generated_code/multirotor_rate_model_cost) by extension 'colcon_pkg'
[0.379s] Level 1:colcon.colcon_core.package_identification:_identify(c_generated_code/multirotor_rate_model_cost) by extensions ['colcon_meta']
[0.379s] Level 1:colcon.colcon_core.package_identification:_identify(c_generated_code/multirotor_rate_model_cost) by extension 'colcon_meta'
[0.379s] Level 1:colcon.colcon_core.package_identification:_identify(c_generated_code/multirotor_rate_model_cost) by extensions ['ros']
[0.379s] Level 1:colcon.colcon_core.package_identification:_identify(c_generated_code/multirotor_rate_model_cost) by extension 'ros'
[0.379s] Level 1:colcon.colcon_core.package_identification:_identify(c_generated_code/multirotor_rate_model_cost) by extensions ['cmake', 'python']
[0.379s] Level 1:colcon.colcon_core.package_identification:_identify(c_generated_code/multirotor_rate_model_cost) by extension 'cmake'
[0.379s] Level 1:colcon.colcon_core.package_identification:_identify(c_generated_code/multirotor_rate_model_cost) by extension 'python'
[0.379s] Level 1:colcon.colcon_core.package_identification:_identify(c_generated_code/multirotor_rate_model_cost) by extensions ['python_setup_py']
[0.379s] Level 1:colcon.colcon_core.package_identification:_identify(c_generated_code/multirotor_rate_model_cost) by extension 'python_setup_py'
[0.380s] Level 1:colcon.colcon_core.package_identification:_identify(c_generated_code/multirotor_rate_model_model) by extensions ['ignore', 'ignore_ament_install']
[0.380s] Level 1:colcon.colcon_core.package_identification:_identify(c_generated_code/multirotor_rate_model_model) by extension 'ignore'
[0.380s] Level 1:colcon.colcon_core.package_identification:_identify(c_generated_code/multirotor_rate_model_model) by extension 'ignore_ament_install'
[0.380s] Level 1:colcon.colcon_core.package_identification:_identify(c_generated_code/multirotor_rate_model_model) by extensions ['colcon_pkg']
[0.380s] Level 1:colcon.colcon_core.package_identification:_identify(c_generated_code/multirotor_rate_model_model) by extension 'colcon_pkg'
[0.380s] Level 1:colcon.colcon_core.package_identification:_identify(c_generated_code/multirotor_rate_model_model) by extensions ['colcon_meta']
[0.380s] Level 1:colcon.colcon_core.package_identification:_identify(c_generated_code/multirotor_rate_model_model) by extension 'colcon_meta'
[0.380s] Level 1:colcon.colcon_core.package_identification:_identify(c_generated_code/multirotor_rate_model_model) by extensions ['ros']
[0.380s] Level 1:colcon.colcon_core.package_identification:_identify(c_generated_code/multirotor_rate_model_model) by extension 'ros'
[0.380s] Level 1:colcon.colcon_core.package_identification:_identify(c_generated_code/multirotor_rate_model_model) by extensions ['cmake', 'python']
[0.380s] Level 1:colcon.colcon_core.package_identification:_identify(c_generated_code/multirotor_rate_model_model) by extension 'cmake'
[0.380s] Level 1:colcon.colcon_core.package_identification:_identify(c_generated_code/multirotor_rate_model_model) by extension 'python'
[0.380s] Level 1:colcon.colcon_core.package_identification:_identify(c_generated_code/multirotor_rate_model_model) by extensions ['python_setup_py']
[0.380s] Level 1:colcon.colcon_core.package_identification:_identify(c_generated_code/multirotor_rate_model_model) by extension 'python_setup_py'
[0.380s] Level 1:colcon.colcon_core.package_identification:_identify(install) by extensions ['ignore', 'ignore_ament_install']
[0.380s] Level 1:colcon.colcon_core.package_identification:_identify(install) by extension 'ignore'
[0.381s] Level 1:colcon.colcon_core.package_identification:_identify(install) ignored
[0.381s] Level 1:colcon.colcon_core.package_identification:_identify(log) by extensions ['ignore', 'ignore_ament_install']
[0.381s] Level 1:colcon.colcon_core.package_identification:_identify(log) by extension 'ignore'
[0.381s] Level 1:colcon.colcon_core.package_identification:_identify(log) ignored
[0.381s] Level 1:colcon.colcon_core.package_identification:_identify(src) by extensions ['ignore', 'ignore_ament_install']
[0.381s] Level 1:colcon.colcon_core.package_identification:_identify(src) by extension 'ignore'
[0.381s] Level 1:colcon.colcon_core.package_identification:_identify(src) by extension 'ignore_ament_install'
[0.381s] Level 1:colcon.colcon_core.package_identification:_identify(src) by extensions ['colcon_pkg']
[0.381s] Level 1:colcon.colcon_core.package_identification:_identify(src) by extension 'colcon_pkg'
[0.381s] Level 1:colcon.colcon_core.package_identification:_identify(src) by extensions ['colcon_meta']
[0.381s] Level 1:colcon.colcon_core.package_identification:_identify(src) by extension 'colcon_meta'
[0.381s] Level 1:colcon.colcon_core.package_identification:_identify(src) by extensions ['ros']
[0.381s] Level 1:colcon.colcon_core.package_identification:_identify(src) by extension 'ros'
[0.381s] Level 1:colcon.colcon_core.package_identification:_identify(src) by extensions ['cmake', 'python']
[0.382s] Level 1:colcon.colcon_core.package_identification:_identify(src) by extension 'cmake'
[0.382s] Level 1:colcon.colcon_core.package_identification:_identify(src) by extension 'python'
[0.382s] Level 1:colcon.colcon_core.package_identification:_identify(src) by extensions ['python_setup_py']
[0.382s] Level 1:colcon.colcon_core.package_identification:_identify(src) by extension 'python_setup_py'
[0.382s] Level 1:colcon.colcon_core.package_identification:_identify(src/px4-mpc) by extensions ['ignore', 'ignore_ament_install']
[0.382s] Level 1:colcon.colcon_core.package_identification:_identify(src/px4-mpc) by extension 'ignore'
[0.382s] Level 1:colcon.colcon_core.package_identification:_identify(src/px4-mpc) by extension 'ignore_ament_install'
[0.382s] Level 1:colcon.colcon_core.package_identification:_identify(src/px4-mpc) by extensions ['colcon_pkg']
[0.382s] Level 1:colcon.colcon_core.package_identification:_identify(src/px4-mpc) by extension 'colcon_pkg'
[0.382s] Level 1:colcon.colcon_core.package_identification:_identify(src/px4-mpc) by extensions ['colcon_meta']
[0.382s] Level 1:colcon.colcon_core.package_identification:_identify(src/px4-mpc) by extension 'colcon_meta'
[0.382s] Level 1:colcon.colcon_core.package_identification:_identify(src/px4-mpc) by extensions ['ros']
[0.382s] Level 1:colcon.colcon_core.package_identification:_identify(src/px4-mpc) by extension 'ros'
[0.382s] Level 1:colcon.colcon_core.package_identification:_identify(src/px4-mpc) by extensions ['cmake', 'python']
[0.382s] Level 1:colcon.colcon_core.package_identification:_identify(src/px4-mpc) by extension 'cmake'
[0.382s] Level 1:colcon.colcon_core.package_identification:_identify(src/px4-mpc) by extension 'python'
[0.382s] Level 1:colcon.colcon_core.package_identification:_identify(src/px4-mpc) by extensions ['python_setup_py']
[0.382s] Level 1:colcon.colcon_core.package_identification:_identify(src/px4-mpc) by extension 'python_setup_py'
[0.383s] Level 1:colcon.colcon_core.package_identification:_identify(src/px4-mpc/mpc_msgs) by extensions ['ignore', 'ignore_ament_install']
[0.383s] Level 1:colcon.colcon_core.package_identification:_identify(src/px4-mpc/mpc_msgs) by extension 'ignore'
[0.383s] Level 1:colcon.colcon_core.package_identification:_identify(src/px4-mpc/mpc_msgs) by extension 'ignore_ament_install'
[0.383s] Level 1:colcon.colcon_core.package_identification:_identify(src/px4-mpc/mpc_msgs) by extensions ['colcon_pkg']
[0.383s] Level 1:colcon.colcon_core.package_identification:_identify(src/px4-mpc/mpc_msgs) by extension 'colcon_pkg'
[0.383s] Level 1:colcon.colcon_core.package_identification:_identify(src/px4-mpc/mpc_msgs) by extensions ['colcon_meta']
[0.383s] Level 1:colcon.colcon_core.package_identification:_identify(src/px4-mpc/mpc_msgs) by extension 'colcon_meta'
[0.383s] Level 1:colcon.colcon_core.package_identification:_identify(src/px4-mpc/mpc_msgs) by extensions ['ros']
[0.383s] Level 1:colcon.colcon_core.package_identification:_identify(src/px4-mpc/mpc_msgs) by extension 'ros'
[0.386s] DEBUG:colcon.colcon_core.package_identification:Package 'src/px4-mpc/mpc_msgs' with type 'ros.ament_cmake' and name 'mpc_msgs'
[0.386s] Level 1:colcon.colcon_core.package_identification:_identify(src/px4-mpc/px4_mpc) by extensions ['ignore', 'ignore_ament_install']
[0.386s] Level 1:colcon.colcon_core.package_identification:_identify(src/px4-mpc/px4_mpc) by extension 'ignore'
[0.386s] Level 1:colcon.colcon_core.package_identification:_identify(src/px4-mpc/px4_mpc) by extension 'ignore_ament_install'
[0.386s] Level 1:colcon.colcon_core.package_identification:_identify(src/px4-mpc/px4_mpc) by extensions ['colcon_pkg']
[0.386s] Level 1:colcon.colcon_core.package_identification:_identify(src/px4-mpc/px4_mpc) by extension 'colcon_pkg'
[0.386s] Level 1:colcon.colcon_core.package_identification:_identify(src/px4-mpc/px4_mpc) by extensions ['colcon_meta']
[0.386s] Level 1:colcon.colcon_core.package_identification:_identify(src/px4-mpc/px4_mpc) by extension 'colcon_meta'
[0.386s] Level 1:colcon.colcon_core.package_identification:_identify(src/px4-mpc/px4_mpc) by extensions ['ros']
[0.386s] Level 1:colcon.colcon_core.package_identification:_identify(src/px4-mpc/px4_mpc) by extension 'ros'
[0.387s] DEBUG:colcon.colcon_core.package_identification:Package 'src/px4-mpc/px4_mpc' with type 'ros.ament_python' and name 'px4_mpc'
[0.387s] Level 1:colcon.colcon_core.package_identification:_identify(src/px4-offboard) by extensions ['ignore', 'ignore_ament_install']
[0.387s] Level 1:colcon.colcon_core.package_identification:_identify(src/px4-offboard) by extension 'ignore'
[0.387s] Level 1:colcon.colcon_core.package_identification:_identify(src/px4-offboard) by extension 'ignore_ament_install'
[0.387s] Level 1:colcon.colcon_core.package_identification:_identify(src/px4-offboard) by extensions ['colcon_pkg']
[0.387s] Level 1:colcon.colcon_core.package_identification:_identify(src/px4-offboard) by extension 'colcon_pkg'
[0.388s] Level 1:colcon.colcon_core.package_identification:_identify(src/px4-offboard) by extensions ['colcon_meta']
[0.388s] Level 1:colcon.colcon_core.package_identification:_identify(src/px4-offboard) by extension 'colcon_meta'
[0.388s] Level 1:colcon.colcon_core.package_identification:_identify(src/px4-offboard) by extensions ['ros']
[0.388s] Level 1:colcon.colcon_core.package_identification:_identify(src/px4-offboard) by extension 'ros'
[0.388s] DEBUG:colcon.colcon_core.package_identification:Package 'src/px4-offboard' with type 'ros.ament_python' and name 'px4_offboard'
[0.388s] Level 1:colcon.colcon_core.package_identification:_identify(src/px4_msgs) by extensions ['ignore', 'ignore_ament_install']
[0.388s] Level 1:colcon.colcon_core.package_identification:_identify(src/px4_msgs) by extension 'ignore'
[0.389s] Level 1:colcon.colcon_core.package_identification:_identify(src/px4_msgs) by extension 'ignore_ament_install'
[0.389s] Level 1:colcon.colcon_core.package_identification:_identify(src/px4_msgs) by extensions ['colcon_pkg']
[0.389s] Level 1:colcon.colcon_core.package_identification:_identify(src/px4_msgs) by extension 'colcon_pkg'
[0.389s] Level 1:colcon.colcon_core.package_identification:_identify(src/px4_msgs) by extensions ['colcon_meta']
[0.389s] Level 1:colcon.colcon_core.package_identification:_identify(src/px4_msgs) by extension 'colcon_meta'
[0.389s] Level 1:colcon.colcon_core.package_identification:_identify(src/px4_msgs) by extensions ['ros']
[0.389s] Level 1:colcon.colcon_core.package_identification:_identify(src/px4_msgs) by extension 'ros'
[0.389s] DEBUG:colcon.colcon_core.package_identification:Package 'src/px4_msgs' with type 'ros.ament_cmake' and name 'px4_msgs'
[0.390s] Level 1:colcon.colcon_core.package_discovery:discover_packages(recursive) using defaults
[0.390s] Level 1:colcon.colcon_core.package_discovery:discover_packages(ignore) discover
[0.390s] Level 1:colcon.colcon_core.package_discovery:discover_packages(ignore) using defaults
[0.390s] Level 1:colcon.colcon_core.package_discovery:discover_packages(path) discover
[0.390s] Level 1:colcon.colcon_core.package_discovery:discover_packages(path) using defaults
[0.411s] Level 5:colcon.colcon_core.verb:set package 'mpc_msgs' build argument 'cmake_args' from command line to 'None'
[0.411s] Level 5:colcon.colcon_core.verb:set package 'mpc_msgs' build argument 'cmake_target' from command line to 'None'
[0.411s] Level 5:colcon.colcon_core.verb:set package 'mpc_msgs' build argument 'cmake_target_skip_unavailable' from command line to 'False'
[0.411s] Level 5:colcon.colcon_core.verb:set package 'mpc_msgs' build argument 'cmake_clean_cache' from command line to 'False'
[0.411s] Level 5:colcon.colcon_core.verb:set package 'mpc_msgs' build argument 'cmake_clean_first' from command line to 'False'
[0.411s] Level 5:colcon.colcon_core.verb:set package 'mpc_msgs' build argument 'cmake_force_configure' from command line to 'False'
[0.411s] Level 5:colcon.colcon_core.verb:set package 'mpc_msgs' build argument 'ament_cmake_args' from command line to 'None'
[0.411s] Level 5:colcon.colcon_core.verb:set package 'mpc_msgs' build argument 'catkin_cmake_args' from command line to 'None'
[0.411s] Level 5:colcon.colcon_core.verb:set package 'mpc_msgs' build argument 'catkin_skip_building_tests' from command line to 'False'
[0.411s] DEBUG:colcon.colcon_core.verb:Building package 'mpc_msgs' with the following arguments: {'ament_cmake_args': None, 'build_base': '/px4_uxrce/new/px4-offboard_ws/build/mpc_msgs', 'catkin_cmake_args': None, 'catkin_skip_building_tests': False, 'cmake_args': None, 'cmake_clean_cache': False, 'cmake_clean_first': False, 'cmake_force_configure': False, 'cmake_target': None, 'cmake_target_skip_unavailable': False, 'install_base': '/px4_uxrce/new/px4-offboard_ws/install/mpc_msgs', 'merge_install': False, 'path': '/px4_uxrce/new/px4-offboard_ws/src/px4-mpc/mpc_msgs', 'symlink_install': False, 'test_result_base': None}
[0.412s] Level 5:colcon.colcon_core.verb:set package 'px4_msgs' build argument 'cmake_args' from command line to 'None'
[0.412s] Level 5:colcon.colcon_core.verb:set package 'px4_msgs' build argument 'cmake_target' from command line to 'None'
[0.412s] Level 5:colcon.colcon_core.verb:set package 'px4_msgs' build argument 'cmake_target_skip_unavailable' from command line to 'False'
[0.412s] Level 5:colcon.colcon_core.verb:set package 'px4_msgs' build argument 'cmake_clean_cache' from command line to 'False'
[0.412s] Level 5:colcon.colcon_core.verb:set package 'px4_msgs' build argument 'cmake_clean_first' from command line to 'False'
[0.412s] Level 5:colcon.colcon_core.verb:set package 'px4_msgs' build argument 'cmake_force_configure' from command line to 'False'
[0.412s] Level 5:colcon.colcon_core.verb:set package 'px4_msgs' build argument 'ament_cmake_args' from command line to 'None'
[0.412s] Level 5:colcon.colcon_core.verb:set package 'px4_msgs' build argument 'catkin_cmake_args' from command line to 'None'
[0.412s] Level 5:colcon.colcon_core.verb:set package 'px4_msgs' build argument 'catkin_skip_building_tests' from command line to 'False'
[0.412s] DEBUG:colcon.colcon_core.verb:Building package 'px4_msgs' with the following arguments: {'ament_cmake_args': None, 'build_base': '/px4_uxrce/new/px4-offboard_ws/build/px4_msgs', 'catkin_cmake_args': None, 'catkin_skip_building_tests': False, 'cmake_args': None, 'cmake_clean_cache': False, 'cmake_clean_first': False, 'cmake_force_configure': False, 'cmake_target': None, 'cmake_target_skip_unavailable': False, 'install_base': '/px4_uxrce/new/px4-offboard_ws/install/px4_msgs', 'merge_install': False, 'path': '/px4_uxrce/new/px4-offboard_ws/src/px4_msgs', 'symlink_install': False, 'test_result_base': None}
[0.412s] Level 5:colcon.colcon_core.verb:set package 'px4_offboard' build argument 'cmake_args' from command line to 'None'
[0.412s] Level 5:colcon.colcon_core.verb:set package 'px4_offboard' build argument 'cmake_target' from command line to 'None'
[0.413s] Level 5:colcon.colcon_core.verb:set package 'px4_offboard' build argument 'cmake_target_skip_unavailable' from command line to 'False'
[0.413s] Level 5:colcon.colcon_core.verb:set package 'px4_offboard' build argument 'cmake_clean_cache' from command line to 'False'
[0.413s] Level 5:colcon.colcon_core.verb:set package 'px4_offboard' build argument 'cmake_clean_first' from command line to 'False'
[0.413s] Level 5:colcon.colcon_core.verb:set package 'px4_offboard' build argument 'cmake_force_configure' from command line to 'False'
[0.413s] Level 5:colcon.colcon_core.verb:set package 'px4_offboard' build argument 'ament_cmake_args' from command line to 'None'
[0.413s] Level 5:colcon.colcon_core.verb:set package 'px4_offboard' build argument 'catkin_cmake_args' from command line to 'None'
[0.413s] Level 5:colcon.colcon_core.verb:set package 'px4_offboard' build argument 'catkin_skip_building_tests' from command line to 'False'
[0.413s] DEBUG:colcon.colcon_core.verb:Building package 'px4_offboard' with the following arguments: {'ament_cmake_args': None, 'build_base': '/px4_uxrce/new/px4-offboard_ws/build/px4_offboard', 'catkin_cmake_args': None, 'catkin_skip_building_tests': False, 'cmake_args': None, 'cmake_clean_cache': False, 'cmake_clean_first': False, 'cmake_force_configure': False, 'cmake_target': None, 'cmake_target_skip_unavailable': False, 'install_base': '/px4_uxrce/new/px4-offboard_ws/install/px4_offboard', 'merge_install': False, 'path': '/px4_uxrce/new/px4-offboard_ws/src/px4-offboard', 'symlink_install': False, 'test_result_base': None}
[0.413s] Level 5:colcon.colcon_core.verb:set package 'px4_mpc' build argument 'cmake_args' from command line to 'None'
[0.413s] Level 5:colcon.colcon_core.verb:set package 'px4_mpc' build argument 'cmake_target' from command line to 'None'
[0.413s] Level 5:colcon.colcon_core.verb:set package 'px4_mpc' build argument 'cmake_target_skip_unavailable' from command line to 'False'
[0.413s] Level 5:colcon.colcon_core.verb:set package 'px4_mpc' build argument 'cmake_clean_cache' from command line to 'False'
[0.413s] Level 5:colcon.colcon_core.verb:set package 'px4_mpc' build argument 'cmake_clean_first' from command line to 'False'
[0.413s] Level 5:colcon.colcon_core.verb:set package 'px4_mpc' build argument 'cmake_force_configure' from command line to 'False'
[0.413s] Level 5:colcon.colcon_core.verb:set package 'px4_mpc' build argument 'ament_cmake_args' from command line to 'None'
[0.413s] Level 5:colcon.colcon_core.verb:set package 'px4_mpc' build argument 'catkin_cmake_args' from command line to 'None'
[0.413s] Level 5:colcon.colcon_core.verb:set package 'px4_mpc' build argument 'catkin_skip_building_tests' from command line to 'False'
[0.413s] DEBUG:colcon.colcon_core.verb:Building package 'px4_mpc' with the following arguments: {'ament_cmake_args': None, 'build_base': '/px4_uxrce/new/px4-offboard_ws/build/px4_mpc', 'catkin_cmake_args': None, 'catkin_skip_building_tests': False, 'cmake_args': None, 'cmake_clean_cache': False, 'cmake_clean_first': False, 'cmake_force_configure': False, 'cmake_target': None, 'cmake_target_skip_unavailable': False, 'install_base': '/px4_uxrce/new/px4-offboard_ws/install/px4_mpc', 'merge_install': False, 'path': '/px4_uxrce/new/px4-offboard_ws/src/px4-mpc/px4_mpc', 'symlink_install': False, 'test_result_base': None}
[0.414s] INFO:colcon.colcon_core.executor:Executing jobs using 'parallel' executor
[0.415s] DEBUG:colcon.colcon_parallel_executor.executor.parallel:run_until_complete
[0.415s] INFO:colcon.colcon_ros.task.ament_cmake.build:Building ROS package in '/px4_uxrce/new/px4-offboard_ws/src/px4_msgs' with build type 'ament_cmake'
[0.415s] INFO:colcon.colcon_cmake.task.cmake.build:Building CMake package in '/px4_uxrce/new/px4-offboard_ws/src/px4_msgs'
[0.417s] INFO:colcon.colcon_core.plugin_system:Skipping extension 'colcon_core.shell.bat': Not used on non-Windows systems
[0.417s] INFO:colcon.colcon_core.shell:Skip shell extension 'powershell' for command environment: Not usable outside of PowerShell
[0.417s] DEBUG:colcon.colcon_core.shell:Skip shell extension 'dsv' for command environment
[0.423s] INFO:colcon.colcon_ros.task.ament_cmake.build:Building ROS package in '/px4_uxrce/new/px4-offboard_ws/src/px4-mpc/mpc_msgs' with build type 'ament_cmake'
[0.423s] INFO:colcon.colcon_cmake.task.cmake.build:Building CMake package in '/px4_uxrce/new/px4-offboard_ws/src/px4-mpc/mpc_msgs'
[0.423s] INFO:colcon.colcon_core.shell:Skip shell extension 'powershell' for command environment: Not usable outside of PowerShell
[0.423s] DEBUG:colcon.colcon_core.shell:Skip shell extension 'dsv' for command environment
[0.431s] DEBUG:colcon.colcon_core.event_handler.log_command:Invoking command in '/px4_uxrce/new/px4-offboard_ws/build/px4_msgs': CMAKE_PREFIX_PATH=${CMAKE_PREFIX_PATH}:/opt/ros/humble:/px4_uxrce/new/px4-offboard_ws/install/px4_mpc:/px4_uxrce/new/px4-offboard_ws/install/px4_offboard /usr/bin/cmake --build /px4_uxrce/new/px4-offboard_ws/build/px4_msgs -- -j12 -l12
[0.436s] DEBUG:colcon.colcon_core.event_handler.log_command:Invoking command in '/px4_uxrce/new/px4-offboard_ws/build/mpc_msgs': CMAKE_PREFIX_PATH=${CMAKE_PREFIX_PATH}:/opt/ros/humble:/px4_uxrce/new/px4-offboard_ws/install/px4_mpc:/px4_uxrce/new/px4-offboard_ws/install/px4_offboard /usr/bin/cmake --build /px4_uxrce/new/px4-offboard_ws/build/mpc_msgs -- -j12 -l12
[0.875s] DEBUG:colcon.colcon_core.event_handler.log_command:Invoked command in '/px4_uxrce/new/px4-offboard_ws/build/mpc_msgs' returned '0': CMAKE_PREFIX_PATH=${CMAKE_PREFIX_PATH}:/opt/ros/humble:/px4_uxrce/new/px4-offboard_ws/install/px4_mpc:/px4_uxrce/new/px4-offboard_ws/install/px4_offboard /usr/bin/cmake --build /px4_uxrce/new/px4-offboard_ws/build/mpc_msgs -- -j12 -l12
[0.885s] DEBUG:colcon.colcon_core.event_handler.log_command:Invoking command in '/px4_uxrce/new/px4-offboard_ws/build/mpc_msgs': CMAKE_PREFIX_PATH=${CMAKE_PREFIX_PATH}:/opt/ros/humble:/px4_uxrce/new/px4-offboard_ws/install/px4_mpc:/px4_uxrce/new/px4-offboard_ws/install/px4_offboard /usr/bin/cmake --install /px4_uxrce/new/px4-offboard_ws/build/mpc_msgs
[0.944s] Level 1:colcon.colcon_core.environment:create_environment_scripts_only(mpc_msgs)
[0.948s] DEBUG:colcon.colcon_core.event_handler.log_command:Invoked command in '/px4_uxrce/new/px4-offboard_ws/build/mpc_msgs' returned '0': CMAKE_PREFIX_PATH=${CMAKE_PREFIX_PATH}:/opt/ros/humble:/px4_uxrce/new/px4-offboard_ws/install/px4_mpc:/px4_uxrce/new/px4-offboard_ws/install/px4_offboard /usr/bin/cmake --install /px4_uxrce/new/px4-offboard_ws/build/mpc_msgs
[0.950s] Level 1:colcon.colcon_core.environment:checking '/px4_uxrce/new/px4-offboard_ws/install/mpc_msgs' for CMake module files
[0.950s] Level 1:colcon.colcon_core.environment:checking '/px4_uxrce/new/px4-offboard_ws/install/mpc_msgs' for CMake config files
[0.951s] Level 1:colcon.colcon_core.shell:create_environment_hook('mpc_msgs', 'cmake_prefix_path')
[0.951s] INFO:colcon.colcon_core.shell:Creating environment hook '/px4_uxrce/new/px4-offboard_ws/install/mpc_msgs/share/mpc_msgs/hook/cmake_prefix_path.ps1'
[0.952s] INFO:colcon.colcon_core.shell:Creating environment descriptor '/px4_uxrce/new/px4-offboard_ws/install/mpc_msgs/share/mpc_msgs/hook/cmake_prefix_path.dsv'
[0.953s] INFO:colcon.colcon_core.shell:Creating environment hook '/px4_uxrce/new/px4-offboard_ws/install/mpc_msgs/share/mpc_msgs/hook/cmake_prefix_path.sh'
[0.954s] Level 1:colcon.colcon_core.environment:checking '/px4_uxrce/new/px4-offboard_ws/install/mpc_msgs/lib'
[0.954s] Level 1:colcon.colcon_core.shell:create_environment_hook('mpc_msgs', 'ld_library_path_lib')
[0.954s] INFO:colcon.colcon_core.shell:Creating environment hook '/px4_uxrce/new/px4-offboard_ws/install/mpc_msgs/share/mpc_msgs/hook/ld_library_path_lib.ps1'
[0.954s] INFO:colcon.colcon_core.shell:Creating environment descriptor '/px4_uxrce/new/px4-offboard_ws/install/mpc_msgs/share/mpc_msgs/hook/ld_library_path_lib.dsv'
[0.955s] INFO:colcon.colcon_core.shell:Creating environment hook '/px4_uxrce/new/px4-offboard_ws/install/mpc_msgs/share/mpc_msgs/hook/ld_library_path_lib.sh'
[0.955s] Level 1:colcon.colcon_core.environment:checking '/px4_uxrce/new/px4-offboard_ws/install/mpc_msgs/bin'
[0.955s] Level 1:colcon.colcon_core.environment:checking '/px4_uxrce/new/px4-offboard_ws/install/mpc_msgs/lib/pkgconfig/mpc_msgs.pc'
[0.957s] Level 1:colcon.colcon_core.environment:checking '/px4_uxrce/new/px4-offboard_ws/install/mpc_msgs/lib/python3.10/site-packages'
[0.957s] Level 1:colcon.colcon_core.environment:checking '/px4_uxrce/new/px4-offboard_ws/install/mpc_msgs/bin'
[0.958s] INFO:colcon.colcon_core.shell:Creating package script '/px4_uxrce/new/px4-offboard_ws/install/mpc_msgs/share/mpc_msgs/package.ps1'
[0.958s] INFO:colcon.colcon_core.shell:Creating package descriptor '/px4_uxrce/new/px4-offboard_ws/install/mpc_msgs/share/mpc_msgs/package.dsv'
[0.959s] INFO:colcon.colcon_core.shell:Creating package script '/px4_uxrce/new/px4-offboard_ws/install/mpc_msgs/share/mpc_msgs/package.sh'
[0.960s] INFO:colcon.colcon_core.shell:Creating package script '/px4_uxrce/new/px4-offboard_ws/install/mpc_msgs/share/mpc_msgs/package.bash'
[0.960s] INFO:colcon.colcon_core.shell:Creating package script '/px4_uxrce/new/px4-offboard_ws/install/mpc_msgs/share/mpc_msgs/package.zsh'
[0.961s] Level 1:colcon.colcon_core.environment:create_file_with_runtime_dependencies(/px4_uxrce/new/px4-offboard_ws/install/mpc_msgs/share/colcon-core/packages/mpc_msgs)
[0.962s] Level 1:colcon.colcon_core.environment:create_environment_scripts_only(mpc_msgs)
[0.962s] Level 1:colcon.colcon_core.environment:checking '/px4_uxrce/new/px4-offboard_ws/install/mpc_msgs' for CMake module files
[0.963s] Level 1:colcon.colcon_core.environment:checking '/px4_uxrce/new/px4-offboard_ws/install/mpc_msgs' for CMake config files
[0.963s] Level 1:colcon.colcon_core.shell:create_environment_hook('mpc_msgs', 'cmake_prefix_path')
[0.963s] INFO:colcon.colcon_core.shell:Creating environment hook '/px4_uxrce/new/px4-offboard_ws/install/mpc_msgs/share/mpc_msgs/hook/cmake_prefix_path.ps1'
[0.964s] INFO:colcon.colcon_core.shell:Creating environment descriptor '/px4_uxrce/new/px4-offboard_ws/install/mpc_msgs/share/mpc_msgs/hook/cmake_prefix_path.dsv'
[0.964s] INFO:colcon.colcon_core.shell:Creating environment hook '/px4_uxrce/new/px4-offboard_ws/install/mpc_msgs/share/mpc_msgs/hook/cmake_prefix_path.sh'
[0.965s] Level 1:colcon.colcon_core.environment:checking '/px4_uxrce/new/px4-offboard_ws/install/mpc_msgs/lib'
[0.965s] Level 1:colcon.colcon_core.shell:create_environment_hook('mpc_msgs', 'ld_library_path_lib')
[0.965s] INFO:colcon.colcon_core.shell:Creating environment hook '/px4_uxrce/new/px4-offboard_ws/install/mpc_msgs/share/mpc_msgs/hook/ld_library_path_lib.ps1'
[0.965s] INFO:colcon.colcon_core.shell:Creating environment descriptor '/px4_uxrce/new/px4-offboard_ws/install/mpc_msgs/share/mpc_msgs/hook/ld_library_path_lib.dsv'
[0.966s] INFO:colcon.colcon_core.shell:Creating environment hook '/px4_uxrce/new/px4-offboard_ws/install/mpc_msgs/share/mpc_msgs/hook/ld_library_path_lib.sh'
[0.966s] Level 1:colcon.colcon_core.environment:checking '/px4_uxrce/new/px4-offboard_ws/install/mpc_msgs/bin'
[0.966s] Level 1:colcon.colcon_core.environment:checking '/px4_uxrce/new/px4-offboard_ws/install/mpc_msgs/lib/pkgconfig/mpc_msgs.pc'
[0.966s] Level 1:colcon.colcon_core.environment:checking '/px4_uxrce/new/px4-offboard_ws/install/mpc_msgs/lib/python3.10/site-packages'
[0.966s] Level 1:colcon.colcon_core.environment:checking '/px4_uxrce/new/px4-offboard_ws/install/mpc_msgs/bin'
[0.967s] INFO:colcon.colcon_core.shell:Creating package script '/px4_uxrce/new/px4-offboard_ws/install/mpc_msgs/share/mpc_msgs/package.ps1'
[0.967s] INFO:colcon.colcon_core.shell:Creating package descriptor '/px4_uxrce/new/px4-offboard_ws/install/mpc_msgs/share/mpc_msgs/package.dsv'
[0.968s] INFO:colcon.colcon_core.shell:Creating package script '/px4_uxrce/new/px4-offboard_ws/install/mpc_msgs/share/mpc_msgs/package.sh'
[0.968s] INFO:colcon.colcon_core.shell:Creating package script '/px4_uxrce/new/px4-offboard_ws/install/mpc_msgs/share/mpc_msgs/package.bash'
[0.969s] INFO:colcon.colcon_core.shell:Creating package script '/px4_uxrce/new/px4-offboard_ws/install/mpc_msgs/share/mpc_msgs/package.zsh'
[0.969s] Level 1:colcon.colcon_core.environment:create_file_with_runtime_dependencies(/px4_uxrce/new/px4-offboard_ws/install/mpc_msgs/share/colcon-core/packages/mpc_msgs)
[1.746s] DEBUG:colcon.colcon_core.event_handler.log_command:Invoked command in '/px4_uxrce/new/px4-offboard_ws/build/px4_msgs' returned '0': CMAKE_PREFIX_PATH=${CMAKE_PREFIX_PATH}:/opt/ros/humble:/px4_uxrce/new/px4-offboard_ws/install/px4_mpc:/px4_uxrce/new/px4-offboard_ws/install/px4_offboard /usr/bin/cmake --build /px4_uxrce/new/px4-offboard_ws/build/px4_msgs -- -j12 -l12
[1.748s] DEBUG:colcon.colcon_core.event_handler.log_command:Invoking command in '/px4_uxrce/new/px4-offboard_ws/build/px4_msgs': CMAKE_PREFIX_PATH=${CMAKE_PREFIX_PATH}:/opt/ros/humble:/px4_uxrce/new/px4-offboard_ws/install/px4_mpc:/px4_uxrce/new/px4-offboard_ws/install/px4_offboard /usr/bin/cmake --install /px4_uxrce/new/px4-offboard_ws/build/px4_msgs
[2.047s] Level 1:colcon.colcon_core.environment:create_environment_scripts_only(px4_msgs)
[2.048s] Level 1:colcon.colcon_core.environment:checking '/px4_uxrce/new/px4-offboard_ws/install/px4_msgs' for CMake module files
[2.049s] Level 1:colcon.colcon_core.environment:checking '/px4_uxrce/new/px4-offboard_ws/install/px4_msgs' for CMake config files
[2.062s] Level 1:colcon.colcon_core.shell:create_environment_hook('px4_msgs', 'cmake_prefix_path')
[2.063s] INFO:colcon.colcon_core.shell:Creating environment hook '/px4_uxrce/new/px4-offboard_ws/install/px4_msgs/share/px4_msgs/hook/cmake_prefix_path.ps1'
[2.063s] INFO:colcon.colcon_core.shell:Creating environment descriptor '/px4_uxrce/new/px4-offboard_ws/install/px4_msgs/share/px4_msgs/hook/cmake_prefix_path.dsv'
[2.064s] INFO:colcon.colcon_core.shell:Creating environment hook '/px4_uxrce/new/px4-offboard_ws/install/px4_msgs/share/px4_msgs/hook/cmake_prefix_path.sh'
[2.065s] Level 1:colcon.colcon_core.environment:checking '/px4_uxrce/new/px4-offboard_ws/install/px4_msgs/lib'
[2.065s] Level 1:colcon.colcon_core.shell:create_environment_hook('px4_msgs', 'ld_library_path_lib')
[2.065s] INFO:colcon.colcon_core.shell:Creating environment hook '/px4_uxrce/new/px4-offboard_ws/install/px4_msgs/share/px4_msgs/hook/ld_library_path_lib.ps1'
[2.065s] INFO:colcon.colcon_core.shell:Creating environment descriptor '/px4_uxrce/new/px4-offboard_ws/install/px4_msgs/share/px4_msgs/hook/ld_library_path_lib.dsv'
[2.066s] INFO:colcon.colcon_core.shell:Creating environment hook '/px4_uxrce/new/px4-offboard_ws/install/px4_msgs/share/px4_msgs/hook/ld_library_path_lib.sh'
[2.067s] Level 1:colcon.colcon_core.environment:checking '/px4_uxrce/new/px4-offboard_ws/install/px4_msgs/bin'
[2.067s] Level 1:colcon.colcon_core.environment:checking '/px4_uxrce/new/px4-offboard_ws/install/px4_msgs/lib/pkgconfig/px4_msgs.pc'
[2.067s] Level 1:colcon.colcon_core.environment:checking '/px4_uxrce/new/px4-offboard_ws/install/px4_msgs/lib/python3.10/site-packages'
[2.067s] Level 1:colcon.colcon_core.environment:checking '/px4_uxrce/new/px4-offboard_ws/install/px4_msgs/bin'
[2.067s] INFO:colcon.colcon_core.shell:Creating package script '/px4_uxrce/new/px4-offboard_ws/install/px4_msgs/share/px4_msgs/package.ps1'
[2.068s] INFO:colcon.colcon_core.shell:Creating package descriptor '/px4_uxrce/new/px4-offboard_ws/install/px4_msgs/share/px4_msgs/package.dsv'
[2.069s] INFO:colcon.colcon_core.shell:Creating package script '/px4_uxrce/new/px4-offboard_ws/install/px4_msgs/share/px4_msgs/package.sh'
[2.069s] INFO:colcon.colcon_core.shell:Creating package script '/px4_uxrce/new/px4-offboard_ws/install/px4_msgs/share/px4_msgs/package.bash'
[2.070s] INFO:colcon.colcon_core.shell:Creating package script '/px4_uxrce/new/px4-offboard_ws/install/px4_msgs/share/px4_msgs/package.zsh'
[2.070s] Level 1:colcon.colcon_core.environment:create_file_with_runtime_dependencies(/px4_uxrce/new/px4-offboard_ws/install/px4_msgs/share/colcon-core/packages/px4_msgs)
[2.071s] Level 1:colcon.colcon_core.environment:create_environment_scripts_only(px4_msgs)
[2.071s] Level 1:colcon.colcon_core.environment:checking '/px4_uxrce/new/px4-offboard_ws/install/px4_msgs' for CMake module files
[2.072s] Level 1:colcon.colcon_core.environment:checking '/px4_uxrce/new/px4-offboard_ws/install/px4_msgs' for CMake config files
[2.086s] Level 1:colcon.colcon_core.shell:create_environment_hook('px4_msgs', 'cmake_prefix_path')
[2.086s] INFO:colcon.colcon_core.shell:Creating environment hook '/px4_uxrce/new/px4-offboard_ws/install/px4_msgs/share/px4_msgs/hook/cmake_prefix_path.ps1'
[2.087s] INFO:colcon.colcon_core.shell:Creating environment descriptor '/px4_uxrce/new/px4-offboard_ws/install/px4_msgs/share/px4_msgs/hook/cmake_prefix_path.dsv'
[2.088s] INFO:colcon.colcon_core.shell:Creating environment hook '/px4_uxrce/new/px4-offboard_ws/install/px4_msgs/share/px4_msgs/hook/cmake_prefix_path.sh'
[2.088s] Level 1:colcon.colcon_core.environment:checking '/px4_uxrce/new/px4-offboard_ws/install/px4_msgs/lib'
[2.089s] Level 1:colcon.colcon_core.shell:create_environment_hook('px4_msgs', 'ld_library_path_lib')
[2.089s] INFO:colcon.colcon_core.shell:Creating environment hook '/px4_uxrce/new/px4-offboard_ws/install/px4_msgs/share/px4_msgs/hook/ld_library_path_lib.ps1'
[2.089s] INFO:colcon.colcon_core.shell:Creating environment descriptor '/px4_uxrce/new/px4-offboard_ws/install/px4_msgs/share/px4_msgs/hook/ld_library_path_lib.dsv'
[2.090s] INFO:colcon.colcon_core.shell:Creating environment hook '/px4_uxrce/new/px4-offboard_ws/install/px4_msgs/share/px4_msgs/hook/ld_library_path_lib.sh'
[2.090s] Level 1:colcon.colcon_core.environment:checking '/px4_uxrce/new/px4-offboard_ws/install/px4_msgs/bin'
[2.090s] Level 1:colcon.colcon_core.environment:checking '/px4_uxrce/new/px4-offboard_ws/install/px4_msgs/lib/pkgconfig/px4_msgs.pc'
[2.091s] Level 1:colcon.colcon_core.environment:checking '/px4_uxrce/new/px4-offboard_ws/install/px4_msgs/lib/python3.10/site-packages'
[2.091s] Level 1:colcon.colcon_core.environment:checking '/px4_uxrce/new/px4-offboard_ws/install/px4_msgs/bin'
[2.091s] INFO:colcon.colcon_core.shell:Creating package script '/px4_uxrce/new/px4-offboard_ws/install/px4_msgs/share/px4_msgs/package.ps1'
[2.092s] INFO:colcon.colcon_core.shell:Creating package descriptor '/px4_uxrce/new/px4-offboard_ws/install/px4_msgs/share/px4_msgs/package.dsv'
[2.092s] INFO:colcon.colcon_core.shell:Creating package script '/px4_uxrce/new/px4-offboard_ws/install/px4_msgs/share/px4_msgs/package.sh'
[2.093s] INFO:colcon.colcon_core.shell:Creating package script '/px4_uxrce/new/px4-offboard_ws/install/px4_msgs/share/px4_msgs/package.bash'
[2.094s] INFO:colcon.colcon_core.shell:Creating package script '/px4_uxrce/new/px4-offboard_ws/install/px4_msgs/share/px4_msgs/package.zsh'
[2.094s] Level 1:colcon.colcon_core.environment:create_file_with_runtime_dependencies(/px4_uxrce/new/px4-offboard_ws/install/px4_msgs/share/colcon-core/packages/px4_msgs)
[2.094s] INFO:colcon.colcon_ros.task.ament_python.build:Building ROS package in '/px4_uxrce/new/px4-offboard_ws/src/px4-offboard' with build type 'ament_python'
[2.095s] Level 1:colcon.colcon_core.shell:create_environment_hook('px4_offboard', 'ament_prefix_path')
[2.095s] INFO:colcon.colcon_core.shell:Creating environment hook '/px4_uxrce/new/px4-offboard_ws/install/px4_offboard/share/px4_offboard/hook/ament_prefix_path.ps1'
[2.095s] INFO:colcon.colcon_core.shell:Creating environment descriptor '/px4_uxrce/new/px4-offboard_ws/install/px4_offboard/share/px4_offboard/hook/ament_prefix_path.dsv'
[2.096s] INFO:colcon.colcon_core.shell:Creating environment hook '/px4_uxrce/new/px4-offboard_ws/install/px4_offboard/share/px4_offboard/hook/ament_prefix_path.sh'
[2.096s] INFO:colcon.colcon_core.shell:Skip shell extension 'powershell' for command environment: Not usable outside of PowerShell
[2.096s] DEBUG:colcon.colcon_core.shell:Skip shell extension 'dsv' for command environment
[2.151s] DEBUG:colcon.colcon_core.event_handler.log_command:Invoked command in '/px4_uxrce/new/px4-offboard_ws/build/px4_msgs' returned '0': CMAKE_PREFIX_PATH=${CMAKE_PREFIX_PATH}:/opt/ros/humble:/px4_uxrce/new/px4-offboard_ws/install/px4_mpc:/px4_uxrce/new/px4-offboard_ws/install/px4_offboard /usr/bin/cmake --install /px4_uxrce/new/px4-offboard_ws/build/px4_msgs
[2.402s] INFO:colcon.colcon_core.task.python.build:Building Python package in '/px4_uxrce/new/px4-offboard_ws/src/px4-offboard'
[2.402s] INFO:colcon.colcon_core.shell:Skip shell extension 'powershell' for command environment: Not usable outside of PowerShell
[2.402s] DEBUG:colcon.colcon_core.shell:Skip shell extension 'dsv' for command environment
[2.808s] DEBUG:colcon.colcon_core.event_handler.log_command:Invoking command in '/px4_uxrce/new/px4-offboard_ws/src/px4-offboard': LD_LIBRARY_PATH=/px4_uxrce/new/px4-offboard_ws/install/px4_msgs/lib:/opt/ros/humble/opt/rviz_ogre_vendor/lib:/opt/ros/humble/lib/x86_64-linux-gnu:/opt/ros/humble/lib:/px4_uxrce/new/px4-offboard_ws/install/mpc_msgs/lib:/usr/lib:/new/px4-offboard_ws/src/acados/lib:/px4_uxrce/new/acados/lib:/px4_uxrce/new/acados/lib PYTHONPATH=/px4_uxrce/new/px4-offboard_ws/build/px4_offboard/prefix_override:/usr/lib/python3/dist-packages/colcon_core/task/python/colcon_distutils_commands:/px4_uxrce/new/px4-offboard_ws/install/px4_offboard/lib/python3.10/site-packages:${PYTHONPATH} /usr/bin/python3 -W ignore:setup.py install is deprecated -W ignore:easy_install command is deprecated setup.py egg_info --egg-base ../../build/px4_offboard build --build-base /px4_uxrce/new/px4-offboard_ws/build/px4_offboard/build install --record /px4_uxrce/new/px4-offboard_ws/build/px4_offboard/install.log --single-version-externally-managed install_data
[3.135s] Level 1:colcon.colcon_core.environment:checking '/px4_uxrce/new/px4-offboard_ws/install/px4_offboard' for CMake module files
[3.135s] DEBUG:colcon.colcon_core.event_handler.log_command:Invoked command in '/px4_uxrce/new/px4-offboard_ws/src/px4-offboard' returned '0': LD_LIBRARY_PATH=/px4_uxrce/new/px4-offboard_ws/install/px4_msgs/lib:/opt/ros/humble/opt/rviz_ogre_vendor/lib:/opt/ros/humble/lib/x86_64-linux-gnu:/opt/ros/humble/lib:/px4_uxrce/new/px4-offboard_ws/install/mpc_msgs/lib:/usr/lib:/new/px4-offboard_ws/src/acados/lib:/px4_uxrce/new/acados/lib:/px4_uxrce/new/acados/lib PYTHONPATH=/px4_uxrce/new/px4-offboard_ws/build/px4_offboard/prefix_override:/usr/lib/python3/dist-packages/colcon_core/task/python/colcon_distutils_commands:/px4_uxrce/new/px4-offboard_ws/install/px4_offboard/lib/python3.10/site-packages:${PYTHONPATH} /usr/bin/python3 -W ignore:setup.py install is deprecated -W ignore:easy_install command is deprecated setup.py egg_info --egg-base ../../build/px4_offboard build --build-base /px4_uxrce/new/px4-offboard_ws/build/px4_offboard/build install --record /px4_uxrce/new/px4-offboard_ws/build/px4_offboard/install.log --single-version-externally-managed install_data
[3.136s] Level 1:colcon.colcon_core.environment:checking '/px4_uxrce/new/px4-offboard_ws/install/px4_offboard' for CMake config files
[3.136s] Level 1:colcon.colcon_core.environment:checking '/px4_uxrce/new/px4-offboard_ws/install/px4_offboard/lib'
[3.136s] Level 1:colcon.colcon_core.environment:checking '/px4_uxrce/new/px4-offboard_ws/install/px4_offboard/bin'
[3.137s] Level 1:colcon.colcon_core.environment:checking '/px4_uxrce/new/px4-offboard_ws/install/px4_offboard/lib/pkgconfig/px4_offboard.pc'
[3.137s] Level 1:colcon.colcon_core.environment:checking '/px4_uxrce/new/px4-offboard_ws/install/px4_offboard/lib/python3.10/site-packages'
[3.137s] Level 1:colcon.colcon_core.shell:create_environment_hook('px4_offboard', 'pythonpath')
[3.137s] INFO:colcon.colcon_core.shell:Creating environment hook '/px4_uxrce/new/px4-offboard_ws/install/px4_offboard/share/px4_offboard/hook/pythonpath.ps1'
[3.138s] INFO:colcon.colcon_core.shell:Creating environment descriptor '/px4_uxrce/new/px4-offboard_ws/install/px4_offboard/share/px4_offboard/hook/pythonpath.dsv'
[3.138s] INFO:colcon.colcon_core.shell:Creating environment hook '/px4_uxrce/new/px4-offboard_ws/install/px4_offboard/share/px4_offboard/hook/pythonpath.sh'
[3.139s] Level 1:colcon.colcon_core.environment:checking '/px4_uxrce/new/px4-offboard_ws/install/px4_offboard/bin'
[3.139s] Level 1:colcon.colcon_core.environment:create_environment_scripts_only(px4_offboard)
[3.139s] INFO:colcon.colcon_core.shell:Creating package script '/px4_uxrce/new/px4-offboard_ws/install/px4_offboard/share/px4_offboard/package.ps1'
[3.140s] INFO:colcon.colcon_core.shell:Creating package descriptor '/px4_uxrce/new/px4-offboard_ws/install/px4_offboard/share/px4_offboard/package.dsv'
[3.140s] INFO:colcon.colcon_core.shell:Creating package script '/px4_uxrce/new/px4-offboard_ws/install/px4_offboard/share/px4_offboard/package.sh'
[3.141s] INFO:colcon.colcon_core.shell:Creating package script '/px4_uxrce/new/px4-offboard_ws/install/px4_offboard/share/px4_offboard/package.bash'
[3.141s] INFO:colcon.colcon_core.shell:Creating package script '/px4_uxrce/new/px4-offboard_ws/install/px4_offboard/share/px4_offboard/package.zsh'
[3.141s] Level 1:colcon.colcon_core.environment:create_file_with_runtime_dependencies(/px4_uxrce/new/px4-offboard_ws/install/px4_offboard/share/colcon-core/packages/px4_offboard)
[3.142s] INFO:colcon.colcon_ros.task.ament_python.build:Building ROS package in '/px4_uxrce/new/px4-offboard_ws/src/px4-mpc/px4_mpc' with build type 'ament_python'
[3.142s] Level 1:colcon.colcon_core.shell:create_environment_hook('px4_mpc', 'ament_prefix_path')
[3.142s] INFO:colcon.colcon_core.shell:Creating environment hook '/px4_uxrce/new/px4-offboard_ws/install/px4_mpc/share/px4_mpc/hook/ament_prefix_path.ps1'
[3.143s] INFO:colcon.colcon_core.shell:Creating environment descriptor '/px4_uxrce/new/px4-offboard_ws/install/px4_mpc/share/px4_mpc/hook/ament_prefix_path.dsv'
[3.143s] INFO:colcon.colcon_core.shell:Creating environment hook '/px4_uxrce/new/px4-offboard_ws/install/px4_mpc/share/px4_mpc/hook/ament_prefix_path.sh'
[3.144s] INFO:colcon.colcon_core.shell:Skip shell extension 'powershell' for command environment: Not usable outside of PowerShell
[3.144s] DEBUG:colcon.colcon_core.shell:Skip shell extension 'dsv' for command environment
[3.461s] INFO:colcon.colcon_core.task.python.build:Building Python package in '/px4_uxrce/new/px4-offboard_ws/src/px4-mpc/px4_mpc'
[3.461s] INFO:colcon.colcon_core.shell:Skip shell extension 'powershell' for command environment: Not usable outside of PowerShell
[3.461s] DEBUG:colcon.colcon_core.shell:Skip shell extension 'dsv' for command environment
[3.961s] DEBUG:colcon.colcon_core.event_handler.log_command:Invoking command in '/px4_uxrce/new/px4-offboard_ws/src/px4-mpc/px4_mpc': AMENT_PREFIX_PATH=/px4_uxrce/new/px4-offboard_ws/install/px4_offboard:/opt/ros/humble:/px4_uxrce/new/px4-offboard_ws/install/px4_mpc:/px4_uxrce/new/px4-offboard_ws/install/px4_msgs:/px4_uxrce/new/px4-offboard_ws/install/mpc_msgs LD_LIBRARY_PATH=/px4_uxrce/new/px4-offboard_ws/install/px4_msgs/lib:/px4_uxrce/new/px4-offboard_ws/install/mpc_msgs/lib:/opt/ros/humble/opt/rviz_ogre_vendor/lib:/opt/ros/humble/lib/x86_64-linux-gnu:/opt/ros/humble/lib:/usr/lib:/new/px4-offboard_ws/src/acados/lib:/px4_uxrce/new/acados/lib:/px4_uxrce/new/acados/lib PYTHONPATH=/px4_uxrce/new/px4-offboard_ws/build/px4_mpc/prefix_override:/usr/lib/python3/dist-packages/colcon_core/task/python/colcon_distutils_commands:/px4_uxrce/new/px4-offboard_ws/install/px4_mpc/lib/python3.10/site-packages:/px4_uxrce/new/px4-offboard_ws/install/px4_offboard/lib/python3.10/site-packages:/opt/ros/humble/lib/python3.10/site-packages:/opt/ros/humble/local/lib/python3.10/dist-packages:/px4_uxrce/new/px4-offboard_ws/install/px4_mpc/lib/python3.10/site-packages:/px4_uxrce/new/px4-offboard_ws/install/px4_msgs/local/lib/python3.10/dist-packages:/px4_uxrce/new/px4-offboard_ws/install/mpc_msgs/local/lib/python3.10/dist-packages /usr/bin/python3 -W ignore:setup.py install is deprecated -W ignore:easy_install command is deprecated setup.py egg_info --egg-base ../../../build/px4_mpc build --build-base /px4_uxrce/new/px4-offboard_ws/build/px4_mpc/build install --record /px4_uxrce/new/px4-offboard_ws/build/px4_mpc/install.log --single-version-externally-managed install_data
[4.318s] Level 1:colcon.colcon_core.environment:checking '/px4_uxrce/new/px4-offboard_ws/install/px4_mpc' for CMake module files
[4.318s] DEBUG:colcon.colcon_core.event_handler.log_command:Invoked command in '/px4_uxrce/new/px4-offboard_ws/src/px4-mpc/px4_mpc' returned '0': AMENT_PREFIX_PATH=/px4_uxrce/new/px4-offboard_ws/install/px4_offboard:/opt/ros/humble:/px4_uxrce/new/px4-offboard_ws/install/px4_mpc:/px4_uxrce/new/px4-offboard_ws/install/px4_msgs:/px4_uxrce/new/px4-offboard_ws/install/mpc_msgs LD_LIBRARY_PATH=/px4_uxrce/new/px4-offboard_ws/install/px4_msgs/lib:/px4_uxrce/new/px4-offboard_ws/install/mpc_msgs/lib:/opt/ros/humble/opt/rviz_ogre_vendor/lib:/opt/ros/humble/lib/x86_64-linux-gnu:/opt/ros/humble/lib:/usr/lib:/new/px4-offboard_ws/src/acados/lib:/px4_uxrce/new/acados/lib:/px4_uxrce/new/acados/lib PYTHONPATH=/px4_uxrce/new/px4-offboard_ws/build/px4_mpc/prefix_override:/usr/lib/python3/dist-packages/colcon_core/task/python/colcon_distutils_commands:/px4_uxrce/new/px4-offboard_ws/install/px4_mpc/lib/python3.10/site-packages:/px4_uxrce/new/px4-offboard_ws/install/px4_offboard/lib/python3.10/site-packages:/opt/ros/humble/lib/python3.10/site-packages:/opt/ros/humble/local/lib/python3.10/dist-packages:/px4_uxrce/new/px4-offboard_ws/install/px4_mpc/lib/python3.10/site-packages:/px4_uxrce/new/px4-offboard_ws/install/px4_msgs/local/lib/python3.10/dist-packages:/px4_uxrce/new/px4-offboard_ws/install/mpc_msgs/local/lib/python3.10/dist-packages /usr/bin/python3 -W ignore:setup.py install is deprecated -W ignore:easy_install command is deprecated setup.py egg_info --egg-base ../../../build/px4_mpc build --build-base /px4_uxrce/new/px4-offboard_ws/build/px4_mpc/build install --record /px4_uxrce/new/px4-offboard_ws/build/px4_mpc/install.log --single-version-externally-managed install_data
[4.319s] Level 1:colcon.colcon_core.environment:checking '/px4_uxrce/new/px4-offboard_ws/install/px4_mpc' for CMake config files
[4.319s] Level 1:colcon.colcon_core.environment:checking '/px4_uxrce/new/px4-offboard_ws/install/px4_mpc/lib'
[4.320s] Level 1:colcon.colcon_core.environment:checking '/px4_uxrce/new/px4-offboard_ws/install/px4_mpc/bin'
[4.320s] Level 1:colcon.colcon_core.environment:checking '/px4_uxrce/new/px4-offboard_ws/install/px4_mpc/lib/pkgconfig/px4_mpc.pc'
[4.320s] Level 1:colcon.colcon_core.environment:checking '/px4_uxrce/new/px4-offboard_ws/install/px4_mpc/lib/python3.10/site-packages'
[4.320s] Level 1:colcon.colcon_core.shell:create_environment_hook('px4_mpc', 'pythonpath')
[4.320s] INFO:colcon.colcon_core.shell:Creating environment hook '/px4_uxrce/new/px4-offboard_ws/install/px4_mpc/share/px4_mpc/hook/pythonpath.ps1'
[4.321s] INFO:colcon.colcon_core.shell:Creating environment descriptor '/px4_uxrce/new/px4-offboard_ws/install/px4_mpc/share/px4_mpc/hook/pythonpath.dsv'
[4.321s] INFO:colcon.colcon_core.shell:Creating environment hook '/px4_uxrce/new/px4-offboard_ws/install/px4_mpc/share/px4_mpc/hook/pythonpath.sh'
[4.322s] Level 1:colcon.colcon_core.environment:checking '/px4_uxrce/new/px4-offboard_ws/install/px4_mpc/bin'
[4.322s] Level 1:colcon.colcon_core.environment:create_environment_scripts_only(px4_mpc)
[4.322s] INFO:colcon.colcon_core.shell:Creating package script '/px4_uxrce/new/px4-offboard_ws/install/px4_mpc/share/px4_mpc/package.ps1'
[4.323s] INFO:colcon.colcon_core.shell:Creating package descriptor '/px4_uxrce/new/px4-offboard_ws/install/px4_mpc/share/px4_mpc/package.dsv'
[4.324s] INFO:colcon.colcon_core.shell:Creating package script '/px4_uxrce/new/px4-offboard_ws/install/px4_mpc/share/px4_mpc/package.sh'
[4.324s] INFO:colcon.colcon_core.shell:Creating package script '/px4_uxrce/new/px4-offboard_ws/install/px4_mpc/share/px4_mpc/package.bash'
[4.325s] INFO:colcon.colcon_core.shell:Creating package script '/px4_uxrce/new/px4-offboard_ws/install/px4_mpc/share/px4_mpc/package.zsh'
[4.325s] Level 1:colcon.colcon_core.environment:create_file_with_runtime_dependencies(/px4_uxrce/new/px4-offboard_ws/install/px4_mpc/share/colcon-core/packages/px4_mpc)
[4.325s] DEBUG:colcon.colcon_parallel_executor.executor.parallel:closing loop
[4.326s] DEBUG:colcon.colcon_parallel_executor.executor.parallel:loop closed
[4.326s] DEBUG:colcon.colcon_parallel_executor.executor.parallel:run_until_complete finished with '0'
[4.326s] DEBUG:colcon.colcon_core.event_reactor:joining thread
[4.332s] INFO:colcon.colcon_core.plugin_system:Skipping extension 'colcon_notification.desktop_notification.notify_send': Could not find 'notify-send'
[4.332s] INFO:colcon.colcon_core.plugin_system:Skipping extension 'colcon_notification.desktop_notification.terminal_notifier': Not used on non-Darwin systems
[4.332s] INFO:colcon.colcon_core.plugin_system:Skipping extension 'colcon_notification.desktop_notification.win32': Not used on non-Windows systems
[4.332s] INFO:colcon.colcon_notification.desktop_notification:Sending desktop notification using 'notify2'
[4.335s] DEBUG:colcon.colcon_notification.desktop_notification.notify2:Failed to initialize notify2: org.freedesktop.DBus.Error.Spawn.ExecFailed: /usr/bin/dbus-launch terminated abnormally without any error message
[4.335s] DEBUG:colcon.colcon_core.event_reactor:joined thread
[4.336s] INFO:colcon.colcon_core.shell:Creating prefix script '/px4_uxrce/new/px4-offboard_ws/install/local_setup.ps1'
[4.337s] INFO:colcon.colcon_core.shell:Creating prefix util module '/px4_uxrce/new/px4-offboard_ws/install/_local_setup_util_ps1.py'
[4.339s] INFO:colcon.colcon_core.shell:Creating prefix chain script '/px4_uxrce/new/px4-offboard_ws/install/setup.ps1'
[4.340s] INFO:colcon.colcon_core.shell:Creating prefix script '/px4_uxrce/new/px4-offboard_ws/install/local_setup.sh'
[4.341s] INFO:colcon.colcon_core.shell:Creating prefix util module '/px4_uxrce/new/px4-offboard_ws/install/_local_setup_util_sh.py'
[4.341s] INFO:colcon.colcon_core.shell:Creating prefix chain script '/px4_uxrce/new/px4-offboard_ws/install/setup.sh'
[4.343s] INFO:colcon.colcon_core.shell:Creating prefix script '/px4_uxrce/new/px4-offboard_ws/install/local_setup.bash'
[4.343s] INFO:colcon.colcon_core.shell:Creating prefix chain script '/px4_uxrce/new/px4-offboard_ws/install/setup.bash'
[4.345s] INFO:colcon.colcon_core.shell:Creating prefix script '/px4_uxrce/new/px4-offboard_ws/install/local_setup.zsh'
[4.345s] INFO:colcon.colcon_core.shell:Creating prefix chain script '/px4_uxrce/new/px4-offboard_ws/install/setup.zsh'
