[0.012s] Invoking command in '/px4_uxrce/convex_ellipsoid_planner/build/custom_interface_gym': CMAKE_PREFIX_PATH=${CMAKE_PREFIX_PATH}:/px4_uxrce/convex_ellipsoid_planner/install/rrt_python_gym:/px4_uxrce/convex_ellipsoid_planner/install/ros2_gym_pybullet_drones:/px4_uxrce/convex_ellipsoid_planner/install/clustering_python:/opt/ros/humble /usr/bin/cmake --build /px4_uxrce/convex_ellipsoid_planner/build/custom_interface_gym -- -j12 -l12
[0.055s] [  2%] Built target custom_interface_gym__cpp
[0.055s] [ 12%] Built target custom_interface_gym__rosidl_generator_c
[0.062s] [ 12%] Built target ament_cmake_python_copy_custom_interface_gym
[0.077s] [ 23%] Built target custom_interface_gym__rosidl_typesupport_cpp
[0.080s] [ 34%] Built target custom_interface_gym__rosidl_typesupport_introspection_cpp
[0.082s] [ 44%] Built target custom_interface_gym__rosidl_typesupport_fastrtps_cpp
[0.086s] [ 55%] Built target custom_interface_gym__rosidl_typesupport_introspection_c
[0.087s] [ 65%] Built target custom_interface_gym__rosidl_typesupport_fastrtps_c
[0.087s] [ 76%] Built target custom_interface_gym__rosidl_typesupport_c
[0.104s] [ 76%] Built target custom_interface_gym
[0.123s] [ 78%] Built target custom_interface_gym__py
[0.144s] [ 87%] Built target custom_interface_gym__rosidl_generator_py
[0.164s] [ 91%] Built target custom_interface_gym__rosidl_typesupport_c__pyext
[0.165s] [ 95%] Built target custom_interface_gym__rosidl_typesupport_fastrtps_c__pyext
[0.167s] [100%] Built target custom_interface_gym__rosidl_typesupport_introspection_c__pyext
[0.283s] running egg_info
[0.283s] writing custom_interface_gym.egg-info/PKG-INFO
[0.284s] writing dependency_links to custom_interface_gym.egg-info/dependency_links.txt
[0.284s] writing top-level names to custom_interface_gym.egg-info/top_level.txt
[0.286s] reading manifest file 'custom_interface_gym.egg-info/SOURCES.txt'
[0.287s] writing manifest file 'custom_interface_gym.egg-info/SOURCES.txt'
[0.320s] [100%] Built target ament_cmake_python_build_custom_interface_gym_egg
[0.332s] Invoked command in '/px4_uxrce/convex_ellipsoid_planner/build/custom_interface_gym' returned '0': CMAKE_PREFIX_PATH=${CMAKE_PREFIX_PATH}:/px4_uxrce/convex_ellipsoid_planner/install/rrt_python_gym:/px4_uxrce/convex_ellipsoid_planner/install/ros2_gym_pybullet_drones:/px4_uxrce/convex_ellipsoid_planner/install/clustering_python:/opt/ros/humble /usr/bin/cmake --build /px4_uxrce/convex_ellipsoid_planner/build/custom_interface_gym -- -j12 -l12
[0.341s] Invoking command in '/px4_uxrce/convex_ellipsoid_planner/build/custom_interface_gym': CMAKE_PREFIX_PATH=${CMAKE_PREFIX_PATH}:/px4_uxrce/convex_ellipsoid_planner/install/rrt_python_gym:/px4_uxrce/convex_ellipsoid_planner/install/ros2_gym_pybullet_drones:/px4_uxrce/convex_ellipsoid_planner/install/clustering_python:/opt/ros/humble /usr/bin/cmake --install /px4_uxrce/convex_ellipsoid_planner/build/custom_interface_gym
[0.348s] -- Install configuration: ""
[0.348s] -- Up-to-date: /px4_uxrce/convex_ellipsoid_planner/install/custom_interface_gym/share/ament_index/resource_index/rosidl_interfaces/custom_interface_gym
[0.349s] -- Up-to-date: /px4_uxrce/convex_ellipsoid_planner/install/custom_interface_gym/include/custom_interface_gym/custom_interface_gym
[0.349s] -- Up-to-date: /px4_uxrce/convex_ellipsoid_planner/install/custom_interface_gym/include/custom_interface_gym/custom_interface_gym/srv
[0.349s] -- Up-to-date: /px4_uxrce/convex_ellipsoid_planner/install/custom_interface_gym/include/custom_interface_gym/custom_interface_gym/srv/uav_control.h
[0.349s] -- Up-to-date: /px4_uxrce/convex_ellipsoid_planner/install/custom_interface_gym/include/custom_interface_gym/custom_interface_gym/srv/detail
[0.349s] -- Up-to-date: /px4_uxrce/convex_ellipsoid_planner/install/custom_interface_gym/include/custom_interface_gym/custom_interface_gym/srv/detail/uav_control__functions.h
[0.349s] -- Up-to-date: /px4_uxrce/convex_ellipsoid_planner/install/custom_interface_gym/include/custom_interface_gym/custom_interface_gym/srv/detail/uav_control__functions.c
[0.349s] -- Up-to-date: /px4_uxrce/convex_ellipsoid_planner/install/custom_interface_gym/include/custom_interface_gym/custom_interface_gym/srv/detail/uav_control__type_support.h
[0.349s] -- Up-to-date: /px4_uxrce/convex_ellipsoid_planner/install/custom_interface_gym/include/custom_interface_gym/custom_interface_gym/srv/detail/uav_control__struct.h
[0.349s] -- Up-to-date: /px4_uxrce/convex_ellipsoid_planner/install/custom_interface_gym/include/custom_interface_gym/custom_interface_gym/msg
[0.350s] -- Up-to-date: /px4_uxrce/convex_ellipsoid_planner/install/custom_interface_gym/include/custom_interface_gym/custom_interface_gym/msg/des_trajectory.h
[0.350s] -- Up-to-date: /px4_uxrce/convex_ellipsoid_planner/install/custom_interface_gym/include/custom_interface_gym/custom_interface_gym/msg/detail
[0.350s] -- Up-to-date: /px4_uxrce/convex_ellipsoid_planner/install/custom_interface_gym/include/custom_interface_gym/custom_interface_gym/msg/detail/traj_msg__struct.h
[0.350s] -- Up-to-date: /px4_uxrce/convex_ellipsoid_planner/install/custom_interface_gym/include/custom_interface_gym/custom_interface_gym/msg/detail/traj_msg__functions.h
[0.350s] -- Up-to-date: /px4_uxrce/convex_ellipsoid_planner/install/custom_interface_gym/include/custom_interface_gym/custom_interface_gym/msg/detail/des_trajectory__functions.h
[0.350s] -- Up-to-date: /px4_uxrce/convex_ellipsoid_planner/install/custom_interface_gym/include/custom_interface_gym/custom_interface_gym/msg/detail/traj_msg__functions.c
[0.350s] -- Up-to-date: /px4_uxrce/convex_ellipsoid_planner/install/custom_interface_gym/include/custom_interface_gym/custom_interface_gym/msg/detail/des_trajectory__type_support.h
[0.350s] -- Up-to-date: /px4_uxrce/convex_ellipsoid_planner/install/custom_interface_gym/include/custom_interface_gym/custom_interface_gym/msg/detail/des_trajectory__functions.c
[0.350s] -- Up-to-date: /px4_uxrce/convex_ellipsoid_planner/install/custom_interface_gym/include/custom_interface_gym/custom_interface_gym/msg/detail/traj_msg__type_support.h
[0.350s] -- Up-to-date: /px4_uxrce/convex_ellipsoid_planner/install/custom_interface_gym/include/custom_interface_gym/custom_interface_gym/msg/detail/des_trajectory__struct.h
[0.351s] -- Up-to-date: /px4_uxrce/convex_ellipsoid_planner/install/custom_interface_gym/include/custom_interface_gym/custom_interface_gym/msg/rosidl_generator_c__visibility_control.h
[0.351s] -- Up-to-date: /px4_uxrce/convex_ellipsoid_planner/install/custom_interface_gym/include/custom_interface_gym/custom_interface_gym/msg/traj_msg.h
[0.351s] -- Up-to-date: /px4_uxrce/convex_ellipsoid_planner/install/custom_interface_gym/share/custom_interface_gym/environment/library_path.sh
[0.351s] -- Up-to-date: /px4_uxrce/convex_ellipsoid_planner/install/custom_interface_gym/share/custom_interface_gym/environment/library_path.dsv
[0.351s] -- Up-to-date: /px4_uxrce/convex_ellipsoid_planner/install/custom_interface_gym/lib/libcustom_interface_gym__rosidl_generator_c.so
[0.351s] -- Up-to-date: /px4_uxrce/convex_ellipsoid_planner/install/custom_interface_gym/include/custom_interface_gym/custom_interface_gym
[0.351s] -- Up-to-date: /px4_uxrce/convex_ellipsoid_planner/install/custom_interface_gym/include/custom_interface_gym/custom_interface_gym/srv
[0.351s] -- Up-to-date: /px4_uxrce/convex_ellipsoid_planner/install/custom_interface_gym/include/custom_interface_gym/custom_interface_gym/srv/detail
[0.351s] -- Up-to-date: /px4_uxrce/convex_ellipsoid_planner/install/custom_interface_gym/include/custom_interface_gym/custom_interface_gym/srv/detail/uav_control__rosidl_typesupport_fastrtps_c.h
[0.351s] -- Up-to-date: /px4_uxrce/convex_ellipsoid_planner/install/custom_interface_gym/include/custom_interface_gym/custom_interface_gym/msg
[0.351s] -- Up-to-date: /px4_uxrce/convex_ellipsoid_planner/install/custom_interface_gym/include/custom_interface_gym/custom_interface_gym/msg/detail
[0.351s] -- Up-to-date: /px4_uxrce/convex_ellipsoid_planner/install/custom_interface_gym/include/custom_interface_gym/custom_interface_gym/msg/detail/traj_msg__rosidl_typesupport_fastrtps_c.h
[0.352s] -- Up-to-date: /px4_uxrce/convex_ellipsoid_planner/install/custom_interface_gym/include/custom_interface_gym/custom_interface_gym/msg/detail/des_trajectory__rosidl_typesupport_fastrtps_c.h
[0.352s] -- Up-to-date: /px4_uxrce/convex_ellipsoid_planner/install/custom_interface_gym/include/custom_interface_gym/custom_interface_gym/msg/rosidl_typesupport_fastrtps_c__visibility_control.h
[0.352s] -- Up-to-date: /px4_uxrce/convex_ellipsoid_planner/install/custom_interface_gym/lib/libcustom_interface_gym__rosidl_typesupport_fastrtps_c.so
[0.352s] -- Up-to-date: /px4_uxrce/convex_ellipsoid_planner/install/custom_interface_gym/include/custom_interface_gym/custom_interface_gym
[0.352s] -- Up-to-date: /px4_uxrce/convex_ellipsoid_planner/install/custom_interface_gym/include/custom_interface_gym/custom_interface_gym/srv
[0.352s] -- Up-to-date: /px4_uxrce/convex_ellipsoid_planner/install/custom_interface_gym/include/custom_interface_gym/custom_interface_gym/srv/detail
[0.352s] -- Up-to-date: /px4_uxrce/convex_ellipsoid_planner/install/custom_interface_gym/include/custom_interface_gym/custom_interface_gym/srv/detail/uav_control__rosidl_typesupport_introspection_c.h
[0.352s] -- Up-to-date: /px4_uxrce/convex_ellipsoid_planner/install/custom_interface_gym/include/custom_interface_gym/custom_interface_gym/srv/detail/uav_control__type_support.c
[0.352s] -- Up-to-date: /px4_uxrce/convex_ellipsoid_planner/install/custom_interface_gym/include/custom_interface_gym/custom_interface_gym/msg
[0.352s] -- Up-to-date: /px4_uxrce/convex_ellipsoid_planner/install/custom_interface_gym/include/custom_interface_gym/custom_interface_gym/msg/rosidl_typesupport_introspection_c__visibility_control.h
[0.352s] -- Up-to-date: /px4_uxrce/convex_ellipsoid_planner/install/custom_interface_gym/include/custom_interface_gym/custom_interface_gym/msg/detail
[0.353s] -- Up-to-date: /px4_uxrce/convex_ellipsoid_planner/install/custom_interface_gym/include/custom_interface_gym/custom_interface_gym/msg/detail/des_trajectory__rosidl_typesupport_introspection_c.h
[0.353s] -- Up-to-date: /px4_uxrce/convex_ellipsoid_planner/install/custom_interface_gym/include/custom_interface_gym/custom_interface_gym/msg/detail/traj_msg__rosidl_typesupport_introspection_c.h
[0.353s] -- Up-to-date: /px4_uxrce/convex_ellipsoid_planner/install/custom_interface_gym/include/custom_interface_gym/custom_interface_gym/msg/detail/traj_msg__type_support.c
[0.353s] -- Up-to-date: /px4_uxrce/convex_ellipsoid_planner/install/custom_interface_gym/include/custom_interface_gym/custom_interface_gym/msg/detail/des_trajectory__type_support.c
[0.353s] -- Up-to-date: /px4_uxrce/convex_ellipsoid_planner/install/custom_interface_gym/lib/libcustom_interface_gym__rosidl_typesupport_introspection_c.so
[0.353s] -- Up-to-date: /px4_uxrce/convex_ellipsoid_planner/install/custom_interface_gym/lib/libcustom_interface_gym__rosidl_typesupport_c.so
[0.353s] -- Up-to-date: /px4_uxrce/convex_ellipsoid_planner/install/custom_interface_gym/include/custom_interface_gym/custom_interface_gym
[0.353s] -- Up-to-date: /px4_uxrce/convex_ellipsoid_planner/install/custom_interface_gym/include/custom_interface_gym/custom_interface_gym/srv
[0.353s] -- Up-to-date: /px4_uxrce/convex_ellipsoid_planner/install/custom_interface_gym/include/custom_interface_gym/custom_interface_gym/srv/uav_control.hpp
[0.353s] -- Up-to-date: /px4_uxrce/convex_ellipsoid_planner/install/custom_interface_gym/include/custom_interface_gym/custom_interface_gym/srv/detail
[0.354s] -- Up-to-date: /px4_uxrce/convex_ellipsoid_planner/install/custom_interface_gym/include/custom_interface_gym/custom_interface_gym/srv/detail/uav_control__struct.hpp
[0.354s] -- Up-to-date: /px4_uxrce/convex_ellipsoid_planner/install/custom_interface_gym/include/custom_interface_gym/custom_interface_gym/srv/detail/uav_control__type_support.hpp
[0.354s] -- Up-to-date: /px4_uxrce/convex_ellipsoid_planner/install/custom_interface_gym/include/custom_interface_gym/custom_interface_gym/srv/detail/uav_control__builder.hpp
[0.354s] -- Up-to-date: /px4_uxrce/convex_ellipsoid_planner/install/custom_interface_gym/include/custom_interface_gym/custom_interface_gym/srv/detail/uav_control__traits.hpp
[0.354s] -- Up-to-date: /px4_uxrce/convex_ellipsoid_planner/install/custom_interface_gym/include/custom_interface_gym/custom_interface_gym/msg
[0.354s] -- Up-to-date: /px4_uxrce/convex_ellipsoid_planner/install/custom_interface_gym/include/custom_interface_gym/custom_interface_gym/msg/traj_msg.hpp
[0.354s] -- Up-to-date: /px4_uxrce/convex_ellipsoid_planner/install/custom_interface_gym/include/custom_interface_gym/custom_interface_gym/msg/des_trajectory.hpp
[0.354s] -- Up-to-date: /px4_uxrce/convex_ellipsoid_planner/install/custom_interface_gym/include/custom_interface_gym/custom_interface_gym/msg/detail
[0.354s] -- Up-to-date: /px4_uxrce/convex_ellipsoid_planner/install/custom_interface_gym/include/custom_interface_gym/custom_interface_gym/msg/detail/des_trajectory__traits.hpp
[0.355s] -- Up-to-date: /px4_uxrce/convex_ellipsoid_planner/install/custom_interface_gym/include/custom_interface_gym/custom_interface_gym/msg/detail/traj_msg__traits.hpp
[0.355s] -- Up-to-date: /px4_uxrce/convex_ellipsoid_planner/install/custom_interface_gym/include/custom_interface_gym/custom_interface_gym/msg/detail/des_trajectory__struct.hpp
[0.355s] -- Up-to-date: /px4_uxrce/convex_ellipsoid_planner/install/custom_interface_gym/include/custom_interface_gym/custom_interface_gym/msg/detail/des_trajectory__builder.hpp
[0.355s] -- Up-to-date: /px4_uxrce/convex_ellipsoid_planner/install/custom_interface_gym/include/custom_interface_gym/custom_interface_gym/msg/detail/traj_msg__struct.hpp
[0.355s] -- Up-to-date: /px4_uxrce/convex_ellipsoid_planner/install/custom_interface_gym/include/custom_interface_gym/custom_interface_gym/msg/detail/des_trajectory__type_support.hpp
[0.355s] -- Up-to-date: /px4_uxrce/convex_ellipsoid_planner/install/custom_interface_gym/include/custom_interface_gym/custom_interface_gym/msg/detail/traj_msg__type_support.hpp
[0.355s] -- Up-to-date: /px4_uxrce/convex_ellipsoid_planner/install/custom_interface_gym/include/custom_interface_gym/custom_interface_gym/msg/detail/traj_msg__builder.hpp
[0.355s] -- Up-to-date: /px4_uxrce/convex_ellipsoid_planner/install/custom_interface_gym/include/custom_interface_gym/custom_interface_gym/msg/rosidl_generator_cpp__visibility_control.hpp
[0.355s] -- Up-to-date: /px4_uxrce/convex_ellipsoid_planner/install/custom_interface_gym/include/custom_interface_gym/custom_interface_gym
[0.355s] -- Up-to-date: /px4_uxrce/convex_ellipsoid_planner/install/custom_interface_gym/include/custom_interface_gym/custom_interface_gym/srv
[0.355s] -- Up-to-date: /px4_uxrce/convex_ellipsoid_planner/install/custom_interface_gym/include/custom_interface_gym/custom_interface_gym/srv/detail
[0.355s] -- Up-to-date: /px4_uxrce/convex_ellipsoid_planner/install/custom_interface_gym/include/custom_interface_gym/custom_interface_gym/srv/detail/dds_fastrtps
[0.356s] -- Up-to-date: /px4_uxrce/convex_ellipsoid_planner/install/custom_interface_gym/include/custom_interface_gym/custom_interface_gym/srv/detail/uav_control__rosidl_typesupport_fastrtps_cpp.hpp
[0.356s] -- Up-to-date: /px4_uxrce/convex_ellipsoid_planner/install/custom_interface_gym/include/custom_interface_gym/custom_interface_gym/msg
[0.356s] -- Up-to-date: /px4_uxrce/convex_ellipsoid_planner/install/custom_interface_gym/include/custom_interface_gym/custom_interface_gym/msg/detail
[0.356s] -- Up-to-date: /px4_uxrce/convex_ellipsoid_planner/install/custom_interface_gym/include/custom_interface_gym/custom_interface_gym/msg/detail/traj_msg__rosidl_typesupport_fastrtps_cpp.hpp
[0.356s] -- Up-to-date: /px4_uxrce/convex_ellipsoid_planner/install/custom_interface_gym/include/custom_interface_gym/custom_interface_gym/msg/detail/dds_fastrtps
[0.356s] -- Up-to-date: /px4_uxrce/convex_ellipsoid_planner/install/custom_interface_gym/include/custom_interface_gym/custom_interface_gym/msg/detail/des_trajectory__rosidl_typesupport_fastrtps_cpp.hpp
[0.356s] -- Up-to-date: /px4_uxrce/convex_ellipsoid_planner/install/custom_interface_gym/include/custom_interface_gym/custom_interface_gym/msg/rosidl_typesupport_fastrtps_cpp__visibility_control.h
[0.356s] -- Up-to-date: /px4_uxrce/convex_ellipsoid_planner/install/custom_interface_gym/lib/libcustom_interface_gym__rosidl_typesupport_fastrtps_cpp.so
[0.356s] -- Up-to-date: /px4_uxrce/convex_ellipsoid_planner/install/custom_interface_gym/include/custom_interface_gym/custom_interface_gym
[0.356s] -- Up-to-date: /px4_uxrce/convex_ellipsoid_planner/install/custom_interface_gym/include/custom_interface_gym/custom_interface_gym/srv
[0.356s] -- Up-to-date: /px4_uxrce/convex_ellipsoid_planner/install/custom_interface_gym/include/custom_interface_gym/custom_interface_gym/srv/detail
[0.356s] -- Up-to-date: /px4_uxrce/convex_ellipsoid_planner/install/custom_interface_gym/include/custom_interface_gym/custom_interface_gym/srv/detail/uav_control__type_support.cpp
[0.356s] -- Up-to-date: /px4_uxrce/convex_ellipsoid_planner/install/custom_interface_gym/include/custom_interface_gym/custom_interface_gym/srv/detail/uav_control__rosidl_typesupport_introspection_cpp.hpp
[0.357s] -- Up-to-date: /px4_uxrce/convex_ellipsoid_planner/install/custom_interface_gym/include/custom_interface_gym/custom_interface_gym/msg
[0.357s] -- Up-to-date: /px4_uxrce/convex_ellipsoid_planner/install/custom_interface_gym/include/custom_interface_gym/custom_interface_gym/msg/detail
[0.357s] -- Up-to-date: /px4_uxrce/convex_ellipsoid_planner/install/custom_interface_gym/include/custom_interface_gym/custom_interface_gym/msg/detail/des_trajectory__rosidl_typesupport_introspection_cpp.hpp
[0.357s] -- Up-to-date: /px4_uxrce/convex_ellipsoid_planner/install/custom_interface_gym/include/custom_interface_gym/custom_interface_gym/msg/detail/des_trajectory__type_support.cpp
[0.357s] -- Up-to-date: /px4_uxrce/convex_ellipsoid_planner/install/custom_interface_gym/include/custom_interface_gym/custom_interface_gym/msg/detail/traj_msg__rosidl_typesupport_introspection_cpp.hpp
[0.357s] -- Up-to-date: /px4_uxrce/convex_ellipsoid_planner/install/custom_interface_gym/include/custom_interface_gym/custom_interface_gym/msg/detail/traj_msg__type_support.cpp
[0.357s] -- Up-to-date: /px4_uxrce/convex_ellipsoid_planner/install/custom_interface_gym/lib/libcustom_interface_gym__rosidl_typesupport_introspection_cpp.so
[0.357s] -- Up-to-date: /px4_uxrce/convex_ellipsoid_planner/install/custom_interface_gym/lib/libcustom_interface_gym__rosidl_typesupport_cpp.so
[0.357s] -- Up-to-date: /px4_uxrce/convex_ellipsoid_planner/install/custom_interface_gym/share/custom_interface_gym/environment/pythonpath.sh
[0.357s] -- Up-to-date: /px4_uxrce/convex_ellipsoid_planner/install/custom_interface_gym/share/custom_interface_gym/environment/pythonpath.dsv
[0.357s] -- Up-to-date: /px4_uxrce/convex_ellipsoid_planner/install/custom_interface_gym/local/lib/python3.10/dist-packages/custom_interface_gym-0.0.0-py3.10.egg-info
[0.358s] -- Installing: /px4_uxrce/convex_ellipsoid_planner/install/custom_interface_gym/local/lib/python3.10/dist-packages/custom_interface_gym-0.0.0-py3.10.egg-info/dependency_links.txt
[0.358s] -- Installing: /px4_uxrce/convex_ellipsoid_planner/install/custom_interface_gym/local/lib/python3.10/dist-packages/custom_interface_gym-0.0.0-py3.10.egg-info/top_level.txt
[0.358s] -- Installing: /px4_uxrce/convex_ellipsoid_planner/install/custom_interface_gym/local/lib/python3.10/dist-packages/custom_interface_gym-0.0.0-py3.10.egg-info/PKG-INFO
[0.358s] -- Installing: /px4_uxrce/convex_ellipsoid_planner/install/custom_interface_gym/local/lib/python3.10/dist-packages/custom_interface_gym-0.0.0-py3.10.egg-info/SOURCES.txt
[0.358s] -- Up-to-date: /px4_uxrce/convex_ellipsoid_planner/install/custom_interface_gym/local/lib/python3.10/dist-packages/custom_interface_gym
[0.358s] -- Up-to-date: /px4_uxrce/convex_ellipsoid_planner/install/custom_interface_gym/local/lib/python3.10/dist-packages/custom_interface_gym/_custom_interface_gym_s.ep.rosidl_typesupport_fastrtps_c.c
[0.358s] -- Up-to-date: /px4_uxrce/convex_ellipsoid_planner/install/custom_interface_gym/local/lib/python3.10/dist-packages/custom_interface_gym/custom_interface_gym_s__rosidl_typesupport_c.cpython-310-x86_64-linux-gnu.so
[0.358s] -- Up-to-date: /px4_uxrce/convex_ellipsoid_planner/install/custom_interface_gym/local/lib/python3.10/dist-packages/custom_interface_gym/custom_interface_gym_s__rosidl_typesupport_fastrtps_c.cpython-310-x86_64-linux-gnu.so
[0.358s] -- Up-to-date: /px4_uxrce/convex_ellipsoid_planner/install/custom_interface_gym/local/lib/python3.10/dist-packages/custom_interface_gym/custom_interface_gym_s__rosidl_typesupport_introspection_c.cpython-310-x86_64-linux-gnu.so
[0.358s] -- Up-to-date: /px4_uxrce/convex_ellipsoid_planner/install/custom_interface_gym/local/lib/python3.10/dist-packages/custom_interface_gym/_custom_interface_gym_s.ep.rosidl_typesupport_c.c
[0.358s] -- Up-to-date: /px4_uxrce/convex_ellipsoid_planner/install/custom_interface_gym/local/lib/python3.10/dist-packages/custom_interface_gym/srv
[0.358s] -- Up-to-date: /px4_uxrce/convex_ellipsoid_planner/install/custom_interface_gym/local/lib/python3.10/dist-packages/custom_interface_gym/srv/_uav_control_s.c
[0.358s] -- Up-to-date: /px4_uxrce/convex_ellipsoid_planner/install/custom_interface_gym/local/lib/python3.10/dist-packages/custom_interface_gym/srv/__init__.py
[0.358s] -- Up-to-date: /px4_uxrce/convex_ellipsoid_planner/install/custom_interface_gym/local/lib/python3.10/dist-packages/custom_interface_gym/srv/_uav_control.py
[0.358s] -- Up-to-date: /px4_uxrce/convex_ellipsoid_planner/install/custom_interface_gym/local/lib/python3.10/dist-packages/custom_interface_gym/__init__.py
[0.359s] -- Up-to-date: /px4_uxrce/convex_ellipsoid_planner/install/custom_interface_gym/local/lib/python3.10/dist-packages/custom_interface_gym/_custom_interface_gym_s.ep.rosidl_typesupport_introspection_c.c
[0.359s] -- Up-to-date: /px4_uxrce/convex_ellipsoid_planner/install/custom_interface_gym/local/lib/python3.10/dist-packages/custom_interface_gym/libcustom_interface_gym__rosidl_generator_py.so
[0.359s] -- Up-to-date: /px4_uxrce/convex_ellipsoid_planner/install/custom_interface_gym/local/lib/python3.10/dist-packages/custom_interface_gym/msg
[0.359s] -- Up-to-date: /px4_uxrce/convex_ellipsoid_planner/install/custom_interface_gym/local/lib/python3.10/dist-packages/custom_interface_gym/msg/__init__.py
[0.359s] -- Up-to-date: /px4_uxrce/convex_ellipsoid_planner/install/custom_interface_gym/local/lib/python3.10/dist-packages/custom_interface_gym/msg/_traj_msg.py
[0.359s] -- Up-to-date: /px4_uxrce/convex_ellipsoid_planner/install/custom_interface_gym/local/lib/python3.10/dist-packages/custom_interface_gym/msg/_des_trajectory.py
[0.359s] -- Up-to-date: /px4_uxrce/convex_ellipsoid_planner/install/custom_interface_gym/local/lib/python3.10/dist-packages/custom_interface_gym/msg/_des_trajectory_s.c
[0.359s] -- Up-to-date: /px4_uxrce/convex_ellipsoid_planner/install/custom_interface_gym/local/lib/python3.10/dist-packages/custom_interface_gym/msg/_traj_msg_s.c
[0.389s] Listing '/px4_uxrce/convex_ellipsoid_planner/install/custom_interface_gym/local/lib/python3.10/dist-packages/custom_interface_gym'...
[0.389s] Listing '/px4_uxrce/convex_ellipsoid_planner/install/custom_interface_gym/local/lib/python3.10/dist-packages/custom_interface_gym/msg'...
[0.389s] Listing '/px4_uxrce/convex_ellipsoid_planner/install/custom_interface_gym/local/lib/python3.10/dist-packages/custom_interface_gym/srv'...
[0.395s] -- Up-to-date: /px4_uxrce/convex_ellipsoid_planner/install/custom_interface_gym/local/lib/python3.10/dist-packages/custom_interface_gym/custom_interface_gym_s__rosidl_typesupport_fastrtps_c.cpython-310-x86_64-linux-gnu.so
[0.395s] -- Up-to-date: /px4_uxrce/convex_ellipsoid_planner/install/custom_interface_gym/local/lib/python3.10/dist-packages/custom_interface_gym/custom_interface_gym_s__rosidl_typesupport_introspection_c.cpython-310-x86_64-linux-gnu.so
[0.395s] -- Up-to-date: /px4_uxrce/convex_ellipsoid_planner/install/custom_interface_gym/local/lib/python3.10/dist-packages/custom_interface_gym/custom_interface_gym_s__rosidl_typesupport_c.cpython-310-x86_64-linux-gnu.so
[0.395s] -- Up-to-date: /px4_uxrce/convex_ellipsoid_planner/install/custom_interface_gym/lib/libcustom_interface_gym__rosidl_generator_py.so
[0.395s] -- Up-to-date: /px4_uxrce/convex_ellipsoid_planner/install/custom_interface_gym/share/custom_interface_gym/srv/UavControl.idl
[0.395s] -- Up-to-date: /px4_uxrce/convex_ellipsoid_planner/install/custom_interface_gym/share/custom_interface_gym/msg/TrajMsg.idl
[0.396s] -- Up-to-date: /px4_uxrce/convex_ellipsoid_planner/install/custom_interface_gym/share/custom_interface_gym/msg/DesTrajectory.idl
[0.396s] -- Up-to-date: /px4_uxrce/convex_ellipsoid_planner/install/custom_interface_gym/share/custom_interface_gym/srv/UavControl.srv
[0.396s] -- Up-to-date: /px4_uxrce/convex_ellipsoid_planner/install/custom_interface_gym/share/custom_interface_gym/srv/UavControl_Request.msg
[0.396s] -- Up-to-date: /px4_uxrce/convex_ellipsoid_planner/install/custom_interface_gym/share/custom_interface_gym/srv/UavControl_Response.msg
[0.396s] -- Up-to-date: /px4_uxrce/convex_ellipsoid_planner/install/custom_interface_gym/share/custom_interface_gym/msg/TrajMsg.msg
[0.396s] -- Up-to-date: /px4_uxrce/convex_ellipsoid_planner/install/custom_interface_gym/share/custom_interface_gym/msg/DesTrajectory.msg
[0.396s] -- Up-to-date: /px4_uxrce/convex_ellipsoid_planner/install/custom_interface_gym/share/ament_index/resource_index/package_run_dependencies/custom_interface_gym
[0.396s] -- Up-to-date: /px4_uxrce/convex_ellipsoid_planner/install/custom_interface_gym/share/ament_index/resource_index/parent_prefix_path/custom_interface_gym
[0.396s] -- Up-to-date: /px4_uxrce/convex_ellipsoid_planner/install/custom_interface_gym/share/custom_interface_gym/environment/ament_prefix_path.sh
[0.396s] -- Up-to-date: /px4_uxrce/convex_ellipsoid_planner/install/custom_interface_gym/share/custom_interface_gym/environment/ament_prefix_path.dsv
[0.396s] -- Up-to-date: /px4_uxrce/convex_ellipsoid_planner/install/custom_interface_gym/share/custom_interface_gym/environment/path.sh
[0.397s] -- Up-to-date: /px4_uxrce/convex_ellipsoid_planner/install/custom_interface_gym/share/custom_interface_gym/environment/path.dsv
[0.397s] -- Up-to-date: /px4_uxrce/convex_ellipsoid_planner/install/custom_interface_gym/share/custom_interface_gym/local_setup.bash
[0.397s] -- Up-to-date: /px4_uxrce/convex_ellipsoid_planner/install/custom_interface_gym/share/custom_interface_gym/local_setup.sh
[0.397s] -- Up-to-date: /px4_uxrce/convex_ellipsoid_planner/install/custom_interface_gym/share/custom_interface_gym/local_setup.zsh
[0.397s] -- Up-to-date: /px4_uxrce/convex_ellipsoid_planner/install/custom_interface_gym/share/custom_interface_gym/local_setup.dsv
[0.397s] -- Installing: /px4_uxrce/convex_ellipsoid_planner/install/custom_interface_gym/share/custom_interface_gym/package.dsv
[0.397s] -- Up-to-date: /px4_uxrce/convex_ellipsoid_planner/install/custom_interface_gym/share/ament_index/resource_index/packages/custom_interface_gym
[0.398s] -- Up-to-date: /px4_uxrce/convex_ellipsoid_planner/install/custom_interface_gym/share/custom_interface_gym/cmake/export_custom_interface_gym__rosidl_generator_cExport.cmake
[0.398s] -- Up-to-date: /px4_uxrce/convex_ellipsoid_planner/install/custom_interface_gym/share/custom_interface_gym/cmake/export_custom_interface_gym__rosidl_generator_cExport-noconfig.cmake
[0.398s] -- Up-to-date: /px4_uxrce/convex_ellipsoid_planner/install/custom_interface_gym/share/custom_interface_gym/cmake/export_custom_interface_gym__rosidl_typesupport_fastrtps_cExport.cmake
[0.398s] -- Up-to-date: /px4_uxrce/convex_ellipsoid_planner/install/custom_interface_gym/share/custom_interface_gym/cmake/export_custom_interface_gym__rosidl_typesupport_fastrtps_cExport-noconfig.cmake
[0.398s] -- Up-to-date: /px4_uxrce/convex_ellipsoid_planner/install/custom_interface_gym/share/custom_interface_gym/cmake/custom_interface_gym__rosidl_typesupport_introspection_cExport.cmake
[0.398s] -- Up-to-date: /px4_uxrce/convex_ellipsoid_planner/install/custom_interface_gym/share/custom_interface_gym/cmake/custom_interface_gym__rosidl_typesupport_introspection_cExport-noconfig.cmake
[0.398s] -- Up-to-date: /px4_uxrce/convex_ellipsoid_planner/install/custom_interface_gym/share/custom_interface_gym/cmake/custom_interface_gym__rosidl_typesupport_cExport.cmake
[0.398s] -- Up-to-date: /px4_uxrce/convex_ellipsoid_planner/install/custom_interface_gym/share/custom_interface_gym/cmake/custom_interface_gym__rosidl_typesupport_cExport-noconfig.cmake
[0.398s] -- Up-to-date: /px4_uxrce/convex_ellipsoid_planner/install/custom_interface_gym/share/custom_interface_gym/cmake/export_custom_interface_gym__rosidl_generator_cppExport.cmake
[0.398s] -- Up-to-date: /px4_uxrce/convex_ellipsoid_planner/install/custom_interface_gym/share/custom_interface_gym/cmake/export_custom_interface_gym__rosidl_typesupport_fastrtps_cppExport.cmake
[0.399s] -- Up-to-date: /px4_uxrce/convex_ellipsoid_planner/install/custom_interface_gym/share/custom_interface_gym/cmake/export_custom_interface_gym__rosidl_typesupport_fastrtps_cppExport-noconfig.cmake
[0.399s] -- Up-to-date: /px4_uxrce/convex_ellipsoid_planner/install/custom_interface_gym/share/custom_interface_gym/cmake/custom_interface_gym__rosidl_typesupport_introspection_cppExport.cmake
[0.399s] -- Up-to-date: /px4_uxrce/convex_ellipsoid_planner/install/custom_interface_gym/share/custom_interface_gym/cmake/custom_interface_gym__rosidl_typesupport_introspection_cppExport-noconfig.cmake
[0.399s] -- Up-to-date: /px4_uxrce/convex_ellipsoid_planner/install/custom_interface_gym/share/custom_interface_gym/cmake/custom_interface_gym__rosidl_typesupport_cppExport.cmake
[0.399s] -- Up-to-date: /px4_uxrce/convex_ellipsoid_planner/install/custom_interface_gym/share/custom_interface_gym/cmake/custom_interface_gym__rosidl_typesupport_cppExport-noconfig.cmake
[0.400s] -- Up-to-date: /px4_uxrce/convex_ellipsoid_planner/install/custom_interface_gym/share/custom_interface_gym/cmake/export_custom_interface_gym__rosidl_generator_pyExport.cmake
[0.400s] -- Up-to-date: /px4_uxrce/convex_ellipsoid_planner/install/custom_interface_gym/share/custom_interface_gym/cmake/export_custom_interface_gym__rosidl_generator_pyExport-noconfig.cmake
[0.400s] -- Up-to-date: /px4_uxrce/convex_ellipsoid_planner/install/custom_interface_gym/share/custom_interface_gym/cmake/rosidl_cmake-extras.cmake
[0.401s] -- Up-to-date: /px4_uxrce/convex_ellipsoid_planner/install/custom_interface_gym/share/custom_interface_gym/cmake/ament_cmake_export_dependencies-extras.cmake
[0.401s] -- Up-to-date: /px4_uxrce/convex_ellipsoid_planner/install/custom_interface_gym/share/custom_interface_gym/cmake/ament_cmake_export_include_directories-extras.cmake
[0.401s] -- Up-to-date: /px4_uxrce/convex_ellipsoid_planner/install/custom_interface_gym/share/custom_interface_gym/cmake/ament_cmake_export_libraries-extras.cmake
[0.401s] -- Up-to-date: /px4_uxrce/convex_ellipsoid_planner/install/custom_interface_gym/share/custom_interface_gym/cmake/ament_cmake_export_targets-extras.cmake
[0.401s] -- Up-to-date: /px4_uxrce/convex_ellipsoid_planner/install/custom_interface_gym/share/custom_interface_gym/cmake/rosidl_cmake_export_typesupport_targets-extras.cmake
[0.402s] -- Up-to-date: /px4_uxrce/convex_ellipsoid_planner/install/custom_interface_gym/share/custom_interface_gym/cmake/rosidl_cmake_export_typesupport_libraries-extras.cmake
[0.402s] -- Up-to-date: /px4_uxrce/convex_ellipsoid_planner/install/custom_interface_gym/share/custom_interface_gym/cmake/custom_interface_gymConfig.cmake
[0.402s] -- Up-to-date: /px4_uxrce/convex_ellipsoid_planner/install/custom_interface_gym/share/custom_interface_gym/cmake/custom_interface_gymConfig-version.cmake
[0.402s] -- Up-to-date: /px4_uxrce/convex_ellipsoid_planner/install/custom_interface_gym/share/custom_interface_gym/package.xml
[0.403s] Invoked command in '/px4_uxrce/convex_ellipsoid_planner/build/custom_interface_gym' returned '0': CMAKE_PREFIX_PATH=${CMAKE_PREFIX_PATH}:/px4_uxrce/convex_ellipsoid_planner/install/rrt_python_gym:/px4_uxrce/convex_ellipsoid_planner/install/ros2_gym_pybullet_drones:/px4_uxrce/convex_ellipsoid_planner/install/clustering_python:/opt/ros/humble /usr/bin/cmake --install /px4_uxrce/convex_ellipsoid_planner/build/custom_interface_gym
