[33mCMake Warning (dev) at CMakeLists.txt:333 (find_package):
  Policy CMP0074 is not set: find_package uses <PackageName>_ROOT variables.
  Run "cmake --help-policy CMP0074" for policy details.  Use the cmake_policy
  command to set the policy and suppress this warning.

  CMake variable PCL_ROOT is set to:

    /usr

  For compatibility, CMake is ignoring the variable.
This warning is for project developers.  Use -Wno-dev to suppress it.
[0m
[31mCMake Error at CMakeLists.txt:339 (find_package):
  By not providing "Findpx4_msgs.cmake" in CMAKE_MODULE_PATH this project has
  asked CMake to find a package configuration file provided by "px4_msgs",
  but CMake did not find one.

  Could not find a package configuration file provided by "px4_msgs" with any
  of the following names:

    px4_msgsConfig.cmake
    px4_msgs-config.cmake

  Add the installation prefix of "px4_msgs" to CMAKE_PREFIX_PATH or set
  "px4_msgs_DIR" to a directory containing one of the above files.  If
  "px4_msgs" provides a separate development package or SDK, be sure it has
  been installed.

[0m
