[0.548s] Invoking command in '/px4_uxrce/convex_ellipsoid_planner/build/rrt_path_finder': CMAKE_PREFIX_PATH=/opt/ros/humble /usr/bin/cmake /px4_uxrce/convex_ellipsoid_planner/src/rrt_path_finder -DCMAKE_INSTALL_PREFIX=/px4_uxrce/convex_ellipsoid_planner/install/rrt_path_finder
[0.860s] -- The C compiler identification is GNU 11.4.0
[0.860s] -- The CXX compiler identification is GNU 11.4.0
[0.860s] -- Detecting C compiler ABI info
[0.860s] -- Detecting C compiler ABI info - done
[0.860s] -- Check for working C compiler: /usr/bin/cc - skipped
[0.860s] -- Detecting C compile features
[0.860s] -- Detecting C compile features - done
[0.860s] -- Detecting CXX compiler ABI info
[0.860s] -- Detecting CXX compiler ABI info - done
[0.861s] -- Check for working CXX compiler: /usr/bin/c++ - skipped
[0.861s] -- Detecting CXX compile features
[0.861s] -- Detecting CXX compile features - done
[0.861s] -- Found ament_cmake: 1.3.11 (/opt/ros/humble/share/ament_cmake/cmake)
[1.005s] -- Found Python3: /usr/bin/python3 (found version "3.10.12") found components: Interpreter 
[1.151s] -- Found rclcpp: 16.0.11 (/opt/ros/humble/share/rclcpp/cmake)
[1.217s] -- Found rosidl_generator_c: 3.1.6 (/opt/ros/humble/share/rosidl_generator_c/cmake)
[1.224s] -- Found rosidl_adapter: 3.1.6 (/opt/ros/humble/share/rosidl_adapter/cmake)
[1.237s] -- Found rosidl_generator_cpp: 3.1.6 (/opt/ros/humble/share/rosidl_generator_cpp/cmake)
[1.258s] -- Using all available rosidl_typesupport_c: rosidl_typesupport_fastrtps_c;rosidl_typesupport_introspection_c
[1.285s] -- Using all available rosidl_typesupport_cpp: rosidl_typesupport_fastrtps_cpp;rosidl_typesupport_introspection_cpp
[1.359s] -- Found rmw_implementation_cmake: 6.1.2 (/opt/ros/humble/share/rmw_implementation_cmake/cmake)
[1.363s] -- Found rmw_fastrtps_cpp: 6.2.7 (/opt/ros/humble/share/rmw_fastrtps_cpp/cmake)
[1.484s] -- Found OpenSSL: /usr/lib/x86_64-linux-gnu/libcrypto.so (found version "3.0.2")  
[1.528s] -- Found FastRTPS: /opt/ros/humble/include  
[1.590s] -- Using RMW implementation 'rmw_fastrtps_cpp' as default
[1.604s] -- Looking for pthread.h
[1.693s] -- Looking for pthread.h - found
[1.694s] -- Performing Test CMAKE_HAVE_LIBC_PTHREAD
[1.762s] -- Performing Test CMAKE_HAVE_LIBC_PTHREAD - Success
[1.763s] -- Found Threads: TRUE  
[1.835s] -- Found nav_msgs: 4.2.4 (/opt/ros/humble/share/nav_msgs/cmake)
[1.872s] -- Found sensor_msgs: 4.2.4 (/opt/ros/humble/share/sensor_msgs/cmake)
[1.900s] -- Found visualization_msgs: 4.2.4 (/opt/ros/humble/share/visualization_msgs/cmake)
[1.936s] -- Found pcl_conversions: 2.4.5 (/opt/ros/humble/share/pcl_conversions/cmake)
[1.986s] -- Checking for module 'eigen3'
[2.000s] --   Found eigen3, version 3.4.0
[2.033s] -- Found Eigen: /usr/include/eigen3 (Required is at least version "3.1") 
[2.033s] -- Eigen found (include: /usr/include/eigen3, version: 3.4.0)
[2.079s] -- Checking for module 'flann'
[2.093s] --   Found flann, version 1.9.1
[2.125s] -- Found FLANN: /usr/lib/x86_64-linux-gnu/libflann_cpp.so  
[2.125s] -- FLANN found (include: /usr/include, lib: /usr/lib/x86_64-linux-gnu/libflann_cpp.so)
[3.140s] -- Checking for module 'libusb-1.0'
[3.156s] --   Found libusb-1.0, version 1.0.25
[3.188s] -- Found libusb: /usr/lib/x86_64-linux-gnu/libusb-1.0.so  
[3.189s] -- OpenNI found (version: 1.5.4.0, include: /usr/include/ni, lib: /usr/lib/libOpenNI.so;libusb::libusb)
[3.239s] -- OpenNI2 found (version: 2.2.0.33, include: /usr/include/openni2, lib: /usr/lib/x86_64-linux-gnu/libOpenNI2.so;libusb::libusb)
[3.392s] -- Eigen found (include: /usr/include/eigen3, version: 3.4.0)
[3.400s] -- OpenNI found (version: 1.5.4.0, include: /usr/include/ni, lib: /usr/lib/libOpenNI.so;libusb::libusb)
[3.406s] -- OpenNI2 found (version: 2.2.0.33, include: /usr/include/openni2, lib: /usr/lib/x86_64-linux-gnu/libOpenNI2.so;libusb::libusb)
[3.553s] -- Found Qhull version 8.0.2
[3.706s] -- OpenNI found (version: 1.5.4.0, include: /usr/include/ni, lib: /usr/lib/libOpenNI.so;libusb::libusb)
[3.887s] -- Found PCL_COMMON: /usr/lib/x86_64-linux-gnu/libpcl_common.so  
[3.888s] -- Found PCL_KDTREE: /usr/lib/x86_64-linux-gnu/libpcl_kdtree.so  
[3.890s] -- Found PCL_OCTREE: /usr/lib/x86_64-linux-gnu/libpcl_octree.so  
[3.891s] -- Found PCL_SEARCH: /usr/lib/x86_64-linux-gnu/libpcl_search.so  
[3.893s] -- Found PCL_SAMPLE_CONSENSUS: /usr/lib/x86_64-linux-gnu/libpcl_sample_consensus.so  
[3.894s] -- Found PCL_FILTERS: /usr/lib/x86_64-linux-gnu/libpcl_filters.so  
[3.895s] -- Found PCL_2D: /usr/include/pcl-1.12  
[3.896s] -- Found PCL_GEOMETRY: /usr/include/pcl-1.12  
[3.898s] -- Found PCL_IO: /usr/lib/x86_64-linux-gnu/libpcl_io.so  
[3.899s] -- Found PCL_FEATURES: /usr/lib/x86_64-linux-gnu/libpcl_features.so  
[3.905s] -- Found PCL_ML: /usr/lib/x86_64-linux-gnu/libpcl_ml.so  
[3.907s] -- Found PCL_SEGMENTATION: /usr/lib/x86_64-linux-gnu/libpcl_segmentation.so  
[3.909s] -- Found PCL_VISUALIZATION: /usr/lib/x86_64-linux-gnu/libpcl_visualization.so  
[3.910s] -- Found PCL_SURFACE: /usr/lib/x86_64-linux-gnu/libpcl_surface.so  
[3.912s] -- Found PCL_REGISTRATION: /usr/lib/x86_64-linux-gnu/libpcl_registration.so  
[3.913s] -- Found PCL_KEYPOINTS: /usr/lib/x86_64-linux-gnu/libpcl_keypoints.so  
[3.915s] -- Found PCL_TRACKING: /usr/lib/x86_64-linux-gnu/libpcl_tracking.so  
[3.916s] -- Found PCL_RECOGNITION: /usr/lib/x86_64-linux-gnu/libpcl_recognition.so  
[3.918s] -- Found PCL_STEREO: /usr/lib/x86_64-linux-gnu/libpcl_stereo.so  
[3.919s] -- Found PCL_APPS: /usr/lib/x86_64-linux-gnu/libpcl_apps.so  
[3.921s] -- Found PCL_IN_HAND_SCANNER: /usr/include/pcl-1.12  
[3.921s] -- Found PCL_MODELER: /usr/include/pcl-1.12  
[3.922s] -- Found PCL_POINT_CLOUD_EDITOR: /usr/include/pcl-1.12  
[3.924s] -- Found PCL_OUTOFCORE: /usr/lib/x86_64-linux-gnu/libpcl_outofcore.so  
[3.925s] -- Found PCL_PEOPLE: /usr/lib/x86_64-linux-gnu/libpcl_people.so  
[3.928s] [33mCMake Warning (dev) at CMakeLists.txt:333 (find_package):
[3.929s]   Policy CMP0074 is not set: find_package uses <PackageName>_ROOT variables.
[3.929s]   Run "cmake --help-policy CMP0074" for policy details.  Use the cmake_policy
[3.929s]   command to set the policy and suppress this warning.
[3.929s] 
[3.929s]   CMake variable PCL_ROOT is set to:
[3.929s] 
[3.930s]     /usr
[3.930s] 
[3.930s]   For compatibility, CMake is ignoring the variable.
[3.930s] This warning is for project developers.  Use -Wno-dev to suppress it.
[3.930s] [0m
[3.939s] -- Found tf2_ros: 0.25.12 (/opt/ros/humble/share/tf2_ros/cmake)
[4.107s] -- Found tf2_sensor_msgs: 0.25.12 (/opt/ros/humble/share/tf2_sensor_msgs/cmake)
[4.118s] -- Found tf2_geometry_msgs: 0.25.12 (/opt/ros/humble/share/tf2_geometry_msgs/cmake)
[4.140s] -- Found Eigen3: TRUE (found version "3.4.0") 
[4.141s] -- Ensuring Eigen3 include directory is part of orocos-kdl CMake target
[4.161s] [31mCMake Error at CMakeLists.txt:339 (find_package):
[4.161s]   By not providing "Findpx4_msgs.cmake" in CMAKE_MODULE_PATH this project has
[4.161s]   asked CMake to find a package configuration file provided by "px4_msgs",
[4.161s]   but CMake did not find one.
[4.161s] 
[4.161s]   Could not find a package configuration file provided by "px4_msgs" with any
[4.161s]   of the following names:
[4.162s] 
[4.162s]     px4_msgsConfig.cmake
[4.162s]     px4_msgs-config.cmake
[4.162s] 
[4.162s]   Add the installation prefix of "px4_msgs" to CMAKE_PREFIX_PATH or set
[4.162s]   "px4_msgs_DIR" to a directory containing one of the above files.  If
[4.162s]   "px4_msgs" provides a separate development package or SDK, be sure it has
[4.162s]   been installed.
[4.162s] 
[4.162s] [0m
[4.163s] -- Configuring incomplete, errors occurred!
[4.163s] See also "/px4_uxrce/convex_ellipsoid_planner/build/rrt_path_finder/CMakeFiles/CMakeOutput.log".
[4.193s] Invoked command in '/px4_uxrce/convex_ellipsoid_planner/build/rrt_path_finder' returned '1': CMAKE_PREFIX_PATH=/opt/ros/humble /usr/bin/cmake /px4_uxrce/convex_ellipsoid_planner/src/rrt_path_finder -DCMAKE_INSTALL_PREFIX=/px4_uxrce/convex_ellipsoid_planner/install/rrt_path_finder
