[0.064s] Invoking command in '/px4_uxrce/t265_px4_bridge/build/examples_rclcpp_multithreaded_executor': CMAKE_PREFIX_PATH=/opt/ros/humble:${CMAKE_PREFIX_PATH} /usr/bin/cmake /px4_uxrce/t265_px4_bridge/src/examples/rclcpp/executors/multithreaded_executor -DCMAKE_INSTALL_PREFIX=/px4_uxrce/t265_px4_bridge/install/examples_rclcpp_multithreaded_executor
[2.044s] -- The C compiler identification is GNU 11.4.0
[2.044s] -- The CXX compiler identification is GNU 11.4.0
[2.044s] -- Detecting C compiler ABI info
[2.044s] -- Detecting C compiler ABI info - done
[2.044s] -- Check for working C compiler: /usr/bin/cc - skipped
[2.044s] -- Detecting C compile features
[2.045s] -- Detecting C compile features - done
[2.045s] -- Detecting CXX compiler ABI info
[2.045s] -- Detecting CXX compiler ABI info - done
[2.045s] -- Check for working CXX compiler: /usr/bin/c++ - skipped
[2.045s] -- Detecting CXX compile features
[2.045s] -- Detecting CXX compile features - done
[2.045s] -- Found ament_cmake: 1.3.11 (/opt/ros/humble/share/ament_cmake/cmake)
[2.045s] -- Found Python3: /usr/bin/python3 (found version "3.10.12") found components: Interpreter 
[2.045s] -- Found rclcpp: 16.0.11 (/opt/ros/humble/share/rclcpp/cmake)
[2.045s] -- Found rosidl_generator_c: 3.1.6 (/opt/ros/humble/share/rosidl_generator_c/cmake)
[2.046s] -- Found rosidl_adapter: 3.1.6 (/opt/ros/humble/share/rosidl_adapter/cmake)
[2.046s] -- Found rosidl_generator_cpp: 3.1.6 (/opt/ros/humble/share/rosidl_generator_cpp/cmake)
[2.046s] -- Using all available rosidl_typesupport_c: rosidl_typesupport_fastrtps_c;rosidl_typesupport_introspection_c
[2.046s] -- Using all available rosidl_typesupport_cpp: rosidl_typesupport_fastrtps_cpp;rosidl_typesupport_introspection_cpp
[2.046s] -- Found rmw_implementation_cmake: 6.1.2 (/opt/ros/humble/share/rmw_implementation_cmake/cmake)
[2.046s] -- Found rmw_fastrtps_cpp: 6.2.7 (/opt/ros/humble/share/rmw_fastrtps_cpp/cmake)
[2.046s] -- Found OpenSSL: /usr/lib/x86_64-linux-gnu/libcrypto.so (found version "3.0.2")  
[2.046s] -- Found FastRTPS: /opt/ros/humble/include  
[2.046s] -- Using RMW implementation 'rmw_fastrtps_cpp' as default
[2.047s] -- Looking for pthread.h
[2.047s] -- Looking for pthread.h - found
[2.047s] -- Performing Test CMAKE_HAVE_LIBC_PTHREAD
[2.047s] -- Performing Test CMAKE_HAVE_LIBC_PTHREAD - Success
[2.047s] -- Found Threads: TRUE  
[2.047s] -- Found ament_lint_auto: 0.12.11 (/opt/ros/humble/share/ament_lint_auto/cmake)
[2.047s] -- Added test 'copyright' to check source files copyright and LICENSE
[2.047s] -- Added test 'cppcheck' to perform static code analysis on C / C++ code
[2.047s] -- Configured cppcheck include dirs: 
[2.048s] -- Configured cppcheck exclude dirs and/or files: 
[2.048s] -- Added test 'cpplint' to check C / C++ code against the Google style
[2.048s] -- Configured cpplint exclude dirs and/or files: 
[2.048s] -- Added test 'lint_cmake' to check CMake code style
[2.048s] -- Added test 'uncrustify' to check C / C++ code style
[2.048s] -- Configured uncrustify additional arguments: 
[2.048s] -- Added test 'xmllint' to check XML markup files
[2.048s] -- Configuring done
[2.048s] -- Generating done
[2.049s] -- Build files have been written to: /px4_uxrce/t265_px4_bridge/build/examples_rclcpp_multithreaded_executor
[2.082s] Invoked command in '/px4_uxrce/t265_px4_bridge/build/examples_rclcpp_multithreaded_executor' returned '0': CMAKE_PREFIX_PATH=/opt/ros/humble:${CMAKE_PREFIX_PATH} /usr/bin/cmake /px4_uxrce/t265_px4_bridge/src/examples/rclcpp/executors/multithreaded_executor -DCMAKE_INSTALL_PREFIX=/px4_uxrce/t265_px4_bridge/install/examples_rclcpp_multithreaded_executor
[2.084s] Invoking command in '/px4_uxrce/t265_px4_bridge/build/examples_rclcpp_multithreaded_executor': CMAKE_PREFIX_PATH=/opt/ros/humble:${CMAKE_PREFIX_PATH} /usr/bin/cmake --build /px4_uxrce/t265_px4_bridge/build/examples_rclcpp_multithreaded_executor -- -j12 -l12
[2.256s] [ 50%] [32mBuilding CXX object CMakeFiles/multithreaded_executor.dir/multithreaded_executor.cpp.o[0m
[51.639s] [100%] [32m[1mLinking CXX executable multithreaded_executor[0m
[53.273s] [100%] Built target multithreaded_executor
[53.303s] Invoked command in '/px4_uxrce/t265_px4_bridge/build/examples_rclcpp_multithreaded_executor' returned '0': CMAKE_PREFIX_PATH=/opt/ros/humble:${CMAKE_PREFIX_PATH} /usr/bin/cmake --build /px4_uxrce/t265_px4_bridge/build/examples_rclcpp_multithreaded_executor -- -j12 -l12
[53.303s] Invoking command in '/px4_uxrce/t265_px4_bridge/build/examples_rclcpp_multithreaded_executor': CMAKE_PREFIX_PATH=/opt/ros/humble:${CMAKE_PREFIX_PATH} /usr/bin/cmake --install /px4_uxrce/t265_px4_bridge/build/examples_rclcpp_multithreaded_executor
[53.318s] -- Install configuration: ""
[53.318s] -- Installing: /px4_uxrce/t265_px4_bridge/install/examples_rclcpp_multithreaded_executor/lib/examples_rclcpp_multithreaded_executor/multithreaded_executor
[53.323s] -- Set runtime path of "/px4_uxrce/t265_px4_bridge/install/examples_rclcpp_multithreaded_executor/lib/examples_rclcpp_multithreaded_executor/multithreaded_executor" to ""
[53.324s] -- Installing: /px4_uxrce/t265_px4_bridge/install/examples_rclcpp_multithreaded_executor/share/ament_index/resource_index/package_run_dependencies/examples_rclcpp_multithreaded_executor
[53.324s] -- Installing: /px4_uxrce/t265_px4_bridge/install/examples_rclcpp_multithreaded_executor/share/ament_index/resource_index/parent_prefix_path/examples_rclcpp_multithreaded_executor
[53.324s] -- Installing: /px4_uxrce/t265_px4_bridge/install/examples_rclcpp_multithreaded_executor/share/examples_rclcpp_multithreaded_executor/environment/ament_prefix_path.sh
[53.324s] -- Installing: /px4_uxrce/t265_px4_bridge/install/examples_rclcpp_multithreaded_executor/share/examples_rclcpp_multithreaded_executor/environment/ament_prefix_path.dsv
[53.324s] -- Installing: /px4_uxrce/t265_px4_bridge/install/examples_rclcpp_multithreaded_executor/share/examples_rclcpp_multithreaded_executor/environment/path.sh
[53.325s] -- Installing: /px4_uxrce/t265_px4_bridge/install/examples_rclcpp_multithreaded_executor/share/examples_rclcpp_multithreaded_executor/environment/path.dsv
[53.325s] -- Installing: /px4_uxrce/t265_px4_bridge/install/examples_rclcpp_multithreaded_executor/share/examples_rclcpp_multithreaded_executor/local_setup.bash
[53.325s] -- Installing: /px4_uxrce/t265_px4_bridge/install/examples_rclcpp_multithreaded_executor/share/examples_rclcpp_multithreaded_executor/local_setup.sh
[53.325s] -- Installing: /px4_uxrce/t265_px4_bridge/install/examples_rclcpp_multithreaded_executor/share/examples_rclcpp_multithreaded_executor/local_setup.zsh
[53.325s] -- Installing: /px4_uxrce/t265_px4_bridge/install/examples_rclcpp_multithreaded_executor/share/examples_rclcpp_multithreaded_executor/local_setup.dsv
[53.326s] -- Installing: /px4_uxrce/t265_px4_bridge/install/examples_rclcpp_multithreaded_executor/share/examples_rclcpp_multithreaded_executor/package.dsv
[53.326s] -- Installing: /px4_uxrce/t265_px4_bridge/install/examples_rclcpp_multithreaded_executor/share/ament_index/resource_index/packages/examples_rclcpp_multithreaded_executor
[53.342s] -- Installing: /px4_uxrce/t265_px4_bridge/install/examples_rclcpp_multithreaded_executor/share/examples_rclcpp_multithreaded_executor/cmake/examples_rclcpp_multithreaded_executorConfig.cmake
[53.342s] -- Installing: /px4_uxrce/t265_px4_bridge/install/examples_rclcpp_multithreaded_executor/share/examples_rclcpp_multithreaded_executor/cmake/examples_rclcpp_multithreaded_executorConfig-version.cmake
[53.343s] -- Installing: /px4_uxrce/t265_px4_bridge/install/examples_rclcpp_multithreaded_executor/share/examples_rclcpp_multithreaded_executor/package.xml
[53.350s] Invoked command in '/px4_uxrce/t265_px4_bridge/build/examples_rclcpp_multithreaded_executor' returned '0': CMAKE_PREFIX_PATH=/opt/ros/humble:${CMAKE_PREFIX_PATH} /usr/bin/cmake --install /px4_uxrce/t265_px4_bridge/build/examples_rclcpp_multithreaded_executor
