[0.121s] DEBUG:colcon:Command line arguments: ['/usr/bin/colcon', 'build']
[0.121s] DEBUG:colcon:Parsed command line arguments: Namespace(log_base=None, log_level=None, verb_name='build', build_base='build', install_base='install', merge_install=False, symlink_install=False, test_result_base=None, continue_on_error=False, executor='parallel', parallel_workers=12, event_handlers=None, ignore_user_meta=False, metas=['./colcon.meta'], base_paths=['.'], packages_ignore=None, packages_ignore_regex=None, paths=None, packages_up_to=None, packages_up_to_regex=None, packages_above=None, packages_above_and_dependencies=None, packages_above_depth=None, packages_select_by_dep=None, packages_skip_by_dep=None, packages_skip_up_to=None, packages_select_build_failed=False, packages_skip_build_finished=False, packages_select_test_failures=False, packages_skip_test_passed=False, packages_select=None, packages_skip=None, packages_select_regex=None, packages_skip_regex=None, packages_start=None, packages_end=None, cmake_args=None, cmake_target=None, cmake_target_skip_unavailable=False, cmake_clean_cache=False, cmake_clean_first=False, cmake_force_configure=False, ament_cmake_args=None, catkin_cmake_args=None, catkin_skip_building_tests=False, mixin_files=None, mixin=None, verb_parser=<colcon_mixin.mixin.mixin_argument.MixinArgumentDecorator object at 0x7f81048c1240>, verb_extension=<colcon_core.verb.build.BuildVerb object at 0x7f81048c0bb0>, main=<bound method BuildVerb.main of <colcon_core.verb.build.BuildVerb object at 0x7f81048c0bb0>>, mixin_verb=('build',))
[0.245s] Level 1:colcon.colcon_core.package_discovery:discover_packages(colcon_meta) check parameters
[0.246s] INFO:colcon.colcon_metadata.package_discovery.colcon_meta:Using configuration from '/root/.colcon/metadata/default/Gazebo.meta'
[0.247s] INFO:colcon.colcon_metadata.package_discovery.colcon_meta:Using configuration from '/root/.colcon/metadata/default/fastrtps.meta'
[0.247s] Level 1:colcon.colcon_core.package_discovery:discover_packages(recursive) check parameters
[0.247s] Level 1:colcon.colcon_core.package_discovery:discover_packages(ignore) check parameters
[0.247s] Level 1:colcon.colcon_core.package_discovery:discover_packages(path) check parameters
[0.247s] Level 1:colcon.colcon_core.package_discovery:discover_packages(colcon_meta) discover
[0.247s] Level 1:colcon.colcon_core.package_discovery:discover_packages(recursive) discover
[0.247s] INFO:colcon.colcon_core.package_discovery:Crawling recursively for packages in '/px4_uxrce/camera_ws'
[0.247s] Level 1:colcon.colcon_core.package_identification:_identify(.) by extensions ['ignore', 'ignore_ament_install']
[0.247s] Level 1:colcon.colcon_core.package_identification:_identify(.) by extension 'ignore'
[0.248s] Level 1:colcon.colcon_core.package_identification:_identify(.) by extension 'ignore_ament_install'
[0.248s] Level 1:colcon.colcon_core.package_identification:_identify(.) by extensions ['colcon_pkg']
[0.248s] Level 1:colcon.colcon_core.package_identification:_identify(.) by extension 'colcon_pkg'
[0.248s] Level 1:colcon.colcon_core.package_identification:_identify(.) by extensions ['colcon_meta']
[0.248s] Level 1:colcon.colcon_core.package_identification:_identify(.) by extension 'colcon_meta'
[0.248s] Level 1:colcon.colcon_core.package_identification:_identify(.) by extensions ['ros']
[0.248s] Level 1:colcon.colcon_core.package_identification:_identify(.) by extension 'ros'
[0.260s] Level 1:colcon.colcon_core.package_identification:_identify(.) by extensions ['cmake', 'python']
[0.260s] Level 1:colcon.colcon_core.package_identification:_identify(.) by extension 'cmake'
[0.260s] Level 1:colcon.colcon_core.package_identification:_identify(.) by extension 'python'
[0.260s] Level 1:colcon.colcon_core.package_identification:_identify(.) by extensions ['python_setup_py']
[0.260s] Level 1:colcon.colcon_core.package_identification:_identify(.) by extension 'python_setup_py'
[0.260s] Level 1:colcon.colcon_core.package_identification:_identify(build) by extensions ['ignore', 'ignore_ament_install']
[0.260s] Level 1:colcon.colcon_core.package_identification:_identify(build) by extension 'ignore'
[0.260s] Level 1:colcon.colcon_core.package_identification:_identify(build) ignored
[0.261s] Level 1:colcon.colcon_core.package_identification:_identify(install) by extensions ['ignore', 'ignore_ament_install']
[0.261s] Level 1:colcon.colcon_core.package_identification:_identify(install) by extension 'ignore'
[0.261s] Level 1:colcon.colcon_core.package_identification:_identify(install) ignored
[0.261s] Level 1:colcon.colcon_core.package_identification:_identify(librealsense) by extensions ['ignore', 'ignore_ament_install']
[0.261s] Level 1:colcon.colcon_core.package_identification:_identify(librealsense) by extension 'ignore'
[0.261s] Level 1:colcon.colcon_core.package_identification:_identify(librealsense) by extension 'ignore_ament_install'
[0.261s] Level 1:colcon.colcon_core.package_identification:_identify(librealsense) by extensions ['colcon_pkg']
[0.261s] Level 1:colcon.colcon_core.package_identification:_identify(librealsense) by extension 'colcon_pkg'
[0.261s] Level 1:colcon.colcon_core.package_identification:_identify(librealsense) by extensions ['colcon_meta']
[0.261s] Level 1:colcon.colcon_core.package_identification:_identify(librealsense) by extension 'colcon_meta'
[0.262s] Level 1:colcon.colcon_core.package_identification:_identify(librealsense) by extensions ['ros']
[0.262s] Level 1:colcon.colcon_core.package_identification:_identify(librealsense) by extension 'ros'
[0.265s] DEBUG:colcon.colcon_core.package_identification:Package 'librealsense' with type 'ros.cmake' and name 'librealsense2'
[0.265s] Level 1:colcon.colcon_core.package_identification:_identify(log) by extensions ['ignore', 'ignore_ament_install']
[0.265s] Level 1:colcon.colcon_core.package_identification:_identify(log) by extension 'ignore'
[0.265s] Level 1:colcon.colcon_core.package_identification:_identify(log) ignored
[0.265s] Level 1:colcon.colcon_core.package_identification:_identify(src) by extensions ['ignore', 'ignore_ament_install']
[0.265s] Level 1:colcon.colcon_core.package_identification:_identify(src) by extension 'ignore'
[0.265s] Level 1:colcon.colcon_core.package_identification:_identify(src) by extension 'ignore_ament_install'
[0.265s] Level 1:colcon.colcon_core.package_identification:_identify(src) by extensions ['colcon_pkg']
[0.265s] Level 1:colcon.colcon_core.package_identification:_identify(src) by extension 'colcon_pkg'
[0.265s] Level 1:colcon.colcon_core.package_identification:_identify(src) by extensions ['colcon_meta']
[0.266s] Level 1:colcon.colcon_core.package_identification:_identify(src) by extension 'colcon_meta'
[0.266s] Level 1:colcon.colcon_core.package_identification:_identify(src) by extensions ['ros']
[0.266s] Level 1:colcon.colcon_core.package_identification:_identify(src) by extension 'ros'
[0.266s] Level 1:colcon.colcon_core.package_identification:_identify(src) by extensions ['cmake', 'python']
[0.266s] Level 1:colcon.colcon_core.package_identification:_identify(src) by extension 'cmake'
[0.266s] Level 1:colcon.colcon_core.package_identification:_identify(src) by extension 'python'
[0.266s] Level 1:colcon.colcon_core.package_identification:_identify(src) by extensions ['python_setup_py']
[0.266s] Level 1:colcon.colcon_core.package_identification:_identify(src) by extension 'python_setup_py'
[0.266s] Level 1:colcon.colcon_core.package_identification:_identify(src/realsense-ros) by extensions ['ignore', 'ignore_ament_install']
[0.266s] Level 1:colcon.colcon_core.package_identification:_identify(src/realsense-ros) by extension 'ignore'
[0.266s] Level 1:colcon.colcon_core.package_identification:_identify(src/realsense-ros) by extension 'ignore_ament_install'
[0.267s] Level 1:colcon.colcon_core.package_identification:_identify(src/realsense-ros) by extensions ['colcon_pkg']
[0.267s] Level 1:colcon.colcon_core.package_identification:_identify(src/realsense-ros) by extension 'colcon_pkg'
[0.267s] Level 1:colcon.colcon_core.package_identification:_identify(src/realsense-ros) by extensions ['colcon_meta']
[0.267s] Level 1:colcon.colcon_core.package_identification:_identify(src/realsense-ros) by extension 'colcon_meta'
[0.267s] Level 1:colcon.colcon_core.package_identification:_identify(src/realsense-ros) by extensions ['ros']
[0.267s] Level 1:colcon.colcon_core.package_identification:_identify(src/realsense-ros) by extension 'ros'
[0.267s] Level 1:colcon.colcon_core.package_identification:_identify(src/realsense-ros) by extensions ['cmake', 'python']
[0.267s] Level 1:colcon.colcon_core.package_identification:_identify(src/realsense-ros) by extension 'cmake'
[0.267s] Level 1:colcon.colcon_core.package_identification:_identify(src/realsense-ros) by extension 'python'
[0.267s] Level 1:colcon.colcon_core.package_identification:_identify(src/realsense-ros) by extensions ['python_setup_py']
[0.267s] Level 1:colcon.colcon_core.package_identification:_identify(src/realsense-ros) by extension 'python_setup_py'
[0.267s] Level 1:colcon.colcon_core.package_identification:_identify(src/realsense-ros/realsense2_camera) by extensions ['ignore', 'ignore_ament_install']
[0.268s] Level 1:colcon.colcon_core.package_identification:_identify(src/realsense-ros/realsense2_camera) by extension 'ignore'
[0.268s] Level 1:colcon.colcon_core.package_identification:_identify(src/realsense-ros/realsense2_camera) by extension 'ignore_ament_install'
[0.268s] Level 1:colcon.colcon_core.package_identification:_identify(src/realsense-ros/realsense2_camera) by extensions ['colcon_pkg']
[0.268s] Level 1:colcon.colcon_core.package_identification:_identify(src/realsense-ros/realsense2_camera) by extension 'colcon_pkg'
[0.268s] Level 1:colcon.colcon_core.package_identification:_identify(src/realsense-ros/realsense2_camera) by extensions ['colcon_meta']
[0.268s] Level 1:colcon.colcon_core.package_identification:_identify(src/realsense-ros/realsense2_camera) by extension 'colcon_meta'
[0.268s] Level 1:colcon.colcon_core.package_identification:_identify(src/realsense-ros/realsense2_camera) by extensions ['ros']
[0.268s] Level 1:colcon.colcon_core.package_identification:_identify(src/realsense-ros/realsense2_camera) by extension 'ros'
[0.275s] DEBUG:colcon.colcon_core.package_identification:Package 'src/realsense-ros/realsense2_camera' with type 'ros.ament_cmake' and name 'realsense2_camera'
[0.275s] Level 1:colcon.colcon_core.package_identification:_identify(src/realsense-ros/realsense2_camera_msgs) by extensions ['ignore', 'ignore_ament_install']
[0.276s] Level 1:colcon.colcon_core.package_identification:_identify(src/realsense-ros/realsense2_camera_msgs) by extension 'ignore'
[0.276s] Level 1:colcon.colcon_core.package_identification:_identify(src/realsense-ros/realsense2_camera_msgs) by extension 'ignore_ament_install'
[0.276s] Level 1:colcon.colcon_core.package_identification:_identify(src/realsense-ros/realsense2_camera_msgs) by extensions ['colcon_pkg']
[0.276s] Level 1:colcon.colcon_core.package_identification:_identify(src/realsense-ros/realsense2_camera_msgs) by extension 'colcon_pkg'
[0.276s] Level 1:colcon.colcon_core.package_identification:_identify(src/realsense-ros/realsense2_camera_msgs) by extensions ['colcon_meta']
[0.276s] Level 1:colcon.colcon_core.package_identification:_identify(src/realsense-ros/realsense2_camera_msgs) by extension 'colcon_meta'
[0.276s] Level 1:colcon.colcon_core.package_identification:_identify(src/realsense-ros/realsense2_camera_msgs) by extensions ['ros']
[0.276s] Level 1:colcon.colcon_core.package_identification:_identify(src/realsense-ros/realsense2_camera_msgs) by extension 'ros'
[0.277s] DEBUG:colcon.colcon_core.package_identification:Package 'src/realsense-ros/realsense2_camera_msgs' with type 'ros.ament_cmake' and name 'realsense2_camera_msgs'
[0.277s] Level 1:colcon.colcon_core.package_identification:_identify(src/realsense-ros/realsense2_description) by extensions ['ignore', 'ignore_ament_install']
[0.277s] Level 1:colcon.colcon_core.package_identification:_identify(src/realsense-ros/realsense2_description) by extension 'ignore'
[0.277s] Level 1:colcon.colcon_core.package_identification:_identify(src/realsense-ros/realsense2_description) by extension 'ignore_ament_install'
[0.277s] Level 1:colcon.colcon_core.package_identification:_identify(src/realsense-ros/realsense2_description) by extensions ['colcon_pkg']
[0.277s] Level 1:colcon.colcon_core.package_identification:_identify(src/realsense-ros/realsense2_description) by extension 'colcon_pkg'
[0.277s] Level 1:colcon.colcon_core.package_identification:_identify(src/realsense-ros/realsense2_description) by extensions ['colcon_meta']
[0.277s] Level 1:colcon.colcon_core.package_identification:_identify(src/realsense-ros/realsense2_description) by extension 'colcon_meta'
[0.278s] Level 1:colcon.colcon_core.package_identification:_identify(src/realsense-ros/realsense2_description) by extensions ['ros']
[0.278s] Level 1:colcon.colcon_core.package_identification:_identify(src/realsense-ros/realsense2_description) by extension 'ros'
[0.278s] DEBUG:colcon.colcon_core.package_identification:Package 'src/realsense-ros/realsense2_description' with type 'ros.ament_cmake' and name 'realsense2_description'
[0.279s] Level 1:colcon.colcon_core.package_identification:_identify(src/realsense-ros/scripts) by extensions ['ignore', 'ignore_ament_install']
[0.279s] Level 1:colcon.colcon_core.package_identification:_identify(src/realsense-ros/scripts) by extension 'ignore'
[0.279s] Level 1:colcon.colcon_core.package_identification:_identify(src/realsense-ros/scripts) by extension 'ignore_ament_install'
[0.279s] Level 1:colcon.colcon_core.package_identification:_identify(src/realsense-ros/scripts) by extensions ['colcon_pkg']
[0.279s] Level 1:colcon.colcon_core.package_identification:_identify(src/realsense-ros/scripts) by extension 'colcon_pkg'
[0.279s] Level 1:colcon.colcon_core.package_identification:_identify(src/realsense-ros/scripts) by extensions ['colcon_meta']
[0.279s] Level 1:colcon.colcon_core.package_identification:_identify(src/realsense-ros/scripts) by extension 'colcon_meta'
[0.279s] Level 1:colcon.colcon_core.package_identification:_identify(src/realsense-ros/scripts) by extensions ['ros']
[0.279s] Level 1:colcon.colcon_core.package_identification:_identify(src/realsense-ros/scripts) by extension 'ros'
[0.279s] Level 1:colcon.colcon_core.package_identification:_identify(src/realsense-ros/scripts) by extensions ['cmake', 'python']
[0.279s] Level 1:colcon.colcon_core.package_identification:_identify(src/realsense-ros/scripts) by extension 'cmake'
[0.280s] Level 1:colcon.colcon_core.package_identification:_identify(src/realsense-ros/scripts) by extension 'python'
[0.280s] Level 1:colcon.colcon_core.package_identification:_identify(src/realsense-ros/scripts) by extensions ['python_setup_py']
[0.280s] Level 1:colcon.colcon_core.package_identification:_identify(src/realsense-ros/scripts) by extension 'python_setup_py'
[0.280s] Level 1:colcon.colcon_core.package_discovery:discover_packages(recursive) using defaults
[0.280s] Level 1:colcon.colcon_core.package_discovery:discover_packages(ignore) discover
[0.280s] Level 1:colcon.colcon_core.package_discovery:discover_packages(ignore) using defaults
[0.280s] Level 1:colcon.colcon_core.package_discovery:discover_packages(path) discover
[0.280s] Level 1:colcon.colcon_core.package_discovery:discover_packages(path) using defaults
[0.301s] Level 5:colcon.colcon_core.verb:set package 'librealsense2' build argument 'cmake_args' from command line to 'None'
[0.301s] Level 5:colcon.colcon_core.verb:set package 'librealsense2' build argument 'cmake_target' from command line to 'None'
[0.302s] Level 5:colcon.colcon_core.verb:set package 'librealsense2' build argument 'cmake_target_skip_unavailable' from command line to 'False'
[0.302s] Level 5:colcon.colcon_core.verb:set package 'librealsense2' build argument 'cmake_clean_cache' from command line to 'False'
[0.302s] Level 5:colcon.colcon_core.verb:set package 'librealsense2' build argument 'cmake_clean_first' from command line to 'False'
[0.302s] Level 5:colcon.colcon_core.verb:set package 'librealsense2' build argument 'cmake_force_configure' from command line to 'False'
[0.302s] Level 5:colcon.colcon_core.verb:set package 'librealsense2' build argument 'ament_cmake_args' from command line to 'None'
[0.302s] Level 5:colcon.colcon_core.verb:set package 'librealsense2' build argument 'catkin_cmake_args' from command line to 'None'
[0.302s] Level 5:colcon.colcon_core.verb:set package 'librealsense2' build argument 'catkin_skip_building_tests' from command line to 'False'
[0.302s] DEBUG:colcon.colcon_core.verb:Building package 'librealsense2' with the following arguments: {'ament_cmake_args': None, 'build_base': '/px4_uxrce/camera_ws/build/librealsense2', 'catkin_cmake_args': None, 'catkin_skip_building_tests': False, 'cmake_args': None, 'cmake_clean_cache': False, 'cmake_clean_first': False, 'cmake_force_configure': False, 'cmake_target': None, 'cmake_target_skip_unavailable': False, 'install_base': '/px4_uxrce/camera_ws/install/librealsense2', 'merge_install': False, 'path': '/px4_uxrce/camera_ws/librealsense', 'symlink_install': False, 'test_result_base': None}
[0.302s] Level 5:colcon.colcon_core.verb:set package 'realsense2_camera_msgs' build argument 'cmake_args' from command line to 'None'
[0.302s] Level 5:colcon.colcon_core.verb:set package 'realsense2_camera_msgs' build argument 'cmake_target' from command line to 'None'
[0.302s] Level 5:colcon.colcon_core.verb:set package 'realsense2_camera_msgs' build argument 'cmake_target_skip_unavailable' from command line to 'False'
[0.302s] Level 5:colcon.colcon_core.verb:set package 'realsense2_camera_msgs' build argument 'cmake_clean_cache' from command line to 'False'
[0.303s] Level 5:colcon.colcon_core.verb:set package 'realsense2_camera_msgs' build argument 'cmake_clean_first' from command line to 'False'
[0.303s] Level 5:colcon.colcon_core.verb:set package 'realsense2_camera_msgs' build argument 'cmake_force_configure' from command line to 'False'
[0.303s] Level 5:colcon.colcon_core.verb:set package 'realsense2_camera_msgs' build argument 'ament_cmake_args' from command line to 'None'
[0.303s] Level 5:colcon.colcon_core.verb:set package 'realsense2_camera_msgs' build argument 'catkin_cmake_args' from command line to 'None'
[0.303s] Level 5:colcon.colcon_core.verb:set package 'realsense2_camera_msgs' build argument 'catkin_skip_building_tests' from command line to 'False'
[0.303s] DEBUG:colcon.colcon_core.verb:Building package 'realsense2_camera_msgs' with the following arguments: {'ament_cmake_args': None, 'build_base': '/px4_uxrce/camera_ws/build/realsense2_camera_msgs', 'catkin_cmake_args': None, 'catkin_skip_building_tests': False, 'cmake_args': None, 'cmake_clean_cache': False, 'cmake_clean_first': False, 'cmake_force_configure': False, 'cmake_target': None, 'cmake_target_skip_unavailable': False, 'install_base': '/px4_uxrce/camera_ws/install/realsense2_camera_msgs', 'merge_install': False, 'path': '/px4_uxrce/camera_ws/src/realsense-ros/realsense2_camera_msgs', 'symlink_install': False, 'test_result_base': None}
[0.303s] Level 5:colcon.colcon_core.verb:set package 'realsense2_camera' build argument 'cmake_args' from command line to 'None'
[0.303s] Level 5:colcon.colcon_core.verb:set package 'realsense2_camera' build argument 'cmake_target' from command line to 'None'
[0.303s] Level 5:colcon.colcon_core.verb:set package 'realsense2_camera' build argument 'cmake_target_skip_unavailable' from command line to 'False'
[0.303s] Level 5:colcon.colcon_core.verb:set package 'realsense2_camera' build argument 'cmake_clean_cache' from command line to 'False'
[0.303s] Level 5:colcon.colcon_core.verb:set package 'realsense2_camera' build argument 'cmake_clean_first' from command line to 'False'
[0.303s] Level 5:colcon.colcon_core.verb:set package 'realsense2_camera' build argument 'cmake_force_configure' from command line to 'False'
[0.304s] Level 5:colcon.colcon_core.verb:set package 'realsense2_camera' build argument 'ament_cmake_args' from command line to 'None'
[0.304s] Level 5:colcon.colcon_core.verb:set package 'realsense2_camera' build argument 'catkin_cmake_args' from command line to 'None'
[0.304s] Level 5:colcon.colcon_core.verb:set package 'realsense2_camera' build argument 'catkin_skip_building_tests' from command line to 'False'
[0.304s] DEBUG:colcon.colcon_core.verb:Building package 'realsense2_camera' with the following arguments: {'ament_cmake_args': None, 'build_base': '/px4_uxrce/camera_ws/build/realsense2_camera', 'catkin_cmake_args': None, 'catkin_skip_building_tests': False, 'cmake_args': None, 'cmake_clean_cache': False, 'cmake_clean_first': False, 'cmake_force_configure': False, 'cmake_target': None, 'cmake_target_skip_unavailable': False, 'install_base': '/px4_uxrce/camera_ws/install/realsense2_camera', 'merge_install': False, 'path': '/px4_uxrce/camera_ws/src/realsense-ros/realsense2_camera', 'symlink_install': False, 'test_result_base': None}
[0.304s] Level 5:colcon.colcon_core.verb:set package 'realsense2_description' build argument 'cmake_args' from command line to 'None'
[0.304s] Level 5:colcon.colcon_core.verb:set package 'realsense2_description' build argument 'cmake_target' from command line to 'None'
[0.304s] Level 5:colcon.colcon_core.verb:set package 'realsense2_description' build argument 'cmake_target_skip_unavailable' from command line to 'False'
[0.304s] Level 5:colcon.colcon_core.verb:set package 'realsense2_description' build argument 'cmake_clean_cache' from command line to 'False'
[0.304s] Level 5:colcon.colcon_core.verb:set package 'realsense2_description' build argument 'cmake_clean_first' from command line to 'False'
[0.304s] Level 5:colcon.colcon_core.verb:set package 'realsense2_description' build argument 'cmake_force_configure' from command line to 'False'
[0.304s] Level 5:colcon.colcon_core.verb:set package 'realsense2_description' build argument 'ament_cmake_args' from command line to 'None'
[0.304s] Level 5:colcon.colcon_core.verb:set package 'realsense2_description' build argument 'catkin_cmake_args' from command line to 'None'
[0.304s] Level 5:colcon.colcon_core.verb:set package 'realsense2_description' build argument 'catkin_skip_building_tests' from command line to 'False'
[0.305s] DEBUG:colcon.colcon_core.verb:Building package 'realsense2_description' with the following arguments: {'ament_cmake_args': None, 'build_base': '/px4_uxrce/camera_ws/build/realsense2_description', 'catkin_cmake_args': None, 'catkin_skip_building_tests': False, 'cmake_args': None, 'cmake_clean_cache': False, 'cmake_clean_first': False, 'cmake_force_configure': False, 'cmake_target': None, 'cmake_target_skip_unavailable': False, 'install_base': '/px4_uxrce/camera_ws/install/realsense2_description', 'merge_install': False, 'path': '/px4_uxrce/camera_ws/src/realsense-ros/realsense2_description', 'symlink_install': False, 'test_result_base': None}
[0.305s] INFO:colcon.colcon_core.executor:Executing jobs using 'parallel' executor
[0.306s] DEBUG:colcon.colcon_parallel_executor.executor.parallel:run_until_complete
[0.306s] INFO:colcon.colcon_ros.task.ament_cmake.build:Building ROS package in '/px4_uxrce/camera_ws/src/realsense-ros/realsense2_camera_msgs' with build type 'ament_cmake'
[0.306s] INFO:colcon.colcon_cmake.task.cmake.build:Building CMake package in '/px4_uxrce/camera_ws/src/realsense-ros/realsense2_camera_msgs'
[0.308s] INFO:colcon.colcon_core.plugin_system:Skipping extension 'colcon_core.shell.bat': Not used on non-Windows systems
[0.309s] INFO:colcon.colcon_core.shell:Skip shell extension 'powershell' for command environment: Not usable outside of PowerShell
[0.309s] DEBUG:colcon.colcon_core.shell:Skip shell extension 'dsv' for command environment
[0.312s] INFO:colcon.colcon_ros.task.cmake.build:Building ROS package in '/px4_uxrce/camera_ws/librealsense' with build type 'cmake'
[0.313s] INFO:colcon.colcon_cmake.task.cmake.build:Building CMake package in '/px4_uxrce/camera_ws/librealsense'
[0.313s] INFO:colcon.colcon_core.shell:Skip shell extension 'powershell' for command environment: Not usable outside of PowerShell
[0.313s] DEBUG:colcon.colcon_core.shell:Skip shell extension 'dsv' for command environment
[0.321s] DEBUG:colcon.colcon_core.event_handler.log_command:Invoking command in '/px4_uxrce/camera_ws/build/realsense2_camera_msgs': CMAKE_PREFIX_PATH=/opt/ros/humble /usr/bin/cmake --build /px4_uxrce/camera_ws/build/realsense2_camera_msgs -- -j12 -l12
[0.326s] DEBUG:colcon.colcon_core.event_handler.log_command:Invoking command in '/px4_uxrce/camera_ws/build/librealsense2': CMAKE_PREFIX_PATH=/opt/ros/humble /usr/bin/cmake --build /px4_uxrce/camera_ws/build/librealsense2 -- -j12 -l12
[0.682s] DEBUG:colcon.colcon_core.event_handler.log_command:Invoked command in '/px4_uxrce/camera_ws/build/librealsense2' returned '0': CMAKE_PREFIX_PATH=/opt/ros/humble /usr/bin/cmake --build /px4_uxrce/camera_ws/build/librealsense2 -- -j12 -l12
[0.690s] DEBUG:colcon.colcon_core.event_handler.log_command:Invoking command in '/px4_uxrce/camera_ws/build/librealsense2': CMAKE_PREFIX_PATH=/opt/ros/humble /usr/bin/cmake --install /px4_uxrce/camera_ws/build/librealsense2
[0.750s] DEBUG:colcon.colcon_core.event_handler.log_command:Invoked command in '/px4_uxrce/camera_ws/build/realsense2_camera_msgs' returned '0': CMAKE_PREFIX_PATH=/opt/ros/humble /usr/bin/cmake --build /px4_uxrce/camera_ws/build/realsense2_camera_msgs -- -j12 -l12
[0.751s] DEBUG:colcon.colcon_core.event_handler.log_command:Invoking command in '/px4_uxrce/camera_ws/build/realsense2_camera_msgs': CMAKE_PREFIX_PATH=/opt/ros/humble /usr/bin/cmake --install /px4_uxrce/camera_ws/build/realsense2_camera_msgs
[0.784s] DEBUG:colcon.colcon_core.event_handler.log_command:Invoked command in '/px4_uxrce/camera_ws/build/librealsense2' returned '0': CMAKE_PREFIX_PATH=/opt/ros/humble /usr/bin/cmake --install /px4_uxrce/camera_ws/build/librealsense2
[0.785s] Level 1:colcon.colcon_core.shell:create_environment_hook('librealsense2', 'pkg_config_path')
[0.786s] INFO:colcon.colcon_core.shell:Creating environment hook '/px4_uxrce/camera_ws/install/librealsense2/share/librealsense2/hook/pkg_config_path.ps1'
[0.787s] INFO:colcon.colcon_core.shell:Creating environment descriptor '/px4_uxrce/camera_ws/install/librealsense2/share/librealsense2/hook/pkg_config_path.dsv'
[0.787s] INFO:colcon.colcon_core.shell:Creating environment hook '/px4_uxrce/camera_ws/install/librealsense2/share/librealsense2/hook/pkg_config_path.sh'
[0.789s] Level 1:colcon.colcon_core.shell:create_environment_hook('librealsense2', 'pkg_config_path_multiarch')
[0.790s] INFO:colcon.colcon_core.shell:Creating environment hook '/px4_uxrce/camera_ws/install/librealsense2/share/librealsense2/hook/pkg_config_path_multiarch.ps1'
[0.790s] INFO:colcon.colcon_core.shell:Creating environment descriptor '/px4_uxrce/camera_ws/install/librealsense2/share/librealsense2/hook/pkg_config_path_multiarch.dsv'
[0.791s] INFO:colcon.colcon_core.shell:Creating environment hook '/px4_uxrce/camera_ws/install/librealsense2/share/librealsense2/hook/pkg_config_path_multiarch.sh'
[0.791s] Level 1:colcon.colcon_core.environment:create_environment_scripts_only(librealsense2)
[0.794s] Level 1:colcon.colcon_core.environment:checking '/px4_uxrce/camera_ws/install/librealsense2' for CMake module files
[0.795s] Level 1:colcon.colcon_core.environment:checking '/px4_uxrce/camera_ws/install/librealsense2' for CMake config files
[0.796s] Level 1:colcon.colcon_core.shell:create_environment_hook('librealsense2', 'cmake_prefix_path')
[0.796s] INFO:colcon.colcon_core.shell:Creating environment hook '/px4_uxrce/camera_ws/install/librealsense2/share/librealsense2/hook/cmake_prefix_path.ps1'
[0.797s] INFO:colcon.colcon_core.shell:Creating environment descriptor '/px4_uxrce/camera_ws/install/librealsense2/share/librealsense2/hook/cmake_prefix_path.dsv'
[0.797s] INFO:colcon.colcon_core.shell:Creating environment hook '/px4_uxrce/camera_ws/install/librealsense2/share/librealsense2/hook/cmake_prefix_path.sh'
[0.798s] Level 1:colcon.colcon_core.environment:checking '/px4_uxrce/camera_ws/install/librealsense2/lib'
[0.798s] Level 1:colcon.colcon_core.shell:create_environment_hook('librealsense2', 'ld_library_path_lib')
[0.799s] INFO:colcon.colcon_core.shell:Creating environment hook '/px4_uxrce/camera_ws/install/librealsense2/share/librealsense2/hook/ld_library_path_lib.ps1'
[0.799s] INFO:colcon.colcon_core.shell:Creating environment descriptor '/px4_uxrce/camera_ws/install/librealsense2/share/librealsense2/hook/ld_library_path_lib.dsv'
[0.800s] INFO:colcon.colcon_core.shell:Creating environment hook '/px4_uxrce/camera_ws/install/librealsense2/share/librealsense2/hook/ld_library_path_lib.sh'
[0.800s] Level 1:colcon.colcon_core.environment:checking '/px4_uxrce/camera_ws/install/librealsense2/bin'
[0.800s] Level 1:colcon.colcon_core.shell:create_environment_hook('librealsense2', 'path')
[0.801s] INFO:colcon.colcon_core.shell:Creating environment hook '/px4_uxrce/camera_ws/install/librealsense2/share/librealsense2/hook/path.ps1'
[0.801s] INFO:colcon.colcon_core.shell:Creating environment descriptor '/px4_uxrce/camera_ws/install/librealsense2/share/librealsense2/hook/path.dsv'
[0.802s] INFO:colcon.colcon_core.shell:Creating environment hook '/px4_uxrce/camera_ws/install/librealsense2/share/librealsense2/hook/path.sh'
[0.802s] Level 1:colcon.colcon_core.environment:checking '/px4_uxrce/camera_ws/install/librealsense2/lib/pkgconfig/librealsense2.pc'
[0.804s] Level 1:colcon.colcon_core.environment:checking '/px4_uxrce/camera_ws/install/librealsense2/lib/python3.10/site-packages'
[0.805s] Level 1:colcon.colcon_core.environment:checking '/px4_uxrce/camera_ws/install/librealsense2/bin'
[0.805s] Level 1:colcon.colcon_core.shell:create_environment_hook('librealsense2', 'pythonscriptspath')
[0.806s] INFO:colcon.colcon_core.shell:Creating environment hook '/px4_uxrce/camera_ws/install/librealsense2/share/librealsense2/hook/pythonscriptspath.ps1'
[0.807s] INFO:colcon.colcon_core.shell:Creating environment descriptor '/px4_uxrce/camera_ws/install/librealsense2/share/librealsense2/hook/pythonscriptspath.dsv'
[0.807s] INFO:colcon.colcon_core.shell:Creating environment hook '/px4_uxrce/camera_ws/install/librealsense2/share/librealsense2/hook/pythonscriptspath.sh'
[0.810s] INFO:colcon.colcon_core.shell:Creating package script '/px4_uxrce/camera_ws/install/librealsense2/share/librealsense2/package.ps1'
[0.813s] INFO:colcon.colcon_core.shell:Creating package descriptor '/px4_uxrce/camera_ws/install/librealsense2/share/librealsense2/package.dsv'
[0.814s] INFO:colcon.colcon_core.shell:Creating package script '/px4_uxrce/camera_ws/install/librealsense2/share/librealsense2/package.sh'
[0.816s] INFO:colcon.colcon_core.shell:Creating package script '/px4_uxrce/camera_ws/install/librealsense2/share/librealsense2/package.bash'
[0.818s] INFO:colcon.colcon_core.shell:Creating package script '/px4_uxrce/camera_ws/install/librealsense2/share/librealsense2/package.zsh'
[0.819s] Level 1:colcon.colcon_core.environment:create_file_with_runtime_dependencies(/px4_uxrce/camera_ws/install/librealsense2/share/colcon-core/packages/librealsense2)
[0.821s] Level 1:colcon.colcon_core.environment:create_environment_scripts_only(realsense2_camera_msgs)
[0.821s] Level 1:colcon.colcon_core.environment:checking '/px4_uxrce/camera_ws/install/realsense2_camera_msgs' for CMake module files
[0.824s] Level 1:colcon.colcon_core.environment:checking '/px4_uxrce/camera_ws/install/realsense2_camera_msgs' for CMake config files
[0.827s] DEBUG:colcon.colcon_core.event_handler.log_command:Invoked command in '/px4_uxrce/camera_ws/build/realsense2_camera_msgs' returned '0': CMAKE_PREFIX_PATH=/opt/ros/humble /usr/bin/cmake --install /px4_uxrce/camera_ws/build/realsense2_camera_msgs
[0.827s] Level 1:colcon.colcon_core.shell:create_environment_hook('realsense2_camera_msgs', 'cmake_prefix_path')
[0.827s] INFO:colcon.colcon_core.shell:Creating environment hook '/px4_uxrce/camera_ws/install/realsense2_camera_msgs/share/realsense2_camera_msgs/hook/cmake_prefix_path.ps1'
[0.828s] INFO:colcon.colcon_core.shell:Creating environment descriptor '/px4_uxrce/camera_ws/install/realsense2_camera_msgs/share/realsense2_camera_msgs/hook/cmake_prefix_path.dsv'
[0.828s] INFO:colcon.colcon_core.shell:Creating environment hook '/px4_uxrce/camera_ws/install/realsense2_camera_msgs/share/realsense2_camera_msgs/hook/cmake_prefix_path.sh'
[0.829s] Level 1:colcon.colcon_core.environment:checking '/px4_uxrce/camera_ws/install/realsense2_camera_msgs/lib'
[0.829s] Level 1:colcon.colcon_core.shell:create_environment_hook('realsense2_camera_msgs', 'ld_library_path_lib')
[0.829s] INFO:colcon.colcon_core.shell:Creating environment hook '/px4_uxrce/camera_ws/install/realsense2_camera_msgs/share/realsense2_camera_msgs/hook/ld_library_path_lib.ps1'
[0.830s] INFO:colcon.colcon_core.shell:Creating environment descriptor '/px4_uxrce/camera_ws/install/realsense2_camera_msgs/share/realsense2_camera_msgs/hook/ld_library_path_lib.dsv'
[0.830s] INFO:colcon.colcon_core.shell:Creating environment hook '/px4_uxrce/camera_ws/install/realsense2_camera_msgs/share/realsense2_camera_msgs/hook/ld_library_path_lib.sh'
[0.831s] Level 1:colcon.colcon_core.environment:checking '/px4_uxrce/camera_ws/install/realsense2_camera_msgs/bin'
[0.831s] Level 1:colcon.colcon_core.environment:checking '/px4_uxrce/camera_ws/install/realsense2_camera_msgs/lib/pkgconfig/realsense2_camera_msgs.pc'
[0.831s] Level 1:colcon.colcon_core.environment:checking '/px4_uxrce/camera_ws/install/realsense2_camera_msgs/lib/python3.10/site-packages'
[0.831s] Level 1:colcon.colcon_core.environment:checking '/px4_uxrce/camera_ws/install/realsense2_camera_msgs/bin'
[0.832s] INFO:colcon.colcon_core.shell:Creating package script '/px4_uxrce/camera_ws/install/realsense2_camera_msgs/share/realsense2_camera_msgs/package.ps1'
[0.832s] INFO:colcon.colcon_core.shell:Creating package descriptor '/px4_uxrce/camera_ws/install/realsense2_camera_msgs/share/realsense2_camera_msgs/package.dsv'
[0.833s] INFO:colcon.colcon_core.shell:Creating package script '/px4_uxrce/camera_ws/install/realsense2_camera_msgs/share/realsense2_camera_msgs/package.sh'
[0.834s] INFO:colcon.colcon_core.shell:Creating package script '/px4_uxrce/camera_ws/install/realsense2_camera_msgs/share/realsense2_camera_msgs/package.bash'
[0.834s] INFO:colcon.colcon_core.shell:Creating package script '/px4_uxrce/camera_ws/install/realsense2_camera_msgs/share/realsense2_camera_msgs/package.zsh'
[0.834s] Level 1:colcon.colcon_core.environment:create_file_with_runtime_dependencies(/px4_uxrce/camera_ws/install/realsense2_camera_msgs/share/colcon-core/packages/realsense2_camera_msgs)
[0.835s] Level 1:colcon.colcon_core.environment:create_environment_scripts_only(realsense2_camera_msgs)
[0.835s] Level 1:colcon.colcon_core.environment:checking '/px4_uxrce/camera_ws/install/realsense2_camera_msgs' for CMake module files
[0.836s] Level 1:colcon.colcon_core.environment:checking '/px4_uxrce/camera_ws/install/realsense2_camera_msgs' for CMake config files
[0.836s] Level 1:colcon.colcon_core.shell:create_environment_hook('realsense2_camera_msgs', 'cmake_prefix_path')
[0.836s] INFO:colcon.colcon_core.shell:Creating environment hook '/px4_uxrce/camera_ws/install/realsense2_camera_msgs/share/realsense2_camera_msgs/hook/cmake_prefix_path.ps1'
[0.837s] INFO:colcon.colcon_core.shell:Creating environment descriptor '/px4_uxrce/camera_ws/install/realsense2_camera_msgs/share/realsense2_camera_msgs/hook/cmake_prefix_path.dsv'
[0.837s] INFO:colcon.colcon_core.shell:Creating environment hook '/px4_uxrce/camera_ws/install/realsense2_camera_msgs/share/realsense2_camera_msgs/hook/cmake_prefix_path.sh'
[0.838s] Level 1:colcon.colcon_core.environment:checking '/px4_uxrce/camera_ws/install/realsense2_camera_msgs/lib'
[0.838s] Level 1:colcon.colcon_core.shell:create_environment_hook('realsense2_camera_msgs', 'ld_library_path_lib')
[0.838s] INFO:colcon.colcon_core.shell:Creating environment hook '/px4_uxrce/camera_ws/install/realsense2_camera_msgs/share/realsense2_camera_msgs/hook/ld_library_path_lib.ps1'
[0.838s] INFO:colcon.colcon_core.shell:Creating environment descriptor '/px4_uxrce/camera_ws/install/realsense2_camera_msgs/share/realsense2_camera_msgs/hook/ld_library_path_lib.dsv'
[0.839s] INFO:colcon.colcon_core.shell:Creating environment hook '/px4_uxrce/camera_ws/install/realsense2_camera_msgs/share/realsense2_camera_msgs/hook/ld_library_path_lib.sh'
[0.839s] Level 1:colcon.colcon_core.environment:checking '/px4_uxrce/camera_ws/install/realsense2_camera_msgs/bin'
[0.839s] Level 1:colcon.colcon_core.environment:checking '/px4_uxrce/camera_ws/install/realsense2_camera_msgs/lib/pkgconfig/realsense2_camera_msgs.pc'
[0.840s] Level 1:colcon.colcon_core.environment:checking '/px4_uxrce/camera_ws/install/realsense2_camera_msgs/lib/python3.10/site-packages'
[0.840s] Level 1:colcon.colcon_core.environment:checking '/px4_uxrce/camera_ws/install/realsense2_camera_msgs/bin'
[0.840s] INFO:colcon.colcon_core.shell:Creating package script '/px4_uxrce/camera_ws/install/realsense2_camera_msgs/share/realsense2_camera_msgs/package.ps1'
[0.841s] INFO:colcon.colcon_core.shell:Creating package descriptor '/px4_uxrce/camera_ws/install/realsense2_camera_msgs/share/realsense2_camera_msgs/package.dsv'
[0.841s] INFO:colcon.colcon_core.shell:Creating package script '/px4_uxrce/camera_ws/install/realsense2_camera_msgs/share/realsense2_camera_msgs/package.sh'
[0.842s] INFO:colcon.colcon_core.shell:Creating package script '/px4_uxrce/camera_ws/install/realsense2_camera_msgs/share/realsense2_camera_msgs/package.bash'
[0.842s] INFO:colcon.colcon_core.shell:Creating package script '/px4_uxrce/camera_ws/install/realsense2_camera_msgs/share/realsense2_camera_msgs/package.zsh'
[0.843s] Level 1:colcon.colcon_core.environment:create_file_with_runtime_dependencies(/px4_uxrce/camera_ws/install/realsense2_camera_msgs/share/colcon-core/packages/realsense2_camera_msgs)
[0.843s] INFO:colcon.colcon_ros.task.ament_cmake.build:Building ROS package in '/px4_uxrce/camera_ws/src/realsense-ros/realsense2_camera' with build type 'ament_cmake'
[0.843s] INFO:colcon.colcon_cmake.task.cmake.build:Building CMake package in '/px4_uxrce/camera_ws/src/realsense-ros/realsense2_camera'
[0.844s] INFO:colcon.colcon_core.shell:Skip shell extension 'powershell' for command environment: Not usable outside of PowerShell
[0.844s] DEBUG:colcon.colcon_core.shell:Skip shell extension 'dsv' for command environment
[0.847s] INFO:colcon.colcon_ros.task.ament_cmake.build:Building ROS package in '/px4_uxrce/camera_ws/src/realsense-ros/realsense2_description' with build type 'ament_cmake'
[0.847s] INFO:colcon.colcon_cmake.task.cmake.build:Building CMake package in '/px4_uxrce/camera_ws/src/realsense-ros/realsense2_description'
[0.847s] INFO:colcon.colcon_core.shell:Skip shell extension 'powershell' for command environment: Not usable outside of PowerShell
[0.847s] DEBUG:colcon.colcon_core.shell:Skip shell extension 'dsv' for command environment
[0.857s] DEBUG:colcon.colcon_core.event_handler.log_command:Invoking command in '/px4_uxrce/camera_ws/build/realsense2_camera': AMENT_PREFIX_PATH=/px4_uxrce/camera_ws/install/realsense2_camera_msgs:${AMENT_PREFIX_PATH} CMAKE_PREFIX_PATH=/px4_uxrce/camera_ws/install/realsense2_camera_msgs:/px4_uxrce/camera_ws/install/librealsense2:/opt/ros/humble LD_LIBRARY_PATH=/px4_uxrce/camera_ws/install/realsense2_camera_msgs/lib:/px4_uxrce/camera_ws/install/librealsense2/lib:${LD_LIBRARY_PATH} PATH=/px4_uxrce/camera_ws/install/librealsense2/bin:${PATH} PKG_CONFIG_PATH=/px4_uxrce/camera_ws/install/librealsense2/lib/x86_64-linux-gnu/pkgconfig:/px4_uxrce/camera_ws/install/librealsense2/lib/pkgconfig PYTHONPATH=/px4_uxrce/camera_ws/install/realsense2_camera_msgs/local/lib/python3.10/dist-packages:${PYTHONPATH} /usr/bin/cmake /px4_uxrce/camera_ws/src/realsense-ros/realsense2_camera -DCMAKE_INSTALL_PREFIX=/px4_uxrce/camera_ws/install/realsense2_camera
[0.860s] DEBUG:colcon.colcon_core.event_handler.log_command:Invoking command in '/px4_uxrce/camera_ws/build/realsense2_description': AMENT_PREFIX_PATH=/px4_uxrce/camera_ws/install/realsense2_camera_msgs:${AMENT_PREFIX_PATH} CMAKE_PREFIX_PATH=/px4_uxrce/camera_ws/install/realsense2_camera_msgs:/opt/ros/humble LD_LIBRARY_PATH=/px4_uxrce/camera_ws/install/realsense2_camera_msgs/lib:${LD_LIBRARY_PATH} PYTHONPATH=/px4_uxrce/camera_ws/install/realsense2_camera_msgs/local/lib/python3.10/dist-packages:${PYTHONPATH} /usr/bin/cmake --build /px4_uxrce/camera_ws/build/realsense2_description -- -j12 -l12
[0.892s] DEBUG:colcon.colcon_core.event_handler.log_command:Invoked command in '/px4_uxrce/camera_ws/build/realsense2_description' returned '0': AMENT_PREFIX_PATH=/px4_uxrce/camera_ws/install/realsense2_camera_msgs:${AMENT_PREFIX_PATH} CMAKE_PREFIX_PATH=/px4_uxrce/camera_ws/install/realsense2_camera_msgs:/opt/ros/humble LD_LIBRARY_PATH=/px4_uxrce/camera_ws/install/realsense2_camera_msgs/lib:${LD_LIBRARY_PATH} PYTHONPATH=/px4_uxrce/camera_ws/install/realsense2_camera_msgs/local/lib/python3.10/dist-packages:${PYTHONPATH} /usr/bin/cmake --build /px4_uxrce/camera_ws/build/realsense2_description -- -j12 -l12
[0.894s] DEBUG:colcon.colcon_core.event_handler.log_command:Invoking command in '/px4_uxrce/camera_ws/build/realsense2_description': AMENT_PREFIX_PATH=/px4_uxrce/camera_ws/install/realsense2_camera_msgs:${AMENT_PREFIX_PATH} CMAKE_PREFIX_PATH=/px4_uxrce/camera_ws/install/realsense2_camera_msgs:/opt/ros/humble LD_LIBRARY_PATH=/px4_uxrce/camera_ws/install/realsense2_camera_msgs/lib:${LD_LIBRARY_PATH} PYTHONPATH=/px4_uxrce/camera_ws/install/realsense2_camera_msgs/local/lib/python3.10/dist-packages:${PYTHONPATH} /usr/bin/cmake --install /px4_uxrce/camera_ws/build/realsense2_description
[0.903s] Level 1:colcon.colcon_core.environment:create_environment_scripts_only(realsense2_description)
[0.903s] Level 1:colcon.colcon_core.environment:checking '/px4_uxrce/camera_ws/install/realsense2_description' for CMake module files
[0.904s] Level 1:colcon.colcon_core.environment:checking '/px4_uxrce/camera_ws/install/realsense2_description' for CMake config files
[0.905s] DEBUG:colcon.colcon_core.event_handler.log_command:Invoked command in '/px4_uxrce/camera_ws/build/realsense2_description' returned '0': AMENT_PREFIX_PATH=/px4_uxrce/camera_ws/install/realsense2_camera_msgs:${AMENT_PREFIX_PATH} CMAKE_PREFIX_PATH=/px4_uxrce/camera_ws/install/realsense2_camera_msgs:/opt/ros/humble LD_LIBRARY_PATH=/px4_uxrce/camera_ws/install/realsense2_camera_msgs/lib:${LD_LIBRARY_PATH} PYTHONPATH=/px4_uxrce/camera_ws/install/realsense2_camera_msgs/local/lib/python3.10/dist-packages:${PYTHONPATH} /usr/bin/cmake --install /px4_uxrce/camera_ws/build/realsense2_description
[0.906s] Level 1:colcon.colcon_core.shell:create_environment_hook('realsense2_description', 'cmake_prefix_path')
[0.906s] INFO:colcon.colcon_core.shell:Creating environment hook '/px4_uxrce/camera_ws/install/realsense2_description/share/realsense2_description/hook/cmake_prefix_path.ps1'
[0.907s] INFO:colcon.colcon_core.shell:Creating environment descriptor '/px4_uxrce/camera_ws/install/realsense2_description/share/realsense2_description/hook/cmake_prefix_path.dsv'
[0.908s] INFO:colcon.colcon_core.shell:Creating environment hook '/px4_uxrce/camera_ws/install/realsense2_description/share/realsense2_description/hook/cmake_prefix_path.sh'
[0.908s] Level 1:colcon.colcon_core.environment:checking '/px4_uxrce/camera_ws/install/realsense2_description/bin'
[0.908s] Level 1:colcon.colcon_core.environment:checking '/px4_uxrce/camera_ws/install/realsense2_description/lib/pkgconfig/realsense2_description.pc'
[0.909s] Level 1:colcon.colcon_core.environment:checking '/px4_uxrce/camera_ws/install/realsense2_description/lib/python3.10/site-packages'
[0.909s] Level 1:colcon.colcon_core.environment:checking '/px4_uxrce/camera_ws/install/realsense2_description/bin'
[0.910s] INFO:colcon.colcon_core.shell:Creating package script '/px4_uxrce/camera_ws/install/realsense2_description/share/realsense2_description/package.ps1'
[0.910s] INFO:colcon.colcon_core.shell:Creating package descriptor '/px4_uxrce/camera_ws/install/realsense2_description/share/realsense2_description/package.dsv'
[0.911s] INFO:colcon.colcon_core.shell:Creating package script '/px4_uxrce/camera_ws/install/realsense2_description/share/realsense2_description/package.sh'
[0.912s] INFO:colcon.colcon_core.shell:Creating package script '/px4_uxrce/camera_ws/install/realsense2_description/share/realsense2_description/package.bash'
[0.912s] INFO:colcon.colcon_core.shell:Creating package script '/px4_uxrce/camera_ws/install/realsense2_description/share/realsense2_description/package.zsh'
[0.913s] Level 1:colcon.colcon_core.environment:create_file_with_runtime_dependencies(/px4_uxrce/camera_ws/install/realsense2_description/share/colcon-core/packages/realsense2_description)
[0.914s] Level 1:colcon.colcon_core.environment:create_environment_scripts_only(realsense2_description)
[0.914s] Level 1:colcon.colcon_core.environment:checking '/px4_uxrce/camera_ws/install/realsense2_description' for CMake module files
[0.915s] Level 1:colcon.colcon_core.environment:checking '/px4_uxrce/camera_ws/install/realsense2_description' for CMake config files
[0.915s] Level 1:colcon.colcon_core.shell:create_environment_hook('realsense2_description', 'cmake_prefix_path')
[0.916s] INFO:colcon.colcon_core.shell:Creating environment hook '/px4_uxrce/camera_ws/install/realsense2_description/share/realsense2_description/hook/cmake_prefix_path.ps1'
[0.916s] INFO:colcon.colcon_core.shell:Creating environment descriptor '/px4_uxrce/camera_ws/install/realsense2_description/share/realsense2_description/hook/cmake_prefix_path.dsv'
[0.917s] INFO:colcon.colcon_core.shell:Creating environment hook '/px4_uxrce/camera_ws/install/realsense2_description/share/realsense2_description/hook/cmake_prefix_path.sh'
[0.917s] Level 1:colcon.colcon_core.environment:checking '/px4_uxrce/camera_ws/install/realsense2_description/bin'
[0.918s] Level 1:colcon.colcon_core.environment:checking '/px4_uxrce/camera_ws/install/realsense2_description/lib/pkgconfig/realsense2_description.pc'
[0.918s] Level 1:colcon.colcon_core.environment:checking '/px4_uxrce/camera_ws/install/realsense2_description/lib/python3.10/site-packages'
[0.918s] Level 1:colcon.colcon_core.environment:checking '/px4_uxrce/camera_ws/install/realsense2_description/bin'
[0.919s] INFO:colcon.colcon_core.shell:Creating package script '/px4_uxrce/camera_ws/install/realsense2_description/share/realsense2_description/package.ps1'
[0.919s] INFO:colcon.colcon_core.shell:Creating package descriptor '/px4_uxrce/camera_ws/install/realsense2_description/share/realsense2_description/package.dsv'
[0.920s] INFO:colcon.colcon_core.shell:Creating package script '/px4_uxrce/camera_ws/install/realsense2_description/share/realsense2_description/package.sh'
[0.920s] INFO:colcon.colcon_core.shell:Creating package script '/px4_uxrce/camera_ws/install/realsense2_description/share/realsense2_description/package.bash'
[0.920s] INFO:colcon.colcon_core.shell:Creating package script '/px4_uxrce/camera_ws/install/realsense2_description/share/realsense2_description/package.zsh'
[0.921s] Level 1:colcon.colcon_core.environment:create_file_with_runtime_dependencies(/px4_uxrce/camera_ws/install/realsense2_description/share/colcon-core/packages/realsense2_description)
[4.572s] DEBUG:colcon.colcon_core.event_handler.log_command:Invoked command in '/px4_uxrce/camera_ws/build/realsense2_camera' returned '0': AMENT_PREFIX_PATH=/px4_uxrce/camera_ws/install/realsense2_camera_msgs:${AMENT_PREFIX_PATH} CMAKE_PREFIX_PATH=/px4_uxrce/camera_ws/install/realsense2_camera_msgs:/px4_uxrce/camera_ws/install/librealsense2:/opt/ros/humble LD_LIBRARY_PATH=/px4_uxrce/camera_ws/install/realsense2_camera_msgs/lib:/px4_uxrce/camera_ws/install/librealsense2/lib:${LD_LIBRARY_PATH} PATH=/px4_uxrce/camera_ws/install/librealsense2/bin:${PATH} PKG_CONFIG_PATH=/px4_uxrce/camera_ws/install/librealsense2/lib/x86_64-linux-gnu/pkgconfig:/px4_uxrce/camera_ws/install/librealsense2/lib/pkgconfig PYTHONPATH=/px4_uxrce/camera_ws/install/realsense2_camera_msgs/local/lib/python3.10/dist-packages:${PYTHONPATH} /usr/bin/cmake /px4_uxrce/camera_ws/src/realsense-ros/realsense2_camera -DCMAKE_INSTALL_PREFIX=/px4_uxrce/camera_ws/install/realsense2_camera
[4.574s] DEBUG:colcon.colcon_core.event_handler.log_command:Invoking command in '/px4_uxrce/camera_ws/build/realsense2_camera': AMENT_PREFIX_PATH=/px4_uxrce/camera_ws/install/realsense2_camera_msgs:${AMENT_PREFIX_PATH} CMAKE_PREFIX_PATH=/px4_uxrce/camera_ws/install/realsense2_camera_msgs:/px4_uxrce/camera_ws/install/librealsense2:/opt/ros/humble LD_LIBRARY_PATH=/px4_uxrce/camera_ws/install/realsense2_camera_msgs/lib:/px4_uxrce/camera_ws/install/librealsense2/lib:${LD_LIBRARY_PATH} PATH=/px4_uxrce/camera_ws/install/librealsense2/bin:${PATH} PKG_CONFIG_PATH=/px4_uxrce/camera_ws/install/librealsense2/lib/x86_64-linux-gnu/pkgconfig:/px4_uxrce/camera_ws/install/librealsense2/lib/pkgconfig PYTHONPATH=/px4_uxrce/camera_ws/install/realsense2_camera_msgs/local/lib/python3.10/dist-packages:${PYTHONPATH} /usr/bin/cmake --build /px4_uxrce/camera_ws/build/realsense2_camera -- -j12 -l12
[26.606s] DEBUG:colcon.colcon_core.event_handler.log_command:Invoked command in '/px4_uxrce/camera_ws/build/realsense2_camera' returned '0': AMENT_PREFIX_PATH=/px4_uxrce/camera_ws/install/realsense2_camera_msgs:${AMENT_PREFIX_PATH} CMAKE_PREFIX_PATH=/px4_uxrce/camera_ws/install/realsense2_camera_msgs:/px4_uxrce/camera_ws/install/librealsense2:/opt/ros/humble LD_LIBRARY_PATH=/px4_uxrce/camera_ws/install/realsense2_camera_msgs/lib:/px4_uxrce/camera_ws/install/librealsense2/lib:${LD_LIBRARY_PATH} PATH=/px4_uxrce/camera_ws/install/librealsense2/bin:${PATH} PKG_CONFIG_PATH=/px4_uxrce/camera_ws/install/librealsense2/lib/x86_64-linux-gnu/pkgconfig:/px4_uxrce/camera_ws/install/librealsense2/lib/pkgconfig PYTHONPATH=/px4_uxrce/camera_ws/install/realsense2_camera_msgs/local/lib/python3.10/dist-packages:${PYTHONPATH} /usr/bin/cmake --build /px4_uxrce/camera_ws/build/realsense2_camera -- -j12 -l12
[26.608s] DEBUG:colcon.colcon_core.event_handler.log_command:Invoking command in '/px4_uxrce/camera_ws/build/realsense2_camera': AMENT_PREFIX_PATH=/px4_uxrce/camera_ws/install/realsense2_camera_msgs:${AMENT_PREFIX_PATH} CMAKE_PREFIX_PATH=/px4_uxrce/camera_ws/install/realsense2_camera_msgs:/px4_uxrce/camera_ws/install/librealsense2:/opt/ros/humble LD_LIBRARY_PATH=/px4_uxrce/camera_ws/install/realsense2_camera_msgs/lib:/px4_uxrce/camera_ws/install/librealsense2/lib:${LD_LIBRARY_PATH} PATH=/px4_uxrce/camera_ws/install/librealsense2/bin:${PATH} PKG_CONFIG_PATH=/px4_uxrce/camera_ws/install/librealsense2/lib/x86_64-linux-gnu/pkgconfig:/px4_uxrce/camera_ws/install/librealsense2/lib/pkgconfig PYTHONPATH=/px4_uxrce/camera_ws/install/realsense2_camera_msgs/local/lib/python3.10/dist-packages:${PYTHONPATH} /usr/bin/cmake --install /px4_uxrce/camera_ws/build/realsense2_camera
[26.629s] Level 1:colcon.colcon_core.environment:create_environment_scripts_only(realsense2_camera)
[26.629s] Level 1:colcon.colcon_core.environment:checking '/px4_uxrce/camera_ws/install/realsense2_camera' for CMake module files
[26.629s] DEBUG:colcon.colcon_core.event_handler.log_command:Invoked command in '/px4_uxrce/camera_ws/build/realsense2_camera' returned '0': AMENT_PREFIX_PATH=/px4_uxrce/camera_ws/install/realsense2_camera_msgs:${AMENT_PREFIX_PATH} CMAKE_PREFIX_PATH=/px4_uxrce/camera_ws/install/realsense2_camera_msgs:/px4_uxrce/camera_ws/install/librealsense2:/opt/ros/humble LD_LIBRARY_PATH=/px4_uxrce/camera_ws/install/realsense2_camera_msgs/lib:/px4_uxrce/camera_ws/install/librealsense2/lib:${LD_LIBRARY_PATH} PATH=/px4_uxrce/camera_ws/install/librealsense2/bin:${PATH} PKG_CONFIG_PATH=/px4_uxrce/camera_ws/install/librealsense2/lib/x86_64-linux-gnu/pkgconfig:/px4_uxrce/camera_ws/install/librealsense2/lib/pkgconfig PYTHONPATH=/px4_uxrce/camera_ws/install/realsense2_camera_msgs/local/lib/python3.10/dist-packages:${PYTHONPATH} /usr/bin/cmake --install /px4_uxrce/camera_ws/build/realsense2_camera
[26.630s] Level 1:colcon.colcon_core.environment:checking '/px4_uxrce/camera_ws/install/realsense2_camera' for CMake config files
[26.630s] Level 1:colcon.colcon_core.shell:create_environment_hook('realsense2_camera', 'cmake_prefix_path')
[26.630s] INFO:colcon.colcon_core.shell:Creating environment hook '/px4_uxrce/camera_ws/install/realsense2_camera/share/realsense2_camera/hook/cmake_prefix_path.ps1'
[26.631s] INFO:colcon.colcon_core.shell:Creating environment descriptor '/px4_uxrce/camera_ws/install/realsense2_camera/share/realsense2_camera/hook/cmake_prefix_path.dsv'
[26.631s] INFO:colcon.colcon_core.shell:Creating environment hook '/px4_uxrce/camera_ws/install/realsense2_camera/share/realsense2_camera/hook/cmake_prefix_path.sh'
[26.631s] Level 1:colcon.colcon_core.environment:checking '/px4_uxrce/camera_ws/install/realsense2_camera/lib'
[26.632s] Level 1:colcon.colcon_core.shell:create_environment_hook('realsense2_camera', 'ld_library_path_lib')
[26.632s] INFO:colcon.colcon_core.shell:Creating environment hook '/px4_uxrce/camera_ws/install/realsense2_camera/share/realsense2_camera/hook/ld_library_path_lib.ps1'
[26.632s] INFO:colcon.colcon_core.shell:Creating environment descriptor '/px4_uxrce/camera_ws/install/realsense2_camera/share/realsense2_camera/hook/ld_library_path_lib.dsv'
[26.632s] INFO:colcon.colcon_core.shell:Creating environment hook '/px4_uxrce/camera_ws/install/realsense2_camera/share/realsense2_camera/hook/ld_library_path_lib.sh'
[26.633s] Level 1:colcon.colcon_core.environment:checking '/px4_uxrce/camera_ws/install/realsense2_camera/bin'
[26.633s] Level 1:colcon.colcon_core.environment:checking '/px4_uxrce/camera_ws/install/realsense2_camera/lib/pkgconfig/realsense2_camera.pc'
[26.633s] Level 1:colcon.colcon_core.environment:checking '/px4_uxrce/camera_ws/install/realsense2_camera/lib/python3.10/site-packages'
[26.633s] Level 1:colcon.colcon_core.environment:checking '/px4_uxrce/camera_ws/install/realsense2_camera/bin'
[26.634s] INFO:colcon.colcon_core.shell:Creating package script '/px4_uxrce/camera_ws/install/realsense2_camera/share/realsense2_camera/package.ps1'
[26.634s] INFO:colcon.colcon_core.shell:Creating package descriptor '/px4_uxrce/camera_ws/install/realsense2_camera/share/realsense2_camera/package.dsv'
[26.635s] INFO:colcon.colcon_core.shell:Creating package script '/px4_uxrce/camera_ws/install/realsense2_camera/share/realsense2_camera/package.sh'
[26.635s] INFO:colcon.colcon_core.shell:Creating package script '/px4_uxrce/camera_ws/install/realsense2_camera/share/realsense2_camera/package.bash'
[26.636s] INFO:colcon.colcon_core.shell:Creating package script '/px4_uxrce/camera_ws/install/realsense2_camera/share/realsense2_camera/package.zsh'
[26.636s] Level 1:colcon.colcon_core.environment:create_file_with_runtime_dependencies(/px4_uxrce/camera_ws/install/realsense2_camera/share/colcon-core/packages/realsense2_camera)
[26.637s] Level 1:colcon.colcon_core.environment:create_environment_scripts_only(realsense2_camera)
[26.637s] Level 1:colcon.colcon_core.environment:checking '/px4_uxrce/camera_ws/install/realsense2_camera' for CMake module files
[26.637s] Level 1:colcon.colcon_core.environment:checking '/px4_uxrce/camera_ws/install/realsense2_camera' for CMake config files
[26.638s] Level 1:colcon.colcon_core.shell:create_environment_hook('realsense2_camera', 'cmake_prefix_path')
[26.638s] INFO:colcon.colcon_core.shell:Creating environment hook '/px4_uxrce/camera_ws/install/realsense2_camera/share/realsense2_camera/hook/cmake_prefix_path.ps1'
[26.638s] INFO:colcon.colcon_core.shell:Creating environment descriptor '/px4_uxrce/camera_ws/install/realsense2_camera/share/realsense2_camera/hook/cmake_prefix_path.dsv'
[26.639s] INFO:colcon.colcon_core.shell:Creating environment hook '/px4_uxrce/camera_ws/install/realsense2_camera/share/realsense2_camera/hook/cmake_prefix_path.sh'
[26.639s] Level 1:colcon.colcon_core.environment:checking '/px4_uxrce/camera_ws/install/realsense2_camera/lib'
[26.639s] Level 1:colcon.colcon_core.shell:create_environment_hook('realsense2_camera', 'ld_library_path_lib')
[26.640s] INFO:colcon.colcon_core.shell:Creating environment hook '/px4_uxrce/camera_ws/install/realsense2_camera/share/realsense2_camera/hook/ld_library_path_lib.ps1'
[26.640s] INFO:colcon.colcon_core.shell:Creating environment descriptor '/px4_uxrce/camera_ws/install/realsense2_camera/share/realsense2_camera/hook/ld_library_path_lib.dsv'
[26.640s] INFO:colcon.colcon_core.shell:Creating environment hook '/px4_uxrce/camera_ws/install/realsense2_camera/share/realsense2_camera/hook/ld_library_path_lib.sh'
[26.641s] Level 1:colcon.colcon_core.environment:checking '/px4_uxrce/camera_ws/install/realsense2_camera/bin'
[26.641s] Level 1:colcon.colcon_core.environment:checking '/px4_uxrce/camera_ws/install/realsense2_camera/lib/pkgconfig/realsense2_camera.pc'
[26.641s] Level 1:colcon.colcon_core.environment:checking '/px4_uxrce/camera_ws/install/realsense2_camera/lib/python3.10/site-packages'
[26.641s] Level 1:colcon.colcon_core.environment:checking '/px4_uxrce/camera_ws/install/realsense2_camera/bin'
[26.642s] INFO:colcon.colcon_core.shell:Creating package script '/px4_uxrce/camera_ws/install/realsense2_camera/share/realsense2_camera/package.ps1'
[26.642s] INFO:colcon.colcon_core.shell:Creating package descriptor '/px4_uxrce/camera_ws/install/realsense2_camera/share/realsense2_camera/package.dsv'
[26.643s] INFO:colcon.colcon_core.shell:Creating package script '/px4_uxrce/camera_ws/install/realsense2_camera/share/realsense2_camera/package.sh'
[26.643s] INFO:colcon.colcon_core.shell:Creating package script '/px4_uxrce/camera_ws/install/realsense2_camera/share/realsense2_camera/package.bash'
[26.643s] INFO:colcon.colcon_core.shell:Creating package script '/px4_uxrce/camera_ws/install/realsense2_camera/share/realsense2_camera/package.zsh'
[26.644s] Level 1:colcon.colcon_core.environment:create_file_with_runtime_dependencies(/px4_uxrce/camera_ws/install/realsense2_camera/share/colcon-core/packages/realsense2_camera)
[26.644s] DEBUG:colcon.colcon_parallel_executor.executor.parallel:closing loop
[26.644s] DEBUG:colcon.colcon_parallel_executor.executor.parallel:loop closed
[26.644s] DEBUG:colcon.colcon_parallel_executor.executor.parallel:run_until_complete finished with '0'
[26.644s] DEBUG:colcon.colcon_core.event_reactor:joining thread
[26.663s] INFO:colcon.colcon_core.plugin_system:Skipping extension 'colcon_notification.desktop_notification.notify_send': Could not find 'notify-send'
[26.663s] INFO:colcon.colcon_core.plugin_system:Skipping extension 'colcon_notification.desktop_notification.terminal_notifier': Not used on non-Darwin systems
[26.663s] INFO:colcon.colcon_core.plugin_system:Skipping extension 'colcon_notification.desktop_notification.win32': Not used on non-Windows systems
[26.663s] INFO:colcon.colcon_notification.desktop_notification:Sending desktop notification using 'notify2'
[26.665s] DEBUG:colcon.colcon_notification.desktop_notification.notify2:Failed to initialize notify2: org.freedesktop.DBus.Error.Spawn.ExecFailed: /usr/bin/dbus-launch terminated abnormally without any error message
[26.665s] DEBUG:colcon.colcon_core.event_reactor:joined thread
[26.666s] INFO:colcon.colcon_core.shell:Creating prefix script '/px4_uxrce/camera_ws/install/local_setup.ps1'
[26.667s] INFO:colcon.colcon_core.shell:Creating prefix util module '/px4_uxrce/camera_ws/install/_local_setup_util_ps1.py'
[26.669s] INFO:colcon.colcon_core.shell:Creating prefix chain script '/px4_uxrce/camera_ws/install/setup.ps1'
[26.670s] INFO:colcon.colcon_core.shell:Creating prefix script '/px4_uxrce/camera_ws/install/local_setup.sh'
[26.671s] INFO:colcon.colcon_core.shell:Creating prefix util module '/px4_uxrce/camera_ws/install/_local_setup_util_sh.py'
[26.671s] INFO:colcon.colcon_core.shell:Creating prefix chain script '/px4_uxrce/camera_ws/install/setup.sh'
[26.672s] INFO:colcon.colcon_core.shell:Creating prefix script '/px4_uxrce/camera_ws/install/local_setup.bash'
[26.673s] INFO:colcon.colcon_core.shell:Creating prefix chain script '/px4_uxrce/camera_ws/install/setup.bash'
[26.674s] INFO:colcon.colcon_core.shell:Creating prefix script '/px4_uxrce/camera_ws/install/local_setup.zsh'
[26.675s] INFO:colcon.colcon_core.shell:Creating prefix chain script '/px4_uxrce/camera_ws/install/setup.zsh'
