[35m[1mConsolidate compiler generated dependencies of target trajectory_server_px4[0m
[35m[1mConsolidate compiler generated dependencies of target safe_node[0m
[35m[1mConsolidate compiler generated dependencies of target rrt_node[0m
[35m[1mConsolidate compiler generated dependencies of target rrt_node_px4[0m
[  1%] [32mBuilding CXX object CMakeFiles/new_replan.dir/src/rrt_node_new_replan.cpp.o[0m
[  2%] [32mBuilding CXX object CMakeFiles/new_replan.dir/src/ciri_ellip.cpp.o[0m
[  4%] [32mBuilding CXX object CMakeFiles/new_replan.dir/src/utils/banded_system.cpp.o[0m
[  4%] [32mBuilding CXX object CMakeFiles/new_replan.dir/src/ciri_sphere.cpp.o[0m
[  5%] [32mBuilding CXX object CMakeFiles/new_replan.dir/src/utils/ellipsoid.cpp.o[0m
[  8%] Built target pcd_manipulation
[  9%] [32mBuilding CXX object CMakeFiles/new_replan.dir/src/ciri.cpp.o[0m
[ 11%] Built target pointcloud_transformer
[ 13%] Built target trajectory_server_px4
[ 15%] [32mBuilding CXX object CMakeFiles/rrt_node.dir/src/rrt_node.cpp.o[0m
[ 16%] [32mBuilding CXX object CMakeFiles/safe_node.dir/src/rrt_node_safe_replan.cpp.o[0m
[ 17%] [32mBuilding CXX object CMakeFiles/rrt_node.dir/src/ciri.cpp.o[0m
[ 18%] [32mBuilding CXX object CMakeFiles/rrt_node.dir/src/ciri_ellip.cpp.o[0m
[ 19%] [32mBuilding CXX object CMakeFiles/new_replan.dir/src/utils/geometry_utils.cpp.o[0m
[ 20%] [32mBuilding CXX object CMakeFiles/rrt_node_px4.dir/src/rrt_node_px4.cpp.o[0m
[ 22%] [32mBuilding CXX object CMakeFiles/rrt_node.dir/src/ciri_sphere.cpp.o[0m
[ 23%] [32mBuilding CXX object CMakeFiles/rrt_node_px4.dir/src/ciri.cpp.o[0m
[ 24%] [32mBuilding CXX object CMakeFiles/rrt_node.dir/src/utils/ellipsoid.cpp.o[0m
[ 25%] [32mBuilding CXX object CMakeFiles/safe_node.dir/src/ciri.cpp.o[0m
[ 26%] [32mBuilding CXX object CMakeFiles/safe_node.dir/src/ciri_ellip.cpp.o[0m
[ 27%] [32mBuilding CXX object CMakeFiles/safe_node.dir/src/ciri_sphere.cpp.o[0m
[ 29%] [32mBuilding CXX object CMakeFiles/rrt_node_px4.dir/src/ciri_ellip.cpp.o[0m
[ 30%] [32mBuilding CXX object CMakeFiles/rrt_node_px4.dir/src/ciri_sphere.cpp.o[0m
[ 31%] [32mBuilding CXX object CMakeFiles/rrt_node_px4.dir/src/utils/ellipsoid.cpp.o[0m
[ 32%] [32mBuilding CXX object CMakeFiles/rrt_node_px4.dir/src/utils/geometry_utils.cpp.o[0m
