[0.010s] Invoking command in '/px4_uxrce/convex_ellipsoid_planner/build/rrt_path_finder': CMAKE_PREFIX_PATH=/opt/ros/humble:${CMAKE_PREFIX_PATH} /usr/bin/cmake --build /px4_uxrce/convex_ellipsoid_planner/build/rrt_path_finder -- -j12 -l12
[0.052s] [35m[1mConsolidate compiler generated dependencies of target trajectory_server_px4[0m
[0.054s] [35m[1mConsolidate compiler generated dependencies of target safe_node[0m
[0.055s] [35m[1mConsolidate compiler generated dependencies of target rrt_node[0m
[0.055s] [35m[1mConsolidate compiler generated dependencies of target rrt_node_px4[0m
[0.066s] [  1%] [32mBuilding CXX object CMakeFiles/new_replan.dir/src/rrt_node_new_replan.cpp.o[0m
[0.066s] [  2%] [32mBuilding CXX object CMakeFiles/new_replan.dir/src/ciri_ellip.cpp.o[0m
[0.066s] [  4%] [32mBuilding CXX object CMakeFiles/new_replan.dir/src/utils/banded_system.cpp.o[0m
[0.066s] [  4%] [32mBuilding CXX object CMakeFiles/new_replan.dir/src/ciri_sphere.cpp.o[0m
[0.074s] [  5%] [32mBuilding CXX object CMakeFiles/new_replan.dir/src/utils/ellipsoid.cpp.o[0m
[0.081s] [  8%] Built target pcd_manipulation
[0.087s] [  9%] [32mBuilding CXX object CMakeFiles/new_replan.dir/src/ciri.cpp.o[0m
[0.089s] [ 11%] Built target pointcloud_transformer
[0.090s] [ 13%] Built target trajectory_server_px4
[0.094s] [ 15%] [32mBuilding CXX object CMakeFiles/rrt_node.dir/src/rrt_node.cpp.o[0m
[0.095s] [ 16%] [32mBuilding CXX object CMakeFiles/safe_node.dir/src/rrt_node_safe_replan.cpp.o[0m
[0.098s] [ 17%] [32mBuilding CXX object CMakeFiles/rrt_node.dir/src/ciri.cpp.o[0m
[0.100s] [ 18%] [32mBuilding CXX object CMakeFiles/rrt_node.dir/src/ciri_ellip.cpp.o[0m
[0.108s] [ 19%] [32mBuilding CXX object CMakeFiles/new_replan.dir/src/utils/geometry_utils.cpp.o[0m
[0.131s] [ 20%] [32mBuilding CXX object CMakeFiles/rrt_node_px4.dir/src/rrt_node_px4.cpp.o[0m
[0.575s] In file included from [01m[K/px4_uxrce/convex_ellipsoid_planner/src/rrt_path_finder/include/../utils/header/type_utils.hpp:30[m[K,
[0.576s]                  from [01m[K/px4_uxrce/convex_ellipsoid_planner/src/rrt_path_finder/include/../data_structure/base/ellipsoid.h:26[m[K,
[0.576s]                  from [01m[K/px4_uxrce/convex_ellipsoid_planner/src/rrt_path_finder/src/utils/ellipsoid.cpp:24[m[K:
[0.576s] [01m[K/px4_uxrce/convex_ellipsoid_planner/src/rrt_path_finder/include/../utils/header/backward.hpp:247:10:[m[K [01;31m[Kfatal error: [m[Kelfutils/libdw.h: No such file or directory
[0.576s]   247 | #include [01;31m[K<elfutils/libdw.h>[m[K
[0.576s]       |          [01;31m[K^~~~~~~~~~~~~~~~~~[m[K
[0.576s] compilation terminated.
[0.586s] gmake[2]: *** [CMakeFiles/new_replan.dir/build.make:174: CMakeFiles/new_replan.dir/src/utils/ellipsoid.cpp.o] Error 1
[0.587s] gmake[2]: *** Waiting for unfinished jobs....
[0.638s] In file included from [01m[K/px4_uxrce/convex_ellipsoid_planner/src/rrt_path_finder/include/../utils/header/type_utils.hpp:30[m[K,
[0.638s]                  from [01m[K/px4_uxrce/convex_ellipsoid_planner/src/rrt_path_finder/include/../data_structure/base/polytope.h:27[m[K,
[0.638s]                  from [01m[K/px4_uxrce/convex_ellipsoid_planner/src/rrt_path_finder/include/rrt_path_finder/ciri_ellip.h:51[m[K,
[0.638s]                  from [01m[K/px4_uxrce/convex_ellipsoid_planner/src/rrt_path_finder/src/ciri_ellip.cpp:24[m[K:
[0.639s] [01m[K/px4_uxrce/convex_ellipsoid_planner/src/rrt_path_finder/include/../utils/header/backward.hpp:247:10:[m[K [01;31m[Kfatal error: [m[Kelfutils/libdw.h: No such file or directory
[0.639s]   247 | #include [01;31m[K<elfutils/libdw.h>[m[K
[0.639s]       |          [01;31m[K^~~~~~~~~~~~~~~~~~[m[K
[0.639s] compilation terminated.
[0.639s] In file included from [01m[K/px4_uxrce/convex_ellipsoid_planner/src/rrt_path_finder/include/../utils/header/type_utils.hpp:30[m[K,
[0.639s]                  from [01m[K/px4_uxrce/convex_ellipsoid_planner/src/rrt_path_finder/include/../utils/geometry/geometry_utils.h:50[m[K,
[0.639s]                  from [01m[K/px4_uxrce/convex_ellipsoid_planner/src/rrt_path_finder/src/utils/geometry_utils.cpp:27[m[K:
[0.640s] [01m[K/px4_uxrce/convex_ellipsoid_planner/src/rrt_path_finder/include/../utils/header/backward.hpp:247:10:[m[K [01;31m[Kfatal error: [m[Kelfutils/libdw.h: No such file or directory
[0.640s]   247 | #include [01;31m[K<elfutils/libdw.h>[m[K
[0.640s]       |          [01;31m[K^~~~~~~~~~~~~~~~~~[m[K
[0.640s] compilation terminated.
[0.643s] gmake[2]: *** [CMakeFiles/new_replan.dir/build.make:132: CMakeFiles/new_replan.dir/src/ciri_ellip.cpp.o] Error 1
[0.643s] [ 22%] [32mBuilding CXX object CMakeFiles/rrt_node.dir/src/ciri_sphere.cpp.o[0m
[0.645s] gmake[2]: *** [CMakeFiles/new_replan.dir/build.make:188: CMakeFiles/new_replan.dir/src/utils/geometry_utils.cpp.o] Error 1
[0.652s] In file included from [01m[K/px4_uxrce/convex_ellipsoid_planner/src/rrt_path_finder/include/../utils/header/type_utils.hpp:30[m[K,
[0.652s]                  from [01m[K/px4_uxrce/convex_ellipsoid_planner/src/rrt_path_finder/include/../data_structure/base/polytope.h:27[m[K,
[0.652s]                  from [01m[K/px4_uxrce/convex_ellipsoid_planner/src/rrt_path_finder/include/rrt_path_finder/ciri_ellip.h:51[m[K,
[0.653s]                  from [01m[K/px4_uxrce/convex_ellipsoid_planner/src/rrt_path_finder/src/ciri_ellip.cpp:24[m[K:
[0.653s] [01m[K/px4_uxrce/convex_ellipsoid_planner/src/rrt_path_finder/include/../utils/header/backward.hpp:247:10:[m[K [01;31m[Kfatal error: [m[Kelfutils/libdw.h: No such file or directory
[0.653s]   247 | #include [01;31m[K<elfutils/libdw.h>[m[K
[0.653s]       |          [01;31m[K^~~~~~~~~~~~~~~~~~[m[K
[0.653s] compilation terminated.
[0.658s] gmake[2]: *** [CMakeFiles/rrt_node.dir/build.make:132: CMakeFiles/rrt_node.dir/src/ciri_ellip.cpp.o] Error 1
[0.658s] gmake[2]: *** Waiting for unfinished jobs....
[0.658s] [ 23%] [32mBuilding CXX object CMakeFiles/rrt_node_px4.dir/src/ciri.cpp.o[0m
[0.665s] [ 24%] [32mBuilding CXX object CMakeFiles/rrt_node.dir/src/utils/ellipsoid.cpp.o[0m
[0.687s] [ 25%] [32mBuilding CXX object CMakeFiles/safe_node.dir/src/ciri.cpp.o[0m
[0.694s] In file included from [01m[K/px4_uxrce/convex_ellipsoid_planner/src/rrt_path_finder/include/../utils/header/type_utils.hpp:30[m[K,
[0.694s]                  from [01m[K/px4_uxrce/convex_ellipsoid_planner/src/rrt_path_finder/include/../data_structure/base/polytope.h:27[m[K,
[0.694s]                  from [01m[K/px4_uxrce/convex_ellipsoid_planner/src/rrt_path_finder/include/rrt_path_finder/ciri_sphere.h:51[m[K,
[0.695s]                  from [01m[K/px4_uxrce/convex_ellipsoid_planner/src/rrt_path_finder/src/ciri_sphere.cpp:24[m[K:
[0.695s] [01m[K/px4_uxrce/convex_ellipsoid_planner/src/rrt_path_finder/include/../utils/header/backward.hpp:247:10:[m[K [01;31m[Kfatal error: [m[Kelfutils/libdw.h: No such file or directory
[0.695s]   247 | #include [01;31m[K<elfutils/libdw.h>[m[K
[0.695s]       |          [01;31m[K^~~~~~~~~~~~~~~~~~[m[K
[0.695s] compilation terminated.
[0.698s] gmake[2]: *** [CMakeFiles/new_replan.dir/build.make:146: CMakeFiles/new_replan.dir/src/ciri_sphere.cpp.o] Error 1
[0.707s] [ 26%] [32mBuilding CXX object CMakeFiles/safe_node.dir/src/ciri_ellip.cpp.o[0m
[0.804s] In file included from [01m[K/px4_uxrce/convex_ellipsoid_planner/src/rrt_path_finder/include/../utils/header/type_utils.hpp:30[m[K,
[0.804s]                  from [01m[K/px4_uxrce/convex_ellipsoid_planner/src/rrt_path_finder/include/../data_structure/base/polytope.h:27[m[K,
[0.804s]                  from [01m[K/px4_uxrce/convex_ellipsoid_planner/src/rrt_path_finder/include/rrt_path_finder/ciri.h:51[m[K,
[0.804s]                  from [01m[K/px4_uxrce/convex_ellipsoid_planner/src/rrt_path_finder/src/ciri.cpp:24[m[K:
[0.804s] [01m[K/px4_uxrce/convex_ellipsoid_planner/src/rrt_path_finder/include/../utils/header/backward.hpp:247:10:[m[K [01;31m[Kfatal error: [m[Kelfutils/libdw.h: No such file or directory
[0.805s]   247 | #include [01;31m[K<elfutils/libdw.h>[m[K
[0.805s]       |          [01;31m[K^~~~~~~~~~~~~~~~~~[m[K
[0.805s] In file included from [01m[K/px4_uxrce/convex_ellipsoid_planner/src/rrt_path_finder/include/../utils/header/type_utils.hpp:30[m[K,
[0.805s]                  from [01m[K/px4_uxrce/convex_ellipsoid_planner/src/rrt_path_finder/include/../data_structure/base/polytope.h:27[m[K,
[0.805s]                  from [01m[K/px4_uxrce/convex_ellipsoid_planner/src/rrt_path_finder/include/rrt_path_finder/ciri.h:51[m[K,
[0.805s]                  from [01m[K/px4_uxrce/convex_ellipsoid_planner/src/rrt_path_finder/src/ciri.cpp:24[m[K:
[0.805s] [01m[K/px4_uxrce/convex_ellipsoid_planner/src/rrt_path_finder/include/../utils/header/backward.hpp:247:10:[m[K [01;31m[Kfatal error: [m[Kelfutils/libdw.h: No such file or directory
[0.805s]   247 | #include [01;31m[K<elfutils/libdw.h>[m[K
[0.805s]       |          [01;31m[K^~~~~~~~~~~~~~~~~~[m[K
[0.805s] compilation terminated.
[0.806s] compilation terminated.
[0.818s] gmake[2]: *** [CMakeFiles/rrt_node.dir/build.make:118: CMakeFiles/rrt_node.dir/src/ciri.cpp.o] Error 1
[0.818s] gmake[2]: *** [CMakeFiles/new_replan.dir/build.make:118: CMakeFiles/new_replan.dir/src/ciri.cpp.o] Error 1
[0.853s] [ 27%] [32mBuilding CXX object CMakeFiles/safe_node.dir/src/ciri_sphere.cpp.o[0m
[0.870s] [ 29%] [32mBuilding CXX object CMakeFiles/rrt_node_px4.dir/src/ciri_ellip.cpp.o[0m
[1.164s] In file included from [01m[K/px4_uxrce/convex_ellipsoid_planner/src/rrt_path_finder/include/../utils/header/type_utils.hpp:30[m[K,
[1.164s]                  from [01m[K/px4_uxrce/convex_ellipsoid_planner/src/rrt_path_finder/include/../data_structure/base/ellipsoid.h:26[m[K,
[1.164s]                  from [01m[K/px4_uxrce/convex_ellipsoid_planner/src/rrt_path_finder/src/utils/ellipsoid.cpp:24[m[K:
[1.164s] [01m[K/px4_uxrce/convex_ellipsoid_planner/src/rrt_path_finder/include/../utils/header/backward.hpp:247:10:[m[K [01;31m[Kfatal error: [m[Kelfutils/libdw.h: No such file or directory
[1.165s]   247 | #include [01;31m[K<elfutils/libdw.h>[m[K
[1.165s]       |          [01;31m[K^~~~~~~~~~~~~~~~~~[m[K
[1.165s] compilation terminated.
[1.169s] gmake[2]: *** [CMakeFiles/rrt_node.dir/build.make:174: CMakeFiles/rrt_node.dir/src/utils/ellipsoid.cpp.o] Error 1
[1.195s] [ 30%] [32mBuilding CXX object CMakeFiles/rrt_node_px4.dir/src/ciri_sphere.cpp.o[0m
[1.201s] In file included from [01m[K/px4_uxrce/convex_ellipsoid_planner/src/rrt_path_finder/include/../utils/header/type_utils.hpp:30[m[K,
[1.201s]                  from [01m[K/px4_uxrce/convex_ellipsoid_planner/src/rrt_path_finder/include/../data_structure/base/polytope.h:27[m[K,
[1.201s]                  from [01m[K/px4_uxrce/convex_ellipsoid_planner/src/rrt_path_finder/include/rrt_path_finder/ciri_sphere.h:51[m[K,
[1.201s]                  from [01m[K/px4_uxrce/convex_ellipsoid_planner/src/rrt_path_finder/src/ciri_sphere.cpp:24[m[K:
[1.201s] [01m[K/px4_uxrce/convex_ellipsoid_planner/src/rrt_path_finder/include/../utils/header/backward.hpp:247:10:[m[K [01;31m[Kfatal error: [m[Kelfutils/libdw.h: No such file or directory
[1.201s]   247 | #include [01;31m[K<elfutils/libdw.h>[m[K
[1.201s]       |          [01;31m[K^~~~~~~~~~~~~~~~~~[m[K
[1.201s] compilation terminated.
[1.205s] gmake[2]: *** [CMakeFiles/rrt_node.dir/build.make:146: CMakeFiles/rrt_node.dir/src/ciri_sphere.cpp.o] Error 1
[1.215s] In file included from [01m[K/px4_uxrce/convex_ellipsoid_planner/src/rrt_path_finder/include/../utils/header/type_utils.hpp:30[m[K,
[1.215s]                  from [01m[K/px4_uxrce/convex_ellipsoid_planner/src/rrt_path_finder/include/../data_structure/base/polytope.h:27[m[K,
[1.215s]                  from [01m[K/px4_uxrce/convex_ellipsoid_planner/src/rrt_path_finder/include/rrt_path_finder/ciri.h:51[m[K,
[1.215s]                  from [01m[K/px4_uxrce/convex_ellipsoid_planner/src/rrt_path_finder/src/ciri.cpp:24[m[K:
[1.215s] [01m[K/px4_uxrce/convex_ellipsoid_planner/src/rrt_path_finder/include/../utils/header/backward.hpp:247:10:[m[K [01;31m[Kfatal error: [m[Kelfutils/libdw.h: No such file or directory
[1.216s]   247 | #include [01;31m[K<elfutils/libdw.h>[m[K
[1.216s]       |          [01;31m[K^~~~~~~~~~~~~~~~~~[m[K
[1.216s] compilation terminated.
[1.222s] gmake[2]: *** [CMakeFiles/safe_node.dir/build.make:118: CMakeFiles/safe_node.dir/src/ciri.cpp.o] Error 1
[1.222s] gmake[2]: *** Waiting for unfinished jobs....
[1.240s] [ 31%] [32mBuilding CXX object CMakeFiles/rrt_node_px4.dir/src/utils/ellipsoid.cpp.o[0m
[1.263s] [ 32%] [32mBuilding CXX object CMakeFiles/rrt_node_px4.dir/src/utils/geometry_utils.cpp.o[0m
[1.311s] In file included from [01m[K/px4_uxrce/convex_ellipsoid_planner/src/rrt_path_finder/include/../utils/header/type_utils.hpp:30[m[K,
[1.312s]                  from [01m[K/px4_uxrce/convex_ellipsoid_planner/src/rrt_path_finder/include/../data_structure/base/polytope.h:27[m[K,
[1.312s]                  from [01m[K/px4_uxrce/convex_ellipsoid_planner/src/rrt_path_finder/include/rrt_path_finder/ciri.h:51[m[K,
[1.312s]                  from [01m[K/px4_uxrce/convex_ellipsoid_planner/src/rrt_path_finder/src/ciri.cpp:24[m[K:
[1.312s] [01m[K/px4_uxrce/convex_ellipsoid_planner/src/rrt_path_finder/include/../utils/header/backward.hpp:247:10:[m[K [01;31m[Kfatal error: [m[Kelfutils/libdw.h: No such file or directory
[1.312s]   247 | #include [01;31m[K<elfutils/libdw.h>[m[K
[1.312s]       |          [01;31m[K^~~~~~~~~~~~~~~~~~[m[K
[1.312s] compilation terminated.
[1.313s] gmake[2]: *** [CMakeFiles/rrt_node_px4.dir/build.make:118: CMakeFiles/rrt_node_px4.dir/src/ciri.cpp.o] Error 1
[1.313s] gmake[2]: *** Waiting for unfinished jobs....
[1.386s] In file included from [01m[K/px4_uxrce/convex_ellipsoid_planner/src/rrt_path_finder/include/../utils/header/type_utils.hpp:30[m[K,
[1.386s]                  from [01m[K/px4_uxrce/convex_ellipsoid_planner/src/rrt_path_finder/include/../data_structure/base/polytope.h:27[m[K,
[1.386s]                  from [01m[K/px4_uxrce/convex_ellipsoid_planner/src/rrt_path_finder/include/rrt_path_finder/ciri_sphere.h:51[m[K,
[1.386s]                  from [01m[K/px4_uxrce/convex_ellipsoid_planner/src/rrt_path_finder/src/ciri_sphere.cpp:24[m[K:
[1.386s] [01m[K/px4_uxrce/convex_ellipsoid_planner/src/rrt_path_finder/include/../utils/header/backward.hpp:247:10:[m[K [01;31m[Kfatal error: [m[Kelfutils/libdw.h: No such file or directory
[1.386s]   247 | #include [01;31m[K<elfutils/libdw.h>[m[K
[1.387s]       |          [01;31m[K^~~~~~~~~~~~~~~~~~[m[K
[1.387s] compilation terminated.
[1.391s] gmake[2]: *** [CMakeFiles/safe_node.dir/build.make:146: CMakeFiles/safe_node.dir/src/ciri_sphere.cpp.o] Error 1
[1.427s] In file included from [01m[K/px4_uxrce/convex_ellipsoid_planner/src/rrt_path_finder/include/../utils/header/type_utils.hpp:30[m[K,
[1.427s]                  from [01m[K/px4_uxrce/convex_ellipsoid_planner/src/rrt_path_finder/include/../data_structure/base/polytope.h:27[m[K,
[1.428s]                  from [01m[K/px4_uxrce/convex_ellipsoid_planner/src/rrt_path_finder/include/rrt_path_finder/ciri_ellip.h:51[m[K,
[1.428s]                  from [01m[K/px4_uxrce/convex_ellipsoid_planner/src/rrt_path_finder/src/ciri_ellip.cpp:24[m[K:
[1.428s] [01m[K/px4_uxrce/convex_ellipsoid_planner/src/rrt_path_finder/include/../utils/header/backward.hpp:247:10:[m[K [01;31m[Kfatal error: [m[Kelfutils/libdw.h: No such file or directory
[1.428s]   247 | #include [01;31m[K<elfutils/libdw.h>[m[K
[1.428s]       |          [01;31m[K^~~~~~~~~~~~~~~~~~[m[K
[1.428s] compilation terminated.
[1.432s] gmake[2]: *** [CMakeFiles/rrt_node_px4.dir/build.make:132: CMakeFiles/rrt_node_px4.dir/src/ciri_ellip.cpp.o] Error 1
[1.441s] In file included from [01m[K/px4_uxrce/convex_ellipsoid_planner/src/rrt_path_finder/include/../utils/header/type_utils.hpp:30[m[K,
[1.441s]                  from [01m[K/px4_uxrce/convex_ellipsoid_planner/src/rrt_path_finder/include/../data_structure/base/polytope.h:27[m[K,
[1.441s]                  from [01m[K/px4_uxrce/convex_ellipsoid_planner/src/rrt_path_finder/include/rrt_path_finder/ciri_ellip.h:51[m[K,
[1.442s]                  from [01m[K/px4_uxrce/convex_ellipsoid_planner/src/rrt_path_finder/src/ciri_ellip.cpp:24[m[K:
[1.442s] [01m[K/px4_uxrce/convex_ellipsoid_planner/src/rrt_path_finder/include/../utils/header/backward.hpp:247:10:[m[K [01;31m[Kfatal error: [m[Kelfutils/libdw.h: No such file or directory
[1.442s]   247 | #include [01;31m[K<elfutils/libdw.h>[m[K
[1.442s]       |          [01;31m[K^~~~~~~~~~~~~~~~~~[m[K
[1.442s] compilation terminated.
[1.446s] gmake[2]: *** [CMakeFiles/safe_node.dir/build.make:132: CMakeFiles/safe_node.dir/src/ciri_ellip.cpp.o] Error 1
[1.696s] In file included from [01m[K/px4_uxrce/convex_ellipsoid_planner/src/rrt_path_finder/include/../utils/header/type_utils.hpp:30[m[K,
[1.696s]                  from [01m[K/px4_uxrce/convex_ellipsoid_planner/src/rrt_path_finder/include/../data_structure/base/polytope.h:27[m[K,
[1.696s]                  from [01m[K/px4_uxrce/convex_ellipsoid_planner/src/rrt_path_finder/include/rrt_path_finder/ciri_sphere.h:51[m[K,
[1.697s]                  from [01m[K/px4_uxrce/convex_ellipsoid_planner/src/rrt_path_finder/src/ciri_sphere.cpp:24[m[K:
[1.697s] [01m[K/px4_uxrce/convex_ellipsoid_planner/src/rrt_path_finder/include/../utils/header/backward.hpp:247:10:[m[K [01;31m[Kfatal error: [m[Kelfutils/libdw.h: No such file or directory
[1.697s]   247 | #include [01;31m[K<elfutils/libdw.h>[m[K
[1.697s]       |          [01;31m[K^~~~~~~~~~~~~~~~~~[m[K
[1.697s] compilation terminated.
[1.708s] gmake[2]: *** [CMakeFiles/rrt_node_px4.dir/build.make:146: CMakeFiles/rrt_node_px4.dir/src/ciri_sphere.cpp.o] Error 1
[1.754s] In file included from [01m[K/px4_uxrce/convex_ellipsoid_planner/src/rrt_path_finder/include/../utils/header/type_utils.hpp:30[m[K,
[1.754s]                  from [01m[K/px4_uxrce/convex_ellipsoid_planner/src/rrt_path_finder/include/../data_structure/base/ellipsoid.h:26[m[K,
[1.755s]                  from [01m[K/px4_uxrce/convex_ellipsoid_planner/src/rrt_path_finder/src/utils/ellipsoid.cpp:24[m[K:
[1.755s] [01m[K/px4_uxrce/convex_ellipsoid_planner/src/rrt_path_finder/include/../utils/header/backward.hpp:247:10:[m[K [01;31m[Kfatal error: [m[Kelfutils/libdw.h: No such file or directory
[1.755s]   247 | #include [01;31m[K<elfutils/libdw.h>[m[K
[1.755s]       |          [01;31m[K^~~~~~~~~~~~~~~~~~[m[K
[1.755s] compilation terminated.
[1.757s] gmake[2]: *** [CMakeFiles/rrt_node_px4.dir/build.make:174: CMakeFiles/rrt_node_px4.dir/src/utils/ellipsoid.cpp.o] Error 1
[1.783s] In file included from [01m[K/px4_uxrce/convex_ellipsoid_planner/src/rrt_path_finder/include/../utils/header/type_utils.hpp:30[m[K,
[1.783s]                  from [01m[K/px4_uxrce/convex_ellipsoid_planner/src/rrt_path_finder/include/../utils/geometry/geometry_utils.h:50[m[K,
[1.783s]                  from [01m[K/px4_uxrce/convex_ellipsoid_planner/src/rrt_path_finder/src/utils/geometry_utils.cpp:27[m[K:
[1.783s] [01m[K/px4_uxrce/convex_ellipsoid_planner/src/rrt_path_finder/include/../utils/header/backward.hpp:247:10:[m[K [01;31m[Kfatal error: [m[Kelfutils/libdw.h: No such file or directory
[1.783s]   247 | #include [01;31m[K<elfutils/libdw.h>[m[K
[1.783s]       |          [01;31m[K^~~~~~~~~~~~~~~~~~[m[K
[1.783s] compilation terminated.
[1.787s] gmake[2]: *** [CMakeFiles/rrt_node_px4.dir/build.make:188: CMakeFiles/rrt_node_px4.dir/src/utils/geometry_utils.cpp.o] Error 1
[2.391s] In file included from [01m[K/px4_uxrce/convex_ellipsoid_planner/src/rrt_path_finder/include/../utils/header/type_utils.hpp:30[m[K,
[2.391s]                  from [01m[K/px4_uxrce/convex_ellipsoid_planner/src/rrt_path_finder/include/../data_structure/base/polytope.h:27[m[K,
[2.392s]                  from [01m[K/px4_uxrce/convex_ellipsoid_planner/src/rrt_path_finder/include/rrt_path_finder/ciri.h:51[m[K,
[2.392s]                  from [01m[K/px4_uxrce/convex_ellipsoid_planner/src/rrt_path_finder/src/rrt_node_safe_replan.cpp:31[m[K:
[2.392s] [01m[K/px4_uxrce/convex_ellipsoid_planner/src/rrt_path_finder/include/../utils/header/backward.hpp:247:10:[m[K [01;31m[Kfatal error: [m[Kelfutils/libdw.h: No such file or directory
[2.392s]   247 | #include [01;31m[K<elfutils/libdw.h>[m[K
[2.392s]       |          [01;31m[K^~~~~~~~~~~~~~~~~~[m[K
[2.392s] compilation terminated.
[2.407s] gmake[2]: *** [CMakeFiles/safe_node.dir/build.make:104: CMakeFiles/safe_node.dir/src/rrt_node_safe_replan.cpp.o] Error 1
[2.408s] gmake[1]: *** [CMakeFiles/Makefile2:279: CMakeFiles/safe_node.dir/all] Error 2
[2.408s] gmake[1]: *** Waiting for unfinished jobs....
[2.428s] In file included from [01m[K/px4_uxrce/convex_ellipsoid_planner/src/rrt_path_finder/src/../utils/header/type_utils.hpp:30[m[K,
[2.428s]                  from [01m[K/px4_uxrce/convex_ellipsoid_planner/src/rrt_path_finder/src/rrt_node_px4.cpp:25[m[K:
[2.428s] [01m[K/px4_uxrce/convex_ellipsoid_planner/src/rrt_path_finder/include/../utils/header/backward.hpp:247:10:[m[K [01;31m[Kfatal error: [m[Kelfutils/libdw.h: No such file or directory
[2.428s]   247 | #include [01;31m[K<elfutils/libdw.h>[m[K
[2.428s]       |          [01;31m[K^~~~~~~~~~~~~~~~~~[m[K
[2.428s] compilation terminated.
[2.444s] gmake[2]: *** [CMakeFiles/rrt_node_px4.dir/build.make:104: CMakeFiles/rrt_node_px4.dir/src/rrt_node_px4.cpp.o] Error 1
[2.444s] gmake[1]: *** [CMakeFiles/Makefile2:175: CMakeFiles/rrt_node_px4.dir/all] Error 2
[2.555s] In file included from [01m[K/px4_uxrce/convex_ellipsoid_planner/src/rrt_path_finder/src/../utils/header/type_utils.hpp:30[m[K,
[2.555s]                  from [01m[K/px4_uxrce/convex_ellipsoid_planner/src/rrt_path_finder/src/rrt_node_new_replan.cpp:25[m[K:
[2.555s] [01m[K/px4_uxrce/convex_ellipsoid_planner/src/rrt_path_finder/include/../utils/header/backward.hpp:247:10:[m[K [01;31m[Kfatal error: [m[Kelfutils/libdw.h: No such file or directory
[2.555s]   247 | #include [01;31m[K<elfutils/libdw.h>[m[K
[2.555s]       |          [01;31m[K^~~~~~~~~~~~~~~~~~[m[K
[2.556s] compilation terminated.
[2.579s] gmake[2]: *** [CMakeFiles/new_replan.dir/build.make:104: CMakeFiles/new_replan.dir/src/rrt_node_new_replan.cpp.o] Error 1
[2.579s] In file included from [01m[K/px4_uxrce/convex_ellipsoid_planner/src/rrt_path_finder/include/../utils/header/type_utils.hpp:30[m[K,
[2.579s]                  from [01m[K/px4_uxrce/convex_ellipsoid_planner/src/rrt_path_finder/include/../data_structure/base/polytope.h:27[m[K,
[2.579s]                  from [01m[K/px4_uxrce/convex_ellipsoid_planner/src/rrt_path_finder/include/rrt_path_finder/ciri.h:51[m[K,
[2.579s]                  from [01m[K/px4_uxrce/convex_ellipsoid_planner/src/rrt_path_finder/src/rrt_node.cpp:29[m[K:
[2.579s] [01m[K/px4_uxrce/convex_ellipsoid_planner/src/rrt_path_finder/include/../utils/header/backward.hpp:247:10:[m[K [01;31m[Kfatal error: [m[Kelfutils/libdw.h: No such file or directory
[2.579s]   247 | #include [01;31m[K<elfutils/libdw.h>[m[K
[2.579s]       |          [01;31m[K^~~~~~~~~~~~~~~~~~[m[K
[2.580s] compilation terminated.
[2.580s] gmake[1]: *** [CMakeFiles/Makefile2:227: CMakeFiles/new_replan.dir/all] Error 2
[2.594s] gmake[2]: *** [CMakeFiles/rrt_node.dir/build.make:104: CMakeFiles/rrt_node.dir/src/rrt_node.cpp.o] Error 1
[2.594s] gmake[1]: *** [CMakeFiles/Makefile2:149: CMakeFiles/rrt_node.dir/all] Error 2
[2.595s] gmake: *** [Makefile:146: all] Error 2
[2.597s] Invoked command in '/px4_uxrce/convex_ellipsoid_planner/build/rrt_path_finder' returned '2': CMAKE_PREFIX_PATH=/opt/ros/humble:${CMAKE_PREFIX_PATH} /usr/bin/cmake --build /px4_uxrce/convex_ellipsoid_planner/build/rrt_path_finder -- -j12 -l12
