[0.063s] Invoking command in '/px4_uxrce/t265_px4_bridge/build/examples_rclcpp_wait_set': CMAKE_PREFIX_PATH=/opt/ros/humble:${CMAKE_PREFIX_PATH} /usr/bin/cmake /px4_uxrce/t265_px4_bridge/src/examples/rclcpp/wait_set -DCMAKE_INSTALL_PREFIX=/px4_uxrce/t265_px4_bridge/install/examples_rclcpp_wait_set
[2.045s] -- The C compiler identification is GNU 11.4.0
[2.045s] -- The CXX compiler identification is GNU 11.4.0
[2.045s] -- Detecting C compiler ABI info
[2.045s] -- Detecting C compiler ABI info - done
[2.045s] -- Check for working C compiler: /usr/bin/cc - skipped
[2.045s] -- Detecting C compile features
[2.046s] -- Detecting C compile features - done
[2.046s] -- Detecting CXX compiler ABI info
[2.046s] -- Detecting CXX compiler ABI info - done
[2.046s] -- Check for working CXX compiler: /usr/bin/c++ - skipped
[2.046s] -- Detecting CXX compile features
[2.046s] -- Detecting CXX compile features - done
[2.046s] -- Found ament_cmake: 1.3.11 (/opt/ros/humble/share/ament_cmake/cmake)
[2.046s] -- Found Python3: /usr/bin/python3 (found version "3.10.12") found components: Interpreter 
[2.046s] -- Found example_interfaces: 0.9.3 (/opt/ros/humble/share/example_interfaces/cmake)
[2.047s] -- Found rosidl_generator_c: 3.1.6 (/opt/ros/humble/share/rosidl_generator_c/cmake)
[2.047s] -- Found rosidl_adapter: 3.1.6 (/opt/ros/humble/share/rosidl_adapter/cmake)
[2.047s] -- Found rosidl_generator_cpp: 3.1.6 (/opt/ros/humble/share/rosidl_generator_cpp/cmake)
[2.047s] -- Using all available rosidl_typesupport_c: rosidl_typesupport_fastrtps_c;rosidl_typesupport_introspection_c
[2.047s] -- Using all available rosidl_typesupport_cpp: rosidl_typesupport_fastrtps_cpp;rosidl_typesupport_introspection_cpp
[2.047s] -- Found rclcpp: 16.0.11 (/opt/ros/humble/share/rclcpp/cmake)
[2.047s] -- Found rmw_implementation_cmake: 6.1.2 (/opt/ros/humble/share/rmw_implementation_cmake/cmake)
[2.047s] -- Found rmw_fastrtps_cpp: 6.2.7 (/opt/ros/humble/share/rmw_fastrtps_cpp/cmake)
[2.047s] -- Found OpenSSL: /usr/lib/x86_64-linux-gnu/libcrypto.so (found version "3.0.2")  
[2.047s] -- Found FastRTPS: /opt/ros/humble/include  
[2.048s] -- Using RMW implementation 'rmw_fastrtps_cpp' as default
[2.048s] -- Looking for pthread.h
[2.048s] -- Looking for pthread.h - found
[2.048s] -- Performing Test CMAKE_HAVE_LIBC_PTHREAD
[2.048s] -- Performing Test CMAKE_HAVE_LIBC_PTHREAD - Success
[2.048s] -- Found Threads: TRUE  
[2.085s] -- Found rclcpp_components: 16.0.11 (/opt/ros/humble/share/rclcpp_components/cmake)
[2.178s] -- Found ament_lint_auto: 0.12.11 (/opt/ros/humble/share/ament_lint_auto/cmake)
[2.340s] -- Added test 'copyright' to check source files copyright and LICENSE
[2.340s] -- Added test 'cppcheck' to perform static code analysis on C / C++ code
[2.340s] -- Configured cppcheck include dirs: /px4_uxrce/t265_px4_bridge/src/examples/rclcpp/wait_set/include
[2.340s] -- Configured cppcheck exclude dirs and/or files: 
[2.355s] -- Added test 'cpplint' to check C / C++ code against the Google style
[2.355s] -- Configured cpplint exclude dirs and/or files: 
[2.356s] -- Added test 'lint_cmake' to check CMake code style
[2.358s] -- Added test 'uncrustify' to check C / C++ code style
[2.358s] -- Configured uncrustify additional arguments: 
[2.358s] -- Added test 'xmllint' to check XML markup files
[2.360s] -- Configuring done
[2.581s] -- Generating done
[2.700s] -- Build files have been written to: /px4_uxrce/t265_px4_bridge/build/examples_rclcpp_wait_set
[2.799s] Invoked command in '/px4_uxrce/t265_px4_bridge/build/examples_rclcpp_wait_set' returned '0': CMAKE_PREFIX_PATH=/opt/ros/humble:${CMAKE_PREFIX_PATH} /usr/bin/cmake /px4_uxrce/t265_px4_bridge/src/examples/rclcpp/wait_set -DCMAKE_INSTALL_PREFIX=/px4_uxrce/t265_px4_bridge/install/examples_rclcpp_wait_set
[2.799s] Invoking command in '/px4_uxrce/t265_px4_bridge/build/examples_rclcpp_wait_set': CMAKE_PREFIX_PATH=/opt/ros/humble:${CMAKE_PREFIX_PATH} /usr/bin/cmake --build /px4_uxrce/t265_px4_bridge/build/examples_rclcpp_wait_set -- -j12 -l12
[31.292s] [  4%] [32mBuilding CXX object CMakeFiles/talker.dir/src/talker.cpp.o[0m
[31.292s] [  8%] [32mBuilding CXX object CMakeFiles/listener.dir/src/listener.cpp.o[0m
[31.292s] [ 12%] [32mBuilding CXX object CMakeFiles/wait_set_listener.dir/rclcpp_components/node_main_wait_set_listener.cpp.o[0m
[31.292s] [ 16%] [32mBuilding CXX object CMakeFiles/wait_set_talker.dir/rclcpp_components/node_main_wait_set_talker.cpp.o[0m
[31.292s] [ 20%] [32mBuilding CXX object CMakeFiles/wait_set.dir/src/wait_set.cpp.o[0m
[31.292s] [ 25%] [32mBuilding CXX object CMakeFiles/static_wait_set.dir/src/static_wait_set.cpp.o[0m
[31.292s] [ 29%] [32mBuilding CXX object CMakeFiles/wait_set_topics_and_timer.dir/src/wait_set_topics_and_timer.cpp.o[0m
[31.293s] [ 33%] [32mBuilding CXX object CMakeFiles/wait_set_topics_with_different_rates.dir/src/wait_set_topics_with_different_rates.cpp.o[0m
[31.293s] [ 37%] [32mBuilding CXX object CMakeFiles/thread_safe_wait_set.dir/src/thread_safe_wait_set.cpp.o[0m
[31.293s] [ 41%] [32mBuilding CXX object CMakeFiles/executor_random_order.dir/src/executor_random_order.cpp.o[0m
[31.293s] [ 45%] [32mBuilding CXX object CMakeFiles/wait_set_random_order.dir/src/wait_set_random_order.cpp.o[0m
[31.293s] [ 50%] [32m[1mLinking CXX executable wait_set_listener[0m
[31.293s] [ 50%] Built target wait_set_listener
[31.293s] [ 54%] [32m[1mLinking CXX executable wait_set_talker[0m
[31.293s] [ 54%] Built target wait_set_talker
[31.294s] [ 58%] [32m[1mLinking CXX shared library libtalker.so[0m
[31.294s] [ 58%] Built target talker
[51.440s] [ 62%] [32m[1mLinking CXX executable wait_set_topics_and_timer[0m
[53.271s] [ 62%] Built target wait_set_topics_and_timer
[53.640s] [ 66%] [32m[1mLinking CXX executable executor_random_order[0m
[53.839s] [ 70%] [32m[1mLinking CXX executable wait_set_random_order[0m
[54.238s] [ 75%] [32m[1mLinking CXX shared library liblistener.so[0m
[54.444s] [ 79%] [32m[1mLinking CXX executable wait_set[0m
[54.531s] [ 79%] Built target executor_random_order
[54.649s] [ 83%] [32m[1mLinking CXX executable static_wait_set[0m
[54.718s] [ 83%] Built target wait_set_random_order
[54.927s] [ 87%] [32m[1mLinking CXX executable wait_set_topics_with_different_rates[0m
[55.131s] [ 87%] Built target listener
[55.221s] [ 91%] [32m[1mLinking CXX executable thread_safe_wait_set[0m
[55.312s] [ 91%] Built target static_wait_set
[55.352s] [ 91%] Built target wait_set
[55.575s] [ 91%] Built target wait_set_topics_with_different_rates
[55.717s] [ 91%] Built target thread_safe_wait_set
[55.734s] [ 95%] [32mBuilding CXX object CMakeFiles/wait_set_composed.dir/src/wait_set_composed.cpp.o[0m
[59.074s] [100%] [32m[1mLinking CXX executable wait_set_composed[0m
[59.279s] [100%] Built target wait_set_composed
[59.291s] Invoked command in '/px4_uxrce/t265_px4_bridge/build/examples_rclcpp_wait_set' returned '0': CMAKE_PREFIX_PATH=/opt/ros/humble:${CMAKE_PREFIX_PATH} /usr/bin/cmake --build /px4_uxrce/t265_px4_bridge/build/examples_rclcpp_wait_set -- -j12 -l12
[59.292s] Invoking command in '/px4_uxrce/t265_px4_bridge/build/examples_rclcpp_wait_set': CMAKE_PREFIX_PATH=/opt/ros/humble:${CMAKE_PREFIX_PATH} /usr/bin/cmake --install /px4_uxrce/t265_px4_bridge/build/examples_rclcpp_wait_set
[59.298s] -- Install configuration: ""
[59.299s] -- Installing: /px4_uxrce/t265_px4_bridge/install/examples_rclcpp_wait_set/lib/examples_rclcpp_wait_set/wait_set_talker
[59.299s] -- Set runtime path of "/px4_uxrce/t265_px4_bridge/install/examples_rclcpp_wait_set/lib/examples_rclcpp_wait_set/wait_set_talker" to ""
[59.299s] -- Installing: /px4_uxrce/t265_px4_bridge/install/examples_rclcpp_wait_set/lib/examples_rclcpp_wait_set/wait_set_listener
[59.300s] -- Set runtime path of "/px4_uxrce/t265_px4_bridge/install/examples_rclcpp_wait_set/lib/examples_rclcpp_wait_set/wait_set_listener" to ""
[59.300s] -- Installing: /px4_uxrce/t265_px4_bridge/install/examples_rclcpp_wait_set/lib/libtalker.so
[59.301s] -- Set runtime path of "/px4_uxrce/t265_px4_bridge/install/examples_rclcpp_wait_set/lib/libtalker.so" to ""
[59.301s] -- Installing: /px4_uxrce/t265_px4_bridge/install/examples_rclcpp_wait_set/lib/liblistener.so
[59.307s] -- Set runtime path of "/px4_uxrce/t265_px4_bridge/install/examples_rclcpp_wait_set/lib/liblistener.so" to ""
[59.310s] -- Installing: /px4_uxrce/t265_px4_bridge/install/examples_rclcpp_wait_set/lib/examples_rclcpp_wait_set/wait_set
[59.310s] -- Set runtime path of "/px4_uxrce/t265_px4_bridge/install/examples_rclcpp_wait_set/lib/examples_rclcpp_wait_set/wait_set" to ""
[59.310s] -- Installing: /px4_uxrce/t265_px4_bridge/install/examples_rclcpp_wait_set/lib/examples_rclcpp_wait_set/static_wait_set
[59.313s] -- Set runtime path of "/px4_uxrce/t265_px4_bridge/install/examples_rclcpp_wait_set/lib/examples_rclcpp_wait_set/static_wait_set" to ""
[59.313s] -- Installing: /px4_uxrce/t265_px4_bridge/install/examples_rclcpp_wait_set/lib/examples_rclcpp_wait_set/thread_safe_wait_set
[59.316s] -- Set runtime path of "/px4_uxrce/t265_px4_bridge/install/examples_rclcpp_wait_set/lib/examples_rclcpp_wait_set/thread_safe_wait_set" to ""
[59.316s] -- Installing: /px4_uxrce/t265_px4_bridge/install/examples_rclcpp_wait_set/lib/examples_rclcpp_wait_set/wait_set_topics_and_timer
[59.319s] -- Set runtime path of "/px4_uxrce/t265_px4_bridge/install/examples_rclcpp_wait_set/lib/examples_rclcpp_wait_set/wait_set_topics_and_timer" to ""
[59.319s] -- Installing: /px4_uxrce/t265_px4_bridge/install/examples_rclcpp_wait_set/lib/examples_rclcpp_wait_set/wait_set_random_order
[59.323s] -- Set runtime path of "/px4_uxrce/t265_px4_bridge/install/examples_rclcpp_wait_set/lib/examples_rclcpp_wait_set/wait_set_random_order" to ""
[59.323s] -- Installing: /px4_uxrce/t265_px4_bridge/install/examples_rclcpp_wait_set/lib/examples_rclcpp_wait_set/executor_random_order
[59.325s] -- Set runtime path of "/px4_uxrce/t265_px4_bridge/install/examples_rclcpp_wait_set/lib/examples_rclcpp_wait_set/executor_random_order" to ""
[59.326s] -- Installing: /px4_uxrce/t265_px4_bridge/install/examples_rclcpp_wait_set/lib/examples_rclcpp_wait_set/wait_set_topics_with_different_rates
[59.329s] -- Set runtime path of "/px4_uxrce/t265_px4_bridge/install/examples_rclcpp_wait_set/lib/examples_rclcpp_wait_set/wait_set_topics_with_different_rates" to ""
[59.329s] -- Installing: /px4_uxrce/t265_px4_bridge/install/examples_rclcpp_wait_set/lib/examples_rclcpp_wait_set/wait_set_composed
[59.329s] -- Set runtime path of "/px4_uxrce/t265_px4_bridge/install/examples_rclcpp_wait_set/lib/examples_rclcpp_wait_set/wait_set_composed" to ""
[59.329s] -- Installing: /px4_uxrce/t265_px4_bridge/install/examples_rclcpp_wait_set/share/ament_index/resource_index/package_run_dependencies/examples_rclcpp_wait_set
[59.329s] -- Installing: /px4_uxrce/t265_px4_bridge/install/examples_rclcpp_wait_set/share/ament_index/resource_index/parent_prefix_path/examples_rclcpp_wait_set
[59.329s] -- Installing: /px4_uxrce/t265_px4_bridge/install/examples_rclcpp_wait_set/share/examples_rclcpp_wait_set/environment/ament_prefix_path.sh
[59.329s] -- Installing: /px4_uxrce/t265_px4_bridge/install/examples_rclcpp_wait_set/share/examples_rclcpp_wait_set/environment/ament_prefix_path.dsv
[59.330s] -- Installing: /px4_uxrce/t265_px4_bridge/install/examples_rclcpp_wait_set/share/examples_rclcpp_wait_set/environment/path.sh
[59.330s] -- Installing: /px4_uxrce/t265_px4_bridge/install/examples_rclcpp_wait_set/share/examples_rclcpp_wait_set/environment/path.dsv
[59.330s] -- Installing: /px4_uxrce/t265_px4_bridge/install/examples_rclcpp_wait_set/share/examples_rclcpp_wait_set/local_setup.bash
[59.330s] -- Installing: /px4_uxrce/t265_px4_bridge/install/examples_rclcpp_wait_set/share/examples_rclcpp_wait_set/local_setup.sh
[59.330s] -- Installing: /px4_uxrce/t265_px4_bridge/install/examples_rclcpp_wait_set/share/examples_rclcpp_wait_set/local_setup.zsh
[59.330s] -- Installing: /px4_uxrce/t265_px4_bridge/install/examples_rclcpp_wait_set/share/examples_rclcpp_wait_set/local_setup.dsv
[59.330s] -- Installing: /px4_uxrce/t265_px4_bridge/install/examples_rclcpp_wait_set/share/examples_rclcpp_wait_set/package.dsv
[59.331s] -- Installing: /px4_uxrce/t265_px4_bridge/install/examples_rclcpp_wait_set/share/ament_index/resource_index/packages/examples_rclcpp_wait_set
[59.331s] -- Installing: /px4_uxrce/t265_px4_bridge/install/examples_rclcpp_wait_set/share/ament_index/resource_index/rclcpp_components/examples_rclcpp_wait_set
[59.331s] -- Installing: /px4_uxrce/t265_px4_bridge/install/examples_rclcpp_wait_set/share/examples_rclcpp_wait_set/cmake/examples_rclcpp_wait_setConfig.cmake
[59.331s] -- Installing: /px4_uxrce/t265_px4_bridge/install/examples_rclcpp_wait_set/share/examples_rclcpp_wait_set/cmake/examples_rclcpp_wait_setConfig-version.cmake
[59.331s] -- Installing: /px4_uxrce/t265_px4_bridge/install/examples_rclcpp_wait_set/share/examples_rclcpp_wait_set/package.xml
[59.332s] Invoked command in '/px4_uxrce/t265_px4_bridge/build/examples_rclcpp_wait_set' returned '0': CMAKE_PREFIX_PATH=/opt/ros/humble:${CMAKE_PREFIX_PATH} /usr/bin/cmake --install /px4_uxrce/t265_px4_bridge/build/examples_rclcpp_wait_set
