[0.011s] Invoking command in '/px4_uxrce/camera_legacy_ws/build/realsense2_camera': AMENT_PREFIX_PATH=/px4_uxrce/camera_legacy_ws/install/realsense2_camera_msgs:${AMENT_PREFIX_PATH} CMAKE_PREFIX_PATH=/px4_uxrce/camera_legacy_ws/install/realsense2_camera_msgs:/px4_uxrce/camera_ws/install/realsense2_description:/px4_uxrce/camera_ws/install/realsense2_camera:/px4_uxrce/camera_ws/install/realsense2_camera_msgs:/px4_uxrce/camera_ws/install/librealsense2:/opt/ros/humble LD_LIBRARY_PATH=/px4_uxrce/camera_legacy_ws/install/realsense2_camera_msgs/lib:${LD_LIBRARY_PATH} PYTHONPATH=/px4_uxrce/camera_legacy_ws/install/realsense2_camera_msgs/local/lib/python3.10/dist-packages:${PYTHONPATH} /usr/bin/cmake /px4_uxrce/camera_legacy_ws/src/realsense-ros/realsense2_camera -DCMAKE_INSTALL_PREFIX=/px4_uxrce/camera_legacy_ws/install/realsense2_camera
[0.064s] -- The C compiler identification is GNU 11.4.0
[0.118s] -- The CXX compiler identification is GNU 11.4.0
[0.126s] -- Detecting C compiler ABI info
[0.187s] -- Detecting C compiler ABI info - done
[0.195s] -- Check for working C compiler: /usr/bin/cc - skipped
[0.196s] -- Detecting C compile features
[0.196s] -- Detecting C compile features - done
[0.199s] -- Detecting CXX compiler ABI info
[0.274s] -- Detecting CXX compiler ABI info - done
[0.282s] -- Check for working CXX compiler: /usr/bin/c++ - skipped
[0.282s] -- Detecting CXX compile features
[0.283s] -- Detecting CXX compile features - done
[0.283s] -- Create Release Build.
[0.286s] -- Found ament_cmake: 1.3.11 (/opt/ros/humble/share/ament_cmake/cmake)
[0.483s] -- Found Python3: /usr/bin/python3 (found version "3.10.12") found components: Interpreter 
[0.596s] -- Found builtin_interfaces: 1.2.1 (/opt/ros/humble/share/builtin_interfaces/cmake)
[0.642s] -- Found rosidl_generator_c: 3.1.6 (/opt/ros/humble/share/rosidl_generator_c/cmake)
[0.649s] -- Found rosidl_adapter: 3.1.6 (/opt/ros/humble/share/rosidl_adapter/cmake)
[0.661s] -- Found rosidl_generator_cpp: 3.1.6 (/opt/ros/humble/share/rosidl_generator_cpp/cmake)
[0.677s] -- Using all available rosidl_typesupport_c: rosidl_typesupport_fastrtps_c;rosidl_typesupport_introspection_c
[0.698s] -- Using all available rosidl_typesupport_cpp: rosidl_typesupport_fastrtps_cpp;rosidl_typesupport_introspection_cpp
[0.725s] -- Found cv_bridge: 3.2.1 (/opt/ros/humble/share/cv_bridge/cmake)
[0.810s] -- Found image_transport: 3.1.10 (/opt/ros/humble/share/image_transport/cmake)
[0.878s] -- Found rmw_implementation_cmake: 6.1.2 (/opt/ros/humble/share/rmw_implementation_cmake/cmake)
[0.882s] -- Found rmw_fastrtps_cpp: 6.2.7 (/opt/ros/humble/share/rmw_fastrtps_cpp/cmake)
[0.983s] -- Found OpenSSL: /usr/lib/x86_64-linux-gnu/libcrypto.so (found version "3.0.2")  
[1.017s] -- Found FastRTPS: /opt/ros/humble/include  
[1.070s] -- Using RMW implementation 'rmw_fastrtps_cpp' as default
[1.084s] -- Looking for pthread.h
[1.148s] -- Looking for pthread.h - found
[1.148s] -- Performing Test CMAKE_HAVE_LIBC_PTHREAD
[1.220s] -- Performing Test CMAKE_HAVE_LIBC_PTHREAD - Success
[1.221s] -- Found Threads: TRUE  
[1.319s] -- Found rclcpp_components: 16.0.11 (/opt/ros/humble/share/rclcpp_components/cmake)
[1.343s] -- Found realsense2_camera_msgs: 3.2.3 (/px4_uxrce/camera_legacy_ws/install/realsense2_camera_msgs/share/realsense2_camera_msgs/cmake)
[1.372s] -- Found std_srvs: 4.2.4 (/opt/ros/humble/share/std_srvs/cmake)
[1.393s] -- Found nav_msgs: 4.2.4 (/opt/ros/humble/share/nav_msgs/cmake)
[1.414s] -- Found tf2_ros: 0.25.9 (/opt/ros/humble/share/tf2_ros/cmake)
[1.517s] [31mCMake Error at CMakeLists.txt:100 (find_package):
[1.517s]   By not providing "Finddiagnostic_updater.cmake" in CMAKE_MODULE_PATH this
[1.517s]   project has asked CMake to find a package configuration file provided by
[1.517s]   "diagnostic_updater", but CMake did not find one.
[1.517s] 
[1.517s]   Could not find a package configuration file provided by
[1.517s]   "diagnostic_updater" with any of the following names:
[1.518s] 
[1.518s]     diagnostic_updaterConfig.cmake
[1.518s]     diagnostic_updater-config.cmake
[1.518s] 
[1.518s]   Add the installation prefix of "diagnostic_updater" to CMAKE_PREFIX_PATH or
[1.518s]   set "diagnostic_updater_DIR" to a directory containing one of the above
[1.518s]   files.  If "diagnostic_updater" provides a separate development package or
[1.518s]   SDK, be sure it has been installed.
[1.518s] 
[1.518s] [0m
[1.518s] -- Configuring incomplete, errors occurred!
[1.518s] See also "/px4_uxrce/camera_legacy_ws/build/realsense2_camera/CMakeFiles/CMakeOutput.log".
[1.526s] Invoked command in '/px4_uxrce/camera_legacy_ws/build/realsense2_camera' returned '1': AMENT_PREFIX_PATH=/px4_uxrce/camera_legacy_ws/install/realsense2_camera_msgs:${AMENT_PREFIX_PATH} CMAKE_PREFIX_PATH=/px4_uxrce/camera_legacy_ws/install/realsense2_camera_msgs:/px4_uxrce/camera_ws/install/realsense2_description:/px4_uxrce/camera_ws/install/realsense2_camera:/px4_uxrce/camera_ws/install/realsense2_camera_msgs:/px4_uxrce/camera_ws/install/librealsense2:/opt/ros/humble LD_LIBRARY_PATH=/px4_uxrce/camera_legacy_ws/install/realsense2_camera_msgs/lib:${LD_LIBRARY_PATH} PYTHONPATH=/px4_uxrce/camera_legacy_ws/install/realsense2_camera_msgs/local/lib/python3.10/dist-packages:${PYTHONPATH} /usr/bin/cmake /px4_uxrce/camera_legacy_ws/src/realsense-ros/realsense2_camera -DCMAKE_INSTALL_PREFIX=/px4_uxrce/camera_legacy_ws/install/realsense2_camera
