[0.000s] Invoking command in '/px4_uxrce/convex_ellipsoid_planner/build/px4_ros_com': CMAKE_PREFIX_PATH=${CMAKE_PREFIX_PATH}:/px4_uxrce/convex_ellipsoid_planner/install/rrt_python_gym:/px4_uxrce/convex_ellipsoid_planner/install/ros2_gym_pybullet_drones:/px4_uxrce/convex_ellipsoid_planner/install/clustering_python:/opt/ros/humble /usr/bin/cmake /px4_uxrce/convex_ellipsoid_planner/src/px4_ros_com -DCMAKE_INSTALL_PREFIX=/px4_uxrce/convex_ellipsoid_planner/install/px4_ros_com
[0.001s] -- The C compiler identification is GNU 11.4.0
[0.054s] -- The CXX compiler identification is GNU 11.4.0
[0.063s] -- Detecting C compiler ABI info
[0.123s] -- Detecting C compiler ABI info - done
[0.132s] -- Check for working C compiler: /usr/bin/cc - skipped
[0.132s] -- Detecting C compile features
[0.133s] -- Detecting C compile features - done
[0.136s] -- Detecting CXX compiler ABI info
[0.207s] -- Detecting CXX compiler ABI info - done
[0.222s] -- Check for working CXX compiler: /usr/bin/c++ - skipped
[0.222s] -- Detecting CXX compile features
[0.223s] -- Detecting CXX compile features - done
[0.226s] -- Found ament_cmake: 1.3.11 (/opt/ros/humble/share/ament_cmake/cmake)
[0.376s] -- Found Python3: /usr/bin/python3 (found version "3.10.12") found components: Interpreter 
[0.490s] -- Found builtin_interfaces: 1.2.1 (/opt/ros/humble/share/builtin_interfaces/cmake)
[0.523s] -- Found rosidl_generator_c: 3.1.6 (/opt/ros/humble/share/rosidl_generator_c/cmake)
[0.529s] -- Found rosidl_adapter: 3.1.6 (/opt/ros/humble/share/rosidl_adapter/cmake)
[0.541s] -- Found rosidl_generator_cpp: 3.1.6 (/opt/ros/humble/share/rosidl_generator_cpp/cmake)
[0.552s] -- Using all available rosidl_typesupport_c: rosidl_typesupport_fastrtps_c;rosidl_typesupport_introspection_c
[0.572s] -- Using all available rosidl_typesupport_cpp: rosidl_typesupport_fastrtps_cpp;rosidl_typesupport_introspection_cpp
[0.588s] -- Found eigen3_cmake_module: 0.1.1 (/opt/ros/humble/share/eigen3_cmake_module/cmake)
[0.595s] -- Found Eigen3: TRUE (found version "3.4.0") 
[0.596s] -- Found geometry_msgs: 4.2.4 (/opt/ros/humble/share/geometry_msgs/cmake)
[0.629s] -- Found px4_msgs: 2.0.1 (/px4_uxrce/convex_ellipsoid_planner/install/px4_msgs/share/px4_msgs/cmake)
[0.643s] -- Found rclcpp: 16.0.11 (/opt/ros/humble/share/rclcpp/cmake)
[0.690s] -- Found rmw_implementation_cmake: 6.1.2 (/opt/ros/humble/share/rmw_implementation_cmake/cmake)
[0.693s] -- Found rmw_fastrtps_cpp: 6.2.7 (/opt/ros/humble/share/rmw_fastrtps_cpp/cmake)
[0.772s] -- Found OpenSSL: /usr/lib/x86_64-linux-gnu/libcrypto.so (found version "3.0.2")  
[0.801s] -- Found FastRTPS: /opt/ros/humble/include  
[0.844s] -- Using RMW implementation 'rmw_fastrtps_cpp' as default
[0.854s] -- Looking for pthread.h
[0.918s] -- Looking for pthread.h - found
[0.919s] -- Performing Test CMAKE_HAVE_LIBC_PTHREAD
[1.003s] -- Performing Test CMAKE_HAVE_LIBC_PTHREAD - Success
[1.003s] -- Found Threads: TRUE  
[1.111s] -- Found sensor_msgs: 4.2.4 (/opt/ros/humble/share/sensor_msgs/cmake)
[1.165s] -- Found rclpy: 3.3.15 (/opt/ros/humble/share/rclpy/cmake)
[1.193s] -- Found ament_lint_auto: 0.12.11 (/opt/ros/humble/share/ament_lint_auto/cmake)
[1.431s] -- Added test 'copyright' to check source files copyright and LICENSE
[1.436s] -- Added test 'cppcheck' to perform static code analysis on C / C++ code
[1.446s] -- Configured cppcheck include dirs: /px4_uxrce/convex_ellipsoid_planner/src/px4_ros_com/include;$<BUILD_INTERFACE:/px4_uxrce/convex_ellipsoid_planner/src/px4_ros_com/include/px4_ros_com>
[1.446s] -- Configured cppcheck exclude dirs and/or files: 
[1.451s] -- Added test 'cpplint' to check C / C++ code against the Google style
[1.451s] -- Configured cpplint exclude dirs and/or files: 
[1.453s] -- Added test 'flake8' to check Python code syntax and style conventions
[1.462s] -- Added test 'lint_cmake' to check CMake code style
[1.463s] -- Added test 'pep257' to check Python code against some of the docstring style conventions in PEP 257
[1.473s] -- Added test 'uncrustify' to check C / C++ code style
[1.474s] -- Configured uncrustify additional arguments: 
[1.478s] -- Added test 'xmllint' to check XML markup files
[1.495s] -- Configuring done
[1.566s] -- Generating done
[1.583s] -- Build files have been written to: /px4_uxrce/convex_ellipsoid_planner/build/px4_ros_com
[1.606s] Invoked command in '/px4_uxrce/convex_ellipsoid_planner/build/px4_ros_com' returned '0': CMAKE_PREFIX_PATH=${CMAKE_PREFIX_PATH}:/px4_uxrce/convex_ellipsoid_planner/install/rrt_python_gym:/px4_uxrce/convex_ellipsoid_planner/install/ros2_gym_pybullet_drones:/px4_uxrce/convex_ellipsoid_planner/install/clustering_python:/opt/ros/humble /usr/bin/cmake /px4_uxrce/convex_ellipsoid_planner/src/px4_ros_com -DCMAKE_INSTALL_PREFIX=/px4_uxrce/convex_ellipsoid_planner/install/px4_ros_com
[1.606s] Invoking command in '/px4_uxrce/convex_ellipsoid_planner/build/px4_ros_com': CMAKE_PREFIX_PATH=${CMAKE_PREFIX_PATH}:/px4_uxrce/convex_ellipsoid_planner/install/rrt_python_gym:/px4_uxrce/convex_ellipsoid_planner/install/ros2_gym_pybullet_drones:/px4_uxrce/convex_ellipsoid_planner/install/clustering_python:/opt/ros/humble /usr/bin/cmake --build /px4_uxrce/convex_ellipsoid_planner/build/px4_ros_com -- -j12 -l12
[1.823s] [  8%] [32mBuilding CXX object CMakeFiles/vehicle_gps_position_listener.dir/src/examples/listeners/vehicle_gps_position_listener.cpp.o[0m
[1.832s] [ 25%] [32mBuilding CXX object CMakeFiles/sensor_combined_listener.dir/src/examples/listeners/sensor_combined_listener.cpp.o[0m
[1.832s] [ 25%] [32mBuilding CXX object CMakeFiles/frame_transforms.dir/src/lib/frame_transforms.cpp.o[0m
[1.897s] [ 33%] [32mBuilding CXX object CMakeFiles/debug_vect_advertiser.dir/src/examples/advertisers/debug_vect_advertiser.cpp.o[0m
[1.903s] [ 41%] [32mBuilding CXX object CMakeFiles/offboard_control.dir/src/examples/offboard/offboard_control.cpp.o[0m
[1.910s] [ 50%] [32mBuilding CXX object CMakeFiles/offboard_control_srv.dir/src/examples/offboard/offboard_control_srv.cpp.o[0m
[1.988s] [ 50%] Built target ament_cmake_python_copy_px4_ros_com
[2.884s] running egg_info
[2.885s] creating px4_ros_com.egg-info
[2.887s] writing px4_ros_com.egg-info/PKG-INFO
[2.887s] writing dependency_links to px4_ros_com.egg-info/dependency_links.txt
[2.887s] writing top-level names to px4_ros_com.egg-info/top_level.txt
[2.887s] writing manifest file 'px4_ros_com.egg-info/SOURCES.txt'
[2.889s] reading manifest file 'px4_ros_com.egg-info/SOURCES.txt'
[2.890s] writing manifest file 'px4_ros_com.egg-info/SOURCES.txt'
[3.000s] [ 50%] Built target ament_cmake_python_build_px4_ros_com_egg
[12.730s] [ 58%] [32m[1mLinking CXX executable debug_vect_advertiser[0m
[13.503s] [ 58%] Built target debug_vect_advertiser
[15.972s] [ 66%] [32m[1mLinking CXX executable offboard_control[0m
[16.384s] [ 66%] Built target offboard_control
[18.424s] [ 75%] [32m[1mLinking CXX shared library libframe_transforms.so[0m
[18.454s] [ 83%] [32m[1mLinking CXX executable offboard_control_srv[0m
[18.859s] [ 83%] Built target offboard_control_srv
[18.885s] [ 83%] Built target frame_transforms
[19.962s] [ 91%] [32m[1mLinking CXX executable vehicle_gps_position_listener[0m
[20.545s] [100%] [32m[1mLinking CXX executable sensor_combined_listener[0m
[20.646s] [100%] Built target vehicle_gps_position_listener
[21.029s] [100%] Built target sensor_combined_listener
[21.043s] Invoked command in '/px4_uxrce/convex_ellipsoid_planner/build/px4_ros_com' returned '0': CMAKE_PREFIX_PATH=${CMAKE_PREFIX_PATH}:/px4_uxrce/convex_ellipsoid_planner/install/rrt_python_gym:/px4_uxrce/convex_ellipsoid_planner/install/ros2_gym_pybullet_drones:/px4_uxrce/convex_ellipsoid_planner/install/clustering_python:/opt/ros/humble /usr/bin/cmake --build /px4_uxrce/convex_ellipsoid_planner/build/px4_ros_com -- -j12 -l12
[21.045s] Invoking command in '/px4_uxrce/convex_ellipsoid_planner/build/px4_ros_com': CMAKE_PREFIX_PATH=${CMAKE_PREFIX_PATH}:/px4_uxrce/convex_ellipsoid_planner/install/rrt_python_gym:/px4_uxrce/convex_ellipsoid_planner/install/ros2_gym_pybullet_drones:/px4_uxrce/convex_ellipsoid_planner/install/clustering_python:/opt/ros/humble /usr/bin/cmake --install /px4_uxrce/convex_ellipsoid_planner/build/px4_ros_com
[21.052s] -- Install configuration: ""
[21.053s] -- Installing: /px4_uxrce/convex_ellipsoid_planner/install/px4_ros_com/lib/px4_ros_com/sensor_combined_listener
[21.056s] -- Set runtime path of "/px4_uxrce/convex_ellipsoid_planner/install/px4_ros_com/lib/px4_ros_com/sensor_combined_listener" to ""
[21.056s] -- Installing: /px4_uxrce/convex_ellipsoid_planner/install/px4_ros_com/lib/px4_ros_com/vehicle_gps_position_listener
[21.059s] -- Set runtime path of "/px4_uxrce/convex_ellipsoid_planner/install/px4_ros_com/lib/px4_ros_com/vehicle_gps_position_listener" to ""
[21.059s] -- Installing: /px4_uxrce/convex_ellipsoid_planner/install/px4_ros_com/lib/px4_ros_com/debug_vect_advertiser
[21.060s] -- Set runtime path of "/px4_uxrce/convex_ellipsoid_planner/install/px4_ros_com/lib/px4_ros_com/debug_vect_advertiser" to ""
[21.060s] -- Installing: /px4_uxrce/convex_ellipsoid_planner/install/px4_ros_com/lib/px4_ros_com/offboard_control
[21.061s] -- Set runtime path of "/px4_uxrce/convex_ellipsoid_planner/install/px4_ros_com/lib/px4_ros_com/offboard_control" to ""
[21.061s] -- Installing: /px4_uxrce/convex_ellipsoid_planner/install/px4_ros_com/lib/px4_ros_com/offboard_control_srv
[21.063s] -- Set runtime path of "/px4_uxrce/convex_ellipsoid_planner/install/px4_ros_com/lib/px4_ros_com/offboard_control_srv" to ""
[21.063s] -- Installing: /px4_uxrce/convex_ellipsoid_planner/install/px4_ros_com/share/px4_ros_com/environment/library_path.sh
[21.063s] -- Installing: /px4_uxrce/convex_ellipsoid_planner/install/px4_ros_com/share/px4_ros_com/environment/library_path.dsv
[21.063s] -- Installing: /px4_uxrce/convex_ellipsoid_planner/install/px4_ros_com/include/px4_ros_com
[21.063s] -- Installing: /px4_uxrce/convex_ellipsoid_planner/install/px4_ros_com/include/px4_ros_com/frame_transforms.h
[21.063s] -- Installing: /px4_uxrce/convex_ellipsoid_planner/install/px4_ros_com/lib/libframe_transforms.so
[21.066s] -- Set runtime path of "/px4_uxrce/convex_ellipsoid_planner/install/px4_ros_com/lib/libframe_transforms.so" to ""
[21.067s] -- Installing: /px4_uxrce/convex_ellipsoid_planner/install/px4_ros_com/share/px4_ros_com//launch
[21.067s] -- Installing: /px4_uxrce/convex_ellipsoid_planner/install/px4_ros_com/share/px4_ros_com//launch/sensor_combined_listener.launch.py
[21.067s] -- Installing: /px4_uxrce/convex_ellipsoid_planner/install/px4_ros_com/share/px4_ros_com//launch/offboard_control_launch.yaml
[21.067s] -- Installing: /px4_uxrce/convex_ellipsoid_planner/install/px4_ros_com/share/px4_ros_com//test
[21.067s] -- Installing: /px4_uxrce/convex_ellipsoid_planner/install/px4_ros_com/share/px4_ros_com//test/test_input.py
[21.067s] -- Installing: /px4_uxrce/convex_ellipsoid_planner/install/px4_ros_com/share/px4_ros_com//test/test_output.py
[21.068s] -- Installing: /px4_uxrce/convex_ellipsoid_planner/install/px4_ros_com/share/px4_ros_com//test/__init__.py
[21.068s] -- Installing: /px4_uxrce/convex_ellipsoid_planner/install/px4_ros_com/share/px4_ros_com//test/pipeline_io_test.py
[21.068s] -- Installing: /px4_uxrce/convex_ellipsoid_planner/install/px4_ros_com/share/px4_ros_com/environment/pythonpath.sh
[21.068s] -- Installing: /px4_uxrce/convex_ellipsoid_planner/install/px4_ros_com/share/px4_ros_com/environment/pythonpath.dsv
[21.068s] -- Installing: /px4_uxrce/convex_ellipsoid_planner/install/px4_ros_com/local/lib/python3.10/dist-packages/px4_ros_com-0.1.0-py3.10.egg-info
[21.069s] -- Installing: /px4_uxrce/convex_ellipsoid_planner/install/px4_ros_com/local/lib/python3.10/dist-packages/px4_ros_com-0.1.0-py3.10.egg-info/dependency_links.txt
[21.069s] -- Installing: /px4_uxrce/convex_ellipsoid_planner/install/px4_ros_com/local/lib/python3.10/dist-packages/px4_ros_com-0.1.0-py3.10.egg-info/top_level.txt
[21.069s] -- Installing: /px4_uxrce/convex_ellipsoid_planner/install/px4_ros_com/local/lib/python3.10/dist-packages/px4_ros_com-0.1.0-py3.10.egg-info/PKG-INFO
[21.069s] -- Installing: /px4_uxrce/convex_ellipsoid_planner/install/px4_ros_com/local/lib/python3.10/dist-packages/px4_ros_com-0.1.0-py3.10.egg-info/SOURCES.txt
[21.069s] -- Installing: /px4_uxrce/convex_ellipsoid_planner/install/px4_ros_com/local/lib/python3.10/dist-packages/px4_ros_com
[21.070s] -- Installing: /px4_uxrce/convex_ellipsoid_planner/install/px4_ros_com/local/lib/python3.10/dist-packages/px4_ros_com/__init__.py
[21.071s] -- Installing: /px4_uxrce/convex_ellipsoid_planner/install/px4_ros_com/local/lib/python3.10/dist-packages/px4_ros_com/module_to_import.py
[21.129s] Listing '/px4_uxrce/convex_ellipsoid_planner/install/px4_ros_com/local/lib/python3.10/dist-packages/px4_ros_com'...
[21.130s] Compiling '/px4_uxrce/convex_ellipsoid_planner/install/px4_ros_com/local/lib/python3.10/dist-packages/px4_ros_com/__init__.py'...
[21.130s] Compiling '/px4_uxrce/convex_ellipsoid_planner/install/px4_ros_com/local/lib/python3.10/dist-packages/px4_ros_com/module_to_import.py'...
[21.137s] -- Installing: /px4_uxrce/convex_ellipsoid_planner/install/px4_ros_com/lib/px4_ros_com/offboard_control.py
[21.138s] -- Installing: /px4_uxrce/convex_ellipsoid_planner/install/px4_ros_com/share/ament_index/resource_index/package_run_dependencies/px4_ros_com
[21.138s] -- Installing: /px4_uxrce/convex_ellipsoid_planner/install/px4_ros_com/share/ament_index/resource_index/parent_prefix_path/px4_ros_com
[21.138s] -- Installing: /px4_uxrce/convex_ellipsoid_planner/install/px4_ros_com/share/px4_ros_com/environment/ament_prefix_path.sh
[21.138s] -- Installing: /px4_uxrce/convex_ellipsoid_planner/install/px4_ros_com/share/px4_ros_com/environment/ament_prefix_path.dsv
[21.139s] -- Installing: /px4_uxrce/convex_ellipsoid_planner/install/px4_ros_com/share/px4_ros_com/environment/path.sh
[21.139s] -- Installing: /px4_uxrce/convex_ellipsoid_planner/install/px4_ros_com/share/px4_ros_com/environment/path.dsv
[21.139s] -- Installing: /px4_uxrce/convex_ellipsoid_planner/install/px4_ros_com/share/px4_ros_com/local_setup.bash
[21.142s] -- Installing: /px4_uxrce/convex_ellipsoid_planner/install/px4_ros_com/share/px4_ros_com/local_setup.sh
[21.142s] -- Installing: /px4_uxrce/convex_ellipsoid_planner/install/px4_ros_com/share/px4_ros_com/local_setup.zsh
[21.143s] -- Installing: /px4_uxrce/convex_ellipsoid_planner/install/px4_ros_com/share/px4_ros_com/local_setup.dsv
[21.143s] -- Installing: /px4_uxrce/convex_ellipsoid_planner/install/px4_ros_com/share/px4_ros_com/package.dsv
[21.143s] -- Installing: /px4_uxrce/convex_ellipsoid_planner/install/px4_ros_com/share/ament_index/resource_index/packages/px4_ros_com
[21.143s] -- Installing: /px4_uxrce/convex_ellipsoid_planner/install/px4_ros_com/share/px4_ros_com/cmake/export_frame_transformsExport.cmake
[21.143s] -- Installing: /px4_uxrce/convex_ellipsoid_planner/install/px4_ros_com/share/px4_ros_com/cmake/export_frame_transformsExport-noconfig.cmake
[21.144s] -- Installing: /px4_uxrce/convex_ellipsoid_planner/install/px4_ros_com/share/px4_ros_com/cmake/ament_cmake_export_dependencies-extras.cmake
[21.144s] -- Installing: /px4_uxrce/convex_ellipsoid_planner/install/px4_ros_com/share/px4_ros_com/cmake/ament_cmake_export_targets-extras.cmake
[21.144s] -- Installing: /px4_uxrce/convex_ellipsoid_planner/install/px4_ros_com/share/px4_ros_com/cmake/ament_cmake_export_include_directories-extras.cmake
[21.144s] -- Installing: /px4_uxrce/convex_ellipsoid_planner/install/px4_ros_com/share/px4_ros_com/cmake/ament_cmake_export_libraries-extras.cmake
[21.144s] -- Installing: /px4_uxrce/convex_ellipsoid_planner/install/px4_ros_com/share/px4_ros_com/cmake/px4_ros_comConfig.cmake
[21.144s] -- Installing: /px4_uxrce/convex_ellipsoid_planner/install/px4_ros_com/share/px4_ros_com/cmake/px4_ros_comConfig-version.cmake
[21.145s] -- Installing: /px4_uxrce/convex_ellipsoid_planner/install/px4_ros_com/share/px4_ros_com/package.xml
[21.145s] Invoked command in '/px4_uxrce/convex_ellipsoid_planner/build/px4_ros_com' returned '0': CMAKE_PREFIX_PATH=${CMAKE_PREFIX_PATH}:/px4_uxrce/convex_ellipsoid_planner/install/rrt_python_gym:/px4_uxrce/convex_ellipsoid_planner/install/ros2_gym_pybullet_drones:/px4_uxrce/convex_ellipsoid_planner/install/clustering_python:/opt/ros/humble /usr/bin/cmake --install /px4_uxrce/convex_ellipsoid_planner/build/px4_ros_com
