-- Found ament_cmake: 1.3.11 (/opt/ros/humble/share/ament_cmake/cmake)
-- Found rclcpp: 16.0.11 (/opt/ros/humble/share/rclcpp/cmake)
-- Found rosidl_generator_c: 3.1.6 (/opt/ros/humble/share/rosidl_generator_c/cmake)
-- Found rosidl_adapter: 3.1.6 (/opt/ros/humble/share/rosidl_adapter/cmake)
-- Found rosidl_generator_cpp: 3.1.6 (/opt/ros/humble/share/rosidl_generator_cpp/cmake)
-- Using all available rosidl_typesupport_c: rosidl_typesupport_fastrtps_c;rosidl_typesupport_introspection_c
-- Using all available rosidl_typesupport_cpp: rosidl_typesupport_fastrtps_cpp;rosidl_typesupport_introspection_cpp
-- Found rmw_implementation_cmake: 6.1.2 (/opt/ros/humble/share/rmw_implementation_cmake/cmake)
-- Found rmw_fastrtps_cpp: 6.2.7 (/opt/ros/humble/share/rmw_fastrtps_cpp/cmake)
-- Using RMW implementation 'rmw_fastrtps_cpp' as default
-- Found nav_msgs: 4.2.4 (/opt/ros/humble/share/nav_msgs/cmake)
-- Found sensor_msgs: 4.2.4 (/opt/ros/humble/share/sensor_msgs/cmake)
-- Found visualization_msgs: 4.2.4 (/opt/ros/humble/share/visualization_msgs/cmake)
-- Found pcl_conversions: 2.4.5 (/opt/ros/humble/share/pcl_conversions/cmake)
-- Eigen found (include: /usr/include/eigen3, version: 3.4.0)
-- FLANN found (include: /usr/include, lib: /usr/lib/x86_64-linux-gnu/libflann_cpp.so)
-- OpenNI found (version: 1.5.4.0, include: /usr/include/ni, lib: /usr/lib/libOpenNI.so;libusb::libusb)
-- OpenNI2 found (version: 2.2.0.33, include: /usr/include/openni2, lib: /usr/lib/x86_64-linux-gnu/libOpenNI2.so;libusb::libusb)
-- Eigen found (include: /usr/include/eigen3, version: 3.4.0)
-- OpenNI found (version: 1.5.4.0, include: /usr/include/ni, lib: /usr/lib/libOpenNI.so;libusb::libusb)
-- OpenNI2 found (version: 2.2.0.33, include: /usr/include/openni2, lib: /usr/lib/x86_64-linux-gnu/libOpenNI2.so;libusb::libusb)
-- Found Qhull version 8.0.2
-- OpenNI found (version: 1.5.4.0, include: /usr/include/ni, lib: /usr/lib/libOpenNI.so;libusb::libusb)
-- Found tf2_ros: 0.25.12 (/opt/ros/humble/share/tf2_ros/cmake)
-- Found tf2_sensor_msgs: 0.25.12 (/opt/ros/humble/share/tf2_sensor_msgs/cmake)
-- Found tf2_geometry_msgs: 0.25.12 (/opt/ros/humble/share/tf2_geometry_msgs/cmake)
-- Ensuring Eigen3 include directory is part of orocos-kdl CMake target
-- Found px4_msgs: 2.0.1 (/px4_uxrce/convex_ellipsoid_planner/install/px4_msgs/share/px4_msgs/cmake)
-- Found custom_interface_gym: 0.0.0 (/px4_uxrce/convex_ellipsoid_planner/install/custom_interface_gym/share/custom_interface_gym/cmake)
-- Configuring done
-- Generating done
-- Build files have been written to: /px4_uxrce/convex_ellipsoid_planner/build/rrt_path_finder
[  1%] [32mBuilding CXX object CMakeFiles/pcd_manipulation.dir/src/pcd_manipulation.cpp.o[0m
[  2%] [32mBuilding CXX object CMakeFiles/rrt_node.dir/src/corridor_finder.cpp.o[0m
[  3%] [32mBuilding C object CMakeFiles/rrt_node_px4.dir/src/kdtree.c.o[0m
[  4%] [32mBuilding CXX object CMakeFiles/pointcloud_transformer.dir/src/pointcloud_transformer.cpp.o[0m
[  5%] [32mBuilding CXX object CMakeFiles/rrt_node_px4.dir/src/corridor_finder.cpp.o[0m
[  6%] [32mBuilding CXX object CMakeFiles/new_replan.dir/src/corridor_finder.cpp.o[0m
[  8%] [32mBuilding C object CMakeFiles/rrt_node.dir/src/kdtree.c.o[0m
[  9%] [32mBuilding CXX object CMakeFiles/safe_node.dir/src/corridor_finder.cpp.o[0m
[ 10%] [32mBuilding CXX object CMakeFiles/rrt_node.dir/src/ciri.cpp.o[0m
[ 11%] [32mBuilding CXX object CMakeFiles/rrt_node.dir/src/rrt_node.cpp.o[0m
[ 12%] [32mBuilding CXX object CMakeFiles/trajectory_server_px4.dir/src/trajectory_server_px4.cpp.o[0m
[ 13%] [32mBuilding C object CMakeFiles/new_replan.dir/src/kdtree.c.o[0m
[ 15%] [32mBuilding CXX object CMakeFiles/rrt_node.dir/src/ciri_ellip.cpp.o[0m
[ 16%] [32mBuilding CXX object CMakeFiles/rrt_node.dir/src/ciri_sphere.cpp.o[0m
[ 17%] [32mBuilding CXX object CMakeFiles/new_replan.dir/src/rrt_node_new_replan.cpp.o[0m
[ 18%] [32mBuilding CXX object CMakeFiles/new_replan.dir/src/ciri.cpp.o[0m
[ 19%] [32mBuilding CXX object CMakeFiles/new_replan.dir/src/ciri_sphere.cpp.o[0m
[ 20%] [32mBuilding CXX object CMakeFiles/new_replan.dir/src/ciri_ellip.cpp.o[0m
[ 22%] [32mBuilding CXX object CMakeFiles/rrt_node_px4.dir/src/rrt_node_px4.cpp.o[0m
[ 23%] [32mBuilding CXX object CMakeFiles/rrt_node_px4.dir/src/ciri.cpp.o[0m
[ 24%] [32mBuilding CXX object CMakeFiles/rrt_node_px4.dir/src/ciri_ellip.cpp.o[0m
[ 25%] [32mBuilding C object CMakeFiles/safe_node.dir/src/kdtree.c.o[0m
[ 26%] [32mBuilding CXX object CMakeFiles/safe_node.dir/src/rrt_node_safe_replan.cpp.o[0m
[ 27%] [32mBuilding CXX object CMakeFiles/safe_node.dir/src/ciri.cpp.o[0m
[ 29%] [32m[1mLinking CXX executable pcd_manipulation[0m
[ 29%] Built target pcd_manipulation
[ 30%] [32m[1mLinking CXX executable pointcloud_transformer[0m
[ 30%] Built target pointcloud_transformer
[ 31%] [32m[1mLinking CXX executable trajectory_server_px4[0m
[ 31%] Built target trajectory_server_px4
