/px4_uxrce/new/px4-offboard_ws/install/px4_offboard/lib/python3.10/site-packages/px4_offboard/visualizer.py
/px4_uxrce/new/px4-offboard_ws/install/px4_offboard/lib/python3.10/site-packages/px4_offboard/__init__.py
/px4_uxrce/new/px4-offboard_ws/install/px4_offboard/lib/python3.10/site-packages/px4_offboard/offboard_control.py
/px4_uxrce/new/px4-offboard_ws/install/px4_offboard/lib/python3.10/site-packages/px4_offboard/__pycache__/visualizer.cpython-310.pyc
/px4_uxrce/new/px4-offboard_ws/install/px4_offboard/lib/python3.10/site-packages/px4_offboard/__pycache__/__init__.cpython-310.pyc
/px4_uxrce/new/px4-offboard_ws/install/px4_offboard/lib/python3.10/site-packages/px4_offboard/__pycache__/offboard_control.cpython-310.pyc
/px4_uxrce/new/px4-offboard_ws/install/px4_offboard/share/ament_index/resource_index/packages/px4_offboard
/px4_uxrce/new/px4-offboard_ws/install/px4_offboard/share/ament_index/resource_index/packages/visualize.rviz
/px4_uxrce/new/px4-offboard_ws/install/px4_offboard/share/px4_offboard/package.xml
/px4_uxrce/new/px4-offboard_ws/install/px4_offboard/share/px4_offboard/offboard_position_control.launch.py
/px4_uxrce/new/px4-offboard_ws/install/px4_offboard/share/px4_offboard/visualize.launch.py
/px4_uxrce/new/px4-offboard_ws/install/px4_offboard/share/px4_offboard/offboard_hardware_position_control.launch.py
/px4_uxrce/new/px4-offboard_ws/install/px4_offboard/share/px4_offboard/visualize.rviz
/px4_uxrce/new/px4-offboard_ws/install/px4_offboard/lib/python3.10/site-packages/px4_offboard-0.0.0-py3.10.egg-info/requires.txt
/px4_uxrce/new/px4-offboard_ws/install/px4_offboard/lib/python3.10/site-packages/px4_offboard-0.0.0-py3.10.egg-info/entry_points.txt
/px4_uxrce/new/px4-offboard_ws/install/px4_offboard/lib/python3.10/site-packages/px4_offboard-0.0.0-py3.10.egg-info/zip-safe
/px4_uxrce/new/px4-offboard_ws/install/px4_offboard/lib/python3.10/site-packages/px4_offboard-0.0.0-py3.10.egg-info/dependency_links.txt
/px4_uxrce/new/px4-offboard_ws/install/px4_offboard/lib/python3.10/site-packages/px4_offboard-0.0.0-py3.10.egg-info/top_level.txt
/px4_uxrce/new/px4-offboard_ws/install/px4_offboard/lib/python3.10/site-packages/px4_offboard-0.0.0-py3.10.egg-info/PKG-INFO
/px4_uxrce/new/px4-offboard_ws/install/px4_offboard/lib/python3.10/site-packages/px4_offboard-0.0.0-py3.10.egg-info/SOURCES.txt
/px4_uxrce/new/px4-offboard_ws/install/px4_offboard/lib/px4_offboard/offboard_control
/px4_uxrce/new/px4-offboard_ws/install/px4_offboard/lib/px4_offboard/visualizer
