[0.010s] Invoking command in '/px4_uxrce/camera_ws/build/realsense2_camera': AMENT_PREFIX_PATH=/px4_uxrce/camera_ws/install/realsense2_camera_msgs:${AMENT_PREFIX_PATH} CMAKE_PREFIX_PATH=/px4_uxrce/camera_ws/install/realsense2_camera_msgs:/px4_uxrce/camera_ws/install/librealsense2:/opt/ros/humble LD_LIBRARY_PATH=/px4_uxrce/camera_ws/install/realsense2_camera_msgs/lib:/px4_uxrce/camera_ws/install/librealsense2/lib:${LD_LIBRARY_PATH} PATH=/px4_uxrce/camera_ws/install/librealsense2/bin:${PATH} PKG_CONFIG_PATH=/px4_uxrce/camera_ws/install/librealsense2/lib/x86_64-linux-gnu/pkgconfig:/px4_uxrce/camera_ws/install/librealsense2/lib/pkgconfig PYTHONPATH=/px4_uxrce/camera_ws/install/realsense2_camera_msgs/local/lib/python3.10/dist-packages:${PYTHONPATH} /usr/bin/cmake /px4_uxrce/camera_ws/src/realsense-ros/realsense2_camera -DCMAKE_INSTALL_PREFIX=/px4_uxrce/camera_ws/install/realsense2_camera
[0.021s] -- Create Release Build.
[0.022s] -- Found ament_cmake: 1.3.11 (/opt/ros/humble/share/ament_cmake/cmake)
[0.150s] -- Found builtin_interfaces: 1.2.1 (/opt/ros/humble/share/builtin_interfaces/cmake)
[0.175s] -- Found rosidl_generator_c: 3.1.6 (/opt/ros/humble/share/rosidl_generator_c/cmake)
[0.178s] -- Found rosidl_adapter: 3.1.6 (/opt/ros/humble/share/rosidl_adapter/cmake)
[0.185s] -- Found rosidl_generator_cpp: 3.1.6 (/opt/ros/humble/share/rosidl_generator_cpp/cmake)
[0.196s] -- Using all available rosidl_typesupport_c: rosidl_typesupport_fastrtps_c;rosidl_typesupport_introspection_c
[0.210s] -- Using all available rosidl_typesupport_cpp: rosidl_typesupport_fastrtps_cpp;rosidl_typesupport_introspection_cpp
[0.226s] -- Found cv_bridge: 3.2.1 (/opt/ros/humble/share/cv_bridge/cmake)
[0.290s] -- Found image_transport: 3.1.10 (/opt/ros/humble/share/image_transport/cmake)
[0.323s] -- Found rmw_implementation_cmake: 6.1.2 (/opt/ros/humble/share/rmw_implementation_cmake/cmake)
[0.324s] -- Found rmw_fastrtps_cpp: 6.2.7 (/opt/ros/humble/share/rmw_fastrtps_cpp/cmake)
[0.430s] -- Using RMW implementation 'rmw_fastrtps_cpp' as default
[0.493s] -- Found rclcpp_components: 16.0.11 (/opt/ros/humble/share/rclcpp_components/cmake)
[0.512s] -- Found realsense2_camera_msgs: 4.55.1 (/px4_uxrce/camera_ws/install/realsense2_camera_msgs/share/realsense2_camera_msgs/cmake)
[0.532s] -- Found nav_msgs: 4.2.4 (/opt/ros/humble/share/nav_msgs/cmake)
[0.551s] -- Found tf2_ros: 0.25.12 (/opt/ros/humble/share/tf2_ros/cmake)
[0.620s] -- Found diagnostic_updater: 4.0.2 (/opt/ros/humble/share/diagnostic_updater/cmake)
[0.655s] -- Found OpenCV: /usr (found version "4.5.4") found components: core 
[0.656s] -- Build for ROS2 Humble
[0.663s] -- Found ament_cmake_gtest: 1.3.11 (/opt/ros/humble/share/ament_cmake_gtest/cmake)
[0.665s] -- Found gtest sources under '/opt/ros/humble/src/gtest_vendor': C++ tests using 'Google Test' will be built
[0.672s] -- Found ament_cmake_pytest: 1.3.11 (/opt/ros/humble/share/ament_cmake_pytest/cmake)
[3.583s] -- rs_device_info:
[3.584s] -- No device detected. Is it plugged in?
[3.584s] 
[3.670s] -- Configuring done
[3.704s] -- Generating done
[3.715s] -- Build files have been written to: /px4_uxrce/camera_ws/build/realsense2_camera
[3.727s] Invoked command in '/px4_uxrce/camera_ws/build/realsense2_camera' returned '0': AMENT_PREFIX_PATH=/px4_uxrce/camera_ws/install/realsense2_camera_msgs:${AMENT_PREFIX_PATH} CMAKE_PREFIX_PATH=/px4_uxrce/camera_ws/install/realsense2_camera_msgs:/px4_uxrce/camera_ws/install/librealsense2:/opt/ros/humble LD_LIBRARY_PATH=/px4_uxrce/camera_ws/install/realsense2_camera_msgs/lib:/px4_uxrce/camera_ws/install/librealsense2/lib:${LD_LIBRARY_PATH} PATH=/px4_uxrce/camera_ws/install/librealsense2/bin:${PATH} PKG_CONFIG_PATH=/px4_uxrce/camera_ws/install/librealsense2/lib/x86_64-linux-gnu/pkgconfig:/px4_uxrce/camera_ws/install/librealsense2/lib/pkgconfig PYTHONPATH=/px4_uxrce/camera_ws/install/realsense2_camera_msgs/local/lib/python3.10/dist-packages:${PYTHONPATH} /usr/bin/cmake /px4_uxrce/camera_ws/src/realsense-ros/realsense2_camera -DCMAKE_INSTALL_PREFIX=/px4_uxrce/camera_ws/install/realsense2_camera
[3.729s] Invoking command in '/px4_uxrce/camera_ws/build/realsense2_camera': AMENT_PREFIX_PATH=/px4_uxrce/camera_ws/install/realsense2_camera_msgs:${AMENT_PREFIX_PATH} CMAKE_PREFIX_PATH=/px4_uxrce/camera_ws/install/realsense2_camera_msgs:/px4_uxrce/camera_ws/install/librealsense2:/opt/ros/humble LD_LIBRARY_PATH=/px4_uxrce/camera_ws/install/realsense2_camera_msgs/lib:/px4_uxrce/camera_ws/install/librealsense2/lib:${LD_LIBRARY_PATH} PATH=/px4_uxrce/camera_ws/install/librealsense2/bin:${PATH} PKG_CONFIG_PATH=/px4_uxrce/camera_ws/install/librealsense2/lib/x86_64-linux-gnu/pkgconfig:/px4_uxrce/camera_ws/install/librealsense2/lib/pkgconfig PYTHONPATH=/px4_uxrce/camera_ws/install/realsense2_camera_msgs/local/lib/python3.10/dist-packages:${PYTHONPATH} /usr/bin/cmake --build /px4_uxrce/camera_ws/build/realsense2_camera -- -j12 -l12
[3.777s] [  4%] [32mBuilding CXX object gtest/CMakeFiles/gtest.dir/src/gtest-all.cc.o[0m
[3.777s] [  9%] [32mBuilding CXX object gtest/CMakeFiles/gtest_main.dir/src/gtest_main.cc.o[0m
[3.779s] [ 18%] [32mBuilding CXX object CMakeFiles/realsense2_camera.dir/src/ros_sensor.cpp.o[0m
[3.779s] [ 18%] [32mBuilding CXX object CMakeFiles/realsense2_camera.dir/src/realsense_node_factory.cpp.o[0m
[3.780s] [ 22%] [32mBuilding CXX object CMakeFiles/realsense2_camera.dir/src/parameters.cpp.o[0m
[3.780s] [ 27%] [32mBuilding CXX object CMakeFiles/realsense2_camera.dir/src/ros_utils.cpp.o[0m
[3.781s] [ 31%] [32mBuilding CXX object CMakeFiles/realsense2_camera.dir/src/base_realsense_node.cpp.o[0m
[3.782s] [ 36%] [32mBuilding CXX object CMakeFiles/realsense2_camera.dir/src/named_filter.cpp.o[0m
[3.782s] [ 40%] [32mBuilding CXX object CMakeFiles/realsense2_camera.dir/src/dynamic_params.cpp.o[0m
[3.783s] [ 45%] [32mBuilding CXX object CMakeFiles/realsense2_camera_node.dir/rclcpp_components/node_main_realsense2_camera_node.cpp.o[0m
[3.787s] [ 50%] [32mBuilding CXX object CMakeFiles/realsense2_camera.dir/src/sensor_params.cpp.o[0m
[3.790s] [ 54%] [32mBuilding CXX object CMakeFiles/realsense2_camera.dir/src/rs_node_setup.cpp.o[0m
[4.894s] [ 59%] [32m[1mLinking CXX static library libgtest_main.a[0m
[5.060s] [ 59%] Built target gtest_main
[5.146s] [ 63%] [32mBuilding CXX object CMakeFiles/realsense2_camera.dir/src/profile_manager.cpp.o[0m
[10.428s] [ 68%] [32mBuilding CXX object CMakeFiles/realsense2_camera.dir/src/image_publisher.cpp.o[0m
[10.688s] [ 72%] [32m[1mLinking CXX executable realsense2_camera_node[0m
[11.143s] [ 72%] Built target realsense2_camera_node
[11.186s] [ 77%] [32mBuilding CXX object CMakeFiles/realsense2_camera.dir/src/tfs.cpp.o[0m
[13.479s] [ 81%] [32mBuilding CXX object CMakeFiles/realsense2_camera.dir/src/ros_param_backend.cpp.o[0m
[18.153s] [ 86%] [32m[1mLinking CXX static library libgtest.a[0m
[18.192s] [ 86%] Built target gtest
[18.212s] [ 90%] [32mBuilding CXX object CMakeFiles/gtest_template.dir/test/gtest_template.cpp.o[0m
[19.524s] [ 95%] [32m[1mLinking CXX executable gtest_template[0m
[19.679s] [ 95%] Built target gtest_template
[25.177s] [100%] [32m[1mLinking CXX shared library librealsense2_camera.so[0m
[25.751s] [100%] Built target realsense2_camera
[25.761s] Invoked command in '/px4_uxrce/camera_ws/build/realsense2_camera' returned '0': AMENT_PREFIX_PATH=/px4_uxrce/camera_ws/install/realsense2_camera_msgs:${AMENT_PREFIX_PATH} CMAKE_PREFIX_PATH=/px4_uxrce/camera_ws/install/realsense2_camera_msgs:/px4_uxrce/camera_ws/install/librealsense2:/opt/ros/humble LD_LIBRARY_PATH=/px4_uxrce/camera_ws/install/realsense2_camera_msgs/lib:/px4_uxrce/camera_ws/install/librealsense2/lib:${LD_LIBRARY_PATH} PATH=/px4_uxrce/camera_ws/install/librealsense2/bin:${PATH} PKG_CONFIG_PATH=/px4_uxrce/camera_ws/install/librealsense2/lib/x86_64-linux-gnu/pkgconfig:/px4_uxrce/camera_ws/install/librealsense2/lib/pkgconfig PYTHONPATH=/px4_uxrce/camera_ws/install/realsense2_camera_msgs/local/lib/python3.10/dist-packages:${PYTHONPATH} /usr/bin/cmake --build /px4_uxrce/camera_ws/build/realsense2_camera -- -j12 -l12
[25.763s] Invoking command in '/px4_uxrce/camera_ws/build/realsense2_camera': AMENT_PREFIX_PATH=/px4_uxrce/camera_ws/install/realsense2_camera_msgs:${AMENT_PREFIX_PATH} CMAKE_PREFIX_PATH=/px4_uxrce/camera_ws/install/realsense2_camera_msgs:/px4_uxrce/camera_ws/install/librealsense2:/opt/ros/humble LD_LIBRARY_PATH=/px4_uxrce/camera_ws/install/realsense2_camera_msgs/lib:/px4_uxrce/camera_ws/install/librealsense2/lib:${LD_LIBRARY_PATH} PATH=/px4_uxrce/camera_ws/install/librealsense2/bin:${PATH} PKG_CONFIG_PATH=/px4_uxrce/camera_ws/install/librealsense2/lib/x86_64-linux-gnu/pkgconfig:/px4_uxrce/camera_ws/install/librealsense2/lib/pkgconfig PYTHONPATH=/px4_uxrce/camera_ws/install/realsense2_camera_msgs/local/lib/python3.10/dist-packages:${PYTHONPATH} /usr/bin/cmake --install /px4_uxrce/camera_ws/build/realsense2_camera
[25.769s] -- Install configuration: "Release"
[25.769s] -- Installing: /px4_uxrce/camera_ws/install/realsense2_camera/lib/realsense2_camera/realsense2_camera_node
[25.770s] -- Set runtime path of "/px4_uxrce/camera_ws/install/realsense2_camera/lib/realsense2_camera/realsense2_camera_node" to ""
[25.770s] -- Installing: /px4_uxrce/camera_ws/install/realsense2_camera/lib/librealsense2_camera.so
[25.772s] -- Set runtime path of "/px4_uxrce/camera_ws/install/realsense2_camera/lib/librealsense2_camera.so" to ""
[25.772s] -- Installing: /px4_uxrce/camera_ws/install/realsense2_camera/include
[25.773s] -- Installing: /px4_uxrce/camera_ws/install/realsense2_camera/include/image_publisher.h
[25.773s] -- Installing: /px4_uxrce/camera_ws/install/realsense2_camera/include/ros_utils.h
[25.773s] -- Installing: /px4_uxrce/camera_ws/install/realsense2_camera/include/base_realsense_node.h
[25.773s] -- Installing: /px4_uxrce/camera_ws/install/realsense2_camera/include/constants.h
[25.773s] -- Installing: /px4_uxrce/camera_ws/install/realsense2_camera/include/sensor_params.h
[25.773s] -- Installing: /px4_uxrce/camera_ws/install/realsense2_camera/include/named_filter.h
[25.773s] -- Installing: /px4_uxrce/camera_ws/install/realsense2_camera/include/gl_window.h
[25.773s] -- Installing: /px4_uxrce/camera_ws/install/realsense2_camera/include/ros_param_backend.h
[25.773s] -- Installing: /px4_uxrce/camera_ws/install/realsense2_camera/include/profile_manager.h
[25.774s] -- Installing: /px4_uxrce/camera_ws/install/realsense2_camera/include/ros_sensor.h
[25.774s] -- Installing: /px4_uxrce/camera_ws/install/realsense2_camera/include/dynamic_params.h
[25.774s] -- Installing: /px4_uxrce/camera_ws/install/realsense2_camera/include/realsense_node_factory.h
[25.774s] -- Installing: /px4_uxrce/camera_ws/install/realsense2_camera/share/realsense2_camera/launch
[25.774s] -- Installing: /px4_uxrce/camera_ws/install/realsense2_camera/share/realsense2_camera/launch/default.rviz
[25.774s] -- Installing: /px4_uxrce/camera_ws/install/realsense2_camera/share/realsense2_camera/launch/rs_intra_process_demo_launch.py
[25.774s] -- Installing: /px4_uxrce/camera_ws/install/realsense2_camera/share/realsense2_camera/launch/rs_multi_camera_launch.py
[25.775s] -- Installing: /px4_uxrce/camera_ws/install/realsense2_camera/share/realsense2_camera/launch/rs_launch.py
[25.776s] -- Installing: /px4_uxrce/camera_ws/install/realsense2_camera/share/realsense2_camera/examples
[25.776s] -- Installing: /px4_uxrce/camera_ws/install/realsense2_camera/share/realsense2_camera/examples/launch_params_from_file
[25.776s] -- Installing: /px4_uxrce/camera_ws/install/realsense2_camera/share/realsense2_camera/examples/launch_params_from_file/config
[25.776s] -- Installing: /px4_uxrce/camera_ws/install/realsense2_camera/share/realsense2_camera/examples/launch_params_from_file/config/config.yaml
[25.776s] -- Installing: /px4_uxrce/camera_ws/install/realsense2_camera/share/realsense2_camera/examples/launch_params_from_file/README.md
[25.776s] -- Installing: /px4_uxrce/camera_ws/install/realsense2_camera/share/realsense2_camera/examples/launch_params_from_file/rs_launch_get_params_from_yaml.py
[25.777s] -- Installing: /px4_uxrce/camera_ws/install/realsense2_camera/share/realsense2_camera/examples/align_depth
[25.777s] -- Installing: /px4_uxrce/camera_ws/install/realsense2_camera/share/realsense2_camera/examples/align_depth/rs_align_depth_launch.py
[25.777s] -- Installing: /px4_uxrce/camera_ws/install/realsense2_camera/share/realsense2_camera/examples/align_depth/README.md
[25.777s] -- Installing: /px4_uxrce/camera_ws/install/realsense2_camera/share/realsense2_camera/examples/pointcloud
[25.777s] -- Installing: /px4_uxrce/camera_ws/install/realsense2_camera/share/realsense2_camera/examples/pointcloud/rs_d405_pointcloud_launch.py
[25.778s] -- Installing: /px4_uxrce/camera_ws/install/realsense2_camera/share/realsense2_camera/examples/pointcloud/rs_pointcloud_launch.py
[25.778s] -- Installing: /px4_uxrce/camera_ws/install/realsense2_camera/share/realsense2_camera/examples/pointcloud/rviz
[25.778s] -- Installing: /px4_uxrce/camera_ws/install/realsense2_camera/share/realsense2_camera/examples/pointcloud/rviz/pointcloud.rviz
[25.778s] -- Installing: /px4_uxrce/camera_ws/install/realsense2_camera/share/realsense2_camera/examples/pointcloud/rviz/urdf_pointcloud.rviz
[25.778s] -- Installing: /px4_uxrce/camera_ws/install/realsense2_camera/share/realsense2_camera/examples/pointcloud/rs_d455_pointcloud_launch.py
[25.779s] -- Installing: /px4_uxrce/camera_ws/install/realsense2_camera/share/realsense2_camera/examples/pointcloud/README.md
[25.779s] -- Installing: /px4_uxrce/camera_ws/install/realsense2_camera/share/realsense2_camera/examples/launch_from_rosbag
[25.779s] -- Installing: /px4_uxrce/camera_ws/install/realsense2_camera/share/realsense2_camera/examples/launch_from_rosbag/rs_launch_from_rosbag.py
[25.779s] -- Installing: /px4_uxrce/camera_ws/install/realsense2_camera/share/realsense2_camera/examples/launch_from_rosbag/README.md
[25.779s] -- Installing: /px4_uxrce/camera_ws/install/realsense2_camera/share/realsense2_camera/examples/dual_camera
[25.779s] -- Installing: /px4_uxrce/camera_ws/install/realsense2_camera/share/realsense2_camera/examples/dual_camera/rs_dual_camera_launch.py
[25.780s] -- Installing: /px4_uxrce/camera_ws/install/realsense2_camera/share/realsense2_camera/examples/dual_camera/rviz
[25.780s] -- Installing: /px4_uxrce/camera_ws/install/realsense2_camera/share/realsense2_camera/examples/dual_camera/rviz/dual_camera_pointcloud.rviz
[25.780s] -- Installing: /px4_uxrce/camera_ws/install/realsense2_camera/share/realsense2_camera/examples/dual_camera/README.md
[25.780s] -- Installing: /px4_uxrce/camera_ws/install/realsense2_camera/share/realsense2_camera/environment/library_path.sh
[25.780s] -- Installing: /px4_uxrce/camera_ws/install/realsense2_camera/share/realsense2_camera/environment/library_path.dsv
[25.780s] -- Installing: /px4_uxrce/camera_ws/install/realsense2_camera/share/ament_index/resource_index/package_run_dependencies/realsense2_camera
[25.780s] -- Installing: /px4_uxrce/camera_ws/install/realsense2_camera/share/ament_index/resource_index/parent_prefix_path/realsense2_camera
[25.780s] -- Installing: /px4_uxrce/camera_ws/install/realsense2_camera/share/realsense2_camera/environment/ament_prefix_path.sh
[25.781s] -- Installing: /px4_uxrce/camera_ws/install/realsense2_camera/share/realsense2_camera/environment/ament_prefix_path.dsv
[25.781s] -- Installing: /px4_uxrce/camera_ws/install/realsense2_camera/share/realsense2_camera/environment/path.sh
[25.781s] -- Installing: /px4_uxrce/camera_ws/install/realsense2_camera/share/realsense2_camera/environment/path.dsv
[25.781s] -- Installing: /px4_uxrce/camera_ws/install/realsense2_camera/share/realsense2_camera/local_setup.bash
[25.781s] -- Installing: /px4_uxrce/camera_ws/install/realsense2_camera/share/realsense2_camera/local_setup.sh
[25.781s] -- Installing: /px4_uxrce/camera_ws/install/realsense2_camera/share/realsense2_camera/local_setup.zsh
[25.781s] -- Installing: /px4_uxrce/camera_ws/install/realsense2_camera/share/realsense2_camera/local_setup.dsv
[25.781s] -- Installing: /px4_uxrce/camera_ws/install/realsense2_camera/share/realsense2_camera/package.dsv
[25.782s] -- Installing: /px4_uxrce/camera_ws/install/realsense2_camera/share/ament_index/resource_index/packages/realsense2_camera
[25.782s] -- Installing: /px4_uxrce/camera_ws/install/realsense2_camera/share/ament_index/resource_index/rclcpp_components/realsense2_camera
[25.782s] -- Installing: /px4_uxrce/camera_ws/install/realsense2_camera/share/realsense2_camera/cmake/ament_cmake_export_include_directories-extras.cmake
[25.782s] -- Installing: /px4_uxrce/camera_ws/install/realsense2_camera/share/realsense2_camera/cmake/ament_cmake_export_libraries-extras.cmake
[25.782s] -- Installing: /px4_uxrce/camera_ws/install/realsense2_camera/share/realsense2_camera/cmake/ament_cmake_export_dependencies-extras.cmake
[25.782s] -- Installing: /px4_uxrce/camera_ws/install/realsense2_camera/share/realsense2_camera/cmake/realsense2_cameraConfig.cmake
[25.782s] -- Installing: /px4_uxrce/camera_ws/install/realsense2_camera/share/realsense2_camera/cmake/realsense2_cameraConfig-version.cmake
[25.782s] -- Installing: /px4_uxrce/camera_ws/install/realsense2_camera/share/realsense2_camera/package.xml
[25.784s] Invoked command in '/px4_uxrce/camera_ws/build/realsense2_camera' returned '0': AMENT_PREFIX_PATH=/px4_uxrce/camera_ws/install/realsense2_camera_msgs:${AMENT_PREFIX_PATH} CMAKE_PREFIX_PATH=/px4_uxrce/camera_ws/install/realsense2_camera_msgs:/px4_uxrce/camera_ws/install/librealsense2:/opt/ros/humble LD_LIBRARY_PATH=/px4_uxrce/camera_ws/install/realsense2_camera_msgs/lib:/px4_uxrce/camera_ws/install/librealsense2/lib:${LD_LIBRARY_PATH} PATH=/px4_uxrce/camera_ws/install/librealsense2/bin:${PATH} PKG_CONFIG_PATH=/px4_uxrce/camera_ws/install/librealsense2/lib/x86_64-linux-gnu/pkgconfig:/px4_uxrce/camera_ws/install/librealsense2/lib/pkgconfig PYTHONPATH=/px4_uxrce/camera_ws/install/realsense2_camera_msgs/local/lib/python3.10/dist-packages:${PYTHONPATH} /usr/bin/cmake --install /px4_uxrce/camera_ws/build/realsense2_camera
