running egg_info
creating ../../../../../build/examples_rclpy_minimal_publisher/examples_rclpy_minimal_publisher.egg-info
writing ../../../../../build/examples_rclpy_minimal_publisher/examples_rclpy_minimal_publisher.egg-info/PKG-INFO
writing dependency_links to ../../../../../build/examples_rclpy_minimal_publisher/examples_rclpy_minimal_publisher.egg-info/dependency_links.txt
writing entry points to ../../../../../build/examples_rclpy_minimal_publisher/examples_rclpy_minimal_publisher.egg-info/entry_points.txt
writing requirements to ../../../../../build/examples_rclpy_minimal_publisher/examples_rclpy_minimal_publisher.egg-info/requires.txt
writing top-level names to ../../../../../build/examples_rclpy_minimal_publisher/examples_rclpy_minimal_publisher.egg-info/top_level.txt
writing manifest file '../../../../../build/examples_rclpy_minimal_publisher/examples_rclpy_minimal_publisher.egg-info/SOURCES.txt'
reading manifest file '../../../../../build/examples_rclpy_minimal_publisher/examples_rclpy_minimal_publisher.egg-info/SOURCES.txt'
writing manifest file '../../../../../build/examples_rclpy_minimal_publisher/examples_rclpy_minimal_publisher.egg-info/SOURCES.txt'
running build
running build_py
creating /px4_uxrce/t265_px4_bridge/build/examples_rclpy_minimal_publisher/build
creating /px4_uxrce/t265_px4_bridge/build/examples_rclpy_minimal_publisher/build/lib
creating /px4_uxrce/t265_px4_bridge/build/examples_rclpy_minimal_publisher/build/lib/examples_rclpy_minimal_publisher
copying examples_rclpy_minimal_publisher/__init__.py -> /px4_uxrce/t265_px4_bridge/build/examples_rclpy_minimal_publisher/build/lib/examples_rclpy_minimal_publisher
copying examples_rclpy_minimal_publisher/publisher_local_function.py -> /px4_uxrce/t265_px4_bridge/build/examples_rclpy_minimal_publisher/build/lib/examples_rclpy_minimal_publisher
copying examples_rclpy_minimal_publisher/publisher_member_function.py -> /px4_uxrce/t265_px4_bridge/build/examples_rclpy_minimal_publisher/build/lib/examples_rclpy_minimal_publisher
copying examples_rclpy_minimal_publisher/publisher_old_school.py -> /px4_uxrce/t265_px4_bridge/build/examples_rclpy_minimal_publisher/build/lib/examples_rclpy_minimal_publisher
running install
running install_lib
creating /px4_uxrce/t265_px4_bridge/install/examples_rclpy_minimal_publisher/lib/python3.10/site-packages/examples_rclpy_minimal_publisher
copying /px4_uxrce/t265_px4_bridge/build/examples_rclpy_minimal_publisher/build/lib/examples_rclpy_minimal_publisher/__init__.py -> /px4_uxrce/t265_px4_bridge/install/examples_rclpy_minimal_publisher/lib/python3.10/site-packages/examples_rclpy_minimal_publisher
copying /px4_uxrce/t265_px4_bridge/build/examples_rclpy_minimal_publisher/build/lib/examples_rclpy_minimal_publisher/publisher_local_function.py -> /px4_uxrce/t265_px4_bridge/install/examples_rclpy_minimal_publisher/lib/python3.10/site-packages/examples_rclpy_minimal_publisher
copying /px4_uxrce/t265_px4_bridge/build/examples_rclpy_minimal_publisher/build/lib/examples_rclpy_minimal_publisher/publisher_member_function.py -> /px4_uxrce/t265_px4_bridge/install/examples_rclpy_minimal_publisher/lib/python3.10/site-packages/examples_rclpy_minimal_publisher
copying /px4_uxrce/t265_px4_bridge/build/examples_rclpy_minimal_publisher/build/lib/examples_rclpy_minimal_publisher/publisher_old_school.py -> /px4_uxrce/t265_px4_bridge/install/examples_rclpy_minimal_publisher/lib/python3.10/site-packages/examples_rclpy_minimal_publisher
byte-compiling /px4_uxrce/t265_px4_bridge/install/examples_rclpy_minimal_publisher/lib/python3.10/site-packages/examples_rclpy_minimal_publisher/__init__.py to __init__.cpython-310.pyc
byte-compiling /px4_uxrce/t265_px4_bridge/install/examples_rclpy_minimal_publisher/lib/python3.10/site-packages/examples_rclpy_minimal_publisher/publisher_local_function.py to publisher_local_function.cpython-310.pyc
byte-compiling /px4_uxrce/t265_px4_bridge/install/examples_rclpy_minimal_publisher/lib/python3.10/site-packages/examples_rclpy_minimal_publisher/publisher_member_function.py to publisher_member_function.cpython-310.pyc
byte-compiling /px4_uxrce/t265_px4_bridge/install/examples_rclpy_minimal_publisher/lib/python3.10/site-packages/examples_rclpy_minimal_publisher/publisher_old_school.py to publisher_old_school.cpython-310.pyc
running install_data
creating /px4_uxrce/t265_px4_bridge/install/examples_rclpy_minimal_publisher/share/ament_index
creating /px4_uxrce/t265_px4_bridge/install/examples_rclpy_minimal_publisher/share/ament_index/resource_index
creating /px4_uxrce/t265_px4_bridge/install/examples_rclpy_minimal_publisher/share/ament_index/resource_index/packages
copying resource/examples_rclpy_minimal_publisher -> /px4_uxrce/t265_px4_bridge/install/examples_rclpy_minimal_publisher/share/ament_index/resource_index/packages
copying package.xml -> /px4_uxrce/t265_px4_bridge/install/examples_rclpy_minimal_publisher/share/examples_rclpy_minimal_publisher
running install_egg_info
Copying ../../../../../build/examples_rclpy_minimal_publisher/examples_rclpy_minimal_publisher.egg-info to /px4_uxrce/t265_px4_bridge/install/examples_rclpy_minimal_publisher/lib/python3.10/site-packages/examples_rclpy_minimal_publisher-0.15.3-py3.10.egg-info
running install_scripts
Installing publisher_local_function script to /px4_uxrce/t265_px4_bridge/install/examples_rclpy_minimal_publisher/lib/examples_rclpy_minimal_publisher
Installing publisher_member_function script to /px4_uxrce/t265_px4_bridge/install/examples_rclpy_minimal_publisher/lib/examples_rclpy_minimal_publisher
Installing publisher_old_school script to /px4_uxrce/t265_px4_bridge/install/examples_rclpy_minimal_publisher/lib/examples_rclpy_minimal_publisher
writing list of installed files to '/px4_uxrce/t265_px4_bridge/build/examples_rclpy_minimal_publisher/install.log'
