[35m[1mConsolidate compiler generated dependencies of target wait_set_talker[0m
[35m[1mConsolidate compiler generated dependencies of target talker[0m
[35m[1mConsolidate compiler generated dependencies of target wait_set[0m
[35m[1mConsolidate compiler generated dependencies of target listener[0m
[35m[1mConsolidate compiler generated dependencies of target wait_set_listener[0m
[35m[1mConsolidate compiler generated dependencies of target static_wait_set[0m
[35m[1mConsolidate compiler generated dependencies of target executor_random_order[0m
[  8%] Built target wait_set_talker
[35m[1mConsolidate compiler generated dependencies of target thread_safe_wait_set[0m
[35m[1mConsolidate compiler generated dependencies of target wait_set_topics_and_timer[0m
[35m[1mConsolidate compiler generated dependencies of target wait_set_topics_with_different_rates[0m
[ 16%] Built target talker
[ 25%] Built target listener
[35m[1mConsolidate compiler generated dependencies of target wait_set_random_order[0m
[ 33%] Built target static_wait_set
[ 41%] Built target wait_set_listener
[ 50%] Built target thread_safe_wait_set
[ 58%] Built target executor_random_order
[ 70%] Built target wait_set
[ 75%] Built target wait_set_topics_and_timer
[ 83%] Built target wait_set_random_order
[ 91%] Built target wait_set_topics_with_different_rates
[35m[1mConsolidate compiler generated dependencies of target wait_set_composed[0m
[100%] Built target wait_set_composed
-- Install configuration: ""
-- Up-to-date: /px4_uxrce/t265_px4_bridge/install/examples_rclcpp_wait_set/lib/examples_rclcpp_wait_set/wait_set_talker
-- Up-to-date: /px4_uxrce/t265_px4_bridge/install/examples_rclcpp_wait_set/lib/examples_rclcpp_wait_set/wait_set_listener
-- Up-to-date: /px4_uxrce/t265_px4_bridge/install/examples_rclcpp_wait_set/lib/libtalker.so
-- Up-to-date: /px4_uxrce/t265_px4_bridge/install/examples_rclcpp_wait_set/lib/liblistener.so
-- Up-to-date: /px4_uxrce/t265_px4_bridge/install/examples_rclcpp_wait_set/lib/examples_rclcpp_wait_set/wait_set
-- Up-to-date: /px4_uxrce/t265_px4_bridge/install/examples_rclcpp_wait_set/lib/examples_rclcpp_wait_set/static_wait_set
-- Up-to-date: /px4_uxrce/t265_px4_bridge/install/examples_rclcpp_wait_set/lib/examples_rclcpp_wait_set/thread_safe_wait_set
-- Up-to-date: /px4_uxrce/t265_px4_bridge/install/examples_rclcpp_wait_set/lib/examples_rclcpp_wait_set/wait_set_topics_and_timer
-- Up-to-date: /px4_uxrce/t265_px4_bridge/install/examples_rclcpp_wait_set/lib/examples_rclcpp_wait_set/wait_set_random_order
-- Up-to-date: /px4_uxrce/t265_px4_bridge/install/examples_rclcpp_wait_set/lib/examples_rclcpp_wait_set/executor_random_order
-- Up-to-date: /px4_uxrce/t265_px4_bridge/install/examples_rclcpp_wait_set/lib/examples_rclcpp_wait_set/wait_set_topics_with_different_rates
-- Up-to-date: /px4_uxrce/t265_px4_bridge/install/examples_rclcpp_wait_set/lib/examples_rclcpp_wait_set/wait_set_composed
-- Up-to-date: /px4_uxrce/t265_px4_bridge/install/examples_rclcpp_wait_set/share/ament_index/resource_index/package_run_dependencies/examples_rclcpp_wait_set
-- Up-to-date: /px4_uxrce/t265_px4_bridge/install/examples_rclcpp_wait_set/share/ament_index/resource_index/parent_prefix_path/examples_rclcpp_wait_set
-- Up-to-date: /px4_uxrce/t265_px4_bridge/install/examples_rclcpp_wait_set/share/examples_rclcpp_wait_set/environment/ament_prefix_path.sh
-- Up-to-date: /px4_uxrce/t265_px4_bridge/install/examples_rclcpp_wait_set/share/examples_rclcpp_wait_set/environment/ament_prefix_path.dsv
-- Up-to-date: /px4_uxrce/t265_px4_bridge/install/examples_rclcpp_wait_set/share/examples_rclcpp_wait_set/environment/path.sh
-- Up-to-date: /px4_uxrce/t265_px4_bridge/install/examples_rclcpp_wait_set/share/examples_rclcpp_wait_set/environment/path.dsv
-- Up-to-date: /px4_uxrce/t265_px4_bridge/install/examples_rclcpp_wait_set/share/examples_rclcpp_wait_set/local_setup.bash
-- Up-to-date: /px4_uxrce/t265_px4_bridge/install/examples_rclcpp_wait_set/share/examples_rclcpp_wait_set/local_setup.sh
-- Up-to-date: /px4_uxrce/t265_px4_bridge/install/examples_rclcpp_wait_set/share/examples_rclcpp_wait_set/local_setup.zsh
-- Up-to-date: /px4_uxrce/t265_px4_bridge/install/examples_rclcpp_wait_set/share/examples_rclcpp_wait_set/local_setup.dsv
-- Installing: /px4_uxrce/t265_px4_bridge/install/examples_rclcpp_wait_set/share/examples_rclcpp_wait_set/package.dsv
-- Up-to-date: /px4_uxrce/t265_px4_bridge/install/examples_rclcpp_wait_set/share/ament_index/resource_index/packages/examples_rclcpp_wait_set
-- Up-to-date: /px4_uxrce/t265_px4_bridge/install/examples_rclcpp_wait_set/share/ament_index/resource_index/rclcpp_components/examples_rclcpp_wait_set
-- Up-to-date: /px4_uxrce/t265_px4_bridge/install/examples_rclcpp_wait_set/share/examples_rclcpp_wait_set/cmake/examples_rclcpp_wait_setConfig.cmake
-- Up-to-date: /px4_uxrce/t265_px4_bridge/install/examples_rclcpp_wait_set/share/examples_rclcpp_wait_set/cmake/examples_rclcpp_wait_setConfig-version.cmake
-- Up-to-date: /px4_uxrce/t265_px4_bridge/install/examples_rclcpp_wait_set/share/examples_rclcpp_wait_set/package.xml
