[0.072s] Invoking command in '/px4_uxrce/t265_px4_bridge/build/examples_rclcpp_wait_set': CMAKE_PREFIX_PATH=/px4_uxrce/t265_px4_bridge/install/examples_rclcpp_wait_set:/px4_uxrce/t265_px4_bridge/install/examples_rclcpp_multithreaded_executor:/px4_uxrce/t265_px4_bridge/install/examples_rclcpp_minimal_timer:/px4_uxrce/t265_px4_bridge/install/examples_rclcpp_minimal_subscriber:/px4_uxrce/t265_px4_bridge/install/examples_rclcpp_minimal_service:/px4_uxrce/t265_px4_bridge/install/examples_rclcpp_minimal_publisher:/px4_uxrce/t265_px4_bridge/install/examples_rclcpp_minimal_composition:/px4_uxrce/t265_px4_bridge/install/examples_rclcpp_minimal_client:/px4_uxrce/t265_px4_bridge/install/examples_rclcpp_minimal_action_server:/px4_uxrce/t265_px4_bridge/install/examples_rclcpp_minimal_action_client:/px4_uxrce/t265_px4_bridge/install/examples_rclcpp_cbg_executor:/px4_uxrce/t265_px4_bridge/install/examples_rclcpp_async_client:/px4_uxrce/t265_px4_bridge/install/launch_testing_examples:/px4_uxrce/t265_px4_bridge/install/examples_rclpy_pointcloud_publisher:/px4_uxrce/t265_px4_bridge/install/examples_rclpy_minimal_subscriber:/px4_uxrce/t265_px4_bridge/install/examples_rclpy_minimal_service:/px4_uxrce/t265_px4_bridge/install/examples_rclpy_minimal_publisher:/px4_uxrce/t265_px4_bridge/install/examples_rclpy_minimal_client:/px4_uxrce/t265_px4_bridge/install/examples_rclpy_minimal_action_server:/px4_uxrce/t265_px4_bridge/install/examples_rclpy_minimal_action_client:/px4_uxrce/t265_px4_bridge/install/examples_rclpy_guard_conditions:/px4_uxrce/t265_px4_bridge/install/examples_rclpy_executors:/opt/ros/humble:/px4_uxrce/test_ws/install/t265_to_px4_bridge:/px4_uxrce/t265_px4_bridge/install/t265_to_px4_bridge /usr/bin/cmake --build /px4_uxrce/t265_px4_bridge/build/examples_rclcpp_wait_set -- -j12 -l12
[0.209s] [35m[1mConsolidate compiler generated dependencies of target wait_set_talker[0m
[0.209s] [35m[1mConsolidate compiler generated dependencies of target talker[0m
[0.209s] [35m[1mConsolidate compiler generated dependencies of target wait_set[0m
[0.209s] [35m[1mConsolidate compiler generated dependencies of target listener[0m
[0.209s] [35m[1mConsolidate compiler generated dependencies of target wait_set_listener[0m
[0.219s] [35m[1mConsolidate compiler generated dependencies of target static_wait_set[0m
[0.224s] [35m[1mConsolidate compiler generated dependencies of target executor_random_order[0m
[0.226s] [  8%] Built target wait_set_talker
[0.226s] [35m[1mConsolidate compiler generated dependencies of target thread_safe_wait_set[0m
[0.231s] [35m[1mConsolidate compiler generated dependencies of target wait_set_topics_and_timer[0m
[0.232s] [35m[1mConsolidate compiler generated dependencies of target wait_set_topics_with_different_rates[0m
[0.245s] [ 16%] Built target talker
[0.245s] [ 25%] Built target listener
[0.245s] [35m[1mConsolidate compiler generated dependencies of target wait_set_random_order[0m
[0.273s] [ 33%] Built target static_wait_set
[0.274s] [ 41%] Built target wait_set_listener
[0.276s] [ 50%] Built target thread_safe_wait_set
[0.277s] [ 58%] Built target executor_random_order
[0.278s] [ 70%] Built target wait_set
[0.278s] [ 75%] Built target wait_set_topics_and_timer
[0.282s] [ 83%] Built target wait_set_random_order
[0.284s] [ 91%] Built target wait_set_topics_with_different_rates
[0.288s] [35m[1mConsolidate compiler generated dependencies of target wait_set_composed[0m
[0.314s] [100%] Built target wait_set_composed
[0.650s] Invoked command in '/px4_uxrce/t265_px4_bridge/build/examples_rclcpp_wait_set' returned '0': CMAKE_PREFIX_PATH=/px4_uxrce/t265_px4_bridge/install/examples_rclcpp_wait_set:/px4_uxrce/t265_px4_bridge/install/examples_rclcpp_multithreaded_executor:/px4_uxrce/t265_px4_bridge/install/examples_rclcpp_minimal_timer:/px4_uxrce/t265_px4_bridge/install/examples_rclcpp_minimal_subscriber:/px4_uxrce/t265_px4_bridge/install/examples_rclcpp_minimal_service:/px4_uxrce/t265_px4_bridge/install/examples_rclcpp_minimal_publisher:/px4_uxrce/t265_px4_bridge/install/examples_rclcpp_minimal_composition:/px4_uxrce/t265_px4_bridge/install/examples_rclcpp_minimal_client:/px4_uxrce/t265_px4_bridge/install/examples_rclcpp_minimal_action_server:/px4_uxrce/t265_px4_bridge/install/examples_rclcpp_minimal_action_client:/px4_uxrce/t265_px4_bridge/install/examples_rclcpp_cbg_executor:/px4_uxrce/t265_px4_bridge/install/examples_rclcpp_async_client:/px4_uxrce/t265_px4_bridge/install/launch_testing_examples:/px4_uxrce/t265_px4_bridge/install/examples_rclpy_pointcloud_publisher:/px4_uxrce/t265_px4_bridge/install/examples_rclpy_minimal_subscriber:/px4_uxrce/t265_px4_bridge/install/examples_rclpy_minimal_service:/px4_uxrce/t265_px4_bridge/install/examples_rclpy_minimal_publisher:/px4_uxrce/t265_px4_bridge/install/examples_rclpy_minimal_client:/px4_uxrce/t265_px4_bridge/install/examples_rclpy_minimal_action_server:/px4_uxrce/t265_px4_bridge/install/examples_rclpy_minimal_action_client:/px4_uxrce/t265_px4_bridge/install/examples_rclpy_guard_conditions:/px4_uxrce/t265_px4_bridge/install/examples_rclpy_executors:/opt/ros/humble:/px4_uxrce/test_ws/install/t265_to_px4_bridge:/px4_uxrce/t265_px4_bridge/install/t265_to_px4_bridge /usr/bin/cmake --build /px4_uxrce/t265_px4_bridge/build/examples_rclcpp_wait_set -- -j12 -l12
[0.651s] Invoking command in '/px4_uxrce/t265_px4_bridge/build/examples_rclcpp_wait_set': CMAKE_PREFIX_PATH=/px4_uxrce/t265_px4_bridge/install/examples_rclcpp_wait_set:/px4_uxrce/t265_px4_bridge/install/examples_rclcpp_multithreaded_executor:/px4_uxrce/t265_px4_bridge/install/examples_rclcpp_minimal_timer:/px4_uxrce/t265_px4_bridge/install/examples_rclcpp_minimal_subscriber:/px4_uxrce/t265_px4_bridge/install/examples_rclcpp_minimal_service:/px4_uxrce/t265_px4_bridge/install/examples_rclcpp_minimal_publisher:/px4_uxrce/t265_px4_bridge/install/examples_rclcpp_minimal_composition:/px4_uxrce/t265_px4_bridge/install/examples_rclcpp_minimal_client:/px4_uxrce/t265_px4_bridge/install/examples_rclcpp_minimal_action_server:/px4_uxrce/t265_px4_bridge/install/examples_rclcpp_minimal_action_client:/px4_uxrce/t265_px4_bridge/install/examples_rclcpp_cbg_executor:/px4_uxrce/t265_px4_bridge/install/examples_rclcpp_async_client:/px4_uxrce/t265_px4_bridge/install/launch_testing_examples:/px4_uxrce/t265_px4_bridge/install/examples_rclpy_pointcloud_publisher:/px4_uxrce/t265_px4_bridge/install/examples_rclpy_minimal_subscriber:/px4_uxrce/t265_px4_bridge/install/examples_rclpy_minimal_service:/px4_uxrce/t265_px4_bridge/install/examples_rclpy_minimal_publisher:/px4_uxrce/t265_px4_bridge/install/examples_rclpy_minimal_client:/px4_uxrce/t265_px4_bridge/install/examples_rclpy_minimal_action_server:/px4_uxrce/t265_px4_bridge/install/examples_rclpy_minimal_action_client:/px4_uxrce/t265_px4_bridge/install/examples_rclpy_guard_conditions:/px4_uxrce/t265_px4_bridge/install/examples_rclpy_executors:/opt/ros/humble:/px4_uxrce/test_ws/install/t265_to_px4_bridge:/px4_uxrce/t265_px4_bridge/install/t265_to_px4_bridge /usr/bin/cmake --install /px4_uxrce/t265_px4_bridge/build/examples_rclcpp_wait_set
[0.697s] -- Install configuration: ""
[0.697s] -- Up-to-date: /px4_uxrce/t265_px4_bridge/install/examples_rclcpp_wait_set/lib/examples_rclcpp_wait_set/wait_set_talker
[0.698s] -- Up-to-date: /px4_uxrce/t265_px4_bridge/install/examples_rclcpp_wait_set/lib/examples_rclcpp_wait_set/wait_set_listener
[0.698s] -- Up-to-date: /px4_uxrce/t265_px4_bridge/install/examples_rclcpp_wait_set/lib/libtalker.so
[0.698s] -- Up-to-date: /px4_uxrce/t265_px4_bridge/install/examples_rclcpp_wait_set/lib/liblistener.so
[0.698s] -- Up-to-date: /px4_uxrce/t265_px4_bridge/install/examples_rclcpp_wait_set/lib/examples_rclcpp_wait_set/wait_set
[0.698s] -- Up-to-date: /px4_uxrce/t265_px4_bridge/install/examples_rclcpp_wait_set/lib/examples_rclcpp_wait_set/static_wait_set
[0.698s] -- Up-to-date: /px4_uxrce/t265_px4_bridge/install/examples_rclcpp_wait_set/lib/examples_rclcpp_wait_set/thread_safe_wait_set
[0.698s] -- Up-to-date: /px4_uxrce/t265_px4_bridge/install/examples_rclcpp_wait_set/lib/examples_rclcpp_wait_set/wait_set_topics_and_timer
[0.699s] -- Up-to-date: /px4_uxrce/t265_px4_bridge/install/examples_rclcpp_wait_set/lib/examples_rclcpp_wait_set/wait_set_random_order
[0.699s] -- Up-to-date: /px4_uxrce/t265_px4_bridge/install/examples_rclcpp_wait_set/lib/examples_rclcpp_wait_set/executor_random_order
[0.699s] -- Up-to-date: /px4_uxrce/t265_px4_bridge/install/examples_rclcpp_wait_set/lib/examples_rclcpp_wait_set/wait_set_topics_with_different_rates
[0.700s] -- Up-to-date: /px4_uxrce/t265_px4_bridge/install/examples_rclcpp_wait_set/lib/examples_rclcpp_wait_set/wait_set_composed
[0.700s] -- Up-to-date: /px4_uxrce/t265_px4_bridge/install/examples_rclcpp_wait_set/share/ament_index/resource_index/package_run_dependencies/examples_rclcpp_wait_set
[0.700s] -- Up-to-date: /px4_uxrce/t265_px4_bridge/install/examples_rclcpp_wait_set/share/ament_index/resource_index/parent_prefix_path/examples_rclcpp_wait_set
[0.700s] -- Up-to-date: /px4_uxrce/t265_px4_bridge/install/examples_rclcpp_wait_set/share/examples_rclcpp_wait_set/environment/ament_prefix_path.sh
[0.701s] -- Up-to-date: /px4_uxrce/t265_px4_bridge/install/examples_rclcpp_wait_set/share/examples_rclcpp_wait_set/environment/ament_prefix_path.dsv
[0.701s] -- Up-to-date: /px4_uxrce/t265_px4_bridge/install/examples_rclcpp_wait_set/share/examples_rclcpp_wait_set/environment/path.sh
[0.701s] -- Up-to-date: /px4_uxrce/t265_px4_bridge/install/examples_rclcpp_wait_set/share/examples_rclcpp_wait_set/environment/path.dsv
[0.701s] -- Up-to-date: /px4_uxrce/t265_px4_bridge/install/examples_rclcpp_wait_set/share/examples_rclcpp_wait_set/local_setup.bash
[0.702s] -- Up-to-date: /px4_uxrce/t265_px4_bridge/install/examples_rclcpp_wait_set/share/examples_rclcpp_wait_set/local_setup.sh
[0.703s] -- Up-to-date: /px4_uxrce/t265_px4_bridge/install/examples_rclcpp_wait_set/share/examples_rclcpp_wait_set/local_setup.zsh
[0.703s] -- Up-to-date: /px4_uxrce/t265_px4_bridge/install/examples_rclcpp_wait_set/share/examples_rclcpp_wait_set/local_setup.dsv
[0.703s] -- Installing: /px4_uxrce/t265_px4_bridge/install/examples_rclcpp_wait_set/share/examples_rclcpp_wait_set/package.dsv
[0.704s] -- Up-to-date: /px4_uxrce/t265_px4_bridge/install/examples_rclcpp_wait_set/share/ament_index/resource_index/packages/examples_rclcpp_wait_set
[0.704s] -- Up-to-date: /px4_uxrce/t265_px4_bridge/install/examples_rclcpp_wait_set/share/ament_index/resource_index/rclcpp_components/examples_rclcpp_wait_set
[0.704s] -- Up-to-date: /px4_uxrce/t265_px4_bridge/install/examples_rclcpp_wait_set/share/examples_rclcpp_wait_set/cmake/examples_rclcpp_wait_setConfig.cmake
[0.704s] -- Up-to-date: /px4_uxrce/t265_px4_bridge/install/examples_rclcpp_wait_set/share/examples_rclcpp_wait_set/cmake/examples_rclcpp_wait_setConfig-version.cmake
[0.704s] -- Up-to-date: /px4_uxrce/t265_px4_bridge/install/examples_rclcpp_wait_set/share/examples_rclcpp_wait_set/package.xml
[1.724s] Invoked command in '/px4_uxrce/t265_px4_bridge/build/examples_rclcpp_wait_set' returned '0': CMAKE_PREFIX_PATH=/px4_uxrce/t265_px4_bridge/install/examples_rclcpp_wait_set:/px4_uxrce/t265_px4_bridge/install/examples_rclcpp_multithreaded_executor:/px4_uxrce/t265_px4_bridge/install/examples_rclcpp_minimal_timer:/px4_uxrce/t265_px4_bridge/install/examples_rclcpp_minimal_subscriber:/px4_uxrce/t265_px4_bridge/install/examples_rclcpp_minimal_service:/px4_uxrce/t265_px4_bridge/install/examples_rclcpp_minimal_publisher:/px4_uxrce/t265_px4_bridge/install/examples_rclcpp_minimal_composition:/px4_uxrce/t265_px4_bridge/install/examples_rclcpp_minimal_client:/px4_uxrce/t265_px4_bridge/install/examples_rclcpp_minimal_action_server:/px4_uxrce/t265_px4_bridge/install/examples_rclcpp_minimal_action_client:/px4_uxrce/t265_px4_bridge/install/examples_rclcpp_cbg_executor:/px4_uxrce/t265_px4_bridge/install/examples_rclcpp_async_client:/px4_uxrce/t265_px4_bridge/install/launch_testing_examples:/px4_uxrce/t265_px4_bridge/install/examples_rclpy_pointcloud_publisher:/px4_uxrce/t265_px4_bridge/install/examples_rclpy_minimal_subscriber:/px4_uxrce/t265_px4_bridge/install/examples_rclpy_minimal_service:/px4_uxrce/t265_px4_bridge/install/examples_rclpy_minimal_publisher:/px4_uxrce/t265_px4_bridge/install/examples_rclpy_minimal_client:/px4_uxrce/t265_px4_bridge/install/examples_rclpy_minimal_action_server:/px4_uxrce/t265_px4_bridge/install/examples_rclpy_minimal_action_client:/px4_uxrce/t265_px4_bridge/install/examples_rclpy_guard_conditions:/px4_uxrce/t265_px4_bridge/install/examples_rclpy_executors:/opt/ros/humble:/px4_uxrce/test_ws/install/t265_to_px4_bridge:/px4_uxrce/t265_px4_bridge/install/t265_to_px4_bridge /usr/bin/cmake --install /px4_uxrce/t265_px4_bridge/build/examples_rclcpp_wait_set
