[0.613s] Invoking command in '/px4_uxrce/new/px4-offboard_ws/src/px4-offboard': PYTHONPATH=/px4_uxrce/new/px4-offboard_ws/build/px4_offboard/prefix_override:/usr/lib/python3/dist-packages/colcon_core/task/python/colcon_distutils_commands:/px4_uxrce/new/px4-offboard_ws/install/px4_offboard/lib/python3.10/site-packages:${PYTHONPATH} /usr/bin/python3 -W ignore:setup.py install is deprecated -W ignore:easy_install command is deprecated setup.py egg_info --egg-base ../../build/px4_offboard build --build-base /px4_uxrce/new/px4-offboard_ws/build/px4_offboard/build install --record /px4_uxrce/new/px4-offboard_ws/build/px4_offboard/install.log --single-version-externally-managed install_data
[0.893s] running egg_info
[0.894s] writing ../../build/px4_offboard/px4_offboard.egg-info/PKG-INFO
[0.894s] writing dependency_links to ../../build/px4_offboard/px4_offboard.egg-info/dependency_links.txt
[0.894s] writing entry points to ../../build/px4_offboard/px4_offboard.egg-info/entry_points.txt
[0.894s] writing requirements to ../../build/px4_offboard/px4_offboard.egg-info/requires.txt
[0.894s] writing top-level names to ../../build/px4_offboard/px4_offboard.egg-info/top_level.txt
[0.896s] reading manifest file '../../build/px4_offboard/px4_offboard.egg-info/SOURCES.txt'
[0.896s] adding license file 'LICENSE'
[0.897s] writing manifest file '../../build/px4_offboard/px4_offboard.egg-info/SOURCES.txt'
[0.897s] running build
[0.897s] running build_py
[0.897s] running install
[0.897s] running install_lib
[0.898s] running install_data
[0.899s] running install_egg_info
[0.900s] removing '/px4_uxrce/new/px4-offboard_ws/install/px4_offboard/lib/python3.10/site-packages/px4_offboard-0.0.0-py3.10.egg-info' (and everything under it)
[0.901s] Copying ../../build/px4_offboard/px4_offboard.egg-info to /px4_uxrce/new/px4-offboard_ws/install/px4_offboard/lib/python3.10/site-packages/px4_offboard-0.0.0-py3.10.egg-info
[0.901s] running install_scripts
[0.921s] Installing offboard_control script to /px4_uxrce/new/px4-offboard_ws/install/px4_offboard/lib/px4_offboard
[0.921s] Installing visualizer script to /px4_uxrce/new/px4-offboard_ws/install/px4_offboard/lib/px4_offboard
[0.922s] writing list of installed files to '/px4_uxrce/new/px4-offboard_ws/build/px4_offboard/install.log'
[0.956s] Invoked command in '/px4_uxrce/new/px4-offboard_ws/src/px4-offboard' returned '0': PYTHONPATH=/px4_uxrce/new/px4-offboard_ws/build/px4_offboard/prefix_override:/usr/lib/python3/dist-packages/colcon_core/task/python/colcon_distutils_commands:/px4_uxrce/new/px4-offboard_ws/install/px4_offboard/lib/python3.10/site-packages:${PYTHONPATH} /usr/bin/python3 -W ignore:setup.py install is deprecated -W ignore:easy_install command is deprecated setup.py egg_info --egg-base ../../build/px4_offboard build --build-base /px4_uxrce/new/px4-offboard_ws/build/px4_offboard/build install --record /px4_uxrce/new/px4-offboard_ws/build/px4_offboard/install.log --single-version-externally-managed install_data
