[0.013s] Invoking command in '/px4_uxrce/camera_ws/build/librealsense2': /usr/bin/cmake /px4_uxrce/camera_ws/librealsense -DCMAKE_INSTALL_PREFIX=/px4_uxrce/camera_ws/install/librealsense2
[0.077s] -- The CXX compiler identification is GNU 11.4.0
[0.120s] -- The C compiler identification is GNU 11.4.0
[0.128s] -- Detecting CXX compiler ABI info
[0.199s] -- Detecting CXX compiler ABI info - done
[0.207s] -- Check for working CXX compiler: /usr/bin/c++ - skipped
[0.207s] -- Detecting CXX compile features
[0.208s] -- Detecting CXX compile features - done
[0.211s] -- Detecting C compiler ABI info
[0.277s] -- Detecting C compiler ABI info - done
[0.291s] -- Check for working C compiler: /usr/bin/cc - skipped
[0.291s] -- Detecting C compile features
[0.292s] -- Detecting C compile features - done
[0.293s] -- Checking internet connection...
[1.025s] -- Internet connection identified
[1.030s] -- Info: REALSENSE_VERSION_STRING=2.55.1
[1.030s] -- Setting Unix configurations
[1.030s] -- No output directory set; using /px4_uxrce/camera_ws/build/librealsense2/Release/
[1.039s] -- Building libcurl enabled
[1.111s] -- Found OpenSSL: /usr/lib/x86_64-linux-gnu/libcrypto.so (found version "3.0.2")  
[1.114s] -- Performing Test SUPPORTS_CXX14
[1.190s] -- Performing Test SUPPORTS_CXX14 - Success
[1.191s] -- using RS2_USE_V4L2_BACKEND
[1.195s] -- Found usb: /usr/lib/x86_64-linux-gnu/libusb-1.0.so  
[1.198s] -- Found PkgConfig: /usr/bin/pkg-config (found version "0.29.2") 
[1.199s] -- Checking for module 'libudev'
[1.210s] --   Found libudev, version 249
[1.232s] -- Found Udev: /usr/include  
[1.236s] -- Fetching nlohmann/json...
[1.317s] Cloning into 'json'...
