[35m[1mConsolidate compiler generated dependencies of target custom_interface_gym__rosidl_generator_c[0m
[ 12%] Built target custom_interface_gym__rosidl_generator_c
[ 12%] Built target custom_interface_gym__cpp
[ 12%] Built target ament_cmake_python_copy_custom_interface_gym
[35m[1mConsolidate compiler generated dependencies of target custom_interface_gym__rosidl_typesupport_introspection_c[0m
[35m[1mConsolidate compiler generated dependencies of target custom_interface_gym__rosidl_typesupport_fastrtps_cpp[0m
[35m[1mConsolidate compiler generated dependencies of target custom_interface_gym__rosidl_typesupport_c[0m
[35m[1mConsolidate compiler generated dependencies of target custom_interface_gym__rosidl_typesupport_fastrtps_c[0m
[35m[1mConsolidate compiler generated dependencies of target custom_interface_gym__rosidl_typesupport_introspection_cpp[0m
[35m[1mConsolidate compiler generated dependencies of target custom_interface_gym__rosidl_typesupport_cpp[0m
[ 34%] Built target custom_interface_gym__rosidl_typesupport_c
[ 34%] Built target custom_interface_gym__rosidl_typesupport_introspection_c
[ 44%] Built target custom_interface_gym__rosidl_typesupport_fastrtps_c
[ 55%] Built target custom_interface_gym__rosidl_typesupport_fastrtps_cpp
[ 65%] Built target custom_interface_gym__rosidl_typesupport_introspection_cpp
[ 76%] Built target custom_interface_gym__rosidl_typesupport_cpp
[ 76%] Built target custom_interface_gym
[ 78%] Built target custom_interface_gym__py
[35m[1mConsolidate compiler generated dependencies of target custom_interface_gym__rosidl_generator_py[0m
[ 87%] Built target custom_interface_gym__rosidl_generator_py
[35m[1mConsolidate compiler generated dependencies of target custom_interface_gym__rosidl_typesupport_c__pyext[0m
[35m[1mConsolidate compiler generated dependencies of target custom_interface_gym__rosidl_typesupport_introspection_c__pyext[0m
[35m[1mConsolidate compiler generated dependencies of target custom_interface_gym__rosidl_typesupport_fastrtps_c__pyext[0m
[ 91%] Built target custom_interface_gym__rosidl_typesupport_c__pyext
[ 95%] Built target custom_interface_gym__rosidl_typesupport_introspection_c__pyext
[100%] Built target custom_interface_gym__rosidl_typesupport_fastrtps_c__pyext
running egg_info
writing custom_interface_gym.egg-info/PKG-INFO
writing dependency_links to custom_interface_gym.egg-info/dependency_links.txt
writing top-level names to custom_interface_gym.egg-info/top_level.txt
reading manifest file 'custom_interface_gym.egg-info/SOURCES.txt'
writing manifest file 'custom_interface_gym.egg-info/SOURCES.txt'
[100%] Built target ament_cmake_python_build_custom_interface_gym_egg
-- Install configuration: ""
-- Installing: /px4_uxrce/convex_ellipsoid_planner/install/custom_interface_gym/share/ament_index/resource_index/rosidl_interfaces/custom_interface_gym
-- Installing: /px4_uxrce/convex_ellipsoid_planner/install/custom_interface_gym/include/custom_interface_gym/custom_interface_gym
-- Installing: /px4_uxrce/convex_ellipsoid_planner/install/custom_interface_gym/include/custom_interface_gym/custom_interface_gym/srv
-- Installing: /px4_uxrce/convex_ellipsoid_planner/install/custom_interface_gym/include/custom_interface_gym/custom_interface_gym/srv/uav_control.h
-- Installing: /px4_uxrce/convex_ellipsoid_planner/install/custom_interface_gym/include/custom_interface_gym/custom_interface_gym/srv/detail
-- Installing: /px4_uxrce/convex_ellipsoid_planner/install/custom_interface_gym/include/custom_interface_gym/custom_interface_gym/srv/detail/uav_control__functions.h
-- Installing: /px4_uxrce/convex_ellipsoid_planner/install/custom_interface_gym/include/custom_interface_gym/custom_interface_gym/srv/detail/uav_control__functions.c
-- Installing: /px4_uxrce/convex_ellipsoid_planner/install/custom_interface_gym/include/custom_interface_gym/custom_interface_gym/srv/detail/uav_control__type_support.h
-- Installing: /px4_uxrce/convex_ellipsoid_planner/install/custom_interface_gym/include/custom_interface_gym/custom_interface_gym/srv/detail/uav_control__struct.h
-- Installing: /px4_uxrce/convex_ellipsoid_planner/install/custom_interface_gym/include/custom_interface_gym/custom_interface_gym/msg
-- Installing: /px4_uxrce/convex_ellipsoid_planner/install/custom_interface_gym/include/custom_interface_gym/custom_interface_gym/msg/des_trajectory.h
-- Installing: /px4_uxrce/convex_ellipsoid_planner/install/custom_interface_gym/include/custom_interface_gym/custom_interface_gym/msg/detail
-- Installing: /px4_uxrce/convex_ellipsoid_planner/install/custom_interface_gym/include/custom_interface_gym/custom_interface_gym/msg/detail/traj_msg__struct.h
-- Installing: /px4_uxrce/convex_ellipsoid_planner/install/custom_interface_gym/include/custom_interface_gym/custom_interface_gym/msg/detail/traj_msg__functions.h
-- Installing: /px4_uxrce/convex_ellipsoid_planner/install/custom_interface_gym/include/custom_interface_gym/custom_interface_gym/msg/detail/des_trajectory__functions.h
-- Installing: /px4_uxrce/convex_ellipsoid_planner/install/custom_interface_gym/include/custom_interface_gym/custom_interface_gym/msg/detail/traj_msg__functions.c
-- Installing: /px4_uxrce/convex_ellipsoid_planner/install/custom_interface_gym/include/custom_interface_gym/custom_interface_gym/msg/detail/des_trajectory__type_support.h
-- Installing: /px4_uxrce/convex_ellipsoid_planner/install/custom_interface_gym/include/custom_interface_gym/custom_interface_gym/msg/detail/des_trajectory__functions.c
-- Installing: /px4_uxrce/convex_ellipsoid_planner/install/custom_interface_gym/include/custom_interface_gym/custom_interface_gym/msg/detail/traj_msg__type_support.h
-- Installing: /px4_uxrce/convex_ellipsoid_planner/install/custom_interface_gym/include/custom_interface_gym/custom_interface_gym/msg/detail/des_trajectory__struct.h
-- Installing: /px4_uxrce/convex_ellipsoid_planner/install/custom_interface_gym/include/custom_interface_gym/custom_interface_gym/msg/rosidl_generator_c__visibility_control.h
-- Installing: /px4_uxrce/convex_ellipsoid_planner/install/custom_interface_gym/include/custom_interface_gym/custom_interface_gym/msg/traj_msg.h
-- Installing: /px4_uxrce/convex_ellipsoid_planner/install/custom_interface_gym/share/custom_interface_gym/environment/library_path.sh
-- Installing: /px4_uxrce/convex_ellipsoid_planner/install/custom_interface_gym/share/custom_interface_gym/environment/library_path.dsv
-- Installing: /px4_uxrce/convex_ellipsoid_planner/install/custom_interface_gym/lib/libcustom_interface_gym__rosidl_generator_c.so
-- Set runtime path of "/px4_uxrce/convex_ellipsoid_planner/install/custom_interface_gym/lib/libcustom_interface_gym__rosidl_generator_c.so" to ""
-- Up-to-date: /px4_uxrce/convex_ellipsoid_planner/install/custom_interface_gym/include/custom_interface_gym/custom_interface_gym
-- Up-to-date: /px4_uxrce/convex_ellipsoid_planner/install/custom_interface_gym/include/custom_interface_gym/custom_interface_gym/srv
-- Up-to-date: /px4_uxrce/convex_ellipsoid_planner/install/custom_interface_gym/include/custom_interface_gym/custom_interface_gym/srv/detail
-- Installing: /px4_uxrce/convex_ellipsoid_planner/install/custom_interface_gym/include/custom_interface_gym/custom_interface_gym/srv/detail/uav_control__rosidl_typesupport_fastrtps_c.h
-- Up-to-date: /px4_uxrce/convex_ellipsoid_planner/install/custom_interface_gym/include/custom_interface_gym/custom_interface_gym/msg
-- Up-to-date: /px4_uxrce/convex_ellipsoid_planner/install/custom_interface_gym/include/custom_interface_gym/custom_interface_gym/msg/detail
-- Installing: /px4_uxrce/convex_ellipsoid_planner/install/custom_interface_gym/include/custom_interface_gym/custom_interface_gym/msg/detail/traj_msg__rosidl_typesupport_fastrtps_c.h
-- Installing: /px4_uxrce/convex_ellipsoid_planner/install/custom_interface_gym/include/custom_interface_gym/custom_interface_gym/msg/detail/des_trajectory__rosidl_typesupport_fastrtps_c.h
-- Installing: /px4_uxrce/convex_ellipsoid_planner/install/custom_interface_gym/include/custom_interface_gym/custom_interface_gym/msg/rosidl_typesupport_fastrtps_c__visibility_control.h
-- Installing: /px4_uxrce/convex_ellipsoid_planner/install/custom_interface_gym/lib/libcustom_interface_gym__rosidl_typesupport_fastrtps_c.so
-- Set runtime path of "/px4_uxrce/convex_ellipsoid_planner/install/custom_interface_gym/lib/libcustom_interface_gym__rosidl_typesupport_fastrtps_c.so" to ""
-- Up-to-date: /px4_uxrce/convex_ellipsoid_planner/install/custom_interface_gym/include/custom_interface_gym/custom_interface_gym
-- Up-to-date: /px4_uxrce/convex_ellipsoid_planner/install/custom_interface_gym/include/custom_interface_gym/custom_interface_gym/srv
-- Up-to-date: /px4_uxrce/convex_ellipsoid_planner/install/custom_interface_gym/include/custom_interface_gym/custom_interface_gym/srv/detail
-- Installing: /px4_uxrce/convex_ellipsoid_planner/install/custom_interface_gym/include/custom_interface_gym/custom_interface_gym/srv/detail/uav_control__rosidl_typesupport_introspection_c.h
-- Installing: /px4_uxrce/convex_ellipsoid_planner/install/custom_interface_gym/include/custom_interface_gym/custom_interface_gym/srv/detail/uav_control__type_support.c
-- Up-to-date: /px4_uxrce/convex_ellipsoid_planner/install/custom_interface_gym/include/custom_interface_gym/custom_interface_gym/msg
-- Installing: /px4_uxrce/convex_ellipsoid_planner/install/custom_interface_gym/include/custom_interface_gym/custom_interface_gym/msg/rosidl_typesupport_introspection_c__visibility_control.h
-- Up-to-date: /px4_uxrce/convex_ellipsoid_planner/install/custom_interface_gym/include/custom_interface_gym/custom_interface_gym/msg/detail
-- Installing: /px4_uxrce/convex_ellipsoid_planner/install/custom_interface_gym/include/custom_interface_gym/custom_interface_gym/msg/detail/des_trajectory__rosidl_typesupport_introspection_c.h
-- Installing: /px4_uxrce/convex_ellipsoid_planner/install/custom_interface_gym/include/custom_interface_gym/custom_interface_gym/msg/detail/traj_msg__rosidl_typesupport_introspection_c.h
-- Installing: /px4_uxrce/convex_ellipsoid_planner/install/custom_interface_gym/include/custom_interface_gym/custom_interface_gym/msg/detail/traj_msg__type_support.c
-- Installing: /px4_uxrce/convex_ellipsoid_planner/install/custom_interface_gym/include/custom_interface_gym/custom_interface_gym/msg/detail/des_trajectory__type_support.c
-- Installing: /px4_uxrce/convex_ellipsoid_planner/install/custom_interface_gym/lib/libcustom_interface_gym__rosidl_typesupport_introspection_c.so
-- Set runtime path of "/px4_uxrce/convex_ellipsoid_planner/install/custom_interface_gym/lib/libcustom_interface_gym__rosidl_typesupport_introspection_c.so" to ""
-- Installing: /px4_uxrce/convex_ellipsoid_planner/install/custom_interface_gym/lib/libcustom_interface_gym__rosidl_typesupport_c.so
-- Set runtime path of "/px4_uxrce/convex_ellipsoid_planner/install/custom_interface_gym/lib/libcustom_interface_gym__rosidl_typesupport_c.so" to ""
-- Up-to-date: /px4_uxrce/convex_ellipsoid_planner/install/custom_interface_gym/include/custom_interface_gym/custom_interface_gym
-- Up-to-date: /px4_uxrce/convex_ellipsoid_planner/install/custom_interface_gym/include/custom_interface_gym/custom_interface_gym/srv
-- Installing: /px4_uxrce/convex_ellipsoid_planner/install/custom_interface_gym/include/custom_interface_gym/custom_interface_gym/srv/uav_control.hpp
-- Up-to-date: /px4_uxrce/convex_ellipsoid_planner/install/custom_interface_gym/include/custom_interface_gym/custom_interface_gym/srv/detail
-- Installing: /px4_uxrce/convex_ellipsoid_planner/install/custom_interface_gym/include/custom_interface_gym/custom_interface_gym/srv/detail/uav_control__struct.hpp
-- Installing: /px4_uxrce/convex_ellipsoid_planner/install/custom_interface_gym/include/custom_interface_gym/custom_interface_gym/srv/detail/uav_control__type_support.hpp
-- Installing: /px4_uxrce/convex_ellipsoid_planner/install/custom_interface_gym/include/custom_interface_gym/custom_interface_gym/srv/detail/uav_control__builder.hpp
-- Installing: /px4_uxrce/convex_ellipsoid_planner/install/custom_interface_gym/include/custom_interface_gym/custom_interface_gym/srv/detail/uav_control__traits.hpp
-- Up-to-date: /px4_uxrce/convex_ellipsoid_planner/install/custom_interface_gym/include/custom_interface_gym/custom_interface_gym/msg
-- Installing: /px4_uxrce/convex_ellipsoid_planner/install/custom_interface_gym/include/custom_interface_gym/custom_interface_gym/msg/traj_msg.hpp
-- Installing: /px4_uxrce/convex_ellipsoid_planner/install/custom_interface_gym/include/custom_interface_gym/custom_interface_gym/msg/des_trajectory.hpp
-- Up-to-date: /px4_uxrce/convex_ellipsoid_planner/install/custom_interface_gym/include/custom_interface_gym/custom_interface_gym/msg/detail
-- Installing: /px4_uxrce/convex_ellipsoid_planner/install/custom_interface_gym/include/custom_interface_gym/custom_interface_gym/msg/detail/des_trajectory__traits.hpp
-- Installing: /px4_uxrce/convex_ellipsoid_planner/install/custom_interface_gym/include/custom_interface_gym/custom_interface_gym/msg/detail/traj_msg__traits.hpp
-- Installing: /px4_uxrce/convex_ellipsoid_planner/install/custom_interface_gym/include/custom_interface_gym/custom_interface_gym/msg/detail/des_trajectory__struct.hpp
-- Installing: /px4_uxrce/convex_ellipsoid_planner/install/custom_interface_gym/include/custom_interface_gym/custom_interface_gym/msg/detail/des_trajectory__builder.hpp
-- Installing: /px4_uxrce/convex_ellipsoid_planner/install/custom_interface_gym/include/custom_interface_gym/custom_interface_gym/msg/detail/traj_msg__struct.hpp
-- Installing: /px4_uxrce/convex_ellipsoid_planner/install/custom_interface_gym/include/custom_interface_gym/custom_interface_gym/msg/detail/des_trajectory__type_support.hpp
-- Installing: /px4_uxrce/convex_ellipsoid_planner/install/custom_interface_gym/include/custom_interface_gym/custom_interface_gym/msg/detail/traj_msg__type_support.hpp
-- Installing: /px4_uxrce/convex_ellipsoid_planner/install/custom_interface_gym/include/custom_interface_gym/custom_interface_gym/msg/detail/traj_msg__builder.hpp
-- Installing: /px4_uxrce/convex_ellipsoid_planner/install/custom_interface_gym/include/custom_interface_gym/custom_interface_gym/msg/rosidl_generator_cpp__visibility_control.hpp
-- Up-to-date: /px4_uxrce/convex_ellipsoid_planner/install/custom_interface_gym/include/custom_interface_gym/custom_interface_gym
-- Up-to-date: /px4_uxrce/convex_ellipsoid_planner/install/custom_interface_gym/include/custom_interface_gym/custom_interface_gym/srv
-- Up-to-date: /px4_uxrce/convex_ellipsoid_planner/install/custom_interface_gym/include/custom_interface_gym/custom_interface_gym/srv/detail
-- Installing: /px4_uxrce/convex_ellipsoid_planner/install/custom_interface_gym/include/custom_interface_gym/custom_interface_gym/srv/detail/dds_fastrtps
-- Installing: /px4_uxrce/convex_ellipsoid_planner/install/custom_interface_gym/include/custom_interface_gym/custom_interface_gym/srv/detail/uav_control__rosidl_typesupport_fastrtps_cpp.hpp
-- Up-to-date: /px4_uxrce/convex_ellipsoid_planner/install/custom_interface_gym/include/custom_interface_gym/custom_interface_gym/msg
-- Up-to-date: /px4_uxrce/convex_ellipsoid_planner/install/custom_interface_gym/include/custom_interface_gym/custom_interface_gym/msg/detail
-- Installing: /px4_uxrce/convex_ellipsoid_planner/install/custom_interface_gym/include/custom_interface_gym/custom_interface_gym/msg/detail/traj_msg__rosidl_typesupport_fastrtps_cpp.hpp
-- Installing: /px4_uxrce/convex_ellipsoid_planner/install/custom_interface_gym/include/custom_interface_gym/custom_interface_gym/msg/detail/dds_fastrtps
-- Installing: /px4_uxrce/convex_ellipsoid_planner/install/custom_interface_gym/include/custom_interface_gym/custom_interface_gym/msg/detail/des_trajectory__rosidl_typesupport_fastrtps_cpp.hpp
-- Installing: /px4_uxrce/convex_ellipsoid_planner/install/custom_interface_gym/include/custom_interface_gym/custom_interface_gym/msg/rosidl_typesupport_fastrtps_cpp__visibility_control.h
-- Installing: /px4_uxrce/convex_ellipsoid_planner/install/custom_interface_gym/lib/libcustom_interface_gym__rosidl_typesupport_fastrtps_cpp.so
-- Set runtime path of "/px4_uxrce/convex_ellipsoid_planner/install/custom_interface_gym/lib/libcustom_interface_gym__rosidl_typesupport_fastrtps_cpp.so" to ""
-- Up-to-date: /px4_uxrce/convex_ellipsoid_planner/install/custom_interface_gym/include/custom_interface_gym/custom_interface_gym
-- Up-to-date: /px4_uxrce/convex_ellipsoid_planner/install/custom_interface_gym/include/custom_interface_gym/custom_interface_gym/srv
-- Up-to-date: /px4_uxrce/convex_ellipsoid_planner/install/custom_interface_gym/include/custom_interface_gym/custom_interface_gym/srv/detail
-- Installing: /px4_uxrce/convex_ellipsoid_planner/install/custom_interface_gym/include/custom_interface_gym/custom_interface_gym/srv/detail/uav_control__type_support.cpp
-- Installing: /px4_uxrce/convex_ellipsoid_planner/install/custom_interface_gym/include/custom_interface_gym/custom_interface_gym/srv/detail/uav_control__rosidl_typesupport_introspection_cpp.hpp
-- Up-to-date: /px4_uxrce/convex_ellipsoid_planner/install/custom_interface_gym/include/custom_interface_gym/custom_interface_gym/msg
-- Up-to-date: /px4_uxrce/convex_ellipsoid_planner/install/custom_interface_gym/include/custom_interface_gym/custom_interface_gym/msg/detail
-- Installing: /px4_uxrce/convex_ellipsoid_planner/install/custom_interface_gym/include/custom_interface_gym/custom_interface_gym/msg/detail/des_trajectory__rosidl_typesupport_introspection_cpp.hpp
-- Installing: /px4_uxrce/convex_ellipsoid_planner/install/custom_interface_gym/include/custom_interface_gym/custom_interface_gym/msg/detail/des_trajectory__type_support.cpp
-- Installing: /px4_uxrce/convex_ellipsoid_planner/install/custom_interface_gym/include/custom_interface_gym/custom_interface_gym/msg/detail/traj_msg__rosidl_typesupport_introspection_cpp.hpp
-- Installing: /px4_uxrce/convex_ellipsoid_planner/install/custom_interface_gym/include/custom_interface_gym/custom_interface_gym/msg/detail/traj_msg__type_support.cpp
-- Installing: /px4_uxrce/convex_ellipsoid_planner/install/custom_interface_gym/lib/libcustom_interface_gym__rosidl_typesupport_introspection_cpp.so
-- Set runtime path of "/px4_uxrce/convex_ellipsoid_planner/install/custom_interface_gym/lib/libcustom_interface_gym__rosidl_typesupport_introspection_cpp.so" to ""
-- Installing: /px4_uxrce/convex_ellipsoid_planner/install/custom_interface_gym/lib/libcustom_interface_gym__rosidl_typesupport_cpp.so
-- Set runtime path of "/px4_uxrce/convex_ellipsoid_planner/install/custom_interface_gym/lib/libcustom_interface_gym__rosidl_typesupport_cpp.so" to ""
-- Installing: /px4_uxrce/convex_ellipsoid_planner/install/custom_interface_gym/share/custom_interface_gym/environment/pythonpath.sh
-- Installing: /px4_uxrce/convex_ellipsoid_planner/install/custom_interface_gym/share/custom_interface_gym/environment/pythonpath.dsv
-- Installing: /px4_uxrce/convex_ellipsoid_planner/install/custom_interface_gym/local/lib/python3.10/dist-packages/custom_interface_gym-0.0.0-py3.10.egg-info
-- Installing: /px4_uxrce/convex_ellipsoid_planner/install/custom_interface_gym/local/lib/python3.10/dist-packages/custom_interface_gym-0.0.0-py3.10.egg-info/dependency_links.txt
-- Installing: /px4_uxrce/convex_ellipsoid_planner/install/custom_interface_gym/local/lib/python3.10/dist-packages/custom_interface_gym-0.0.0-py3.10.egg-info/top_level.txt
-- Installing: /px4_uxrce/convex_ellipsoid_planner/install/custom_interface_gym/local/lib/python3.10/dist-packages/custom_interface_gym-0.0.0-py3.10.egg-info/PKG-INFO
-- Installing: /px4_uxrce/convex_ellipsoid_planner/install/custom_interface_gym/local/lib/python3.10/dist-packages/custom_interface_gym-0.0.0-py3.10.egg-info/SOURCES.txt
-- Installing: /px4_uxrce/convex_ellipsoid_planner/install/custom_interface_gym/local/lib/python3.10/dist-packages/custom_interface_gym
-- Installing: /px4_uxrce/convex_ellipsoid_planner/install/custom_interface_gym/local/lib/python3.10/dist-packages/custom_interface_gym/_custom_interface_gym_s.ep.rosidl_typesupport_fastrtps_c.c
-- Installing: /px4_uxrce/convex_ellipsoid_planner/install/custom_interface_gym/local/lib/python3.10/dist-packages/custom_interface_gym/custom_interface_gym_s__rosidl_typesupport_c.cpython-310-x86_64-linux-gnu.so
-- Installing: /px4_uxrce/convex_ellipsoid_planner/install/custom_interface_gym/local/lib/python3.10/dist-packages/custom_interface_gym/custom_interface_gym_s__rosidl_typesupport_fastrtps_c.cpython-310-x86_64-linux-gnu.so
-- Installing: /px4_uxrce/convex_ellipsoid_planner/install/custom_interface_gym/local/lib/python3.10/dist-packages/custom_interface_gym/custom_interface_gym_s__rosidl_typesupport_introspection_c.cpython-310-x86_64-linux-gnu.so
-- Installing: /px4_uxrce/convex_ellipsoid_planner/install/custom_interface_gym/local/lib/python3.10/dist-packages/custom_interface_gym/_custom_interface_gym_s.ep.rosidl_typesupport_c.c
-- Installing: /px4_uxrce/convex_ellipsoid_planner/install/custom_interface_gym/local/lib/python3.10/dist-packages/custom_interface_gym/srv
-- Installing: /px4_uxrce/convex_ellipsoid_planner/install/custom_interface_gym/local/lib/python3.10/dist-packages/custom_interface_gym/srv/_uav_control_s.c
-- Installing: /px4_uxrce/convex_ellipsoid_planner/install/custom_interface_gym/local/lib/python3.10/dist-packages/custom_interface_gym/srv/__init__.py
-- Installing: /px4_uxrce/convex_ellipsoid_planner/install/custom_interface_gym/local/lib/python3.10/dist-packages/custom_interface_gym/srv/_uav_control.py
-- Installing: /px4_uxrce/convex_ellipsoid_planner/install/custom_interface_gym/local/lib/python3.10/dist-packages/custom_interface_gym/__init__.py
-- Installing: /px4_uxrce/convex_ellipsoid_planner/install/custom_interface_gym/local/lib/python3.10/dist-packages/custom_interface_gym/_custom_interface_gym_s.ep.rosidl_typesupport_introspection_c.c
-- Installing: /px4_uxrce/convex_ellipsoid_planner/install/custom_interface_gym/local/lib/python3.10/dist-packages/custom_interface_gym/libcustom_interface_gym__rosidl_generator_py.so
-- Installing: /px4_uxrce/convex_ellipsoid_planner/install/custom_interface_gym/local/lib/python3.10/dist-packages/custom_interface_gym/msg
-- Installing: /px4_uxrce/convex_ellipsoid_planner/install/custom_interface_gym/local/lib/python3.10/dist-packages/custom_interface_gym/msg/__init__.py
-- Installing: /px4_uxrce/convex_ellipsoid_planner/install/custom_interface_gym/local/lib/python3.10/dist-packages/custom_interface_gym/msg/_traj_msg.py
-- Installing: /px4_uxrce/convex_ellipsoid_planner/install/custom_interface_gym/local/lib/python3.10/dist-packages/custom_interface_gym/msg/_des_trajectory.py
-- Installing: /px4_uxrce/convex_ellipsoid_planner/install/custom_interface_gym/local/lib/python3.10/dist-packages/custom_interface_gym/msg/_des_trajectory_s.c
-- Installing: /px4_uxrce/convex_ellipsoid_planner/install/custom_interface_gym/local/lib/python3.10/dist-packages/custom_interface_gym/msg/_traj_msg_s.c
Listing '/px4_uxrce/convex_ellipsoid_planner/install/custom_interface_gym/local/lib/python3.10/dist-packages/custom_interface_gym'...
Compiling '/px4_uxrce/convex_ellipsoid_planner/install/custom_interface_gym/local/lib/python3.10/dist-packages/custom_interface_gym/__init__.py'...
Listing '/px4_uxrce/convex_ellipsoid_planner/install/custom_interface_gym/local/lib/python3.10/dist-packages/custom_interface_gym/msg'...
Compiling '/px4_uxrce/convex_ellipsoid_planner/install/custom_interface_gym/local/lib/python3.10/dist-packages/custom_interface_gym/msg/__init__.py'...
Compiling '/px4_uxrce/convex_ellipsoid_planner/install/custom_interface_gym/local/lib/python3.10/dist-packages/custom_interface_gym/msg/_des_trajectory.py'...
Compiling '/px4_uxrce/convex_ellipsoid_planner/install/custom_interface_gym/local/lib/python3.10/dist-packages/custom_interface_gym/msg/_traj_msg.py'...
Listing '/px4_uxrce/convex_ellipsoid_planner/install/custom_interface_gym/local/lib/python3.10/dist-packages/custom_interface_gym/srv'...
Compiling '/px4_uxrce/convex_ellipsoid_planner/install/custom_interface_gym/local/lib/python3.10/dist-packages/custom_interface_gym/srv/__init__.py'...
Compiling '/px4_uxrce/convex_ellipsoid_planner/install/custom_interface_gym/local/lib/python3.10/dist-packages/custom_interface_gym/srv/_uav_control.py'...
-- Installing: /px4_uxrce/convex_ellipsoid_planner/install/custom_interface_gym/local/lib/python3.10/dist-packages/custom_interface_gym/custom_interface_gym_s__rosidl_typesupport_fastrtps_c.cpython-310-x86_64-linux-gnu.so
-- Set runtime path of "/px4_uxrce/convex_ellipsoid_planner/install/custom_interface_gym/local/lib/python3.10/dist-packages/custom_interface_gym/custom_interface_gym_s__rosidl_typesupport_fastrtps_c.cpython-310-x86_64-linux-gnu.so" to ""
-- Installing: /px4_uxrce/convex_ellipsoid_planner/install/custom_interface_gym/local/lib/python3.10/dist-packages/custom_interface_gym/custom_interface_gym_s__rosidl_typesupport_introspection_c.cpython-310-x86_64-linux-gnu.so
-- Set runtime path of "/px4_uxrce/convex_ellipsoid_planner/install/custom_interface_gym/local/lib/python3.10/dist-packages/custom_interface_gym/custom_interface_gym_s__rosidl_typesupport_introspection_c.cpython-310-x86_64-linux-gnu.so" to ""
-- Installing: /px4_uxrce/convex_ellipsoid_planner/install/custom_interface_gym/local/lib/python3.10/dist-packages/custom_interface_gym/custom_interface_gym_s__rosidl_typesupport_c.cpython-310-x86_64-linux-gnu.so
-- Set runtime path of "/px4_uxrce/convex_ellipsoid_planner/install/custom_interface_gym/local/lib/python3.10/dist-packages/custom_interface_gym/custom_interface_gym_s__rosidl_typesupport_c.cpython-310-x86_64-linux-gnu.so" to ""
-- Installing: /px4_uxrce/convex_ellipsoid_planner/install/custom_interface_gym/lib/libcustom_interface_gym__rosidl_generator_py.so
-- Set runtime path of "/px4_uxrce/convex_ellipsoid_planner/install/custom_interface_gym/lib/libcustom_interface_gym__rosidl_generator_py.so" to ""
-- Installing: /px4_uxrce/convex_ellipsoid_planner/install/custom_interface_gym/share/custom_interface_gym/srv/UavControl.idl
-- Installing: /px4_uxrce/convex_ellipsoid_planner/install/custom_interface_gym/share/custom_interface_gym/msg/TrajMsg.idl
-- Installing: /px4_uxrce/convex_ellipsoid_planner/install/custom_interface_gym/share/custom_interface_gym/msg/DesTrajectory.idl
-- Installing: /px4_uxrce/convex_ellipsoid_planner/install/custom_interface_gym/share/custom_interface_gym/srv/UavControl.srv
-- Installing: /px4_uxrce/convex_ellipsoid_planner/install/custom_interface_gym/share/custom_interface_gym/srv/UavControl_Request.msg
-- Installing: /px4_uxrce/convex_ellipsoid_planner/install/custom_interface_gym/share/custom_interface_gym/srv/UavControl_Response.msg
-- Installing: /px4_uxrce/convex_ellipsoid_planner/install/custom_interface_gym/share/custom_interface_gym/msg/TrajMsg.msg
-- Installing: /px4_uxrce/convex_ellipsoid_planner/install/custom_interface_gym/share/custom_interface_gym/msg/DesTrajectory.msg
-- Installing: /px4_uxrce/convex_ellipsoid_planner/install/custom_interface_gym/share/ament_index/resource_index/package_run_dependencies/custom_interface_gym
-- Installing: /px4_uxrce/convex_ellipsoid_planner/install/custom_interface_gym/share/ament_index/resource_index/parent_prefix_path/custom_interface_gym
-- Installing: /px4_uxrce/convex_ellipsoid_planner/install/custom_interface_gym/share/custom_interface_gym/environment/ament_prefix_path.sh
-- Installing: /px4_uxrce/convex_ellipsoid_planner/install/custom_interface_gym/share/custom_interface_gym/environment/ament_prefix_path.dsv
-- Installing: /px4_uxrce/convex_ellipsoid_planner/install/custom_interface_gym/share/custom_interface_gym/environment/path.sh
-- Installing: /px4_uxrce/convex_ellipsoid_planner/install/custom_interface_gym/share/custom_interface_gym/environment/path.dsv
-- Installing: /px4_uxrce/convex_ellipsoid_planner/install/custom_interface_gym/share/custom_interface_gym/local_setup.bash
-- Installing: /px4_uxrce/convex_ellipsoid_planner/install/custom_interface_gym/share/custom_interface_gym/local_setup.sh
-- Installing: /px4_uxrce/convex_ellipsoid_planner/install/custom_interface_gym/share/custom_interface_gym/local_setup.zsh
-- Installing: /px4_uxrce/convex_ellipsoid_planner/install/custom_interface_gym/share/custom_interface_gym/local_setup.dsv
-- Installing: /px4_uxrce/convex_ellipsoid_planner/install/custom_interface_gym/share/custom_interface_gym/package.dsv
-- Installing: /px4_uxrce/convex_ellipsoid_planner/install/custom_interface_gym/share/ament_index/resource_index/packages/custom_interface_gym
-- Installing: /px4_uxrce/convex_ellipsoid_planner/install/custom_interface_gym/share/custom_interface_gym/cmake/export_custom_interface_gym__rosidl_generator_cExport.cmake
-- Installing: /px4_uxrce/convex_ellipsoid_planner/install/custom_interface_gym/share/custom_interface_gym/cmake/export_custom_interface_gym__rosidl_generator_cExport-noconfig.cmake
-- Installing: /px4_uxrce/convex_ellipsoid_planner/install/custom_interface_gym/share/custom_interface_gym/cmake/export_custom_interface_gym__rosidl_typesupport_fastrtps_cExport.cmake
-- Installing: /px4_uxrce/convex_ellipsoid_planner/install/custom_interface_gym/share/custom_interface_gym/cmake/export_custom_interface_gym__rosidl_typesupport_fastrtps_cExport-noconfig.cmake
-- Installing: /px4_uxrce/convex_ellipsoid_planner/install/custom_interface_gym/share/custom_interface_gym/cmake/custom_interface_gym__rosidl_typesupport_introspection_cExport.cmake
-- Installing: /px4_uxrce/convex_ellipsoid_planner/install/custom_interface_gym/share/custom_interface_gym/cmake/custom_interface_gym__rosidl_typesupport_introspection_cExport-noconfig.cmake
-- Installing: /px4_uxrce/convex_ellipsoid_planner/install/custom_interface_gym/share/custom_interface_gym/cmake/custom_interface_gym__rosidl_typesupport_cExport.cmake
-- Installing: /px4_uxrce/convex_ellipsoid_planner/install/custom_interface_gym/share/custom_interface_gym/cmake/custom_interface_gym__rosidl_typesupport_cExport-noconfig.cmake
-- Installing: /px4_uxrce/convex_ellipsoid_planner/install/custom_interface_gym/share/custom_interface_gym/cmake/export_custom_interface_gym__rosidl_generator_cppExport.cmake
-- Installing: /px4_uxrce/convex_ellipsoid_planner/install/custom_interface_gym/share/custom_interface_gym/cmake/export_custom_interface_gym__rosidl_typesupport_fastrtps_cppExport.cmake
-- Installing: /px4_uxrce/convex_ellipsoid_planner/install/custom_interface_gym/share/custom_interface_gym/cmake/export_custom_interface_gym__rosidl_typesupport_fastrtps_cppExport-noconfig.cmake
-- Installing: /px4_uxrce/convex_ellipsoid_planner/install/custom_interface_gym/share/custom_interface_gym/cmake/custom_interface_gym__rosidl_typesupport_introspection_cppExport.cmake
-- Installing: /px4_uxrce/convex_ellipsoid_planner/install/custom_interface_gym/share/custom_interface_gym/cmake/custom_interface_gym__rosidl_typesupport_introspection_cppExport-noconfig.cmake
-- Installing: /px4_uxrce/convex_ellipsoid_planner/install/custom_interface_gym/share/custom_interface_gym/cmake/custom_interface_gym__rosidl_typesupport_cppExport.cmake
-- Installing: /px4_uxrce/convex_ellipsoid_planner/install/custom_interface_gym/share/custom_interface_gym/cmake/custom_interface_gym__rosidl_typesupport_cppExport-noconfig.cmake
-- Installing: /px4_uxrce/convex_ellipsoid_planner/install/custom_interface_gym/share/custom_interface_gym/cmake/export_custom_interface_gym__rosidl_generator_pyExport.cmake
-- Installing: /px4_uxrce/convex_ellipsoid_planner/install/custom_interface_gym/share/custom_interface_gym/cmake/export_custom_interface_gym__rosidl_generator_pyExport-noconfig.cmake
-- Installing: /px4_uxrce/convex_ellipsoid_planner/install/custom_interface_gym/share/custom_interface_gym/cmake/rosidl_cmake-extras.cmake
-- Installing: /px4_uxrce/convex_ellipsoid_planner/install/custom_interface_gym/share/custom_interface_gym/cmake/ament_cmake_export_dependencies-extras.cmake
-- Installing: /px4_uxrce/convex_ellipsoid_planner/install/custom_interface_gym/share/custom_interface_gym/cmake/ament_cmake_export_include_directories-extras.cmake
-- Installing: /px4_uxrce/convex_ellipsoid_planner/install/custom_interface_gym/share/custom_interface_gym/cmake/ament_cmake_export_libraries-extras.cmake
-- Installing: /px4_uxrce/convex_ellipsoid_planner/install/custom_interface_gym/share/custom_interface_gym/cmake/ament_cmake_export_targets-extras.cmake
-- Installing: /px4_uxrce/convex_ellipsoid_planner/install/custom_interface_gym/share/custom_interface_gym/cmake/rosidl_cmake_export_typesupport_targets-extras.cmake
-- Installing: /px4_uxrce/convex_ellipsoid_planner/install/custom_interface_gym/share/custom_interface_gym/cmake/rosidl_cmake_export_typesupport_libraries-extras.cmake
-- Installing: /px4_uxrce/convex_ellipsoid_planner/install/custom_interface_gym/share/custom_interface_gym/cmake/custom_interface_gymConfig.cmake
-- Installing: /px4_uxrce/convex_ellipsoid_planner/install/custom_interface_gym/share/custom_interface_gym/cmake/custom_interface_gymConfig-version.cmake
-- Installing: /px4_uxrce/convex_ellipsoid_planner/install/custom_interface_gym/share/custom_interface_gym/package.xml
