[0.010s] Invoking command in '/px4_uxrce/convex_ellipsoid_planner/build/custom_interface_gym': CMAKE_PREFIX_PATH=/opt/ros/humble /usr/bin/cmake --build /px4_uxrce/convex_ellipsoid_planner/build/custom_interface_gym -- -j12 -l12
[0.046s] [35m[1mConsolidate compiler generated dependencies of target custom_interface_gym__rosidl_generator_c[0m
[0.056s] [ 12%] Built target custom_interface_gym__rosidl_generator_c
[0.056s] [ 12%] Built target custom_interface_gym__cpp
[0.062s] [ 12%] Built target ament_cmake_python_copy_custom_interface_gym
[0.066s] [35m[1mConsolidate compiler generated dependencies of target custom_interface_gym__rosidl_typesupport_introspection_c[0m
[0.066s] [35m[1mConsolidate compiler generated dependencies of target custom_interface_gym__rosidl_typesupport_fastrtps_cpp[0m
[0.066s] [35m[1mConsolidate compiler generated dependencies of target custom_interface_gym__rosidl_typesupport_c[0m
[0.067s] [35m[1mConsolidate compiler generated dependencies of target custom_interface_gym__rosidl_typesupport_fastrtps_c[0m
[0.070s] [35m[1mConsolidate compiler generated dependencies of target custom_interface_gym__rosidl_typesupport_introspection_cpp[0m
[0.074s] [35m[1mConsolidate compiler generated dependencies of target custom_interface_gym__rosidl_typesupport_cpp[0m
[0.080s] [ 34%] Built target custom_interface_gym__rosidl_typesupport_c
[0.080s] [ 34%] Built target custom_interface_gym__rosidl_typesupport_introspection_c
[0.084s] [ 44%] Built target custom_interface_gym__rosidl_typesupport_fastrtps_c
[0.085s] [ 55%] Built target custom_interface_gym__rosidl_typesupport_fastrtps_cpp
[0.089s] [ 65%] Built target custom_interface_gym__rosidl_typesupport_introspection_cpp
[0.091s] [ 76%] Built target custom_interface_gym__rosidl_typesupport_cpp
[0.107s] [ 76%] Built target custom_interface_gym
[0.126s] [ 78%] Built target custom_interface_gym__py
[0.135s] [35m[1mConsolidate compiler generated dependencies of target custom_interface_gym__rosidl_generator_py[0m
[0.149s] [ 87%] Built target custom_interface_gym__rosidl_generator_py
[0.158s] [35m[1mConsolidate compiler generated dependencies of target custom_interface_gym__rosidl_typesupport_c__pyext[0m
[0.158s] [35m[1mConsolidate compiler generated dependencies of target custom_interface_gym__rosidl_typesupport_introspection_c__pyext[0m
[0.159s] [35m[1mConsolidate compiler generated dependencies of target custom_interface_gym__rosidl_typesupport_fastrtps_c__pyext[0m
[0.170s] [ 91%] Built target custom_interface_gym__rosidl_typesupport_c__pyext
[0.171s] [ 95%] Built target custom_interface_gym__rosidl_typesupport_introspection_c__pyext
[0.171s] [100%] Built target custom_interface_gym__rosidl_typesupport_fastrtps_c__pyext
[0.280s] running egg_info
[0.281s] writing custom_interface_gym.egg-info/PKG-INFO
[0.281s] writing dependency_links to custom_interface_gym.egg-info/dependency_links.txt
[0.281s] writing top-level names to custom_interface_gym.egg-info/top_level.txt
[0.284s] reading manifest file 'custom_interface_gym.egg-info/SOURCES.txt'
[0.284s] writing manifest file 'custom_interface_gym.egg-info/SOURCES.txt'
[0.317s] [100%] Built target ament_cmake_python_build_custom_interface_gym_egg
[0.327s] Invoked command in '/px4_uxrce/convex_ellipsoid_planner/build/custom_interface_gym' returned '0': CMAKE_PREFIX_PATH=/opt/ros/humble /usr/bin/cmake --build /px4_uxrce/convex_ellipsoid_planner/build/custom_interface_gym -- -j12 -l12
[0.337s] Invoking command in '/px4_uxrce/convex_ellipsoid_planner/build/custom_interface_gym': CMAKE_PREFIX_PATH=/opt/ros/humble /usr/bin/cmake --install /px4_uxrce/convex_ellipsoid_planner/build/custom_interface_gym
[0.344s] -- Install configuration: ""
[0.344s] -- Installing: /px4_uxrce/convex_ellipsoid_planner/install/custom_interface_gym/share/ament_index/resource_index/rosidl_interfaces/custom_interface_gym
[0.344s] -- Installing: /px4_uxrce/convex_ellipsoid_planner/install/custom_interface_gym/include/custom_interface_gym/custom_interface_gym
[0.345s] -- Installing: /px4_uxrce/convex_ellipsoid_planner/install/custom_interface_gym/include/custom_interface_gym/custom_interface_gym/srv
[0.345s] -- Installing: /px4_uxrce/convex_ellipsoid_planner/install/custom_interface_gym/include/custom_interface_gym/custom_interface_gym/srv/uav_control.h
[0.345s] -- Installing: /px4_uxrce/convex_ellipsoid_planner/install/custom_interface_gym/include/custom_interface_gym/custom_interface_gym/srv/detail
[0.345s] -- Installing: /px4_uxrce/convex_ellipsoid_planner/install/custom_interface_gym/include/custom_interface_gym/custom_interface_gym/srv/detail/uav_control__functions.h
[0.345s] -- Installing: /px4_uxrce/convex_ellipsoid_planner/install/custom_interface_gym/include/custom_interface_gym/custom_interface_gym/srv/detail/uav_control__functions.c
[0.345s] -- Installing: /px4_uxrce/convex_ellipsoid_planner/install/custom_interface_gym/include/custom_interface_gym/custom_interface_gym/srv/detail/uav_control__type_support.h
[0.345s] -- Installing: /px4_uxrce/convex_ellipsoid_planner/install/custom_interface_gym/include/custom_interface_gym/custom_interface_gym/srv/detail/uav_control__struct.h
[0.346s] -- Installing: /px4_uxrce/convex_ellipsoid_planner/install/custom_interface_gym/include/custom_interface_gym/custom_interface_gym/msg
[0.346s] -- Installing: /px4_uxrce/convex_ellipsoid_planner/install/custom_interface_gym/include/custom_interface_gym/custom_interface_gym/msg/des_trajectory.h
[0.346s] -- Installing: /px4_uxrce/convex_ellipsoid_planner/install/custom_interface_gym/include/custom_interface_gym/custom_interface_gym/msg/detail
[0.346s] -- Installing: /px4_uxrce/convex_ellipsoid_planner/install/custom_interface_gym/include/custom_interface_gym/custom_interface_gym/msg/detail/traj_msg__struct.h
[0.346s] -- Installing: /px4_uxrce/convex_ellipsoid_planner/install/custom_interface_gym/include/custom_interface_gym/custom_interface_gym/msg/detail/traj_msg__functions.h
[0.346s] -- Installing: /px4_uxrce/convex_ellipsoid_planner/install/custom_interface_gym/include/custom_interface_gym/custom_interface_gym/msg/detail/des_trajectory__functions.h
[0.346s] -- Installing: /px4_uxrce/convex_ellipsoid_planner/install/custom_interface_gym/include/custom_interface_gym/custom_interface_gym/msg/detail/traj_msg__functions.c
[0.347s] -- Installing: /px4_uxrce/convex_ellipsoid_planner/install/custom_interface_gym/include/custom_interface_gym/custom_interface_gym/msg/detail/des_trajectory__type_support.h
[0.347s] -- Installing: /px4_uxrce/convex_ellipsoid_planner/install/custom_interface_gym/include/custom_interface_gym/custom_interface_gym/msg/detail/des_trajectory__functions.c
[0.347s] -- Installing: /px4_uxrce/convex_ellipsoid_planner/install/custom_interface_gym/include/custom_interface_gym/custom_interface_gym/msg/detail/traj_msg__type_support.h
[0.347s] -- Installing: /px4_uxrce/convex_ellipsoid_planner/install/custom_interface_gym/include/custom_interface_gym/custom_interface_gym/msg/detail/des_trajectory__struct.h
[0.347s] -- Installing: /px4_uxrce/convex_ellipsoid_planner/install/custom_interface_gym/include/custom_interface_gym/custom_interface_gym/msg/rosidl_generator_c__visibility_control.h
[0.347s] -- Installing: /px4_uxrce/convex_ellipsoid_planner/install/custom_interface_gym/include/custom_interface_gym/custom_interface_gym/msg/traj_msg.h
[0.347s] -- Installing: /px4_uxrce/convex_ellipsoid_planner/install/custom_interface_gym/share/custom_interface_gym/environment/library_path.sh
[0.348s] -- Installing: /px4_uxrce/convex_ellipsoid_planner/install/custom_interface_gym/share/custom_interface_gym/environment/library_path.dsv
[0.348s] -- Installing: /px4_uxrce/convex_ellipsoid_planner/install/custom_interface_gym/lib/libcustom_interface_gym__rosidl_generator_c.so
[0.348s] -- Set runtime path of "/px4_uxrce/convex_ellipsoid_planner/install/custom_interface_gym/lib/libcustom_interface_gym__rosidl_generator_c.so" to ""
[0.348s] -- Up-to-date: /px4_uxrce/convex_ellipsoid_planner/install/custom_interface_gym/include/custom_interface_gym/custom_interface_gym
[0.348s] -- Up-to-date: /px4_uxrce/convex_ellipsoid_planner/install/custom_interface_gym/include/custom_interface_gym/custom_interface_gym/srv
[0.348s] -- Up-to-date: /px4_uxrce/convex_ellipsoid_planner/install/custom_interface_gym/include/custom_interface_gym/custom_interface_gym/srv/detail
[0.348s] -- Installing: /px4_uxrce/convex_ellipsoid_planner/install/custom_interface_gym/include/custom_interface_gym/custom_interface_gym/srv/detail/uav_control__rosidl_typesupport_fastrtps_c.h
[0.349s] -- Up-to-date: /px4_uxrce/convex_ellipsoid_planner/install/custom_interface_gym/include/custom_interface_gym/custom_interface_gym/msg
[0.349s] -- Up-to-date: /px4_uxrce/convex_ellipsoid_planner/install/custom_interface_gym/include/custom_interface_gym/custom_interface_gym/msg/detail
[0.349s] -- Installing: /px4_uxrce/convex_ellipsoid_planner/install/custom_interface_gym/include/custom_interface_gym/custom_interface_gym/msg/detail/traj_msg__rosidl_typesupport_fastrtps_c.h
[0.349s] -- Installing: /px4_uxrce/convex_ellipsoid_planner/install/custom_interface_gym/include/custom_interface_gym/custom_interface_gym/msg/detail/des_trajectory__rosidl_typesupport_fastrtps_c.h
[0.349s] -- Installing: /px4_uxrce/convex_ellipsoid_planner/install/custom_interface_gym/include/custom_interface_gym/custom_interface_gym/msg/rosidl_typesupport_fastrtps_c__visibility_control.h
[0.349s] -- Installing: /px4_uxrce/convex_ellipsoid_planner/install/custom_interface_gym/lib/libcustom_interface_gym__rosidl_typesupport_fastrtps_c.so
[0.350s] -- Set runtime path of "/px4_uxrce/convex_ellipsoid_planner/install/custom_interface_gym/lib/libcustom_interface_gym__rosidl_typesupport_fastrtps_c.so" to ""
[0.350s] -- Up-to-date: /px4_uxrce/convex_ellipsoid_planner/install/custom_interface_gym/include/custom_interface_gym/custom_interface_gym
[0.350s] -- Up-to-date: /px4_uxrce/convex_ellipsoid_planner/install/custom_interface_gym/include/custom_interface_gym/custom_interface_gym/srv
[0.350s] -- Up-to-date: /px4_uxrce/convex_ellipsoid_planner/install/custom_interface_gym/include/custom_interface_gym/custom_interface_gym/srv/detail
[0.350s] -- Installing: /px4_uxrce/convex_ellipsoid_planner/install/custom_interface_gym/include/custom_interface_gym/custom_interface_gym/srv/detail/uav_control__rosidl_typesupport_introspection_c.h
[0.350s] -- Installing: /px4_uxrce/convex_ellipsoid_planner/install/custom_interface_gym/include/custom_interface_gym/custom_interface_gym/srv/detail/uav_control__type_support.c
[0.351s] -- Up-to-date: /px4_uxrce/convex_ellipsoid_planner/install/custom_interface_gym/include/custom_interface_gym/custom_interface_gym/msg
[0.351s] -- Installing: /px4_uxrce/convex_ellipsoid_planner/install/custom_interface_gym/include/custom_interface_gym/custom_interface_gym/msg/rosidl_typesupport_introspection_c__visibility_control.h
[0.351s] -- Up-to-date: /px4_uxrce/convex_ellipsoid_planner/install/custom_interface_gym/include/custom_interface_gym/custom_interface_gym/msg/detail
[0.351s] -- Installing: /px4_uxrce/convex_ellipsoid_planner/install/custom_interface_gym/include/custom_interface_gym/custom_interface_gym/msg/detail/des_trajectory__rosidl_typesupport_introspection_c.h
[0.351s] -- Installing: /px4_uxrce/convex_ellipsoid_planner/install/custom_interface_gym/include/custom_interface_gym/custom_interface_gym/msg/detail/traj_msg__rosidl_typesupport_introspection_c.h
[0.351s] -- Installing: /px4_uxrce/convex_ellipsoid_planner/install/custom_interface_gym/include/custom_interface_gym/custom_interface_gym/msg/detail/traj_msg__type_support.c
[0.351s] -- Installing: /px4_uxrce/convex_ellipsoid_planner/install/custom_interface_gym/include/custom_interface_gym/custom_interface_gym/msg/detail/des_trajectory__type_support.c
[0.351s] -- Installing: /px4_uxrce/convex_ellipsoid_planner/install/custom_interface_gym/lib/libcustom_interface_gym__rosidl_typesupport_introspection_c.so
[0.352s] -- Set runtime path of "/px4_uxrce/convex_ellipsoid_planner/install/custom_interface_gym/lib/libcustom_interface_gym__rosidl_typesupport_introspection_c.so" to ""
[0.352s] -- Installing: /px4_uxrce/convex_ellipsoid_planner/install/custom_interface_gym/lib/libcustom_interface_gym__rosidl_typesupport_c.so
[0.352s] -- Set runtime path of "/px4_uxrce/convex_ellipsoid_planner/install/custom_interface_gym/lib/libcustom_interface_gym__rosidl_typesupport_c.so" to ""
[0.352s] -- Up-to-date: /px4_uxrce/convex_ellipsoid_planner/install/custom_interface_gym/include/custom_interface_gym/custom_interface_gym
[0.352s] -- Up-to-date: /px4_uxrce/convex_ellipsoid_planner/install/custom_interface_gym/include/custom_interface_gym/custom_interface_gym/srv
[0.352s] -- Installing: /px4_uxrce/convex_ellipsoid_planner/install/custom_interface_gym/include/custom_interface_gym/custom_interface_gym/srv/uav_control.hpp
[0.352s] -- Up-to-date: /px4_uxrce/convex_ellipsoid_planner/install/custom_interface_gym/include/custom_interface_gym/custom_interface_gym/srv/detail
[0.353s] -- Installing: /px4_uxrce/convex_ellipsoid_planner/install/custom_interface_gym/include/custom_interface_gym/custom_interface_gym/srv/detail/uav_control__struct.hpp
[0.353s] -- Installing: /px4_uxrce/convex_ellipsoid_planner/install/custom_interface_gym/include/custom_interface_gym/custom_interface_gym/srv/detail/uav_control__type_support.hpp
[0.353s] -- Installing: /px4_uxrce/convex_ellipsoid_planner/install/custom_interface_gym/include/custom_interface_gym/custom_interface_gym/srv/detail/uav_control__builder.hpp
[0.353s] -- Installing: /px4_uxrce/convex_ellipsoid_planner/install/custom_interface_gym/include/custom_interface_gym/custom_interface_gym/srv/detail/uav_control__traits.hpp
[0.353s] -- Up-to-date: /px4_uxrce/convex_ellipsoid_planner/install/custom_interface_gym/include/custom_interface_gym/custom_interface_gym/msg
[0.353s] -- Installing: /px4_uxrce/convex_ellipsoid_planner/install/custom_interface_gym/include/custom_interface_gym/custom_interface_gym/msg/traj_msg.hpp
[0.354s] -- Installing: /px4_uxrce/convex_ellipsoid_planner/install/custom_interface_gym/include/custom_interface_gym/custom_interface_gym/msg/des_trajectory.hpp
[0.354s] -- Up-to-date: /px4_uxrce/convex_ellipsoid_planner/install/custom_interface_gym/include/custom_interface_gym/custom_interface_gym/msg/detail
[0.354s] -- Installing: /px4_uxrce/convex_ellipsoid_planner/install/custom_interface_gym/include/custom_interface_gym/custom_interface_gym/msg/detail/des_trajectory__traits.hpp
[0.354s] -- Installing: /px4_uxrce/convex_ellipsoid_planner/install/custom_interface_gym/include/custom_interface_gym/custom_interface_gym/msg/detail/traj_msg__traits.hpp
[0.354s] -- Installing: /px4_uxrce/convex_ellipsoid_planner/install/custom_interface_gym/include/custom_interface_gym/custom_interface_gym/msg/detail/des_trajectory__struct.hpp
[0.354s] -- Installing: /px4_uxrce/convex_ellipsoid_planner/install/custom_interface_gym/include/custom_interface_gym/custom_interface_gym/msg/detail/des_trajectory__builder.hpp
[0.355s] -- Installing: /px4_uxrce/convex_ellipsoid_planner/install/custom_interface_gym/include/custom_interface_gym/custom_interface_gym/msg/detail/traj_msg__struct.hpp
[0.355s] -- Installing: /px4_uxrce/convex_ellipsoid_planner/install/custom_interface_gym/include/custom_interface_gym/custom_interface_gym/msg/detail/des_trajectory__type_support.hpp
[0.355s] -- Installing: /px4_uxrce/convex_ellipsoid_planner/install/custom_interface_gym/include/custom_interface_gym/custom_interface_gym/msg/detail/traj_msg__type_support.hpp
[0.355s] -- Installing: /px4_uxrce/convex_ellipsoid_planner/install/custom_interface_gym/include/custom_interface_gym/custom_interface_gym/msg/detail/traj_msg__builder.hpp
[0.355s] -- Installing: /px4_uxrce/convex_ellipsoid_planner/install/custom_interface_gym/include/custom_interface_gym/custom_interface_gym/msg/rosidl_generator_cpp__visibility_control.hpp
[0.355s] -- Up-to-date: /px4_uxrce/convex_ellipsoid_planner/install/custom_interface_gym/include/custom_interface_gym/custom_interface_gym
[0.356s] -- Up-to-date: /px4_uxrce/convex_ellipsoid_planner/install/custom_interface_gym/include/custom_interface_gym/custom_interface_gym/srv
[0.356s] -- Up-to-date: /px4_uxrce/convex_ellipsoid_planner/install/custom_interface_gym/include/custom_interface_gym/custom_interface_gym/srv/detail
[0.356s] -- Installing: /px4_uxrce/convex_ellipsoid_planner/install/custom_interface_gym/include/custom_interface_gym/custom_interface_gym/srv/detail/dds_fastrtps
[0.356s] -- Installing: /px4_uxrce/convex_ellipsoid_planner/install/custom_interface_gym/include/custom_interface_gym/custom_interface_gym/srv/detail/uav_control__rosidl_typesupport_fastrtps_cpp.hpp
[0.356s] -- Up-to-date: /px4_uxrce/convex_ellipsoid_planner/install/custom_interface_gym/include/custom_interface_gym/custom_interface_gym/msg
[0.356s] -- Up-to-date: /px4_uxrce/convex_ellipsoid_planner/install/custom_interface_gym/include/custom_interface_gym/custom_interface_gym/msg/detail
[0.356s] -- Installing: /px4_uxrce/convex_ellipsoid_planner/install/custom_interface_gym/include/custom_interface_gym/custom_interface_gym/msg/detail/traj_msg__rosidl_typesupport_fastrtps_cpp.hpp
[0.356s] -- Installing: /px4_uxrce/convex_ellipsoid_planner/install/custom_interface_gym/include/custom_interface_gym/custom_interface_gym/msg/detail/dds_fastrtps
[0.357s] -- Installing: /px4_uxrce/convex_ellipsoid_planner/install/custom_interface_gym/include/custom_interface_gym/custom_interface_gym/msg/detail/des_trajectory__rosidl_typesupport_fastrtps_cpp.hpp
[0.357s] -- Installing: /px4_uxrce/convex_ellipsoid_planner/install/custom_interface_gym/include/custom_interface_gym/custom_interface_gym/msg/rosidl_typesupport_fastrtps_cpp__visibility_control.h
[0.357s] -- Installing: /px4_uxrce/convex_ellipsoid_planner/install/custom_interface_gym/lib/libcustom_interface_gym__rosidl_typesupport_fastrtps_cpp.so
[0.357s] -- Set runtime path of "/px4_uxrce/convex_ellipsoid_planner/install/custom_interface_gym/lib/libcustom_interface_gym__rosidl_typesupport_fastrtps_cpp.so" to ""
[0.357s] -- Up-to-date: /px4_uxrce/convex_ellipsoid_planner/install/custom_interface_gym/include/custom_interface_gym/custom_interface_gym
[0.357s] -- Up-to-date: /px4_uxrce/convex_ellipsoid_planner/install/custom_interface_gym/include/custom_interface_gym/custom_interface_gym/srv
[0.357s] -- Up-to-date: /px4_uxrce/convex_ellipsoid_planner/install/custom_interface_gym/include/custom_interface_gym/custom_interface_gym/srv/detail
[0.357s] -- Installing: /px4_uxrce/convex_ellipsoid_planner/install/custom_interface_gym/include/custom_interface_gym/custom_interface_gym/srv/detail/uav_control__type_support.cpp
[0.358s] -- Installing: /px4_uxrce/convex_ellipsoid_planner/install/custom_interface_gym/include/custom_interface_gym/custom_interface_gym/srv/detail/uav_control__rosidl_typesupport_introspection_cpp.hpp
[0.358s] -- Up-to-date: /px4_uxrce/convex_ellipsoid_planner/install/custom_interface_gym/include/custom_interface_gym/custom_interface_gym/msg
[0.358s] -- Up-to-date: /px4_uxrce/convex_ellipsoid_planner/install/custom_interface_gym/include/custom_interface_gym/custom_interface_gym/msg/detail
[0.358s] -- Installing: /px4_uxrce/convex_ellipsoid_planner/install/custom_interface_gym/include/custom_interface_gym/custom_interface_gym/msg/detail/des_trajectory__rosidl_typesupport_introspection_cpp.hpp
[0.358s] -- Installing: /px4_uxrce/convex_ellipsoid_planner/install/custom_interface_gym/include/custom_interface_gym/custom_interface_gym/msg/detail/des_trajectory__type_support.cpp
[0.358s] -- Installing: /px4_uxrce/convex_ellipsoid_planner/install/custom_interface_gym/include/custom_interface_gym/custom_interface_gym/msg/detail/traj_msg__rosidl_typesupport_introspection_cpp.hpp
[0.358s] -- Installing: /px4_uxrce/convex_ellipsoid_planner/install/custom_interface_gym/include/custom_interface_gym/custom_interface_gym/msg/detail/traj_msg__type_support.cpp
[0.358s] -- Installing: /px4_uxrce/convex_ellipsoid_planner/install/custom_interface_gym/lib/libcustom_interface_gym__rosidl_typesupport_introspection_cpp.so
[0.359s] -- Set runtime path of "/px4_uxrce/convex_ellipsoid_planner/install/custom_interface_gym/lib/libcustom_interface_gym__rosidl_typesupport_introspection_cpp.so" to ""
[0.359s] -- Installing: /px4_uxrce/convex_ellipsoid_planner/install/custom_interface_gym/lib/libcustom_interface_gym__rosidl_typesupport_cpp.so
[0.359s] -- Set runtime path of "/px4_uxrce/convex_ellipsoid_planner/install/custom_interface_gym/lib/libcustom_interface_gym__rosidl_typesupport_cpp.so" to ""
[0.359s] -- Installing: /px4_uxrce/convex_ellipsoid_planner/install/custom_interface_gym/share/custom_interface_gym/environment/pythonpath.sh
[0.359s] -- Installing: /px4_uxrce/convex_ellipsoid_planner/install/custom_interface_gym/share/custom_interface_gym/environment/pythonpath.dsv
[0.359s] -- Installing: /px4_uxrce/convex_ellipsoid_planner/install/custom_interface_gym/local/lib/python3.10/dist-packages/custom_interface_gym-0.0.0-py3.10.egg-info
[0.359s] -- Installing: /px4_uxrce/convex_ellipsoid_planner/install/custom_interface_gym/local/lib/python3.10/dist-packages/custom_interface_gym-0.0.0-py3.10.egg-info/dependency_links.txt
[0.360s] -- Installing: /px4_uxrce/convex_ellipsoid_planner/install/custom_interface_gym/local/lib/python3.10/dist-packages/custom_interface_gym-0.0.0-py3.10.egg-info/top_level.txt
[0.360s] -- Installing: /px4_uxrce/convex_ellipsoid_planner/install/custom_interface_gym/local/lib/python3.10/dist-packages/custom_interface_gym-0.0.0-py3.10.egg-info/PKG-INFO
[0.360s] -- Installing: /px4_uxrce/convex_ellipsoid_planner/install/custom_interface_gym/local/lib/python3.10/dist-packages/custom_interface_gym-0.0.0-py3.10.egg-info/SOURCES.txt
[0.360s] -- Installing: /px4_uxrce/convex_ellipsoid_planner/install/custom_interface_gym/local/lib/python3.10/dist-packages/custom_interface_gym
[0.360s] -- Installing: /px4_uxrce/convex_ellipsoid_planner/install/custom_interface_gym/local/lib/python3.10/dist-packages/custom_interface_gym/_custom_interface_gym_s.ep.rosidl_typesupport_fastrtps_c.c
[0.360s] -- Installing: /px4_uxrce/convex_ellipsoid_planner/install/custom_interface_gym/local/lib/python3.10/dist-packages/custom_interface_gym/custom_interface_gym_s__rosidl_typesupport_c.cpython-310-x86_64-linux-gnu.so
[0.360s] -- Installing: /px4_uxrce/convex_ellipsoid_planner/install/custom_interface_gym/local/lib/python3.10/dist-packages/custom_interface_gym/custom_interface_gym_s__rosidl_typesupport_fastrtps_c.cpython-310-x86_64-linux-gnu.so
[0.361s] -- Installing: /px4_uxrce/convex_ellipsoid_planner/install/custom_interface_gym/local/lib/python3.10/dist-packages/custom_interface_gym/custom_interface_gym_s__rosidl_typesupport_introspection_c.cpython-310-x86_64-linux-gnu.so
[0.361s] -- Installing: /px4_uxrce/convex_ellipsoid_planner/install/custom_interface_gym/local/lib/python3.10/dist-packages/custom_interface_gym/_custom_interface_gym_s.ep.rosidl_typesupport_c.c
[0.361s] -- Installing: /px4_uxrce/convex_ellipsoid_planner/install/custom_interface_gym/local/lib/python3.10/dist-packages/custom_interface_gym/srv
[0.361s] -- Installing: /px4_uxrce/convex_ellipsoid_planner/install/custom_interface_gym/local/lib/python3.10/dist-packages/custom_interface_gym/srv/_uav_control_s.c
[0.361s] -- Installing: /px4_uxrce/convex_ellipsoid_planner/install/custom_interface_gym/local/lib/python3.10/dist-packages/custom_interface_gym/srv/__init__.py
[0.361s] -- Installing: /px4_uxrce/convex_ellipsoid_planner/install/custom_interface_gym/local/lib/python3.10/dist-packages/custom_interface_gym/srv/_uav_control.py
[0.361s] -- Installing: /px4_uxrce/convex_ellipsoid_planner/install/custom_interface_gym/local/lib/python3.10/dist-packages/custom_interface_gym/__init__.py
[0.361s] -- Installing: /px4_uxrce/convex_ellipsoid_planner/install/custom_interface_gym/local/lib/python3.10/dist-packages/custom_interface_gym/_custom_interface_gym_s.ep.rosidl_typesupport_introspection_c.c
[0.361s] -- Installing: /px4_uxrce/convex_ellipsoid_planner/install/custom_interface_gym/local/lib/python3.10/dist-packages/custom_interface_gym/libcustom_interface_gym__rosidl_generator_py.so
[0.362s] -- Installing: /px4_uxrce/convex_ellipsoid_planner/install/custom_interface_gym/local/lib/python3.10/dist-packages/custom_interface_gym/msg
[0.362s] -- Installing: /px4_uxrce/convex_ellipsoid_planner/install/custom_interface_gym/local/lib/python3.10/dist-packages/custom_interface_gym/msg/__init__.py
[0.362s] -- Installing: /px4_uxrce/convex_ellipsoid_planner/install/custom_interface_gym/local/lib/python3.10/dist-packages/custom_interface_gym/msg/_traj_msg.py
[0.362s] -- Installing: /px4_uxrce/convex_ellipsoid_planner/install/custom_interface_gym/local/lib/python3.10/dist-packages/custom_interface_gym/msg/_des_trajectory.py
[0.362s] -- Installing: /px4_uxrce/convex_ellipsoid_planner/install/custom_interface_gym/local/lib/python3.10/dist-packages/custom_interface_gym/msg/_des_trajectory_s.c
[0.362s] -- Installing: /px4_uxrce/convex_ellipsoid_planner/install/custom_interface_gym/local/lib/python3.10/dist-packages/custom_interface_gym/msg/_traj_msg_s.c
[0.396s] Listing '/px4_uxrce/convex_ellipsoid_planner/install/custom_interface_gym/local/lib/python3.10/dist-packages/custom_interface_gym'...
[0.396s] Compiling '/px4_uxrce/convex_ellipsoid_planner/install/custom_interface_gym/local/lib/python3.10/dist-packages/custom_interface_gym/__init__.py'...
[0.396s] Listing '/px4_uxrce/convex_ellipsoid_planner/install/custom_interface_gym/local/lib/python3.10/dist-packages/custom_interface_gym/msg'...
[0.396s] Compiling '/px4_uxrce/convex_ellipsoid_planner/install/custom_interface_gym/local/lib/python3.10/dist-packages/custom_interface_gym/msg/__init__.py'...
[0.397s] Compiling '/px4_uxrce/convex_ellipsoid_planner/install/custom_interface_gym/local/lib/python3.10/dist-packages/custom_interface_gym/msg/_des_trajectory.py'...
[0.397s] Compiling '/px4_uxrce/convex_ellipsoid_planner/install/custom_interface_gym/local/lib/python3.10/dist-packages/custom_interface_gym/msg/_traj_msg.py'...
[0.397s] Listing '/px4_uxrce/convex_ellipsoid_planner/install/custom_interface_gym/local/lib/python3.10/dist-packages/custom_interface_gym/srv'...
[0.397s] Compiling '/px4_uxrce/convex_ellipsoid_planner/install/custom_interface_gym/local/lib/python3.10/dist-packages/custom_interface_gym/srv/__init__.py'...
[0.397s] Compiling '/px4_uxrce/convex_ellipsoid_planner/install/custom_interface_gym/local/lib/python3.10/dist-packages/custom_interface_gym/srv/_uav_control.py'...
[0.402s] -- Installing: /px4_uxrce/convex_ellipsoid_planner/install/custom_interface_gym/local/lib/python3.10/dist-packages/custom_interface_gym/custom_interface_gym_s__rosidl_typesupport_fastrtps_c.cpython-310-x86_64-linux-gnu.so
[0.403s] -- Set runtime path of "/px4_uxrce/convex_ellipsoid_planner/install/custom_interface_gym/local/lib/python3.10/dist-packages/custom_interface_gym/custom_interface_gym_s__rosidl_typesupport_fastrtps_c.cpython-310-x86_64-linux-gnu.so" to ""
[0.403s] -- Installing: /px4_uxrce/convex_ellipsoid_planner/install/custom_interface_gym/local/lib/python3.10/dist-packages/custom_interface_gym/custom_interface_gym_s__rosidl_typesupport_introspection_c.cpython-310-x86_64-linux-gnu.so
[0.403s] -- Set runtime path of "/px4_uxrce/convex_ellipsoid_planner/install/custom_interface_gym/local/lib/python3.10/dist-packages/custom_interface_gym/custom_interface_gym_s__rosidl_typesupport_introspection_c.cpython-310-x86_64-linux-gnu.so" to ""
[0.404s] -- Installing: /px4_uxrce/convex_ellipsoid_planner/install/custom_interface_gym/local/lib/python3.10/dist-packages/custom_interface_gym/custom_interface_gym_s__rosidl_typesupport_c.cpython-310-x86_64-linux-gnu.so
[0.404s] -- Set runtime path of "/px4_uxrce/convex_ellipsoid_planner/install/custom_interface_gym/local/lib/python3.10/dist-packages/custom_interface_gym/custom_interface_gym_s__rosidl_typesupport_c.cpython-310-x86_64-linux-gnu.so" to ""
[0.404s] -- Installing: /px4_uxrce/convex_ellipsoid_planner/install/custom_interface_gym/lib/libcustom_interface_gym__rosidl_generator_py.so
[0.404s] -- Set runtime path of "/px4_uxrce/convex_ellipsoid_planner/install/custom_interface_gym/lib/libcustom_interface_gym__rosidl_generator_py.so" to ""
[0.404s] -- Installing: /px4_uxrce/convex_ellipsoid_planner/install/custom_interface_gym/share/custom_interface_gym/srv/UavControl.idl
[0.405s] -- Installing: /px4_uxrce/convex_ellipsoid_planner/install/custom_interface_gym/share/custom_interface_gym/msg/TrajMsg.idl
[0.405s] -- Installing: /px4_uxrce/convex_ellipsoid_planner/install/custom_interface_gym/share/custom_interface_gym/msg/DesTrajectory.idl
[0.405s] -- Installing: /px4_uxrce/convex_ellipsoid_planner/install/custom_interface_gym/share/custom_interface_gym/srv/UavControl.srv
[0.405s] -- Installing: /px4_uxrce/convex_ellipsoid_planner/install/custom_interface_gym/share/custom_interface_gym/srv/UavControl_Request.msg
[0.405s] -- Installing: /px4_uxrce/convex_ellipsoid_planner/install/custom_interface_gym/share/custom_interface_gym/srv/UavControl_Response.msg
[0.405s] -- Installing: /px4_uxrce/convex_ellipsoid_planner/install/custom_interface_gym/share/custom_interface_gym/msg/TrajMsg.msg
[0.406s] -- Installing: /px4_uxrce/convex_ellipsoid_planner/install/custom_interface_gym/share/custom_interface_gym/msg/DesTrajectory.msg
[0.406s] -- Installing: /px4_uxrce/convex_ellipsoid_planner/install/custom_interface_gym/share/ament_index/resource_index/package_run_dependencies/custom_interface_gym
[0.406s] -- Installing: /px4_uxrce/convex_ellipsoid_planner/install/custom_interface_gym/share/ament_index/resource_index/parent_prefix_path/custom_interface_gym
[0.406s] -- Installing: /px4_uxrce/convex_ellipsoid_planner/install/custom_interface_gym/share/custom_interface_gym/environment/ament_prefix_path.sh
[0.406s] -- Installing: /px4_uxrce/convex_ellipsoid_planner/install/custom_interface_gym/share/custom_interface_gym/environment/ament_prefix_path.dsv
[0.406s] -- Installing: /px4_uxrce/convex_ellipsoid_planner/install/custom_interface_gym/share/custom_interface_gym/environment/path.sh
[0.406s] -- Installing: /px4_uxrce/convex_ellipsoid_planner/install/custom_interface_gym/share/custom_interface_gym/environment/path.dsv
[0.407s] -- Installing: /px4_uxrce/convex_ellipsoid_planner/install/custom_interface_gym/share/custom_interface_gym/local_setup.bash
[0.407s] -- Installing: /px4_uxrce/convex_ellipsoid_planner/install/custom_interface_gym/share/custom_interface_gym/local_setup.sh
[0.407s] -- Installing: /px4_uxrce/convex_ellipsoid_planner/install/custom_interface_gym/share/custom_interface_gym/local_setup.zsh
[0.407s] -- Installing: /px4_uxrce/convex_ellipsoid_planner/install/custom_interface_gym/share/custom_interface_gym/local_setup.dsv
[0.407s] -- Installing: /px4_uxrce/convex_ellipsoid_planner/install/custom_interface_gym/share/custom_interface_gym/package.dsv
[0.407s] -- Installing: /px4_uxrce/convex_ellipsoid_planner/install/custom_interface_gym/share/ament_index/resource_index/packages/custom_interface_gym
[0.407s] -- Installing: /px4_uxrce/convex_ellipsoid_planner/install/custom_interface_gym/share/custom_interface_gym/cmake/export_custom_interface_gym__rosidl_generator_cExport.cmake
[0.407s] -- Installing: /px4_uxrce/convex_ellipsoid_planner/install/custom_interface_gym/share/custom_interface_gym/cmake/export_custom_interface_gym__rosidl_generator_cExport-noconfig.cmake
[0.407s] -- Installing: /px4_uxrce/convex_ellipsoid_planner/install/custom_interface_gym/share/custom_interface_gym/cmake/export_custom_interface_gym__rosidl_typesupport_fastrtps_cExport.cmake
[0.408s] -- Installing: /px4_uxrce/convex_ellipsoid_planner/install/custom_interface_gym/share/custom_interface_gym/cmake/export_custom_interface_gym__rosidl_typesupport_fastrtps_cExport-noconfig.cmake
[0.408s] -- Installing: /px4_uxrce/convex_ellipsoid_planner/install/custom_interface_gym/share/custom_interface_gym/cmake/custom_interface_gym__rosidl_typesupport_introspection_cExport.cmake
[0.408s] -- Installing: /px4_uxrce/convex_ellipsoid_planner/install/custom_interface_gym/share/custom_interface_gym/cmake/custom_interface_gym__rosidl_typesupport_introspection_cExport-noconfig.cmake
[0.408s] -- Installing: /px4_uxrce/convex_ellipsoid_planner/install/custom_interface_gym/share/custom_interface_gym/cmake/custom_interface_gym__rosidl_typesupport_cExport.cmake
[0.408s] -- Installing: /px4_uxrce/convex_ellipsoid_planner/install/custom_interface_gym/share/custom_interface_gym/cmake/custom_interface_gym__rosidl_typesupport_cExport-noconfig.cmake
[0.408s] -- Installing: /px4_uxrce/convex_ellipsoid_planner/install/custom_interface_gym/share/custom_interface_gym/cmake/export_custom_interface_gym__rosidl_generator_cppExport.cmake
[0.408s] -- Installing: /px4_uxrce/convex_ellipsoid_planner/install/custom_interface_gym/share/custom_interface_gym/cmake/export_custom_interface_gym__rosidl_typesupport_fastrtps_cppExport.cmake
[0.408s] -- Installing: /px4_uxrce/convex_ellipsoid_planner/install/custom_interface_gym/share/custom_interface_gym/cmake/export_custom_interface_gym__rosidl_typesupport_fastrtps_cppExport-noconfig.cmake
[0.408s] -- Installing: /px4_uxrce/convex_ellipsoid_planner/install/custom_interface_gym/share/custom_interface_gym/cmake/custom_interface_gym__rosidl_typesupport_introspection_cppExport.cmake
[0.409s] -- Installing: /px4_uxrce/convex_ellipsoid_planner/install/custom_interface_gym/share/custom_interface_gym/cmake/custom_interface_gym__rosidl_typesupport_introspection_cppExport-noconfig.cmake
[0.409s] -- Installing: /px4_uxrce/convex_ellipsoid_planner/install/custom_interface_gym/share/custom_interface_gym/cmake/custom_interface_gym__rosidl_typesupport_cppExport.cmake
[0.409s] -- Installing: /px4_uxrce/convex_ellipsoid_planner/install/custom_interface_gym/share/custom_interface_gym/cmake/custom_interface_gym__rosidl_typesupport_cppExport-noconfig.cmake
[0.409s] -- Installing: /px4_uxrce/convex_ellipsoid_planner/install/custom_interface_gym/share/custom_interface_gym/cmake/export_custom_interface_gym__rosidl_generator_pyExport.cmake
[0.409s] -- Installing: /px4_uxrce/convex_ellipsoid_planner/install/custom_interface_gym/share/custom_interface_gym/cmake/export_custom_interface_gym__rosidl_generator_pyExport-noconfig.cmake
[0.409s] -- Installing: /px4_uxrce/convex_ellipsoid_planner/install/custom_interface_gym/share/custom_interface_gym/cmake/rosidl_cmake-extras.cmake
[0.409s] -- Installing: /px4_uxrce/convex_ellipsoid_planner/install/custom_interface_gym/share/custom_interface_gym/cmake/ament_cmake_export_dependencies-extras.cmake
[0.409s] -- Installing: /px4_uxrce/convex_ellipsoid_planner/install/custom_interface_gym/share/custom_interface_gym/cmake/ament_cmake_export_include_directories-extras.cmake
[0.409s] -- Installing: /px4_uxrce/convex_ellipsoid_planner/install/custom_interface_gym/share/custom_interface_gym/cmake/ament_cmake_export_libraries-extras.cmake
[0.410s] -- Installing: /px4_uxrce/convex_ellipsoid_planner/install/custom_interface_gym/share/custom_interface_gym/cmake/ament_cmake_export_targets-extras.cmake
[0.410s] -- Installing: /px4_uxrce/convex_ellipsoid_planner/install/custom_interface_gym/share/custom_interface_gym/cmake/rosidl_cmake_export_typesupport_targets-extras.cmake
[0.410s] -- Installing: /px4_uxrce/convex_ellipsoid_planner/install/custom_interface_gym/share/custom_interface_gym/cmake/rosidl_cmake_export_typesupport_libraries-extras.cmake
[0.410s] -- Installing: /px4_uxrce/convex_ellipsoid_planner/install/custom_interface_gym/share/custom_interface_gym/cmake/custom_interface_gymConfig.cmake
[0.410s] -- Installing: /px4_uxrce/convex_ellipsoid_planner/install/custom_interface_gym/share/custom_interface_gym/cmake/custom_interface_gymConfig-version.cmake
[0.410s] -- Installing: /px4_uxrce/convex_ellipsoid_planner/install/custom_interface_gym/share/custom_interface_gym/package.xml
[0.412s] Invoked command in '/px4_uxrce/convex_ellipsoid_planner/build/custom_interface_gym' returned '0': CMAKE_PREFIX_PATH=/opt/ros/humble /usr/bin/cmake --install /px4_uxrce/convex_ellipsoid_planner/build/custom_interface_gym
