[0.179s] DEBUG:colcon:Command line arguments: ['/usr/bin/colcon', 'build']
[0.179s] DEBUG:colcon:Parsed command line arguments: Namespace(log_base=None, log_level=None, verb_name='build', build_base='build', install_base='install', merge_install=False, symlink_install=False, test_result_base=None, continue_on_error=False, executor='parallel', parallel_workers=12, event_handlers=None, ignore_user_meta=False, metas=['./colcon.meta'], base_paths=['.'], packages_ignore=None, packages_ignore_regex=None, paths=None, packages_up_to=None, packages_up_to_regex=None, packages_above=None, packages_above_and_dependencies=None, packages_above_depth=None, packages_select_by_dep=None, packages_skip_by_dep=None, packages_skip_up_to=None, packages_select_build_failed=False, packages_skip_build_finished=False, packages_select_test_failures=False, packages_skip_test_passed=False, packages_select=None, packages_skip=None, packages_select_regex=None, packages_skip_regex=None, packages_start=None, packages_end=None, cmake_args=None, cmake_target=None, cmake_target_skip_unavailable=False, cmake_clean_cache=False, cmake_clean_first=False, cmake_force_configure=False, ament_cmake_args=None, catkin_cmake_args=None, catkin_skip_building_tests=False, mixin_files=None, mixin=None, verb_parser=<colcon_mixin.mixin.mixin_argument.MixinArgumentDecorator object at 0x7fa989708490>, verb_extension=<colcon_core.verb.build.BuildVerb object at 0x7fa9896dfe50>, main=<bound method BuildVerb.main of <colcon_core.verb.build.BuildVerb object at 0x7fa9896dfe50>>, mixin_verb=('build',))
[0.438s] Level 1:colcon.colcon_core.package_discovery:discover_packages(colcon_meta) check parameters
[0.439s] INFO:colcon.colcon_metadata.package_discovery.colcon_meta:Using configuration from '/root/.colcon/metadata/default/Gazebo.meta'
[0.440s] INFO:colcon.colcon_metadata.package_discovery.colcon_meta:Using configuration from '/root/.colcon/metadata/default/fastrtps.meta'
[0.440s] Level 1:colcon.colcon_core.package_discovery:discover_packages(recursive) check parameters
[0.440s] Level 1:colcon.colcon_core.package_discovery:discover_packages(ignore) check parameters
[0.440s] Level 1:colcon.colcon_core.package_discovery:discover_packages(path) check parameters
[0.440s] Level 1:colcon.colcon_core.package_discovery:discover_packages(colcon_meta) discover
[0.440s] Level 1:colcon.colcon_core.package_discovery:discover_packages(recursive) discover
[0.440s] INFO:colcon.colcon_core.package_discovery:Crawling recursively for packages in '/px4_uxrce/new/px4-offboard_ws'
[0.441s] Level 1:colcon.colcon_core.package_identification:_identify(.) by extensions ['ignore', 'ignore_ament_install']
[0.441s] Level 1:colcon.colcon_core.package_identification:_identify(.) by extension 'ignore'
[0.441s] Level 1:colcon.colcon_core.package_identification:_identify(.) by extension 'ignore_ament_install'
[0.441s] Level 1:colcon.colcon_core.package_identification:_identify(.) by extensions ['colcon_pkg']
[0.441s] Level 1:colcon.colcon_core.package_identification:_identify(.) by extension 'colcon_pkg'
[0.441s] Level 1:colcon.colcon_core.package_identification:_identify(.) by extensions ['colcon_meta']
[0.441s] Level 1:colcon.colcon_core.package_identification:_identify(.) by extension 'colcon_meta'
[0.441s] Level 1:colcon.colcon_core.package_identification:_identify(.) by extensions ['ros']
[0.441s] Level 1:colcon.colcon_core.package_identification:_identify(.) by extension 'ros'
[0.497s] Level 1:colcon.colcon_core.package_identification:_identify(.) by extensions ['cmake', 'python']
[0.497s] Level 1:colcon.colcon_core.package_identification:_identify(.) by extension 'cmake'
[0.497s] Level 1:colcon.colcon_core.package_identification:_identify(.) by extension 'python'
[0.497s] Level 1:colcon.colcon_core.package_identification:_identify(.) by extensions ['python_setup_py']
[0.497s] Level 1:colcon.colcon_core.package_identification:_identify(.) by extension 'python_setup_py'
[0.497s] Level 1:colcon.colcon_core.package_identification:_identify(build) by extensions ['ignore', 'ignore_ament_install']
[0.497s] Level 1:colcon.colcon_core.package_identification:_identify(build) by extension 'ignore'
[0.497s] Level 1:colcon.colcon_core.package_identification:_identify(build) ignored
[0.498s] Level 1:colcon.colcon_core.package_identification:_identify(c_generated_code) by extensions ['ignore', 'ignore_ament_install']
[0.498s] Level 1:colcon.colcon_core.package_identification:_identify(c_generated_code) by extension 'ignore'
[0.498s] Level 1:colcon.colcon_core.package_identification:_identify(c_generated_code) by extension 'ignore_ament_install'
[0.498s] Level 1:colcon.colcon_core.package_identification:_identify(c_generated_code) by extensions ['colcon_pkg']
[0.498s] Level 1:colcon.colcon_core.package_identification:_identify(c_generated_code) by extension 'colcon_pkg'
[0.498s] Level 1:colcon.colcon_core.package_identification:_identify(c_generated_code) by extensions ['colcon_meta']
[0.498s] Level 1:colcon.colcon_core.package_identification:_identify(c_generated_code) by extension 'colcon_meta'
[0.498s] Level 1:colcon.colcon_core.package_identification:_identify(c_generated_code) by extensions ['ros']
[0.498s] Level 1:colcon.colcon_core.package_identification:_identify(c_generated_code) by extension 'ros'
[0.498s] Level 1:colcon.colcon_core.package_identification:_identify(c_generated_code) by extensions ['cmake', 'python']
[0.498s] Level 1:colcon.colcon_core.package_identification:_identify(c_generated_code) by extension 'cmake'
[0.499s] Level 1:colcon.colcon_core.package_identification:_identify(c_generated_code) by extension 'python'
[0.499s] Level 1:colcon.colcon_core.package_identification:_identify(c_generated_code) by extensions ['python_setup_py']
[0.499s] Level 1:colcon.colcon_core.package_identification:_identify(c_generated_code) by extension 'python_setup_py'
[0.499s] Level 1:colcon.colcon_core.package_identification:_identify(c_generated_code/multirotor_rate_model_cost) by extensions ['ignore', 'ignore_ament_install']
[0.499s] Level 1:colcon.colcon_core.package_identification:_identify(c_generated_code/multirotor_rate_model_cost) by extension 'ignore'
[0.499s] Level 1:colcon.colcon_core.package_identification:_identify(c_generated_code/multirotor_rate_model_cost) by extension 'ignore_ament_install'
[0.499s] Level 1:colcon.colcon_core.package_identification:_identify(c_generated_code/multirotor_rate_model_cost) by extensions ['colcon_pkg']
[0.499s] Level 1:colcon.colcon_core.package_identification:_identify(c_generated_code/multirotor_rate_model_cost) by extension 'colcon_pkg'
[0.499s] Level 1:colcon.colcon_core.package_identification:_identify(c_generated_code/multirotor_rate_model_cost) by extensions ['colcon_meta']
[0.499s] Level 1:colcon.colcon_core.package_identification:_identify(c_generated_code/multirotor_rate_model_cost) by extension 'colcon_meta'
[0.499s] Level 1:colcon.colcon_core.package_identification:_identify(c_generated_code/multirotor_rate_model_cost) by extensions ['ros']
[0.499s] Level 1:colcon.colcon_core.package_identification:_identify(c_generated_code/multirotor_rate_model_cost) by extension 'ros'
[0.500s] Level 1:colcon.colcon_core.package_identification:_identify(c_generated_code/multirotor_rate_model_cost) by extensions ['cmake', 'python']
[0.500s] Level 1:colcon.colcon_core.package_identification:_identify(c_generated_code/multirotor_rate_model_cost) by extension 'cmake'
[0.500s] Level 1:colcon.colcon_core.package_identification:_identify(c_generated_code/multirotor_rate_model_cost) by extension 'python'
[0.500s] Level 1:colcon.colcon_core.package_identification:_identify(c_generated_code/multirotor_rate_model_cost) by extensions ['python_setup_py']
[0.500s] Level 1:colcon.colcon_core.package_identification:_identify(c_generated_code/multirotor_rate_model_cost) by extension 'python_setup_py'
[0.500s] Level 1:colcon.colcon_core.package_identification:_identify(c_generated_code/multirotor_rate_model_model) by extensions ['ignore', 'ignore_ament_install']
[0.500s] Level 1:colcon.colcon_core.package_identification:_identify(c_generated_code/multirotor_rate_model_model) by extension 'ignore'
[0.500s] Level 1:colcon.colcon_core.package_identification:_identify(c_generated_code/multirotor_rate_model_model) by extension 'ignore_ament_install'
[0.500s] Level 1:colcon.colcon_core.package_identification:_identify(c_generated_code/multirotor_rate_model_model) by extensions ['colcon_pkg']
[0.500s] Level 1:colcon.colcon_core.package_identification:_identify(c_generated_code/multirotor_rate_model_model) by extension 'colcon_pkg'
[0.500s] Level 1:colcon.colcon_core.package_identification:_identify(c_generated_code/multirotor_rate_model_model) by extensions ['colcon_meta']
[0.500s] Level 1:colcon.colcon_core.package_identification:_identify(c_generated_code/multirotor_rate_model_model) by extension 'colcon_meta'
[0.500s] Level 1:colcon.colcon_core.package_identification:_identify(c_generated_code/multirotor_rate_model_model) by extensions ['ros']
[0.501s] Level 1:colcon.colcon_core.package_identification:_identify(c_generated_code/multirotor_rate_model_model) by extension 'ros'
[0.501s] Level 1:colcon.colcon_core.package_identification:_identify(c_generated_code/multirotor_rate_model_model) by extensions ['cmake', 'python']
[0.501s] Level 1:colcon.colcon_core.package_identification:_identify(c_generated_code/multirotor_rate_model_model) by extension 'cmake'
[0.501s] Level 1:colcon.colcon_core.package_identification:_identify(c_generated_code/multirotor_rate_model_model) by extension 'python'
[0.501s] Level 1:colcon.colcon_core.package_identification:_identify(c_generated_code/multirotor_rate_model_model) by extensions ['python_setup_py']
[0.501s] Level 1:colcon.colcon_core.package_identification:_identify(c_generated_code/multirotor_rate_model_model) by extension 'python_setup_py'
[0.501s] Level 1:colcon.colcon_core.package_identification:_identify(install) by extensions ['ignore', 'ignore_ament_install']
[0.501s] Level 1:colcon.colcon_core.package_identification:_identify(install) by extension 'ignore'
[0.501s] Level 1:colcon.colcon_core.package_identification:_identify(install) ignored
[0.502s] Level 1:colcon.colcon_core.package_identification:_identify(log) by extensions ['ignore', 'ignore_ament_install']
[0.502s] Level 1:colcon.colcon_core.package_identification:_identify(log) by extension 'ignore'
[0.502s] Level 1:colcon.colcon_core.package_identification:_identify(log) ignored
[0.502s] Level 1:colcon.colcon_core.package_identification:_identify(src) by extensions ['ignore', 'ignore_ament_install']
[0.502s] Level 1:colcon.colcon_core.package_identification:_identify(src) by extension 'ignore'
[0.502s] Level 1:colcon.colcon_core.package_identification:_identify(src) by extension 'ignore_ament_install'
[0.503s] Level 1:colcon.colcon_core.package_identification:_identify(src) by extensions ['colcon_pkg']
[0.503s] Level 1:colcon.colcon_core.package_identification:_identify(src) by extension 'colcon_pkg'
[0.503s] Level 1:colcon.colcon_core.package_identification:_identify(src) by extensions ['colcon_meta']
[0.503s] Level 1:colcon.colcon_core.package_identification:_identify(src) by extension 'colcon_meta'
[0.503s] Level 1:colcon.colcon_core.package_identification:_identify(src) by extensions ['ros']
[0.503s] Level 1:colcon.colcon_core.package_identification:_identify(src) by extension 'ros'
[0.503s] Level 1:colcon.colcon_core.package_identification:_identify(src) by extensions ['cmake', 'python']
[0.503s] Level 1:colcon.colcon_core.package_identification:_identify(src) by extension 'cmake'
[0.503s] Level 1:colcon.colcon_core.package_identification:_identify(src) by extension 'python'
[0.503s] Level 1:colcon.colcon_core.package_identification:_identify(src) by extensions ['python_setup_py']
[0.503s] Level 1:colcon.colcon_core.package_identification:_identify(src) by extension 'python_setup_py'
[0.503s] Level 1:colcon.colcon_core.package_identification:_identify(src/px4-mpc) by extensions ['ignore', 'ignore_ament_install']
[0.504s] Level 1:colcon.colcon_core.package_identification:_identify(src/px4-mpc) by extension 'ignore'
[0.504s] Level 1:colcon.colcon_core.package_identification:_identify(src/px4-mpc) by extension 'ignore_ament_install'
[0.504s] Level 1:colcon.colcon_core.package_identification:_identify(src/px4-mpc) by extensions ['colcon_pkg']
[0.504s] Level 1:colcon.colcon_core.package_identification:_identify(src/px4-mpc) by extension 'colcon_pkg'
[0.504s] Level 1:colcon.colcon_core.package_identification:_identify(src/px4-mpc) by extensions ['colcon_meta']
[0.504s] Level 1:colcon.colcon_core.package_identification:_identify(src/px4-mpc) by extension 'colcon_meta'
[0.504s] Level 1:colcon.colcon_core.package_identification:_identify(src/px4-mpc) by extensions ['ros']
[0.504s] Level 1:colcon.colcon_core.package_identification:_identify(src/px4-mpc) by extension 'ros'
[0.504s] Level 1:colcon.colcon_core.package_identification:_identify(src/px4-mpc) by extensions ['cmake', 'python']
[0.504s] Level 1:colcon.colcon_core.package_identification:_identify(src/px4-mpc) by extension 'cmake'
[0.504s] Level 1:colcon.colcon_core.package_identification:_identify(src/px4-mpc) by extension 'python'
[0.504s] Level 1:colcon.colcon_core.package_identification:_identify(src/px4-mpc) by extensions ['python_setup_py']
[0.504s] Level 1:colcon.colcon_core.package_identification:_identify(src/px4-mpc) by extension 'python_setup_py'
[0.504s] Level 1:colcon.colcon_core.package_identification:_identify(src/px4-mpc/mpc_msgs) by extensions ['ignore', 'ignore_ament_install']
[0.505s] Level 1:colcon.colcon_core.package_identification:_identify(src/px4-mpc/mpc_msgs) by extension 'ignore'
[0.505s] Level 1:colcon.colcon_core.package_identification:_identify(src/px4-mpc/mpc_msgs) by extension 'ignore_ament_install'
[0.505s] Level 1:colcon.colcon_core.package_identification:_identify(src/px4-mpc/mpc_msgs) by extensions ['colcon_pkg']
[0.505s] Level 1:colcon.colcon_core.package_identification:_identify(src/px4-mpc/mpc_msgs) by extension 'colcon_pkg'
[0.505s] Level 1:colcon.colcon_core.package_identification:_identify(src/px4-mpc/mpc_msgs) by extensions ['colcon_meta']
[0.505s] Level 1:colcon.colcon_core.package_identification:_identify(src/px4-mpc/mpc_msgs) by extension 'colcon_meta'
[0.505s] Level 1:colcon.colcon_core.package_identification:_identify(src/px4-mpc/mpc_msgs) by extensions ['ros']
[0.505s] Level 1:colcon.colcon_core.package_identification:_identify(src/px4-mpc/mpc_msgs) by extension 'ros'
[0.509s] DEBUG:colcon.colcon_core.package_identification:Package 'src/px4-mpc/mpc_msgs' with type 'ros.ament_cmake' and name 'mpc_msgs'
[0.509s] Level 1:colcon.colcon_core.package_identification:_identify(src/px4-mpc/px4_mpc) by extensions ['ignore', 'ignore_ament_install']
[0.510s] Level 1:colcon.colcon_core.package_identification:_identify(src/px4-mpc/px4_mpc) by extension 'ignore'
[0.510s] Level 1:colcon.colcon_core.package_identification:_identify(src/px4-mpc/px4_mpc) by extension 'ignore_ament_install'
[0.510s] Level 1:colcon.colcon_core.package_identification:_identify(src/px4-mpc/px4_mpc) by extensions ['colcon_pkg']
[0.510s] Level 1:colcon.colcon_core.package_identification:_identify(src/px4-mpc/px4_mpc) by extension 'colcon_pkg'
[0.510s] Level 1:colcon.colcon_core.package_identification:_identify(src/px4-mpc/px4_mpc) by extensions ['colcon_meta']
[0.510s] Level 1:colcon.colcon_core.package_identification:_identify(src/px4-mpc/px4_mpc) by extension 'colcon_meta'
[0.510s] Level 1:colcon.colcon_core.package_identification:_identify(src/px4-mpc/px4_mpc) by extensions ['ros']
[0.510s] Level 1:colcon.colcon_core.package_identification:_identify(src/px4-mpc/px4_mpc) by extension 'ros'
[0.512s] DEBUG:colcon.colcon_core.package_identification:Package 'src/px4-mpc/px4_mpc' with type 'ros.ament_python' and name 'px4_mpc'
[0.512s] Level 1:colcon.colcon_core.package_identification:_identify(src/px4-offboard) by extensions ['ignore', 'ignore_ament_install']
[0.512s] Level 1:colcon.colcon_core.package_identification:_identify(src/px4-offboard) by extension 'ignore'
[0.512s] Level 1:colcon.colcon_core.package_identification:_identify(src/px4-offboard) by extension 'ignore_ament_install'
[0.512s] Level 1:colcon.colcon_core.package_identification:_identify(src/px4-offboard) by extensions ['colcon_pkg']
[0.512s] Level 1:colcon.colcon_core.package_identification:_identify(src/px4-offboard) by extension 'colcon_pkg'
[0.512s] Level 1:colcon.colcon_core.package_identification:_identify(src/px4-offboard) by extensions ['colcon_meta']
[0.512s] Level 1:colcon.colcon_core.package_identification:_identify(src/px4-offboard) by extension 'colcon_meta'
[0.512s] Level 1:colcon.colcon_core.package_identification:_identify(src/px4-offboard) by extensions ['ros']
[0.512s] Level 1:colcon.colcon_core.package_identification:_identify(src/px4-offboard) by extension 'ros'
[0.514s] DEBUG:colcon.colcon_core.package_identification:Package 'src/px4-offboard' with type 'ros.ament_python' and name 'px4_offboard'
[0.514s] Level 1:colcon.colcon_core.package_identification:_identify(src/px4_msgs) by extensions ['ignore', 'ignore_ament_install']
[0.514s] Level 1:colcon.colcon_core.package_identification:_identify(src/px4_msgs) by extension 'ignore'
[0.514s] Level 1:colcon.colcon_core.package_identification:_identify(src/px4_msgs) by extension 'ignore_ament_install'
[0.514s] Level 1:colcon.colcon_core.package_identification:_identify(src/px4_msgs) by extensions ['colcon_pkg']
[0.514s] Level 1:colcon.colcon_core.package_identification:_identify(src/px4_msgs) by extension 'colcon_pkg'
[0.514s] Level 1:colcon.colcon_core.package_identification:_identify(src/px4_msgs) by extensions ['colcon_meta']
[0.515s] Level 1:colcon.colcon_core.package_identification:_identify(src/px4_msgs) by extension 'colcon_meta'
[0.515s] Level 1:colcon.colcon_core.package_identification:_identify(src/px4_msgs) by extensions ['ros']
[0.515s] Level 1:colcon.colcon_core.package_identification:_identify(src/px4_msgs) by extension 'ros'
[0.516s] DEBUG:colcon.colcon_core.package_identification:Package 'src/px4_msgs' with type 'ros.ament_cmake' and name 'px4_msgs'
[0.516s] Level 1:colcon.colcon_core.package_discovery:discover_packages(recursive) using defaults
[0.516s] Level 1:colcon.colcon_core.package_discovery:discover_packages(ignore) discover
[0.516s] Level 1:colcon.colcon_core.package_discovery:discover_packages(ignore) using defaults
[0.516s] Level 1:colcon.colcon_core.package_discovery:discover_packages(path) discover
[0.516s] Level 1:colcon.colcon_core.package_discovery:discover_packages(path) using defaults
[0.545s] Level 5:colcon.colcon_core.verb:set package 'mpc_msgs' build argument 'cmake_args' from command line to 'None'
[0.545s] Level 5:colcon.colcon_core.verb:set package 'mpc_msgs' build argument 'cmake_target' from command line to 'None'
[0.545s] Level 5:colcon.colcon_core.verb:set package 'mpc_msgs' build argument 'cmake_target_skip_unavailable' from command line to 'False'
[0.545s] Level 5:colcon.colcon_core.verb:set package 'mpc_msgs' build argument 'cmake_clean_cache' from command line to 'False'
[0.545s] Level 5:colcon.colcon_core.verb:set package 'mpc_msgs' build argument 'cmake_clean_first' from command line to 'False'
[0.545s] Level 5:colcon.colcon_core.verb:set package 'mpc_msgs' build argument 'cmake_force_configure' from command line to 'False'
[0.545s] Level 5:colcon.colcon_core.verb:set package 'mpc_msgs' build argument 'ament_cmake_args' from command line to 'None'
[0.545s] Level 5:colcon.colcon_core.verb:set package 'mpc_msgs' build argument 'catkin_cmake_args' from command line to 'None'
[0.545s] Level 5:colcon.colcon_core.verb:set package 'mpc_msgs' build argument 'catkin_skip_building_tests' from command line to 'False'
[0.545s] DEBUG:colcon.colcon_core.verb:Building package 'mpc_msgs' with the following arguments: {'ament_cmake_args': None, 'build_base': '/px4_uxrce/new/px4-offboard_ws/build/mpc_msgs', 'catkin_cmake_args': None, 'catkin_skip_building_tests': False, 'cmake_args': None, 'cmake_clean_cache': False, 'cmake_clean_first': False, 'cmake_force_configure': False, 'cmake_target': None, 'cmake_target_skip_unavailable': False, 'install_base': '/px4_uxrce/new/px4-offboard_ws/install/mpc_msgs', 'merge_install': False, 'path': '/px4_uxrce/new/px4-offboard_ws/src/px4-mpc/mpc_msgs', 'symlink_install': False, 'test_result_base': None}
[0.545s] Level 5:colcon.colcon_core.verb:set package 'px4_msgs' build argument 'cmake_args' from command line to 'None'
[0.545s] Level 5:colcon.colcon_core.verb:set package 'px4_msgs' build argument 'cmake_target' from command line to 'None'
[0.546s] Level 5:colcon.colcon_core.verb:set package 'px4_msgs' build argument 'cmake_target_skip_unavailable' from command line to 'False'
[0.546s] Level 5:colcon.colcon_core.verb:set package 'px4_msgs' build argument 'cmake_clean_cache' from command line to 'False'
[0.546s] Level 5:colcon.colcon_core.verb:set package 'px4_msgs' build argument 'cmake_clean_first' from command line to 'False'
[0.546s] Level 5:colcon.colcon_core.verb:set package 'px4_msgs' build argument 'cmake_force_configure' from command line to 'False'
[0.546s] Level 5:colcon.colcon_core.verb:set package 'px4_msgs' build argument 'ament_cmake_args' from command line to 'None'
[0.546s] Level 5:colcon.colcon_core.verb:set package 'px4_msgs' build argument 'catkin_cmake_args' from command line to 'None'
[0.546s] Level 5:colcon.colcon_core.verb:set package 'px4_msgs' build argument 'catkin_skip_building_tests' from command line to 'False'
[0.546s] DEBUG:colcon.colcon_core.verb:Building package 'px4_msgs' with the following arguments: {'ament_cmake_args': None, 'build_base': '/px4_uxrce/new/px4-offboard_ws/build/px4_msgs', 'catkin_cmake_args': None, 'catkin_skip_building_tests': False, 'cmake_args': None, 'cmake_clean_cache': False, 'cmake_clean_first': False, 'cmake_force_configure': False, 'cmake_target': None, 'cmake_target_skip_unavailable': False, 'install_base': '/px4_uxrce/new/px4-offboard_ws/install/px4_msgs', 'merge_install': False, 'path': '/px4_uxrce/new/px4-offboard_ws/src/px4_msgs', 'symlink_install': False, 'test_result_base': None}
[0.546s] Level 5:colcon.colcon_core.verb:set package 'px4_offboard' build argument 'cmake_args' from command line to 'None'
[0.546s] Level 5:colcon.colcon_core.verb:set package 'px4_offboard' build argument 'cmake_target' from command line to 'None'
[0.546s] Level 5:colcon.colcon_core.verb:set package 'px4_offboard' build argument 'cmake_target_skip_unavailable' from command line to 'False'
[0.546s] Level 5:colcon.colcon_core.verb:set package 'px4_offboard' build argument 'cmake_clean_cache' from command line to 'False'
[0.546s] Level 5:colcon.colcon_core.verb:set package 'px4_offboard' build argument 'cmake_clean_first' from command line to 'False'
[0.546s] Level 5:colcon.colcon_core.verb:set package 'px4_offboard' build argument 'cmake_force_configure' from command line to 'False'
[0.546s] Level 5:colcon.colcon_core.verb:set package 'px4_offboard' build argument 'ament_cmake_args' from command line to 'None'
[0.546s] Level 5:colcon.colcon_core.verb:set package 'px4_offboard' build argument 'catkin_cmake_args' from command line to 'None'
[0.546s] Level 5:colcon.colcon_core.verb:set package 'px4_offboard' build argument 'catkin_skip_building_tests' from command line to 'False'
[0.546s] DEBUG:colcon.colcon_core.verb:Building package 'px4_offboard' with the following arguments: {'ament_cmake_args': None, 'build_base': '/px4_uxrce/new/px4-offboard_ws/build/px4_offboard', 'catkin_cmake_args': None, 'catkin_skip_building_tests': False, 'cmake_args': None, 'cmake_clean_cache': False, 'cmake_clean_first': False, 'cmake_force_configure': False, 'cmake_target': None, 'cmake_target_skip_unavailable': False, 'install_base': '/px4_uxrce/new/px4-offboard_ws/install/px4_offboard', 'merge_install': False, 'path': '/px4_uxrce/new/px4-offboard_ws/src/px4-offboard', 'symlink_install': False, 'test_result_base': None}
[0.547s] Level 5:colcon.colcon_core.verb:set package 'px4_mpc' build argument 'cmake_args' from command line to 'None'
[0.547s] Level 5:colcon.colcon_core.verb:set package 'px4_mpc' build argument 'cmake_target' from command line to 'None'
[0.547s] Level 5:colcon.colcon_core.verb:set package 'px4_mpc' build argument 'cmake_target_skip_unavailable' from command line to 'False'
[0.547s] Level 5:colcon.colcon_core.verb:set package 'px4_mpc' build argument 'cmake_clean_cache' from command line to 'False'
[0.547s] Level 5:colcon.colcon_core.verb:set package 'px4_mpc' build argument 'cmake_clean_first' from command line to 'False'
[0.547s] Level 5:colcon.colcon_core.verb:set package 'px4_mpc' build argument 'cmake_force_configure' from command line to 'False'
[0.547s] Level 5:colcon.colcon_core.verb:set package 'px4_mpc' build argument 'ament_cmake_args' from command line to 'None'
[0.547s] Level 5:colcon.colcon_core.verb:set package 'px4_mpc' build argument 'catkin_cmake_args' from command line to 'None'
[0.547s] Level 5:colcon.colcon_core.verb:set package 'px4_mpc' build argument 'catkin_skip_building_tests' from command line to 'False'
[0.547s] DEBUG:colcon.colcon_core.verb:Building package 'px4_mpc' with the following arguments: {'ament_cmake_args': None, 'build_base': '/px4_uxrce/new/px4-offboard_ws/build/px4_mpc', 'catkin_cmake_args': None, 'catkin_skip_building_tests': False, 'cmake_args': None, 'cmake_clean_cache': False, 'cmake_clean_first': False, 'cmake_force_configure': False, 'cmake_target': None, 'cmake_target_skip_unavailable': False, 'install_base': '/px4_uxrce/new/px4-offboard_ws/install/px4_mpc', 'merge_install': False, 'path': '/px4_uxrce/new/px4-offboard_ws/src/px4-mpc/px4_mpc', 'symlink_install': False, 'test_result_base': None}
[0.547s] INFO:colcon.colcon_core.executor:Executing jobs using 'parallel' executor
[0.548s] DEBUG:colcon.colcon_parallel_executor.executor.parallel:run_until_complete
[0.549s] INFO:colcon.colcon_ros.task.ament_cmake.build:Building ROS package in '/px4_uxrce/new/px4-offboard_ws/src/px4_msgs' with build type 'ament_cmake'
[0.549s] INFO:colcon.colcon_cmake.task.cmake.build:Building CMake package in '/px4_uxrce/new/px4-offboard_ws/src/px4_msgs'
[0.551s] INFO:colcon.colcon_core.plugin_system:Skipping extension 'colcon_core.shell.bat': Not used on non-Windows systems
[0.552s] INFO:colcon.colcon_core.shell:Skip shell extension 'powershell' for command environment: Not usable outside of PowerShell
[0.552s] DEBUG:colcon.colcon_core.shell:Skip shell extension 'dsv' for command environment
[0.558s] INFO:colcon.colcon_ros.task.ament_cmake.build:Building ROS package in '/px4_uxrce/new/px4-offboard_ws/src/px4-mpc/mpc_msgs' with build type 'ament_cmake'
[0.558s] INFO:colcon.colcon_cmake.task.cmake.build:Building CMake package in '/px4_uxrce/new/px4-offboard_ws/src/px4-mpc/mpc_msgs'
[0.559s] INFO:colcon.colcon_core.shell:Skip shell extension 'powershell' for command environment: Not usable outside of PowerShell
[0.559s] DEBUG:colcon.colcon_core.shell:Skip shell extension 'dsv' for command environment
[0.568s] DEBUG:colcon.colcon_core.event_handler.log_command:Invoking command in '/px4_uxrce/new/px4-offboard_ws/build/px4_msgs': CMAKE_PREFIX_PATH=${CMAKE_PREFIX_PATH}:/px4_uxrce/new/px4-offboard_ws/install/px4_mpc:/px4_uxrce/new/px4-offboard_ws/install/px4_offboard:/opt/ros/humble /usr/bin/cmake --build /px4_uxrce/new/px4-offboard_ws/build/px4_msgs -- -j12 -l12
[0.576s] DEBUG:colcon.colcon_core.event_handler.log_command:Invoking command in '/px4_uxrce/new/px4-offboard_ws/build/mpc_msgs': CMAKE_PREFIX_PATH=${CMAKE_PREFIX_PATH}:/px4_uxrce/new/px4-offboard_ws/install/px4_mpc:/px4_uxrce/new/px4-offboard_ws/install/px4_offboard:/opt/ros/humble /usr/bin/cmake --build /px4_uxrce/new/px4-offboard_ws/build/mpc_msgs -- -j12 -l12
[1.135s] DEBUG:colcon.colcon_core.event_handler.log_command:Invoked command in '/px4_uxrce/new/px4-offboard_ws/build/mpc_msgs' returned '0': CMAKE_PREFIX_PATH=${CMAKE_PREFIX_PATH}:/px4_uxrce/new/px4-offboard_ws/install/px4_mpc:/px4_uxrce/new/px4-offboard_ws/install/px4_offboard:/opt/ros/humble /usr/bin/cmake --build /px4_uxrce/new/px4-offboard_ws/build/mpc_msgs -- -j12 -l12
[1.145s] DEBUG:colcon.colcon_core.event_handler.log_command:Invoking command in '/px4_uxrce/new/px4-offboard_ws/build/mpc_msgs': CMAKE_PREFIX_PATH=${CMAKE_PREFIX_PATH}:/px4_uxrce/new/px4-offboard_ws/install/px4_mpc:/px4_uxrce/new/px4-offboard_ws/install/px4_offboard:/opt/ros/humble /usr/bin/cmake --install /px4_uxrce/new/px4-offboard_ws/build/mpc_msgs
[1.226s] Level 1:colcon.colcon_core.environment:create_environment_scripts_only(mpc_msgs)
[1.227s] DEBUG:colcon.colcon_core.event_handler.log_command:Invoked command in '/px4_uxrce/new/px4-offboard_ws/build/mpc_msgs' returned '0': CMAKE_PREFIX_PATH=${CMAKE_PREFIX_PATH}:/px4_uxrce/new/px4-offboard_ws/install/px4_mpc:/px4_uxrce/new/px4-offboard_ws/install/px4_offboard:/opt/ros/humble /usr/bin/cmake --install /px4_uxrce/new/px4-offboard_ws/build/mpc_msgs
[1.230s] Level 1:colcon.colcon_core.environment:checking '/px4_uxrce/new/px4-offboard_ws/install/mpc_msgs' for CMake module files
[1.231s] Level 1:colcon.colcon_core.environment:checking '/px4_uxrce/new/px4-offboard_ws/install/mpc_msgs' for CMake config files
[1.231s] Level 1:colcon.colcon_core.shell:create_environment_hook('mpc_msgs', 'cmake_prefix_path')
[1.232s] INFO:colcon.colcon_core.shell:Creating environment hook '/px4_uxrce/new/px4-offboard_ws/install/mpc_msgs/share/mpc_msgs/hook/cmake_prefix_path.ps1'
[1.233s] INFO:colcon.colcon_core.shell:Creating environment descriptor '/px4_uxrce/new/px4-offboard_ws/install/mpc_msgs/share/mpc_msgs/hook/cmake_prefix_path.dsv'
[1.233s] INFO:colcon.colcon_core.shell:Creating environment hook '/px4_uxrce/new/px4-offboard_ws/install/mpc_msgs/share/mpc_msgs/hook/cmake_prefix_path.sh'
[1.235s] Level 1:colcon.colcon_core.environment:checking '/px4_uxrce/new/px4-offboard_ws/install/mpc_msgs/lib'
[1.235s] Level 1:colcon.colcon_core.shell:create_environment_hook('mpc_msgs', 'ld_library_path_lib')
[1.235s] INFO:colcon.colcon_core.shell:Creating environment hook '/px4_uxrce/new/px4-offboard_ws/install/mpc_msgs/share/mpc_msgs/hook/ld_library_path_lib.ps1'
[1.236s] INFO:colcon.colcon_core.shell:Creating environment descriptor '/px4_uxrce/new/px4-offboard_ws/install/mpc_msgs/share/mpc_msgs/hook/ld_library_path_lib.dsv'
[1.236s] INFO:colcon.colcon_core.shell:Creating environment hook '/px4_uxrce/new/px4-offboard_ws/install/mpc_msgs/share/mpc_msgs/hook/ld_library_path_lib.sh'
[1.237s] Level 1:colcon.colcon_core.environment:checking '/px4_uxrce/new/px4-offboard_ws/install/mpc_msgs/bin'
[1.237s] Level 1:colcon.colcon_core.environment:checking '/px4_uxrce/new/px4-offboard_ws/install/mpc_msgs/lib/pkgconfig/mpc_msgs.pc'
[1.239s] Level 1:colcon.colcon_core.environment:checking '/px4_uxrce/new/px4-offboard_ws/install/mpc_msgs/lib/python3.10/site-packages'
[1.239s] Level 1:colcon.colcon_core.environment:checking '/px4_uxrce/new/px4-offboard_ws/install/mpc_msgs/bin'
[1.240s] INFO:colcon.colcon_core.shell:Creating package script '/px4_uxrce/new/px4-offboard_ws/install/mpc_msgs/share/mpc_msgs/package.ps1'
[1.241s] INFO:colcon.colcon_core.shell:Creating package descriptor '/px4_uxrce/new/px4-offboard_ws/install/mpc_msgs/share/mpc_msgs/package.dsv'
[1.243s] INFO:colcon.colcon_core.shell:Creating package script '/px4_uxrce/new/px4-offboard_ws/install/mpc_msgs/share/mpc_msgs/package.sh'
[1.244s] INFO:colcon.colcon_core.shell:Creating package script '/px4_uxrce/new/px4-offboard_ws/install/mpc_msgs/share/mpc_msgs/package.bash'
[1.245s] INFO:colcon.colcon_core.shell:Creating package script '/px4_uxrce/new/px4-offboard_ws/install/mpc_msgs/share/mpc_msgs/package.zsh'
[1.245s] Level 1:colcon.colcon_core.environment:create_file_with_runtime_dependencies(/px4_uxrce/new/px4-offboard_ws/install/mpc_msgs/share/colcon-core/packages/mpc_msgs)
[1.246s] Level 1:colcon.colcon_core.environment:create_environment_scripts_only(mpc_msgs)
[1.246s] Level 1:colcon.colcon_core.environment:checking '/px4_uxrce/new/px4-offboard_ws/install/mpc_msgs' for CMake module files
[1.247s] Level 1:colcon.colcon_core.environment:checking '/px4_uxrce/new/px4-offboard_ws/install/mpc_msgs' for CMake config files
[1.248s] Level 1:colcon.colcon_core.shell:create_environment_hook('mpc_msgs', 'cmake_prefix_path')
[1.248s] INFO:colcon.colcon_core.shell:Creating environment hook '/px4_uxrce/new/px4-offboard_ws/install/mpc_msgs/share/mpc_msgs/hook/cmake_prefix_path.ps1'
[1.248s] INFO:colcon.colcon_core.shell:Creating environment descriptor '/px4_uxrce/new/px4-offboard_ws/install/mpc_msgs/share/mpc_msgs/hook/cmake_prefix_path.dsv'
[1.249s] INFO:colcon.colcon_core.shell:Creating environment hook '/px4_uxrce/new/px4-offboard_ws/install/mpc_msgs/share/mpc_msgs/hook/cmake_prefix_path.sh'
[1.250s] Level 1:colcon.colcon_core.environment:checking '/px4_uxrce/new/px4-offboard_ws/install/mpc_msgs/lib'
[1.250s] Level 1:colcon.colcon_core.shell:create_environment_hook('mpc_msgs', 'ld_library_path_lib')
[1.250s] INFO:colcon.colcon_core.shell:Creating environment hook '/px4_uxrce/new/px4-offboard_ws/install/mpc_msgs/share/mpc_msgs/hook/ld_library_path_lib.ps1'
[1.251s] INFO:colcon.colcon_core.shell:Creating environment descriptor '/px4_uxrce/new/px4-offboard_ws/install/mpc_msgs/share/mpc_msgs/hook/ld_library_path_lib.dsv'
[1.251s] INFO:colcon.colcon_core.shell:Creating environment hook '/px4_uxrce/new/px4-offboard_ws/install/mpc_msgs/share/mpc_msgs/hook/ld_library_path_lib.sh'
[1.252s] Level 1:colcon.colcon_core.environment:checking '/px4_uxrce/new/px4-offboard_ws/install/mpc_msgs/bin'
[1.252s] Level 1:colcon.colcon_core.environment:checking '/px4_uxrce/new/px4-offboard_ws/install/mpc_msgs/lib/pkgconfig/mpc_msgs.pc'
[1.252s] Level 1:colcon.colcon_core.environment:checking '/px4_uxrce/new/px4-offboard_ws/install/mpc_msgs/lib/python3.10/site-packages'
[1.252s] Level 1:colcon.colcon_core.environment:checking '/px4_uxrce/new/px4-offboard_ws/install/mpc_msgs/bin'
[1.253s] INFO:colcon.colcon_core.shell:Creating package script '/px4_uxrce/new/px4-offboard_ws/install/mpc_msgs/share/mpc_msgs/package.ps1'
[1.253s] INFO:colcon.colcon_core.shell:Creating package descriptor '/px4_uxrce/new/px4-offboard_ws/install/mpc_msgs/share/mpc_msgs/package.dsv'
[1.254s] INFO:colcon.colcon_core.shell:Creating package script '/px4_uxrce/new/px4-offboard_ws/install/mpc_msgs/share/mpc_msgs/package.sh'
[1.255s] INFO:colcon.colcon_core.shell:Creating package script '/px4_uxrce/new/px4-offboard_ws/install/mpc_msgs/share/mpc_msgs/package.bash'
[1.255s] INFO:colcon.colcon_core.shell:Creating package script '/px4_uxrce/new/px4-offboard_ws/install/mpc_msgs/share/mpc_msgs/package.zsh'
[1.256s] Level 1:colcon.colcon_core.environment:create_file_with_runtime_dependencies(/px4_uxrce/new/px4-offboard_ws/install/mpc_msgs/share/colcon-core/packages/mpc_msgs)
[2.257s] DEBUG:colcon.colcon_core.event_handler.log_command:Invoked command in '/px4_uxrce/new/px4-offboard_ws/build/px4_msgs' returned '0': CMAKE_PREFIX_PATH=${CMAKE_PREFIX_PATH}:/px4_uxrce/new/px4-offboard_ws/install/px4_mpc:/px4_uxrce/new/px4-offboard_ws/install/px4_offboard:/opt/ros/humble /usr/bin/cmake --build /px4_uxrce/new/px4-offboard_ws/build/px4_msgs -- -j12 -l12
[2.258s] DEBUG:colcon.colcon_core.event_handler.log_command:Invoking command in '/px4_uxrce/new/px4-offboard_ws/build/px4_msgs': CMAKE_PREFIX_PATH=${CMAKE_PREFIX_PATH}:/px4_uxrce/new/px4-offboard_ws/install/px4_mpc:/px4_uxrce/new/px4-offboard_ws/install/px4_offboard:/opt/ros/humble /usr/bin/cmake --install /px4_uxrce/new/px4-offboard_ws/build/px4_msgs
[2.899s] Level 1:colcon.colcon_core.environment:create_environment_scripts_only(px4_msgs)
[2.900s] Level 1:colcon.colcon_core.environment:checking '/px4_uxrce/new/px4-offboard_ws/install/px4_msgs' for CMake module files
[2.901s] Level 1:colcon.colcon_core.environment:checking '/px4_uxrce/new/px4-offboard_ws/install/px4_msgs' for CMake config files
[2.931s] Level 1:colcon.colcon_core.shell:create_environment_hook('px4_msgs', 'cmake_prefix_path')
[2.932s] INFO:colcon.colcon_core.shell:Creating environment hook '/px4_uxrce/new/px4-offboard_ws/install/px4_msgs/share/px4_msgs/hook/cmake_prefix_path.ps1'
[2.933s] INFO:colcon.colcon_core.shell:Creating environment descriptor '/px4_uxrce/new/px4-offboard_ws/install/px4_msgs/share/px4_msgs/hook/cmake_prefix_path.dsv'
[2.934s] INFO:colcon.colcon_core.shell:Creating environment hook '/px4_uxrce/new/px4-offboard_ws/install/px4_msgs/share/px4_msgs/hook/cmake_prefix_path.sh'
[2.935s] Level 1:colcon.colcon_core.environment:checking '/px4_uxrce/new/px4-offboard_ws/install/px4_msgs/lib'
[2.935s] Level 1:colcon.colcon_core.shell:create_environment_hook('px4_msgs', 'ld_library_path_lib')
[2.936s] INFO:colcon.colcon_core.shell:Creating environment hook '/px4_uxrce/new/px4-offboard_ws/install/px4_msgs/share/px4_msgs/hook/ld_library_path_lib.ps1'
[2.937s] INFO:colcon.colcon_core.shell:Creating environment descriptor '/px4_uxrce/new/px4-offboard_ws/install/px4_msgs/share/px4_msgs/hook/ld_library_path_lib.dsv'
[2.937s] INFO:colcon.colcon_core.shell:Creating environment hook '/px4_uxrce/new/px4-offboard_ws/install/px4_msgs/share/px4_msgs/hook/ld_library_path_lib.sh'
[2.938s] Level 1:colcon.colcon_core.environment:checking '/px4_uxrce/new/px4-offboard_ws/install/px4_msgs/bin'
[2.938s] Level 1:colcon.colcon_core.environment:checking '/px4_uxrce/new/px4-offboard_ws/install/px4_msgs/lib/pkgconfig/px4_msgs.pc'
[2.939s] Level 1:colcon.colcon_core.environment:checking '/px4_uxrce/new/px4-offboard_ws/install/px4_msgs/lib/python3.10/site-packages'
[2.939s] Level 1:colcon.colcon_core.environment:checking '/px4_uxrce/new/px4-offboard_ws/install/px4_msgs/bin'
[2.940s] INFO:colcon.colcon_core.shell:Creating package script '/px4_uxrce/new/px4-offboard_ws/install/px4_msgs/share/px4_msgs/package.ps1'
[2.941s] INFO:colcon.colcon_core.shell:Creating package descriptor '/px4_uxrce/new/px4-offboard_ws/install/px4_msgs/share/px4_msgs/package.dsv'
[2.942s] INFO:colcon.colcon_core.shell:Creating package script '/px4_uxrce/new/px4-offboard_ws/install/px4_msgs/share/px4_msgs/package.sh'
[2.944s] INFO:colcon.colcon_core.shell:Creating package script '/px4_uxrce/new/px4-offboard_ws/install/px4_msgs/share/px4_msgs/package.bash'
[2.945s] INFO:colcon.colcon_core.shell:Creating package script '/px4_uxrce/new/px4-offboard_ws/install/px4_msgs/share/px4_msgs/package.zsh'
[2.946s] Level 1:colcon.colcon_core.environment:create_file_with_runtime_dependencies(/px4_uxrce/new/px4-offboard_ws/install/px4_msgs/share/colcon-core/packages/px4_msgs)
[2.948s] Level 1:colcon.colcon_core.environment:create_environment_scripts_only(px4_msgs)
[2.948s] Level 1:colcon.colcon_core.environment:checking '/px4_uxrce/new/px4-offboard_ws/install/px4_msgs' for CMake module files
[2.950s] Level 1:colcon.colcon_core.environment:checking '/px4_uxrce/new/px4-offboard_ws/install/px4_msgs' for CMake config files
[2.986s] Level 1:colcon.colcon_core.shell:create_environment_hook('px4_msgs', 'cmake_prefix_path')
[2.986s] INFO:colcon.colcon_core.shell:Creating environment hook '/px4_uxrce/new/px4-offboard_ws/install/px4_msgs/share/px4_msgs/hook/cmake_prefix_path.ps1'
[2.988s] INFO:colcon.colcon_core.shell:Creating environment descriptor '/px4_uxrce/new/px4-offboard_ws/install/px4_msgs/share/px4_msgs/hook/cmake_prefix_path.dsv'
[2.988s] INFO:colcon.colcon_core.shell:Creating environment hook '/px4_uxrce/new/px4-offboard_ws/install/px4_msgs/share/px4_msgs/hook/cmake_prefix_path.sh'
[2.990s] Level 1:colcon.colcon_core.environment:checking '/px4_uxrce/new/px4-offboard_ws/install/px4_msgs/lib'
[2.990s] Level 1:colcon.colcon_core.shell:create_environment_hook('px4_msgs', 'ld_library_path_lib')
[2.991s] INFO:colcon.colcon_core.shell:Creating environment hook '/px4_uxrce/new/px4-offboard_ws/install/px4_msgs/share/px4_msgs/hook/ld_library_path_lib.ps1'
[2.992s] INFO:colcon.colcon_core.shell:Creating environment descriptor '/px4_uxrce/new/px4-offboard_ws/install/px4_msgs/share/px4_msgs/hook/ld_library_path_lib.dsv'
[2.993s] INFO:colcon.colcon_core.shell:Creating environment hook '/px4_uxrce/new/px4-offboard_ws/install/px4_msgs/share/px4_msgs/hook/ld_library_path_lib.sh'
[2.994s] Level 1:colcon.colcon_core.environment:checking '/px4_uxrce/new/px4-offboard_ws/install/px4_msgs/bin'
[2.995s] Level 1:colcon.colcon_core.environment:checking '/px4_uxrce/new/px4-offboard_ws/install/px4_msgs/lib/pkgconfig/px4_msgs.pc'
[2.995s] Level 1:colcon.colcon_core.environment:checking '/px4_uxrce/new/px4-offboard_ws/install/px4_msgs/lib/python3.10/site-packages'
[2.995s] Level 1:colcon.colcon_core.environment:checking '/px4_uxrce/new/px4-offboard_ws/install/px4_msgs/bin'
[2.996s] INFO:colcon.colcon_core.shell:Creating package script '/px4_uxrce/new/px4-offboard_ws/install/px4_msgs/share/px4_msgs/package.ps1'
[2.999s] INFO:colcon.colcon_core.shell:Creating package descriptor '/px4_uxrce/new/px4-offboard_ws/install/px4_msgs/share/px4_msgs/package.dsv'
[3.001s] INFO:colcon.colcon_core.shell:Creating package script '/px4_uxrce/new/px4-offboard_ws/install/px4_msgs/share/px4_msgs/package.sh'
[3.008s] INFO:colcon.colcon_core.shell:Creating package script '/px4_uxrce/new/px4-offboard_ws/install/px4_msgs/share/px4_msgs/package.bash'
[3.009s] INFO:colcon.colcon_core.shell:Creating package script '/px4_uxrce/new/px4-offboard_ws/install/px4_msgs/share/px4_msgs/package.zsh'
[3.015s] Level 1:colcon.colcon_core.environment:create_file_with_runtime_dependencies(/px4_uxrce/new/px4-offboard_ws/install/px4_msgs/share/colcon-core/packages/px4_msgs)
[3.016s] INFO:colcon.colcon_ros.task.ament_python.build:Building ROS package in '/px4_uxrce/new/px4-offboard_ws/src/px4-offboard' with build type 'ament_python'
[3.016s] Level 1:colcon.colcon_core.shell:create_environment_hook('px4_offboard', 'ament_prefix_path')
[3.017s] INFO:colcon.colcon_core.shell:Creating environment hook '/px4_uxrce/new/px4-offboard_ws/install/px4_offboard/share/px4_offboard/hook/ament_prefix_path.ps1'
[3.018s] INFO:colcon.colcon_core.shell:Creating environment descriptor '/px4_uxrce/new/px4-offboard_ws/install/px4_offboard/share/px4_offboard/hook/ament_prefix_path.dsv'
[3.018s] INFO:colcon.colcon_core.shell:Creating environment hook '/px4_uxrce/new/px4-offboard_ws/install/px4_offboard/share/px4_offboard/hook/ament_prefix_path.sh'
[3.020s] INFO:colcon.colcon_core.shell:Skip shell extension 'powershell' for command environment: Not usable outside of PowerShell
[3.020s] DEBUG:colcon.colcon_core.shell:Skip shell extension 'dsv' for command environment
[3.191s] DEBUG:colcon.colcon_core.event_handler.log_command:Invoked command in '/px4_uxrce/new/px4-offboard_ws/build/px4_msgs' returned '0': CMAKE_PREFIX_PATH=${CMAKE_PREFIX_PATH}:/px4_uxrce/new/px4-offboard_ws/install/px4_mpc:/px4_uxrce/new/px4-offboard_ws/install/px4_offboard:/opt/ros/humble /usr/bin/cmake --install /px4_uxrce/new/px4-offboard_ws/build/px4_msgs
[3.484s] INFO:colcon.colcon_core.task.python.build:Building Python package in '/px4_uxrce/new/px4-offboard_ws/src/px4-offboard'
[3.484s] INFO:colcon.colcon_core.shell:Skip shell extension 'powershell' for command environment: Not usable outside of PowerShell
[3.484s] DEBUG:colcon.colcon_core.shell:Skip shell extension 'dsv' for command environment
[4.055s] DEBUG:colcon.colcon_core.event_handler.log_command:Invoking command in '/px4_uxrce/new/px4-offboard_ws/src/px4-offboard': PYTHONPATH=/px4_uxrce/new/px4-offboard_ws/build/px4_offboard/prefix_override:/usr/lib/python3/dist-packages/colcon_core/task/python/colcon_distutils_commands:/px4_uxrce/new/px4-offboard_ws/install/px4_offboard/lib/python3.10/site-packages:${PYTHONPATH} /usr/bin/python3 -W ignore:setup.py install is deprecated -W ignore:easy_install command is deprecated setup.py egg_info --egg-base ../../build/px4_offboard build --build-base /px4_uxrce/new/px4-offboard_ws/build/px4_offboard/build install --record /px4_uxrce/new/px4-offboard_ws/build/px4_offboard/install.log --single-version-externally-managed install_data
[4.450s] Level 1:colcon.colcon_core.environment:checking '/px4_uxrce/new/px4-offboard_ws/install/px4_offboard' for CMake module files
[4.451s] DEBUG:colcon.colcon_core.event_handler.log_command:Invoked command in '/px4_uxrce/new/px4-offboard_ws/src/px4-offboard' returned '0': PYTHONPATH=/px4_uxrce/new/px4-offboard_ws/build/px4_offboard/prefix_override:/usr/lib/python3/dist-packages/colcon_core/task/python/colcon_distutils_commands:/px4_uxrce/new/px4-offboard_ws/install/px4_offboard/lib/python3.10/site-packages:${PYTHONPATH} /usr/bin/python3 -W ignore:setup.py install is deprecated -W ignore:easy_install command is deprecated setup.py egg_info --egg-base ../../build/px4_offboard build --build-base /px4_uxrce/new/px4-offboard_ws/build/px4_offboard/build install --record /px4_uxrce/new/px4-offboard_ws/build/px4_offboard/install.log --single-version-externally-managed install_data
[4.451s] Level 1:colcon.colcon_core.environment:checking '/px4_uxrce/new/px4-offboard_ws/install/px4_offboard' for CMake config files
[4.452s] Level 1:colcon.colcon_core.environment:checking '/px4_uxrce/new/px4-offboard_ws/install/px4_offboard/lib'
[4.452s] Level 1:colcon.colcon_core.environment:checking '/px4_uxrce/new/px4-offboard_ws/install/px4_offboard/bin'
[4.452s] Level 1:colcon.colcon_core.environment:checking '/px4_uxrce/new/px4-offboard_ws/install/px4_offboard/lib/pkgconfig/px4_offboard.pc'
[4.452s] Level 1:colcon.colcon_core.environment:checking '/px4_uxrce/new/px4-offboard_ws/install/px4_offboard/lib/python3.10/site-packages'
[4.452s] Level 1:colcon.colcon_core.shell:create_environment_hook('px4_offboard', 'pythonpath')
[4.452s] INFO:colcon.colcon_core.shell:Creating environment hook '/px4_uxrce/new/px4-offboard_ws/install/px4_offboard/share/px4_offboard/hook/pythonpath.ps1'
[4.453s] INFO:colcon.colcon_core.shell:Creating environment descriptor '/px4_uxrce/new/px4-offboard_ws/install/px4_offboard/share/px4_offboard/hook/pythonpath.dsv'
[4.453s] INFO:colcon.colcon_core.shell:Creating environment hook '/px4_uxrce/new/px4-offboard_ws/install/px4_offboard/share/px4_offboard/hook/pythonpath.sh'
[4.454s] Level 1:colcon.colcon_core.environment:checking '/px4_uxrce/new/px4-offboard_ws/install/px4_offboard/bin'
[4.454s] Level 1:colcon.colcon_core.environment:create_environment_scripts_only(px4_offboard)
[4.454s] INFO:colcon.colcon_core.shell:Creating package script '/px4_uxrce/new/px4-offboard_ws/install/px4_offboard/share/px4_offboard/package.ps1'
[4.455s] INFO:colcon.colcon_core.shell:Creating package descriptor '/px4_uxrce/new/px4-offboard_ws/install/px4_offboard/share/px4_offboard/package.dsv'
[4.455s] INFO:colcon.colcon_core.shell:Creating package script '/px4_uxrce/new/px4-offboard_ws/install/px4_offboard/share/px4_offboard/package.sh'
[4.456s] INFO:colcon.colcon_core.shell:Creating package script '/px4_uxrce/new/px4-offboard_ws/install/px4_offboard/share/px4_offboard/package.bash'
[4.457s] INFO:colcon.colcon_core.shell:Creating package script '/px4_uxrce/new/px4-offboard_ws/install/px4_offboard/share/px4_offboard/package.zsh'
[4.457s] Level 1:colcon.colcon_core.environment:create_file_with_runtime_dependencies(/px4_uxrce/new/px4-offboard_ws/install/px4_offboard/share/colcon-core/packages/px4_offboard)
[4.458s] INFO:colcon.colcon_ros.task.ament_python.build:Building ROS package in '/px4_uxrce/new/px4-offboard_ws/src/px4-mpc/px4_mpc' with build type 'ament_python'
[4.458s] Level 1:colcon.colcon_core.shell:create_environment_hook('px4_mpc', 'ament_prefix_path')
[4.458s] INFO:colcon.colcon_core.shell:Creating environment hook '/px4_uxrce/new/px4-offboard_ws/install/px4_mpc/share/px4_mpc/hook/ament_prefix_path.ps1'
[4.459s] INFO:colcon.colcon_core.shell:Creating environment descriptor '/px4_uxrce/new/px4-offboard_ws/install/px4_mpc/share/px4_mpc/hook/ament_prefix_path.dsv'
[4.459s] INFO:colcon.colcon_core.shell:Creating environment hook '/px4_uxrce/new/px4-offboard_ws/install/px4_mpc/share/px4_mpc/hook/ament_prefix_path.sh'
[4.460s] INFO:colcon.colcon_core.shell:Skip shell extension 'powershell' for command environment: Not usable outside of PowerShell
[4.460s] DEBUG:colcon.colcon_core.shell:Skip shell extension 'dsv' for command environment
[4.903s] INFO:colcon.colcon_core.task.python.build:Building Python package in '/px4_uxrce/new/px4-offboard_ws/src/px4-mpc/px4_mpc'
[4.903s] INFO:colcon.colcon_core.shell:Skip shell extension 'powershell' for command environment: Not usable outside of PowerShell
[4.903s] DEBUG:colcon.colcon_core.shell:Skip shell extension 'dsv' for command environment
[5.564s] DEBUG:colcon.colcon_core.event_handler.log_command:Invoking command in '/px4_uxrce/new/px4-offboard_ws/src/px4-mpc/px4_mpc': AMENT_PREFIX_PATH=/px4_uxrce/new/px4-offboard_ws/install/px4_offboard:/px4_uxrce/new/px4-offboard_ws/install/px4_mpc:/px4_uxrce/new/px4-offboard_ws/install/px4_msgs:/px4_uxrce/new/px4-offboard_ws/install/mpc_msgs:/opt/ros/humble PYTHONPATH=/px4_uxrce/new/px4-offboard_ws/build/px4_mpc/prefix_override:/usr/lib/python3/dist-packages/colcon_core/task/python/colcon_distutils_commands:/px4_uxrce/new/px4-offboard_ws/install/px4_mpc/lib/python3.10/site-packages:/px4_uxrce/new/px4-offboard_ws/install/px4_offboard/lib/python3.10/site-packages:/px4_uxrce/new/px4-offboard_ws/install/px4_mpc/lib/python3.10/site-packages:/px4_uxrce/new/px4-offboard_ws/install/px4_msgs/local/lib/python3.10/dist-packages:/px4_uxrce/new/px4-offboard_ws/install/mpc_msgs/local/lib/python3.10/dist-packages:/opt/ros/humble/lib/python3.10/site-packages:/opt/ros/humble/local/lib/python3.10/dist-packages /usr/bin/python3 -W ignore:setup.py install is deprecated -W ignore:easy_install command is deprecated setup.py egg_info --egg-base ../../../build/px4_mpc build --build-base /px4_uxrce/new/px4-offboard_ws/build/px4_mpc/build install --record /px4_uxrce/new/px4-offboard_ws/build/px4_mpc/install.log --single-version-externally-managed install_data
[6.059s] Level 1:colcon.colcon_core.environment:checking '/px4_uxrce/new/px4-offboard_ws/install/px4_mpc' for CMake module files
[6.060s] DEBUG:colcon.colcon_core.event_handler.log_command:Invoked command in '/px4_uxrce/new/px4-offboard_ws/src/px4-mpc/px4_mpc' returned '0': AMENT_PREFIX_PATH=/px4_uxrce/new/px4-offboard_ws/install/px4_offboard:/px4_uxrce/new/px4-offboard_ws/install/px4_mpc:/px4_uxrce/new/px4-offboard_ws/install/px4_msgs:/px4_uxrce/new/px4-offboard_ws/install/mpc_msgs:/opt/ros/humble PYTHONPATH=/px4_uxrce/new/px4-offboard_ws/build/px4_mpc/prefix_override:/usr/lib/python3/dist-packages/colcon_core/task/python/colcon_distutils_commands:/px4_uxrce/new/px4-offboard_ws/install/px4_mpc/lib/python3.10/site-packages:/px4_uxrce/new/px4-offboard_ws/install/px4_offboard/lib/python3.10/site-packages:/px4_uxrce/new/px4-offboard_ws/install/px4_mpc/lib/python3.10/site-packages:/px4_uxrce/new/px4-offboard_ws/install/px4_msgs/local/lib/python3.10/dist-packages:/px4_uxrce/new/px4-offboard_ws/install/mpc_msgs/local/lib/python3.10/dist-packages:/opt/ros/humble/lib/python3.10/site-packages:/opt/ros/humble/local/lib/python3.10/dist-packages /usr/bin/python3 -W ignore:setup.py install is deprecated -W ignore:easy_install command is deprecated setup.py egg_info --egg-base ../../../build/px4_mpc build --build-base /px4_uxrce/new/px4-offboard_ws/build/px4_mpc/build install --record /px4_uxrce/new/px4-offboard_ws/build/px4_mpc/install.log --single-version-externally-managed install_data
[6.060s] Level 1:colcon.colcon_core.environment:checking '/px4_uxrce/new/px4-offboard_ws/install/px4_mpc' for CMake config files
[6.061s] Level 1:colcon.colcon_core.environment:checking '/px4_uxrce/new/px4-offboard_ws/install/px4_mpc/lib'
[6.061s] Level 1:colcon.colcon_core.environment:checking '/px4_uxrce/new/px4-offboard_ws/install/px4_mpc/bin'
[6.061s] Level 1:colcon.colcon_core.environment:checking '/px4_uxrce/new/px4-offboard_ws/install/px4_mpc/lib/pkgconfig/px4_mpc.pc'
[6.061s] Level 1:colcon.colcon_core.environment:checking '/px4_uxrce/new/px4-offboard_ws/install/px4_mpc/lib/python3.10/site-packages'
[6.061s] Level 1:colcon.colcon_core.shell:create_environment_hook('px4_mpc', 'pythonpath')
[6.062s] INFO:colcon.colcon_core.shell:Creating environment hook '/px4_uxrce/new/px4-offboard_ws/install/px4_mpc/share/px4_mpc/hook/pythonpath.ps1'
[6.062s] INFO:colcon.colcon_core.shell:Creating environment descriptor '/px4_uxrce/new/px4-offboard_ws/install/px4_mpc/share/px4_mpc/hook/pythonpath.dsv'
[6.063s] INFO:colcon.colcon_core.shell:Creating environment hook '/px4_uxrce/new/px4-offboard_ws/install/px4_mpc/share/px4_mpc/hook/pythonpath.sh'
[6.064s] Level 1:colcon.colcon_core.environment:checking '/px4_uxrce/new/px4-offboard_ws/install/px4_mpc/bin'
[6.064s] Level 1:colcon.colcon_core.environment:create_environment_scripts_only(px4_mpc)
[6.064s] INFO:colcon.colcon_core.shell:Creating package script '/px4_uxrce/new/px4-offboard_ws/install/px4_mpc/share/px4_mpc/package.ps1'
[6.065s] INFO:colcon.colcon_core.shell:Creating package descriptor '/px4_uxrce/new/px4-offboard_ws/install/px4_mpc/share/px4_mpc/package.dsv'
[6.065s] INFO:colcon.colcon_core.shell:Creating package script '/px4_uxrce/new/px4-offboard_ws/install/px4_mpc/share/px4_mpc/package.sh'
[6.066s] INFO:colcon.colcon_core.shell:Creating package script '/px4_uxrce/new/px4-offboard_ws/install/px4_mpc/share/px4_mpc/package.bash'
[6.066s] INFO:colcon.colcon_core.shell:Creating package script '/px4_uxrce/new/px4-offboard_ws/install/px4_mpc/share/px4_mpc/package.zsh'
[6.067s] Level 1:colcon.colcon_core.environment:create_file_with_runtime_dependencies(/px4_uxrce/new/px4-offboard_ws/install/px4_mpc/share/colcon-core/packages/px4_mpc)
[6.067s] DEBUG:colcon.colcon_parallel_executor.executor.parallel:closing loop
[6.068s] DEBUG:colcon.colcon_parallel_executor.executor.parallel:loop closed
[6.068s] DEBUG:colcon.colcon_parallel_executor.executor.parallel:run_until_complete finished with '0'
[6.068s] DEBUG:colcon.colcon_core.event_reactor:joining thread
[6.075s] INFO:colcon.colcon_core.plugin_system:Skipping extension 'colcon_notification.desktop_notification.notify_send': Could not find 'notify-send'
[6.075s] INFO:colcon.colcon_core.plugin_system:Skipping extension 'colcon_notification.desktop_notification.terminal_notifier': Not used on non-Darwin systems
[6.076s] INFO:colcon.colcon_core.plugin_system:Skipping extension 'colcon_notification.desktop_notification.win32': Not used on non-Windows systems
[6.076s] INFO:colcon.colcon_notification.desktop_notification:Sending desktop notification using 'notify2'
[6.079s] DEBUG:colcon.colcon_notification.desktop_notification.notify2:Failed to initialize notify2: org.freedesktop.DBus.Error.Spawn.ExecFailed: /usr/bin/dbus-launch terminated abnormally without any error message
[6.080s] DEBUG:colcon.colcon_core.event_reactor:joined thread
[6.080s] INFO:colcon.colcon_core.shell:Creating prefix script '/px4_uxrce/new/px4-offboard_ws/install/local_setup.ps1'
[6.082s] INFO:colcon.colcon_core.shell:Creating prefix util module '/px4_uxrce/new/px4-offboard_ws/install/_local_setup_util_ps1.py'
[6.085s] INFO:colcon.colcon_core.shell:Creating prefix chain script '/px4_uxrce/new/px4-offboard_ws/install/setup.ps1'
[6.087s] INFO:colcon.colcon_core.shell:Creating prefix script '/px4_uxrce/new/px4-offboard_ws/install/local_setup.sh'
[6.088s] INFO:colcon.colcon_core.shell:Creating prefix util module '/px4_uxrce/new/px4-offboard_ws/install/_local_setup_util_sh.py'
[6.088s] INFO:colcon.colcon_core.shell:Creating prefix chain script '/px4_uxrce/new/px4-offboard_ws/install/setup.sh'
[6.090s] INFO:colcon.colcon_core.shell:Creating prefix script '/px4_uxrce/new/px4-offboard_ws/install/local_setup.bash'
[6.091s] INFO:colcon.colcon_core.shell:Creating prefix chain script '/px4_uxrce/new/px4-offboard_ws/install/setup.bash'
[6.093s] INFO:colcon.colcon_core.shell:Creating prefix script '/px4_uxrce/new/px4-offboard_ws/install/local_setup.zsh'
[6.093s] INFO:colcon.colcon_core.shell:Creating prefix chain script '/px4_uxrce/new/px4-offboard_ws/install/setup.zsh'
