[0.130s] DEBUG:colcon:Command line arguments: ['/usr/bin/colcon', 'build']
[0.130s] DEBUG:colcon:Parsed command line arguments: Namespace(log_base=None, log_level=None, verb_name='build', build_base='build', install_base='install', merge_install=False, symlink_install=False, test_result_base=None, continue_on_error=False, executor='parallel', parallel_workers=12, event_handlers=None, ignore_user_meta=False, metas=['./colcon.meta'], base_paths=['.'], packages_ignore=None, packages_ignore_regex=None, paths=None, packages_up_to=None, packages_up_to_regex=None, packages_above=None, packages_above_and_dependencies=None, packages_above_depth=None, packages_select_by_dep=None, packages_skip_by_dep=None, packages_skip_up_to=None, packages_select_build_failed=False, packages_skip_build_finished=False, packages_select_test_failures=False, packages_skip_test_passed=False, packages_select=None, packages_skip=None, packages_select_regex=None, packages_skip_regex=None, packages_start=None, packages_end=None, cmake_args=None, cmake_target=None, cmake_target_skip_unavailable=False, cmake_clean_cache=False, cmake_clean_first=False, cmake_force_configure=False, ament_cmake_args=None, catkin_cmake_args=None, catkin_skip_building_tests=False, mixin_files=None, mixin=None, verb_parser=<colcon_mixin.mixin.mixin_argument.MixinArgumentDecorator object at 0x7f093ce05240>, verb_extension=<colcon_core.verb.build.BuildVerb object at 0x7f093ce04bb0>, main=<bound method BuildVerb.main of <colcon_core.verb.build.BuildVerb object at 0x7f093ce04bb0>>, mixin_verb=('build',))
[0.266s] Level 1:colcon.colcon_core.package_discovery:discover_packages(colcon_meta) check parameters
[0.267s] INFO:colcon.colcon_metadata.package_discovery.colcon_meta:Using configuration from '/root/.colcon/metadata/default/Gazebo.meta'
[0.267s] INFO:colcon.colcon_metadata.package_discovery.colcon_meta:Using configuration from '/root/.colcon/metadata/default/fastrtps.meta'
[0.267s] Level 1:colcon.colcon_core.package_discovery:discover_packages(recursive) check parameters
[0.267s] Level 1:colcon.colcon_core.package_discovery:discover_packages(ignore) check parameters
[0.267s] Level 1:colcon.colcon_core.package_discovery:discover_packages(path) check parameters
[0.268s] Level 1:colcon.colcon_core.package_discovery:discover_packages(colcon_meta) discover
[0.268s] Level 1:colcon.colcon_core.package_discovery:discover_packages(recursive) discover
[0.268s] INFO:colcon.colcon_core.package_discovery:Crawling recursively for packages in '/px4_uxrce/camera_ws'
[0.268s] Level 1:colcon.colcon_core.package_identification:_identify(.) by extensions ['ignore', 'ignore_ament_install']
[0.268s] Level 1:colcon.colcon_core.package_identification:_identify(.) by extension 'ignore'
[0.268s] Level 1:colcon.colcon_core.package_identification:_identify(.) by extension 'ignore_ament_install'
[0.268s] Level 1:colcon.colcon_core.package_identification:_identify(.) by extensions ['colcon_pkg']
[0.268s] Level 1:colcon.colcon_core.package_identification:_identify(.) by extension 'colcon_pkg'
[0.268s] Level 1:colcon.colcon_core.package_identification:_identify(.) by extensions ['colcon_meta']
[0.268s] Level 1:colcon.colcon_core.package_identification:_identify(.) by extension 'colcon_meta'
[0.268s] Level 1:colcon.colcon_core.package_identification:_identify(.) by extensions ['ros']
[0.269s] Level 1:colcon.colcon_core.package_identification:_identify(.) by extension 'ros'
[0.282s] Level 1:colcon.colcon_core.package_identification:_identify(.) by extensions ['cmake', 'python']
[0.282s] Level 1:colcon.colcon_core.package_identification:_identify(.) by extension 'cmake'
[0.282s] Level 1:colcon.colcon_core.package_identification:_identify(.) by extension 'python'
[0.282s] Level 1:colcon.colcon_core.package_identification:_identify(.) by extensions ['python_setup_py']
[0.282s] Level 1:colcon.colcon_core.package_identification:_identify(.) by extension 'python_setup_py'
[0.282s] Level 1:colcon.colcon_core.package_identification:_identify(build) by extensions ['ignore', 'ignore_ament_install']
[0.282s] Level 1:colcon.colcon_core.package_identification:_identify(build) by extension 'ignore'
[0.282s] Level 1:colcon.colcon_core.package_identification:_identify(build) ignored
[0.283s] Level 1:colcon.colcon_core.package_identification:_identify(install) by extensions ['ignore', 'ignore_ament_install']
[0.283s] Level 1:colcon.colcon_core.package_identification:_identify(install) by extension 'ignore'
[0.283s] Level 1:colcon.colcon_core.package_identification:_identify(install) ignored
[0.283s] Level 1:colcon.colcon_core.package_identification:_identify(librealsense) by extensions ['ignore', 'ignore_ament_install']
[0.283s] Level 1:colcon.colcon_core.package_identification:_identify(librealsense) by extension 'ignore'
[0.283s] Level 1:colcon.colcon_core.package_identification:_identify(librealsense) by extension 'ignore_ament_install'
[0.283s] Level 1:colcon.colcon_core.package_identification:_identify(librealsense) by extensions ['colcon_pkg']
[0.283s] Level 1:colcon.colcon_core.package_identification:_identify(librealsense) by extension 'colcon_pkg'
[0.284s] Level 1:colcon.colcon_core.package_identification:_identify(librealsense) by extensions ['colcon_meta']
[0.284s] Level 1:colcon.colcon_core.package_identification:_identify(librealsense) by extension 'colcon_meta'
[0.284s] Level 1:colcon.colcon_core.package_identification:_identify(librealsense) by extensions ['ros']
[0.284s] Level 1:colcon.colcon_core.package_identification:_identify(librealsense) by extension 'ros'
[0.287s] DEBUG:colcon.colcon_core.package_identification:Package 'librealsense' with type 'ros.cmake' and name 'librealsense2'
[0.287s] Level 1:colcon.colcon_core.package_identification:_identify(log) by extensions ['ignore', 'ignore_ament_install']
[0.288s] Level 1:colcon.colcon_core.package_identification:_identify(log) by extension 'ignore'
[0.288s] Level 1:colcon.colcon_core.package_identification:_identify(log) ignored
[0.288s] Level 1:colcon.colcon_core.package_identification:_identify(src) by extensions ['ignore', 'ignore_ament_install']
[0.288s] Level 1:colcon.colcon_core.package_identification:_identify(src) by extension 'ignore'
[0.288s] Level 1:colcon.colcon_core.package_identification:_identify(src) by extension 'ignore_ament_install'
[0.288s] Level 1:colcon.colcon_core.package_identification:_identify(src) by extensions ['colcon_pkg']
[0.288s] Level 1:colcon.colcon_core.package_identification:_identify(src) by extension 'colcon_pkg'
[0.288s] Level 1:colcon.colcon_core.package_identification:_identify(src) by extensions ['colcon_meta']
[0.288s] Level 1:colcon.colcon_core.package_identification:_identify(src) by extension 'colcon_meta'
[0.288s] Level 1:colcon.colcon_core.package_identification:_identify(src) by extensions ['ros']
[0.288s] Level 1:colcon.colcon_core.package_identification:_identify(src) by extension 'ros'
[0.288s] Level 1:colcon.colcon_core.package_identification:_identify(src) by extensions ['cmake', 'python']
[0.288s] Level 1:colcon.colcon_core.package_identification:_identify(src) by extension 'cmake'
[0.288s] Level 1:colcon.colcon_core.package_identification:_identify(src) by extension 'python'
[0.288s] Level 1:colcon.colcon_core.package_identification:_identify(src) by extensions ['python_setup_py']
[0.289s] Level 1:colcon.colcon_core.package_identification:_identify(src) by extension 'python_setup_py'
[0.289s] Level 1:colcon.colcon_core.package_identification:_identify(src/realsense-ros) by extensions ['ignore', 'ignore_ament_install']
[0.289s] Level 1:colcon.colcon_core.package_identification:_identify(src/realsense-ros) by extension 'ignore'
[0.289s] Level 1:colcon.colcon_core.package_identification:_identify(src/realsense-ros) by extension 'ignore_ament_install'
[0.289s] Level 1:colcon.colcon_core.package_identification:_identify(src/realsense-ros) by extensions ['colcon_pkg']
[0.289s] Level 1:colcon.colcon_core.package_identification:_identify(src/realsense-ros) by extension 'colcon_pkg'
[0.289s] Level 1:colcon.colcon_core.package_identification:_identify(src/realsense-ros) by extensions ['colcon_meta']
[0.289s] Level 1:colcon.colcon_core.package_identification:_identify(src/realsense-ros) by extension 'colcon_meta'
[0.289s] Level 1:colcon.colcon_core.package_identification:_identify(src/realsense-ros) by extensions ['ros']
[0.289s] Level 1:colcon.colcon_core.package_identification:_identify(src/realsense-ros) by extension 'ros'
[0.289s] Level 1:colcon.colcon_core.package_identification:_identify(src/realsense-ros) by extensions ['cmake', 'python']
[0.289s] Level 1:colcon.colcon_core.package_identification:_identify(src/realsense-ros) by extension 'cmake'
[0.289s] Level 1:colcon.colcon_core.package_identification:_identify(src/realsense-ros) by extension 'python'
[0.289s] Level 1:colcon.colcon_core.package_identification:_identify(src/realsense-ros) by extensions ['python_setup_py']
[0.289s] Level 1:colcon.colcon_core.package_identification:_identify(src/realsense-ros) by extension 'python_setup_py'
[0.290s] Level 1:colcon.colcon_core.package_identification:_identify(src/realsense-ros/realsense2_camera) by extensions ['ignore', 'ignore_ament_install']
[0.290s] Level 1:colcon.colcon_core.package_identification:_identify(src/realsense-ros/realsense2_camera) by extension 'ignore'
[0.290s] Level 1:colcon.colcon_core.package_identification:_identify(src/realsense-ros/realsense2_camera) by extension 'ignore_ament_install'
[0.290s] Level 1:colcon.colcon_core.package_identification:_identify(src/realsense-ros/realsense2_camera) by extensions ['colcon_pkg']
[0.290s] Level 1:colcon.colcon_core.package_identification:_identify(src/realsense-ros/realsense2_camera) by extension 'colcon_pkg'
[0.290s] Level 1:colcon.colcon_core.package_identification:_identify(src/realsense-ros/realsense2_camera) by extensions ['colcon_meta']
[0.290s] Level 1:colcon.colcon_core.package_identification:_identify(src/realsense-ros/realsense2_camera) by extension 'colcon_meta'
[0.290s] Level 1:colcon.colcon_core.package_identification:_identify(src/realsense-ros/realsense2_camera) by extensions ['ros']
[0.290s] Level 1:colcon.colcon_core.package_identification:_identify(src/realsense-ros/realsense2_camera) by extension 'ros'
[0.297s] DEBUG:colcon.colcon_core.package_identification:Package 'src/realsense-ros/realsense2_camera' with type 'ros.ament_cmake' and name 'realsense2_camera'
[0.297s] Level 1:colcon.colcon_core.package_identification:_identify(src/realsense-ros/realsense2_camera_msgs) by extensions ['ignore', 'ignore_ament_install']
[0.297s] Level 1:colcon.colcon_core.package_identification:_identify(src/realsense-ros/realsense2_camera_msgs) by extension 'ignore'
[0.297s] Level 1:colcon.colcon_core.package_identification:_identify(src/realsense-ros/realsense2_camera_msgs) by extension 'ignore_ament_install'
[0.297s] Level 1:colcon.colcon_core.package_identification:_identify(src/realsense-ros/realsense2_camera_msgs) by extensions ['colcon_pkg']
[0.297s] Level 1:colcon.colcon_core.package_identification:_identify(src/realsense-ros/realsense2_camera_msgs) by extension 'colcon_pkg'
[0.297s] Level 1:colcon.colcon_core.package_identification:_identify(src/realsense-ros/realsense2_camera_msgs) by extensions ['colcon_meta']
[0.297s] Level 1:colcon.colcon_core.package_identification:_identify(src/realsense-ros/realsense2_camera_msgs) by extension 'colcon_meta'
[0.297s] Level 1:colcon.colcon_core.package_identification:_identify(src/realsense-ros/realsense2_camera_msgs) by extensions ['ros']
[0.297s] Level 1:colcon.colcon_core.package_identification:_identify(src/realsense-ros/realsense2_camera_msgs) by extension 'ros'
[0.298s] DEBUG:colcon.colcon_core.package_identification:Package 'src/realsense-ros/realsense2_camera_msgs' with type 'ros.ament_cmake' and name 'realsense2_camera_msgs'
[0.298s] Level 1:colcon.colcon_core.package_identification:_identify(src/realsense-ros/realsense2_description) by extensions ['ignore', 'ignore_ament_install']
[0.298s] Level 1:colcon.colcon_core.package_identification:_identify(src/realsense-ros/realsense2_description) by extension 'ignore'
[0.298s] Level 1:colcon.colcon_core.package_identification:_identify(src/realsense-ros/realsense2_description) by extension 'ignore_ament_install'
[0.298s] Level 1:colcon.colcon_core.package_identification:_identify(src/realsense-ros/realsense2_description) by extensions ['colcon_pkg']
[0.298s] Level 1:colcon.colcon_core.package_identification:_identify(src/realsense-ros/realsense2_description) by extension 'colcon_pkg'
[0.298s] Level 1:colcon.colcon_core.package_identification:_identify(src/realsense-ros/realsense2_description) by extensions ['colcon_meta']
[0.298s] Level 1:colcon.colcon_core.package_identification:_identify(src/realsense-ros/realsense2_description) by extension 'colcon_meta'
[0.299s] Level 1:colcon.colcon_core.package_identification:_identify(src/realsense-ros/realsense2_description) by extensions ['ros']
[0.299s] Level 1:colcon.colcon_core.package_identification:_identify(src/realsense-ros/realsense2_description) by extension 'ros'
[0.300s] DEBUG:colcon.colcon_core.package_identification:Package 'src/realsense-ros/realsense2_description' with type 'ros.ament_cmake' and name 'realsense2_description'
[0.301s] Level 1:colcon.colcon_core.package_identification:_identify(src/realsense-ros/scripts) by extensions ['ignore', 'ignore_ament_install']
[0.301s] Level 1:colcon.colcon_core.package_identification:_identify(src/realsense-ros/scripts) by extension 'ignore'
[0.301s] Level 1:colcon.colcon_core.package_identification:_identify(src/realsense-ros/scripts) by extension 'ignore_ament_install'
[0.301s] Level 1:colcon.colcon_core.package_identification:_identify(src/realsense-ros/scripts) by extensions ['colcon_pkg']
[0.301s] Level 1:colcon.colcon_core.package_identification:_identify(src/realsense-ros/scripts) by extension 'colcon_pkg'
[0.301s] Level 1:colcon.colcon_core.package_identification:_identify(src/realsense-ros/scripts) by extensions ['colcon_meta']
[0.301s] Level 1:colcon.colcon_core.package_identification:_identify(src/realsense-ros/scripts) by extension 'colcon_meta'
[0.301s] Level 1:colcon.colcon_core.package_identification:_identify(src/realsense-ros/scripts) by extensions ['ros']
[0.301s] Level 1:colcon.colcon_core.package_identification:_identify(src/realsense-ros/scripts) by extension 'ros'
[0.301s] Level 1:colcon.colcon_core.package_identification:_identify(src/realsense-ros/scripts) by extensions ['cmake', 'python']
[0.301s] Level 1:colcon.colcon_core.package_identification:_identify(src/realsense-ros/scripts) by extension 'cmake'
[0.301s] Level 1:colcon.colcon_core.package_identification:_identify(src/realsense-ros/scripts) by extension 'python'
[0.301s] Level 1:colcon.colcon_core.package_identification:_identify(src/realsense-ros/scripts) by extensions ['python_setup_py']
[0.301s] Level 1:colcon.colcon_core.package_identification:_identify(src/realsense-ros/scripts) by extension 'python_setup_py'
[0.301s] Level 1:colcon.colcon_core.package_discovery:discover_packages(recursive) using defaults
[0.301s] Level 1:colcon.colcon_core.package_discovery:discover_packages(ignore) discover
[0.301s] Level 1:colcon.colcon_core.package_discovery:discover_packages(ignore) using defaults
[0.301s] Level 1:colcon.colcon_core.package_discovery:discover_packages(path) discover
[0.301s] Level 1:colcon.colcon_core.package_discovery:discover_packages(path) using defaults
[0.324s] Level 5:colcon.colcon_core.verb:set package 'librealsense2' build argument 'cmake_args' from command line to 'None'
[0.324s] Level 5:colcon.colcon_core.verb:set package 'librealsense2' build argument 'cmake_target' from command line to 'None'
[0.324s] Level 5:colcon.colcon_core.verb:set package 'librealsense2' build argument 'cmake_target_skip_unavailable' from command line to 'False'
[0.324s] Level 5:colcon.colcon_core.verb:set package 'librealsense2' build argument 'cmake_clean_cache' from command line to 'False'
[0.324s] Level 5:colcon.colcon_core.verb:set package 'librealsense2' build argument 'cmake_clean_first' from command line to 'False'
[0.324s] Level 5:colcon.colcon_core.verb:set package 'librealsense2' build argument 'cmake_force_configure' from command line to 'False'
[0.324s] Level 5:colcon.colcon_core.verb:set package 'librealsense2' build argument 'ament_cmake_args' from command line to 'None'
[0.324s] Level 5:colcon.colcon_core.verb:set package 'librealsense2' build argument 'catkin_cmake_args' from command line to 'None'
[0.324s] Level 5:colcon.colcon_core.verb:set package 'librealsense2' build argument 'catkin_skip_building_tests' from command line to 'False'
[0.324s] DEBUG:colcon.colcon_core.verb:Building package 'librealsense2' with the following arguments: {'ament_cmake_args': None, 'build_base': '/px4_uxrce/camera_ws/build/librealsense2', 'catkin_cmake_args': None, 'catkin_skip_building_tests': False, 'cmake_args': None, 'cmake_clean_cache': False, 'cmake_clean_first': False, 'cmake_force_configure': False, 'cmake_target': None, 'cmake_target_skip_unavailable': False, 'install_base': '/px4_uxrce/camera_ws/install/librealsense2', 'merge_install': False, 'path': '/px4_uxrce/camera_ws/librealsense', 'symlink_install': False, 'test_result_base': None}
[0.325s] Level 5:colcon.colcon_core.verb:set package 'realsense2_camera_msgs' build argument 'cmake_args' from command line to 'None'
[0.325s] Level 5:colcon.colcon_core.verb:set package 'realsense2_camera_msgs' build argument 'cmake_target' from command line to 'None'
[0.325s] Level 5:colcon.colcon_core.verb:set package 'realsense2_camera_msgs' build argument 'cmake_target_skip_unavailable' from command line to 'False'
[0.325s] Level 5:colcon.colcon_core.verb:set package 'realsense2_camera_msgs' build argument 'cmake_clean_cache' from command line to 'False'
[0.325s] Level 5:colcon.colcon_core.verb:set package 'realsense2_camera_msgs' build argument 'cmake_clean_first' from command line to 'False'
[0.325s] Level 5:colcon.colcon_core.verb:set package 'realsense2_camera_msgs' build argument 'cmake_force_configure' from command line to 'False'
[0.325s] Level 5:colcon.colcon_core.verb:set package 'realsense2_camera_msgs' build argument 'ament_cmake_args' from command line to 'None'
[0.325s] Level 5:colcon.colcon_core.verb:set package 'realsense2_camera_msgs' build argument 'catkin_cmake_args' from command line to 'None'
[0.325s] Level 5:colcon.colcon_core.verb:set package 'realsense2_camera_msgs' build argument 'catkin_skip_building_tests' from command line to 'False'
[0.325s] DEBUG:colcon.colcon_core.verb:Building package 'realsense2_camera_msgs' with the following arguments: {'ament_cmake_args': None, 'build_base': '/px4_uxrce/camera_ws/build/realsense2_camera_msgs', 'catkin_cmake_args': None, 'catkin_skip_building_tests': False, 'cmake_args': None, 'cmake_clean_cache': False, 'cmake_clean_first': False, 'cmake_force_configure': False, 'cmake_target': None, 'cmake_target_skip_unavailable': False, 'install_base': '/px4_uxrce/camera_ws/install/realsense2_camera_msgs', 'merge_install': False, 'path': '/px4_uxrce/camera_ws/src/realsense-ros/realsense2_camera_msgs', 'symlink_install': False, 'test_result_base': None}
[0.325s] Level 5:colcon.colcon_core.verb:set package 'realsense2_camera' build argument 'cmake_args' from command line to 'None'
[0.325s] Level 5:colcon.colcon_core.verb:set package 'realsense2_camera' build argument 'cmake_target' from command line to 'None'
[0.325s] Level 5:colcon.colcon_core.verb:set package 'realsense2_camera' build argument 'cmake_target_skip_unavailable' from command line to 'False'
[0.325s] Level 5:colcon.colcon_core.verb:set package 'realsense2_camera' build argument 'cmake_clean_cache' from command line to 'False'
[0.325s] Level 5:colcon.colcon_core.verb:set package 'realsense2_camera' build argument 'cmake_clean_first' from command line to 'False'
[0.326s] Level 5:colcon.colcon_core.verb:set package 'realsense2_camera' build argument 'cmake_force_configure' from command line to 'False'
[0.326s] Level 5:colcon.colcon_core.verb:set package 'realsense2_camera' build argument 'ament_cmake_args' from command line to 'None'
[0.326s] Level 5:colcon.colcon_core.verb:set package 'realsense2_camera' build argument 'catkin_cmake_args' from command line to 'None'
[0.326s] Level 5:colcon.colcon_core.verb:set package 'realsense2_camera' build argument 'catkin_skip_building_tests' from command line to 'False'
[0.326s] DEBUG:colcon.colcon_core.verb:Building package 'realsense2_camera' with the following arguments: {'ament_cmake_args': None, 'build_base': '/px4_uxrce/camera_ws/build/realsense2_camera', 'catkin_cmake_args': None, 'catkin_skip_building_tests': False, 'cmake_args': None, 'cmake_clean_cache': False, 'cmake_clean_first': False, 'cmake_force_configure': False, 'cmake_target': None, 'cmake_target_skip_unavailable': False, 'install_base': '/px4_uxrce/camera_ws/install/realsense2_camera', 'merge_install': False, 'path': '/px4_uxrce/camera_ws/src/realsense-ros/realsense2_camera', 'symlink_install': False, 'test_result_base': None}
[0.326s] Level 5:colcon.colcon_core.verb:set package 'realsense2_description' build argument 'cmake_args' from command line to 'None'
[0.326s] Level 5:colcon.colcon_core.verb:set package 'realsense2_description' build argument 'cmake_target' from command line to 'None'
[0.326s] Level 5:colcon.colcon_core.verb:set package 'realsense2_description' build argument 'cmake_target_skip_unavailable' from command line to 'False'
[0.326s] Level 5:colcon.colcon_core.verb:set package 'realsense2_description' build argument 'cmake_clean_cache' from command line to 'False'
[0.326s] Level 5:colcon.colcon_core.verb:set package 'realsense2_description' build argument 'cmake_clean_first' from command line to 'False'
[0.326s] Level 5:colcon.colcon_core.verb:set package 'realsense2_description' build argument 'cmake_force_configure' from command line to 'False'
[0.326s] Level 5:colcon.colcon_core.verb:set package 'realsense2_description' build argument 'ament_cmake_args' from command line to 'None'
[0.326s] Level 5:colcon.colcon_core.verb:set package 'realsense2_description' build argument 'catkin_cmake_args' from command line to 'None'
[0.326s] Level 5:colcon.colcon_core.verb:set package 'realsense2_description' build argument 'catkin_skip_building_tests' from command line to 'False'
[0.326s] DEBUG:colcon.colcon_core.verb:Building package 'realsense2_description' with the following arguments: {'ament_cmake_args': None, 'build_base': '/px4_uxrce/camera_ws/build/realsense2_description', 'catkin_cmake_args': None, 'catkin_skip_building_tests': False, 'cmake_args': None, 'cmake_clean_cache': False, 'cmake_clean_first': False, 'cmake_force_configure': False, 'cmake_target': None, 'cmake_target_skip_unavailable': False, 'install_base': '/px4_uxrce/camera_ws/install/realsense2_description', 'merge_install': False, 'path': '/px4_uxrce/camera_ws/src/realsense-ros/realsense2_description', 'symlink_install': False, 'test_result_base': None}
[0.326s] INFO:colcon.colcon_core.executor:Executing jobs using 'parallel' executor
[0.327s] DEBUG:colcon.colcon_parallel_executor.executor.parallel:run_until_complete
[0.328s] INFO:colcon.colcon_ros.task.ament_cmake.build:Building ROS package in '/px4_uxrce/camera_ws/src/realsense-ros/realsense2_camera_msgs' with build type 'ament_cmake'
[0.328s] INFO:colcon.colcon_cmake.task.cmake.build:Building CMake package in '/px4_uxrce/camera_ws/src/realsense-ros/realsense2_camera_msgs'
[0.330s] INFO:colcon.colcon_core.plugin_system:Skipping extension 'colcon_core.shell.bat': Not used on non-Windows systems
[0.330s] INFO:colcon.colcon_core.shell:Skip shell extension 'powershell' for command environment: Not usable outside of PowerShell
[0.330s] DEBUG:colcon.colcon_core.shell:Skip shell extension 'dsv' for command environment
[0.342s] INFO:colcon.colcon_ros.task.cmake.build:Building ROS package in '/px4_uxrce/camera_ws/librealsense' with build type 'cmake'
[0.342s] INFO:colcon.colcon_cmake.task.cmake.build:Building CMake package in '/px4_uxrce/camera_ws/librealsense'
[0.343s] INFO:colcon.colcon_core.shell:Skip shell extension 'powershell' for command environment: Not usable outside of PowerShell
[0.343s] DEBUG:colcon.colcon_core.shell:Skip shell extension 'dsv' for command environment
[0.348s] DEBUG:colcon.colcon_core.event_handler.log_command:Invoking command in '/px4_uxrce/camera_ws/build/realsense2_camera_msgs': CMAKE_PREFIX_PATH=/opt/ros/humble /usr/bin/cmake /px4_uxrce/camera_ws/src/realsense-ros/realsense2_camera_msgs -DCMAKE_INSTALL_PREFIX=/px4_uxrce/camera_ws/install/realsense2_camera_msgs
[0.352s] DEBUG:colcon.colcon_core.event_handler.log_command:Invoking command in '/px4_uxrce/camera_ws/build/librealsense2': CMAKE_PREFIX_PATH=/opt/ros/humble /usr/bin/cmake /px4_uxrce/camera_ws/librealsense -DCMAKE_INSTALL_PREFIX=/px4_uxrce/camera_ws/install/librealsense2
[2.142s] DEBUG:colcon.colcon_core.event_handler.log_command:Invoked command in '/px4_uxrce/camera_ws/build/realsense2_camera_msgs' returned '0': CMAKE_PREFIX_PATH=/opt/ros/humble /usr/bin/cmake /px4_uxrce/camera_ws/src/realsense-ros/realsense2_camera_msgs -DCMAKE_INSTALL_PREFIX=/px4_uxrce/camera_ws/install/realsense2_camera_msgs
[2.144s] DEBUG:colcon.colcon_core.event_handler.log_command:Invoking command in '/px4_uxrce/camera_ws/build/realsense2_camera_msgs': CMAKE_PREFIX_PATH=/opt/ros/humble /usr/bin/cmake --build /px4_uxrce/camera_ws/build/realsense2_camera_msgs -- -j12 -l12
[6.566s] DEBUG:colcon.colcon_core.event_handler.log_command:Invoked command in '/px4_uxrce/camera_ws/build/realsense2_camera_msgs' returned '0': CMAKE_PREFIX_PATH=/opt/ros/humble /usr/bin/cmake --build /px4_uxrce/camera_ws/build/realsense2_camera_msgs -- -j12 -l12
[6.575s] DEBUG:colcon.colcon_core.event_handler.log_command:Invoking command in '/px4_uxrce/camera_ws/build/realsense2_camera_msgs': CMAKE_PREFIX_PATH=/opt/ros/humble /usr/bin/cmake --install /px4_uxrce/camera_ws/build/realsense2_camera_msgs
[6.653s] Level 1:colcon.colcon_core.environment:create_environment_scripts_only(realsense2_camera_msgs)
[6.654s] DEBUG:colcon.colcon_core.event_handler.log_command:Invoked command in '/px4_uxrce/camera_ws/build/realsense2_camera_msgs' returned '0': CMAKE_PREFIX_PATH=/opt/ros/humble /usr/bin/cmake --install /px4_uxrce/camera_ws/build/realsense2_camera_msgs
[6.657s] Level 1:colcon.colcon_core.environment:checking '/px4_uxrce/camera_ws/install/realsense2_camera_msgs' for CMake module files
[6.658s] Level 1:colcon.colcon_core.environment:checking '/px4_uxrce/camera_ws/install/realsense2_camera_msgs' for CMake config files
[6.658s] Level 1:colcon.colcon_core.shell:create_environment_hook('realsense2_camera_msgs', 'cmake_prefix_path')
[6.659s] INFO:colcon.colcon_core.shell:Creating environment hook '/px4_uxrce/camera_ws/install/realsense2_camera_msgs/share/realsense2_camera_msgs/hook/cmake_prefix_path.ps1'
[6.660s] INFO:colcon.colcon_core.shell:Creating environment descriptor '/px4_uxrce/camera_ws/install/realsense2_camera_msgs/share/realsense2_camera_msgs/hook/cmake_prefix_path.dsv'
[6.660s] INFO:colcon.colcon_core.shell:Creating environment hook '/px4_uxrce/camera_ws/install/realsense2_camera_msgs/share/realsense2_camera_msgs/hook/cmake_prefix_path.sh'
[6.662s] Level 1:colcon.colcon_core.environment:checking '/px4_uxrce/camera_ws/install/realsense2_camera_msgs/lib'
[6.662s] Level 1:colcon.colcon_core.shell:create_environment_hook('realsense2_camera_msgs', 'ld_library_path_lib')
[6.662s] INFO:colcon.colcon_core.shell:Creating environment hook '/px4_uxrce/camera_ws/install/realsense2_camera_msgs/share/realsense2_camera_msgs/hook/ld_library_path_lib.ps1'
[6.663s] INFO:colcon.colcon_core.shell:Creating environment descriptor '/px4_uxrce/camera_ws/install/realsense2_camera_msgs/share/realsense2_camera_msgs/hook/ld_library_path_lib.dsv'
[6.663s] INFO:colcon.colcon_core.shell:Creating environment hook '/px4_uxrce/camera_ws/install/realsense2_camera_msgs/share/realsense2_camera_msgs/hook/ld_library_path_lib.sh'
[6.664s] Level 1:colcon.colcon_core.environment:checking '/px4_uxrce/camera_ws/install/realsense2_camera_msgs/bin'
[6.664s] Level 1:colcon.colcon_core.environment:checking '/px4_uxrce/camera_ws/install/realsense2_camera_msgs/lib/pkgconfig/realsense2_camera_msgs.pc'
[6.666s] Level 1:colcon.colcon_core.environment:checking '/px4_uxrce/camera_ws/install/realsense2_camera_msgs/lib/python3.10/site-packages'
[6.666s] Level 1:colcon.colcon_core.environment:checking '/px4_uxrce/camera_ws/install/realsense2_camera_msgs/bin'
[6.667s] INFO:colcon.colcon_core.shell:Creating package script '/px4_uxrce/camera_ws/install/realsense2_camera_msgs/share/realsense2_camera_msgs/package.ps1'
[6.668s] INFO:colcon.colcon_core.shell:Creating package descriptor '/px4_uxrce/camera_ws/install/realsense2_camera_msgs/share/realsense2_camera_msgs/package.dsv'
[6.668s] INFO:colcon.colcon_core.shell:Creating package script '/px4_uxrce/camera_ws/install/realsense2_camera_msgs/share/realsense2_camera_msgs/package.sh'
[6.669s] INFO:colcon.colcon_core.shell:Creating package script '/px4_uxrce/camera_ws/install/realsense2_camera_msgs/share/realsense2_camera_msgs/package.bash'
[6.670s] INFO:colcon.colcon_core.shell:Creating package script '/px4_uxrce/camera_ws/install/realsense2_camera_msgs/share/realsense2_camera_msgs/package.zsh'
[6.671s] Level 1:colcon.colcon_core.environment:create_file_with_runtime_dependencies(/px4_uxrce/camera_ws/install/realsense2_camera_msgs/share/colcon-core/packages/realsense2_camera_msgs)
[6.672s] Level 1:colcon.colcon_core.environment:create_environment_scripts_only(realsense2_camera_msgs)
[6.673s] Level 1:colcon.colcon_core.environment:checking '/px4_uxrce/camera_ws/install/realsense2_camera_msgs' for CMake module files
[6.673s] Level 1:colcon.colcon_core.environment:checking '/px4_uxrce/camera_ws/install/realsense2_camera_msgs' for CMake config files
[6.674s] Level 1:colcon.colcon_core.shell:create_environment_hook('realsense2_camera_msgs', 'cmake_prefix_path')
[6.674s] INFO:colcon.colcon_core.shell:Creating environment hook '/px4_uxrce/camera_ws/install/realsense2_camera_msgs/share/realsense2_camera_msgs/hook/cmake_prefix_path.ps1'
[6.675s] INFO:colcon.colcon_core.shell:Creating environment descriptor '/px4_uxrce/camera_ws/install/realsense2_camera_msgs/share/realsense2_camera_msgs/hook/cmake_prefix_path.dsv'
[6.675s] INFO:colcon.colcon_core.shell:Creating environment hook '/px4_uxrce/camera_ws/install/realsense2_camera_msgs/share/realsense2_camera_msgs/hook/cmake_prefix_path.sh'
[6.676s] Level 1:colcon.colcon_core.environment:checking '/px4_uxrce/camera_ws/install/realsense2_camera_msgs/lib'
[6.676s] Level 1:colcon.colcon_core.shell:create_environment_hook('realsense2_camera_msgs', 'ld_library_path_lib')
[6.676s] INFO:colcon.colcon_core.shell:Creating environment hook '/px4_uxrce/camera_ws/install/realsense2_camera_msgs/share/realsense2_camera_msgs/hook/ld_library_path_lib.ps1'
[6.677s] INFO:colcon.colcon_core.shell:Creating environment descriptor '/px4_uxrce/camera_ws/install/realsense2_camera_msgs/share/realsense2_camera_msgs/hook/ld_library_path_lib.dsv'
[6.677s] INFO:colcon.colcon_core.shell:Creating environment hook '/px4_uxrce/camera_ws/install/realsense2_camera_msgs/share/realsense2_camera_msgs/hook/ld_library_path_lib.sh'
[6.678s] Level 1:colcon.colcon_core.environment:checking '/px4_uxrce/camera_ws/install/realsense2_camera_msgs/bin'
[6.678s] Level 1:colcon.colcon_core.environment:checking '/px4_uxrce/camera_ws/install/realsense2_camera_msgs/lib/pkgconfig/realsense2_camera_msgs.pc'
[6.678s] Level 1:colcon.colcon_core.environment:checking '/px4_uxrce/camera_ws/install/realsense2_camera_msgs/lib/python3.10/site-packages'
[6.678s] Level 1:colcon.colcon_core.environment:checking '/px4_uxrce/camera_ws/install/realsense2_camera_msgs/bin'
[6.679s] INFO:colcon.colcon_core.shell:Creating package script '/px4_uxrce/camera_ws/install/realsense2_camera_msgs/share/realsense2_camera_msgs/package.ps1'
[6.679s] INFO:colcon.colcon_core.shell:Creating package descriptor '/px4_uxrce/camera_ws/install/realsense2_camera_msgs/share/realsense2_camera_msgs/package.dsv'
[6.680s] INFO:colcon.colcon_core.shell:Creating package script '/px4_uxrce/camera_ws/install/realsense2_camera_msgs/share/realsense2_camera_msgs/package.sh'
[6.680s] INFO:colcon.colcon_core.shell:Creating package script '/px4_uxrce/camera_ws/install/realsense2_camera_msgs/share/realsense2_camera_msgs/package.bash'
[6.681s] INFO:colcon.colcon_core.shell:Creating package script '/px4_uxrce/camera_ws/install/realsense2_camera_msgs/share/realsense2_camera_msgs/package.zsh'
[6.681s] Level 1:colcon.colcon_core.environment:create_file_with_runtime_dependencies(/px4_uxrce/camera_ws/install/realsense2_camera_msgs/share/colcon-core/packages/realsense2_camera_msgs)
[6.682s] INFO:colcon.colcon_ros.task.ament_cmake.build:Building ROS package in '/px4_uxrce/camera_ws/src/realsense-ros/realsense2_description' with build type 'ament_cmake'
[6.682s] INFO:colcon.colcon_cmake.task.cmake.build:Building CMake package in '/px4_uxrce/camera_ws/src/realsense-ros/realsense2_description'
[6.682s] INFO:colcon.colcon_core.shell:Skip shell extension 'powershell' for command environment: Not usable outside of PowerShell
[6.682s] DEBUG:colcon.colcon_core.shell:Skip shell extension 'dsv' for command environment
[6.690s] DEBUG:colcon.colcon_core.event_handler.log_command:Invoking command in '/px4_uxrce/camera_ws/build/realsense2_description': AMENT_PREFIX_PATH=/px4_uxrce/camera_ws/install/realsense2_camera_msgs:${AMENT_PREFIX_PATH} CMAKE_PREFIX_PATH=/px4_uxrce/camera_ws/install/realsense2_camera_msgs:/opt/ros/humble LD_LIBRARY_PATH=/px4_uxrce/camera_ws/install/realsense2_camera_msgs/lib:${LD_LIBRARY_PATH} PYTHONPATH=/px4_uxrce/camera_ws/install/realsense2_camera_msgs/local/lib/python3.10/dist-packages:${PYTHONPATH} /usr/bin/cmake /px4_uxrce/camera_ws/src/realsense-ros/realsense2_description -DCMAKE_INSTALL_PREFIX=/px4_uxrce/camera_ws/install/realsense2_description
[7.323s] DEBUG:colcon.colcon_core.event_handler.log_command:Invoked command in '/px4_uxrce/camera_ws/build/realsense2_description' returned '0': AMENT_PREFIX_PATH=/px4_uxrce/camera_ws/install/realsense2_camera_msgs:${AMENT_PREFIX_PATH} CMAKE_PREFIX_PATH=/px4_uxrce/camera_ws/install/realsense2_camera_msgs:/opt/ros/humble LD_LIBRARY_PATH=/px4_uxrce/camera_ws/install/realsense2_camera_msgs/lib:${LD_LIBRARY_PATH} PYTHONPATH=/px4_uxrce/camera_ws/install/realsense2_camera_msgs/local/lib/python3.10/dist-packages:${PYTHONPATH} /usr/bin/cmake /px4_uxrce/camera_ws/src/realsense-ros/realsense2_description -DCMAKE_INSTALL_PREFIX=/px4_uxrce/camera_ws/install/realsense2_description
[7.324s] DEBUG:colcon.colcon_core.event_handler.log_command:Invoking command in '/px4_uxrce/camera_ws/build/realsense2_description': AMENT_PREFIX_PATH=/px4_uxrce/camera_ws/install/realsense2_camera_msgs:${AMENT_PREFIX_PATH} CMAKE_PREFIX_PATH=/px4_uxrce/camera_ws/install/realsense2_camera_msgs:/opt/ros/humble LD_LIBRARY_PATH=/px4_uxrce/camera_ws/install/realsense2_camera_msgs/lib:${LD_LIBRARY_PATH} PYTHONPATH=/px4_uxrce/camera_ws/install/realsense2_camera_msgs/local/lib/python3.10/dist-packages:${PYTHONPATH} /usr/bin/cmake --build /px4_uxrce/camera_ws/build/realsense2_description -- -j12 -l12
[7.365s] DEBUG:colcon.colcon_core.event_handler.log_command:Invoked command in '/px4_uxrce/camera_ws/build/realsense2_description' returned '0': AMENT_PREFIX_PATH=/px4_uxrce/camera_ws/install/realsense2_camera_msgs:${AMENT_PREFIX_PATH} CMAKE_PREFIX_PATH=/px4_uxrce/camera_ws/install/realsense2_camera_msgs:/opt/ros/humble LD_LIBRARY_PATH=/px4_uxrce/camera_ws/install/realsense2_camera_msgs/lib:${LD_LIBRARY_PATH} PYTHONPATH=/px4_uxrce/camera_ws/install/realsense2_camera_msgs/local/lib/python3.10/dist-packages:${PYTHONPATH} /usr/bin/cmake --build /px4_uxrce/camera_ws/build/realsense2_description -- -j12 -l12
[7.367s] DEBUG:colcon.colcon_core.event_handler.log_command:Invoking command in '/px4_uxrce/camera_ws/build/realsense2_description': AMENT_PREFIX_PATH=/px4_uxrce/camera_ws/install/realsense2_camera_msgs:${AMENT_PREFIX_PATH} CMAKE_PREFIX_PATH=/px4_uxrce/camera_ws/install/realsense2_camera_msgs:/opt/ros/humble LD_LIBRARY_PATH=/px4_uxrce/camera_ws/install/realsense2_camera_msgs/lib:${LD_LIBRARY_PATH} PYTHONPATH=/px4_uxrce/camera_ws/install/realsense2_camera_msgs/local/lib/python3.10/dist-packages:${PYTHONPATH} /usr/bin/cmake --install /px4_uxrce/camera_ws/build/realsense2_description
[7.444s] Level 1:colcon.colcon_core.environment:create_environment_scripts_only(realsense2_description)
[7.444s] Level 1:colcon.colcon_core.environment:checking '/px4_uxrce/camera_ws/install/realsense2_description' for CMake module files
[7.445s] DEBUG:colcon.colcon_core.event_handler.log_command:Invoked command in '/px4_uxrce/camera_ws/build/realsense2_description' returned '0': AMENT_PREFIX_PATH=/px4_uxrce/camera_ws/install/realsense2_camera_msgs:${AMENT_PREFIX_PATH} CMAKE_PREFIX_PATH=/px4_uxrce/camera_ws/install/realsense2_camera_msgs:/opt/ros/humble LD_LIBRARY_PATH=/px4_uxrce/camera_ws/install/realsense2_camera_msgs/lib:${LD_LIBRARY_PATH} PYTHONPATH=/px4_uxrce/camera_ws/install/realsense2_camera_msgs/local/lib/python3.10/dist-packages:${PYTHONPATH} /usr/bin/cmake --install /px4_uxrce/camera_ws/build/realsense2_description
[7.445s] Level 1:colcon.colcon_core.environment:checking '/px4_uxrce/camera_ws/install/realsense2_description' for CMake config files
[7.446s] Level 1:colcon.colcon_core.shell:create_environment_hook('realsense2_description', 'cmake_prefix_path')
[7.446s] INFO:colcon.colcon_core.shell:Creating environment hook '/px4_uxrce/camera_ws/install/realsense2_description/share/realsense2_description/hook/cmake_prefix_path.ps1'
[7.447s] INFO:colcon.colcon_core.shell:Creating environment descriptor '/px4_uxrce/camera_ws/install/realsense2_description/share/realsense2_description/hook/cmake_prefix_path.dsv'
[7.447s] INFO:colcon.colcon_core.shell:Creating environment hook '/px4_uxrce/camera_ws/install/realsense2_description/share/realsense2_description/hook/cmake_prefix_path.sh'
[7.448s] Level 1:colcon.colcon_core.environment:checking '/px4_uxrce/camera_ws/install/realsense2_description/bin'
[7.448s] Level 1:colcon.colcon_core.environment:checking '/px4_uxrce/camera_ws/install/realsense2_description/lib/pkgconfig/realsense2_description.pc'
[7.448s] Level 1:colcon.colcon_core.environment:checking '/px4_uxrce/camera_ws/install/realsense2_description/lib/python3.10/site-packages'
[7.448s] Level 1:colcon.colcon_core.environment:checking '/px4_uxrce/camera_ws/install/realsense2_description/bin'
[7.449s] INFO:colcon.colcon_core.shell:Creating package script '/px4_uxrce/camera_ws/install/realsense2_description/share/realsense2_description/package.ps1'
[7.449s] INFO:colcon.colcon_core.shell:Creating package descriptor '/px4_uxrce/camera_ws/install/realsense2_description/share/realsense2_description/package.dsv'
[7.450s] INFO:colcon.colcon_core.shell:Creating package script '/px4_uxrce/camera_ws/install/realsense2_description/share/realsense2_description/package.sh'
[7.450s] INFO:colcon.colcon_core.shell:Creating package script '/px4_uxrce/camera_ws/install/realsense2_description/share/realsense2_description/package.bash'
[7.450s] INFO:colcon.colcon_core.shell:Creating package script '/px4_uxrce/camera_ws/install/realsense2_description/share/realsense2_description/package.zsh'
[7.451s] Level 1:colcon.colcon_core.environment:create_file_with_runtime_dependencies(/px4_uxrce/camera_ws/install/realsense2_description/share/colcon-core/packages/realsense2_description)
[7.451s] Level 1:colcon.colcon_core.environment:create_environment_scripts_only(realsense2_description)
[7.451s] Level 1:colcon.colcon_core.environment:checking '/px4_uxrce/camera_ws/install/realsense2_description' for CMake module files
[7.452s] Level 1:colcon.colcon_core.environment:checking '/px4_uxrce/camera_ws/install/realsense2_description' for CMake config files
[7.452s] Level 1:colcon.colcon_core.shell:create_environment_hook('realsense2_description', 'cmake_prefix_path')
[7.452s] INFO:colcon.colcon_core.shell:Creating environment hook '/px4_uxrce/camera_ws/install/realsense2_description/share/realsense2_description/hook/cmake_prefix_path.ps1'
[7.453s] INFO:colcon.colcon_core.shell:Creating environment descriptor '/px4_uxrce/camera_ws/install/realsense2_description/share/realsense2_description/hook/cmake_prefix_path.dsv'
[7.453s] INFO:colcon.colcon_core.shell:Creating environment hook '/px4_uxrce/camera_ws/install/realsense2_description/share/realsense2_description/hook/cmake_prefix_path.sh'
[7.454s] Level 1:colcon.colcon_core.environment:checking '/px4_uxrce/camera_ws/install/realsense2_description/bin'
[7.454s] Level 1:colcon.colcon_core.environment:checking '/px4_uxrce/camera_ws/install/realsense2_description/lib/pkgconfig/realsense2_description.pc'
[7.454s] Level 1:colcon.colcon_core.environment:checking '/px4_uxrce/camera_ws/install/realsense2_description/lib/python3.10/site-packages'
[7.454s] Level 1:colcon.colcon_core.environment:checking '/px4_uxrce/camera_ws/install/realsense2_description/bin'
[7.454s] INFO:colcon.colcon_core.shell:Creating package script '/px4_uxrce/camera_ws/install/realsense2_description/share/realsense2_description/package.ps1'
[7.455s] INFO:colcon.colcon_core.shell:Creating package descriptor '/px4_uxrce/camera_ws/install/realsense2_description/share/realsense2_description/package.dsv'
[7.458s] INFO:colcon.colcon_core.shell:Creating package script '/px4_uxrce/camera_ws/install/realsense2_description/share/realsense2_description/package.sh'
[7.458s] INFO:colcon.colcon_core.shell:Creating package script '/px4_uxrce/camera_ws/install/realsense2_description/share/realsense2_description/package.bash'
[7.459s] INFO:colcon.colcon_core.shell:Creating package script '/px4_uxrce/camera_ws/install/realsense2_description/share/realsense2_description/package.zsh'
[7.459s] Level 1:colcon.colcon_core.environment:create_file_with_runtime_dependencies(/px4_uxrce/camera_ws/install/realsense2_description/share/colcon-core/packages/realsense2_description)
[42.554s] DEBUG:colcon.colcon_core.event_handler.log_command:Invoked command in '/px4_uxrce/camera_ws/build/librealsense2' returned '0': CMAKE_PREFIX_PATH=/opt/ros/humble /usr/bin/cmake /px4_uxrce/camera_ws/librealsense -DCMAKE_INSTALL_PREFIX=/px4_uxrce/camera_ws/install/librealsense2
[42.556s] DEBUG:colcon.colcon_core.event_handler.log_command:Invoking command in '/px4_uxrce/camera_ws/build/librealsense2': CMAKE_PREFIX_PATH=/opt/ros/humble /usr/bin/cmake --build /px4_uxrce/camera_ws/build/librealsense2 -- -j12 -l12
[308.362s] DEBUG:colcon.colcon_core.event_handler.log_command:Invoked command in '/px4_uxrce/camera_ws/build/librealsense2' returned '0': CMAKE_PREFIX_PATH=/opt/ros/humble /usr/bin/cmake --build /px4_uxrce/camera_ws/build/librealsense2 -- -j12 -l12
[308.363s] DEBUG:colcon.colcon_core.event_handler.log_command:Invoking command in '/px4_uxrce/camera_ws/build/librealsense2': CMAKE_PREFIX_PATH=/opt/ros/humble /usr/bin/cmake --install /px4_uxrce/camera_ws/build/librealsense2
[308.494s] DEBUG:colcon.colcon_core.event_handler.log_command:Invoked command in '/px4_uxrce/camera_ws/build/librealsense2' returned '0': CMAKE_PREFIX_PATH=/opt/ros/humble /usr/bin/cmake --install /px4_uxrce/camera_ws/build/librealsense2
[308.494s] Level 1:colcon.colcon_core.shell:create_environment_hook('librealsense2', 'pkg_config_path')
[308.495s] INFO:colcon.colcon_core.shell:Creating environment hook '/px4_uxrce/camera_ws/install/librealsense2/share/librealsense2/hook/pkg_config_path.ps1'
[308.495s] INFO:colcon.colcon_core.shell:Creating environment descriptor '/px4_uxrce/camera_ws/install/librealsense2/share/librealsense2/hook/pkg_config_path.dsv'
[308.495s] INFO:colcon.colcon_core.shell:Creating environment hook '/px4_uxrce/camera_ws/install/librealsense2/share/librealsense2/hook/pkg_config_path.sh'
[308.497s] Level 1:colcon.colcon_core.shell:create_environment_hook('librealsense2', 'pkg_config_path_multiarch')
[308.497s] INFO:colcon.colcon_core.shell:Creating environment hook '/px4_uxrce/camera_ws/install/librealsense2/share/librealsense2/hook/pkg_config_path_multiarch.ps1'
[308.497s] INFO:colcon.colcon_core.shell:Creating environment descriptor '/px4_uxrce/camera_ws/install/librealsense2/share/librealsense2/hook/pkg_config_path_multiarch.dsv'
[308.498s] INFO:colcon.colcon_core.shell:Creating environment hook '/px4_uxrce/camera_ws/install/librealsense2/share/librealsense2/hook/pkg_config_path_multiarch.sh'
[308.498s] Level 1:colcon.colcon_core.environment:create_environment_scripts_only(librealsense2)
[308.498s] Level 1:colcon.colcon_core.environment:checking '/px4_uxrce/camera_ws/install/librealsense2' for CMake module files
[308.499s] Level 1:colcon.colcon_core.environment:checking '/px4_uxrce/camera_ws/install/librealsense2' for CMake config files
[308.499s] Level 1:colcon.colcon_core.shell:create_environment_hook('librealsense2', 'cmake_prefix_path')
[308.499s] INFO:colcon.colcon_core.shell:Creating environment hook '/px4_uxrce/camera_ws/install/librealsense2/share/librealsense2/hook/cmake_prefix_path.ps1'
[308.500s] INFO:colcon.colcon_core.shell:Creating environment descriptor '/px4_uxrce/camera_ws/install/librealsense2/share/librealsense2/hook/cmake_prefix_path.dsv'
[308.500s] INFO:colcon.colcon_core.shell:Creating environment hook '/px4_uxrce/camera_ws/install/librealsense2/share/librealsense2/hook/cmake_prefix_path.sh'
[308.501s] Level 1:colcon.colcon_core.environment:checking '/px4_uxrce/camera_ws/install/librealsense2/lib'
[308.501s] Level 1:colcon.colcon_core.shell:create_environment_hook('librealsense2', 'ld_library_path_lib')
[308.501s] INFO:colcon.colcon_core.shell:Creating environment hook '/px4_uxrce/camera_ws/install/librealsense2/share/librealsense2/hook/ld_library_path_lib.ps1'
[308.501s] INFO:colcon.colcon_core.shell:Creating environment descriptor '/px4_uxrce/camera_ws/install/librealsense2/share/librealsense2/hook/ld_library_path_lib.dsv'
[308.502s] INFO:colcon.colcon_core.shell:Creating environment hook '/px4_uxrce/camera_ws/install/librealsense2/share/librealsense2/hook/ld_library_path_lib.sh'
[308.502s] Level 1:colcon.colcon_core.environment:checking '/px4_uxrce/camera_ws/install/librealsense2/bin'
[308.502s] Level 1:colcon.colcon_core.shell:create_environment_hook('librealsense2', 'path')
[308.502s] INFO:colcon.colcon_core.shell:Creating environment hook '/px4_uxrce/camera_ws/install/librealsense2/share/librealsense2/hook/path.ps1'
[308.503s] INFO:colcon.colcon_core.shell:Creating environment descriptor '/px4_uxrce/camera_ws/install/librealsense2/share/librealsense2/hook/path.dsv'
[308.503s] INFO:colcon.colcon_core.shell:Creating environment hook '/px4_uxrce/camera_ws/install/librealsense2/share/librealsense2/hook/path.sh'
[308.504s] Level 1:colcon.colcon_core.environment:checking '/px4_uxrce/camera_ws/install/librealsense2/lib/pkgconfig/librealsense2.pc'
[308.504s] Level 1:colcon.colcon_core.environment:checking '/px4_uxrce/camera_ws/install/librealsense2/lib/python3.10/site-packages'
[308.504s] Level 1:colcon.colcon_core.environment:checking '/px4_uxrce/camera_ws/install/librealsense2/bin'
[308.504s] Level 1:colcon.colcon_core.shell:create_environment_hook('librealsense2', 'pythonscriptspath')
[308.504s] INFO:colcon.colcon_core.shell:Creating environment hook '/px4_uxrce/camera_ws/install/librealsense2/share/librealsense2/hook/pythonscriptspath.ps1'
[308.505s] INFO:colcon.colcon_core.shell:Creating environment descriptor '/px4_uxrce/camera_ws/install/librealsense2/share/librealsense2/hook/pythonscriptspath.dsv'
[308.505s] INFO:colcon.colcon_core.shell:Creating environment hook '/px4_uxrce/camera_ws/install/librealsense2/share/librealsense2/hook/pythonscriptspath.sh'
[308.506s] INFO:colcon.colcon_core.shell:Creating package script '/px4_uxrce/camera_ws/install/librealsense2/share/librealsense2/package.ps1'
[308.507s] INFO:colcon.colcon_core.shell:Creating package descriptor '/px4_uxrce/camera_ws/install/librealsense2/share/librealsense2/package.dsv'
[308.507s] INFO:colcon.colcon_core.shell:Creating package script '/px4_uxrce/camera_ws/install/librealsense2/share/librealsense2/package.sh'
[308.508s] INFO:colcon.colcon_core.shell:Creating package script '/px4_uxrce/camera_ws/install/librealsense2/share/librealsense2/package.bash'
[308.508s] INFO:colcon.colcon_core.shell:Creating package script '/px4_uxrce/camera_ws/install/librealsense2/share/librealsense2/package.zsh'
[308.508s] Level 1:colcon.colcon_core.environment:create_file_with_runtime_dependencies(/px4_uxrce/camera_ws/install/librealsense2/share/colcon-core/packages/librealsense2)
[308.509s] INFO:colcon.colcon_ros.task.ament_cmake.build:Building ROS package in '/px4_uxrce/camera_ws/src/realsense-ros/realsense2_camera' with build type 'ament_cmake'
[308.509s] INFO:colcon.colcon_cmake.task.cmake.build:Building CMake package in '/px4_uxrce/camera_ws/src/realsense-ros/realsense2_camera'
[308.509s] INFO:colcon.colcon_core.shell:Skip shell extension 'powershell' for command environment: Not usable outside of PowerShell
[308.509s] DEBUG:colcon.colcon_core.shell:Skip shell extension 'dsv' for command environment
[308.520s] DEBUG:colcon.colcon_core.event_handler.log_command:Invoking command in '/px4_uxrce/camera_ws/build/realsense2_camera': AMENT_PREFIX_PATH=/px4_uxrce/camera_ws/install/realsense2_camera_msgs:${AMENT_PREFIX_PATH} CMAKE_PREFIX_PATH=/px4_uxrce/camera_ws/install/realsense2_camera_msgs:/px4_uxrce/camera_ws/install/librealsense2:/opt/ros/humble LD_LIBRARY_PATH=/px4_uxrce/camera_ws/install/realsense2_camera_msgs/lib:/px4_uxrce/camera_ws/install/librealsense2/lib:${LD_LIBRARY_PATH} PATH=/px4_uxrce/camera_ws/install/librealsense2/bin:${PATH} PKG_CONFIG_PATH=/px4_uxrce/camera_ws/install/librealsense2/lib/x86_64-linux-gnu/pkgconfig:/px4_uxrce/camera_ws/install/librealsense2/lib/pkgconfig PYTHONPATH=/px4_uxrce/camera_ws/install/realsense2_camera_msgs/local/lib/python3.10/dist-packages:${PYTHONPATH} /usr/bin/cmake /px4_uxrce/camera_ws/src/realsense-ros/realsense2_camera -DCMAKE_INSTALL_PREFIX=/px4_uxrce/camera_ws/install/realsense2_camera
[309.186s] DEBUG:colcon.colcon_core.event_handler.log_command:Invoked command in '/px4_uxrce/camera_ws/build/realsense2_camera' returned '1': AMENT_PREFIX_PATH=/px4_uxrce/camera_ws/install/realsense2_camera_msgs:${AMENT_PREFIX_PATH} CMAKE_PREFIX_PATH=/px4_uxrce/camera_ws/install/realsense2_camera_msgs:/px4_uxrce/camera_ws/install/librealsense2:/opt/ros/humble LD_LIBRARY_PATH=/px4_uxrce/camera_ws/install/realsense2_camera_msgs/lib:/px4_uxrce/camera_ws/install/librealsense2/lib:${LD_LIBRARY_PATH} PATH=/px4_uxrce/camera_ws/install/librealsense2/bin:${PATH} PKG_CONFIG_PATH=/px4_uxrce/camera_ws/install/librealsense2/lib/x86_64-linux-gnu/pkgconfig:/px4_uxrce/camera_ws/install/librealsense2/lib/pkgconfig PYTHONPATH=/px4_uxrce/camera_ws/install/realsense2_camera_msgs/local/lib/python3.10/dist-packages:${PYTHONPATH} /usr/bin/cmake /px4_uxrce/camera_ws/src/realsense-ros/realsense2_camera -DCMAKE_INSTALL_PREFIX=/px4_uxrce/camera_ws/install/realsense2_camera
[309.196s] Level 1:colcon.colcon_core.environment:create_environment_scripts_only(realsense2_camera)
[309.196s] Level 1:colcon.colcon_core.environment:checking '/px4_uxrce/camera_ws/install/realsense2_camera' for CMake module files
[309.196s] Level 1:colcon.colcon_core.environment:checking '/px4_uxrce/camera_ws/install/realsense2_camera' for CMake config files
[309.196s] Level 1:colcon.colcon_core.environment:checking '/px4_uxrce/camera_ws/install/realsense2_camera/bin'
[309.197s] Level 1:colcon.colcon_core.environment:checking '/px4_uxrce/camera_ws/install/realsense2_camera/lib/pkgconfig/realsense2_camera.pc'
[309.197s] Level 1:colcon.colcon_core.environment:checking '/px4_uxrce/camera_ws/install/realsense2_camera/lib/python3.10/site-packages'
[309.197s] Level 1:colcon.colcon_core.environment:checking '/px4_uxrce/camera_ws/install/realsense2_camera/bin'
[309.197s] INFO:colcon.colcon_core.shell:Creating package script '/px4_uxrce/camera_ws/install/realsense2_camera/share/realsense2_camera/package.ps1'
[309.198s] INFO:colcon.colcon_core.shell:Creating package descriptor '/px4_uxrce/camera_ws/install/realsense2_camera/share/realsense2_camera/package.dsv'
[309.198s] INFO:colcon.colcon_core.shell:Creating package script '/px4_uxrce/camera_ws/install/realsense2_camera/share/realsense2_camera/package.sh'
[309.198s] INFO:colcon.colcon_core.shell:Creating package script '/px4_uxrce/camera_ws/install/realsense2_camera/share/realsense2_camera/package.bash'
[309.199s] INFO:colcon.colcon_core.shell:Creating package script '/px4_uxrce/camera_ws/install/realsense2_camera/share/realsense2_camera/package.zsh'
[309.199s] Level 1:colcon.colcon_core.environment:create_file_with_runtime_dependencies(/px4_uxrce/camera_ws/install/realsense2_camera/share/colcon-core/packages/realsense2_camera)
[309.209s] DEBUG:colcon.colcon_parallel_executor.executor.parallel:closing loop
[309.210s] DEBUG:colcon.colcon_parallel_executor.executor.parallel:loop closed
[309.210s] DEBUG:colcon.colcon_parallel_executor.executor.parallel:run_until_complete finished with '1'
[309.210s] DEBUG:colcon.colcon_core.event_reactor:joining thread
[309.229s] INFO:colcon.colcon_core.plugin_system:Skipping extension 'colcon_notification.desktop_notification.notify_send': Could not find 'notify-send'
[309.229s] INFO:colcon.colcon_core.plugin_system:Skipping extension 'colcon_notification.desktop_notification.terminal_notifier': Not used on non-Darwin systems
[309.230s] INFO:colcon.colcon_core.plugin_system:Skipping extension 'colcon_notification.desktop_notification.win32': Not used on non-Windows systems
[309.230s] INFO:colcon.colcon_notification.desktop_notification:Sending desktop notification using 'notify2'
[309.232s] DEBUG:colcon.colcon_notification.desktop_notification.notify2:Failed to initialize notify2: org.freedesktop.DBus.Error.Spawn.ExecFailed: /usr/bin/dbus-launch terminated abnormally without any error message
[309.232s] DEBUG:colcon.colcon_core.event_reactor:joined thread
[309.233s] INFO:colcon.colcon_core.shell:Creating prefix script '/px4_uxrce/camera_ws/install/local_setup.ps1'
[309.234s] INFO:colcon.colcon_core.shell:Creating prefix util module '/px4_uxrce/camera_ws/install/_local_setup_util_ps1.py'
[309.236s] INFO:colcon.colcon_core.shell:Creating prefix chain script '/px4_uxrce/camera_ws/install/setup.ps1'
[309.238s] INFO:colcon.colcon_core.shell:Creating prefix script '/px4_uxrce/camera_ws/install/local_setup.sh'
[309.238s] INFO:colcon.colcon_core.shell:Creating prefix util module '/px4_uxrce/camera_ws/install/_local_setup_util_sh.py'
[309.239s] INFO:colcon.colcon_core.shell:Creating prefix chain script '/px4_uxrce/camera_ws/install/setup.sh'
[309.241s] INFO:colcon.colcon_core.shell:Creating prefix script '/px4_uxrce/camera_ws/install/local_setup.bash'
[309.241s] INFO:colcon.colcon_core.shell:Creating prefix chain script '/px4_uxrce/camera_ws/install/setup.bash'
[309.242s] INFO:colcon.colcon_core.shell:Creating prefix script '/px4_uxrce/camera_ws/install/local_setup.zsh'
[309.243s] INFO:colcon.colcon_core.shell:Creating prefix chain script '/px4_uxrce/camera_ws/install/setup.zsh'
