[2.634s] Invoking command in '/px4_uxrce/t265_px4_bridge/src/examples/rclpy/executors': PYTHONPATH=/px4_uxrce/t265_px4_bridge/build/examples_rclpy_executors/prefix_override:/usr/lib/python3/dist-packages/colcon_core/task/python/colcon_distutils_commands:/px4_uxrce/t265_px4_bridge/install/examples_rclpy_executors/lib/python3.10/site-packages:${PYTHONPATH} /usr/bin/python3 -W ignore:setup.py install is deprecated -W ignore:easy_install command is deprecated setup.py egg_info --egg-base ../../../../build/examples_rclpy_executors build --build-base /px4_uxrce/t265_px4_bridge/build/examples_rclpy_executors/build install --record /px4_uxrce/t265_px4_bridge/build/examples_rclpy_executors/install.log --single-version-externally-managed install_data
[3.003s] running egg_info
[3.004s] writing ../../../../build/examples_rclpy_executors/examples_rclpy_executors.egg-info/PKG-INFO
[3.005s] writing dependency_links to ../../../../build/examples_rclpy_executors/examples_rclpy_executors.egg-info/dependency_links.txt
[3.005s] writing entry points to ../../../../build/examples_rclpy_executors/examples_rclpy_executors.egg-info/entry_points.txt
[3.005s] writing requirements to ../../../../build/examples_rclpy_executors/examples_rclpy_executors.egg-info/requires.txt
[3.005s] writing top-level names to ../../../../build/examples_rclpy_executors/examples_rclpy_executors.egg-info/top_level.txt
[3.011s] reading manifest file '../../../../build/examples_rclpy_executors/examples_rclpy_executors.egg-info/SOURCES.txt'
[3.012s] writing manifest file '../../../../build/examples_rclpy_executors/examples_rclpy_executors.egg-info/SOURCES.txt'
[3.012s] running build
[3.012s] running build_py
[3.013s] running install
[3.013s] running install_lib
[3.017s] running install_data
[3.018s] running install_egg_info
[3.023s] removing '/px4_uxrce/t265_px4_bridge/install/examples_rclpy_executors/lib/python3.10/site-packages/examples_rclpy_executors-0.15.3-py3.10.egg-info' (and everything under it)
[3.028s] Copying ../../../../build/examples_rclpy_executors/examples_rclpy_executors.egg-info to /px4_uxrce/t265_px4_bridge/install/examples_rclpy_executors/lib/python3.10/site-packages/examples_rclpy_executors-0.15.3-py3.10.egg-info
[3.031s] running install_scripts
[3.078s] Installing callback_group script to /px4_uxrce/t265_px4_bridge/install/examples_rclpy_executors/lib/examples_rclpy_executors
[3.080s] Installing composed script to /px4_uxrce/t265_px4_bridge/install/examples_rclpy_executors/lib/examples_rclpy_executors
[3.087s] Installing custom_callback_group script to /px4_uxrce/t265_px4_bridge/install/examples_rclpy_executors/lib/examples_rclpy_executors
[3.087s] Installing custom_executor script to /px4_uxrce/t265_px4_bridge/install/examples_rclpy_executors/lib/examples_rclpy_executors
[3.087s] Installing listener script to /px4_uxrce/t265_px4_bridge/install/examples_rclpy_executors/lib/examples_rclpy_executors
[3.087s] Installing talker script to /px4_uxrce/t265_px4_bridge/install/examples_rclpy_executors/lib/examples_rclpy_executors
[3.087s] writing list of installed files to '/px4_uxrce/t265_px4_bridge/build/examples_rclpy_executors/install.log'
[3.163s] Invoked command in '/px4_uxrce/t265_px4_bridge/src/examples/rclpy/executors' returned '0': PYTHONPATH=/px4_uxrce/t265_px4_bridge/build/examples_rclpy_executors/prefix_override:/usr/lib/python3/dist-packages/colcon_core/task/python/colcon_distutils_commands:/px4_uxrce/t265_px4_bridge/install/examples_rclpy_executors/lib/python3.10/site-packages:${PYTHONPATH} /usr/bin/python3 -W ignore:setup.py install is deprecated -W ignore:easy_install command is deprecated setup.py egg_info --egg-base ../../../../build/examples_rclpy_executors build --build-base /px4_uxrce/t265_px4_bridge/build/examples_rclpy_executors/build install --record /px4_uxrce/t265_px4_bridge/build/examples_rclpy_executors/install.log --single-version-externally-managed install_data
