-- The C compiler identification is GNU 11.4.0
-- The CXX compiler identification is GNU 11.4.0
-- Detecting C compiler ABI info
-- Detecting C compiler ABI info - done
-- Check for working C compiler: /usr/bin/cc - skipped
-- Detecting C compile features
-- Detecting C compile features - done
-- Detecting CXX compiler ABI info
-- Detecting CXX compiler ABI info - done
-- Check for working CXX compiler: /usr/bin/c++ - skipped
-- Detecting CXX compile features
-- Detecting CXX compile features - done
-- Found ament_cmake: 1.3.11 (/opt/ros/humble/share/ament_cmake/cmake)
-- Found Python3: /usr/bin/python3 (found version "3.10.12") found components: Interpreter 
-- Found rosidl_default_generators: 1.2.0 (/opt/ros/humble/share/rosidl_default_generators/cmake)
-- Using all available rosidl_typesupport_c: rosidl_typesupport_fastrtps_c;rosidl_typesupport_introspection_c
-- Found rosidl_adapter: 3.1.6 (/opt/ros/humble/share/rosidl_adapter/cmake)
-- Using all available rosidl_typesupport_cpp: rosidl_typesupport_fastrtps_cpp;rosidl_typesupport_introspection_cpp
-- Found geometry_msgs: 4.2.4 (/opt/ros/humble/share/geometry_msgs/cmake)
-- Found geographic_msgs: 1.0.6 (/opt/ros/humble/share/geographic_msgs/cmake)
-- Found ament_cmake_ros: 0.10.0 (/opt/ros/humble/share/ament_cmake_ros/cmake)
-- Using all available rosidl_typesupport_c: rosidl_typesupport_fastrtps_c;rosidl_typesupport_introspection_c
-- Using all available rosidl_typesupport_cpp: rosidl_typesupport_fastrtps_cpp;rosidl_typesupport_introspection_cpp
-- Found PythonInterp: /usr/bin/python3 (found suitable version "3.10.12", minimum required is "3.6") 
-- Found python_cmake_module: 0.10.0 (/opt/ros/humble/share/python_cmake_module/cmake)
-- Found PythonLibs: /usr/lib/x86_64-linux-gnu/libpython3.10.so (found suitable version "3.10.12", minimum required is "3.5") 
-- Using PYTHON_EXECUTABLE: /usr/bin/python3
-- Using PYTHON_INCLUDE_DIRS: /usr/include/python3.10
-- Using PYTHON_LIBRARIES: /usr/lib/x86_64-linux-gnu/libpython3.10.so
-- Found PythonExtra: .so  
-- Found ament_lint_auto: 0.12.11 (/opt/ros/humble/share/ament_lint_auto/cmake)
-- Added test 'copyright' to check source files copyright and LICENSE
-- Added test 'lint_cmake' to check CMake code style
-- Added test 'xmllint' to check XML markup files
-- Configuring done
-- Generating done
-- Build files have been written to: /px4_uxrce/convex_ellipsoid_planner/build/custom_interface_gym
[  2%] [34m[1mGenerating C code for ROS interfaces[0m
[  4%] [34m[1mGenerating C++ code for ROS interfaces[0m
[  4%] Built target ament_cmake_python_copy_custom_interface_gym
running egg_info
creating custom_interface_gym.egg-info
writing custom_interface_gym.egg-info/PKG-INFO
writing dependency_links to custom_interface_gym.egg-info/dependency_links.txt
writing top-level names to custom_interface_gym.egg-info/top_level.txt
writing manifest file 'custom_interface_gym.egg-info/SOURCES.txt'
reading manifest file 'custom_interface_gym.egg-info/SOURCES.txt'
writing manifest file 'custom_interface_gym.egg-info/SOURCES.txt'
[  4%] Built target ament_cmake_python_build_custom_interface_gym_egg
[  4%] Built target custom_interface_gym__cpp
[  6%] [34m[1mGenerating C++ introspection for ROS interfaces[0m
[  8%] [34m[1mGenerating C++ type support dispatch for ROS interfaces[0m
[ 10%] [34m[1mGenerating C++ type support for eProsima Fast-RTPS[0m
[ 12%] [32mBuilding C object CMakeFiles/custom_interface_gym__rosidl_generator_c.dir/rosidl_generator_c/custom_interface_gym/msg/detail/traj_msg__functions.c.o[0m
[ 14%] [32mBuilding C object CMakeFiles/custom_interface_gym__rosidl_generator_c.dir/rosidl_generator_c/custom_interface_gym/srv/detail/uav_control__functions.c.o[0m
[ 17%] [32mBuilding C object CMakeFiles/custom_interface_gym__rosidl_generator_c.dir/rosidl_generator_c/custom_interface_gym/msg/detail/des_trajectory__functions.c.o[0m
[ 19%] [32m[1mLinking C shared library libcustom_interface_gym__rosidl_generator_c.so[0m
[ 19%] Built target custom_interface_gym__rosidl_generator_c
[ 21%] [34m[1mGenerating C introspection for ROS interfaces[0m
[ 23%] [34m[1mGenerating C type support dispatch for ROS interfaces[0m
[ 25%] [34m[1mGenerating C type support for eProsima Fast-RTPS[0m
[ 27%] [32mBuilding CXX object CMakeFiles/custom_interface_gym__rosidl_typesupport_fastrtps_cpp.dir/rosidl_typesupport_fastrtps_cpp/custom_interface_gym/msg/detail/dds_fastrtps/traj_msg__type_support.cpp.o[0m
[ 29%] [32mBuilding CXX object CMakeFiles/custom_interface_gym__rosidl_typesupport_fastrtps_cpp.dir/rosidl_typesupport_fastrtps_cpp/custom_interface_gym/srv/detail/dds_fastrtps/uav_control__type_support.cpp.o[0m
[ 31%] [32mBuilding CXX object CMakeFiles/custom_interface_gym__rosidl_typesupport_fastrtps_cpp.dir/rosidl_typesupport_fastrtps_cpp/custom_interface_gym/msg/detail/dds_fastrtps/des_trajectory__type_support.cpp.o[0m
[ 34%] [32mBuilding CXX object CMakeFiles/custom_interface_gym__rosidl_typesupport_cpp.dir/rosidl_typesupport_cpp/custom_interface_gym/msg/traj_msg__type_support.cpp.o[0m
[ 36%] [32mBuilding CXX object CMakeFiles/custom_interface_gym__rosidl_typesupport_cpp.dir/rosidl_typesupport_cpp/custom_interface_gym/msg/des_trajectory__type_support.cpp.o[0m
[ 38%] [32mBuilding CXX object CMakeFiles/custom_interface_gym__rosidl_typesupport_cpp.dir/rosidl_typesupport_cpp/custom_interface_gym/srv/uav_control__type_support.cpp.o[0m
[ 40%] [32mBuilding CXX object CMakeFiles/custom_interface_gym__rosidl_typesupport_introspection_cpp.dir/rosidl_typesupport_introspection_cpp/custom_interface_gym/srv/detail/uav_control__type_support.cpp.o[0m
[ 42%] [32mBuilding CXX object CMakeFiles/custom_interface_gym__rosidl_typesupport_introspection_cpp.dir/rosidl_typesupport_introspection_cpp/custom_interface_gym/msg/detail/des_trajectory__type_support.cpp.o[0m
[ 44%] [32mBuilding CXX object CMakeFiles/custom_interface_gym__rosidl_typesupport_introspection_cpp.dir/rosidl_typesupport_introspection_cpp/custom_interface_gym/msg/detail/traj_msg__type_support.cpp.o[0m
[ 46%] [32mBuilding CXX object CMakeFiles/custom_interface_gym__rosidl_typesupport_c.dir/rosidl_typesupport_c/custom_interface_gym/srv/uav_control__type_support.cpp.o[0m
[ 48%] [32mBuilding CXX object CMakeFiles/custom_interface_gym__rosidl_typesupport_c.dir/rosidl_typesupport_c/custom_interface_gym/msg/traj_msg__type_support.cpp.o[0m
[ 51%] [32mBuilding CXX object CMakeFiles/custom_interface_gym__rosidl_typesupport_fastrtps_c.dir/rosidl_typesupport_fastrtps_c/custom_interface_gym/srv/detail/uav_control__type_support_c.cpp.o[0m
[ 53%] [32mBuilding C object CMakeFiles/custom_interface_gym__rosidl_typesupport_introspection_c.dir/rosidl_typesupport_introspection_c/custom_interface_gym/srv/detail/uav_control__type_support.c.o[0m
[ 55%] [32mBuilding CXX object CMakeFiles/custom_interface_gym__rosidl_typesupport_c.dir/rosidl_typesupport_c/custom_interface_gym/msg/des_trajectory__type_support.cpp.o[0m
[ 57%] [32mBuilding CXX object CMakeFiles/custom_interface_gym__rosidl_typesupport_fastrtps_c.dir/rosidl_typesupport_fastrtps_c/custom_interface_gym/msg/detail/traj_msg__type_support_c.cpp.o[0m
[ 59%] [32mBuilding C object CMakeFiles/custom_interface_gym__rosidl_typesupport_introspection_c.dir/rosidl_typesupport_introspection_c/custom_interface_gym/msg/detail/traj_msg__type_support.c.o[0m
[ 61%] [32m[1mLinking CXX shared library libcustom_interface_gym__rosidl_typesupport_c.so[0m
[ 63%] [32m[1mLinking CXX shared library libcustom_interface_gym__rosidl_typesupport_cpp.so[0m
[ 65%] [32mBuilding C object CMakeFiles/custom_interface_gym__rosidl_typesupport_introspection_c.dir/rosidl_typesupport_introspection_c/custom_interface_gym/msg/detail/des_trajectory__type_support.c.o[0m
[ 68%] [32mBuilding CXX object CMakeFiles/custom_interface_gym__rosidl_typesupport_fastrtps_c.dir/rosidl_typesupport_fastrtps_c/custom_interface_gym/msg/detail/des_trajectory__type_support_c.cpp.o[0m
[ 68%] Built target custom_interface_gym__rosidl_typesupport_c
[ 70%] [32m[1mLinking C shared library libcustom_interface_gym__rosidl_typesupport_introspection_c.so[0m
[ 70%] Built target custom_interface_gym__rosidl_typesupport_cpp
[ 70%] Built target custom_interface_gym__rosidl_typesupport_introspection_c
[ 72%] [32m[1mLinking CXX shared library libcustom_interface_gym__rosidl_typesupport_fastrtps_cpp.so[0m
[ 74%] [32m[1mLinking CXX shared library libcustom_interface_gym__rosidl_typesupport_introspection_cpp.so[0m
[ 74%] Built target custom_interface_gym__rosidl_typesupport_fastrtps_cpp
[ 74%] Built target custom_interface_gym__rosidl_typesupport_introspection_cpp
[ 76%] [32m[1mLinking CXX shared library libcustom_interface_gym__rosidl_typesupport_fastrtps_c.so[0m
[ 76%] Built target custom_interface_gym__rosidl_typesupport_fastrtps_c
[ 76%] Built target custom_interface_gym
[ 78%] [34m[1mGenerating Python code for ROS interfaces[0m
[ 78%] Built target custom_interface_gym__py
[ 82%] [32mBuilding C object CMakeFiles/custom_interface_gym__rosidl_generator_py.dir/rosidl_generator_py/custom_interface_gym/msg/_traj_msg_s.c.o[0m
[ 82%] [32mBuilding C object CMakeFiles/custom_interface_gym__rosidl_generator_py.dir/rosidl_generator_py/custom_interface_gym/srv/_uav_control_s.c.o[0m
[ 85%] [32mBuilding C object CMakeFiles/custom_interface_gym__rosidl_generator_py.dir/rosidl_generator_py/custom_interface_gym/msg/_des_trajectory_s.c.o[0m
[ 87%] [32m[1mLinking C shared library rosidl_generator_py/custom_interface_gym/libcustom_interface_gym__rosidl_generator_py.so[0m
[ 87%] Built target custom_interface_gym__rosidl_generator_py
[ 89%] [32mBuilding C object CMakeFiles/custom_interface_gym__rosidl_typesupport_c__pyext.dir/rosidl_generator_py/custom_interface_gym/_custom_interface_gym_s.ep.rosidl_typesupport_c.c.o[0m
[ 91%] [32mBuilding C object CMakeFiles/custom_interface_gym__rosidl_typesupport_fastrtps_c__pyext.dir/rosidl_generator_py/custom_interface_gym/_custom_interface_gym_s.ep.rosidl_typesupport_fastrtps_c.c.o[0m
[ 93%] [32mBuilding C object CMakeFiles/custom_interface_gym__rosidl_typesupport_introspection_c__pyext.dir/rosidl_generator_py/custom_interface_gym/_custom_interface_gym_s.ep.rosidl_typesupport_introspection_c.c.o[0m
[ 95%] [32m[1mLinking C shared library rosidl_generator_py/custom_interface_gym/custom_interface_gym_s__rosidl_typesupport_introspection_c.cpython-310-x86_64-linux-gnu.so[0m
[ 97%] [32m[1mLinking C shared library rosidl_generator_py/custom_interface_gym/custom_interface_gym_s__rosidl_typesupport_c.cpython-310-x86_64-linux-gnu.so[0m
[ 97%] Built target custom_interface_gym__rosidl_typesupport_introspection_c__pyext
[ 97%] Built target custom_interface_gym__rosidl_typesupport_c__pyext
[100%] [32m[1mLinking C shared library rosidl_generator_py/custom_interface_gym/custom_interface_gym_s__rosidl_typesupport_fastrtps_c.cpython-310-x86_64-linux-gnu.so[0m
[100%] Built target custom_interface_gym__rosidl_typesupport_fastrtps_c__pyext
