[0.283s] Invoking command in '/px4_uxrce/convex_ellipsoid_planner/build/custom_interface_gym': CMAKE_PREFIX_PATH=/opt/ros/humble /usr/bin/cmake /px4_uxrce/convex_ellipsoid_planner/src/custom_interface_gym -DCMAKE_INSTALL_PREFIX=/px4_uxrce/convex_ellipsoid_planner/install/custom_interface_gym
[0.857s] -- The C compiler identification is GNU 11.4.0
[0.858s] -- The CXX compiler identification is GNU 11.4.0
[0.859s] -- Detecting C compiler ABI info
[0.859s] -- Detecting C compiler ABI info - done
[0.859s] -- Check for working C compiler: /usr/bin/cc - skipped
[0.859s] -- Detecting C compile features
[0.860s] -- Detecting C compile features - done
[0.860s] -- Detecting CXX compiler ABI info
[0.861s] -- Detecting CXX compiler ABI info - done
[0.861s] -- Check for working CXX compiler: /usr/bin/c++ - skipped
[0.861s] -- Detecting CXX compile features
[0.862s] -- Detecting CXX compile features - done
[0.862s] -- Found ament_cmake: 1.3.11 (/opt/ros/humble/share/ament_cmake/cmake)
[0.862s] -- Found Python3: /usr/bin/python3 (found version "3.10.12") found components: Interpreter 
[0.862s] -- Found rosidl_default_generators: 1.2.0 (/opt/ros/humble/share/rosidl_default_generators/cmake)
[0.862s] -- Using all available rosidl_typesupport_c: rosidl_typesupport_fastrtps_c;rosidl_typesupport_introspection_c
[0.862s] -- Found rosidl_adapter: 3.1.6 (/opt/ros/humble/share/rosidl_adapter/cmake)
[0.909s] -- Using all available rosidl_typesupport_cpp: rosidl_typesupport_fastrtps_cpp;rosidl_typesupport_introspection_cpp
[0.966s] -- Found geometry_msgs: 4.2.4 (/opt/ros/humble/share/geometry_msgs/cmake)
[1.042s] -- Found geographic_msgs: 1.0.6 (/opt/ros/humble/share/geographic_msgs/cmake)
[1.584s] -- Found ament_cmake_ros: 0.10.0 (/opt/ros/humble/share/ament_cmake_ros/cmake)
[1.994s] -- Using all available rosidl_typesupport_c: rosidl_typesupport_fastrtps_c;rosidl_typesupport_introspection_c
[2.410s] -- Using all available rosidl_typesupport_cpp: rosidl_typesupport_fastrtps_cpp;rosidl_typesupport_introspection_cpp
[2.428s] -- Found PythonInterp: /usr/bin/python3 (found suitable version "3.10.12", minimum required is "3.6") 
[2.429s] -- Found python_cmake_module: 0.10.0 (/opt/ros/humble/share/python_cmake_module/cmake)
[2.449s] -- Found PythonLibs: /usr/lib/x86_64-linux-gnu/libpython3.10.so (found suitable version "3.10.12", minimum required is "3.5") 
[2.449s] -- Using PYTHON_EXECUTABLE: /usr/bin/python3
[2.449s] -- Using PYTHON_INCLUDE_DIRS: /usr/include/python3.10
[2.449s] -- Using PYTHON_LIBRARIES: /usr/lib/x86_64-linux-gnu/libpython3.10.so
[2.465s] -- Found PythonExtra: .so  
[2.562s] -- Found ament_lint_auto: 0.12.11 (/opt/ros/humble/share/ament_lint_auto/cmake)
[2.589s] -- Added test 'copyright' to check source files copyright and LICENSE
[2.592s] -- Added test 'lint_cmake' to check CMake code style
[2.593s] -- Added test 'xmllint' to check XML markup files
[2.596s] -- Configuring done
[2.654s] -- Generating done
[2.673s] -- Build files have been written to: /px4_uxrce/convex_ellipsoid_planner/build/custom_interface_gym
[2.688s] Invoked command in '/px4_uxrce/convex_ellipsoid_planner/build/custom_interface_gym' returned '0': CMAKE_PREFIX_PATH=/opt/ros/humble /usr/bin/cmake /px4_uxrce/convex_ellipsoid_planner/src/custom_interface_gym -DCMAKE_INSTALL_PREFIX=/px4_uxrce/convex_ellipsoid_planner/install/custom_interface_gym
[2.691s] Invoking command in '/px4_uxrce/convex_ellipsoid_planner/build/custom_interface_gym': CMAKE_PREFIX_PATH=/opt/ros/humble /usr/bin/cmake --build /px4_uxrce/convex_ellipsoid_planner/build/custom_interface_gym -- -j12 -l12
[2.729s] [  2%] [34m[1mGenerating C code for ROS interfaces[0m
[2.739s] [  4%] [34m[1mGenerating C++ code for ROS interfaces[0m
[2.747s] [  4%] Built target ament_cmake_python_copy_custom_interface_gym
[2.977s] running egg_info
[2.978s] creating custom_interface_gym.egg-info
[2.978s] writing custom_interface_gym.egg-info/PKG-INFO
[2.978s] writing dependency_links to custom_interface_gym.egg-info/dependency_links.txt
[2.978s] writing top-level names to custom_interface_gym.egg-info/top_level.txt
[2.978s] writing manifest file 'custom_interface_gym.egg-info/SOURCES.txt'
[2.980s] reading manifest file 'custom_interface_gym.egg-info/SOURCES.txt'
[2.980s] writing manifest file 'custom_interface_gym.egg-info/SOURCES.txt'
[3.012s] [  4%] Built target ament_cmake_python_build_custom_interface_gym_egg
[3.817s] [  4%] Built target custom_interface_gym__cpp
[3.828s] [  6%] [34m[1mGenerating C++ introspection for ROS interfaces[0m
[3.829s] [  8%] [34m[1mGenerating C++ type support dispatch for ROS interfaces[0m
[3.829s] [ 10%] [34m[1mGenerating C++ type support for eProsima Fast-RTPS[0m
[3.969s] [ 12%] [32mBuilding C object CMakeFiles/custom_interface_gym__rosidl_generator_c.dir/rosidl_generator_c/custom_interface_gym/msg/detail/traj_msg__functions.c.o[0m
[3.970s] [ 14%] [32mBuilding C object CMakeFiles/custom_interface_gym__rosidl_generator_c.dir/rosidl_generator_c/custom_interface_gym/srv/detail/uav_control__functions.c.o[0m
[3.970s] [ 17%] [32mBuilding C object CMakeFiles/custom_interface_gym__rosidl_generator_c.dir/rosidl_generator_c/custom_interface_gym/msg/detail/des_trajectory__functions.c.o[0m
[4.089s] [ 19%] [32m[1mLinking C shared library libcustom_interface_gym__rosidl_generator_c.so[0m
[4.141s] [ 19%] Built target custom_interface_gym__rosidl_generator_c
[4.153s] [ 21%] [34m[1mGenerating C introspection for ROS interfaces[0m
[4.161s] [ 23%] [34m[1mGenerating C type support dispatch for ROS interfaces[0m
[4.165s] [ 25%] [34m[1mGenerating C type support for eProsima Fast-RTPS[0m
[4.791s] [ 27%] [32mBuilding CXX object CMakeFiles/custom_interface_gym__rosidl_typesupport_fastrtps_cpp.dir/rosidl_typesupport_fastrtps_cpp/custom_interface_gym/msg/detail/dds_fastrtps/traj_msg__type_support.cpp.o[0m
[4.794s] [ 29%] [32mBuilding CXX object CMakeFiles/custom_interface_gym__rosidl_typesupport_fastrtps_cpp.dir/rosidl_typesupport_fastrtps_cpp/custom_interface_gym/srv/detail/dds_fastrtps/uav_control__type_support.cpp.o[0m
[4.813s] [ 31%] [32mBuilding CXX object CMakeFiles/custom_interface_gym__rosidl_typesupport_fastrtps_cpp.dir/rosidl_typesupport_fastrtps_cpp/custom_interface_gym/msg/detail/dds_fastrtps/des_trajectory__type_support.cpp.o[0m
[4.813s] [ 34%] [32mBuilding CXX object CMakeFiles/custom_interface_gym__rosidl_typesupport_cpp.dir/rosidl_typesupport_cpp/custom_interface_gym/msg/traj_msg__type_support.cpp.o[0m
[4.814s] [ 36%] [32mBuilding CXX object CMakeFiles/custom_interface_gym__rosidl_typesupport_cpp.dir/rosidl_typesupport_cpp/custom_interface_gym/msg/des_trajectory__type_support.cpp.o[0m
[4.818s] [ 38%] [32mBuilding CXX object CMakeFiles/custom_interface_gym__rosidl_typesupport_cpp.dir/rosidl_typesupport_cpp/custom_interface_gym/srv/uav_control__type_support.cpp.o[0m
[4.976s] [ 40%] [32mBuilding CXX object CMakeFiles/custom_interface_gym__rosidl_typesupport_introspection_cpp.dir/rosidl_typesupport_introspection_cpp/custom_interface_gym/srv/detail/uav_control__type_support.cpp.o[0m
[4.989s] [ 42%] [32mBuilding CXX object CMakeFiles/custom_interface_gym__rosidl_typesupport_introspection_cpp.dir/rosidl_typesupport_introspection_cpp/custom_interface_gym/msg/detail/des_trajectory__type_support.cpp.o[0m
[5.009s] [ 44%] [32mBuilding CXX object CMakeFiles/custom_interface_gym__rosidl_typesupport_introspection_cpp.dir/rosidl_typesupport_introspection_cpp/custom_interface_gym/msg/detail/traj_msg__type_support.cpp.o[0m
[5.311s] [ 46%] [32mBuilding CXX object CMakeFiles/custom_interface_gym__rosidl_typesupport_c.dir/rosidl_typesupport_c/custom_interface_gym/srv/uav_control__type_support.cpp.o[0m
[5.324s] [ 48%] [32mBuilding CXX object CMakeFiles/custom_interface_gym__rosidl_typesupport_c.dir/rosidl_typesupport_c/custom_interface_gym/msg/traj_msg__type_support.cpp.o[0m
[5.360s] [ 51%] [32mBuilding CXX object CMakeFiles/custom_interface_gym__rosidl_typesupport_fastrtps_c.dir/rosidl_typesupport_fastrtps_c/custom_interface_gym/srv/detail/uav_control__type_support_c.cpp.o[0m
[5.441s] [ 53%] [32mBuilding C object CMakeFiles/custom_interface_gym__rosidl_typesupport_introspection_c.dir/rosidl_typesupport_introspection_c/custom_interface_gym/srv/detail/uav_control__type_support.c.o[0m
[5.445s] [ 55%] [32mBuilding CXX object CMakeFiles/custom_interface_gym__rosidl_typesupport_c.dir/rosidl_typesupport_c/custom_interface_gym/msg/des_trajectory__type_support.cpp.o[0m
[5.482s] [ 57%] [32mBuilding CXX object CMakeFiles/custom_interface_gym__rosidl_typesupport_fastrtps_c.dir/rosidl_typesupport_fastrtps_c/custom_interface_gym/msg/detail/traj_msg__type_support_c.cpp.o[0m
[5.494s] [ 59%] [32mBuilding C object CMakeFiles/custom_interface_gym__rosidl_typesupport_introspection_c.dir/rosidl_typesupport_introspection_c/custom_interface_gym/msg/detail/traj_msg__type_support.c.o[0m
[5.582s] [ 61%] [32m[1mLinking CXX shared library libcustom_interface_gym__rosidl_typesupport_c.so[0m
[5.590s] [ 63%] [32m[1mLinking CXX shared library libcustom_interface_gym__rosidl_typesupport_cpp.so[0m
[5.612s] [ 65%] [32mBuilding C object CMakeFiles/custom_interface_gym__rosidl_typesupport_introspection_c.dir/rosidl_typesupport_introspection_c/custom_interface_gym/msg/detail/des_trajectory__type_support.c.o[0m
[5.659s] [ 68%] [32mBuilding CXX object CMakeFiles/custom_interface_gym__rosidl_typesupport_fastrtps_c.dir/rosidl_typesupport_fastrtps_c/custom_interface_gym/msg/detail/des_trajectory__type_support_c.cpp.o[0m
[5.701s] [ 68%] Built target custom_interface_gym__rosidl_typesupport_c
[5.740s] [ 70%] [32m[1mLinking C shared library libcustom_interface_gym__rosidl_typesupport_introspection_c.so[0m
[5.740s] [ 70%] Built target custom_interface_gym__rosidl_typesupport_cpp
[5.795s] [ 70%] Built target custom_interface_gym__rosidl_typesupport_introspection_c
[5.819s] [ 72%] [32m[1mLinking CXX shared library libcustom_interface_gym__rosidl_typesupport_fastrtps_cpp.so[0m
[5.848s] [ 74%] [32m[1mLinking CXX shared library libcustom_interface_gym__rosidl_typesupport_introspection_cpp.so[0m
[5.921s] [ 74%] Built target custom_interface_gym__rosidl_typesupport_fastrtps_cpp
[5.965s] [ 74%] Built target custom_interface_gym__rosidl_typesupport_introspection_cpp
[6.101s] [ 76%] [32m[1mLinking CXX shared library libcustom_interface_gym__rosidl_typesupport_fastrtps_c.so[0m
[6.176s] [ 76%] Built target custom_interface_gym__rosidl_typesupport_fastrtps_c
[6.193s] [ 76%] Built target custom_interface_gym
[6.210s] [ 78%] [34m[1mGenerating Python code for ROS interfaces[0m
[7.436s] [ 78%] Built target custom_interface_gym__py
[7.454s] [ 82%] [32mBuilding C object CMakeFiles/custom_interface_gym__rosidl_generator_py.dir/rosidl_generator_py/custom_interface_gym/msg/_traj_msg_s.c.o[0m
[7.455s] [ 82%] [32mBuilding C object CMakeFiles/custom_interface_gym__rosidl_generator_py.dir/rosidl_generator_py/custom_interface_gym/srv/_uav_control_s.c.o[0m
[7.455s] [ 85%] [32mBuilding C object CMakeFiles/custom_interface_gym__rosidl_generator_py.dir/rosidl_generator_py/custom_interface_gym/msg/_des_trajectory_s.c.o[0m
[7.584s] [ 87%] [32m[1mLinking C shared library rosidl_generator_py/custom_interface_gym/libcustom_interface_gym__rosidl_generator_py.so[0m
[7.622s] [ 87%] Built target custom_interface_gym__rosidl_generator_py
[7.638s] [ 89%] [32mBuilding C object CMakeFiles/custom_interface_gym__rosidl_typesupport_c__pyext.dir/rosidl_generator_py/custom_interface_gym/_custom_interface_gym_s.ep.rosidl_typesupport_c.c.o[0m
[7.639s] [ 91%] [32mBuilding C object CMakeFiles/custom_interface_gym__rosidl_typesupport_fastrtps_c__pyext.dir/rosidl_generator_py/custom_interface_gym/_custom_interface_gym_s.ep.rosidl_typesupport_fastrtps_c.c.o[0m
[7.639s] [ 93%] [32mBuilding C object CMakeFiles/custom_interface_gym__rosidl_typesupport_introspection_c__pyext.dir/rosidl_generator_py/custom_interface_gym/_custom_interface_gym_s.ep.rosidl_typesupport_introspection_c.c.o[0m
[7.757s] [ 95%] [32m[1mLinking C shared library rosidl_generator_py/custom_interface_gym/custom_interface_gym_s__rosidl_typesupport_introspection_c.cpython-310-x86_64-linux-gnu.so[0m
[7.757s] [ 97%] [32m[1mLinking C shared library rosidl_generator_py/custom_interface_gym/custom_interface_gym_s__rosidl_typesupport_c.cpython-310-x86_64-linux-gnu.so[0m
[7.797s] [ 97%] Built target custom_interface_gym__rosidl_typesupport_introspection_c__pyext
[7.802s] [ 97%] Built target custom_interface_gym__rosidl_typesupport_c__pyext
[7.813s] [100%] [32m[1mLinking C shared library rosidl_generator_py/custom_interface_gym/custom_interface_gym_s__rosidl_typesupport_fastrtps_c.cpython-310-x86_64-linux-gnu.so[0m
[7.855s] [100%] Built target custom_interface_gym__rosidl_typesupport_fastrtps_c__pyext
