/px4_uxrce/t265_px4_bridge/install/examples_rclpy_executors/lib/python3.10/site-packages/examples_rclpy_executors/callback_group.py
/px4_uxrce/t265_px4_bridge/install/examples_rclpy_executors/lib/python3.10/site-packages/examples_rclpy_executors/custom_callback_group.py
/px4_uxrce/t265_px4_bridge/install/examples_rclpy_executors/lib/python3.10/site-packages/examples_rclpy_executors/__init__.py
/px4_uxrce/t265_px4_bridge/install/examples_rclpy_executors/lib/python3.10/site-packages/examples_rclpy_executors/listener.py
/px4_uxrce/t265_px4_bridge/install/examples_rclpy_executors/lib/python3.10/site-packages/examples_rclpy_executors/composed.py
/px4_uxrce/t265_px4_bridge/install/examples_rclpy_executors/lib/python3.10/site-packages/examples_rclpy_executors/talker.py
/px4_uxrce/t265_px4_bridge/install/examples_rclpy_executors/lib/python3.10/site-packages/examples_rclpy_executors/custom_executor.py
/px4_uxrce/t265_px4_bridge/install/examples_rclpy_executors/lib/python3.10/site-packages/examples_rclpy_executors/__pycache__/callback_group.cpython-310.pyc
/px4_uxrce/t265_px4_bridge/install/examples_rclpy_executors/lib/python3.10/site-packages/examples_rclpy_executors/__pycache__/custom_callback_group.cpython-310.pyc
/px4_uxrce/t265_px4_bridge/install/examples_rclpy_executors/lib/python3.10/site-packages/examples_rclpy_executors/__pycache__/__init__.cpython-310.pyc
/px4_uxrce/t265_px4_bridge/install/examples_rclpy_executors/lib/python3.10/site-packages/examples_rclpy_executors/__pycache__/listener.cpython-310.pyc
/px4_uxrce/t265_px4_bridge/install/examples_rclpy_executors/lib/python3.10/site-packages/examples_rclpy_executors/__pycache__/composed.cpython-310.pyc
/px4_uxrce/t265_px4_bridge/install/examples_rclpy_executors/lib/python3.10/site-packages/examples_rclpy_executors/__pycache__/talker.cpython-310.pyc
/px4_uxrce/t265_px4_bridge/install/examples_rclpy_executors/lib/python3.10/site-packages/examples_rclpy_executors/__pycache__/custom_executor.cpython-310.pyc
/px4_uxrce/t265_px4_bridge/install/examples_rclpy_executors/share/ament_index/resource_index/packages/examples_rclpy_executors
/px4_uxrce/t265_px4_bridge/install/examples_rclpy_executors/share/examples_rclpy_executors/package.xml
/px4_uxrce/t265_px4_bridge/install/examples_rclpy_executors/lib/python3.10/site-packages/examples_rclpy_executors-0.15.3-py3.10.egg-info/requires.txt
/px4_uxrce/t265_px4_bridge/install/examples_rclpy_executors/lib/python3.10/site-packages/examples_rclpy_executors-0.15.3-py3.10.egg-info/entry_points.txt
/px4_uxrce/t265_px4_bridge/install/examples_rclpy_executors/lib/python3.10/site-packages/examples_rclpy_executors-0.15.3-py3.10.egg-info/zip-safe
/px4_uxrce/t265_px4_bridge/install/examples_rclpy_executors/lib/python3.10/site-packages/examples_rclpy_executors-0.15.3-py3.10.egg-info/dependency_links.txt
/px4_uxrce/t265_px4_bridge/install/examples_rclpy_executors/lib/python3.10/site-packages/examples_rclpy_executors-0.15.3-py3.10.egg-info/top_level.txt
/px4_uxrce/t265_px4_bridge/install/examples_rclpy_executors/lib/python3.10/site-packages/examples_rclpy_executors-0.15.3-py3.10.egg-info/PKG-INFO
/px4_uxrce/t265_px4_bridge/install/examples_rclpy_executors/lib/python3.10/site-packages/examples_rclpy_executors-0.15.3-py3.10.egg-info/SOURCES.txt
/px4_uxrce/t265_px4_bridge/install/examples_rclpy_executors/lib/examples_rclpy_executors/callback_group
/px4_uxrce/t265_px4_bridge/install/examples_rclpy_executors/lib/examples_rclpy_executors/composed
/px4_uxrce/t265_px4_bridge/install/examples_rclpy_executors/lib/examples_rclpy_executors/custom_callback_group
/px4_uxrce/t265_px4_bridge/install/examples_rclpy_executors/lib/examples_rclpy_executors/custom_executor
/px4_uxrce/t265_px4_bridge/install/examples_rclpy_executors/lib/examples_rclpy_executors/listener
/px4_uxrce/t265_px4_bridge/install/examples_rclpy_executors/lib/examples_rclpy_executors/talker
