[0.010s] Invoking command in '/px4_uxrce/camera_ws/build/realsense2_camera_msgs': /usr/bin/cmake /px4_uxrce/camera_ws/src/realsense-ros/realsense2_camera_msgs -DCMAKE_INSTALL_PREFIX=/px4_uxrce/camera_ws/install/realsense2_camera_msgs
[0.073s] -- The C compiler identification is GNU 11.4.0
[0.139s] -- The CXX compiler identification is GNU 11.4.0
[0.146s] -- Detecting C compiler ABI info
[0.204s] -- Detecting C compiler ABI info - done
[0.213s] -- Check for working C compiler: /usr/bin/cc - skipped
[0.213s] -- Detecting C compile features
[0.213s] -- Detecting C compile features - done
[0.217s] -- Detecting CXX compiler ABI info
[0.290s] -- Detecting CXX compiler ABI info - done
[0.304s] -- Check for working CXX compiler: /usr/bin/c++ - skipped
[0.304s] -- Detecting CXX compile features
[0.304s] -- Detecting CXX compile features - done
[0.311s] [31mCMake Error at CMakeLists.txt:27 (find_package):
[0.311s]   By not providing "Findament_cmake.cmake" in CMAKE_MODULE_PATH this project
[0.311s]   has asked CMake to find a package configuration file provided by
[0.311s]   "ament_cmake", but CMake did not find one.
[0.311s] 
[0.311s]   Could not find a package configuration file provided by "ament_cmake" with
[0.311s]   any of the following names:
[0.311s] 
[0.311s]     ament_cmakeConfig.cmake
[0.311s]     ament_cmake-config.cmake
[0.311s] 
[0.311s]   Add the installation prefix of "ament_cmake" to CMAKE_PREFIX_PATH or set
[0.311s]   "ament_cmake_DIR" to a directory containing one of the above files.  If
[0.312s]   "ament_cmake" provides a separate development package or SDK, be sure it
[0.312s]   has been installed.
[0.312s] 
[0.312s] [0m
[0.312s] -- Configuring incomplete, errors occurred!
[0.312s] See also "/px4_uxrce/camera_ws/build/realsense2_camera_msgs/CMakeFiles/CMakeOutput.log".
[0.314s] Invoked command in '/px4_uxrce/camera_ws/build/realsense2_camera_msgs' returned '1': /usr/bin/cmake /px4_uxrce/camera_ws/src/realsense-ros/realsense2_camera_msgs -DCMAKE_INSTALL_PREFIX=/px4_uxrce/camera_ws/install/realsense2_camera_msgs
