[0.063s] Invoking command in '/px4_uxrce/t265_px4_bridge/build/examples_rclcpp_async_client': CMAKE_PREFIX_PATH=/opt/ros/humble:${CMAKE_PREFIX_PATH} /usr/bin/cmake /px4_uxrce/t265_px4_bridge/src/examples/rclcpp/services/async_client -DCMAKE_INSTALL_PREFIX=/px4_uxrce/t265_px4_bridge/install/examples_rclcpp_async_client
[0.185s] -- The C compiler identification is GNU 11.4.0
[0.329s] -- The CXX compiler identification is GNU 11.4.0
[0.339s] -- Detecting C compiler ABI info
[0.438s] -- Detecting C compiler ABI info - done
[0.451s] -- Check for working C compiler: /usr/bin/cc - skipped
[0.451s] -- Detecting C compile features
[0.452s] -- Detecting C compile features - done
[0.457s] -- Detecting CXX compiler ABI info
[0.586s] -- Detecting CXX compiler ABI info - done
[0.596s] -- Check for working CXX compiler: /usr/bin/c++ - skipped
[0.596s] -- Detecting CXX compile features
[0.597s] -- Detecting CXX compile features - done
[0.600s] -- Found ament_cmake: 1.3.11 (/opt/ros/humble/share/ament_cmake/cmake)
[0.867s] -- Found Python3: /usr/bin/python3 (found version "3.10.12") found components: Interpreter 
[1.063s] -- Found example_interfaces: 0.9.3 (/opt/ros/humble/share/example_interfaces/cmake)
[1.112s] -- Found rosidl_generator_c: 3.1.6 (/opt/ros/humble/share/rosidl_generator_c/cmake)
[1.118s] -- Found rosidl_adapter: 3.1.6 (/opt/ros/humble/share/rosidl_adapter/cmake)
[1.130s] -- Found rosidl_generator_cpp: 3.1.6 (/opt/ros/humble/share/rosidl_generator_cpp/cmake)
[1.150s] -- Using all available rosidl_typesupport_c: rosidl_typesupport_fastrtps_c;rosidl_typesupport_introspection_c
[1.175s] -- Using all available rosidl_typesupport_cpp: rosidl_typesupport_fastrtps_cpp;rosidl_typesupport_introspection_cpp
[1.277s] -- Found rclcpp: 16.0.11 (/opt/ros/humble/share/rclcpp/cmake)
[1.341s] -- Found rmw_implementation_cmake: 6.1.2 (/opt/ros/humble/share/rmw_implementation_cmake/cmake)
[1.345s] -- Found rmw_fastrtps_cpp: 6.2.7 (/opt/ros/humble/share/rmw_fastrtps_cpp/cmake)
[1.507s] -- Found OpenSSL: /usr/lib/x86_64-linux-gnu/libcrypto.so (found version "3.0.2")  
[1.573s] -- Found FastRTPS: /opt/ros/humble/include  
[1.643s] -- Using RMW implementation 'rmw_fastrtps_cpp' as default
[1.659s] -- Looking for pthread.h
[1.779s] -- Looking for pthread.h - found
[1.788s] -- Performing Test CMAKE_HAVE_LIBC_PTHREAD
[1.981s] -- Performing Test CMAKE_HAVE_LIBC_PTHREAD - Success
[1.981s] -- Found Threads: TRUE  
[2.115s] -- Found ament_lint_auto: 0.12.11 (/opt/ros/humble/share/ament_lint_auto/cmake)
[2.275s] -- Added test 'copyright' to check source files copyright and LICENSE
[2.278s] -- Added test 'cppcheck' to perform static code analysis on C / C++ code
[2.278s] -- Configured cppcheck include dirs: 
[2.279s] -- Configured cppcheck exclude dirs and/or files: 
[2.280s] -- Added test 'cpplint' to check C / C++ code against the Google style
[2.280s] -- Configured cpplint exclude dirs and/or files: 
[2.284s] -- Added test 'lint_cmake' to check CMake code style
[2.285s] -- Added test 'uncrustify' to check C / C++ code style
[2.285s] -- Configured uncrustify additional arguments: 
[2.305s] -- Added test 'xmllint' to check XML markup files
[2.305s] -- Configuring done
[2.319s] -- Generating done
[2.332s] -- Build files have been written to: /px4_uxrce/t265_px4_bridge/build/examples_rclcpp_async_client
[2.393s] Invoked command in '/px4_uxrce/t265_px4_bridge/build/examples_rclcpp_async_client' returned '0': CMAKE_PREFIX_PATH=/opt/ros/humble:${CMAKE_PREFIX_PATH} /usr/bin/cmake /px4_uxrce/t265_px4_bridge/src/examples/rclcpp/services/async_client -DCMAKE_INSTALL_PREFIX=/px4_uxrce/t265_px4_bridge/install/examples_rclcpp_async_client
[2.393s] Invoking command in '/px4_uxrce/t265_px4_bridge/build/examples_rclcpp_async_client': CMAKE_PREFIX_PATH=/opt/ros/humble:${CMAKE_PREFIX_PATH} /usr/bin/cmake --build /px4_uxrce/t265_px4_bridge/build/examples_rclcpp_async_client -- -j12 -l12
[31.344s] [ 50%] [32mBuilding CXX object CMakeFiles/client_main.dir/main.cpp.o[0m
[31.345s] [100%] [32m[1mLinking CXX executable client_main[0m
[31.345s] [100%] Built target client_main
[31.388s] Invoked command in '/px4_uxrce/t265_px4_bridge/build/examples_rclcpp_async_client' returned '0': CMAKE_PREFIX_PATH=/opt/ros/humble:${CMAKE_PREFIX_PATH} /usr/bin/cmake --build /px4_uxrce/t265_px4_bridge/build/examples_rclcpp_async_client -- -j12 -l12
[31.389s] Invoking command in '/px4_uxrce/t265_px4_bridge/build/examples_rclcpp_async_client': CMAKE_PREFIX_PATH=/opt/ros/humble:${CMAKE_PREFIX_PATH} /usr/bin/cmake --install /px4_uxrce/t265_px4_bridge/build/examples_rclcpp_async_client
[33.142s] -- Install configuration: ""
[33.143s] -- Installing: /px4_uxrce/t265_px4_bridge/install/examples_rclcpp_async_client/lib/examples_rclcpp_async_client/client_main
[33.143s] -- Set runtime path of "/px4_uxrce/t265_px4_bridge/install/examples_rclcpp_async_client/lib/examples_rclcpp_async_client/client_main" to ""
[33.143s] -- Installing: /px4_uxrce/t265_px4_bridge/install/examples_rclcpp_async_client/share/ament_index/resource_index/package_run_dependencies/examples_rclcpp_async_client
[33.143s] -- Installing: /px4_uxrce/t265_px4_bridge/install/examples_rclcpp_async_client/share/ament_index/resource_index/parent_prefix_path/examples_rclcpp_async_client
[33.143s] -- Installing: /px4_uxrce/t265_px4_bridge/install/examples_rclcpp_async_client/share/examples_rclcpp_async_client/environment/ament_prefix_path.sh
[33.143s] -- Installing: /px4_uxrce/t265_px4_bridge/install/examples_rclcpp_async_client/share/examples_rclcpp_async_client/environment/ament_prefix_path.dsv
[33.143s] -- Installing: /px4_uxrce/t265_px4_bridge/install/examples_rclcpp_async_client/share/examples_rclcpp_async_client/environment/path.sh
[33.143s] -- Installing: /px4_uxrce/t265_px4_bridge/install/examples_rclcpp_async_client/share/examples_rclcpp_async_client/environment/path.dsv
[33.143s] -- Installing: /px4_uxrce/t265_px4_bridge/install/examples_rclcpp_async_client/share/examples_rclcpp_async_client/local_setup.bash
[33.144s] -- Installing: /px4_uxrce/t265_px4_bridge/install/examples_rclcpp_async_client/share/examples_rclcpp_async_client/local_setup.sh
[33.144s] -- Installing: /px4_uxrce/t265_px4_bridge/install/examples_rclcpp_async_client/share/examples_rclcpp_async_client/local_setup.zsh
[33.144s] -- Installing: /px4_uxrce/t265_px4_bridge/install/examples_rclcpp_async_client/share/examples_rclcpp_async_client/local_setup.dsv
[33.144s] -- Installing: /px4_uxrce/t265_px4_bridge/install/examples_rclcpp_async_client/share/examples_rclcpp_async_client/package.dsv
[33.144s] -- Installing: /px4_uxrce/t265_px4_bridge/install/examples_rclcpp_async_client/share/ament_index/resource_index/packages/examples_rclcpp_async_client
[33.144s] -- Installing: /px4_uxrce/t265_px4_bridge/install/examples_rclcpp_async_client/share/examples_rclcpp_async_client/cmake/examples_rclcpp_async_clientConfig.cmake
[33.144s] -- Installing: /px4_uxrce/t265_px4_bridge/install/examples_rclcpp_async_client/share/examples_rclcpp_async_client/cmake/examples_rclcpp_async_clientConfig-version.cmake
[33.144s] -- Installing: /px4_uxrce/t265_px4_bridge/install/examples_rclcpp_async_client/share/examples_rclcpp_async_client/package.xml
[33.331s] Invoked command in '/px4_uxrce/t265_px4_bridge/build/examples_rclcpp_async_client' returned '0': CMAKE_PREFIX_PATH=/opt/ros/humble:${CMAKE_PREFIX_PATH} /usr/bin/cmake --install /px4_uxrce/t265_px4_bridge/build/examples_rclcpp_async_client
