running egg_info
writing ../../build/rrt_python_gym/rrt_python_gym.egg-info/PKG-INFO
writing dependency_links to ../../build/rrt_python_gym/rrt_python_gym.egg-info/dependency_links.txt
writing entry points to ../../build/rrt_python_gym/rrt_python_gym.egg-info/entry_points.txt
writing requirements to ../../build/rrt_python_gym/rrt_python_gym.egg-info/requires.txt
writing top-level names to ../../build/rrt_python_gym/rrt_python_gym.egg-info/top_level.txt
reading manifest file '../../build/rrt_python_gym/rrt_python_gym.egg-info/SOURCES.txt'
adding license file 'LICENSE'
writing manifest file '../../build/rrt_python_gym/rrt_python_gym.egg-info/SOURCES.txt'
running build
running build_py
running install
running install_lib
running install_data
running install_egg_info
removing '/px4_uxrce/convex_ellipsoid_planner/install/rrt_python_gym/lib/python3.10/site-packages/rrt_python_gym-0.0.0-py3.10.egg-info' (and everything under it)
Copying ../../build/rrt_python_gym/rrt_python_gym.egg-info to /px4_uxrce/convex_ellipsoid_planner/install/rrt_python_gym/lib/python3.10/site-packages/rrt_python_gym-0.0.0-py3.10.egg-info
running install_scripts
Installing rrt_planner script to /px4_uxrce/convex_ellipsoid_planner/install/rrt_python_gym/lib/rrt_python_gym
writing list of installed files to '/px4_uxrce/convex_ellipsoid_planner/build/rrt_python_gym/install.log'
