[1.351s] Invoking command in '/px4_uxrce/convex_ellipsoid_planner/src/rrt_python_gym': PYTHONPATH=/px4_uxrce/convex_ellipsoid_planner/build/rrt_python_gym/prefix_override:/usr/lib/python3/dist-packages/colcon_core/task/python/colcon_distutils_commands:/px4_uxrce/convex_ellipsoid_planner/install/rrt_python_gym/lib/python3.10/site-packages:${PYTHONPATH} /usr/bin/python3 -W ignore:setup.py install is deprecated -W ignore:easy_install command is deprecated setup.py egg_info --egg-base ../../build/rrt_python_gym build --build-base /px4_uxrce/convex_ellipsoid_planner/build/rrt_python_gym/build install --record /px4_uxrce/convex_ellipsoid_planner/build/rrt_python_gym/install.log --single-version-externally-managed install_data
[1.622s] running egg_info
[1.623s] writing ../../build/rrt_python_gym/rrt_python_gym.egg-info/PKG-INFO
[1.623s] writing dependency_links to ../../build/rrt_python_gym/rrt_python_gym.egg-info/dependency_links.txt
[1.624s] writing entry points to ../../build/rrt_python_gym/rrt_python_gym.egg-info/entry_points.txt
[1.624s] writing requirements to ../../build/rrt_python_gym/rrt_python_gym.egg-info/requires.txt
[1.624s] writing top-level names to ../../build/rrt_python_gym/rrt_python_gym.egg-info/top_level.txt
[1.626s] reading manifest file '../../build/rrt_python_gym/rrt_python_gym.egg-info/SOURCES.txt'
[1.626s] adding license file 'LICENSE'
[1.627s] writing manifest file '../../build/rrt_python_gym/rrt_python_gym.egg-info/SOURCES.txt'
[1.630s] running build
[1.630s] running build_py
[1.631s] running install
[1.631s] running install_lib
[1.631s] running install_data
[1.632s] running install_egg_info
[1.634s] removing '/px4_uxrce/convex_ellipsoid_planner/install/rrt_python_gym/lib/python3.10/site-packages/rrt_python_gym-0.0.0-py3.10.egg-info' (and everything under it)
[1.634s] Copying ../../build/rrt_python_gym/rrt_python_gym.egg-info to /px4_uxrce/convex_ellipsoid_planner/install/rrt_python_gym/lib/python3.10/site-packages/rrt_python_gym-0.0.0-py3.10.egg-info
[1.635s] running install_scripts
[1.660s] Installing rrt_planner script to /px4_uxrce/convex_ellipsoid_planner/install/rrt_python_gym/lib/rrt_python_gym
[1.660s] writing list of installed files to '/px4_uxrce/convex_ellipsoid_planner/build/rrt_python_gym/install.log'
[1.697s] Invoked command in '/px4_uxrce/convex_ellipsoid_planner/src/rrt_python_gym' returned '0': PYTHONPATH=/px4_uxrce/convex_ellipsoid_planner/build/rrt_python_gym/prefix_override:/usr/lib/python3/dist-packages/colcon_core/task/python/colcon_distutils_commands:/px4_uxrce/convex_ellipsoid_planner/install/rrt_python_gym/lib/python3.10/site-packages:${PYTHONPATH} /usr/bin/python3 -W ignore:setup.py install is deprecated -W ignore:easy_install command is deprecated setup.py egg_info --egg-base ../../build/rrt_python_gym build --build-base /px4_uxrce/convex_ellipsoid_planner/build/rrt_python_gym/build install --record /px4_uxrce/convex_ellipsoid_planner/build/rrt_python_gym/install.log --single-version-externally-managed install_data
