-- Found ament_cmake: 1.3.11 (/opt/ros/humble/share/ament_cmake/cmake)
-- Found ament_lint_auto: 0.12.11 (/opt/ros/humble/share/ament_lint_auto/cmake)
-- Added test 'lint_cmake' to check CMake code style
-- Added test 'xmllint' to check XML markup files
-- Configuring done
-- Generating done
-- Build files have been written to: /px4_uxrce/t265_px4_bridge/build/t265_to_px4_bridge
-- Install configuration: ""
-- Installing: /px4_uxrce/t265_px4_bridge/install/t265_to_px4_bridge/share/ament_index/resource_index/package_run_dependencies/t265_to_px4_bridge
-- Installing: /px4_uxrce/t265_px4_bridge/install/t265_to_px4_bridge/share/ament_index/resource_index/parent_prefix_path/t265_to_px4_bridge
-- Up-to-date: /px4_uxrce/t265_px4_bridge/install/t265_to_px4_bridge/share/t265_to_px4_bridge/environment/ament_prefix_path.sh
-- Installing: /px4_uxrce/t265_px4_bridge/install/t265_to_px4_bridge/share/t265_to_px4_bridge/environment/ament_prefix_path.dsv
-- Up-to-date: /px4_uxrce/t265_px4_bridge/install/t265_to_px4_bridge/share/t265_to_px4_bridge/environment/path.sh
-- Installing: /px4_uxrce/t265_px4_bridge/install/t265_to_px4_bridge/share/t265_to_px4_bridge/environment/path.dsv
-- Up-to-date: /px4_uxrce/t265_px4_bridge/install/t265_to_px4_bridge/share/t265_to_px4_bridge/local_setup.bash
-- Up-to-date: /px4_uxrce/t265_px4_bridge/install/t265_to_px4_bridge/share/t265_to_px4_bridge/local_setup.sh
-- Up-to-date: /px4_uxrce/t265_px4_bridge/install/t265_to_px4_bridge/share/t265_to_px4_bridge/local_setup.zsh
-- Installing: /px4_uxrce/t265_px4_bridge/install/t265_to_px4_bridge/share/t265_to_px4_bridge/local_setup.dsv
-- Installing: /px4_uxrce/t265_px4_bridge/install/t265_to_px4_bridge/share/t265_to_px4_bridge/package.dsv
-- Up-to-date: /px4_uxrce/t265_px4_bridge/install/t265_to_px4_bridge/share/ament_index/resource_index/packages/t265_to_px4_bridge
-- Installing: /px4_uxrce/t265_px4_bridge/install/t265_to_px4_bridge/share/t265_to_px4_bridge/cmake/t265_to_px4_bridgeConfig.cmake
-- Up-to-date: /px4_uxrce/t265_px4_bridge/install/t265_to_px4_bridge/share/t265_to_px4_bridge/cmake/t265_to_px4_bridgeConfig-version.cmake
-- Installing: /px4_uxrce/t265_px4_bridge/install/t265_to_px4_bridge/share/t265_to_px4_bridge/package.xml
