[0.010s] Invoking command in '/px4_uxrce/t265_px4_bridge/build/t265_to_px4_bridge': CMAKE_PREFIX_PATH=/opt/ros/humble /usr/bin/cmake --build /px4_uxrce/t265_px4_bridge/build/t265_to_px4_bridge -- -j12 -l12
[0.031s] -- Found ament_cmake: 1.3.11 (/opt/ros/humble/share/ament_cmake/cmake)
[0.142s] -- Found ament_lint_auto: 0.12.11 (/opt/ros/humble/share/ament_lint_auto/cmake)
[0.219s] -- Added test 'lint_cmake' to check CMake code style
[0.220s] -- Added test 'xmllint' to check XML markup files
[0.221s] -- Configuring done
[0.223s] -- Generating done
[0.225s] -- Build files have been written to: /px4_uxrce/t265_px4_bridge/build/t265_to_px4_bridge
[0.241s] Invoked command in '/px4_uxrce/t265_px4_bridge/build/t265_to_px4_bridge' returned '0': CMAKE_PREFIX_PATH=/opt/ros/humble /usr/bin/cmake --build /px4_uxrce/t265_px4_bridge/build/t265_to_px4_bridge -- -j12 -l12
[0.249s] Invoking command in '/px4_uxrce/t265_px4_bridge/build/t265_to_px4_bridge': CMAKE_PREFIX_PATH=/opt/ros/humble /usr/bin/cmake --install /px4_uxrce/t265_px4_bridge/build/t265_to_px4_bridge
[0.255s] -- Install configuration: ""
[0.255s] -- Installing: /px4_uxrce/t265_px4_bridge/install/t265_to_px4_bridge/share/ament_index/resource_index/package_run_dependencies/t265_to_px4_bridge
[0.255s] -- Installing: /px4_uxrce/t265_px4_bridge/install/t265_to_px4_bridge/share/ament_index/resource_index/parent_prefix_path/t265_to_px4_bridge
[0.255s] -- Up-to-date: /px4_uxrce/t265_px4_bridge/install/t265_to_px4_bridge/share/t265_to_px4_bridge/environment/ament_prefix_path.sh
[0.255s] -- Installing: /px4_uxrce/t265_px4_bridge/install/t265_to_px4_bridge/share/t265_to_px4_bridge/environment/ament_prefix_path.dsv
[0.256s] -- Up-to-date: /px4_uxrce/t265_px4_bridge/install/t265_to_px4_bridge/share/t265_to_px4_bridge/environment/path.sh
[0.256s] -- Installing: /px4_uxrce/t265_px4_bridge/install/t265_to_px4_bridge/share/t265_to_px4_bridge/environment/path.dsv
[0.256s] -- Up-to-date: /px4_uxrce/t265_px4_bridge/install/t265_to_px4_bridge/share/t265_to_px4_bridge/local_setup.bash
[0.256s] -- Up-to-date: /px4_uxrce/t265_px4_bridge/install/t265_to_px4_bridge/share/t265_to_px4_bridge/local_setup.sh
[0.256s] -- Up-to-date: /px4_uxrce/t265_px4_bridge/install/t265_to_px4_bridge/share/t265_to_px4_bridge/local_setup.zsh
[0.256s] -- Installing: /px4_uxrce/t265_px4_bridge/install/t265_to_px4_bridge/share/t265_to_px4_bridge/local_setup.dsv
[0.256s] -- Installing: /px4_uxrce/t265_px4_bridge/install/t265_to_px4_bridge/share/t265_to_px4_bridge/package.dsv
[0.256s] -- Up-to-date: /px4_uxrce/t265_px4_bridge/install/t265_to_px4_bridge/share/ament_index/resource_index/packages/t265_to_px4_bridge
[0.256s] -- Installing: /px4_uxrce/t265_px4_bridge/install/t265_to_px4_bridge/share/t265_to_px4_bridge/cmake/t265_to_px4_bridgeConfig.cmake
[0.256s] -- Up-to-date: /px4_uxrce/t265_px4_bridge/install/t265_to_px4_bridge/share/t265_to_px4_bridge/cmake/t265_to_px4_bridgeConfig-version.cmake
[0.256s] -- Installing: /px4_uxrce/t265_px4_bridge/install/t265_to_px4_bridge/share/t265_to_px4_bridge/package.xml
[0.258s] Invoked command in '/px4_uxrce/t265_px4_bridge/build/t265_to_px4_bridge' returned '0': CMAKE_PREFIX_PATH=/opt/ros/humble /usr/bin/cmake --install /px4_uxrce/t265_px4_bridge/build/t265_to_px4_bridge
