[0.145s] DEBUG:colcon:Command line arguments: ['/usr/bin/colcon', 'build']
[0.145s] DEBUG:colcon:Parsed command line arguments: Namespace(log_base=None, log_level=None, verb_name='build', build_base='build', install_base='install', merge_install=False, symlink_install=False, test_result_base=None, continue_on_error=False, executor='parallel', parallel_workers=12, event_handlers=None, ignore_user_meta=False, metas=['./colcon.meta'], base_paths=['.'], packages_ignore=None, packages_ignore_regex=None, paths=None, packages_up_to=None, packages_up_to_regex=None, packages_above=None, packages_above_and_dependencies=None, packages_above_depth=None, packages_select_by_dep=None, packages_skip_by_dep=None, packages_skip_up_to=None, packages_select_build_failed=False, packages_skip_build_finished=False, packages_select_test_failures=False, packages_skip_test_passed=False, packages_select=None, packages_skip=None, packages_select_regex=None, packages_skip_regex=None, packages_start=None, packages_end=None, cmake_args=None, cmake_target=None, cmake_target_skip_unavailable=False, cmake_clean_cache=False, cmake_clean_first=False, cmake_force_configure=False, ament_cmake_args=None, catkin_cmake_args=None, catkin_skip_building_tests=False, mixin_files=None, mixin=None, verb_parser=<colcon_mixin.mixin.mixin_argument.MixinArgumentDecorator object at 0x7fa246d504f0>, verb_extension=<colcon_core.verb.build.BuildVerb object at 0x7fa246d27eb0>, main=<bound method BuildVerb.main of <colcon_core.verb.build.BuildVerb object at 0x7fa246d27eb0>>, mixin_verb=('build',))
[0.373s] Level 1:colcon.colcon_core.package_discovery:discover_packages(colcon_meta) check parameters
[0.374s] INFO:colcon.colcon_metadata.package_discovery.colcon_meta:Using configuration from '/root/.colcon/metadata/default/Gazebo.meta'
[0.375s] INFO:colcon.colcon_metadata.package_discovery.colcon_meta:Using configuration from '/root/.colcon/metadata/default/fastrtps.meta'
[0.375s] Level 1:colcon.colcon_core.package_discovery:discover_packages(recursive) check parameters
[0.375s] Level 1:colcon.colcon_core.package_discovery:discover_packages(ignore) check parameters
[0.375s] Level 1:colcon.colcon_core.package_discovery:discover_packages(path) check parameters
[0.375s] Level 1:colcon.colcon_core.package_discovery:discover_packages(colcon_meta) discover
[0.375s] Level 1:colcon.colcon_core.package_discovery:discover_packages(recursive) discover
[0.376s] INFO:colcon.colcon_core.package_discovery:Crawling recursively for packages in '/px4_uxrce/new/px4-offboard_ws'
[0.376s] Level 1:colcon.colcon_core.package_identification:_identify(.) by extensions ['ignore', 'ignore_ament_install']
[0.376s] Level 1:colcon.colcon_core.package_identification:_identify(.) by extension 'ignore'
[0.376s] Level 1:colcon.colcon_core.package_identification:_identify(.) by extension 'ignore_ament_install'
[0.376s] Level 1:colcon.colcon_core.package_identification:_identify(.) by extensions ['colcon_pkg']
[0.376s] Level 1:colcon.colcon_core.package_identification:_identify(.) by extension 'colcon_pkg'
[0.376s] Level 1:colcon.colcon_core.package_identification:_identify(.) by extensions ['colcon_meta']
[0.376s] Level 1:colcon.colcon_core.package_identification:_identify(.) by extension 'colcon_meta'
[0.376s] Level 1:colcon.colcon_core.package_identification:_identify(.) by extensions ['ros']
[0.376s] Level 1:colcon.colcon_core.package_identification:_identify(.) by extension 'ros'
[0.416s] Level 1:colcon.colcon_core.package_identification:_identify(.) by extensions ['cmake', 'python']
[0.416s] Level 1:colcon.colcon_core.package_identification:_identify(.) by extension 'cmake'
[0.416s] Level 1:colcon.colcon_core.package_identification:_identify(.) by extension 'python'
[0.416s] Level 1:colcon.colcon_core.package_identification:_identify(.) by extensions ['python_setup_py']
[0.416s] Level 1:colcon.colcon_core.package_identification:_identify(.) by extension 'python_setup_py'
[0.416s] Level 1:colcon.colcon_core.package_identification:_identify(build) by extensions ['ignore', 'ignore_ament_install']
[0.416s] Level 1:colcon.colcon_core.package_identification:_identify(build) by extension 'ignore'
[0.416s] Level 1:colcon.colcon_core.package_identification:_identify(build) ignored
[0.417s] Level 1:colcon.colcon_core.package_identification:_identify(c_generated_code) by extensions ['ignore', 'ignore_ament_install']
[0.417s] Level 1:colcon.colcon_core.package_identification:_identify(c_generated_code) by extension 'ignore'
[0.417s] Level 1:colcon.colcon_core.package_identification:_identify(c_generated_code) by extension 'ignore_ament_install'
[0.417s] Level 1:colcon.colcon_core.package_identification:_identify(c_generated_code) by extensions ['colcon_pkg']
[0.417s] Level 1:colcon.colcon_core.package_identification:_identify(c_generated_code) by extension 'colcon_pkg'
[0.417s] Level 1:colcon.colcon_core.package_identification:_identify(c_generated_code) by extensions ['colcon_meta']
[0.417s] Level 1:colcon.colcon_core.package_identification:_identify(c_generated_code) by extension 'colcon_meta'
[0.417s] Level 1:colcon.colcon_core.package_identification:_identify(c_generated_code) by extensions ['ros']
[0.417s] Level 1:colcon.colcon_core.package_identification:_identify(c_generated_code) by extension 'ros'
[0.417s] Level 1:colcon.colcon_core.package_identification:_identify(c_generated_code) by extensions ['cmake', 'python']
[0.417s] Level 1:colcon.colcon_core.package_identification:_identify(c_generated_code) by extension 'cmake'
[0.417s] Level 1:colcon.colcon_core.package_identification:_identify(c_generated_code) by extension 'python'
[0.417s] Level 1:colcon.colcon_core.package_identification:_identify(c_generated_code) by extensions ['python_setup_py']
[0.417s] Level 1:colcon.colcon_core.package_identification:_identify(c_generated_code) by extension 'python_setup_py'
[0.417s] Level 1:colcon.colcon_core.package_identification:_identify(c_generated_code/multirotor_rate_model_cost) by extensions ['ignore', 'ignore_ament_install']
[0.417s] Level 1:colcon.colcon_core.package_identification:_identify(c_generated_code/multirotor_rate_model_cost) by extension 'ignore'
[0.418s] Level 1:colcon.colcon_core.package_identification:_identify(c_generated_code/multirotor_rate_model_cost) by extension 'ignore_ament_install'
[0.418s] Level 1:colcon.colcon_core.package_identification:_identify(c_generated_code/multirotor_rate_model_cost) by extensions ['colcon_pkg']
[0.418s] Level 1:colcon.colcon_core.package_identification:_identify(c_generated_code/multirotor_rate_model_cost) by extension 'colcon_pkg'
[0.418s] Level 1:colcon.colcon_core.package_identification:_identify(c_generated_code/multirotor_rate_model_cost) by extensions ['colcon_meta']
[0.418s] Level 1:colcon.colcon_core.package_identification:_identify(c_generated_code/multirotor_rate_model_cost) by extension 'colcon_meta'
[0.418s] Level 1:colcon.colcon_core.package_identification:_identify(c_generated_code/multirotor_rate_model_cost) by extensions ['ros']
[0.418s] Level 1:colcon.colcon_core.package_identification:_identify(c_generated_code/multirotor_rate_model_cost) by extension 'ros'
[0.418s] Level 1:colcon.colcon_core.package_identification:_identify(c_generated_code/multirotor_rate_model_cost) by extensions ['cmake', 'python']
[0.418s] Level 1:colcon.colcon_core.package_identification:_identify(c_generated_code/multirotor_rate_model_cost) by extension 'cmake'
[0.418s] Level 1:colcon.colcon_core.package_identification:_identify(c_generated_code/multirotor_rate_model_cost) by extension 'python'
[0.418s] Level 1:colcon.colcon_core.package_identification:_identify(c_generated_code/multirotor_rate_model_cost) by extensions ['python_setup_py']
[0.418s] Level 1:colcon.colcon_core.package_identification:_identify(c_generated_code/multirotor_rate_model_cost) by extension 'python_setup_py'
[0.418s] Level 1:colcon.colcon_core.package_identification:_identify(c_generated_code/multirotor_rate_model_model) by extensions ['ignore', 'ignore_ament_install']
[0.418s] Level 1:colcon.colcon_core.package_identification:_identify(c_generated_code/multirotor_rate_model_model) by extension 'ignore'
[0.418s] Level 1:colcon.colcon_core.package_identification:_identify(c_generated_code/multirotor_rate_model_model) by extension 'ignore_ament_install'
[0.418s] Level 1:colcon.colcon_core.package_identification:_identify(c_generated_code/multirotor_rate_model_model) by extensions ['colcon_pkg']
[0.418s] Level 1:colcon.colcon_core.package_identification:_identify(c_generated_code/multirotor_rate_model_model) by extension 'colcon_pkg'
[0.418s] Level 1:colcon.colcon_core.package_identification:_identify(c_generated_code/multirotor_rate_model_model) by extensions ['colcon_meta']
[0.418s] Level 1:colcon.colcon_core.package_identification:_identify(c_generated_code/multirotor_rate_model_model) by extension 'colcon_meta'
[0.419s] Level 1:colcon.colcon_core.package_identification:_identify(c_generated_code/multirotor_rate_model_model) by extensions ['ros']
[0.419s] Level 1:colcon.colcon_core.package_identification:_identify(c_generated_code/multirotor_rate_model_model) by extension 'ros'
[0.419s] Level 1:colcon.colcon_core.package_identification:_identify(c_generated_code/multirotor_rate_model_model) by extensions ['cmake', 'python']
[0.419s] Level 1:colcon.colcon_core.package_identification:_identify(c_generated_code/multirotor_rate_model_model) by extension 'cmake'
[0.419s] Level 1:colcon.colcon_core.package_identification:_identify(c_generated_code/multirotor_rate_model_model) by extension 'python'
[0.419s] Level 1:colcon.colcon_core.package_identification:_identify(c_generated_code/multirotor_rate_model_model) by extensions ['python_setup_py']
[0.419s] Level 1:colcon.colcon_core.package_identification:_identify(c_generated_code/multirotor_rate_model_model) by extension 'python_setup_py'
[0.419s] Level 1:colcon.colcon_core.package_identification:_identify(install) by extensions ['ignore', 'ignore_ament_install']
[0.419s] Level 1:colcon.colcon_core.package_identification:_identify(install) by extension 'ignore'
[0.419s] Level 1:colcon.colcon_core.package_identification:_identify(install) ignored
[0.419s] Level 1:colcon.colcon_core.package_identification:_identify(log) by extensions ['ignore', 'ignore_ament_install']
[0.419s] Level 1:colcon.colcon_core.package_identification:_identify(log) by extension 'ignore'
[0.419s] Level 1:colcon.colcon_core.package_identification:_identify(log) ignored
[0.420s] Level 1:colcon.colcon_core.package_identification:_identify(src) by extensions ['ignore', 'ignore_ament_install']
[0.420s] Level 1:colcon.colcon_core.package_identification:_identify(src) by extension 'ignore'
[0.420s] Level 1:colcon.colcon_core.package_identification:_identify(src) by extension 'ignore_ament_install'
[0.420s] Level 1:colcon.colcon_core.package_identification:_identify(src) by extensions ['colcon_pkg']
[0.420s] Level 1:colcon.colcon_core.package_identification:_identify(src) by extension 'colcon_pkg'
[0.420s] Level 1:colcon.colcon_core.package_identification:_identify(src) by extensions ['colcon_meta']
[0.420s] Level 1:colcon.colcon_core.package_identification:_identify(src) by extension 'colcon_meta'
[0.420s] Level 1:colcon.colcon_core.package_identification:_identify(src) by extensions ['ros']
[0.420s] Level 1:colcon.colcon_core.package_identification:_identify(src) by extension 'ros'
[0.420s] Level 1:colcon.colcon_core.package_identification:_identify(src) by extensions ['cmake', 'python']
[0.420s] Level 1:colcon.colcon_core.package_identification:_identify(src) by extension 'cmake'
[0.420s] Level 1:colcon.colcon_core.package_identification:_identify(src) by extension 'python'
[0.420s] Level 1:colcon.colcon_core.package_identification:_identify(src) by extensions ['python_setup_py']
[0.420s] Level 1:colcon.colcon_core.package_identification:_identify(src) by extension 'python_setup_py'
[0.421s] Level 1:colcon.colcon_core.package_identification:_identify(src/px4-mpc) by extensions ['ignore', 'ignore_ament_install']
[0.421s] Level 1:colcon.colcon_core.package_identification:_identify(src/px4-mpc) by extension 'ignore'
[0.421s] Level 1:colcon.colcon_core.package_identification:_identify(src/px4-mpc) by extension 'ignore_ament_install'
[0.421s] Level 1:colcon.colcon_core.package_identification:_identify(src/px4-mpc) by extensions ['colcon_pkg']
[0.421s] Level 1:colcon.colcon_core.package_identification:_identify(src/px4-mpc) by extension 'colcon_pkg'
[0.421s] Level 1:colcon.colcon_core.package_identification:_identify(src/px4-mpc) by extensions ['colcon_meta']
[0.421s] Level 1:colcon.colcon_core.package_identification:_identify(src/px4-mpc) by extension 'colcon_meta'
[0.421s] Level 1:colcon.colcon_core.package_identification:_identify(src/px4-mpc) by extensions ['ros']
[0.421s] Level 1:colcon.colcon_core.package_identification:_identify(src/px4-mpc) by extension 'ros'
[0.421s] Level 1:colcon.colcon_core.package_identification:_identify(src/px4-mpc) by extensions ['cmake', 'python']
[0.421s] Level 1:colcon.colcon_core.package_identification:_identify(src/px4-mpc) by extension 'cmake'
[0.421s] Level 1:colcon.colcon_core.package_identification:_identify(src/px4-mpc) by extension 'python'
[0.421s] Level 1:colcon.colcon_core.package_identification:_identify(src/px4-mpc) by extensions ['python_setup_py']
[0.421s] Level 1:colcon.colcon_core.package_identification:_identify(src/px4-mpc) by extension 'python_setup_py'
[0.421s] Level 1:colcon.colcon_core.package_identification:_identify(src/px4-mpc/mpc_msgs) by extensions ['ignore', 'ignore_ament_install']
[0.421s] Level 1:colcon.colcon_core.package_identification:_identify(src/px4-mpc/mpc_msgs) by extension 'ignore'
[0.421s] Level 1:colcon.colcon_core.package_identification:_identify(src/px4-mpc/mpc_msgs) by extension 'ignore_ament_install'
[0.422s] Level 1:colcon.colcon_core.package_identification:_identify(src/px4-mpc/mpc_msgs) by extensions ['colcon_pkg']
[0.422s] Level 1:colcon.colcon_core.package_identification:_identify(src/px4-mpc/mpc_msgs) by extension 'colcon_pkg'
[0.422s] Level 1:colcon.colcon_core.package_identification:_identify(src/px4-mpc/mpc_msgs) by extensions ['colcon_meta']
[0.422s] Level 1:colcon.colcon_core.package_identification:_identify(src/px4-mpc/mpc_msgs) by extension 'colcon_meta'
[0.422s] Level 1:colcon.colcon_core.package_identification:_identify(src/px4-mpc/mpc_msgs) by extensions ['ros']
[0.422s] Level 1:colcon.colcon_core.package_identification:_identify(src/px4-mpc/mpc_msgs) by extension 'ros'
[0.425s] DEBUG:colcon.colcon_core.package_identification:Package 'src/px4-mpc/mpc_msgs' with type 'ros.ament_cmake' and name 'mpc_msgs'
[0.425s] Level 1:colcon.colcon_core.package_identification:_identify(src/px4-mpc/px4_mpc) by extensions ['ignore', 'ignore_ament_install']
[0.425s] Level 1:colcon.colcon_core.package_identification:_identify(src/px4-mpc/px4_mpc) by extension 'ignore'
[0.425s] Level 1:colcon.colcon_core.package_identification:_identify(src/px4-mpc/px4_mpc) by extension 'ignore_ament_install'
[0.426s] Level 1:colcon.colcon_core.package_identification:_identify(src/px4-mpc/px4_mpc) by extensions ['colcon_pkg']
[0.426s] Level 1:colcon.colcon_core.package_identification:_identify(src/px4-mpc/px4_mpc) by extension 'colcon_pkg'
[0.426s] Level 1:colcon.colcon_core.package_identification:_identify(src/px4-mpc/px4_mpc) by extensions ['colcon_meta']
[0.426s] Level 1:colcon.colcon_core.package_identification:_identify(src/px4-mpc/px4_mpc) by extension 'colcon_meta'
[0.426s] Level 1:colcon.colcon_core.package_identification:_identify(src/px4-mpc/px4_mpc) by extensions ['ros']
[0.426s] Level 1:colcon.colcon_core.package_identification:_identify(src/px4-mpc/px4_mpc) by extension 'ros'
[0.426s] DEBUG:colcon.colcon_core.package_identification:Package 'src/px4-mpc/px4_mpc' with type 'ros.ament_python' and name 'px4_mpc'
[0.427s] Level 1:colcon.colcon_core.package_identification:_identify(src/px4-offboard) by extensions ['ignore', 'ignore_ament_install']
[0.427s] Level 1:colcon.colcon_core.package_identification:_identify(src/px4-offboard) by extension 'ignore'
[0.427s] Level 1:colcon.colcon_core.package_identification:_identify(src/px4-offboard) by extension 'ignore_ament_install'
[0.427s] Level 1:colcon.colcon_core.package_identification:_identify(src/px4-offboard) by extensions ['colcon_pkg']
[0.427s] Level 1:colcon.colcon_core.package_identification:_identify(src/px4-offboard) by extension 'colcon_pkg'
[0.427s] Level 1:colcon.colcon_core.package_identification:_identify(src/px4-offboard) by extensions ['colcon_meta']
[0.427s] Level 1:colcon.colcon_core.package_identification:_identify(src/px4-offboard) by extension 'colcon_meta'
[0.427s] Level 1:colcon.colcon_core.package_identification:_identify(src/px4-offboard) by extensions ['ros']
[0.427s] Level 1:colcon.colcon_core.package_identification:_identify(src/px4-offboard) by extension 'ros'
[0.428s] DEBUG:colcon.colcon_core.package_identification:Package 'src/px4-offboard' with type 'ros.ament_python' and name 'px4_offboard'
[0.428s] Level 1:colcon.colcon_core.package_identification:_identify(src/px4_msgs) by extensions ['ignore', 'ignore_ament_install']
[0.428s] Level 1:colcon.colcon_core.package_identification:_identify(src/px4_msgs) by extension 'ignore'
[0.428s] Level 1:colcon.colcon_core.package_identification:_identify(src/px4_msgs) by extension 'ignore_ament_install'
[0.428s] Level 1:colcon.colcon_core.package_identification:_identify(src/px4_msgs) by extensions ['colcon_pkg']
[0.428s] Level 1:colcon.colcon_core.package_identification:_identify(src/px4_msgs) by extension 'colcon_pkg'
[0.428s] Level 1:colcon.colcon_core.package_identification:_identify(src/px4_msgs) by extensions ['colcon_meta']
[0.428s] Level 1:colcon.colcon_core.package_identification:_identify(src/px4_msgs) by extension 'colcon_meta'
[0.429s] Level 1:colcon.colcon_core.package_identification:_identify(src/px4_msgs) by extensions ['ros']
[0.429s] Level 1:colcon.colcon_core.package_identification:_identify(src/px4_msgs) by extension 'ros'
[0.429s] DEBUG:colcon.colcon_core.package_identification:Package 'src/px4_msgs' with type 'ros.ament_cmake' and name 'px4_msgs'
[0.429s] Level 1:colcon.colcon_core.package_discovery:discover_packages(recursive) using defaults
[0.429s] Level 1:colcon.colcon_core.package_discovery:discover_packages(ignore) discover
[0.429s] Level 1:colcon.colcon_core.package_discovery:discover_packages(ignore) using defaults
[0.429s] Level 1:colcon.colcon_core.package_discovery:discover_packages(path) discover
[0.429s] Level 1:colcon.colcon_core.package_discovery:discover_packages(path) using defaults
[0.451s] Level 5:colcon.colcon_core.verb:set package 'mpc_msgs' build argument 'cmake_args' from command line to 'None'
[0.451s] Level 5:colcon.colcon_core.verb:set package 'mpc_msgs' build argument 'cmake_target' from command line to 'None'
[0.452s] Level 5:colcon.colcon_core.verb:set package 'mpc_msgs' build argument 'cmake_target_skip_unavailable' from command line to 'False'
[0.452s] Level 5:colcon.colcon_core.verb:set package 'mpc_msgs' build argument 'cmake_clean_cache' from command line to 'False'
[0.452s] Level 5:colcon.colcon_core.verb:set package 'mpc_msgs' build argument 'cmake_clean_first' from command line to 'False'
[0.452s] Level 5:colcon.colcon_core.verb:set package 'mpc_msgs' build argument 'cmake_force_configure' from command line to 'False'
[0.452s] Level 5:colcon.colcon_core.verb:set package 'mpc_msgs' build argument 'ament_cmake_args' from command line to 'None'
[0.452s] Level 5:colcon.colcon_core.verb:set package 'mpc_msgs' build argument 'catkin_cmake_args' from command line to 'None'
[0.452s] Level 5:colcon.colcon_core.verb:set package 'mpc_msgs' build argument 'catkin_skip_building_tests' from command line to 'False'
[0.452s] DEBUG:colcon.colcon_core.verb:Building package 'mpc_msgs' with the following arguments: {'ament_cmake_args': None, 'build_base': '/px4_uxrce/new/px4-offboard_ws/build/mpc_msgs', 'catkin_cmake_args': None, 'catkin_skip_building_tests': False, 'cmake_args': None, 'cmake_clean_cache': False, 'cmake_clean_first': False, 'cmake_force_configure': False, 'cmake_target': None, 'cmake_target_skip_unavailable': False, 'install_base': '/px4_uxrce/new/px4-offboard_ws/install/mpc_msgs', 'merge_install': False, 'path': '/px4_uxrce/new/px4-offboard_ws/src/px4-mpc/mpc_msgs', 'symlink_install': False, 'test_result_base': None}
[0.452s] Level 5:colcon.colcon_core.verb:set package 'px4_msgs' build argument 'cmake_args' from command line to 'None'
[0.452s] Level 5:colcon.colcon_core.verb:set package 'px4_msgs' build argument 'cmake_target' from command line to 'None'
[0.452s] Level 5:colcon.colcon_core.verb:set package 'px4_msgs' build argument 'cmake_target_skip_unavailable' from command line to 'False'
[0.452s] Level 5:colcon.colcon_core.verb:set package 'px4_msgs' build argument 'cmake_clean_cache' from command line to 'False'
[0.452s] Level 5:colcon.colcon_core.verb:set package 'px4_msgs' build argument 'cmake_clean_first' from command line to 'False'
[0.452s] Level 5:colcon.colcon_core.verb:set package 'px4_msgs' build argument 'cmake_force_configure' from command line to 'False'
[0.452s] Level 5:colcon.colcon_core.verb:set package 'px4_msgs' build argument 'ament_cmake_args' from command line to 'None'
[0.452s] Level 5:colcon.colcon_core.verb:set package 'px4_msgs' build argument 'catkin_cmake_args' from command line to 'None'
[0.452s] Level 5:colcon.colcon_core.verb:set package 'px4_msgs' build argument 'catkin_skip_building_tests' from command line to 'False'
[0.452s] DEBUG:colcon.colcon_core.verb:Building package 'px4_msgs' with the following arguments: {'ament_cmake_args': None, 'build_base': '/px4_uxrce/new/px4-offboard_ws/build/px4_msgs', 'catkin_cmake_args': None, 'catkin_skip_building_tests': False, 'cmake_args': None, 'cmake_clean_cache': False, 'cmake_clean_first': False, 'cmake_force_configure': False, 'cmake_target': None, 'cmake_target_skip_unavailable': False, 'install_base': '/px4_uxrce/new/px4-offboard_ws/install/px4_msgs', 'merge_install': False, 'path': '/px4_uxrce/new/px4-offboard_ws/src/px4_msgs', 'symlink_install': False, 'test_result_base': None}
[0.453s] Level 5:colcon.colcon_core.verb:set package 'px4_offboard' build argument 'cmake_args' from command line to 'None'
[0.453s] Level 5:colcon.colcon_core.verb:set package 'px4_offboard' build argument 'cmake_target' from command line to 'None'
[0.453s] Level 5:colcon.colcon_core.verb:set package 'px4_offboard' build argument 'cmake_target_skip_unavailable' from command line to 'False'
[0.453s] Level 5:colcon.colcon_core.verb:set package 'px4_offboard' build argument 'cmake_clean_cache' from command line to 'False'
[0.453s] Level 5:colcon.colcon_core.verb:set package 'px4_offboard' build argument 'cmake_clean_first' from command line to 'False'
[0.453s] Level 5:colcon.colcon_core.verb:set package 'px4_offboard' build argument 'cmake_force_configure' from command line to 'False'
[0.453s] Level 5:colcon.colcon_core.verb:set package 'px4_offboard' build argument 'ament_cmake_args' from command line to 'None'
[0.453s] Level 5:colcon.colcon_core.verb:set package 'px4_offboard' build argument 'catkin_cmake_args' from command line to 'None'
[0.453s] Level 5:colcon.colcon_core.verb:set package 'px4_offboard' build argument 'catkin_skip_building_tests' from command line to 'False'
[0.453s] DEBUG:colcon.colcon_core.verb:Building package 'px4_offboard' with the following arguments: {'ament_cmake_args': None, 'build_base': '/px4_uxrce/new/px4-offboard_ws/build/px4_offboard', 'catkin_cmake_args': None, 'catkin_skip_building_tests': False, 'cmake_args': None, 'cmake_clean_cache': False, 'cmake_clean_first': False, 'cmake_force_configure': False, 'cmake_target': None, 'cmake_target_skip_unavailable': False, 'install_base': '/px4_uxrce/new/px4-offboard_ws/install/px4_offboard', 'merge_install': False, 'path': '/px4_uxrce/new/px4-offboard_ws/src/px4-offboard', 'symlink_install': False, 'test_result_base': None}
[0.453s] Level 5:colcon.colcon_core.verb:set package 'px4_mpc' build argument 'cmake_args' from command line to 'None'
[0.453s] Level 5:colcon.colcon_core.verb:set package 'px4_mpc' build argument 'cmake_target' from command line to 'None'
[0.453s] Level 5:colcon.colcon_core.verb:set package 'px4_mpc' build argument 'cmake_target_skip_unavailable' from command line to 'False'
[0.453s] Level 5:colcon.colcon_core.verb:set package 'px4_mpc' build argument 'cmake_clean_cache' from command line to 'False'
[0.453s] Level 5:colcon.colcon_core.verb:set package 'px4_mpc' build argument 'cmake_clean_first' from command line to 'False'
[0.454s] Level 5:colcon.colcon_core.verb:set package 'px4_mpc' build argument 'cmake_force_configure' from command line to 'False'
[0.454s] Level 5:colcon.colcon_core.verb:set package 'px4_mpc' build argument 'ament_cmake_args' from command line to 'None'
[0.454s] Level 5:colcon.colcon_core.verb:set package 'px4_mpc' build argument 'catkin_cmake_args' from command line to 'None'
[0.454s] Level 5:colcon.colcon_core.verb:set package 'px4_mpc' build argument 'catkin_skip_building_tests' from command line to 'False'
[0.454s] DEBUG:colcon.colcon_core.verb:Building package 'px4_mpc' with the following arguments: {'ament_cmake_args': None, 'build_base': '/px4_uxrce/new/px4-offboard_ws/build/px4_mpc', 'catkin_cmake_args': None, 'catkin_skip_building_tests': False, 'cmake_args': None, 'cmake_clean_cache': False, 'cmake_clean_first': False, 'cmake_force_configure': False, 'cmake_target': None, 'cmake_target_skip_unavailable': False, 'install_base': '/px4_uxrce/new/px4-offboard_ws/install/px4_mpc', 'merge_install': False, 'path': '/px4_uxrce/new/px4-offboard_ws/src/px4-mpc/px4_mpc', 'symlink_install': False, 'test_result_base': None}
[0.454s] INFO:colcon.colcon_core.executor:Executing jobs using 'parallel' executor
[0.455s] DEBUG:colcon.colcon_parallel_executor.executor.parallel:run_until_complete
[0.455s] INFO:colcon.colcon_ros.task.ament_cmake.build:Building ROS package in '/px4_uxrce/new/px4-offboard_ws/src/px4_msgs' with build type 'ament_cmake'
[0.455s] INFO:colcon.colcon_cmake.task.cmake.build:Building CMake package in '/px4_uxrce/new/px4-offboard_ws/src/px4_msgs'
[0.458s] INFO:colcon.colcon_core.plugin_system:Skipping extension 'colcon_core.shell.bat': Not used on non-Windows systems
[0.459s] INFO:colcon.colcon_core.shell:Skip shell extension 'powershell' for command environment: Not usable outside of PowerShell
[0.459s] DEBUG:colcon.colcon_core.shell:Skip shell extension 'dsv' for command environment
[0.465s] INFO:colcon.colcon_ros.task.ament_cmake.build:Building ROS package in '/px4_uxrce/new/px4-offboard_ws/src/px4-mpc/mpc_msgs' with build type 'ament_cmake'
[0.465s] INFO:colcon.colcon_cmake.task.cmake.build:Building CMake package in '/px4_uxrce/new/px4-offboard_ws/src/px4-mpc/mpc_msgs'
[0.465s] INFO:colcon.colcon_core.shell:Skip shell extension 'powershell' for command environment: Not usable outside of PowerShell
[0.465s] DEBUG:colcon.colcon_core.shell:Skip shell extension 'dsv' for command environment
[0.476s] DEBUG:colcon.colcon_core.event_handler.log_command:Invoking command in '/px4_uxrce/new/px4-offboard_ws/build/px4_msgs': CMAKE_PREFIX_PATH=${CMAKE_PREFIX_PATH}:/px4_uxrce/new/px4-offboard_ws/install/px4_mpc:/px4_uxrce/new/px4-offboard_ws/install/px4_offboard:/opt/ros/humble /usr/bin/cmake --build /px4_uxrce/new/px4-offboard_ws/build/px4_msgs -- -j12 -l12
[0.483s] DEBUG:colcon.colcon_core.event_handler.log_command:Invoking command in '/px4_uxrce/new/px4-offboard_ws/build/mpc_msgs': CMAKE_PREFIX_PATH=${CMAKE_PREFIX_PATH}:/px4_uxrce/new/px4-offboard_ws/install/px4_mpc:/px4_uxrce/new/px4-offboard_ws/install/px4_offboard:/opt/ros/humble /usr/bin/cmake --build /px4_uxrce/new/px4-offboard_ws/build/mpc_msgs -- -j12 -l12
[0.964s] DEBUG:colcon.colcon_core.event_handler.log_command:Invoked command in '/px4_uxrce/new/px4-offboard_ws/build/mpc_msgs' returned '0': CMAKE_PREFIX_PATH=${CMAKE_PREFIX_PATH}:/px4_uxrce/new/px4-offboard_ws/install/px4_mpc:/px4_uxrce/new/px4-offboard_ws/install/px4_offboard:/opt/ros/humble /usr/bin/cmake --build /px4_uxrce/new/px4-offboard_ws/build/mpc_msgs -- -j12 -l12
[0.974s] DEBUG:colcon.colcon_core.event_handler.log_command:Invoking command in '/px4_uxrce/new/px4-offboard_ws/build/mpc_msgs': CMAKE_PREFIX_PATH=${CMAKE_PREFIX_PATH}:/px4_uxrce/new/px4-offboard_ws/install/px4_mpc:/px4_uxrce/new/px4-offboard_ws/install/px4_offboard:/opt/ros/humble /usr/bin/cmake --install /px4_uxrce/new/px4-offboard_ws/build/mpc_msgs
[1.039s] Level 1:colcon.colcon_core.environment:create_environment_scripts_only(mpc_msgs)
[1.040s] DEBUG:colcon.colcon_core.event_handler.log_command:Invoked command in '/px4_uxrce/new/px4-offboard_ws/build/mpc_msgs' returned '0': CMAKE_PREFIX_PATH=${CMAKE_PREFIX_PATH}:/px4_uxrce/new/px4-offboard_ws/install/px4_mpc:/px4_uxrce/new/px4-offboard_ws/install/px4_offboard:/opt/ros/humble /usr/bin/cmake --install /px4_uxrce/new/px4-offboard_ws/build/mpc_msgs
[1.043s] Level 1:colcon.colcon_core.environment:checking '/px4_uxrce/new/px4-offboard_ws/install/mpc_msgs' for CMake module files
[1.044s] Level 1:colcon.colcon_core.environment:checking '/px4_uxrce/new/px4-offboard_ws/install/mpc_msgs' for CMake config files
[1.044s] Level 1:colcon.colcon_core.shell:create_environment_hook('mpc_msgs', 'cmake_prefix_path')
[1.045s] INFO:colcon.colcon_core.shell:Creating environment hook '/px4_uxrce/new/px4-offboard_ws/install/mpc_msgs/share/mpc_msgs/hook/cmake_prefix_path.ps1'
[1.046s] INFO:colcon.colcon_core.shell:Creating environment descriptor '/px4_uxrce/new/px4-offboard_ws/install/mpc_msgs/share/mpc_msgs/hook/cmake_prefix_path.dsv'
[1.047s] INFO:colcon.colcon_core.shell:Creating environment hook '/px4_uxrce/new/px4-offboard_ws/install/mpc_msgs/share/mpc_msgs/hook/cmake_prefix_path.sh'
[1.048s] Level 1:colcon.colcon_core.environment:checking '/px4_uxrce/new/px4-offboard_ws/install/mpc_msgs/lib'
[1.048s] Level 1:colcon.colcon_core.shell:create_environment_hook('mpc_msgs', 'ld_library_path_lib')
[1.049s] INFO:colcon.colcon_core.shell:Creating environment hook '/px4_uxrce/new/px4-offboard_ws/install/mpc_msgs/share/mpc_msgs/hook/ld_library_path_lib.ps1'
[1.049s] INFO:colcon.colcon_core.shell:Creating environment descriptor '/px4_uxrce/new/px4-offboard_ws/install/mpc_msgs/share/mpc_msgs/hook/ld_library_path_lib.dsv'
[1.050s] INFO:colcon.colcon_core.shell:Creating environment hook '/px4_uxrce/new/px4-offboard_ws/install/mpc_msgs/share/mpc_msgs/hook/ld_library_path_lib.sh'
[1.050s] Level 1:colcon.colcon_core.environment:checking '/px4_uxrce/new/px4-offboard_ws/install/mpc_msgs/bin'
[1.050s] Level 1:colcon.colcon_core.environment:checking '/px4_uxrce/new/px4-offboard_ws/install/mpc_msgs/lib/pkgconfig/mpc_msgs.pc'
[1.052s] Level 1:colcon.colcon_core.environment:checking '/px4_uxrce/new/px4-offboard_ws/install/mpc_msgs/lib/python3.10/site-packages'
[1.053s] Level 1:colcon.colcon_core.environment:checking '/px4_uxrce/new/px4-offboard_ws/install/mpc_msgs/bin'
[1.053s] INFO:colcon.colcon_core.shell:Creating package script '/px4_uxrce/new/px4-offboard_ws/install/mpc_msgs/share/mpc_msgs/package.ps1'
[1.054s] INFO:colcon.colcon_core.shell:Creating package descriptor '/px4_uxrce/new/px4-offboard_ws/install/mpc_msgs/share/mpc_msgs/package.dsv'
[1.055s] INFO:colcon.colcon_core.shell:Creating package script '/px4_uxrce/new/px4-offboard_ws/install/mpc_msgs/share/mpc_msgs/package.sh'
[1.056s] INFO:colcon.colcon_core.shell:Creating package script '/px4_uxrce/new/px4-offboard_ws/install/mpc_msgs/share/mpc_msgs/package.bash'
[1.057s] INFO:colcon.colcon_core.shell:Creating package script '/px4_uxrce/new/px4-offboard_ws/install/mpc_msgs/share/mpc_msgs/package.zsh'
[1.059s] Level 1:colcon.colcon_core.environment:create_file_with_runtime_dependencies(/px4_uxrce/new/px4-offboard_ws/install/mpc_msgs/share/colcon-core/packages/mpc_msgs)
[1.059s] Level 1:colcon.colcon_core.environment:create_environment_scripts_only(mpc_msgs)
[1.060s] Level 1:colcon.colcon_core.environment:checking '/px4_uxrce/new/px4-offboard_ws/install/mpc_msgs' for CMake module files
[1.061s] Level 1:colcon.colcon_core.environment:checking '/px4_uxrce/new/px4-offboard_ws/install/mpc_msgs' for CMake config files
[1.061s] Level 1:colcon.colcon_core.shell:create_environment_hook('mpc_msgs', 'cmake_prefix_path')
[1.062s] INFO:colcon.colcon_core.shell:Creating environment hook '/px4_uxrce/new/px4-offboard_ws/install/mpc_msgs/share/mpc_msgs/hook/cmake_prefix_path.ps1'
[1.063s] INFO:colcon.colcon_core.shell:Creating environment descriptor '/px4_uxrce/new/px4-offboard_ws/install/mpc_msgs/share/mpc_msgs/hook/cmake_prefix_path.dsv'
[1.063s] INFO:colcon.colcon_core.shell:Creating environment hook '/px4_uxrce/new/px4-offboard_ws/install/mpc_msgs/share/mpc_msgs/hook/cmake_prefix_path.sh'
[1.064s] Level 1:colcon.colcon_core.environment:checking '/px4_uxrce/new/px4-offboard_ws/install/mpc_msgs/lib'
[1.064s] Level 1:colcon.colcon_core.shell:create_environment_hook('mpc_msgs', 'ld_library_path_lib')
[1.065s] INFO:colcon.colcon_core.shell:Creating environment hook '/px4_uxrce/new/px4-offboard_ws/install/mpc_msgs/share/mpc_msgs/hook/ld_library_path_lib.ps1'
[1.065s] INFO:colcon.colcon_core.shell:Creating environment descriptor '/px4_uxrce/new/px4-offboard_ws/install/mpc_msgs/share/mpc_msgs/hook/ld_library_path_lib.dsv'
[1.065s] INFO:colcon.colcon_core.shell:Creating environment hook '/px4_uxrce/new/px4-offboard_ws/install/mpc_msgs/share/mpc_msgs/hook/ld_library_path_lib.sh'
[1.066s] Level 1:colcon.colcon_core.environment:checking '/px4_uxrce/new/px4-offboard_ws/install/mpc_msgs/bin'
[1.066s] Level 1:colcon.colcon_core.environment:checking '/px4_uxrce/new/px4-offboard_ws/install/mpc_msgs/lib/pkgconfig/mpc_msgs.pc'
[1.066s] Level 1:colcon.colcon_core.environment:checking '/px4_uxrce/new/px4-offboard_ws/install/mpc_msgs/lib/python3.10/site-packages'
[1.067s] Level 1:colcon.colcon_core.environment:checking '/px4_uxrce/new/px4-offboard_ws/install/mpc_msgs/bin'
[1.067s] INFO:colcon.colcon_core.shell:Creating package script '/px4_uxrce/new/px4-offboard_ws/install/mpc_msgs/share/mpc_msgs/package.ps1'
[1.068s] INFO:colcon.colcon_core.shell:Creating package descriptor '/px4_uxrce/new/px4-offboard_ws/install/mpc_msgs/share/mpc_msgs/package.dsv'
[1.069s] INFO:colcon.colcon_core.shell:Creating package script '/px4_uxrce/new/px4-offboard_ws/install/mpc_msgs/share/mpc_msgs/package.sh'
[1.069s] INFO:colcon.colcon_core.shell:Creating package script '/px4_uxrce/new/px4-offboard_ws/install/mpc_msgs/share/mpc_msgs/package.bash'
[1.070s] INFO:colcon.colcon_core.shell:Creating package script '/px4_uxrce/new/px4-offboard_ws/install/mpc_msgs/share/mpc_msgs/package.zsh'
[1.071s] Level 1:colcon.colcon_core.environment:create_file_with_runtime_dependencies(/px4_uxrce/new/px4-offboard_ws/install/mpc_msgs/share/colcon-core/packages/mpc_msgs)
[1.908s] DEBUG:colcon.colcon_core.event_handler.log_command:Invoked command in '/px4_uxrce/new/px4-offboard_ws/build/px4_msgs' returned '0': CMAKE_PREFIX_PATH=${CMAKE_PREFIX_PATH}:/px4_uxrce/new/px4-offboard_ws/install/px4_mpc:/px4_uxrce/new/px4-offboard_ws/install/px4_offboard:/opt/ros/humble /usr/bin/cmake --build /px4_uxrce/new/px4-offboard_ws/build/px4_msgs -- -j12 -l12
[1.910s] DEBUG:colcon.colcon_core.event_handler.log_command:Invoking command in '/px4_uxrce/new/px4-offboard_ws/build/px4_msgs': CMAKE_PREFIX_PATH=${CMAKE_PREFIX_PATH}:/px4_uxrce/new/px4-offboard_ws/install/px4_mpc:/px4_uxrce/new/px4-offboard_ws/install/px4_offboard:/opt/ros/humble /usr/bin/cmake --install /px4_uxrce/new/px4-offboard_ws/build/px4_msgs
[2.318s] Level 1:colcon.colcon_core.environment:create_environment_scripts_only(px4_msgs)
[2.319s] Level 1:colcon.colcon_core.environment:checking '/px4_uxrce/new/px4-offboard_ws/install/px4_msgs' for CMake module files
[2.320s] Level 1:colcon.colcon_core.environment:checking '/px4_uxrce/new/px4-offboard_ws/install/px4_msgs' for CMake config files
[2.340s] Level 1:colcon.colcon_core.shell:create_environment_hook('px4_msgs', 'cmake_prefix_path')
[2.340s] INFO:colcon.colcon_core.shell:Creating environment hook '/px4_uxrce/new/px4-offboard_ws/install/px4_msgs/share/px4_msgs/hook/cmake_prefix_path.ps1'
[2.345s] INFO:colcon.colcon_core.shell:Creating environment descriptor '/px4_uxrce/new/px4-offboard_ws/install/px4_msgs/share/px4_msgs/hook/cmake_prefix_path.dsv'
[2.345s] INFO:colcon.colcon_core.shell:Creating environment hook '/px4_uxrce/new/px4-offboard_ws/install/px4_msgs/share/px4_msgs/hook/cmake_prefix_path.sh'
[2.347s] Level 1:colcon.colcon_core.environment:checking '/px4_uxrce/new/px4-offboard_ws/install/px4_msgs/lib'
[2.347s] Level 1:colcon.colcon_core.shell:create_environment_hook('px4_msgs', 'ld_library_path_lib')
[2.348s] INFO:colcon.colcon_core.shell:Creating environment hook '/px4_uxrce/new/px4-offboard_ws/install/px4_msgs/share/px4_msgs/hook/ld_library_path_lib.ps1'
[2.348s] INFO:colcon.colcon_core.shell:Creating environment descriptor '/px4_uxrce/new/px4-offboard_ws/install/px4_msgs/share/px4_msgs/hook/ld_library_path_lib.dsv'
[2.349s] INFO:colcon.colcon_core.shell:Creating environment hook '/px4_uxrce/new/px4-offboard_ws/install/px4_msgs/share/px4_msgs/hook/ld_library_path_lib.sh'
[2.350s] Level 1:colcon.colcon_core.environment:checking '/px4_uxrce/new/px4-offboard_ws/install/px4_msgs/bin'
[2.350s] Level 1:colcon.colcon_core.environment:checking '/px4_uxrce/new/px4-offboard_ws/install/px4_msgs/lib/pkgconfig/px4_msgs.pc'
[2.350s] Level 1:colcon.colcon_core.environment:checking '/px4_uxrce/new/px4-offboard_ws/install/px4_msgs/lib/python3.10/site-packages'
[2.350s] Level 1:colcon.colcon_core.environment:checking '/px4_uxrce/new/px4-offboard_ws/install/px4_msgs/bin'
[2.352s] INFO:colcon.colcon_core.shell:Creating package script '/px4_uxrce/new/px4-offboard_ws/install/px4_msgs/share/px4_msgs/package.ps1'
[2.353s] INFO:colcon.colcon_core.shell:Creating package descriptor '/px4_uxrce/new/px4-offboard_ws/install/px4_msgs/share/px4_msgs/package.dsv'
[2.353s] INFO:colcon.colcon_core.shell:Creating package script '/px4_uxrce/new/px4-offboard_ws/install/px4_msgs/share/px4_msgs/package.sh'
[2.354s] INFO:colcon.colcon_core.shell:Creating package script '/px4_uxrce/new/px4-offboard_ws/install/px4_msgs/share/px4_msgs/package.bash'
[2.355s] INFO:colcon.colcon_core.shell:Creating package script '/px4_uxrce/new/px4-offboard_ws/install/px4_msgs/share/px4_msgs/package.zsh'
[2.356s] Level 1:colcon.colcon_core.environment:create_file_with_runtime_dependencies(/px4_uxrce/new/px4-offboard_ws/install/px4_msgs/share/colcon-core/packages/px4_msgs)
[2.357s] Level 1:colcon.colcon_core.environment:create_environment_scripts_only(px4_msgs)
[2.358s] Level 1:colcon.colcon_core.environment:checking '/px4_uxrce/new/px4-offboard_ws/install/px4_msgs' for CMake module files
[2.359s] Level 1:colcon.colcon_core.environment:checking '/px4_uxrce/new/px4-offboard_ws/install/px4_msgs' for CMake config files
[2.377s] Level 1:colcon.colcon_core.shell:create_environment_hook('px4_msgs', 'cmake_prefix_path')
[2.377s] INFO:colcon.colcon_core.shell:Creating environment hook '/px4_uxrce/new/px4-offboard_ws/install/px4_msgs/share/px4_msgs/hook/cmake_prefix_path.ps1'
[2.378s] INFO:colcon.colcon_core.shell:Creating environment descriptor '/px4_uxrce/new/px4-offboard_ws/install/px4_msgs/share/px4_msgs/hook/cmake_prefix_path.dsv'
[2.378s] INFO:colcon.colcon_core.shell:Creating environment hook '/px4_uxrce/new/px4-offboard_ws/install/px4_msgs/share/px4_msgs/hook/cmake_prefix_path.sh'
[2.379s] Level 1:colcon.colcon_core.environment:checking '/px4_uxrce/new/px4-offboard_ws/install/px4_msgs/lib'
[2.379s] Level 1:colcon.colcon_core.shell:create_environment_hook('px4_msgs', 'ld_library_path_lib')
[2.380s] INFO:colcon.colcon_core.shell:Creating environment hook '/px4_uxrce/new/px4-offboard_ws/install/px4_msgs/share/px4_msgs/hook/ld_library_path_lib.ps1'
[2.381s] INFO:colcon.colcon_core.shell:Creating environment descriptor '/px4_uxrce/new/px4-offboard_ws/install/px4_msgs/share/px4_msgs/hook/ld_library_path_lib.dsv'
[2.381s] INFO:colcon.colcon_core.shell:Creating environment hook '/px4_uxrce/new/px4-offboard_ws/install/px4_msgs/share/px4_msgs/hook/ld_library_path_lib.sh'
[2.382s] Level 1:colcon.colcon_core.environment:checking '/px4_uxrce/new/px4-offboard_ws/install/px4_msgs/bin'
[2.382s] Level 1:colcon.colcon_core.environment:checking '/px4_uxrce/new/px4-offboard_ws/install/px4_msgs/lib/pkgconfig/px4_msgs.pc'
[2.383s] Level 1:colcon.colcon_core.environment:checking '/px4_uxrce/new/px4-offboard_ws/install/px4_msgs/lib/python3.10/site-packages'
[2.383s] Level 1:colcon.colcon_core.environment:checking '/px4_uxrce/new/px4-offboard_ws/install/px4_msgs/bin'
[2.384s] INFO:colcon.colcon_core.shell:Creating package script '/px4_uxrce/new/px4-offboard_ws/install/px4_msgs/share/px4_msgs/package.ps1'
[2.385s] INFO:colcon.colcon_core.shell:Creating package descriptor '/px4_uxrce/new/px4-offboard_ws/install/px4_msgs/share/px4_msgs/package.dsv'
[2.385s] INFO:colcon.colcon_core.shell:Creating package script '/px4_uxrce/new/px4-offboard_ws/install/px4_msgs/share/px4_msgs/package.sh'
[2.386s] INFO:colcon.colcon_core.shell:Creating package script '/px4_uxrce/new/px4-offboard_ws/install/px4_msgs/share/px4_msgs/package.bash'
[2.387s] INFO:colcon.colcon_core.shell:Creating package script '/px4_uxrce/new/px4-offboard_ws/install/px4_msgs/share/px4_msgs/package.zsh'
[2.388s] Level 1:colcon.colcon_core.environment:create_file_with_runtime_dependencies(/px4_uxrce/new/px4-offboard_ws/install/px4_msgs/share/colcon-core/packages/px4_msgs)
[2.389s] INFO:colcon.colcon_ros.task.ament_python.build:Building ROS package in '/px4_uxrce/new/px4-offboard_ws/src/px4-offboard' with build type 'ament_python'
[2.389s] Level 1:colcon.colcon_core.shell:create_environment_hook('px4_offboard', 'ament_prefix_path')
[2.389s] INFO:colcon.colcon_core.shell:Creating environment hook '/px4_uxrce/new/px4-offboard_ws/install/px4_offboard/share/px4_offboard/hook/ament_prefix_path.ps1'
[2.390s] INFO:colcon.colcon_core.shell:Creating environment descriptor '/px4_uxrce/new/px4-offboard_ws/install/px4_offboard/share/px4_offboard/hook/ament_prefix_path.dsv'
[2.391s] INFO:colcon.colcon_core.shell:Creating environment hook '/px4_uxrce/new/px4-offboard_ws/install/px4_offboard/share/px4_offboard/hook/ament_prefix_path.sh'
[2.392s] INFO:colcon.colcon_core.shell:Skip shell extension 'powershell' for command environment: Not usable outside of PowerShell
[2.392s] DEBUG:colcon.colcon_core.shell:Skip shell extension 'dsv' for command environment
[2.487s] DEBUG:colcon.colcon_core.event_handler.log_command:Invoked command in '/px4_uxrce/new/px4-offboard_ws/build/px4_msgs' returned '0': CMAKE_PREFIX_PATH=${CMAKE_PREFIX_PATH}:/px4_uxrce/new/px4-offboard_ws/install/px4_mpc:/px4_uxrce/new/px4-offboard_ws/install/px4_offboard:/opt/ros/humble /usr/bin/cmake --install /px4_uxrce/new/px4-offboard_ws/build/px4_msgs
[2.752s] INFO:colcon.colcon_core.task.python.build:Building Python package in '/px4_uxrce/new/px4-offboard_ws/src/px4-offboard'
[2.752s] INFO:colcon.colcon_core.shell:Skip shell extension 'powershell' for command environment: Not usable outside of PowerShell
[2.752s] DEBUG:colcon.colcon_core.shell:Skip shell extension 'dsv' for command environment
[3.350s] DEBUG:colcon.colcon_core.event_handler.log_command:Invoking command in '/px4_uxrce/new/px4-offboard_ws/src/px4-offboard': PYTHONPATH=/px4_uxrce/new/px4-offboard_ws/build/px4_offboard/prefix_override:/usr/lib/python3/dist-packages/colcon_core/task/python/colcon_distutils_commands:/px4_uxrce/new/px4-offboard_ws/install/px4_offboard/lib/python3.10/site-packages:${PYTHONPATH} /usr/bin/python3 -W ignore:setup.py install is deprecated -W ignore:easy_install command is deprecated setup.py egg_info --egg-base ../../build/px4_offboard build --build-base /px4_uxrce/new/px4-offboard_ws/build/px4_offboard/build install --record /px4_uxrce/new/px4-offboard_ws/build/px4_offboard/install.log --single-version-externally-managed install_data
[3.755s] Level 1:colcon.colcon_core.environment:checking '/px4_uxrce/new/px4-offboard_ws/install/px4_offboard' for CMake module files
[3.755s] DEBUG:colcon.colcon_core.event_handler.log_command:Invoked command in '/px4_uxrce/new/px4-offboard_ws/src/px4-offboard' returned '0': PYTHONPATH=/px4_uxrce/new/px4-offboard_ws/build/px4_offboard/prefix_override:/usr/lib/python3/dist-packages/colcon_core/task/python/colcon_distutils_commands:/px4_uxrce/new/px4-offboard_ws/install/px4_offboard/lib/python3.10/site-packages:${PYTHONPATH} /usr/bin/python3 -W ignore:setup.py install is deprecated -W ignore:easy_install command is deprecated setup.py egg_info --egg-base ../../build/px4_offboard build --build-base /px4_uxrce/new/px4-offboard_ws/build/px4_offboard/build install --record /px4_uxrce/new/px4-offboard_ws/build/px4_offboard/install.log --single-version-externally-managed install_data
[3.756s] Level 1:colcon.colcon_core.environment:checking '/px4_uxrce/new/px4-offboard_ws/install/px4_offboard' for CMake config files
[3.756s] Level 1:colcon.colcon_core.environment:checking '/px4_uxrce/new/px4-offboard_ws/install/px4_offboard/lib'
[3.757s] Level 1:colcon.colcon_core.environment:checking '/px4_uxrce/new/px4-offboard_ws/install/px4_offboard/bin'
[3.757s] Level 1:colcon.colcon_core.environment:checking '/px4_uxrce/new/px4-offboard_ws/install/px4_offboard/lib/pkgconfig/px4_offboard.pc'
[3.757s] Level 1:colcon.colcon_core.environment:checking '/px4_uxrce/new/px4-offboard_ws/install/px4_offboard/lib/python3.10/site-packages'
[3.757s] Level 1:colcon.colcon_core.shell:create_environment_hook('px4_offboard', 'pythonpath')
[3.758s] INFO:colcon.colcon_core.shell:Creating environment hook '/px4_uxrce/new/px4-offboard_ws/install/px4_offboard/share/px4_offboard/hook/pythonpath.ps1'
[3.758s] INFO:colcon.colcon_core.shell:Creating environment descriptor '/px4_uxrce/new/px4-offboard_ws/install/px4_offboard/share/px4_offboard/hook/pythonpath.dsv'
[3.759s] INFO:colcon.colcon_core.shell:Creating environment hook '/px4_uxrce/new/px4-offboard_ws/install/px4_offboard/share/px4_offboard/hook/pythonpath.sh'
[3.759s] Level 1:colcon.colcon_core.environment:checking '/px4_uxrce/new/px4-offboard_ws/install/px4_offboard/bin'
[3.759s] Level 1:colcon.colcon_core.environment:create_environment_scripts_only(px4_offboard)
[3.760s] INFO:colcon.colcon_core.shell:Creating package script '/px4_uxrce/new/px4-offboard_ws/install/px4_offboard/share/px4_offboard/package.ps1'
[3.761s] INFO:colcon.colcon_core.shell:Creating package descriptor '/px4_uxrce/new/px4-offboard_ws/install/px4_offboard/share/px4_offboard/package.dsv'
[3.761s] INFO:colcon.colcon_core.shell:Creating package script '/px4_uxrce/new/px4-offboard_ws/install/px4_offboard/share/px4_offboard/package.sh'
[3.762s] INFO:colcon.colcon_core.shell:Creating package script '/px4_uxrce/new/px4-offboard_ws/install/px4_offboard/share/px4_offboard/package.bash'
[3.762s] INFO:colcon.colcon_core.shell:Creating package script '/px4_uxrce/new/px4-offboard_ws/install/px4_offboard/share/px4_offboard/package.zsh'
[3.763s] Level 1:colcon.colcon_core.environment:create_file_with_runtime_dependencies(/px4_uxrce/new/px4-offboard_ws/install/px4_offboard/share/colcon-core/packages/px4_offboard)
[3.763s] INFO:colcon.colcon_ros.task.ament_python.build:Building ROS package in '/px4_uxrce/new/px4-offboard_ws/src/px4-mpc/px4_mpc' with build type 'ament_python'
[3.763s] Level 1:colcon.colcon_core.shell:create_environment_hook('px4_mpc', 'ament_prefix_path')
[3.764s] INFO:colcon.colcon_core.shell:Creating environment hook '/px4_uxrce/new/px4-offboard_ws/install/px4_mpc/share/px4_mpc/hook/ament_prefix_path.ps1'
[3.764s] INFO:colcon.colcon_core.shell:Creating environment descriptor '/px4_uxrce/new/px4-offboard_ws/install/px4_mpc/share/px4_mpc/hook/ament_prefix_path.dsv'
[3.765s] INFO:colcon.colcon_core.shell:Creating environment hook '/px4_uxrce/new/px4-offboard_ws/install/px4_mpc/share/px4_mpc/hook/ament_prefix_path.sh'
[3.766s] INFO:colcon.colcon_core.shell:Skip shell extension 'powershell' for command environment: Not usable outside of PowerShell
[3.766s] DEBUG:colcon.colcon_core.shell:Skip shell extension 'dsv' for command environment
[4.172s] INFO:colcon.colcon_core.task.python.build:Building Python package in '/px4_uxrce/new/px4-offboard_ws/src/px4-mpc/px4_mpc'
[4.173s] INFO:colcon.colcon_core.shell:Skip shell extension 'powershell' for command environment: Not usable outside of PowerShell
[4.173s] DEBUG:colcon.colcon_core.shell:Skip shell extension 'dsv' for command environment
[4.792s] DEBUG:colcon.colcon_core.event_handler.log_command:Invoking command in '/px4_uxrce/new/px4-offboard_ws/src/px4-mpc/px4_mpc': AMENT_PREFIX_PATH=/px4_uxrce/new/px4-offboard_ws/install/px4_offboard:/px4_uxrce/new/px4-offboard_ws/install/px4_mpc:/px4_uxrce/new/px4-offboard_ws/install/px4_msgs:/px4_uxrce/new/px4-offboard_ws/install/mpc_msgs:/opt/ros/humble PYTHONPATH=/px4_uxrce/new/px4-offboard_ws/build/px4_mpc/prefix_override:/usr/lib/python3/dist-packages/colcon_core/task/python/colcon_distutils_commands:/px4_uxrce/new/px4-offboard_ws/install/px4_mpc/lib/python3.10/site-packages:/px4_uxrce/new/px4-offboard_ws/install/px4_offboard/lib/python3.10/site-packages:/px4_uxrce/new/px4-offboard_ws/install/px4_mpc/lib/python3.10/site-packages:/px4_uxrce/new/px4-offboard_ws/install/px4_msgs/local/lib/python3.10/dist-packages:/px4_uxrce/new/px4-offboard_ws/install/mpc_msgs/local/lib/python3.10/dist-packages:/opt/ros/humble/lib/python3.10/site-packages:/opt/ros/humble/local/lib/python3.10/dist-packages /usr/bin/python3 -W ignore:setup.py install is deprecated -W ignore:easy_install command is deprecated setup.py egg_info --egg-base ../../../build/px4_mpc build --build-base /px4_uxrce/new/px4-offboard_ws/build/px4_mpc/build install --record /px4_uxrce/new/px4-offboard_ws/build/px4_mpc/install.log --single-version-externally-managed install_data
[5.210s] Level 1:colcon.colcon_core.environment:checking '/px4_uxrce/new/px4-offboard_ws/install/px4_mpc' for CMake module files
[5.211s] DEBUG:colcon.colcon_core.event_handler.log_command:Invoked command in '/px4_uxrce/new/px4-offboard_ws/src/px4-mpc/px4_mpc' returned '0': AMENT_PREFIX_PATH=/px4_uxrce/new/px4-offboard_ws/install/px4_offboard:/px4_uxrce/new/px4-offboard_ws/install/px4_mpc:/px4_uxrce/new/px4-offboard_ws/install/px4_msgs:/px4_uxrce/new/px4-offboard_ws/install/mpc_msgs:/opt/ros/humble PYTHONPATH=/px4_uxrce/new/px4-offboard_ws/build/px4_mpc/prefix_override:/usr/lib/python3/dist-packages/colcon_core/task/python/colcon_distutils_commands:/px4_uxrce/new/px4-offboard_ws/install/px4_mpc/lib/python3.10/site-packages:/px4_uxrce/new/px4-offboard_ws/install/px4_offboard/lib/python3.10/site-packages:/px4_uxrce/new/px4-offboard_ws/install/px4_mpc/lib/python3.10/site-packages:/px4_uxrce/new/px4-offboard_ws/install/px4_msgs/local/lib/python3.10/dist-packages:/px4_uxrce/new/px4-offboard_ws/install/mpc_msgs/local/lib/python3.10/dist-packages:/opt/ros/humble/lib/python3.10/site-packages:/opt/ros/humble/local/lib/python3.10/dist-packages /usr/bin/python3 -W ignore:setup.py install is deprecated -W ignore:easy_install command is deprecated setup.py egg_info --egg-base ../../../build/px4_mpc build --build-base /px4_uxrce/new/px4-offboard_ws/build/px4_mpc/build install --record /px4_uxrce/new/px4-offboard_ws/build/px4_mpc/install.log --single-version-externally-managed install_data
[5.211s] Level 1:colcon.colcon_core.environment:checking '/px4_uxrce/new/px4-offboard_ws/install/px4_mpc' for CMake config files
[5.211s] Level 1:colcon.colcon_core.environment:checking '/px4_uxrce/new/px4-offboard_ws/install/px4_mpc/lib'
[5.212s] Level 1:colcon.colcon_core.environment:checking '/px4_uxrce/new/px4-offboard_ws/install/px4_mpc/bin'
[5.212s] Level 1:colcon.colcon_core.environment:checking '/px4_uxrce/new/px4-offboard_ws/install/px4_mpc/lib/pkgconfig/px4_mpc.pc'
[5.212s] Level 1:colcon.colcon_core.environment:checking '/px4_uxrce/new/px4-offboard_ws/install/px4_mpc/lib/python3.10/site-packages'
[5.212s] Level 1:colcon.colcon_core.shell:create_environment_hook('px4_mpc', 'pythonpath')
[5.212s] INFO:colcon.colcon_core.shell:Creating environment hook '/px4_uxrce/new/px4-offboard_ws/install/px4_mpc/share/px4_mpc/hook/pythonpath.ps1'
[5.213s] INFO:colcon.colcon_core.shell:Creating environment descriptor '/px4_uxrce/new/px4-offboard_ws/install/px4_mpc/share/px4_mpc/hook/pythonpath.dsv'
[5.213s] INFO:colcon.colcon_core.shell:Creating environment hook '/px4_uxrce/new/px4-offboard_ws/install/px4_mpc/share/px4_mpc/hook/pythonpath.sh'
[5.214s] Level 1:colcon.colcon_core.environment:checking '/px4_uxrce/new/px4-offboard_ws/install/px4_mpc/bin'
[5.214s] Level 1:colcon.colcon_core.environment:create_environment_scripts_only(px4_mpc)
[5.214s] INFO:colcon.colcon_core.shell:Creating package script '/px4_uxrce/new/px4-offboard_ws/install/px4_mpc/share/px4_mpc/package.ps1'
[5.215s] INFO:colcon.colcon_core.shell:Creating package descriptor '/px4_uxrce/new/px4-offboard_ws/install/px4_mpc/share/px4_mpc/package.dsv'
[5.215s] INFO:colcon.colcon_core.shell:Creating package script '/px4_uxrce/new/px4-offboard_ws/install/px4_mpc/share/px4_mpc/package.sh'
[5.216s] INFO:colcon.colcon_core.shell:Creating package script '/px4_uxrce/new/px4-offboard_ws/install/px4_mpc/share/px4_mpc/package.bash'
[5.216s] INFO:colcon.colcon_core.shell:Creating package script '/px4_uxrce/new/px4-offboard_ws/install/px4_mpc/share/px4_mpc/package.zsh'
[5.217s] Level 1:colcon.colcon_core.environment:create_file_with_runtime_dependencies(/px4_uxrce/new/px4-offboard_ws/install/px4_mpc/share/colcon-core/packages/px4_mpc)
[5.217s] DEBUG:colcon.colcon_parallel_executor.executor.parallel:closing loop
[5.217s] DEBUG:colcon.colcon_parallel_executor.executor.parallel:loop closed
[5.217s] DEBUG:colcon.colcon_parallel_executor.executor.parallel:run_until_complete finished with '0'
[5.217s] DEBUG:colcon.colcon_core.event_reactor:joining thread
[5.223s] INFO:colcon.colcon_core.plugin_system:Skipping extension 'colcon_notification.desktop_notification.notify_send': Could not find 'notify-send'
[5.223s] INFO:colcon.colcon_core.plugin_system:Skipping extension 'colcon_notification.desktop_notification.terminal_notifier': Not used on non-Darwin systems
[5.223s] INFO:colcon.colcon_core.plugin_system:Skipping extension 'colcon_notification.desktop_notification.win32': Not used on non-Windows systems
[5.223s] INFO:colcon.colcon_notification.desktop_notification:Sending desktop notification using 'notify2'
[5.226s] DEBUG:colcon.colcon_notification.desktop_notification.notify2:Failed to initialize notify2: org.freedesktop.DBus.Error.Spawn.ExecFailed: /usr/bin/dbus-launch terminated abnormally without any error message
[5.227s] DEBUG:colcon.colcon_core.event_reactor:joined thread
[5.227s] INFO:colcon.colcon_core.shell:Creating prefix script '/px4_uxrce/new/px4-offboard_ws/install/local_setup.ps1'
[5.228s] INFO:colcon.colcon_core.shell:Creating prefix util module '/px4_uxrce/new/px4-offboard_ws/install/_local_setup_util_ps1.py'
[5.230s] INFO:colcon.colcon_core.shell:Creating prefix chain script '/px4_uxrce/new/px4-offboard_ws/install/setup.ps1'
[5.231s] INFO:colcon.colcon_core.shell:Creating prefix script '/px4_uxrce/new/px4-offboard_ws/install/local_setup.sh'
[5.232s] INFO:colcon.colcon_core.shell:Creating prefix util module '/px4_uxrce/new/px4-offboard_ws/install/_local_setup_util_sh.py'
[5.233s] INFO:colcon.colcon_core.shell:Creating prefix chain script '/px4_uxrce/new/px4-offboard_ws/install/setup.sh'
[5.234s] INFO:colcon.colcon_core.shell:Creating prefix script '/px4_uxrce/new/px4-offboard_ws/install/local_setup.bash'
[5.234s] INFO:colcon.colcon_core.shell:Creating prefix chain script '/px4_uxrce/new/px4-offboard_ws/install/setup.bash'
[5.236s] INFO:colcon.colcon_core.shell:Creating prefix script '/px4_uxrce/new/px4-offboard_ws/install/local_setup.zsh'
[5.236s] INFO:colcon.colcon_core.shell:Creating prefix chain script '/px4_uxrce/new/px4-offboard_ws/install/setup.zsh'
