[2.961s] Invoking command in '/px4_uxrce/t265_px4_bridge/src/examples/rclpy/services/minimal_service': PYTHONPATH=/px4_uxrce/t265_px4_bridge/build/examples_rclpy_minimal_service/prefix_override:/usr/lib/python3/dist-packages/colcon_core/task/python/colcon_distutils_commands:/px4_uxrce/t265_px4_bridge/install/examples_rclpy_minimal_service/lib/python3.10/site-packages:${PYTHONPATH} /usr/bin/python3 -W ignore:setup.py install is deprecated -W ignore:easy_install command is deprecated setup.py egg_info --egg-base ../../../../../build/examples_rclpy_minimal_service build --build-base /px4_uxrce/t265_px4_bridge/build/examples_rclpy_minimal_service/build install --record /px4_uxrce/t265_px4_bridge/build/examples_rclpy_minimal_service/install.log --single-version-externally-managed install_data
[3.377s] running egg_info
[3.377s] writing ../../../../../build/examples_rclpy_minimal_service/examples_rclpy_minimal_service.egg-info/PKG-INFO
[3.377s] writing dependency_links to ../../../../../build/examples_rclpy_minimal_service/examples_rclpy_minimal_service.egg-info/dependency_links.txt
[3.377s] writing entry points to ../../../../../build/examples_rclpy_minimal_service/examples_rclpy_minimal_service.egg-info/entry_points.txt
[3.377s] writing requirements to ../../../../../build/examples_rclpy_minimal_service/examples_rclpy_minimal_service.egg-info/requires.txt
[3.385s] writing top-level names to ../../../../../build/examples_rclpy_minimal_service/examples_rclpy_minimal_service.egg-info/top_level.txt
[3.385s] reading manifest file '../../../../../build/examples_rclpy_minimal_service/examples_rclpy_minimal_service.egg-info/SOURCES.txt'
[3.386s] writing manifest file '../../../../../build/examples_rclpy_minimal_service/examples_rclpy_minimal_service.egg-info/SOURCES.txt'
[3.387s] running build
[3.387s] running build_py
[3.387s] running install
[3.388s] running install_lib
[3.392s] running install_data
[3.393s] running install_egg_info
[3.393s] removing '/px4_uxrce/t265_px4_bridge/install/examples_rclpy_minimal_service/lib/python3.10/site-packages/examples_rclpy_minimal_service-0.15.3-py3.10.egg-info' (and everything under it)
[3.394s] Copying ../../../../../build/examples_rclpy_minimal_service/examples_rclpy_minimal_service.egg-info to /px4_uxrce/t265_px4_bridge/install/examples_rclpy_minimal_service/lib/python3.10/site-packages/examples_rclpy_minimal_service-0.15.3-py3.10.egg-info
[3.394s] running install_scripts
[3.429s] Installing service script to /px4_uxrce/t265_px4_bridge/install/examples_rclpy_minimal_service/lib/examples_rclpy_minimal_service
[3.429s] Installing service_member_function script to /px4_uxrce/t265_px4_bridge/install/examples_rclpy_minimal_service/lib/examples_rclpy_minimal_service
[3.429s] writing list of installed files to '/px4_uxrce/t265_px4_bridge/build/examples_rclpy_minimal_service/install.log'
[3.504s] Invoked command in '/px4_uxrce/t265_px4_bridge/src/examples/rclpy/services/minimal_service' returned '0': PYTHONPATH=/px4_uxrce/t265_px4_bridge/build/examples_rclpy_minimal_service/prefix_override:/usr/lib/python3/dist-packages/colcon_core/task/python/colcon_distutils_commands:/px4_uxrce/t265_px4_bridge/install/examples_rclpy_minimal_service/lib/python3.10/site-packages:${PYTHONPATH} /usr/bin/python3 -W ignore:setup.py install is deprecated -W ignore:easy_install command is deprecated setup.py egg_info --egg-base ../../../../../build/examples_rclpy_minimal_service build --build-base /px4_uxrce/t265_px4_bridge/build/examples_rclpy_minimal_service/build install --record /px4_uxrce/t265_px4_bridge/build/examples_rclpy_minimal_service/install.log --single-version-externally-managed install_data
