[0.114s] DEBUG:colcon:Command line arguments: ['/usr/bin/colcon', 'build']
[0.114s] DEBUG:colcon:Parsed command line arguments: Namespace(log_base=None, log_level=None, verb_name='build', build_base='build', install_base='install', merge_install=False, symlink_install=False, test_result_base=None, continue_on_error=False, executor='parallel', parallel_workers=12, event_handlers=None, ignore_user_meta=False, metas=['./colcon.meta'], base_paths=['.'], packages_ignore=None, packages_ignore_regex=None, paths=None, packages_up_to=None, packages_up_to_regex=None, packages_above=None, packages_above_and_dependencies=None, packages_above_depth=None, packages_select_by_dep=None, packages_skip_by_dep=None, packages_skip_up_to=None, packages_select_build_failed=False, packages_skip_build_finished=False, packages_select_test_failures=False, packages_skip_test_passed=False, packages_select=None, packages_skip=None, packages_select_regex=None, packages_skip_regex=None, packages_start=None, packages_end=None, cmake_args=None, cmake_target=None, cmake_target_skip_unavailable=False, cmake_clean_cache=False, cmake_clean_first=False, cmake_force_configure=False, ament_cmake_args=None, catkin_cmake_args=None, catkin_skip_building_tests=False, mixin_files=None, mixin=None, verb_parser=<colcon_mixin.mixin.mixin_argument.MixinArgumentDecorator object at 0x7f30ee60b820>, verb_extension=<colcon_core.verb.build.BuildVerb object at 0x7f30ee60b190>, main=<bound method BuildVerb.main of <colcon_core.verb.build.BuildVerb object at 0x7f30ee60b190>>, mixin_verb=('build',))
[0.245s] Level 1:colcon.colcon_core.package_discovery:discover_packages(colcon_meta) check parameters
[0.246s] INFO:colcon.colcon_metadata.package_discovery.colcon_meta:Using configuration from '/root/.colcon/metadata/default/Gazebo.meta'
[0.247s] INFO:colcon.colcon_metadata.package_discovery.colcon_meta:Using configuration from '/root/.colcon/metadata/default/fastrtps.meta'
[0.247s] Level 1:colcon.colcon_core.package_discovery:discover_packages(recursive) check parameters
[0.247s] Level 1:colcon.colcon_core.package_discovery:discover_packages(ignore) check parameters
[0.247s] Level 1:colcon.colcon_core.package_discovery:discover_packages(path) check parameters
[0.247s] Level 1:colcon.colcon_core.package_discovery:discover_packages(colcon_meta) discover
[0.247s] Level 1:colcon.colcon_core.package_discovery:discover_packages(recursive) discover
[0.247s] INFO:colcon.colcon_core.package_discovery:Crawling recursively for packages in '/px4_uxrce/t265_px4_bridge'
[0.247s] Level 1:colcon.colcon_core.package_identification:_identify(.) by extensions ['ignore', 'ignore_ament_install']
[0.247s] Level 1:colcon.colcon_core.package_identification:_identify(.) by extension 'ignore'
[0.247s] Level 1:colcon.colcon_core.package_identification:_identify(.) by extension 'ignore_ament_install'
[0.247s] Level 1:colcon.colcon_core.package_identification:_identify(.) by extensions ['colcon_pkg']
[0.247s] Level 1:colcon.colcon_core.package_identification:_identify(.) by extension 'colcon_pkg'
[0.247s] Level 1:colcon.colcon_core.package_identification:_identify(.) by extensions ['colcon_meta']
[0.247s] Level 1:colcon.colcon_core.package_identification:_identify(.) by extension 'colcon_meta'
[0.247s] Level 1:colcon.colcon_core.package_identification:_identify(.) by extensions ['ros']
[0.248s] Level 1:colcon.colcon_core.package_identification:_identify(.) by extension 'ros'
[0.259s] Level 1:colcon.colcon_core.package_identification:_identify(.) by extensions ['cmake', 'python']
[0.259s] Level 1:colcon.colcon_core.package_identification:_identify(.) by extension 'cmake'
[0.259s] Level 1:colcon.colcon_core.package_identification:_identify(.) by extension 'python'
[0.259s] Level 1:colcon.colcon_core.package_identification:_identify(.) by extensions ['python_setup_py']
[0.259s] Level 1:colcon.colcon_core.package_identification:_identify(.) by extension 'python_setup_py'
[0.259s] Level 1:colcon.colcon_core.package_identification:_identify(build) by extensions ['ignore', 'ignore_ament_install']
[0.260s] Level 1:colcon.colcon_core.package_identification:_identify(build) by extension 'ignore'
[0.260s] Level 1:colcon.colcon_core.package_identification:_identify(build) ignored
[0.260s] Level 1:colcon.colcon_core.package_identification:_identify(install) by extensions ['ignore', 'ignore_ament_install']
[0.260s] Level 1:colcon.colcon_core.package_identification:_identify(install) by extension 'ignore'
[0.260s] Level 1:colcon.colcon_core.package_identification:_identify(install) ignored
[0.260s] Level 1:colcon.colcon_core.package_identification:_identify(log) by extensions ['ignore', 'ignore_ament_install']
[0.260s] Level 1:colcon.colcon_core.package_identification:_identify(log) by extension 'ignore'
[0.260s] Level 1:colcon.colcon_core.package_identification:_identify(log) ignored
[0.260s] Level 1:colcon.colcon_core.package_identification:_identify(src) by extensions ['ignore', 'ignore_ament_install']
[0.260s] Level 1:colcon.colcon_core.package_identification:_identify(src) by extension 'ignore'
[0.260s] Level 1:colcon.colcon_core.package_identification:_identify(src) by extension 'ignore_ament_install'
[0.260s] Level 1:colcon.colcon_core.package_identification:_identify(src) by extensions ['colcon_pkg']
[0.261s] Level 1:colcon.colcon_core.package_identification:_identify(src) by extension 'colcon_pkg'
[0.261s] Level 1:colcon.colcon_core.package_identification:_identify(src) by extensions ['colcon_meta']
[0.261s] Level 1:colcon.colcon_core.package_identification:_identify(src) by extension 'colcon_meta'
[0.261s] Level 1:colcon.colcon_core.package_identification:_identify(src) by extensions ['ros']
[0.261s] Level 1:colcon.colcon_core.package_identification:_identify(src) by extension 'ros'
[0.261s] Level 1:colcon.colcon_core.package_identification:_identify(src) by extensions ['cmake', 'python']
[0.261s] Level 1:colcon.colcon_core.package_identification:_identify(src) by extension 'cmake'
[0.261s] Level 1:colcon.colcon_core.package_identification:_identify(src) by extension 'python'
[0.261s] Level 1:colcon.colcon_core.package_identification:_identify(src) by extensions ['python_setup_py']
[0.261s] Level 1:colcon.colcon_core.package_identification:_identify(src) by extension 'python_setup_py'
[0.261s] Level 1:colcon.colcon_core.package_identification:_identify(src/bridge_px4) by extensions ['ignore', 'ignore_ament_install']
[0.261s] Level 1:colcon.colcon_core.package_identification:_identify(src/bridge_px4) by extension 'ignore'
[0.261s] Level 1:colcon.colcon_core.package_identification:_identify(src/bridge_px4) by extension 'ignore_ament_install'
[0.261s] Level 1:colcon.colcon_core.package_identification:_identify(src/bridge_px4) by extensions ['colcon_pkg']
[0.261s] Level 1:colcon.colcon_core.package_identification:_identify(src/bridge_px4) by extension 'colcon_pkg'
[0.261s] Level 1:colcon.colcon_core.package_identification:_identify(src/bridge_px4) by extensions ['colcon_meta']
[0.261s] Level 1:colcon.colcon_core.package_identification:_identify(src/bridge_px4) by extension 'colcon_meta'
[0.261s] Level 1:colcon.colcon_core.package_identification:_identify(src/bridge_px4) by extensions ['ros']
[0.261s] Level 1:colcon.colcon_core.package_identification:_identify(src/bridge_px4) by extension 'ros'
[0.264s] DEBUG:colcon.colcon_core.package_identification:Package 'src/bridge_px4' with type 'ros.ament_cmake' and name 'bridge_px4'
[0.264s] Level 1:colcon.colcon_core.package_identification:_identify(src/cpp_pubsub) by extensions ['ignore', 'ignore_ament_install']
[0.264s] Level 1:colcon.colcon_core.package_identification:_identify(src/cpp_pubsub) by extension 'ignore'
[0.264s] Level 1:colcon.colcon_core.package_identification:_identify(src/cpp_pubsub) by extension 'ignore_ament_install'
[0.264s] Level 1:colcon.colcon_core.package_identification:_identify(src/cpp_pubsub) by extensions ['colcon_pkg']
[0.264s] Level 1:colcon.colcon_core.package_identification:_identify(src/cpp_pubsub) by extension 'colcon_pkg'
[0.264s] Level 1:colcon.colcon_core.package_identification:_identify(src/cpp_pubsub) by extensions ['colcon_meta']
[0.264s] Level 1:colcon.colcon_core.package_identification:_identify(src/cpp_pubsub) by extension 'colcon_meta'
[0.264s] Level 1:colcon.colcon_core.package_identification:_identify(src/cpp_pubsub) by extensions ['ros']
[0.264s] Level 1:colcon.colcon_core.package_identification:_identify(src/cpp_pubsub) by extension 'ros'
[0.265s] DEBUG:colcon.colcon_core.package_identification:Package 'src/cpp_pubsub' with type 'ros.ament_cmake' and name 'cpp_pubsub'
[0.265s] Level 1:colcon.colcon_core.package_identification:_identify(src/px4_msgs) by extensions ['ignore', 'ignore_ament_install']
[0.266s] Level 1:colcon.colcon_core.package_identification:_identify(src/px4_msgs) by extension 'ignore'
[0.266s] Level 1:colcon.colcon_core.package_identification:_identify(src/px4_msgs) by extension 'ignore_ament_install'
[0.266s] Level 1:colcon.colcon_core.package_identification:_identify(src/px4_msgs) by extensions ['colcon_pkg']
[0.266s] Level 1:colcon.colcon_core.package_identification:_identify(src/px4_msgs) by extension 'colcon_pkg'
[0.266s] Level 1:colcon.colcon_core.package_identification:_identify(src/px4_msgs) by extensions ['colcon_meta']
[0.266s] Level 1:colcon.colcon_core.package_identification:_identify(src/px4_msgs) by extension 'colcon_meta'
[0.266s] Level 1:colcon.colcon_core.package_identification:_identify(src/px4_msgs) by extensions ['ros']
[0.266s] Level 1:colcon.colcon_core.package_identification:_identify(src/px4_msgs) by extension 'ros'
[0.266s] DEBUG:colcon.colcon_core.package_identification:Package 'src/px4_msgs' with type 'ros.ament_cmake' and name 'px4_msgs'
[0.267s] Level 1:colcon.colcon_core.package_identification:_identify(src/px4_ros_com) by extensions ['ignore', 'ignore_ament_install']
[0.267s] Level 1:colcon.colcon_core.package_identification:_identify(src/px4_ros_com) by extension 'ignore'
[0.267s] Level 1:colcon.colcon_core.package_identification:_identify(src/px4_ros_com) by extension 'ignore_ament_install'
[0.267s] Level 1:colcon.colcon_core.package_identification:_identify(src/px4_ros_com) by extensions ['colcon_pkg']
[0.267s] Level 1:colcon.colcon_core.package_identification:_identify(src/px4_ros_com) by extension 'colcon_pkg'
[0.267s] Level 1:colcon.colcon_core.package_identification:_identify(src/px4_ros_com) by extensions ['colcon_meta']
[0.267s] Level 1:colcon.colcon_core.package_identification:_identify(src/px4_ros_com) by extension 'colcon_meta'
[0.267s] Level 1:colcon.colcon_core.package_identification:_identify(src/px4_ros_com) by extensions ['ros']
[0.267s] Level 1:colcon.colcon_core.package_identification:_identify(src/px4_ros_com) by extension 'ros'
[0.268s] DEBUG:colcon.colcon_core.package_identification:Package 'src/px4_ros_com' with type 'ros.ament_cmake' and name 'px4_ros_com'
[0.268s] Level 1:colcon.colcon_core.package_identification:_identify(src/t265_to_px4_bridge) by extensions ['ignore', 'ignore_ament_install']
[0.268s] Level 1:colcon.colcon_core.package_identification:_identify(src/t265_to_px4_bridge) by extension 'ignore'
[0.268s] Level 1:colcon.colcon_core.package_identification:_identify(src/t265_to_px4_bridge) by extension 'ignore_ament_install'
[0.269s] Level 1:colcon.colcon_core.package_identification:_identify(src/t265_to_px4_bridge) by extensions ['colcon_pkg']
[0.269s] Level 1:colcon.colcon_core.package_identification:_identify(src/t265_to_px4_bridge) by extension 'colcon_pkg'
[0.269s] Level 1:colcon.colcon_core.package_identification:_identify(src/t265_to_px4_bridge) by extensions ['colcon_meta']
[0.269s] Level 1:colcon.colcon_core.package_identification:_identify(src/t265_to_px4_bridge) by extension 'colcon_meta'
[0.269s] Level 1:colcon.colcon_core.package_identification:_identify(src/t265_to_px4_bridge) by extensions ['ros']
[0.269s] Level 1:colcon.colcon_core.package_identification:_identify(src/t265_to_px4_bridge) by extension 'ros'
[0.269s] DEBUG:colcon.colcon_core.package_identification:Package 'src/t265_to_px4_bridge' with type 'ros.ament_cmake' and name 't265_to_px4_bridge'
[0.269s] Level 1:colcon.colcon_core.package_discovery:discover_packages(recursive) using defaults
[0.269s] Level 1:colcon.colcon_core.package_discovery:discover_packages(ignore) discover
[0.269s] Level 1:colcon.colcon_core.package_discovery:discover_packages(ignore) using defaults
[0.269s] Level 1:colcon.colcon_core.package_discovery:discover_packages(path) discover
[0.269s] Level 1:colcon.colcon_core.package_discovery:discover_packages(path) using defaults
[0.294s] Level 5:colcon.colcon_core.verb:set package 'bridge_px4' build argument 'cmake_args' from command line to 'None'
[0.294s] Level 5:colcon.colcon_core.verb:set package 'bridge_px4' build argument 'cmake_target' from command line to 'None'
[0.294s] Level 5:colcon.colcon_core.verb:set package 'bridge_px4' build argument 'cmake_target_skip_unavailable' from command line to 'False'
[0.294s] Level 5:colcon.colcon_core.verb:set package 'bridge_px4' build argument 'cmake_clean_cache' from command line to 'False'
[0.294s] Level 5:colcon.colcon_core.verb:set package 'bridge_px4' build argument 'cmake_clean_first' from command line to 'False'
[0.294s] Level 5:colcon.colcon_core.verb:set package 'bridge_px4' build argument 'cmake_force_configure' from command line to 'False'
[0.294s] Level 5:colcon.colcon_core.verb:set package 'bridge_px4' build argument 'ament_cmake_args' from command line to 'None'
[0.294s] Level 5:colcon.colcon_core.verb:set package 'bridge_px4' build argument 'catkin_cmake_args' from command line to 'None'
[0.294s] Level 5:colcon.colcon_core.verb:set package 'bridge_px4' build argument 'catkin_skip_building_tests' from command line to 'False'
[0.295s] DEBUG:colcon.colcon_core.verb:Building package 'bridge_px4' with the following arguments: {'ament_cmake_args': None, 'build_base': '/px4_uxrce/t265_px4_bridge/build/bridge_px4', 'catkin_cmake_args': None, 'catkin_skip_building_tests': False, 'cmake_args': None, 'cmake_clean_cache': False, 'cmake_clean_first': False, 'cmake_force_configure': False, 'cmake_target': None, 'cmake_target_skip_unavailable': False, 'install_base': '/px4_uxrce/t265_px4_bridge/install/bridge_px4', 'merge_install': False, 'path': '/px4_uxrce/t265_px4_bridge/src/bridge_px4', 'symlink_install': False, 'test_result_base': None}
[0.295s] Level 5:colcon.colcon_core.verb:set package 'cpp_pubsub' build argument 'cmake_args' from command line to 'None'
[0.295s] Level 5:colcon.colcon_core.verb:set package 'cpp_pubsub' build argument 'cmake_target' from command line to 'None'
[0.295s] Level 5:colcon.colcon_core.verb:set package 'cpp_pubsub' build argument 'cmake_target_skip_unavailable' from command line to 'False'
[0.295s] Level 5:colcon.colcon_core.verb:set package 'cpp_pubsub' build argument 'cmake_clean_cache' from command line to 'False'
[0.295s] Level 5:colcon.colcon_core.verb:set package 'cpp_pubsub' build argument 'cmake_clean_first' from command line to 'False'
[0.295s] Level 5:colcon.colcon_core.verb:set package 'cpp_pubsub' build argument 'cmake_force_configure' from command line to 'False'
[0.295s] Level 5:colcon.colcon_core.verb:set package 'cpp_pubsub' build argument 'ament_cmake_args' from command line to 'None'
[0.295s] Level 5:colcon.colcon_core.verb:set package 'cpp_pubsub' build argument 'catkin_cmake_args' from command line to 'None'
[0.295s] Level 5:colcon.colcon_core.verb:set package 'cpp_pubsub' build argument 'catkin_skip_building_tests' from command line to 'False'
[0.295s] DEBUG:colcon.colcon_core.verb:Building package 'cpp_pubsub' with the following arguments: {'ament_cmake_args': None, 'build_base': '/px4_uxrce/t265_px4_bridge/build/cpp_pubsub', 'catkin_cmake_args': None, 'catkin_skip_building_tests': False, 'cmake_args': None, 'cmake_clean_cache': False, 'cmake_clean_first': False, 'cmake_force_configure': False, 'cmake_target': None, 'cmake_target_skip_unavailable': False, 'install_base': '/px4_uxrce/t265_px4_bridge/install/cpp_pubsub', 'merge_install': False, 'path': '/px4_uxrce/t265_px4_bridge/src/cpp_pubsub', 'symlink_install': False, 'test_result_base': None}
[0.296s] Level 5:colcon.colcon_core.verb:set package 'px4_msgs' build argument 'cmake_args' from command line to 'None'
[0.296s] Level 5:colcon.colcon_core.verb:set package 'px4_msgs' build argument 'cmake_target' from command line to 'None'
[0.296s] Level 5:colcon.colcon_core.verb:set package 'px4_msgs' build argument 'cmake_target_skip_unavailable' from command line to 'False'
[0.296s] Level 5:colcon.colcon_core.verb:set package 'px4_msgs' build argument 'cmake_clean_cache' from command line to 'False'
[0.296s] Level 5:colcon.colcon_core.verb:set package 'px4_msgs' build argument 'cmake_clean_first' from command line to 'False'
[0.296s] Level 5:colcon.colcon_core.verb:set package 'px4_msgs' build argument 'cmake_force_configure' from command line to 'False'
[0.296s] Level 5:colcon.colcon_core.verb:set package 'px4_msgs' build argument 'ament_cmake_args' from command line to 'None'
[0.296s] Level 5:colcon.colcon_core.verb:set package 'px4_msgs' build argument 'catkin_cmake_args' from command line to 'None'
[0.296s] Level 5:colcon.colcon_core.verb:set package 'px4_msgs' build argument 'catkin_skip_building_tests' from command line to 'False'
[0.296s] DEBUG:colcon.colcon_core.verb:Building package 'px4_msgs' with the following arguments: {'ament_cmake_args': None, 'build_base': '/px4_uxrce/t265_px4_bridge/build/px4_msgs', 'catkin_cmake_args': None, 'catkin_skip_building_tests': False, 'cmake_args': None, 'cmake_clean_cache': False, 'cmake_clean_first': False, 'cmake_force_configure': False, 'cmake_target': None, 'cmake_target_skip_unavailable': False, 'install_base': '/px4_uxrce/t265_px4_bridge/install/px4_msgs', 'merge_install': False, 'path': '/px4_uxrce/t265_px4_bridge/src/px4_msgs', 'symlink_install': False, 'test_result_base': None}
[0.296s] Level 5:colcon.colcon_core.verb:set package 't265_to_px4_bridge' build argument 'cmake_args' from command line to 'None'
[0.296s] Level 5:colcon.colcon_core.verb:set package 't265_to_px4_bridge' build argument 'cmake_target' from command line to 'None'
[0.296s] Level 5:colcon.colcon_core.verb:set package 't265_to_px4_bridge' build argument 'cmake_target_skip_unavailable' from command line to 'False'
[0.296s] Level 5:colcon.colcon_core.verb:set package 't265_to_px4_bridge' build argument 'cmake_clean_cache' from command line to 'False'
[0.296s] Level 5:colcon.colcon_core.verb:set package 't265_to_px4_bridge' build argument 'cmake_clean_first' from command line to 'False'
[0.296s] Level 5:colcon.colcon_core.verb:set package 't265_to_px4_bridge' build argument 'cmake_force_configure' from command line to 'False'
[0.296s] Level 5:colcon.colcon_core.verb:set package 't265_to_px4_bridge' build argument 'ament_cmake_args' from command line to 'None'
[0.296s] Level 5:colcon.colcon_core.verb:set package 't265_to_px4_bridge' build argument 'catkin_cmake_args' from command line to 'None'
[0.296s] Level 5:colcon.colcon_core.verb:set package 't265_to_px4_bridge' build argument 'catkin_skip_building_tests' from command line to 'False'
[0.297s] DEBUG:colcon.colcon_core.verb:Building package 't265_to_px4_bridge' with the following arguments: {'ament_cmake_args': None, 'build_base': '/px4_uxrce/t265_px4_bridge/build/t265_to_px4_bridge', 'catkin_cmake_args': None, 'catkin_skip_building_tests': False, 'cmake_args': None, 'cmake_clean_cache': False, 'cmake_clean_first': False, 'cmake_force_configure': False, 'cmake_target': None, 'cmake_target_skip_unavailable': False, 'install_base': '/px4_uxrce/t265_px4_bridge/install/t265_to_px4_bridge', 'merge_install': False, 'path': '/px4_uxrce/t265_px4_bridge/src/t265_to_px4_bridge', 'symlink_install': False, 'test_result_base': None}
[0.297s] Level 5:colcon.colcon_core.verb:set package 'px4_ros_com' build argument 'cmake_args' from command line to 'None'
[0.297s] Level 5:colcon.colcon_core.verb:set package 'px4_ros_com' build argument 'cmake_target' from command line to 'None'
[0.297s] Level 5:colcon.colcon_core.verb:set package 'px4_ros_com' build argument 'cmake_target_skip_unavailable' from command line to 'False'
[0.297s] Level 5:colcon.colcon_core.verb:set package 'px4_ros_com' build argument 'cmake_clean_cache' from command line to 'False'
[0.297s] Level 5:colcon.colcon_core.verb:set package 'px4_ros_com' build argument 'cmake_clean_first' from command line to 'False'
[0.297s] Level 5:colcon.colcon_core.verb:set package 'px4_ros_com' build argument 'cmake_force_configure' from command line to 'False'
[0.297s] Level 5:colcon.colcon_core.verb:set package 'px4_ros_com' build argument 'ament_cmake_args' from command line to 'None'
[0.297s] Level 5:colcon.colcon_core.verb:set package 'px4_ros_com' build argument 'catkin_cmake_args' from command line to 'None'
[0.297s] Level 5:colcon.colcon_core.verb:set package 'px4_ros_com' build argument 'catkin_skip_building_tests' from command line to 'False'
[0.297s] DEBUG:colcon.colcon_core.verb:Building package 'px4_ros_com' with the following arguments: {'ament_cmake_args': None, 'build_base': '/px4_uxrce/t265_px4_bridge/build/px4_ros_com', 'catkin_cmake_args': None, 'catkin_skip_building_tests': False, 'cmake_args': None, 'cmake_clean_cache': False, 'cmake_clean_first': False, 'cmake_force_configure': False, 'cmake_target': None, 'cmake_target_skip_unavailable': False, 'install_base': '/px4_uxrce/t265_px4_bridge/install/px4_ros_com', 'merge_install': False, 'path': '/px4_uxrce/t265_px4_bridge/src/px4_ros_com', 'symlink_install': False, 'test_result_base': None}
[0.297s] INFO:colcon.colcon_core.executor:Executing jobs using 'parallel' executor
[0.298s] DEBUG:colcon.colcon_parallel_executor.executor.parallel:run_until_complete
[0.299s] INFO:colcon.colcon_ros.task.ament_cmake.build:Building ROS package in '/px4_uxrce/t265_px4_bridge/src/px4_msgs' with build type 'ament_cmake'
[0.299s] INFO:colcon.colcon_cmake.task.cmake.build:Building CMake package in '/px4_uxrce/t265_px4_bridge/src/px4_msgs'
[0.301s] INFO:colcon.colcon_core.plugin_system:Skipping extension 'colcon_core.shell.bat': Not used on non-Windows systems
[0.301s] INFO:colcon.colcon_core.shell:Skip shell extension 'powershell' for command environment: Not usable outside of PowerShell
[0.301s] DEBUG:colcon.colcon_core.shell:Skip shell extension 'dsv' for command environment
[0.307s] INFO:colcon.colcon_ros.task.ament_cmake.build:Building ROS package in '/px4_uxrce/t265_px4_bridge/src/bridge_px4' with build type 'ament_cmake'
[0.307s] INFO:colcon.colcon_cmake.task.cmake.build:Building CMake package in '/px4_uxrce/t265_px4_bridge/src/bridge_px4'
[0.307s] INFO:colcon.colcon_core.shell:Skip shell extension 'powershell' for command environment: Not usable outside of PowerShell
[0.307s] DEBUG:colcon.colcon_core.shell:Skip shell extension 'dsv' for command environment
[0.312s] INFO:colcon.colcon_ros.task.ament_cmake.build:Building ROS package in '/px4_uxrce/t265_px4_bridge/src/cpp_pubsub' with build type 'ament_cmake'
[0.312s] INFO:colcon.colcon_cmake.task.cmake.build:Building CMake package in '/px4_uxrce/t265_px4_bridge/src/cpp_pubsub'
[0.312s] INFO:colcon.colcon_core.shell:Skip shell extension 'powershell' for command environment: Not usable outside of PowerShell
[0.312s] DEBUG:colcon.colcon_core.shell:Skip shell extension 'dsv' for command environment
[0.317s] INFO:colcon.colcon_ros.task.ament_cmake.build:Building ROS package in '/px4_uxrce/t265_px4_bridge/src/t265_to_px4_bridge' with build type 'ament_cmake'
[0.317s] INFO:colcon.colcon_cmake.task.cmake.build:Building CMake package in '/px4_uxrce/t265_px4_bridge/src/t265_to_px4_bridge'
[0.318s] INFO:colcon.colcon_core.shell:Skip shell extension 'powershell' for command environment: Not usable outside of PowerShell
[0.318s] DEBUG:colcon.colcon_core.shell:Skip shell extension 'dsv' for command environment
[0.327s] DEBUG:colcon.colcon_core.event_handler.log_command:Invoking command in '/px4_uxrce/t265_px4_bridge/build/px4_msgs': CMAKE_PREFIX_PATH=/px4_uxrce/t265_px4_bridge/install/px4_ros_com:/px4_uxrce/t265_px4_bridge/install/px4_msgs:/px4_uxrce/t265_px4_bridge/install/launch_testing_examples:/px4_uxrce/t265_px4_bridge/install/examples_rclpy_pointcloud_publisher:/px4_uxrce/t265_px4_bridge/install/examples_rclpy_minimal_subscriber:/px4_uxrce/t265_px4_bridge/install/examples_rclpy_minimal_service:/px4_uxrce/t265_px4_bridge/install/examples_rclpy_minimal_publisher:/px4_uxrce/t265_px4_bridge/install/examples_rclpy_minimal_client:/px4_uxrce/t265_px4_bridge/install/examples_rclpy_minimal_action_server:/px4_uxrce/t265_px4_bridge/install/examples_rclpy_minimal_action_client:/px4_uxrce/t265_px4_bridge/install/examples_rclpy_guard_conditions:/px4_uxrce/t265_px4_bridge/install/examples_rclpy_executors:/opt/ros/humble:/px4_uxrce/t265_px4_bridge/install/t265_to_px4_bridge:/px4_uxrce/t265_px4_bridge/install/examples_rclcpp_wait_set:/px4_uxrce/t265_px4_bridge/install/examples_rclcpp_multithreaded_executor:/px4_uxrce/t265_px4_bridge/install/examples_rclcpp_minimal_timer:/px4_uxrce/t265_px4_bridge/install/examples_rclcpp_minimal_subscriber:/px4_uxrce/t265_px4_bridge/install/examples_rclcpp_minimal_service:/px4_uxrce/t265_px4_bridge/install/examples_rclcpp_minimal_publisher:/px4_uxrce/t265_px4_bridge/install/examples_rclcpp_minimal_composition:/px4_uxrce/t265_px4_bridge/install/examples_rclcpp_minimal_client:/px4_uxrce/t265_px4_bridge/install/examples_rclcpp_minimal_action_server:/px4_uxrce/t265_px4_bridge/install/examples_rclcpp_minimal_action_client:/px4_uxrce/t265_px4_bridge/install/examples_rclcpp_cbg_executor:/px4_uxrce/t265_px4_bridge/install/examples_rclcpp_async_client:/px4_uxrce/t265_px4_bridge/install/cpp_pubsub:/px4_uxrce/t265_px4_bridge/install/bridge_px4 /usr/bin/cmake --build /px4_uxrce/t265_px4_bridge/build/px4_msgs -- -j12 -l12
[0.330s] DEBUG:colcon.colcon_core.event_handler.log_command:Invoking command in '/px4_uxrce/t265_px4_bridge/build/bridge_px4': CMAKE_PREFIX_PATH=/px4_uxrce/t265_px4_bridge/install/px4_ros_com:/px4_uxrce/t265_px4_bridge/install/px4_msgs:/px4_uxrce/t265_px4_bridge/install/launch_testing_examples:/px4_uxrce/t265_px4_bridge/install/examples_rclpy_pointcloud_publisher:/px4_uxrce/t265_px4_bridge/install/examples_rclpy_minimal_subscriber:/px4_uxrce/t265_px4_bridge/install/examples_rclpy_minimal_service:/px4_uxrce/t265_px4_bridge/install/examples_rclpy_minimal_publisher:/px4_uxrce/t265_px4_bridge/install/examples_rclpy_minimal_client:/px4_uxrce/t265_px4_bridge/install/examples_rclpy_minimal_action_server:/px4_uxrce/t265_px4_bridge/install/examples_rclpy_minimal_action_client:/px4_uxrce/t265_px4_bridge/install/examples_rclpy_guard_conditions:/px4_uxrce/t265_px4_bridge/install/examples_rclpy_executors:/opt/ros/humble:/px4_uxrce/t265_px4_bridge/install/t265_to_px4_bridge:/px4_uxrce/t265_px4_bridge/install/examples_rclcpp_wait_set:/px4_uxrce/t265_px4_bridge/install/examples_rclcpp_multithreaded_executor:/px4_uxrce/t265_px4_bridge/install/examples_rclcpp_minimal_timer:/px4_uxrce/t265_px4_bridge/install/examples_rclcpp_minimal_subscriber:/px4_uxrce/t265_px4_bridge/install/examples_rclcpp_minimal_service:/px4_uxrce/t265_px4_bridge/install/examples_rclcpp_minimal_publisher:/px4_uxrce/t265_px4_bridge/install/examples_rclcpp_minimal_composition:/px4_uxrce/t265_px4_bridge/install/examples_rclcpp_minimal_client:/px4_uxrce/t265_px4_bridge/install/examples_rclcpp_minimal_action_server:/px4_uxrce/t265_px4_bridge/install/examples_rclcpp_minimal_action_client:/px4_uxrce/t265_px4_bridge/install/examples_rclcpp_cbg_executor:/px4_uxrce/t265_px4_bridge/install/examples_rclcpp_async_client:/px4_uxrce/t265_px4_bridge/install/cpp_pubsub:/px4_uxrce/t265_px4_bridge/install/bridge_px4 /usr/bin/cmake --build /px4_uxrce/t265_px4_bridge/build/bridge_px4 -- -j12 -l12
[0.345s] DEBUG:colcon.colcon_core.event_handler.log_command:Invoking command in '/px4_uxrce/t265_px4_bridge/build/cpp_pubsub': CMAKE_PREFIX_PATH=/px4_uxrce/t265_px4_bridge/install/px4_ros_com:/px4_uxrce/t265_px4_bridge/install/px4_msgs:/px4_uxrce/t265_px4_bridge/install/launch_testing_examples:/px4_uxrce/t265_px4_bridge/install/examples_rclpy_pointcloud_publisher:/px4_uxrce/t265_px4_bridge/install/examples_rclpy_minimal_subscriber:/px4_uxrce/t265_px4_bridge/install/examples_rclpy_minimal_service:/px4_uxrce/t265_px4_bridge/install/examples_rclpy_minimal_publisher:/px4_uxrce/t265_px4_bridge/install/examples_rclpy_minimal_client:/px4_uxrce/t265_px4_bridge/install/examples_rclpy_minimal_action_server:/px4_uxrce/t265_px4_bridge/install/examples_rclpy_minimal_action_client:/px4_uxrce/t265_px4_bridge/install/examples_rclpy_guard_conditions:/px4_uxrce/t265_px4_bridge/install/examples_rclpy_executors:/opt/ros/humble:/px4_uxrce/t265_px4_bridge/install/t265_to_px4_bridge:/px4_uxrce/t265_px4_bridge/install/examples_rclcpp_wait_set:/px4_uxrce/t265_px4_bridge/install/examples_rclcpp_multithreaded_executor:/px4_uxrce/t265_px4_bridge/install/examples_rclcpp_minimal_timer:/px4_uxrce/t265_px4_bridge/install/examples_rclcpp_minimal_subscriber:/px4_uxrce/t265_px4_bridge/install/examples_rclcpp_minimal_service:/px4_uxrce/t265_px4_bridge/install/examples_rclcpp_minimal_publisher:/px4_uxrce/t265_px4_bridge/install/examples_rclcpp_minimal_composition:/px4_uxrce/t265_px4_bridge/install/examples_rclcpp_minimal_client:/px4_uxrce/t265_px4_bridge/install/examples_rclcpp_minimal_action_server:/px4_uxrce/t265_px4_bridge/install/examples_rclcpp_minimal_action_client:/px4_uxrce/t265_px4_bridge/install/examples_rclcpp_cbg_executor:/px4_uxrce/t265_px4_bridge/install/examples_rclcpp_async_client:/px4_uxrce/t265_px4_bridge/install/cpp_pubsub:/px4_uxrce/t265_px4_bridge/install/bridge_px4 /usr/bin/cmake --build /px4_uxrce/t265_px4_bridge/build/cpp_pubsub -- -j12 -l12
[0.349s] DEBUG:colcon.colcon_core.event_handler.log_command:Invoking command in '/px4_uxrce/t265_px4_bridge/build/t265_to_px4_bridge': CMAKE_PREFIX_PATH=/px4_uxrce/t265_px4_bridge/install/px4_ros_com:/px4_uxrce/t265_px4_bridge/install/px4_msgs:/px4_uxrce/t265_px4_bridge/install/launch_testing_examples:/px4_uxrce/t265_px4_bridge/install/examples_rclpy_pointcloud_publisher:/px4_uxrce/t265_px4_bridge/install/examples_rclpy_minimal_subscriber:/px4_uxrce/t265_px4_bridge/install/examples_rclpy_minimal_service:/px4_uxrce/t265_px4_bridge/install/examples_rclpy_minimal_publisher:/px4_uxrce/t265_px4_bridge/install/examples_rclpy_minimal_client:/px4_uxrce/t265_px4_bridge/install/examples_rclpy_minimal_action_server:/px4_uxrce/t265_px4_bridge/install/examples_rclpy_minimal_action_client:/px4_uxrce/t265_px4_bridge/install/examples_rclpy_guard_conditions:/px4_uxrce/t265_px4_bridge/install/examples_rclpy_executors:/opt/ros/humble:/px4_uxrce/t265_px4_bridge/install/t265_to_px4_bridge:/px4_uxrce/t265_px4_bridge/install/examples_rclcpp_wait_set:/px4_uxrce/t265_px4_bridge/install/examples_rclcpp_multithreaded_executor:/px4_uxrce/t265_px4_bridge/install/examples_rclcpp_minimal_timer:/px4_uxrce/t265_px4_bridge/install/examples_rclcpp_minimal_subscriber:/px4_uxrce/t265_px4_bridge/install/examples_rclcpp_minimal_service:/px4_uxrce/t265_px4_bridge/install/examples_rclcpp_minimal_publisher:/px4_uxrce/t265_px4_bridge/install/examples_rclcpp_minimal_composition:/px4_uxrce/t265_px4_bridge/install/examples_rclcpp_minimal_client:/px4_uxrce/t265_px4_bridge/install/examples_rclcpp_minimal_action_server:/px4_uxrce/t265_px4_bridge/install/examples_rclcpp_minimal_action_client:/px4_uxrce/t265_px4_bridge/install/examples_rclcpp_cbg_executor:/px4_uxrce/t265_px4_bridge/install/examples_rclcpp_async_client:/px4_uxrce/t265_px4_bridge/install/cpp_pubsub:/px4_uxrce/t265_px4_bridge/install/bridge_px4 /usr/bin/cmake --build /px4_uxrce/t265_px4_bridge/build/t265_to_px4_bridge -- -j12 -l12
[0.361s] DEBUG:colcon.colcon_core.event_handler.log_command:Invoked command in '/px4_uxrce/t265_px4_bridge/build/bridge_px4' returned '0': CMAKE_PREFIX_PATH=/px4_uxrce/t265_px4_bridge/install/px4_ros_com:/px4_uxrce/t265_px4_bridge/install/px4_msgs:/px4_uxrce/t265_px4_bridge/install/launch_testing_examples:/px4_uxrce/t265_px4_bridge/install/examples_rclpy_pointcloud_publisher:/px4_uxrce/t265_px4_bridge/install/examples_rclpy_minimal_subscriber:/px4_uxrce/t265_px4_bridge/install/examples_rclpy_minimal_service:/px4_uxrce/t265_px4_bridge/install/examples_rclpy_minimal_publisher:/px4_uxrce/t265_px4_bridge/install/examples_rclpy_minimal_client:/px4_uxrce/t265_px4_bridge/install/examples_rclpy_minimal_action_server:/px4_uxrce/t265_px4_bridge/install/examples_rclpy_minimal_action_client:/px4_uxrce/t265_px4_bridge/install/examples_rclpy_guard_conditions:/px4_uxrce/t265_px4_bridge/install/examples_rclpy_executors:/opt/ros/humble:/px4_uxrce/t265_px4_bridge/install/t265_to_px4_bridge:/px4_uxrce/t265_px4_bridge/install/examples_rclcpp_wait_set:/px4_uxrce/t265_px4_bridge/install/examples_rclcpp_multithreaded_executor:/px4_uxrce/t265_px4_bridge/install/examples_rclcpp_minimal_timer:/px4_uxrce/t265_px4_bridge/install/examples_rclcpp_minimal_subscriber:/px4_uxrce/t265_px4_bridge/install/examples_rclcpp_minimal_service:/px4_uxrce/t265_px4_bridge/install/examples_rclcpp_minimal_publisher:/px4_uxrce/t265_px4_bridge/install/examples_rclcpp_minimal_composition:/px4_uxrce/t265_px4_bridge/install/examples_rclcpp_minimal_client:/px4_uxrce/t265_px4_bridge/install/examples_rclcpp_minimal_action_server:/px4_uxrce/t265_px4_bridge/install/examples_rclcpp_minimal_action_client:/px4_uxrce/t265_px4_bridge/install/examples_rclcpp_cbg_executor:/px4_uxrce/t265_px4_bridge/install/examples_rclcpp_async_client:/px4_uxrce/t265_px4_bridge/install/cpp_pubsub:/px4_uxrce/t265_px4_bridge/install/bridge_px4 /usr/bin/cmake --build /px4_uxrce/t265_px4_bridge/build/bridge_px4 -- -j12 -l12
[0.371s] DEBUG:colcon.colcon_core.event_handler.log_command:Invoking command in '/px4_uxrce/t265_px4_bridge/build/bridge_px4': CMAKE_PREFIX_PATH=/px4_uxrce/t265_px4_bridge/install/px4_ros_com:/px4_uxrce/t265_px4_bridge/install/px4_msgs:/px4_uxrce/t265_px4_bridge/install/launch_testing_examples:/px4_uxrce/t265_px4_bridge/install/examples_rclpy_pointcloud_publisher:/px4_uxrce/t265_px4_bridge/install/examples_rclpy_minimal_subscriber:/px4_uxrce/t265_px4_bridge/install/examples_rclpy_minimal_service:/px4_uxrce/t265_px4_bridge/install/examples_rclpy_minimal_publisher:/px4_uxrce/t265_px4_bridge/install/examples_rclpy_minimal_client:/px4_uxrce/t265_px4_bridge/install/examples_rclpy_minimal_action_server:/px4_uxrce/t265_px4_bridge/install/examples_rclpy_minimal_action_client:/px4_uxrce/t265_px4_bridge/install/examples_rclpy_guard_conditions:/px4_uxrce/t265_px4_bridge/install/examples_rclpy_executors:/opt/ros/humble:/px4_uxrce/t265_px4_bridge/install/t265_to_px4_bridge:/px4_uxrce/t265_px4_bridge/install/examples_rclcpp_wait_set:/px4_uxrce/t265_px4_bridge/install/examples_rclcpp_multithreaded_executor:/px4_uxrce/t265_px4_bridge/install/examples_rclcpp_minimal_timer:/px4_uxrce/t265_px4_bridge/install/examples_rclcpp_minimal_subscriber:/px4_uxrce/t265_px4_bridge/install/examples_rclcpp_minimal_service:/px4_uxrce/t265_px4_bridge/install/examples_rclcpp_minimal_publisher:/px4_uxrce/t265_px4_bridge/install/examples_rclcpp_minimal_composition:/px4_uxrce/t265_px4_bridge/install/examples_rclcpp_minimal_client:/px4_uxrce/t265_px4_bridge/install/examples_rclcpp_minimal_action_server:/px4_uxrce/t265_px4_bridge/install/examples_rclcpp_minimal_action_client:/px4_uxrce/t265_px4_bridge/install/examples_rclcpp_cbg_executor:/px4_uxrce/t265_px4_bridge/install/examples_rclcpp_async_client:/px4_uxrce/t265_px4_bridge/install/cpp_pubsub:/px4_uxrce/t265_px4_bridge/install/bridge_px4 /usr/bin/cmake --install /px4_uxrce/t265_px4_bridge/build/bridge_px4
[0.381s] Level 1:colcon.colcon_core.environment:create_environment_scripts_only(bridge_px4)
[0.384s] DEBUG:colcon.colcon_core.event_handler.log_command:Invoked command in '/px4_uxrce/t265_px4_bridge/build/bridge_px4' returned '0': CMAKE_PREFIX_PATH=/px4_uxrce/t265_px4_bridge/install/px4_ros_com:/px4_uxrce/t265_px4_bridge/install/px4_msgs:/px4_uxrce/t265_px4_bridge/install/launch_testing_examples:/px4_uxrce/t265_px4_bridge/install/examples_rclpy_pointcloud_publisher:/px4_uxrce/t265_px4_bridge/install/examples_rclpy_minimal_subscriber:/px4_uxrce/t265_px4_bridge/install/examples_rclpy_minimal_service:/px4_uxrce/t265_px4_bridge/install/examples_rclpy_minimal_publisher:/px4_uxrce/t265_px4_bridge/install/examples_rclpy_minimal_client:/px4_uxrce/t265_px4_bridge/install/examples_rclpy_minimal_action_server:/px4_uxrce/t265_px4_bridge/install/examples_rclpy_minimal_action_client:/px4_uxrce/t265_px4_bridge/install/examples_rclpy_guard_conditions:/px4_uxrce/t265_px4_bridge/install/examples_rclpy_executors:/opt/ros/humble:/px4_uxrce/t265_px4_bridge/install/t265_to_px4_bridge:/px4_uxrce/t265_px4_bridge/install/examples_rclcpp_wait_set:/px4_uxrce/t265_px4_bridge/install/examples_rclcpp_multithreaded_executor:/px4_uxrce/t265_px4_bridge/install/examples_rclcpp_minimal_timer:/px4_uxrce/t265_px4_bridge/install/examples_rclcpp_minimal_subscriber:/px4_uxrce/t265_px4_bridge/install/examples_rclcpp_minimal_service:/px4_uxrce/t265_px4_bridge/install/examples_rclcpp_minimal_publisher:/px4_uxrce/t265_px4_bridge/install/examples_rclcpp_minimal_composition:/px4_uxrce/t265_px4_bridge/install/examples_rclcpp_minimal_client:/px4_uxrce/t265_px4_bridge/install/examples_rclcpp_minimal_action_server:/px4_uxrce/t265_px4_bridge/install/examples_rclcpp_minimal_action_client:/px4_uxrce/t265_px4_bridge/install/examples_rclcpp_cbg_executor:/px4_uxrce/t265_px4_bridge/install/examples_rclcpp_async_client:/px4_uxrce/t265_px4_bridge/install/cpp_pubsub:/px4_uxrce/t265_px4_bridge/install/bridge_px4 /usr/bin/cmake --install /px4_uxrce/t265_px4_bridge/build/bridge_px4
[0.386s] Level 1:colcon.colcon_core.environment:checking '/px4_uxrce/t265_px4_bridge/install/bridge_px4' for CMake module files
[0.386s] Level 1:colcon.colcon_core.environment:checking '/px4_uxrce/t265_px4_bridge/install/bridge_px4' for CMake config files
[0.386s] Level 1:colcon.colcon_core.shell:create_environment_hook('bridge_px4', 'cmake_prefix_path')
[0.386s] INFO:colcon.colcon_core.shell:Creating environment hook '/px4_uxrce/t265_px4_bridge/install/bridge_px4/share/bridge_px4/hook/cmake_prefix_path.ps1'
[0.387s] INFO:colcon.colcon_core.shell:Creating environment descriptor '/px4_uxrce/t265_px4_bridge/install/bridge_px4/share/bridge_px4/hook/cmake_prefix_path.dsv'
[0.387s] INFO:colcon.colcon_core.shell:Creating environment hook '/px4_uxrce/t265_px4_bridge/install/bridge_px4/share/bridge_px4/hook/cmake_prefix_path.sh'
[0.388s] Level 1:colcon.colcon_core.environment:checking '/px4_uxrce/t265_px4_bridge/install/bridge_px4/bin'
[0.388s] Level 1:colcon.colcon_core.environment:checking '/px4_uxrce/t265_px4_bridge/install/bridge_px4/lib/pkgconfig/bridge_px4.pc'
[0.390s] Level 1:colcon.colcon_core.environment:checking '/px4_uxrce/t265_px4_bridge/install/bridge_px4/lib/python3.10/site-packages'
[0.390s] Level 1:colcon.colcon_core.environment:checking '/px4_uxrce/t265_px4_bridge/install/bridge_px4/bin'
[0.391s] INFO:colcon.colcon_core.shell:Creating package script '/px4_uxrce/t265_px4_bridge/install/bridge_px4/share/bridge_px4/package.ps1'
[0.391s] INFO:colcon.colcon_core.shell:Creating package descriptor '/px4_uxrce/t265_px4_bridge/install/bridge_px4/share/bridge_px4/package.dsv'
[0.392s] INFO:colcon.colcon_core.shell:Creating package script '/px4_uxrce/t265_px4_bridge/install/bridge_px4/share/bridge_px4/package.sh'
[0.393s] INFO:colcon.colcon_core.shell:Creating package script '/px4_uxrce/t265_px4_bridge/install/bridge_px4/share/bridge_px4/package.bash'
[0.394s] INFO:colcon.colcon_core.shell:Creating package script '/px4_uxrce/t265_px4_bridge/install/bridge_px4/share/bridge_px4/package.zsh'
[0.394s] Level 1:colcon.colcon_core.environment:create_file_with_runtime_dependencies(/px4_uxrce/t265_px4_bridge/install/bridge_px4/share/colcon-core/packages/bridge_px4)
[0.395s] Level 1:colcon.colcon_core.environment:create_environment_scripts_only(bridge_px4)
[0.395s] Level 1:colcon.colcon_core.environment:checking '/px4_uxrce/t265_px4_bridge/install/bridge_px4' for CMake module files
[0.396s] Level 1:colcon.colcon_core.environment:checking '/px4_uxrce/t265_px4_bridge/install/bridge_px4' for CMake config files
[0.396s] Level 1:colcon.colcon_core.shell:create_environment_hook('bridge_px4', 'cmake_prefix_path')
[0.396s] INFO:colcon.colcon_core.shell:Creating environment hook '/px4_uxrce/t265_px4_bridge/install/bridge_px4/share/bridge_px4/hook/cmake_prefix_path.ps1'
[0.397s] INFO:colcon.colcon_core.shell:Creating environment descriptor '/px4_uxrce/t265_px4_bridge/install/bridge_px4/share/bridge_px4/hook/cmake_prefix_path.dsv'
[0.397s] INFO:colcon.colcon_core.shell:Creating environment hook '/px4_uxrce/t265_px4_bridge/install/bridge_px4/share/bridge_px4/hook/cmake_prefix_path.sh'
[0.398s] Level 1:colcon.colcon_core.environment:checking '/px4_uxrce/t265_px4_bridge/install/bridge_px4/bin'
[0.398s] Level 1:colcon.colcon_core.environment:checking '/px4_uxrce/t265_px4_bridge/install/bridge_px4/lib/pkgconfig/bridge_px4.pc'
[0.398s] Level 1:colcon.colcon_core.environment:checking '/px4_uxrce/t265_px4_bridge/install/bridge_px4/lib/python3.10/site-packages'
[0.398s] Level 1:colcon.colcon_core.environment:checking '/px4_uxrce/t265_px4_bridge/install/bridge_px4/bin'
[0.399s] INFO:colcon.colcon_core.shell:Creating package script '/px4_uxrce/t265_px4_bridge/install/bridge_px4/share/bridge_px4/package.ps1'
[0.399s] INFO:colcon.colcon_core.shell:Creating package descriptor '/px4_uxrce/t265_px4_bridge/install/bridge_px4/share/bridge_px4/package.dsv'
[0.400s] INFO:colcon.colcon_core.shell:Creating package script '/px4_uxrce/t265_px4_bridge/install/bridge_px4/share/bridge_px4/package.sh'
[0.400s] INFO:colcon.colcon_core.shell:Creating package script '/px4_uxrce/t265_px4_bridge/install/bridge_px4/share/bridge_px4/package.bash'
[0.401s] INFO:colcon.colcon_core.shell:Creating package script '/px4_uxrce/t265_px4_bridge/install/bridge_px4/share/bridge_px4/package.zsh'
[0.401s] Level 1:colcon.colcon_core.environment:create_file_with_runtime_dependencies(/px4_uxrce/t265_px4_bridge/install/bridge_px4/share/colcon-core/packages/bridge_px4)
[0.403s] DEBUG:colcon.colcon_core.event_handler.log_command:Invoked command in '/px4_uxrce/t265_px4_bridge/build/t265_to_px4_bridge' returned '0': CMAKE_PREFIX_PATH=/px4_uxrce/t265_px4_bridge/install/px4_ros_com:/px4_uxrce/t265_px4_bridge/install/px4_msgs:/px4_uxrce/t265_px4_bridge/install/launch_testing_examples:/px4_uxrce/t265_px4_bridge/install/examples_rclpy_pointcloud_publisher:/px4_uxrce/t265_px4_bridge/install/examples_rclpy_minimal_subscriber:/px4_uxrce/t265_px4_bridge/install/examples_rclpy_minimal_service:/px4_uxrce/t265_px4_bridge/install/examples_rclpy_minimal_publisher:/px4_uxrce/t265_px4_bridge/install/examples_rclpy_minimal_client:/px4_uxrce/t265_px4_bridge/install/examples_rclpy_minimal_action_server:/px4_uxrce/t265_px4_bridge/install/examples_rclpy_minimal_action_client:/px4_uxrce/t265_px4_bridge/install/examples_rclpy_guard_conditions:/px4_uxrce/t265_px4_bridge/install/examples_rclpy_executors:/opt/ros/humble:/px4_uxrce/t265_px4_bridge/install/t265_to_px4_bridge:/px4_uxrce/t265_px4_bridge/install/examples_rclcpp_wait_set:/px4_uxrce/t265_px4_bridge/install/examples_rclcpp_multithreaded_executor:/px4_uxrce/t265_px4_bridge/install/examples_rclcpp_minimal_timer:/px4_uxrce/t265_px4_bridge/install/examples_rclcpp_minimal_subscriber:/px4_uxrce/t265_px4_bridge/install/examples_rclcpp_minimal_service:/px4_uxrce/t265_px4_bridge/install/examples_rclcpp_minimal_publisher:/px4_uxrce/t265_px4_bridge/install/examples_rclcpp_minimal_composition:/px4_uxrce/t265_px4_bridge/install/examples_rclcpp_minimal_client:/px4_uxrce/t265_px4_bridge/install/examples_rclcpp_minimal_action_server:/px4_uxrce/t265_px4_bridge/install/examples_rclcpp_minimal_action_client:/px4_uxrce/t265_px4_bridge/install/examples_rclcpp_cbg_executor:/px4_uxrce/t265_px4_bridge/install/examples_rclcpp_async_client:/px4_uxrce/t265_px4_bridge/install/cpp_pubsub:/px4_uxrce/t265_px4_bridge/install/bridge_px4 /usr/bin/cmake --build /px4_uxrce/t265_px4_bridge/build/t265_to_px4_bridge -- -j12 -l12
[0.404s] DEBUG:colcon.colcon_core.event_handler.log_command:Invoking command in '/px4_uxrce/t265_px4_bridge/build/t265_to_px4_bridge': CMAKE_PREFIX_PATH=/px4_uxrce/t265_px4_bridge/install/px4_ros_com:/px4_uxrce/t265_px4_bridge/install/px4_msgs:/px4_uxrce/t265_px4_bridge/install/launch_testing_examples:/px4_uxrce/t265_px4_bridge/install/examples_rclpy_pointcloud_publisher:/px4_uxrce/t265_px4_bridge/install/examples_rclpy_minimal_subscriber:/px4_uxrce/t265_px4_bridge/install/examples_rclpy_minimal_service:/px4_uxrce/t265_px4_bridge/install/examples_rclpy_minimal_publisher:/px4_uxrce/t265_px4_bridge/install/examples_rclpy_minimal_client:/px4_uxrce/t265_px4_bridge/install/examples_rclpy_minimal_action_server:/px4_uxrce/t265_px4_bridge/install/examples_rclpy_minimal_action_client:/px4_uxrce/t265_px4_bridge/install/examples_rclpy_guard_conditions:/px4_uxrce/t265_px4_bridge/install/examples_rclpy_executors:/opt/ros/humble:/px4_uxrce/t265_px4_bridge/install/t265_to_px4_bridge:/px4_uxrce/t265_px4_bridge/install/examples_rclcpp_wait_set:/px4_uxrce/t265_px4_bridge/install/examples_rclcpp_multithreaded_executor:/px4_uxrce/t265_px4_bridge/install/examples_rclcpp_minimal_timer:/px4_uxrce/t265_px4_bridge/install/examples_rclcpp_minimal_subscriber:/px4_uxrce/t265_px4_bridge/install/examples_rclcpp_minimal_service:/px4_uxrce/t265_px4_bridge/install/examples_rclcpp_minimal_publisher:/px4_uxrce/t265_px4_bridge/install/examples_rclcpp_minimal_composition:/px4_uxrce/t265_px4_bridge/install/examples_rclcpp_minimal_client:/px4_uxrce/t265_px4_bridge/install/examples_rclcpp_minimal_action_server:/px4_uxrce/t265_px4_bridge/install/examples_rclcpp_minimal_action_client:/px4_uxrce/t265_px4_bridge/install/examples_rclcpp_cbg_executor:/px4_uxrce/t265_px4_bridge/install/examples_rclcpp_async_client:/px4_uxrce/t265_px4_bridge/install/cpp_pubsub:/px4_uxrce/t265_px4_bridge/install/bridge_px4 /usr/bin/cmake --install /px4_uxrce/t265_px4_bridge/build/t265_to_px4_bridge
[0.412s] Level 1:colcon.colcon_core.environment:create_environment_scripts_only(t265_to_px4_bridge)
[0.413s] Level 1:colcon.colcon_core.environment:checking '/px4_uxrce/t265_px4_bridge/install/t265_to_px4_bridge' for CMake module files
[0.413s] DEBUG:colcon.colcon_core.event_handler.log_command:Invoked command in '/px4_uxrce/t265_px4_bridge/build/t265_to_px4_bridge' returned '0': CMAKE_PREFIX_PATH=/px4_uxrce/t265_px4_bridge/install/px4_ros_com:/px4_uxrce/t265_px4_bridge/install/px4_msgs:/px4_uxrce/t265_px4_bridge/install/launch_testing_examples:/px4_uxrce/t265_px4_bridge/install/examples_rclpy_pointcloud_publisher:/px4_uxrce/t265_px4_bridge/install/examples_rclpy_minimal_subscriber:/px4_uxrce/t265_px4_bridge/install/examples_rclpy_minimal_service:/px4_uxrce/t265_px4_bridge/install/examples_rclpy_minimal_publisher:/px4_uxrce/t265_px4_bridge/install/examples_rclpy_minimal_client:/px4_uxrce/t265_px4_bridge/install/examples_rclpy_minimal_action_server:/px4_uxrce/t265_px4_bridge/install/examples_rclpy_minimal_action_client:/px4_uxrce/t265_px4_bridge/install/examples_rclpy_guard_conditions:/px4_uxrce/t265_px4_bridge/install/examples_rclpy_executors:/opt/ros/humble:/px4_uxrce/t265_px4_bridge/install/t265_to_px4_bridge:/px4_uxrce/t265_px4_bridge/install/examples_rclcpp_wait_set:/px4_uxrce/t265_px4_bridge/install/examples_rclcpp_multithreaded_executor:/px4_uxrce/t265_px4_bridge/install/examples_rclcpp_minimal_timer:/px4_uxrce/t265_px4_bridge/install/examples_rclcpp_minimal_subscriber:/px4_uxrce/t265_px4_bridge/install/examples_rclcpp_minimal_service:/px4_uxrce/t265_px4_bridge/install/examples_rclcpp_minimal_publisher:/px4_uxrce/t265_px4_bridge/install/examples_rclcpp_minimal_composition:/px4_uxrce/t265_px4_bridge/install/examples_rclcpp_minimal_client:/px4_uxrce/t265_px4_bridge/install/examples_rclcpp_minimal_action_server:/px4_uxrce/t265_px4_bridge/install/examples_rclcpp_minimal_action_client:/px4_uxrce/t265_px4_bridge/install/examples_rclcpp_cbg_executor:/px4_uxrce/t265_px4_bridge/install/examples_rclcpp_async_client:/px4_uxrce/t265_px4_bridge/install/cpp_pubsub:/px4_uxrce/t265_px4_bridge/install/bridge_px4 /usr/bin/cmake --install /px4_uxrce/t265_px4_bridge/build/t265_to_px4_bridge
[0.414s] Level 1:colcon.colcon_core.environment:checking '/px4_uxrce/t265_px4_bridge/install/t265_to_px4_bridge' for CMake config files
[0.414s] Level 1:colcon.colcon_core.shell:create_environment_hook('t265_to_px4_bridge', 'cmake_prefix_path')
[0.414s] INFO:colcon.colcon_core.shell:Creating environment hook '/px4_uxrce/t265_px4_bridge/install/t265_to_px4_bridge/share/t265_to_px4_bridge/hook/cmake_prefix_path.ps1'
[0.415s] INFO:colcon.colcon_core.shell:Creating environment descriptor '/px4_uxrce/t265_px4_bridge/install/t265_to_px4_bridge/share/t265_to_px4_bridge/hook/cmake_prefix_path.dsv'
[0.415s] INFO:colcon.colcon_core.shell:Creating environment hook '/px4_uxrce/t265_px4_bridge/install/t265_to_px4_bridge/share/t265_to_px4_bridge/hook/cmake_prefix_path.sh'
[0.415s] Level 1:colcon.colcon_core.environment:checking '/px4_uxrce/t265_px4_bridge/install/t265_to_px4_bridge/lib'
[0.416s] Level 1:colcon.colcon_core.environment:checking '/px4_uxrce/t265_px4_bridge/install/t265_to_px4_bridge/bin'
[0.416s] Level 1:colcon.colcon_core.environment:checking '/px4_uxrce/t265_px4_bridge/install/t265_to_px4_bridge/lib/pkgconfig/t265_to_px4_bridge.pc'
[0.416s] Level 1:colcon.colcon_core.environment:checking '/px4_uxrce/t265_px4_bridge/install/t265_to_px4_bridge/lib/python3.10/site-packages'
[0.416s] Level 1:colcon.colcon_core.environment:checking '/px4_uxrce/t265_px4_bridge/install/t265_to_px4_bridge/bin'
[0.417s] INFO:colcon.colcon_core.shell:Creating package script '/px4_uxrce/t265_px4_bridge/install/t265_to_px4_bridge/share/t265_to_px4_bridge/package.ps1'
[0.417s] INFO:colcon.colcon_core.shell:Creating package descriptor '/px4_uxrce/t265_px4_bridge/install/t265_to_px4_bridge/share/t265_to_px4_bridge/package.dsv'
[0.418s] INFO:colcon.colcon_core.shell:Creating package script '/px4_uxrce/t265_px4_bridge/install/t265_to_px4_bridge/share/t265_to_px4_bridge/package.sh'
[0.418s] INFO:colcon.colcon_core.shell:Creating package script '/px4_uxrce/t265_px4_bridge/install/t265_to_px4_bridge/share/t265_to_px4_bridge/package.bash'
[0.419s] INFO:colcon.colcon_core.shell:Creating package script '/px4_uxrce/t265_px4_bridge/install/t265_to_px4_bridge/share/t265_to_px4_bridge/package.zsh'
[0.419s] Level 1:colcon.colcon_core.environment:create_file_with_runtime_dependencies(/px4_uxrce/t265_px4_bridge/install/t265_to_px4_bridge/share/colcon-core/packages/t265_to_px4_bridge)
[0.420s] Level 1:colcon.colcon_core.environment:create_environment_scripts_only(t265_to_px4_bridge)
[0.420s] Level 1:colcon.colcon_core.environment:checking '/px4_uxrce/t265_px4_bridge/install/t265_to_px4_bridge' for CMake module files
[0.420s] Level 1:colcon.colcon_core.environment:checking '/px4_uxrce/t265_px4_bridge/install/t265_to_px4_bridge' for CMake config files
[0.420s] Level 1:colcon.colcon_core.shell:create_environment_hook('t265_to_px4_bridge', 'cmake_prefix_path')
[0.421s] INFO:colcon.colcon_core.shell:Creating environment hook '/px4_uxrce/t265_px4_bridge/install/t265_to_px4_bridge/share/t265_to_px4_bridge/hook/cmake_prefix_path.ps1'
[0.421s] INFO:colcon.colcon_core.shell:Creating environment descriptor '/px4_uxrce/t265_px4_bridge/install/t265_to_px4_bridge/share/t265_to_px4_bridge/hook/cmake_prefix_path.dsv'
[0.421s] INFO:colcon.colcon_core.shell:Creating environment hook '/px4_uxrce/t265_px4_bridge/install/t265_to_px4_bridge/share/t265_to_px4_bridge/hook/cmake_prefix_path.sh'
[0.422s] Level 1:colcon.colcon_core.environment:checking '/px4_uxrce/t265_px4_bridge/install/t265_to_px4_bridge/lib'
[0.422s] Level 1:colcon.colcon_core.environment:checking '/px4_uxrce/t265_px4_bridge/install/t265_to_px4_bridge/bin'
[0.422s] Level 1:colcon.colcon_core.environment:checking '/px4_uxrce/t265_px4_bridge/install/t265_to_px4_bridge/lib/pkgconfig/t265_to_px4_bridge.pc'
[0.422s] Level 1:colcon.colcon_core.environment:checking '/px4_uxrce/t265_px4_bridge/install/t265_to_px4_bridge/lib/python3.10/site-packages'
[0.423s] Level 1:colcon.colcon_core.environment:checking '/px4_uxrce/t265_px4_bridge/install/t265_to_px4_bridge/bin'
[0.423s] INFO:colcon.colcon_core.shell:Creating package script '/px4_uxrce/t265_px4_bridge/install/t265_to_px4_bridge/share/t265_to_px4_bridge/package.ps1'
[0.423s] INFO:colcon.colcon_core.shell:Creating package descriptor '/px4_uxrce/t265_px4_bridge/install/t265_to_px4_bridge/share/t265_to_px4_bridge/package.dsv'
[0.424s] INFO:colcon.colcon_core.shell:Creating package script '/px4_uxrce/t265_px4_bridge/install/t265_to_px4_bridge/share/t265_to_px4_bridge/package.sh'
[0.424s] INFO:colcon.colcon_core.shell:Creating package script '/px4_uxrce/t265_px4_bridge/install/t265_to_px4_bridge/share/t265_to_px4_bridge/package.bash'
[0.425s] INFO:colcon.colcon_core.shell:Creating package script '/px4_uxrce/t265_px4_bridge/install/t265_to_px4_bridge/share/t265_to_px4_bridge/package.zsh'
[0.425s] Level 1:colcon.colcon_core.environment:create_file_with_runtime_dependencies(/px4_uxrce/t265_px4_bridge/install/t265_to_px4_bridge/share/colcon-core/packages/t265_to_px4_bridge)
[1.697s] DEBUG:colcon.colcon_core.event_handler.log_command:Invoked command in '/px4_uxrce/t265_px4_bridge/build/px4_msgs' returned '0': CMAKE_PREFIX_PATH=/px4_uxrce/t265_px4_bridge/install/px4_ros_com:/px4_uxrce/t265_px4_bridge/install/px4_msgs:/px4_uxrce/t265_px4_bridge/install/launch_testing_examples:/px4_uxrce/t265_px4_bridge/install/examples_rclpy_pointcloud_publisher:/px4_uxrce/t265_px4_bridge/install/examples_rclpy_minimal_subscriber:/px4_uxrce/t265_px4_bridge/install/examples_rclpy_minimal_service:/px4_uxrce/t265_px4_bridge/install/examples_rclpy_minimal_publisher:/px4_uxrce/t265_px4_bridge/install/examples_rclpy_minimal_client:/px4_uxrce/t265_px4_bridge/install/examples_rclpy_minimal_action_server:/px4_uxrce/t265_px4_bridge/install/examples_rclpy_minimal_action_client:/px4_uxrce/t265_px4_bridge/install/examples_rclpy_guard_conditions:/px4_uxrce/t265_px4_bridge/install/examples_rclpy_executors:/opt/ros/humble:/px4_uxrce/t265_px4_bridge/install/t265_to_px4_bridge:/px4_uxrce/t265_px4_bridge/install/examples_rclcpp_wait_set:/px4_uxrce/t265_px4_bridge/install/examples_rclcpp_multithreaded_executor:/px4_uxrce/t265_px4_bridge/install/examples_rclcpp_minimal_timer:/px4_uxrce/t265_px4_bridge/install/examples_rclcpp_minimal_subscriber:/px4_uxrce/t265_px4_bridge/install/examples_rclcpp_minimal_service:/px4_uxrce/t265_px4_bridge/install/examples_rclcpp_minimal_publisher:/px4_uxrce/t265_px4_bridge/install/examples_rclcpp_minimal_composition:/px4_uxrce/t265_px4_bridge/install/examples_rclcpp_minimal_client:/px4_uxrce/t265_px4_bridge/install/examples_rclcpp_minimal_action_server:/px4_uxrce/t265_px4_bridge/install/examples_rclcpp_minimal_action_client:/px4_uxrce/t265_px4_bridge/install/examples_rclcpp_cbg_executor:/px4_uxrce/t265_px4_bridge/install/examples_rclcpp_async_client:/px4_uxrce/t265_px4_bridge/install/cpp_pubsub:/px4_uxrce/t265_px4_bridge/install/bridge_px4 /usr/bin/cmake --build /px4_uxrce/t265_px4_bridge/build/px4_msgs -- -j12 -l12
[1.699s] DEBUG:colcon.colcon_core.event_handler.log_command:Invoking command in '/px4_uxrce/t265_px4_bridge/build/px4_msgs': CMAKE_PREFIX_PATH=/px4_uxrce/t265_px4_bridge/install/px4_ros_com:/px4_uxrce/t265_px4_bridge/install/px4_msgs:/px4_uxrce/t265_px4_bridge/install/launch_testing_examples:/px4_uxrce/t265_px4_bridge/install/examples_rclpy_pointcloud_publisher:/px4_uxrce/t265_px4_bridge/install/examples_rclpy_minimal_subscriber:/px4_uxrce/t265_px4_bridge/install/examples_rclpy_minimal_service:/px4_uxrce/t265_px4_bridge/install/examples_rclpy_minimal_publisher:/px4_uxrce/t265_px4_bridge/install/examples_rclpy_minimal_client:/px4_uxrce/t265_px4_bridge/install/examples_rclpy_minimal_action_server:/px4_uxrce/t265_px4_bridge/install/examples_rclpy_minimal_action_client:/px4_uxrce/t265_px4_bridge/install/examples_rclpy_guard_conditions:/px4_uxrce/t265_px4_bridge/install/examples_rclpy_executors:/opt/ros/humble:/px4_uxrce/t265_px4_bridge/install/t265_to_px4_bridge:/px4_uxrce/t265_px4_bridge/install/examples_rclcpp_wait_set:/px4_uxrce/t265_px4_bridge/install/examples_rclcpp_multithreaded_executor:/px4_uxrce/t265_px4_bridge/install/examples_rclcpp_minimal_timer:/px4_uxrce/t265_px4_bridge/install/examples_rclcpp_minimal_subscriber:/px4_uxrce/t265_px4_bridge/install/examples_rclcpp_minimal_service:/px4_uxrce/t265_px4_bridge/install/examples_rclcpp_minimal_publisher:/px4_uxrce/t265_px4_bridge/install/examples_rclcpp_minimal_composition:/px4_uxrce/t265_px4_bridge/install/examples_rclcpp_minimal_client:/px4_uxrce/t265_px4_bridge/install/examples_rclcpp_minimal_action_server:/px4_uxrce/t265_px4_bridge/install/examples_rclcpp_minimal_action_client:/px4_uxrce/t265_px4_bridge/install/examples_rclcpp_cbg_executor:/px4_uxrce/t265_px4_bridge/install/examples_rclcpp_async_client:/px4_uxrce/t265_px4_bridge/install/cpp_pubsub:/px4_uxrce/t265_px4_bridge/install/bridge_px4 /usr/bin/cmake --install /px4_uxrce/t265_px4_bridge/build/px4_msgs
[2.073s] Level 1:colcon.colcon_core.environment:create_environment_scripts_only(px4_msgs)
[2.073s] Level 1:colcon.colcon_core.environment:checking '/px4_uxrce/t265_px4_bridge/install/px4_msgs' for CMake module files
[2.074s] Level 1:colcon.colcon_core.environment:checking '/px4_uxrce/t265_px4_bridge/install/px4_msgs' for CMake config files
[2.092s] Level 1:colcon.colcon_core.shell:create_environment_hook('px4_msgs', 'cmake_prefix_path')
[2.093s] INFO:colcon.colcon_core.shell:Creating environment hook '/px4_uxrce/t265_px4_bridge/install/px4_msgs/share/px4_msgs/hook/cmake_prefix_path.ps1'
[2.093s] INFO:colcon.colcon_core.shell:Creating environment descriptor '/px4_uxrce/t265_px4_bridge/install/px4_msgs/share/px4_msgs/hook/cmake_prefix_path.dsv'
[2.094s] INFO:colcon.colcon_core.shell:Creating environment hook '/px4_uxrce/t265_px4_bridge/install/px4_msgs/share/px4_msgs/hook/cmake_prefix_path.sh'
[2.095s] Level 1:colcon.colcon_core.environment:checking '/px4_uxrce/t265_px4_bridge/install/px4_msgs/lib'
[2.095s] Level 1:colcon.colcon_core.shell:create_environment_hook('px4_msgs', 'ld_library_path_lib')
[2.095s] INFO:colcon.colcon_core.shell:Creating environment hook '/px4_uxrce/t265_px4_bridge/install/px4_msgs/share/px4_msgs/hook/ld_library_path_lib.ps1'
[2.096s] INFO:colcon.colcon_core.shell:Creating environment descriptor '/px4_uxrce/t265_px4_bridge/install/px4_msgs/share/px4_msgs/hook/ld_library_path_lib.dsv'
[2.097s] INFO:colcon.colcon_core.shell:Creating environment hook '/px4_uxrce/t265_px4_bridge/install/px4_msgs/share/px4_msgs/hook/ld_library_path_lib.sh'
[2.097s] Level 1:colcon.colcon_core.environment:checking '/px4_uxrce/t265_px4_bridge/install/px4_msgs/bin'
[2.097s] Level 1:colcon.colcon_core.environment:checking '/px4_uxrce/t265_px4_bridge/install/px4_msgs/lib/pkgconfig/px4_msgs.pc'
[2.098s] Level 1:colcon.colcon_core.environment:checking '/px4_uxrce/t265_px4_bridge/install/px4_msgs/lib/python3.10/site-packages'
[2.098s] Level 1:colcon.colcon_core.environment:checking '/px4_uxrce/t265_px4_bridge/install/px4_msgs/bin'
[2.098s] INFO:colcon.colcon_core.shell:Creating package script '/px4_uxrce/t265_px4_bridge/install/px4_msgs/share/px4_msgs/package.ps1'
[2.099s] INFO:colcon.colcon_core.shell:Creating package descriptor '/px4_uxrce/t265_px4_bridge/install/px4_msgs/share/px4_msgs/package.dsv'
[2.100s] INFO:colcon.colcon_core.shell:Creating package script '/px4_uxrce/t265_px4_bridge/install/px4_msgs/share/px4_msgs/package.sh'
[2.101s] INFO:colcon.colcon_core.shell:Creating package script '/px4_uxrce/t265_px4_bridge/install/px4_msgs/share/px4_msgs/package.bash'
[2.102s] INFO:colcon.colcon_core.shell:Creating package script '/px4_uxrce/t265_px4_bridge/install/px4_msgs/share/px4_msgs/package.zsh'
[2.103s] Level 1:colcon.colcon_core.environment:create_file_with_runtime_dependencies(/px4_uxrce/t265_px4_bridge/install/px4_msgs/share/colcon-core/packages/px4_msgs)
[2.104s] Level 1:colcon.colcon_core.environment:create_environment_scripts_only(px4_msgs)
[2.104s] Level 1:colcon.colcon_core.environment:checking '/px4_uxrce/t265_px4_bridge/install/px4_msgs' for CMake module files
[2.105s] Level 1:colcon.colcon_core.environment:checking '/px4_uxrce/t265_px4_bridge/install/px4_msgs' for CMake config files
[2.124s] Level 1:colcon.colcon_core.shell:create_environment_hook('px4_msgs', 'cmake_prefix_path')
[2.124s] INFO:colcon.colcon_core.shell:Creating environment hook '/px4_uxrce/t265_px4_bridge/install/px4_msgs/share/px4_msgs/hook/cmake_prefix_path.ps1'
[2.125s] INFO:colcon.colcon_core.shell:Creating environment descriptor '/px4_uxrce/t265_px4_bridge/install/px4_msgs/share/px4_msgs/hook/cmake_prefix_path.dsv'
[2.126s] INFO:colcon.colcon_core.shell:Creating environment hook '/px4_uxrce/t265_px4_bridge/install/px4_msgs/share/px4_msgs/hook/cmake_prefix_path.sh'
[2.127s] Level 1:colcon.colcon_core.environment:checking '/px4_uxrce/t265_px4_bridge/install/px4_msgs/lib'
[2.127s] Level 1:colcon.colcon_core.shell:create_environment_hook('px4_msgs', 'ld_library_path_lib')
[2.127s] INFO:colcon.colcon_core.shell:Creating environment hook '/px4_uxrce/t265_px4_bridge/install/px4_msgs/share/px4_msgs/hook/ld_library_path_lib.ps1'
[2.128s] INFO:colcon.colcon_core.shell:Creating environment descriptor '/px4_uxrce/t265_px4_bridge/install/px4_msgs/share/px4_msgs/hook/ld_library_path_lib.dsv'
[2.128s] INFO:colcon.colcon_core.shell:Creating environment hook '/px4_uxrce/t265_px4_bridge/install/px4_msgs/share/px4_msgs/hook/ld_library_path_lib.sh'
[2.129s] Level 1:colcon.colcon_core.environment:checking '/px4_uxrce/t265_px4_bridge/install/px4_msgs/bin'
[2.129s] Level 1:colcon.colcon_core.environment:checking '/px4_uxrce/t265_px4_bridge/install/px4_msgs/lib/pkgconfig/px4_msgs.pc'
[2.129s] Level 1:colcon.colcon_core.environment:checking '/px4_uxrce/t265_px4_bridge/install/px4_msgs/lib/python3.10/site-packages'
[2.129s] Level 1:colcon.colcon_core.environment:checking '/px4_uxrce/t265_px4_bridge/install/px4_msgs/bin'
[2.130s] INFO:colcon.colcon_core.shell:Creating package script '/px4_uxrce/t265_px4_bridge/install/px4_msgs/share/px4_msgs/package.ps1'
[2.131s] INFO:colcon.colcon_core.shell:Creating package descriptor '/px4_uxrce/t265_px4_bridge/install/px4_msgs/share/px4_msgs/package.dsv'
[2.131s] INFO:colcon.colcon_core.shell:Creating package script '/px4_uxrce/t265_px4_bridge/install/px4_msgs/share/px4_msgs/package.sh'
[2.132s] INFO:colcon.colcon_core.shell:Creating package script '/px4_uxrce/t265_px4_bridge/install/px4_msgs/share/px4_msgs/package.bash'
[2.133s] INFO:colcon.colcon_core.shell:Creating package script '/px4_uxrce/t265_px4_bridge/install/px4_msgs/share/px4_msgs/package.zsh'
[2.133s] Level 1:colcon.colcon_core.environment:create_file_with_runtime_dependencies(/px4_uxrce/t265_px4_bridge/install/px4_msgs/share/colcon-core/packages/px4_msgs)
[2.134s] INFO:colcon.colcon_ros.task.ament_cmake.build:Building ROS package in '/px4_uxrce/t265_px4_bridge/src/px4_ros_com' with build type 'ament_cmake'
[2.134s] INFO:colcon.colcon_cmake.task.cmake.build:Building CMake package in '/px4_uxrce/t265_px4_bridge/src/px4_ros_com'
[2.134s] INFO:colcon.colcon_core.shell:Skip shell extension 'powershell' for command environment: Not usable outside of PowerShell
[2.134s] DEBUG:colcon.colcon_core.shell:Skip shell extension 'dsv' for command environment
[2.234s] DEBUG:colcon.colcon_core.event_handler.log_command:Invoked command in '/px4_uxrce/t265_px4_bridge/build/px4_msgs' returned '0': CMAKE_PREFIX_PATH=/px4_uxrce/t265_px4_bridge/install/px4_ros_com:/px4_uxrce/t265_px4_bridge/install/px4_msgs:/px4_uxrce/t265_px4_bridge/install/launch_testing_examples:/px4_uxrce/t265_px4_bridge/install/examples_rclpy_pointcloud_publisher:/px4_uxrce/t265_px4_bridge/install/examples_rclpy_minimal_subscriber:/px4_uxrce/t265_px4_bridge/install/examples_rclpy_minimal_service:/px4_uxrce/t265_px4_bridge/install/examples_rclpy_minimal_publisher:/px4_uxrce/t265_px4_bridge/install/examples_rclpy_minimal_client:/px4_uxrce/t265_px4_bridge/install/examples_rclpy_minimal_action_server:/px4_uxrce/t265_px4_bridge/install/examples_rclpy_minimal_action_client:/px4_uxrce/t265_px4_bridge/install/examples_rclpy_guard_conditions:/px4_uxrce/t265_px4_bridge/install/examples_rclpy_executors:/opt/ros/humble:/px4_uxrce/t265_px4_bridge/install/t265_to_px4_bridge:/px4_uxrce/t265_px4_bridge/install/examples_rclcpp_wait_set:/px4_uxrce/t265_px4_bridge/install/examples_rclcpp_multithreaded_executor:/px4_uxrce/t265_px4_bridge/install/examples_rclcpp_minimal_timer:/px4_uxrce/t265_px4_bridge/install/examples_rclcpp_minimal_subscriber:/px4_uxrce/t265_px4_bridge/install/examples_rclcpp_minimal_service:/px4_uxrce/t265_px4_bridge/install/examples_rclcpp_minimal_publisher:/px4_uxrce/t265_px4_bridge/install/examples_rclcpp_minimal_composition:/px4_uxrce/t265_px4_bridge/install/examples_rclcpp_minimal_client:/px4_uxrce/t265_px4_bridge/install/examples_rclcpp_minimal_action_server:/px4_uxrce/t265_px4_bridge/install/examples_rclcpp_minimal_action_client:/px4_uxrce/t265_px4_bridge/install/examples_rclcpp_cbg_executor:/px4_uxrce/t265_px4_bridge/install/examples_rclcpp_async_client:/px4_uxrce/t265_px4_bridge/install/cpp_pubsub:/px4_uxrce/t265_px4_bridge/install/bridge_px4 /usr/bin/cmake --install /px4_uxrce/t265_px4_bridge/build/px4_msgs
[2.235s] DEBUG:colcon.colcon_core.event_handler.log_command:Invoking command in '/px4_uxrce/t265_px4_bridge/build/px4_ros_com': CMAKE_PREFIX_PATH=/px4_uxrce/t265_px4_bridge/install/px4_msgs:/px4_uxrce/t265_px4_bridge/install/px4_ros_com:/px4_uxrce/t265_px4_bridge/install/launch_testing_examples:/px4_uxrce/t265_px4_bridge/install/examples_rclpy_pointcloud_publisher:/px4_uxrce/t265_px4_bridge/install/examples_rclpy_minimal_subscriber:/px4_uxrce/t265_px4_bridge/install/examples_rclpy_minimal_service:/px4_uxrce/t265_px4_bridge/install/examples_rclpy_minimal_publisher:/px4_uxrce/t265_px4_bridge/install/examples_rclpy_minimal_client:/px4_uxrce/t265_px4_bridge/install/examples_rclpy_minimal_action_server:/px4_uxrce/t265_px4_bridge/install/examples_rclpy_minimal_action_client:/px4_uxrce/t265_px4_bridge/install/examples_rclpy_guard_conditions:/px4_uxrce/t265_px4_bridge/install/examples_rclpy_executors:/opt/ros/humble:/px4_uxrce/t265_px4_bridge/install/t265_to_px4_bridge:/px4_uxrce/t265_px4_bridge/install/examples_rclcpp_wait_set:/px4_uxrce/t265_px4_bridge/install/examples_rclcpp_multithreaded_executor:/px4_uxrce/t265_px4_bridge/install/examples_rclcpp_minimal_timer:/px4_uxrce/t265_px4_bridge/install/examples_rclcpp_minimal_subscriber:/px4_uxrce/t265_px4_bridge/install/examples_rclcpp_minimal_service:/px4_uxrce/t265_px4_bridge/install/examples_rclcpp_minimal_publisher:/px4_uxrce/t265_px4_bridge/install/examples_rclcpp_minimal_composition:/px4_uxrce/t265_px4_bridge/install/examples_rclcpp_minimal_client:/px4_uxrce/t265_px4_bridge/install/examples_rclcpp_minimal_action_server:/px4_uxrce/t265_px4_bridge/install/examples_rclcpp_minimal_action_client:/px4_uxrce/t265_px4_bridge/install/examples_rclcpp_cbg_executor:/px4_uxrce/t265_px4_bridge/install/examples_rclcpp_async_client:/px4_uxrce/t265_px4_bridge/install/cpp_pubsub:/px4_uxrce/t265_px4_bridge/install/bridge_px4 LD_LIBRARY_PATH=/px4_uxrce/t265_px4_bridge/install/px4_msgs/lib:/px4_uxrce/t265_px4_bridge/install/px4_ros_com/lib:/px4_uxrce/t265_px4_bridge/install/examples_rclcpp_wait_set/lib:/px4_uxrce/t265_px4_bridge/install/examples_rclcpp_minimal_subscriber/lib:/px4_uxrce/t265_px4_bridge/install/examples_rclcpp_minimal_composition/lib:/opt/ros/humble/opt/rviz_ogre_vendor/lib:/opt/ros/humble/lib/x86_64-linux-gnu:/opt/ros/humble/lib /usr/bin/cmake --build /px4_uxrce/t265_px4_bridge/build/px4_ros_com -- -j12 -l12
[2.481s] DEBUG:colcon.colcon_core.event_handler.log_command:Invoked command in '/px4_uxrce/t265_px4_bridge/build/px4_ros_com' returned '0': CMAKE_PREFIX_PATH=/px4_uxrce/t265_px4_bridge/install/px4_msgs:/px4_uxrce/t265_px4_bridge/install/px4_ros_com:/px4_uxrce/t265_px4_bridge/install/launch_testing_examples:/px4_uxrce/t265_px4_bridge/install/examples_rclpy_pointcloud_publisher:/px4_uxrce/t265_px4_bridge/install/examples_rclpy_minimal_subscriber:/px4_uxrce/t265_px4_bridge/install/examples_rclpy_minimal_service:/px4_uxrce/t265_px4_bridge/install/examples_rclpy_minimal_publisher:/px4_uxrce/t265_px4_bridge/install/examples_rclpy_minimal_client:/px4_uxrce/t265_px4_bridge/install/examples_rclpy_minimal_action_server:/px4_uxrce/t265_px4_bridge/install/examples_rclpy_minimal_action_client:/px4_uxrce/t265_px4_bridge/install/examples_rclpy_guard_conditions:/px4_uxrce/t265_px4_bridge/install/examples_rclpy_executors:/opt/ros/humble:/px4_uxrce/t265_px4_bridge/install/t265_to_px4_bridge:/px4_uxrce/t265_px4_bridge/install/examples_rclcpp_wait_set:/px4_uxrce/t265_px4_bridge/install/examples_rclcpp_multithreaded_executor:/px4_uxrce/t265_px4_bridge/install/examples_rclcpp_minimal_timer:/px4_uxrce/t265_px4_bridge/install/examples_rclcpp_minimal_subscriber:/px4_uxrce/t265_px4_bridge/install/examples_rclcpp_minimal_service:/px4_uxrce/t265_px4_bridge/install/examples_rclcpp_minimal_publisher:/px4_uxrce/t265_px4_bridge/install/examples_rclcpp_minimal_composition:/px4_uxrce/t265_px4_bridge/install/examples_rclcpp_minimal_client:/px4_uxrce/t265_px4_bridge/install/examples_rclcpp_minimal_action_server:/px4_uxrce/t265_px4_bridge/install/examples_rclcpp_minimal_action_client:/px4_uxrce/t265_px4_bridge/install/examples_rclcpp_cbg_executor:/px4_uxrce/t265_px4_bridge/install/examples_rclcpp_async_client:/px4_uxrce/t265_px4_bridge/install/cpp_pubsub:/px4_uxrce/t265_px4_bridge/install/bridge_px4 LD_LIBRARY_PATH=/px4_uxrce/t265_px4_bridge/install/px4_msgs/lib:/px4_uxrce/t265_px4_bridge/install/px4_ros_com/lib:/px4_uxrce/t265_px4_bridge/install/examples_rclcpp_wait_set/lib:/px4_uxrce/t265_px4_bridge/install/examples_rclcpp_minimal_subscriber/lib:/px4_uxrce/t265_px4_bridge/install/examples_rclcpp_minimal_composition/lib:/opt/ros/humble/opt/rviz_ogre_vendor/lib:/opt/ros/humble/lib/x86_64-linux-gnu:/opt/ros/humble/lib /usr/bin/cmake --build /px4_uxrce/t265_px4_bridge/build/px4_ros_com -- -j12 -l12
[2.482s] DEBUG:colcon.colcon_core.event_handler.log_command:Invoking command in '/px4_uxrce/t265_px4_bridge/build/px4_ros_com': CMAKE_PREFIX_PATH=/px4_uxrce/t265_px4_bridge/install/px4_msgs:/px4_uxrce/t265_px4_bridge/install/px4_ros_com:/px4_uxrce/t265_px4_bridge/install/launch_testing_examples:/px4_uxrce/t265_px4_bridge/install/examples_rclpy_pointcloud_publisher:/px4_uxrce/t265_px4_bridge/install/examples_rclpy_minimal_subscriber:/px4_uxrce/t265_px4_bridge/install/examples_rclpy_minimal_service:/px4_uxrce/t265_px4_bridge/install/examples_rclpy_minimal_publisher:/px4_uxrce/t265_px4_bridge/install/examples_rclpy_minimal_client:/px4_uxrce/t265_px4_bridge/install/examples_rclpy_minimal_action_server:/px4_uxrce/t265_px4_bridge/install/examples_rclpy_minimal_action_client:/px4_uxrce/t265_px4_bridge/install/examples_rclpy_guard_conditions:/px4_uxrce/t265_px4_bridge/install/examples_rclpy_executors:/opt/ros/humble:/px4_uxrce/t265_px4_bridge/install/t265_to_px4_bridge:/px4_uxrce/t265_px4_bridge/install/examples_rclcpp_wait_set:/px4_uxrce/t265_px4_bridge/install/examples_rclcpp_multithreaded_executor:/px4_uxrce/t265_px4_bridge/install/examples_rclcpp_minimal_timer:/px4_uxrce/t265_px4_bridge/install/examples_rclcpp_minimal_subscriber:/px4_uxrce/t265_px4_bridge/install/examples_rclcpp_minimal_service:/px4_uxrce/t265_px4_bridge/install/examples_rclcpp_minimal_publisher:/px4_uxrce/t265_px4_bridge/install/examples_rclcpp_minimal_composition:/px4_uxrce/t265_px4_bridge/install/examples_rclcpp_minimal_client:/px4_uxrce/t265_px4_bridge/install/examples_rclcpp_minimal_action_server:/px4_uxrce/t265_px4_bridge/install/examples_rclcpp_minimal_action_client:/px4_uxrce/t265_px4_bridge/install/examples_rclcpp_cbg_executor:/px4_uxrce/t265_px4_bridge/install/examples_rclcpp_async_client:/px4_uxrce/t265_px4_bridge/install/cpp_pubsub:/px4_uxrce/t265_px4_bridge/install/bridge_px4 LD_LIBRARY_PATH=/px4_uxrce/t265_px4_bridge/install/px4_msgs/lib:/px4_uxrce/t265_px4_bridge/install/px4_ros_com/lib:/px4_uxrce/t265_px4_bridge/install/examples_rclcpp_wait_set/lib:/px4_uxrce/t265_px4_bridge/install/examples_rclcpp_minimal_subscriber/lib:/px4_uxrce/t265_px4_bridge/install/examples_rclcpp_minimal_composition/lib:/opt/ros/humble/opt/rviz_ogre_vendor/lib:/opt/ros/humble/lib/x86_64-linux-gnu:/opt/ros/humble/lib /usr/bin/cmake --install /px4_uxrce/t265_px4_bridge/build/px4_ros_com
[2.536s] Level 1:colcon.colcon_core.environment:create_environment_scripts_only(px4_ros_com)
[2.536s] Level 1:colcon.colcon_core.environment:checking '/px4_uxrce/t265_px4_bridge/install/px4_ros_com' for CMake module files
[2.537s] DEBUG:colcon.colcon_core.event_handler.log_command:Invoked command in '/px4_uxrce/t265_px4_bridge/build/px4_ros_com' returned '0': CMAKE_PREFIX_PATH=/px4_uxrce/t265_px4_bridge/install/px4_msgs:/px4_uxrce/t265_px4_bridge/install/px4_ros_com:/px4_uxrce/t265_px4_bridge/install/launch_testing_examples:/px4_uxrce/t265_px4_bridge/install/examples_rclpy_pointcloud_publisher:/px4_uxrce/t265_px4_bridge/install/examples_rclpy_minimal_subscriber:/px4_uxrce/t265_px4_bridge/install/examples_rclpy_minimal_service:/px4_uxrce/t265_px4_bridge/install/examples_rclpy_minimal_publisher:/px4_uxrce/t265_px4_bridge/install/examples_rclpy_minimal_client:/px4_uxrce/t265_px4_bridge/install/examples_rclpy_minimal_action_server:/px4_uxrce/t265_px4_bridge/install/examples_rclpy_minimal_action_client:/px4_uxrce/t265_px4_bridge/install/examples_rclpy_guard_conditions:/px4_uxrce/t265_px4_bridge/install/examples_rclpy_executors:/opt/ros/humble:/px4_uxrce/t265_px4_bridge/install/t265_to_px4_bridge:/px4_uxrce/t265_px4_bridge/install/examples_rclcpp_wait_set:/px4_uxrce/t265_px4_bridge/install/examples_rclcpp_multithreaded_executor:/px4_uxrce/t265_px4_bridge/install/examples_rclcpp_minimal_timer:/px4_uxrce/t265_px4_bridge/install/examples_rclcpp_minimal_subscriber:/px4_uxrce/t265_px4_bridge/install/examples_rclcpp_minimal_service:/px4_uxrce/t265_px4_bridge/install/examples_rclcpp_minimal_publisher:/px4_uxrce/t265_px4_bridge/install/examples_rclcpp_minimal_composition:/px4_uxrce/t265_px4_bridge/install/examples_rclcpp_minimal_client:/px4_uxrce/t265_px4_bridge/install/examples_rclcpp_minimal_action_server:/px4_uxrce/t265_px4_bridge/install/examples_rclcpp_minimal_action_client:/px4_uxrce/t265_px4_bridge/install/examples_rclcpp_cbg_executor:/px4_uxrce/t265_px4_bridge/install/examples_rclcpp_async_client:/px4_uxrce/t265_px4_bridge/install/cpp_pubsub:/px4_uxrce/t265_px4_bridge/install/bridge_px4 LD_LIBRARY_PATH=/px4_uxrce/t265_px4_bridge/install/px4_msgs/lib:/px4_uxrce/t265_px4_bridge/install/px4_ros_com/lib:/px4_uxrce/t265_px4_bridge/install/examples_rclcpp_wait_set/lib:/px4_uxrce/t265_px4_bridge/install/examples_rclcpp_minimal_subscriber/lib:/px4_uxrce/t265_px4_bridge/install/examples_rclcpp_minimal_composition/lib:/opt/ros/humble/opt/rviz_ogre_vendor/lib:/opt/ros/humble/lib/x86_64-linux-gnu:/opt/ros/humble/lib /usr/bin/cmake --install /px4_uxrce/t265_px4_bridge/build/px4_ros_com
[2.537s] Level 1:colcon.colcon_core.environment:checking '/px4_uxrce/t265_px4_bridge/install/px4_ros_com' for CMake config files
[2.538s] Level 1:colcon.colcon_core.shell:create_environment_hook('px4_ros_com', 'cmake_prefix_path')
[2.538s] INFO:colcon.colcon_core.shell:Creating environment hook '/px4_uxrce/t265_px4_bridge/install/px4_ros_com/share/px4_ros_com/hook/cmake_prefix_path.ps1'
[2.538s] INFO:colcon.colcon_core.shell:Creating environment descriptor '/px4_uxrce/t265_px4_bridge/install/px4_ros_com/share/px4_ros_com/hook/cmake_prefix_path.dsv'
[2.539s] INFO:colcon.colcon_core.shell:Creating environment hook '/px4_uxrce/t265_px4_bridge/install/px4_ros_com/share/px4_ros_com/hook/cmake_prefix_path.sh'
[2.539s] Level 1:colcon.colcon_core.environment:checking '/px4_uxrce/t265_px4_bridge/install/px4_ros_com/lib'
[2.539s] Level 1:colcon.colcon_core.shell:create_environment_hook('px4_ros_com', 'ld_library_path_lib')
[2.539s] INFO:colcon.colcon_core.shell:Creating environment hook '/px4_uxrce/t265_px4_bridge/install/px4_ros_com/share/px4_ros_com/hook/ld_library_path_lib.ps1'
[2.540s] INFO:colcon.colcon_core.shell:Creating environment descriptor '/px4_uxrce/t265_px4_bridge/install/px4_ros_com/share/px4_ros_com/hook/ld_library_path_lib.dsv'
[2.540s] INFO:colcon.colcon_core.shell:Creating environment hook '/px4_uxrce/t265_px4_bridge/install/px4_ros_com/share/px4_ros_com/hook/ld_library_path_lib.sh'
[2.541s] Level 1:colcon.colcon_core.environment:checking '/px4_uxrce/t265_px4_bridge/install/px4_ros_com/bin'
[2.541s] Level 1:colcon.colcon_core.environment:checking '/px4_uxrce/t265_px4_bridge/install/px4_ros_com/lib/pkgconfig/px4_ros_com.pc'
[2.541s] Level 1:colcon.colcon_core.environment:checking '/px4_uxrce/t265_px4_bridge/install/px4_ros_com/lib/python3.10/site-packages'
[2.541s] Level 1:colcon.colcon_core.environment:checking '/px4_uxrce/t265_px4_bridge/install/px4_ros_com/bin'
[2.542s] INFO:colcon.colcon_core.shell:Creating package script '/px4_uxrce/t265_px4_bridge/install/px4_ros_com/share/px4_ros_com/package.ps1'
[2.542s] INFO:colcon.colcon_core.shell:Creating package descriptor '/px4_uxrce/t265_px4_bridge/install/px4_ros_com/share/px4_ros_com/package.dsv'
[2.542s] INFO:colcon.colcon_core.shell:Creating package script '/px4_uxrce/t265_px4_bridge/install/px4_ros_com/share/px4_ros_com/package.sh'
[2.543s] INFO:colcon.colcon_core.shell:Creating package script '/px4_uxrce/t265_px4_bridge/install/px4_ros_com/share/px4_ros_com/package.bash'
[2.543s] INFO:colcon.colcon_core.shell:Creating package script '/px4_uxrce/t265_px4_bridge/install/px4_ros_com/share/px4_ros_com/package.zsh'
[2.544s] Level 1:colcon.colcon_core.environment:create_file_with_runtime_dependencies(/px4_uxrce/t265_px4_bridge/install/px4_ros_com/share/colcon-core/packages/px4_ros_com)
[2.544s] Level 1:colcon.colcon_core.environment:create_environment_scripts_only(px4_ros_com)
[2.544s] Level 1:colcon.colcon_core.environment:checking '/px4_uxrce/t265_px4_bridge/install/px4_ros_com' for CMake module files
[2.545s] Level 1:colcon.colcon_core.environment:checking '/px4_uxrce/t265_px4_bridge/install/px4_ros_com' for CMake config files
[2.545s] Level 1:colcon.colcon_core.shell:create_environment_hook('px4_ros_com', 'cmake_prefix_path')
[2.545s] INFO:colcon.colcon_core.shell:Creating environment hook '/px4_uxrce/t265_px4_bridge/install/px4_ros_com/share/px4_ros_com/hook/cmake_prefix_path.ps1'
[2.546s] INFO:colcon.colcon_core.shell:Creating environment descriptor '/px4_uxrce/t265_px4_bridge/install/px4_ros_com/share/px4_ros_com/hook/cmake_prefix_path.dsv'
[2.546s] INFO:colcon.colcon_core.shell:Creating environment hook '/px4_uxrce/t265_px4_bridge/install/px4_ros_com/share/px4_ros_com/hook/cmake_prefix_path.sh'
[2.547s] Level 1:colcon.colcon_core.environment:checking '/px4_uxrce/t265_px4_bridge/install/px4_ros_com/lib'
[2.547s] Level 1:colcon.colcon_core.shell:create_environment_hook('px4_ros_com', 'ld_library_path_lib')
[2.547s] INFO:colcon.colcon_core.shell:Creating environment hook '/px4_uxrce/t265_px4_bridge/install/px4_ros_com/share/px4_ros_com/hook/ld_library_path_lib.ps1'
[2.547s] INFO:colcon.colcon_core.shell:Creating environment descriptor '/px4_uxrce/t265_px4_bridge/install/px4_ros_com/share/px4_ros_com/hook/ld_library_path_lib.dsv'
[2.548s] INFO:colcon.colcon_core.shell:Creating environment hook '/px4_uxrce/t265_px4_bridge/install/px4_ros_com/share/px4_ros_com/hook/ld_library_path_lib.sh'
[2.548s] Level 1:colcon.colcon_core.environment:checking '/px4_uxrce/t265_px4_bridge/install/px4_ros_com/bin'
[2.548s] Level 1:colcon.colcon_core.environment:checking '/px4_uxrce/t265_px4_bridge/install/px4_ros_com/lib/pkgconfig/px4_ros_com.pc'
[2.548s] Level 1:colcon.colcon_core.environment:checking '/px4_uxrce/t265_px4_bridge/install/px4_ros_com/lib/python3.10/site-packages'
[2.548s] Level 1:colcon.colcon_core.environment:checking '/px4_uxrce/t265_px4_bridge/install/px4_ros_com/bin'
[2.549s] INFO:colcon.colcon_core.shell:Creating package script '/px4_uxrce/t265_px4_bridge/install/px4_ros_com/share/px4_ros_com/package.ps1'
[2.549s] INFO:colcon.colcon_core.shell:Creating package descriptor '/px4_uxrce/t265_px4_bridge/install/px4_ros_com/share/px4_ros_com/package.dsv'
[2.550s] INFO:colcon.colcon_core.shell:Creating package script '/px4_uxrce/t265_px4_bridge/install/px4_ros_com/share/px4_ros_com/package.sh'
[2.550s] INFO:colcon.colcon_core.shell:Creating package script '/px4_uxrce/t265_px4_bridge/install/px4_ros_com/share/px4_ros_com/package.bash'
[2.551s] INFO:colcon.colcon_core.shell:Creating package script '/px4_uxrce/t265_px4_bridge/install/px4_ros_com/share/px4_ros_com/package.zsh'
[2.551s] Level 1:colcon.colcon_core.environment:create_file_with_runtime_dependencies(/px4_uxrce/t265_px4_bridge/install/px4_ros_com/share/colcon-core/packages/px4_ros_com)
[9.997s] DEBUG:colcon.colcon_core.event_handler.log_command:Invoked command in '/px4_uxrce/t265_px4_bridge/build/cpp_pubsub' returned '0': CMAKE_PREFIX_PATH=/px4_uxrce/t265_px4_bridge/install/px4_ros_com:/px4_uxrce/t265_px4_bridge/install/px4_msgs:/px4_uxrce/t265_px4_bridge/install/launch_testing_examples:/px4_uxrce/t265_px4_bridge/install/examples_rclpy_pointcloud_publisher:/px4_uxrce/t265_px4_bridge/install/examples_rclpy_minimal_subscriber:/px4_uxrce/t265_px4_bridge/install/examples_rclpy_minimal_service:/px4_uxrce/t265_px4_bridge/install/examples_rclpy_minimal_publisher:/px4_uxrce/t265_px4_bridge/install/examples_rclpy_minimal_client:/px4_uxrce/t265_px4_bridge/install/examples_rclpy_minimal_action_server:/px4_uxrce/t265_px4_bridge/install/examples_rclpy_minimal_action_client:/px4_uxrce/t265_px4_bridge/install/examples_rclpy_guard_conditions:/px4_uxrce/t265_px4_bridge/install/examples_rclpy_executors:/opt/ros/humble:/px4_uxrce/t265_px4_bridge/install/t265_to_px4_bridge:/px4_uxrce/t265_px4_bridge/install/examples_rclcpp_wait_set:/px4_uxrce/t265_px4_bridge/install/examples_rclcpp_multithreaded_executor:/px4_uxrce/t265_px4_bridge/install/examples_rclcpp_minimal_timer:/px4_uxrce/t265_px4_bridge/install/examples_rclcpp_minimal_subscriber:/px4_uxrce/t265_px4_bridge/install/examples_rclcpp_minimal_service:/px4_uxrce/t265_px4_bridge/install/examples_rclcpp_minimal_publisher:/px4_uxrce/t265_px4_bridge/install/examples_rclcpp_minimal_composition:/px4_uxrce/t265_px4_bridge/install/examples_rclcpp_minimal_client:/px4_uxrce/t265_px4_bridge/install/examples_rclcpp_minimal_action_server:/px4_uxrce/t265_px4_bridge/install/examples_rclcpp_minimal_action_client:/px4_uxrce/t265_px4_bridge/install/examples_rclcpp_cbg_executor:/px4_uxrce/t265_px4_bridge/install/examples_rclcpp_async_client:/px4_uxrce/t265_px4_bridge/install/cpp_pubsub:/px4_uxrce/t265_px4_bridge/install/bridge_px4 /usr/bin/cmake --build /px4_uxrce/t265_px4_bridge/build/cpp_pubsub -- -j12 -l12
[9.998s] DEBUG:colcon.colcon_core.event_handler.log_command:Invoking command in '/px4_uxrce/t265_px4_bridge/build/cpp_pubsub': CMAKE_PREFIX_PATH=/px4_uxrce/t265_px4_bridge/install/px4_ros_com:/px4_uxrce/t265_px4_bridge/install/px4_msgs:/px4_uxrce/t265_px4_bridge/install/launch_testing_examples:/px4_uxrce/t265_px4_bridge/install/examples_rclpy_pointcloud_publisher:/px4_uxrce/t265_px4_bridge/install/examples_rclpy_minimal_subscriber:/px4_uxrce/t265_px4_bridge/install/examples_rclpy_minimal_service:/px4_uxrce/t265_px4_bridge/install/examples_rclpy_minimal_publisher:/px4_uxrce/t265_px4_bridge/install/examples_rclpy_minimal_client:/px4_uxrce/t265_px4_bridge/install/examples_rclpy_minimal_action_server:/px4_uxrce/t265_px4_bridge/install/examples_rclpy_minimal_action_client:/px4_uxrce/t265_px4_bridge/install/examples_rclpy_guard_conditions:/px4_uxrce/t265_px4_bridge/install/examples_rclpy_executors:/opt/ros/humble:/px4_uxrce/t265_px4_bridge/install/t265_to_px4_bridge:/px4_uxrce/t265_px4_bridge/install/examples_rclcpp_wait_set:/px4_uxrce/t265_px4_bridge/install/examples_rclcpp_multithreaded_executor:/px4_uxrce/t265_px4_bridge/install/examples_rclcpp_minimal_timer:/px4_uxrce/t265_px4_bridge/install/examples_rclcpp_minimal_subscriber:/px4_uxrce/t265_px4_bridge/install/examples_rclcpp_minimal_service:/px4_uxrce/t265_px4_bridge/install/examples_rclcpp_minimal_publisher:/px4_uxrce/t265_px4_bridge/install/examples_rclcpp_minimal_composition:/px4_uxrce/t265_px4_bridge/install/examples_rclcpp_minimal_client:/px4_uxrce/t265_px4_bridge/install/examples_rclcpp_minimal_action_server:/px4_uxrce/t265_px4_bridge/install/examples_rclcpp_minimal_action_client:/px4_uxrce/t265_px4_bridge/install/examples_rclcpp_cbg_executor:/px4_uxrce/t265_px4_bridge/install/examples_rclcpp_async_client:/px4_uxrce/t265_px4_bridge/install/cpp_pubsub:/px4_uxrce/t265_px4_bridge/install/bridge_px4 /usr/bin/cmake --install /px4_uxrce/t265_px4_bridge/build/cpp_pubsub
[10.012s] Level 1:colcon.colcon_core.environment:create_environment_scripts_only(cpp_pubsub)
[10.012s] Level 1:colcon.colcon_core.environment:checking '/px4_uxrce/t265_px4_bridge/install/cpp_pubsub' for CMake module files
[10.014s] Level 1:colcon.colcon_core.environment:checking '/px4_uxrce/t265_px4_bridge/install/cpp_pubsub' for CMake config files
[10.014s] DEBUG:colcon.colcon_core.event_handler.log_command:Invoked command in '/px4_uxrce/t265_px4_bridge/build/cpp_pubsub' returned '0': CMAKE_PREFIX_PATH=/px4_uxrce/t265_px4_bridge/install/px4_ros_com:/px4_uxrce/t265_px4_bridge/install/px4_msgs:/px4_uxrce/t265_px4_bridge/install/launch_testing_examples:/px4_uxrce/t265_px4_bridge/install/examples_rclpy_pointcloud_publisher:/px4_uxrce/t265_px4_bridge/install/examples_rclpy_minimal_subscriber:/px4_uxrce/t265_px4_bridge/install/examples_rclpy_minimal_service:/px4_uxrce/t265_px4_bridge/install/examples_rclpy_minimal_publisher:/px4_uxrce/t265_px4_bridge/install/examples_rclpy_minimal_client:/px4_uxrce/t265_px4_bridge/install/examples_rclpy_minimal_action_server:/px4_uxrce/t265_px4_bridge/install/examples_rclpy_minimal_action_client:/px4_uxrce/t265_px4_bridge/install/examples_rclpy_guard_conditions:/px4_uxrce/t265_px4_bridge/install/examples_rclpy_executors:/opt/ros/humble:/px4_uxrce/t265_px4_bridge/install/t265_to_px4_bridge:/px4_uxrce/t265_px4_bridge/install/examples_rclcpp_wait_set:/px4_uxrce/t265_px4_bridge/install/examples_rclcpp_multithreaded_executor:/px4_uxrce/t265_px4_bridge/install/examples_rclcpp_minimal_timer:/px4_uxrce/t265_px4_bridge/install/examples_rclcpp_minimal_subscriber:/px4_uxrce/t265_px4_bridge/install/examples_rclcpp_minimal_service:/px4_uxrce/t265_px4_bridge/install/examples_rclcpp_minimal_publisher:/px4_uxrce/t265_px4_bridge/install/examples_rclcpp_minimal_composition:/px4_uxrce/t265_px4_bridge/install/examples_rclcpp_minimal_client:/px4_uxrce/t265_px4_bridge/install/examples_rclcpp_minimal_action_server:/px4_uxrce/t265_px4_bridge/install/examples_rclcpp_minimal_action_client:/px4_uxrce/t265_px4_bridge/install/examples_rclcpp_cbg_executor:/px4_uxrce/t265_px4_bridge/install/examples_rclcpp_async_client:/px4_uxrce/t265_px4_bridge/install/cpp_pubsub:/px4_uxrce/t265_px4_bridge/install/bridge_px4 /usr/bin/cmake --install /px4_uxrce/t265_px4_bridge/build/cpp_pubsub
[10.014s] Level 1:colcon.colcon_core.shell:create_environment_hook('cpp_pubsub', 'cmake_prefix_path')
[10.014s] INFO:colcon.colcon_core.shell:Creating environment hook '/px4_uxrce/t265_px4_bridge/install/cpp_pubsub/share/cpp_pubsub/hook/cmake_prefix_path.ps1'
[10.015s] INFO:colcon.colcon_core.shell:Creating environment descriptor '/px4_uxrce/t265_px4_bridge/install/cpp_pubsub/share/cpp_pubsub/hook/cmake_prefix_path.dsv'
[10.015s] INFO:colcon.colcon_core.shell:Creating environment hook '/px4_uxrce/t265_px4_bridge/install/cpp_pubsub/share/cpp_pubsub/hook/cmake_prefix_path.sh'
[10.016s] Level 1:colcon.colcon_core.environment:checking '/px4_uxrce/t265_px4_bridge/install/cpp_pubsub/lib'
[10.016s] Level 1:colcon.colcon_core.environment:checking '/px4_uxrce/t265_px4_bridge/install/cpp_pubsub/bin'
[10.016s] Level 1:colcon.colcon_core.environment:checking '/px4_uxrce/t265_px4_bridge/install/cpp_pubsub/lib/pkgconfig/cpp_pubsub.pc'
[10.016s] Level 1:colcon.colcon_core.environment:checking '/px4_uxrce/t265_px4_bridge/install/cpp_pubsub/lib/python3.10/site-packages'
[10.017s] Level 1:colcon.colcon_core.environment:checking '/px4_uxrce/t265_px4_bridge/install/cpp_pubsub/bin'
[10.017s] INFO:colcon.colcon_core.shell:Creating package script '/px4_uxrce/t265_px4_bridge/install/cpp_pubsub/share/cpp_pubsub/package.ps1'
[10.017s] INFO:colcon.colcon_core.shell:Creating package descriptor '/px4_uxrce/t265_px4_bridge/install/cpp_pubsub/share/cpp_pubsub/package.dsv'
[10.018s] INFO:colcon.colcon_core.shell:Creating package script '/px4_uxrce/t265_px4_bridge/install/cpp_pubsub/share/cpp_pubsub/package.sh'
[10.018s] INFO:colcon.colcon_core.shell:Creating package script '/px4_uxrce/t265_px4_bridge/install/cpp_pubsub/share/cpp_pubsub/package.bash'
[10.018s] INFO:colcon.colcon_core.shell:Creating package script '/px4_uxrce/t265_px4_bridge/install/cpp_pubsub/share/cpp_pubsub/package.zsh'
[10.019s] Level 1:colcon.colcon_core.environment:create_file_with_runtime_dependencies(/px4_uxrce/t265_px4_bridge/install/cpp_pubsub/share/colcon-core/packages/cpp_pubsub)
[10.019s] Level 1:colcon.colcon_core.environment:create_environment_scripts_only(cpp_pubsub)
[10.020s] Level 1:colcon.colcon_core.environment:checking '/px4_uxrce/t265_px4_bridge/install/cpp_pubsub' for CMake module files
[10.020s] Level 1:colcon.colcon_core.environment:checking '/px4_uxrce/t265_px4_bridge/install/cpp_pubsub' for CMake config files
[10.020s] Level 1:colcon.colcon_core.shell:create_environment_hook('cpp_pubsub', 'cmake_prefix_path')
[10.020s] INFO:colcon.colcon_core.shell:Creating environment hook '/px4_uxrce/t265_px4_bridge/install/cpp_pubsub/share/cpp_pubsub/hook/cmake_prefix_path.ps1'
[10.021s] INFO:colcon.colcon_core.shell:Creating environment descriptor '/px4_uxrce/t265_px4_bridge/install/cpp_pubsub/share/cpp_pubsub/hook/cmake_prefix_path.dsv'
[10.021s] INFO:colcon.colcon_core.shell:Creating environment hook '/px4_uxrce/t265_px4_bridge/install/cpp_pubsub/share/cpp_pubsub/hook/cmake_prefix_path.sh'
[10.022s] Level 1:colcon.colcon_core.environment:checking '/px4_uxrce/t265_px4_bridge/install/cpp_pubsub/lib'
[10.022s] Level 1:colcon.colcon_core.environment:checking '/px4_uxrce/t265_px4_bridge/install/cpp_pubsub/bin'
[10.022s] Level 1:colcon.colcon_core.environment:checking '/px4_uxrce/t265_px4_bridge/install/cpp_pubsub/lib/pkgconfig/cpp_pubsub.pc'
[10.022s] Level 1:colcon.colcon_core.environment:checking '/px4_uxrce/t265_px4_bridge/install/cpp_pubsub/lib/python3.10/site-packages'
[10.022s] Level 1:colcon.colcon_core.environment:checking '/px4_uxrce/t265_px4_bridge/install/cpp_pubsub/bin'
[10.023s] INFO:colcon.colcon_core.shell:Creating package script '/px4_uxrce/t265_px4_bridge/install/cpp_pubsub/share/cpp_pubsub/package.ps1'
[10.023s] INFO:colcon.colcon_core.shell:Creating package descriptor '/px4_uxrce/t265_px4_bridge/install/cpp_pubsub/share/cpp_pubsub/package.dsv'
[10.024s] INFO:colcon.colcon_core.shell:Creating package script '/px4_uxrce/t265_px4_bridge/install/cpp_pubsub/share/cpp_pubsub/package.sh'
[10.024s] INFO:colcon.colcon_core.shell:Creating package script '/px4_uxrce/t265_px4_bridge/install/cpp_pubsub/share/cpp_pubsub/package.bash'
[10.025s] INFO:colcon.colcon_core.shell:Creating package script '/px4_uxrce/t265_px4_bridge/install/cpp_pubsub/share/cpp_pubsub/package.zsh'
[10.025s] Level 1:colcon.colcon_core.environment:create_file_with_runtime_dependencies(/px4_uxrce/t265_px4_bridge/install/cpp_pubsub/share/colcon-core/packages/cpp_pubsub)
[10.026s] DEBUG:colcon.colcon_parallel_executor.executor.parallel:closing loop
[10.026s] DEBUG:colcon.colcon_parallel_executor.executor.parallel:loop closed
[10.026s] DEBUG:colcon.colcon_parallel_executor.executor.parallel:run_until_complete finished with '0'
[10.026s] DEBUG:colcon.colcon_core.event_reactor:joining thread
[10.032s] INFO:colcon.colcon_core.plugin_system:Skipping extension 'colcon_notification.desktop_notification.notify_send': Could not find 'notify-send'
[10.032s] INFO:colcon.colcon_core.plugin_system:Skipping extension 'colcon_notification.desktop_notification.terminal_notifier': Not used on non-Darwin systems
[10.032s] INFO:colcon.colcon_core.plugin_system:Skipping extension 'colcon_notification.desktop_notification.win32': Not used on non-Windows systems
[10.032s] INFO:colcon.colcon_notification.desktop_notification:Sending desktop notification using 'notify2'
[10.034s] DEBUG:colcon.colcon_notification.desktop_notification.notify2:Failed to initialize notify2: org.freedesktop.DBus.Error.Spawn.ExecFailed: /usr/bin/dbus-launch terminated abnormally without any error message
[10.035s] DEBUG:colcon.colcon_core.event_reactor:joined thread
[10.035s] INFO:colcon.colcon_core.shell:Creating prefix script '/px4_uxrce/t265_px4_bridge/install/local_setup.ps1'
[10.036s] INFO:colcon.colcon_core.shell:Creating prefix util module '/px4_uxrce/t265_px4_bridge/install/_local_setup_util_ps1.py'
[10.039s] INFO:colcon.colcon_core.shell:Creating prefix chain script '/px4_uxrce/t265_px4_bridge/install/setup.ps1'
[10.042s] INFO:colcon.colcon_core.shell:Creating prefix script '/px4_uxrce/t265_px4_bridge/install/local_setup.sh'
[10.043s] INFO:colcon.colcon_core.shell:Creating prefix util module '/px4_uxrce/t265_px4_bridge/install/_local_setup_util_sh.py'
[10.044s] INFO:colcon.colcon_core.shell:Creating prefix chain script '/px4_uxrce/t265_px4_bridge/install/setup.sh'
[10.047s] INFO:colcon.colcon_core.shell:Creating prefix script '/px4_uxrce/t265_px4_bridge/install/local_setup.bash'
[10.048s] INFO:colcon.colcon_core.shell:Creating prefix chain script '/px4_uxrce/t265_px4_bridge/install/setup.bash'
[10.051s] INFO:colcon.colcon_core.shell:Creating prefix script '/px4_uxrce/t265_px4_bridge/install/local_setup.zsh'
[10.051s] INFO:colcon.colcon_core.shell:Creating prefix chain script '/px4_uxrce/t265_px4_bridge/install/setup.zsh'
