[0.058s] Invoking command in '/px4_uxrce/t265_px4_bridge/build/examples_rclcpp_cbg_executor': CMAKE_PREFIX_PATH=/opt/ros/humble:${CMAKE_PREFIX_PATH} /usr/bin/cmake /px4_uxrce/t265_px4_bridge/src/examples/rclcpp/executors/cbg_executor -DCMAKE_INSTALL_PREFIX=/px4_uxrce/t265_px4_bridge/install/examples_rclcpp_cbg_executor
[0.181s] -- The C compiler identification is GNU 11.4.0
[0.292s] -- The CXX compiler identification is GNU 11.4.0
[0.302s] -- Detecting C compiler ABI info
[0.409s] -- Detecting C compiler ABI info - done
[0.424s] -- Check for working C compiler: /usr/bin/cc - skipped
[0.426s] -- Detecting C compile features
[0.426s] -- Detecting C compile features - done
[0.433s] -- Detecting CXX compiler ABI info
[0.568s] -- Detecting CXX compiler ABI info - done
[0.581s] -- Check for working CXX compiler: /usr/bin/c++ - skipped
[0.582s] -- Detecting CXX compile features
[0.582s] -- Detecting CXX compile features - done
[0.585s] -- Found ament_cmake: 1.3.11 (/opt/ros/humble/share/ament_cmake/cmake)
[0.796s] -- Found Python3: /usr/bin/python3 (found version "3.10.12") found components: Interpreter 
[0.954s] -- Found rclcpp: 16.0.11 (/opt/ros/humble/share/rclcpp/cmake)
[1.021s] -- Found rosidl_generator_c: 3.1.6 (/opt/ros/humble/share/rosidl_generator_c/cmake)
[1.030s] -- Found rosidl_adapter: 3.1.6 (/opt/ros/humble/share/rosidl_adapter/cmake)
[1.042s] -- Found rosidl_generator_cpp: 3.1.6 (/opt/ros/humble/share/rosidl_generator_cpp/cmake)
[1.069s] -- Using all available rosidl_typesupport_c: rosidl_typesupport_fastrtps_c;rosidl_typesupport_introspection_c
[1.102s] -- Using all available rosidl_typesupport_cpp: rosidl_typesupport_fastrtps_cpp;rosidl_typesupport_introspection_cpp
[1.218s] -- Found rmw_implementation_cmake: 6.1.2 (/opt/ros/humble/share/rmw_implementation_cmake/cmake)
[1.222s] -- Found rmw_fastrtps_cpp: 6.2.7 (/opt/ros/humble/share/rmw_fastrtps_cpp/cmake)
[1.388s] -- Found OpenSSL: /usr/lib/x86_64-linux-gnu/libcrypto.so (found version "3.0.2")  
[1.425s] -- Found FastRTPS: /opt/ros/humble/include  
[1.489s] -- Using RMW implementation 'rmw_fastrtps_cpp' as default
[1.500s] -- Looking for pthread.h
[1.615s] -- Looking for pthread.h - found
[1.615s] -- Performing Test CMAKE_HAVE_LIBC_PTHREAD
[1.738s] -- Performing Test CMAKE_HAVE_LIBC_PTHREAD - Success
[1.739s] -- Found Threads: TRUE  
[1.843s] -- Found ament_lint_auto: 0.12.11 (/opt/ros/humble/share/ament_lint_auto/cmake)
[1.999s] -- Added test 'copyright' to check source files copyright and LICENSE
[2.002s] -- Added test 'cppcheck' to perform static code analysis on C / C++ code
[2.003s] -- Configured cppcheck include dirs: /px4_uxrce/t265_px4_bridge/src/examples/rclcpp/executors/cbg_executor/include
[2.004s] -- Configured cppcheck exclude dirs and/or files: 
[2.006s] -- Added test 'cpplint' to check C / C++ code against the Google style
[2.006s] -- Configured cpplint exclude dirs and/or files: 
[2.008s] -- Added test 'lint_cmake' to check CMake code style
[2.011s] -- Added test 'uncrustify' to check C / C++ code style
[2.012s] -- Configured uncrustify additional arguments: 
[2.013s] -- Added test 'xmllint' to check XML markup files
[2.016s] -- Configuring done
[2.041s] -- Generating done
[2.052s] -- Build files have been written to: /px4_uxrce/t265_px4_bridge/build/examples_rclcpp_cbg_executor
[2.076s] Invoked command in '/px4_uxrce/t265_px4_bridge/build/examples_rclcpp_cbg_executor' returned '0': CMAKE_PREFIX_PATH=/opt/ros/humble:${CMAKE_PREFIX_PATH} /usr/bin/cmake /px4_uxrce/t265_px4_bridge/src/examples/rclcpp/executors/cbg_executor -DCMAKE_INSTALL_PREFIX=/px4_uxrce/t265_px4_bridge/install/examples_rclcpp_cbg_executor
[2.076s] Invoking command in '/px4_uxrce/t265_px4_bridge/build/examples_rclcpp_cbg_executor': CMAKE_PREFIX_PATH=/opt/ros/humble:${CMAKE_PREFIX_PATH} /usr/bin/cmake --build /px4_uxrce/t265_px4_bridge/build/examples_rclcpp_cbg_executor -- -j12 -l12
[2.166s] [ 10%] [32mBuilding CXX object CMakeFiles/pong.dir/src/examples_rclcpp_cbg_executor/pong_node.cpp.o[0m
[2.188s] [ 20%] [32mBuilding CXX object CMakeFiles/ping.dir/src/examples_rclcpp_cbg_executor/ping_node.cpp.o[0m
[2.188s] [ 30%] [32mBuilding CXX object CMakeFiles/ping.dir/src/ping.cpp.o[0m
[2.188s] [ 40%] [32mBuilding CXX object CMakeFiles/pong.dir/src/pong.cpp.o[0m
[2.244s] [ 50%] [32mBuilding CXX object CMakeFiles/ping_pong.dir/src/ping_pong.cpp.o[0m
[2.256s] [ 60%] [32mBuilding CXX object CMakeFiles/ping_pong.dir/src/examples_rclcpp_cbg_executor/ping_node.cpp.o[0m
[2.274s] [ 70%] [32mBuilding CXX object CMakeFiles/ping_pong.dir/src/examples_rclcpp_cbg_executor/pong_node.cpp.o[0m
[46.992s] [ 80%] [32m[1mLinking CXX executable pong[0m
[48.662s] [ 80%] Built target pong
[50.480s] [ 90%] [32m[1mLinking CXX executable ping_pong[0m
[52.206s] [100%] [32m[1mLinking CXX executable ping[0m
[52.592s] [100%] Built target ping_pong
[53.498s] [100%] Built target ping
[53.529s] Invoked command in '/px4_uxrce/t265_px4_bridge/build/examples_rclcpp_cbg_executor' returned '0': CMAKE_PREFIX_PATH=/opt/ros/humble:${CMAKE_PREFIX_PATH} /usr/bin/cmake --build /px4_uxrce/t265_px4_bridge/build/examples_rclcpp_cbg_executor -- -j12 -l12
[53.530s] Invoking command in '/px4_uxrce/t265_px4_bridge/build/examples_rclcpp_cbg_executor': CMAKE_PREFIX_PATH=/opt/ros/humble:${CMAKE_PREFIX_PATH} /usr/bin/cmake --install /px4_uxrce/t265_px4_bridge/build/examples_rclcpp_cbg_executor
[53.541s] -- Install configuration: ""
[53.541s] -- Installing: /px4_uxrce/t265_px4_bridge/install/examples_rclcpp_cbg_executor/lib/examples_rclcpp_cbg_executor/ping
[53.545s] -- Set runtime path of "/px4_uxrce/t265_px4_bridge/install/examples_rclcpp_cbg_executor/lib/examples_rclcpp_cbg_executor/ping" to ""
[53.546s] -- Installing: /px4_uxrce/t265_px4_bridge/install/examples_rclcpp_cbg_executor/lib/examples_rclcpp_cbg_executor/pong
[53.550s] -- Set runtime path of "/px4_uxrce/t265_px4_bridge/install/examples_rclcpp_cbg_executor/lib/examples_rclcpp_cbg_executor/pong" to ""
[53.550s] -- Installing: /px4_uxrce/t265_px4_bridge/install/examples_rclcpp_cbg_executor/lib/examples_rclcpp_cbg_executor/ping_pong
[53.555s] -- Set runtime path of "/px4_uxrce/t265_px4_bridge/install/examples_rclcpp_cbg_executor/lib/examples_rclcpp_cbg_executor/ping_pong" to ""
[53.555s] -- Installing: /px4_uxrce/t265_px4_bridge/install/examples_rclcpp_cbg_executor/include
[53.555s] -- Installing: /px4_uxrce/t265_px4_bridge/install/examples_rclcpp_cbg_executor/include/examples_rclcpp_cbg_executor
[53.555s] -- Installing: /px4_uxrce/t265_px4_bridge/install/examples_rclcpp_cbg_executor/include/examples_rclcpp_cbg_executor/ping_node.hpp
[53.555s] -- Installing: /px4_uxrce/t265_px4_bridge/install/examples_rclcpp_cbg_executor/include/examples_rclcpp_cbg_executor/pong_node.hpp
[53.556s] -- Installing: /px4_uxrce/t265_px4_bridge/install/examples_rclcpp_cbg_executor/share/ament_index/resource_index/package_run_dependencies/examples_rclcpp_cbg_executor
[53.556s] -- Installing: /px4_uxrce/t265_px4_bridge/install/examples_rclcpp_cbg_executor/share/ament_index/resource_index/parent_prefix_path/examples_rclcpp_cbg_executor
[53.556s] -- Installing: /px4_uxrce/t265_px4_bridge/install/examples_rclcpp_cbg_executor/share/examples_rclcpp_cbg_executor/environment/ament_prefix_path.sh
[53.556s] -- Installing: /px4_uxrce/t265_px4_bridge/install/examples_rclcpp_cbg_executor/share/examples_rclcpp_cbg_executor/environment/ament_prefix_path.dsv
[53.556s] -- Installing: /px4_uxrce/t265_px4_bridge/install/examples_rclcpp_cbg_executor/share/examples_rclcpp_cbg_executor/environment/path.sh
[53.556s] -- Installing: /px4_uxrce/t265_px4_bridge/install/examples_rclcpp_cbg_executor/share/examples_rclcpp_cbg_executor/environment/path.dsv
[53.557s] -- Installing: /px4_uxrce/t265_px4_bridge/install/examples_rclcpp_cbg_executor/share/examples_rclcpp_cbg_executor/local_setup.bash
[53.557s] -- Installing: /px4_uxrce/t265_px4_bridge/install/examples_rclcpp_cbg_executor/share/examples_rclcpp_cbg_executor/local_setup.sh
[53.557s] -- Installing: /px4_uxrce/t265_px4_bridge/install/examples_rclcpp_cbg_executor/share/examples_rclcpp_cbg_executor/local_setup.zsh
[53.557s] -- Installing: /px4_uxrce/t265_px4_bridge/install/examples_rclcpp_cbg_executor/share/examples_rclcpp_cbg_executor/local_setup.dsv
[53.557s] -- Installing: /px4_uxrce/t265_px4_bridge/install/examples_rclcpp_cbg_executor/share/examples_rclcpp_cbg_executor/package.dsv
[53.558s] -- Installing: /px4_uxrce/t265_px4_bridge/install/examples_rclcpp_cbg_executor/share/ament_index/resource_index/packages/examples_rclcpp_cbg_executor
[53.558s] -- Installing: /px4_uxrce/t265_px4_bridge/install/examples_rclcpp_cbg_executor/share/examples_rclcpp_cbg_executor/cmake/ament_cmake_export_dependencies-extras.cmake
[53.558s] -- Installing: /px4_uxrce/t265_px4_bridge/install/examples_rclcpp_cbg_executor/share/examples_rclcpp_cbg_executor/cmake/examples_rclcpp_cbg_executorConfig.cmake
[53.558s] -- Installing: /px4_uxrce/t265_px4_bridge/install/examples_rclcpp_cbg_executor/share/examples_rclcpp_cbg_executor/cmake/examples_rclcpp_cbg_executorConfig-version.cmake
[53.558s] -- Installing: /px4_uxrce/t265_px4_bridge/install/examples_rclcpp_cbg_executor/share/examples_rclcpp_cbg_executor/package.xml
[53.571s] Invoked command in '/px4_uxrce/t265_px4_bridge/build/examples_rclcpp_cbg_executor' returned '0': CMAKE_PREFIX_PATH=/opt/ros/humble:${CMAKE_PREFIX_PATH} /usr/bin/cmake --install /px4_uxrce/t265_px4_bridge/build/examples_rclcpp_cbg_executor
