[0.047s] Invoking command in '/px4_uxrce/t265_px4_bridge/build/examples_rclcpp_minimal_composition': CMAKE_PREFIX_PATH=/opt/ros/humble:${CMAKE_PREFIX_PATH} /usr/bin/cmake /px4_uxrce/t265_px4_bridge/src/examples/rclcpp/composition/minimal_composition -DCMAKE_INSTALL_PREFIX=/px4_uxrce/t265_px4_bridge/install/examples_rclcpp_minimal_composition
[0.165s] -- The C compiler identification is GNU 11.4.0
[0.262s] -- The CXX compiler identification is GNU 11.4.0
[0.272s] -- Detecting C compiler ABI info
[0.388s] -- Detecting C compiler ABI info - done
[0.407s] -- Check for working C compiler: /usr/bin/cc - skipped
[0.407s] -- Detecting C compile features
[0.408s] -- Detecting C compile features - done
[0.413s] -- Detecting CXX compiler ABI info
[0.546s] -- Detecting CXX compiler ABI info - done
[0.552s] -- Check for working CXX compiler: /usr/bin/c++ - skipped
[0.552s] -- Detecting CXX compile features
[0.552s] -- Detecting CXX compile features - done
[0.553s] -- Found ament_cmake: 1.3.11 (/opt/ros/humble/share/ament_cmake/cmake)
[0.816s] -- Found Python3: /usr/bin/python3 (found version "3.10.12") found components: Interpreter 
[0.984s] -- Found rclcpp: 16.0.11 (/opt/ros/humble/share/rclcpp/cmake)
[1.095s] -- Found rosidl_generator_c: 3.1.6 (/opt/ros/humble/share/rosidl_generator_c/cmake)
[1.101s] -- Found rosidl_adapter: 3.1.6 (/opt/ros/humble/share/rosidl_adapter/cmake)
[1.114s] -- Found rosidl_generator_cpp: 3.1.6 (/opt/ros/humble/share/rosidl_generator_cpp/cmake)
[1.133s] -- Using all available rosidl_typesupport_c: rosidl_typesupport_fastrtps_c;rosidl_typesupport_introspection_c
[1.164s] -- Using all available rosidl_typesupport_cpp: rosidl_typesupport_fastrtps_cpp;rosidl_typesupport_introspection_cpp
[1.246s] -- Found rmw_implementation_cmake: 6.1.2 (/opt/ros/humble/share/rmw_implementation_cmake/cmake)
[1.250s] -- Found rmw_fastrtps_cpp: 6.2.7 (/opt/ros/humble/share/rmw_fastrtps_cpp/cmake)
[1.395s] -- Found OpenSSL: /usr/lib/x86_64-linux-gnu/libcrypto.so (found version "3.0.2")  
[1.429s] -- Found FastRTPS: /opt/ros/humble/include  
[1.490s] -- Using RMW implementation 'rmw_fastrtps_cpp' as default
[1.504s] -- Looking for pthread.h
[1.624s] -- Looking for pthread.h - found
[1.624s] -- Performing Test CMAKE_HAVE_LIBC_PTHREAD
[1.743s] -- Performing Test CMAKE_HAVE_LIBC_PTHREAD - Success
[1.745s] -- Found Threads: TRUE  
[1.861s] -- Found rclcpp_components: 16.0.11 (/opt/ros/humble/share/rclcpp_components/cmake)
[1.916s] -- Found ament_lint_auto: 0.12.11 (/opt/ros/humble/share/ament_lint_auto/cmake)
[2.038s] -- Added test 'copyright' to check source files copyright and LICENSE
[2.040s] -- Added test 'cppcheck' to perform static code analysis on C / C++ code
[2.040s] -- Configured cppcheck include dirs: /px4_uxrce/t265_px4_bridge/src/examples/rclcpp/composition/minimal_composition/include
[2.041s] -- Configured cppcheck exclude dirs and/or files: 
[2.042s] -- Added test 'cpplint' to check C / C++ code against the Google style
[2.042s] -- Configured cpplint exclude dirs and/or files: 
[2.043s] -- Added test 'lint_cmake' to check CMake code style
[2.045s] -- Added test 'uncrustify' to check C / C++ code style
[2.045s] -- Configured uncrustify additional arguments: 
[2.045s] -- Added test 'xmllint' to check XML markup files
[2.048s] -- Configuring done
[2.081s] -- Generating done
[2.089s] -- Build files have been written to: /px4_uxrce/t265_px4_bridge/build/examples_rclcpp_minimal_composition
[2.110s] Invoked command in '/px4_uxrce/t265_px4_bridge/build/examples_rclcpp_minimal_composition' returned '0': CMAKE_PREFIX_PATH=/opt/ros/humble:${CMAKE_PREFIX_PATH} /usr/bin/cmake /px4_uxrce/t265_px4_bridge/src/examples/rclcpp/composition/minimal_composition -DCMAKE_INSTALL_PREFIX=/px4_uxrce/t265_px4_bridge/install/examples_rclcpp_minimal_composition
[2.110s] Invoking command in '/px4_uxrce/t265_px4_bridge/build/examples_rclcpp_minimal_composition': CMAKE_PREFIX_PATH=/opt/ros/humble:${CMAKE_PREFIX_PATH} /usr/bin/cmake --build /px4_uxrce/t265_px4_bridge/build/examples_rclcpp_minimal_composition -- -j12 -l12
[2.267s] [ 11%] [32mBuilding CXX object CMakeFiles/composition_nodes.dir/src/publisher_node.cpp.o[0m
[2.267s] [ 22%] [32mBuilding CXX object CMakeFiles/composition_nodes.dir/src/subscriber_node.cpp.o[0m
[41.386s] [ 33%] [32m[1mLinking CXX shared library libcomposition_nodes.so[0m
[44.272s] [ 33%] Built target composition_nodes
[44.412s] [ 44%] [32mBuilding CXX object CMakeFiles/composition_publisher.dir/src/standalone_publisher.cpp.o[0m
[55.006s] [ 55%] [32m[1mLinking CXX executable composition_publisher[0m
[55.345s] [ 55%] Built target composition_publisher
[55.366s] [ 66%] [32mBuilding CXX object CMakeFiles/composition_composed.dir/src/composed.cpp.o[0m
[58.634s] [ 77%] [32m[1mLinking CXX executable composition_composed[0m
[58.835s] [ 77%] Built target composition_composed
[58.851s] [ 88%] [32mBuilding CXX object CMakeFiles/composition_subscriber.dir/src/standalone_subscriber.cpp.o[0m
[62.075s] [100%] [32m[1mLinking CXX executable composition_subscriber[0m
[62.255s] [100%] Built target composition_subscriber
[62.266s] Invoked command in '/px4_uxrce/t265_px4_bridge/build/examples_rclcpp_minimal_composition' returned '0': CMAKE_PREFIX_PATH=/opt/ros/humble:${CMAKE_PREFIX_PATH} /usr/bin/cmake --build /px4_uxrce/t265_px4_bridge/build/examples_rclcpp_minimal_composition -- -j12 -l12
[62.266s] Invoking command in '/px4_uxrce/t265_px4_bridge/build/examples_rclcpp_minimal_composition': CMAKE_PREFIX_PATH=/opt/ros/humble:${CMAKE_PREFIX_PATH} /usr/bin/cmake --install /px4_uxrce/t265_px4_bridge/build/examples_rclcpp_minimal_composition
[62.274s] -- Install configuration: ""
[62.274s] -- Installing: /px4_uxrce/t265_px4_bridge/install/examples_rclcpp_minimal_composition/share/examples_rclcpp_minimal_composition/environment/library_path.sh
[62.274s] -- Installing: /px4_uxrce/t265_px4_bridge/install/examples_rclcpp_minimal_composition/share/examples_rclcpp_minimal_composition/environment/library_path.dsv
[62.274s] -- Installing: /px4_uxrce/t265_px4_bridge/install/examples_rclcpp_minimal_composition/lib/libcomposition_nodes.so
[62.282s] -- Set runtime path of "/px4_uxrce/t265_px4_bridge/install/examples_rclcpp_minimal_composition/lib/libcomposition_nodes.so" to ""
[62.282s] -- Installing: /px4_uxrce/t265_px4_bridge/install/examples_rclcpp_minimal_composition/lib/examples_rclcpp_minimal_composition/composition_publisher
[62.283s] -- Set runtime path of "/px4_uxrce/t265_px4_bridge/install/examples_rclcpp_minimal_composition/lib/examples_rclcpp_minimal_composition/composition_publisher" to ""
[62.283s] -- Installing: /px4_uxrce/t265_px4_bridge/install/examples_rclcpp_minimal_composition/lib/examples_rclcpp_minimal_composition/composition_subscriber
[62.283s] -- Set runtime path of "/px4_uxrce/t265_px4_bridge/install/examples_rclcpp_minimal_composition/lib/examples_rclcpp_minimal_composition/composition_subscriber" to ""
[62.283s] -- Installing: /px4_uxrce/t265_px4_bridge/install/examples_rclcpp_minimal_composition/lib/examples_rclcpp_minimal_composition/composition_composed
[62.283s] -- Set runtime path of "/px4_uxrce/t265_px4_bridge/install/examples_rclcpp_minimal_composition/lib/examples_rclcpp_minimal_composition/composition_composed" to ""
[62.283s] -- Installing: /px4_uxrce/t265_px4_bridge/install/examples_rclcpp_minimal_composition/share/ament_index/resource_index/package_run_dependencies/examples_rclcpp_minimal_composition
[62.283s] -- Installing: /px4_uxrce/t265_px4_bridge/install/examples_rclcpp_minimal_composition/share/ament_index/resource_index/parent_prefix_path/examples_rclcpp_minimal_composition
[62.284s] -- Installing: /px4_uxrce/t265_px4_bridge/install/examples_rclcpp_minimal_composition/share/examples_rclcpp_minimal_composition/environment/ament_prefix_path.sh
[62.284s] -- Installing: /px4_uxrce/t265_px4_bridge/install/examples_rclcpp_minimal_composition/share/examples_rclcpp_minimal_composition/environment/ament_prefix_path.dsv
[62.284s] -- Installing: /px4_uxrce/t265_px4_bridge/install/examples_rclcpp_minimal_composition/share/examples_rclcpp_minimal_composition/environment/path.sh
[62.284s] -- Installing: /px4_uxrce/t265_px4_bridge/install/examples_rclcpp_minimal_composition/share/examples_rclcpp_minimal_composition/environment/path.dsv
[62.284s] -- Installing: /px4_uxrce/t265_px4_bridge/install/examples_rclcpp_minimal_composition/share/examples_rclcpp_minimal_composition/local_setup.bash
[62.284s] -- Installing: /px4_uxrce/t265_px4_bridge/install/examples_rclcpp_minimal_composition/share/examples_rclcpp_minimal_composition/local_setup.sh
[62.284s] -- Installing: /px4_uxrce/t265_px4_bridge/install/examples_rclcpp_minimal_composition/share/examples_rclcpp_minimal_composition/local_setup.zsh
[62.285s] -- Installing: /px4_uxrce/t265_px4_bridge/install/examples_rclcpp_minimal_composition/share/examples_rclcpp_minimal_composition/local_setup.dsv
[62.285s] -- Installing: /px4_uxrce/t265_px4_bridge/install/examples_rclcpp_minimal_composition/share/examples_rclcpp_minimal_composition/package.dsv
[62.285s] -- Installing: /px4_uxrce/t265_px4_bridge/install/examples_rclcpp_minimal_composition/share/ament_index/resource_index/packages/examples_rclcpp_minimal_composition
[62.285s] -- Installing: /px4_uxrce/t265_px4_bridge/install/examples_rclcpp_minimal_composition/share/examples_rclcpp_minimal_composition/cmake/examples_rclcpp_minimal_compositionConfig.cmake
[62.285s] -- Installing: /px4_uxrce/t265_px4_bridge/install/examples_rclcpp_minimal_composition/share/examples_rclcpp_minimal_composition/cmake/examples_rclcpp_minimal_compositionConfig-version.cmake
[62.285s] -- Installing: /px4_uxrce/t265_px4_bridge/install/examples_rclcpp_minimal_composition/share/examples_rclcpp_minimal_composition/package.xml
[62.308s] Invoked command in '/px4_uxrce/t265_px4_bridge/build/examples_rclcpp_minimal_composition' returned '0': CMAKE_PREFIX_PATH=/opt/ros/humble:${CMAKE_PREFIX_PATH} /usr/bin/cmake --install /px4_uxrce/t265_px4_bridge/build/examples_rclcpp_minimal_composition
