/px4_uxrce/t265_px4_bridge/install/examples_rclpy_minimal_action_client/lib/python3.10/site-packages/examples_rclpy_minimal_action_client/client_cancel.py
/px4_uxrce/t265_px4_bridge/install/examples_rclpy_minimal_action_client/lib/python3.10/site-packages/examples_rclpy_minimal_action_client/client_not_composable.py
/px4_uxrce/t265_px4_bridge/install/examples_rclpy_minimal_action_client/lib/python3.10/site-packages/examples_rclpy_minimal_action_client/client.py
/px4_uxrce/t265_px4_bridge/install/examples_rclpy_minimal_action_client/lib/python3.10/site-packages/examples_rclpy_minimal_action_client/__init__.py
/px4_uxrce/t265_px4_bridge/install/examples_rclpy_minimal_action_client/lib/python3.10/site-packages/examples_rclpy_minimal_action_client/client_asyncio.py
/px4_uxrce/t265_px4_bridge/install/examples_rclpy_minimal_action_client/lib/python3.10/site-packages/examples_rclpy_minimal_action_client/__pycache__/client_cancel.cpython-310.pyc
/px4_uxrce/t265_px4_bridge/install/examples_rclpy_minimal_action_client/lib/python3.10/site-packages/examples_rclpy_minimal_action_client/__pycache__/client_not_composable.cpython-310.pyc
/px4_uxrce/t265_px4_bridge/install/examples_rclpy_minimal_action_client/lib/python3.10/site-packages/examples_rclpy_minimal_action_client/__pycache__/client.cpython-310.pyc
/px4_uxrce/t265_px4_bridge/install/examples_rclpy_minimal_action_client/lib/python3.10/site-packages/examples_rclpy_minimal_action_client/__pycache__/__init__.cpython-310.pyc
/px4_uxrce/t265_px4_bridge/install/examples_rclpy_minimal_action_client/lib/python3.10/site-packages/examples_rclpy_minimal_action_client/__pycache__/client_asyncio.cpython-310.pyc
/px4_uxrce/t265_px4_bridge/install/examples_rclpy_minimal_action_client/share/ament_index/resource_index/packages/examples_rclpy_minimal_action_client
/px4_uxrce/t265_px4_bridge/install/examples_rclpy_minimal_action_client/share/examples_rclpy_minimal_action_client/package.xml
/px4_uxrce/t265_px4_bridge/install/examples_rclpy_minimal_action_client/lib/python3.10/site-packages/examples_rclpy_minimal_action_client-0.15.3-py3.10.egg-info/requires.txt
/px4_uxrce/t265_px4_bridge/install/examples_rclpy_minimal_action_client/lib/python3.10/site-packages/examples_rclpy_minimal_action_client-0.15.3-py3.10.egg-info/entry_points.txt
/px4_uxrce/t265_px4_bridge/install/examples_rclpy_minimal_action_client/lib/python3.10/site-packages/examples_rclpy_minimal_action_client-0.15.3-py3.10.egg-info/zip-safe
/px4_uxrce/t265_px4_bridge/install/examples_rclpy_minimal_action_client/lib/python3.10/site-packages/examples_rclpy_minimal_action_client-0.15.3-py3.10.egg-info/dependency_links.txt
/px4_uxrce/t265_px4_bridge/install/examples_rclpy_minimal_action_client/lib/python3.10/site-packages/examples_rclpy_minimal_action_client-0.15.3-py3.10.egg-info/top_level.txt
/px4_uxrce/t265_px4_bridge/install/examples_rclpy_minimal_action_client/lib/python3.10/site-packages/examples_rclpy_minimal_action_client-0.15.3-py3.10.egg-info/PKG-INFO
/px4_uxrce/t265_px4_bridge/install/examples_rclpy_minimal_action_client/lib/python3.10/site-packages/examples_rclpy_minimal_action_client-0.15.3-py3.10.egg-info/SOURCES.txt
/px4_uxrce/t265_px4_bridge/install/examples_rclpy_minimal_action_client/lib/examples_rclpy_minimal_action_client/client
/px4_uxrce/t265_px4_bridge/install/examples_rclpy_minimal_action_client/lib/examples_rclpy_minimal_action_client/client_asyncio
/px4_uxrce/t265_px4_bridge/install/examples_rclpy_minimal_action_client/lib/examples_rclpy_minimal_action_client/client_cancel
/px4_uxrce/t265_px4_bridge/install/examples_rclpy_minimal_action_client/lib/examples_rclpy_minimal_action_client/client_not_composable
