[0.013s] Invoking command in '/px4_uxrce/camera_ws/build/librealsense2': CMAKE_PREFIX_PATH=/opt/ros/humble /usr/bin/cmake --build /px4_uxrce/camera_ws/build/librealsense2 -- -j12 -l12
[0.073s] [  1%] Built target rs-embed
[0.075s] [  4%] Built target libcurl
[0.079s] [  4%] Built target fw
[0.080s] [  9%] Built target realsense-file
[0.088s] [ 15%] Built target rsutils
[0.225s] [ 53%] Built target realsense2
[0.260s] [ 54%] Built target rs-capture
[0.261s] [ 55%] Built target rs-software-device
[0.261s] [ 55%] Built target rs-hello-realsense
[0.261s] [ 55%] Built target rs-pointcloud
[0.261s] [ 56%] Built target rs-multicam
[0.262s] [ 57%] Built target rs-save-to-disk
[0.266s] [ 59%] Built target rs-callback
[0.266s] [ 59%] Built target rs-align-advanced
[0.269s] [ 61%] Built target rs-align
[0.271s] [ 61%] Built target rs-sensor-control
[0.278s] [ 61%] Built target rs-measure
[0.279s] [ 65%] Built target realsense2-gl
[0.286s] [ 66%] Built target rs-depth
[0.289s] [ 67%] Built target rs-color
[0.293s] [ 67%] Built target rs-distance
[0.296s] [ 69%] Built target rs-hdr
[0.297s] [ 70%] Built target rs-post-processing
[0.298s] [ 71%] Built target rs-motion
[0.299s] [ 73%] Built target rs-record-playback
[0.302s] [ 73%] Built target rs-enumerate-devices
[0.303s] [ 74%] Built target rs-convert
[0.313s] [ 75%] Built target rs-fw-logger
[0.321s] [ 75%] Built target rs-data-collect
[0.322s] [ 75%] Built target rs-record
[0.327s] [ 75%] Built target rs-terminal
[0.331s] [ 75%] Built target rs-fw-update
[0.335s] [ 76%] Built target rs-benchmark
[0.339s] [ 78%] Built target rs-rosbag-inspector
[0.342s] [ 79%] Built target rs-align-gl
[0.342s] [ 80%] Built target rs-gl
[0.357s] [ 92%] Built target realsense-viewer
[0.357s] [100%] Built target rs-depth-quality
[0.369s] Invoked command in '/px4_uxrce/camera_ws/build/librealsense2' returned '0': CMAKE_PREFIX_PATH=/opt/ros/humble /usr/bin/cmake --build /px4_uxrce/camera_ws/build/librealsense2 -- -j12 -l12
[0.377s] Invoking command in '/px4_uxrce/camera_ws/build/librealsense2': CMAKE_PREFIX_PATH=/opt/ros/humble /usr/bin/cmake --install /px4_uxrce/camera_ws/build/librealsense2
[0.384s] -- Install configuration: "Release"
[0.384s] -- Up-to-date: /px4_uxrce/camera_ws/install/librealsense2/lib/librealsense2.so.2.55.1
[0.384s] -- Up-to-date: /px4_uxrce/camera_ws/install/librealsense2/lib/librealsense2.so.2.55
[0.384s] -- Up-to-date: /px4_uxrce/camera_ws/install/librealsense2/lib/librealsense2.so
[0.384s] -- Up-to-date: /px4_uxrce/camera_ws/install/librealsense2/include/librealsense2
[0.384s] -- Up-to-date: /px4_uxrce/camera_ws/install/librealsense2/include/librealsense2/rs.h
[0.384s] -- Up-to-date: /px4_uxrce/camera_ws/install/librealsense2/include/librealsense2/rs.hpp
[0.385s] -- Up-to-date: /px4_uxrce/camera_ws/install/librealsense2/include/librealsense2/hpp
[0.385s] -- Up-to-date: /px4_uxrce/camera_ws/install/librealsense2/include/librealsense2/hpp/rs_frame.hpp
[0.385s] -- Up-to-date: /px4_uxrce/camera_ws/install/librealsense2/include/librealsense2/hpp/rs_export.hpp
[0.385s] -- Up-to-date: /px4_uxrce/camera_ws/install/librealsense2/include/librealsense2/hpp/rs_serializable_device.hpp
[0.385s] -- Up-to-date: /px4_uxrce/camera_ws/install/librealsense2/include/librealsense2/hpp/rs_sensor.hpp
[0.385s] -- Up-to-date: /px4_uxrce/camera_ws/install/librealsense2/include/librealsense2/hpp/rs_device.hpp
[0.385s] -- Up-to-date: /px4_uxrce/camera_ws/install/librealsense2/include/librealsense2/hpp/rs_internal.hpp
[0.385s] -- Up-to-date: /px4_uxrce/camera_ws/install/librealsense2/include/librealsense2/hpp/rs_record_playback.hpp
[0.385s] -- Up-to-date: /px4_uxrce/camera_ws/install/librealsense2/include/librealsense2/hpp/rs_options.hpp
[0.385s] -- Up-to-date: /px4_uxrce/camera_ws/install/librealsense2/include/librealsense2/hpp/rs_pipeline.hpp
[0.385s] -- Up-to-date: /px4_uxrce/camera_ws/install/librealsense2/include/librealsense2/hpp/rs_context.hpp
[0.386s] -- Up-to-date: /px4_uxrce/camera_ws/install/librealsense2/include/librealsense2/hpp/rs_types.hpp
[0.386s] -- Up-to-date: /px4_uxrce/camera_ws/install/librealsense2/include/librealsense2/hpp/rs_processing.hpp
[0.386s] -- Up-to-date: /px4_uxrce/camera_ws/install/librealsense2/include/librealsense2/rs_advanced_mode.hpp
[0.386s] -- Up-to-date: /px4_uxrce/camera_ws/install/librealsense2/include/librealsense2/rsutil.h
[0.386s] -- Up-to-date: /px4_uxrce/camera_ws/install/librealsense2/include/librealsense2/h
[0.386s] -- Up-to-date: /px4_uxrce/camera_ws/install/librealsense2/include/librealsense2/h/rs_internal.h
[0.386s] -- Up-to-date: /px4_uxrce/camera_ws/install/librealsense2/include/librealsense2/h/rs_sensor.h
[0.386s] -- Up-to-date: /px4_uxrce/camera_ws/install/librealsense2/include/librealsense2/h/rs_types.h
[0.386s] -- Up-to-date: /px4_uxrce/camera_ws/install/librealsense2/include/librealsense2/h/rs_processing.h
[0.386s] -- Up-to-date: /px4_uxrce/camera_ws/install/librealsense2/include/librealsense2/h/rs_option.h
[0.386s] -- Up-to-date: /px4_uxrce/camera_ws/install/librealsense2/include/librealsense2/h/rs_context.h
[0.386s] -- Up-to-date: /px4_uxrce/camera_ws/install/librealsense2/include/librealsense2/h/rs_device.h
[0.386s] -- Up-to-date: /px4_uxrce/camera_ws/install/librealsense2/include/librealsense2/h/rs_pipeline.h
[0.386s] -- Up-to-date: /px4_uxrce/camera_ws/install/librealsense2/include/librealsense2/h/rs_record_playback.h
[0.387s] -- Up-to-date: /px4_uxrce/camera_ws/install/librealsense2/include/librealsense2/h/rs_config.h
[0.387s] -- Up-to-date: /px4_uxrce/camera_ws/install/librealsense2/include/librealsense2/h/rs_advanced_mode_command.h
[0.387s] -- Up-to-date: /px4_uxrce/camera_ws/install/librealsense2/include/librealsense2/h/rs_frame.h
[0.387s] -- Up-to-date: /px4_uxrce/camera_ws/install/librealsense2/include/librealsense2/rs_advanced_mode.h
[0.387s] -- Up-to-date: /px4_uxrce/camera_ws/install/librealsense2/lib/cmake/realsense2/realsense2Targets.cmake
[0.387s] -- Up-to-date: /px4_uxrce/camera_ws/install/librealsense2/lib/cmake/realsense2/realsense2Targets-release.cmake
[0.387s] -- Up-to-date: /px4_uxrce/camera_ws/install/librealsense2/lib/cmake/realsense2/realsense2Config.cmake
[0.387s] -- Up-to-date: /px4_uxrce/camera_ws/install/librealsense2/lib/cmake/realsense2/realsense2ConfigVersion.cmake
[0.387s] -- Up-to-date: /px4_uxrce/camera_ws/install/librealsense2/lib/pkgconfig/realsense2.pc
[0.419s] -- Up-to-date: /px4_uxrce/camera_ws/install/librealsense2/lib/librsutils.a
[0.419s] -- Up-to-date: /px4_uxrce/camera_ws/install/librealsense2/lib/librealsense-file.a
[0.419s] -- Up-to-date: /px4_uxrce/camera_ws/install/librealsense2/lib/librealsense2-gl.so.2.55.1
[0.419s] -- Up-to-date: /px4_uxrce/camera_ws/install/librealsense2/lib/librealsense2-gl.so.2.55
[0.420s] -- Up-to-date: /px4_uxrce/camera_ws/install/librealsense2/lib/librealsense2-gl.so
[0.420s] -- Up-to-date: /px4_uxrce/camera_ws/install/librealsense2/include/librealsense2-gl/rs_processing_gl.h
[0.420s] -- Up-to-date: /px4_uxrce/camera_ws/install/librealsense2/include/librealsense2-gl/rs_processing_gl.hpp
[0.420s] -- Up-to-date: /px4_uxrce/camera_ws/install/librealsense2/lib/cmake/realsense2-gl/realsense2-glTargets.cmake
[0.420s] -- Up-to-date: /px4_uxrce/camera_ws/install/librealsense2/lib/cmake/realsense2-gl/realsense2-glTargets-release.cmake
[0.420s] -- Up-to-date: /px4_uxrce/camera_ws/install/librealsense2/lib/cmake/realsense2-gl/realsense2-glConfig.cmake
[0.420s] -- Up-to-date: /px4_uxrce/camera_ws/install/librealsense2/lib/cmake/realsense2-gl/realsense2-glConfigVersion.cmake
[0.420s] -- Up-to-date: /px4_uxrce/camera_ws/install/librealsense2/lib/pkgconfig/realsense2-gl.pc
[0.465s] -- Up-to-date: /px4_uxrce/camera_ws/install/librealsense2/bin/rs-hello-realsense
[0.465s] -- Up-to-date: /px4_uxrce/camera_ws/install/librealsense2/bin/rs-software-device
[0.466s] -- Up-to-date: /px4_uxrce/camera_ws/install/librealsense2/bin/rs-capture
[0.466s] -- Up-to-date: /px4_uxrce/camera_ws/install/librealsense2/bin/rs-callback
[0.466s] -- Up-to-date: /px4_uxrce/camera_ws/install/librealsense2/bin/rs-save-to-disk
[0.466s] -- Up-to-date: /px4_uxrce/camera_ws/install/librealsense2/bin/rs-multicam
[0.466s] -- Up-to-date: /px4_uxrce/camera_ws/install/librealsense2/bin/rs-pointcloud
[0.466s] -- Up-to-date: /px4_uxrce/camera_ws/install/librealsense2/bin/rs-align
[0.466s] -- Up-to-date: /px4_uxrce/camera_ws/install/librealsense2/bin/rs-align-gl
[0.466s] -- Up-to-date: /px4_uxrce/camera_ws/install/librealsense2/bin/rs-align-advanced
[0.466s] -- Up-to-date: /px4_uxrce/camera_ws/install/librealsense2/bin/rs-sensor-control
[0.467s] -- Up-to-date: /px4_uxrce/camera_ws/install/librealsense2/bin/rs-measure
[0.467s] -- Up-to-date: /px4_uxrce/camera_ws/install/librealsense2/bin/rs-depth
[0.467s] -- Up-to-date: /px4_uxrce/camera_ws/install/librealsense2/bin/rs-color
[0.467s] -- Up-to-date: /px4_uxrce/camera_ws/install/librealsense2/bin/rs-distance
[0.467s] -- Up-to-date: /px4_uxrce/camera_ws/install/librealsense2/bin/rs-post-processing
[0.467s] -- Up-to-date: /px4_uxrce/camera_ws/install/librealsense2/bin/rs-record-playback
[0.467s] -- Up-to-date: /px4_uxrce/camera_ws/install/librealsense2/bin/rs-motion
[0.467s] -- Up-to-date: /px4_uxrce/camera_ws/install/librealsense2/bin/rs-gl
[0.467s] -- Up-to-date: /px4_uxrce/camera_ws/install/librealsense2/bin/rs-hdr
[0.468s] -- Up-to-date: /px4_uxrce/camera_ws/install/librealsense2/bin/rs-convert
[0.468s] -- Up-to-date: /px4_uxrce/camera_ws/install/librealsense2/bin/rs-enumerate-devices
[0.468s] -- Up-to-date: /px4_uxrce/camera_ws/install/librealsense2/bin/rs-fw-logger
[0.468s] -- Up-to-date: /px4_uxrce/camera_ws/install/librealsense2/bin/rs-terminal
[0.468s] -- Up-to-date: /px4_uxrce/camera_ws/install/librealsense2/bin/rs-record
[0.468s] -- Up-to-date: /px4_uxrce/camera_ws/install/librealsense2/bin/rs-fw-update
[0.468s] -- Up-to-date: /px4_uxrce/camera_ws/install/librealsense2/bin/rs-embed
[0.468s] -- Up-to-date: /px4_uxrce/camera_ws/install/librealsense2/bin/rs-data-collect
[0.468s] -- Up-to-date: /px4_uxrce/camera_ws/install/librealsense2/bin/realsense-viewer
[0.469s] -- Up-to-date: /root/Documents/librealsense2/presets
[0.469s] -- Up-to-date: /root/Documents/librealsense2/presets/sample.preset
[0.469s] -- Up-to-date: /px4_uxrce/camera_ws/install/librealsense2/bin/rs-depth-quality
[0.469s] -- Up-to-date: /px4_uxrce/camera_ws/install/librealsense2/bin/rs-rosbag-inspector
[0.469s] -- Up-to-date: /px4_uxrce/camera_ws/install/librealsense2/bin/rs-benchmark
[0.470s] -- Up-to-date: /px4_uxrce/camera_ws/install/librealsense2/lib/libfw.a
[0.472s] Invoked command in '/px4_uxrce/camera_ws/build/librealsense2' returned '0': CMAKE_PREFIX_PATH=/opt/ros/humble /usr/bin/cmake --install /px4_uxrce/camera_ws/build/librealsense2
