/px4_uxrce/convex_ellipsoid_planner/install/ros2_gym_pybullet_drones/lib/python3.10/site-packages/ros2_gym_pybullet_drones/trajectory.py
/px4_uxrce/convex_ellipsoid_planner/install/ros2_gym_pybullet_drones/lib/python3.10/site-packages/ros2_gym_pybullet_drones/waypoint_control_server.py
/px4_uxrce/convex_ellipsoid_planner/install/ros2_gym_pybullet_drones/lib/python3.10/site-packages/ros2_gym_pybullet_drones/waypoint_eg.py
/px4_uxrce/convex_ellipsoid_planner/install/ros2_gym_pybullet_drones/lib/python3.10/site-packages/ros2_gym_pybullet_drones/vision_trajectory_tracker.py
/px4_uxrce/convex_ellipsoid_planner/install/ros2_gym_pybullet_drones/lib/python3.10/site-packages/ros2_gym_pybullet_drones/aviary_wrapper.py
/px4_uxrce/convex_ellipsoid_planner/install/ros2_gym_pybullet_drones/lib/python3.10/site-packages/ros2_gym_pybullet_drones/random_control.py
/px4_uxrce/convex_ellipsoid_planner/install/ros2_gym_pybullet_drones/lib/python3.10/site-packages/ros2_gym_pybullet_drones/__init__.py
/px4_uxrce/convex_ellipsoid_planner/install/ros2_gym_pybullet_drones/lib/python3.10/site-packages/ros2_gym_pybullet_drones/waypoint_control.py
/px4_uxrce/convex_ellipsoid_planner/install/ros2_gym_pybullet_drones/lib/python3.10/site-packages/ros2_gym_pybullet_drones/pcd_to_csv.py
/px4_uxrce/convex_ellipsoid_planner/install/ros2_gym_pybullet_drones/lib/python3.10/site-packages/ros2_gym_pybullet_drones/joystick_control.py
/px4_uxrce/convex_ellipsoid_planner/install/ros2_gym_pybullet_drones/lib/python3.10/site-packages/ros2_gym_pybullet_drones/hover_control.py
/px4_uxrce/convex_ellipsoid_planner/install/ros2_gym_pybullet_drones/lib/python3.10/site-packages/ros2_gym_pybullet_drones/vision_wrapper_client.py
/px4_uxrce/convex_ellipsoid_planner/install/ros2_gym_pybullet_drones/lib/python3.10/site-packages/ros2_gym_pybullet_drones/trajectory_eg.py
/px4_uxrce/convex_ellipsoid_planner/install/ros2_gym_pybullet_drones/lib/python3.10/site-packages/ros2_gym_pybullet_drones/vision_wrapper.py
/px4_uxrce/convex_ellipsoid_planner/install/ros2_gym_pybullet_drones/lib/python3.10/site-packages/ros2_gym_pybullet_drones/__pycache__/trajectory.cpython-310.pyc
/px4_uxrce/convex_ellipsoid_planner/install/ros2_gym_pybullet_drones/lib/python3.10/site-packages/ros2_gym_pybullet_drones/__pycache__/waypoint_control_server.cpython-310.pyc
/px4_uxrce/convex_ellipsoid_planner/install/ros2_gym_pybullet_drones/lib/python3.10/site-packages/ros2_gym_pybullet_drones/__pycache__/waypoint_eg.cpython-310.pyc
/px4_uxrce/convex_ellipsoid_planner/install/ros2_gym_pybullet_drones/lib/python3.10/site-packages/ros2_gym_pybullet_drones/__pycache__/vision_trajectory_tracker.cpython-310.pyc
/px4_uxrce/convex_ellipsoid_planner/install/ros2_gym_pybullet_drones/lib/python3.10/site-packages/ros2_gym_pybullet_drones/__pycache__/aviary_wrapper.cpython-310.pyc
/px4_uxrce/convex_ellipsoid_planner/install/ros2_gym_pybullet_drones/lib/python3.10/site-packages/ros2_gym_pybullet_drones/__pycache__/random_control.cpython-310.pyc
/px4_uxrce/convex_ellipsoid_planner/install/ros2_gym_pybullet_drones/lib/python3.10/site-packages/ros2_gym_pybullet_drones/__pycache__/__init__.cpython-310.pyc
/px4_uxrce/convex_ellipsoid_planner/install/ros2_gym_pybullet_drones/lib/python3.10/site-packages/ros2_gym_pybullet_drones/__pycache__/waypoint_control.cpython-310.pyc
/px4_uxrce/convex_ellipsoid_planner/install/ros2_gym_pybullet_drones/lib/python3.10/site-packages/ros2_gym_pybullet_drones/__pycache__/pcd_to_csv.cpython-310.pyc
/px4_uxrce/convex_ellipsoid_planner/install/ros2_gym_pybullet_drones/lib/python3.10/site-packages/ros2_gym_pybullet_drones/__pycache__/joystick_control.cpython-310.pyc
/px4_uxrce/convex_ellipsoid_planner/install/ros2_gym_pybullet_drones/lib/python3.10/site-packages/ros2_gym_pybullet_drones/__pycache__/hover_control.cpython-310.pyc
/px4_uxrce/convex_ellipsoid_planner/install/ros2_gym_pybullet_drones/lib/python3.10/site-packages/ros2_gym_pybullet_drones/__pycache__/vision_wrapper_client.cpython-310.pyc
/px4_uxrce/convex_ellipsoid_planner/install/ros2_gym_pybullet_drones/lib/python3.10/site-packages/ros2_gym_pybullet_drones/__pycache__/trajectory_eg.cpython-310.pyc
/px4_uxrce/convex_ellipsoid_planner/install/ros2_gym_pybullet_drones/lib/python3.10/site-packages/ros2_gym_pybullet_drones/__pycache__/vision_wrapper.cpython-310.pyc
/px4_uxrce/convex_ellipsoid_planner/install/ros2_gym_pybullet_drones/share/ament_index/resource_index/packages/ros2_gym_pybullet_drones
/px4_uxrce/convex_ellipsoid_planner/install/ros2_gym_pybullet_drones/share/ros2_gym_pybullet_drones/package.xml
/px4_uxrce/convex_ellipsoid_planner/install/ros2_gym_pybullet_drones/lib/python3.10/site-packages/ros2_gym_pybullet_drones-0.0.1-py3.10.egg-info/requires.txt
/px4_uxrce/convex_ellipsoid_planner/install/ros2_gym_pybullet_drones/lib/python3.10/site-packages/ros2_gym_pybullet_drones-0.0.1-py3.10.egg-info/entry_points.txt
/px4_uxrce/convex_ellipsoid_planner/install/ros2_gym_pybullet_drones/lib/python3.10/site-packages/ros2_gym_pybullet_drones-0.0.1-py3.10.egg-info/zip-safe
/px4_uxrce/convex_ellipsoid_planner/install/ros2_gym_pybullet_drones/lib/python3.10/site-packages/ros2_gym_pybullet_drones-0.0.1-py3.10.egg-info/dependency_links.txt
/px4_uxrce/convex_ellipsoid_planner/install/ros2_gym_pybullet_drones/lib/python3.10/site-packages/ros2_gym_pybullet_drones-0.0.1-py3.10.egg-info/top_level.txt
/px4_uxrce/convex_ellipsoid_planner/install/ros2_gym_pybullet_drones/lib/python3.10/site-packages/ros2_gym_pybullet_drones-0.0.1-py3.10.egg-info/PKG-INFO
/px4_uxrce/convex_ellipsoid_planner/install/ros2_gym_pybullet_drones/lib/python3.10/site-packages/ros2_gym_pybullet_drones-0.0.1-py3.10.egg-info/SOURCES.txt
/px4_uxrce/convex_ellipsoid_planner/install/ros2_gym_pybullet_drones/lib/ros2_gym_pybullet_drones/aviary_wrapper
/px4_uxrce/convex_ellipsoid_planner/install/ros2_gym_pybullet_drones/lib/ros2_gym_pybullet_drones/noisy_aviary
/px4_uxrce/convex_ellipsoid_planner/install/ros2_gym_pybullet_drones/lib/ros2_gym_pybullet_drones/pcd_to_csv
/px4_uxrce/convex_ellipsoid_planner/install/ros2_gym_pybullet_drones/lib/ros2_gym_pybullet_drones/random_control
/px4_uxrce/convex_ellipsoid_planner/install/ros2_gym_pybullet_drones/lib/ros2_gym_pybullet_drones/trajectory_generator
/px4_uxrce/convex_ellipsoid_planner/install/ros2_gym_pybullet_drones/lib/ros2_gym_pybullet_drones/trajectory_tracker
/px4_uxrce/convex_ellipsoid_planner/install/ros2_gym_pybullet_drones/lib/ros2_gym_pybullet_drones/vision_client
/px4_uxrce/convex_ellipsoid_planner/install/ros2_gym_pybullet_drones/lib/ros2_gym_pybullet_drones/vision_wrapper
/px4_uxrce/convex_ellipsoid_planner/install/ros2_gym_pybullet_drones/lib/ros2_gym_pybullet_drones/waypoint_eg
