running egg_info
creating ../../build/rrt_python_gym/rrt_python_gym.egg-info
writing ../../build/rrt_python_gym/rrt_python_gym.egg-info/PKG-INFO
writing dependency_links to ../../build/rrt_python_gym/rrt_python_gym.egg-info/dependency_links.txt
writing entry points to ../../build/rrt_python_gym/rrt_python_gym.egg-info/entry_points.txt
writing requirements to ../../build/rrt_python_gym/rrt_python_gym.egg-info/requires.txt
writing top-level names to ../../build/rrt_python_gym/rrt_python_gym.egg-info/top_level.txt
writing manifest file '../../build/rrt_python_gym/rrt_python_gym.egg-info/SOURCES.txt'
reading manifest file '../../build/rrt_python_gym/rrt_python_gym.egg-info/SOURCES.txt'
adding license file 'LICENSE'
writing manifest file '../../build/rrt_python_gym/rrt_python_gym.egg-info/SOURCES.txt'
running build
running build_py
creating /px4_uxrce/convex_ellipsoid_planner/build/rrt_python_gym/build
creating /px4_uxrce/convex_ellipsoid_planner/build/rrt_python_gym/build/lib
creating /px4_uxrce/convex_ellipsoid_planner/build/rrt_python_gym/build/lib/rrt_python_gym
copying rrt_python_gym/rrt_node.py -> /px4_uxrce/convex_ellipsoid_planner/build/rrt_python_gym/build/lib/rrt_python_gym
copying rrt_python_gym/trajectory.py -> /px4_uxrce/convex_ellipsoid_planner/build/rrt_python_gym/build/lib/rrt_python_gym
copying rrt_python_gym/__init__.py -> /px4_uxrce/convex_ellipsoid_planner/build/rrt_python_gym/build/lib/rrt_python_gym
copying rrt_python_gym/corridor_finder.py -> /px4_uxrce/convex_ellipsoid_planner/build/rrt_python_gym/build/lib/rrt_python_gym
copying rrt_python_gym/kdtree_c.py -> /px4_uxrce/convex_ellipsoid_planner/build/rrt_python_gym/build/lib/rrt_python_gym
running install
running install_lib
creating /px4_uxrce/convex_ellipsoid_planner/install/rrt_python_gym/lib/python3.10/site-packages/rrt_python_gym
copying /px4_uxrce/convex_ellipsoid_planner/build/rrt_python_gym/build/lib/rrt_python_gym/rrt_node.py -> /px4_uxrce/convex_ellipsoid_planner/install/rrt_python_gym/lib/python3.10/site-packages/rrt_python_gym
copying /px4_uxrce/convex_ellipsoid_planner/build/rrt_python_gym/build/lib/rrt_python_gym/trajectory.py -> /px4_uxrce/convex_ellipsoid_planner/install/rrt_python_gym/lib/python3.10/site-packages/rrt_python_gym
copying /px4_uxrce/convex_ellipsoid_planner/build/rrt_python_gym/build/lib/rrt_python_gym/__init__.py -> /px4_uxrce/convex_ellipsoid_planner/install/rrt_python_gym/lib/python3.10/site-packages/rrt_python_gym
copying /px4_uxrce/convex_ellipsoid_planner/build/rrt_python_gym/build/lib/rrt_python_gym/corridor_finder.py -> /px4_uxrce/convex_ellipsoid_planner/install/rrt_python_gym/lib/python3.10/site-packages/rrt_python_gym
copying /px4_uxrce/convex_ellipsoid_planner/build/rrt_python_gym/build/lib/rrt_python_gym/kdtree_c.py -> /px4_uxrce/convex_ellipsoid_planner/install/rrt_python_gym/lib/python3.10/site-packages/rrt_python_gym
byte-compiling /px4_uxrce/convex_ellipsoid_planner/install/rrt_python_gym/lib/python3.10/site-packages/rrt_python_gym/rrt_node.py to rrt_node.cpython-310.pyc
byte-compiling /px4_uxrce/convex_ellipsoid_planner/install/rrt_python_gym/lib/python3.10/site-packages/rrt_python_gym/trajectory.py to trajectory.cpython-310.pyc
byte-compiling /px4_uxrce/convex_ellipsoid_planner/install/rrt_python_gym/lib/python3.10/site-packages/rrt_python_gym/__init__.py to __init__.cpython-310.pyc
byte-compiling /px4_uxrce/convex_ellipsoid_planner/install/rrt_python_gym/lib/python3.10/site-packages/rrt_python_gym/corridor_finder.py to corridor_finder.cpython-310.pyc
byte-compiling /px4_uxrce/convex_ellipsoid_planner/install/rrt_python_gym/lib/python3.10/site-packages/rrt_python_gym/kdtree_c.py to kdtree_c.cpython-310.pyc
running install_data
creating /px4_uxrce/convex_ellipsoid_planner/install/rrt_python_gym/share/ament_index
creating /px4_uxrce/convex_ellipsoid_planner/install/rrt_python_gym/share/ament_index/resource_index
creating /px4_uxrce/convex_ellipsoid_planner/install/rrt_python_gym/share/ament_index/resource_index/packages
copying resource/rrt_python_gym -> /px4_uxrce/convex_ellipsoid_planner/install/rrt_python_gym/share/ament_index/resource_index/packages
copying package.xml -> /px4_uxrce/convex_ellipsoid_planner/install/rrt_python_gym/share/rrt_python_gym
running install_egg_info
Copying ../../build/rrt_python_gym/rrt_python_gym.egg-info to /px4_uxrce/convex_ellipsoid_planner/install/rrt_python_gym/lib/python3.10/site-packages/rrt_python_gym-0.0.0-py3.10.egg-info
running install_scripts
Installing rrt_planner script to /px4_uxrce/convex_ellipsoid_planner/install/rrt_python_gym/lib/rrt_python_gym
writing list of installed files to '/px4_uxrce/convex_ellipsoid_planner/build/rrt_python_gym/install.log'
