[0.024s] Invoking command in '/px4_uxrce/t265_px4_bridge/build/bridge_px4': CMAKE_PREFIX_PATH=/px4_uxrce/t265_px4_bridge/install/launch_testing_examples:/px4_uxrce/t265_px4_bridge/install/examples_rclpy_pointcloud_publisher:/px4_uxrce/t265_px4_bridge/install/examples_rclpy_minimal_subscriber:/px4_uxrce/t265_px4_bridge/install/examples_rclpy_minimal_service:/px4_uxrce/t265_px4_bridge/install/examples_rclpy_minimal_publisher:/px4_uxrce/t265_px4_bridge/install/examples_rclpy_minimal_client:/px4_uxrce/t265_px4_bridge/install/examples_rclpy_minimal_action_server:/px4_uxrce/t265_px4_bridge/install/examples_rclpy_minimal_action_client:/px4_uxrce/t265_px4_bridge/install/examples_rclpy_guard_conditions:/px4_uxrce/t265_px4_bridge/install/examples_rclpy_executors:/opt/ros/humble:${CMAKE_PREFIX_PATH} /usr/bin/cmake --build /px4_uxrce/t265_px4_bridge/build/bridge_px4 -- -j12 -l12
[0.056s] Invoked command in '/px4_uxrce/t265_px4_bridge/build/bridge_px4' returned '0': CMAKE_PREFIX_PATH=/px4_uxrce/t265_px4_bridge/install/launch_testing_examples:/px4_uxrce/t265_px4_bridge/install/examples_rclpy_pointcloud_publisher:/px4_uxrce/t265_px4_bridge/install/examples_rclpy_minimal_subscriber:/px4_uxrce/t265_px4_bridge/install/examples_rclpy_minimal_service:/px4_uxrce/t265_px4_bridge/install/examples_rclpy_minimal_publisher:/px4_uxrce/t265_px4_bridge/install/examples_rclpy_minimal_client:/px4_uxrce/t265_px4_bridge/install/examples_rclpy_minimal_action_server:/px4_uxrce/t265_px4_bridge/install/examples_rclpy_minimal_action_client:/px4_uxrce/t265_px4_bridge/install/examples_rclpy_guard_conditions:/px4_uxrce/t265_px4_bridge/install/examples_rclpy_executors:/opt/ros/humble:${CMAKE_PREFIX_PATH} /usr/bin/cmake --build /px4_uxrce/t265_px4_bridge/build/bridge_px4 -- -j12 -l12
[0.063s] Invoking command in '/px4_uxrce/t265_px4_bridge/build/bridge_px4': CMAKE_PREFIX_PATH=/px4_uxrce/t265_px4_bridge/install/launch_testing_examples:/px4_uxrce/t265_px4_bridge/install/examples_rclpy_pointcloud_publisher:/px4_uxrce/t265_px4_bridge/install/examples_rclpy_minimal_subscriber:/px4_uxrce/t265_px4_bridge/install/examples_rclpy_minimal_service:/px4_uxrce/t265_px4_bridge/install/examples_rclpy_minimal_publisher:/px4_uxrce/t265_px4_bridge/install/examples_rclpy_minimal_client:/px4_uxrce/t265_px4_bridge/install/examples_rclpy_minimal_action_server:/px4_uxrce/t265_px4_bridge/install/examples_rclpy_minimal_action_client:/px4_uxrce/t265_px4_bridge/install/examples_rclpy_guard_conditions:/px4_uxrce/t265_px4_bridge/install/examples_rclpy_executors:/opt/ros/humble:${CMAKE_PREFIX_PATH} /usr/bin/cmake --install /px4_uxrce/t265_px4_bridge/build/bridge_px4
[0.071s] -- Install configuration: ""
[0.071s] -- Up-to-date: /px4_uxrce/t265_px4_bridge/install/bridge_px4/share/ament_index/resource_index/package_run_dependencies/bridge_px4
[0.072s] -- Up-to-date: /px4_uxrce/t265_px4_bridge/install/bridge_px4/share/ament_index/resource_index/parent_prefix_path/bridge_px4
[0.072s] -- Up-to-date: /px4_uxrce/t265_px4_bridge/install/bridge_px4/share/bridge_px4/environment/ament_prefix_path.sh
[0.072s] -- Up-to-date: /px4_uxrce/t265_px4_bridge/install/bridge_px4/share/bridge_px4/environment/ament_prefix_path.dsv
[0.072s] -- Up-to-date: /px4_uxrce/t265_px4_bridge/install/bridge_px4/share/bridge_px4/environment/path.sh
[0.073s] -- Up-to-date: /px4_uxrce/t265_px4_bridge/install/bridge_px4/share/bridge_px4/environment/path.dsv
[0.073s] -- Up-to-date: /px4_uxrce/t265_px4_bridge/install/bridge_px4/share/bridge_px4/local_setup.bash
[0.073s] -- Up-to-date: /px4_uxrce/t265_px4_bridge/install/bridge_px4/share/bridge_px4/local_setup.sh
[0.074s] -- Up-to-date: /px4_uxrce/t265_px4_bridge/install/bridge_px4/share/bridge_px4/local_setup.zsh
[0.074s] -- Up-to-date: /px4_uxrce/t265_px4_bridge/install/bridge_px4/share/bridge_px4/local_setup.dsv
[0.074s] -- Installing: /px4_uxrce/t265_px4_bridge/install/bridge_px4/share/bridge_px4/package.dsv
[0.074s] -- Up-to-date: /px4_uxrce/t265_px4_bridge/install/bridge_px4/share/ament_index/resource_index/packages/bridge_px4
[0.074s] -- Up-to-date: /px4_uxrce/t265_px4_bridge/install/bridge_px4/share/bridge_px4/cmake/bridge_px4Config.cmake
[0.074s] -- Up-to-date: /px4_uxrce/t265_px4_bridge/install/bridge_px4/share/bridge_px4/cmake/bridge_px4Config-version.cmake
[0.074s] -- Up-to-date: /px4_uxrce/t265_px4_bridge/install/bridge_px4/share/bridge_px4/package.xml
[0.075s] Invoked command in '/px4_uxrce/t265_px4_bridge/build/bridge_px4' returned '0': CMAKE_PREFIX_PATH=/px4_uxrce/t265_px4_bridge/install/launch_testing_examples:/px4_uxrce/t265_px4_bridge/install/examples_rclpy_pointcloud_publisher:/px4_uxrce/t265_px4_bridge/install/examples_rclpy_minimal_subscriber:/px4_uxrce/t265_px4_bridge/install/examples_rclpy_minimal_service:/px4_uxrce/t265_px4_bridge/install/examples_rclpy_minimal_publisher:/px4_uxrce/t265_px4_bridge/install/examples_rclpy_minimal_client:/px4_uxrce/t265_px4_bridge/install/examples_rclpy_minimal_action_server:/px4_uxrce/t265_px4_bridge/install/examples_rclpy_minimal_action_client:/px4_uxrce/t265_px4_bridge/install/examples_rclpy_guard_conditions:/px4_uxrce/t265_px4_bridge/install/examples_rclpy_executors:/opt/ros/humble:${CMAKE_PREFIX_PATH} /usr/bin/cmake --install /px4_uxrce/t265_px4_bridge/build/bridge_px4
