[0.112s] DEBUG:colcon:Command line arguments: ['/usr/bin/colcon', 'build']
[0.112s] DEBUG:colcon:Parsed command line arguments: Namespace(log_base=None, log_level=None, verb_name='build', build_base='build', install_base='install', merge_install=False, symlink_install=False, test_result_base=None, continue_on_error=False, executor='parallel', parallel_workers=12, event_handlers=None, ignore_user_meta=False, metas=['./colcon.meta'], base_paths=['.'], packages_ignore=None, packages_ignore_regex=None, paths=None, packages_up_to=None, packages_up_to_regex=None, packages_above=None, packages_above_and_dependencies=None, packages_above_depth=None, packages_select_by_dep=None, packages_skip_by_dep=None, packages_skip_up_to=None, packages_select_build_failed=False, packages_skip_build_finished=False, packages_select_test_failures=False, packages_skip_test_passed=False, packages_select=None, packages_skip=None, packages_select_regex=None, packages_skip_regex=None, packages_start=None, packages_end=None, cmake_args=None, cmake_target=None, cmake_target_skip_unavailable=False, cmake_clean_cache=False, cmake_clean_first=False, cmake_force_configure=False, ament_cmake_args=None, catkin_cmake_args=None, catkin_skip_building_tests=False, mixin_files=None, mixin=None, verb_parser=<colcon_mixin.mixin.mixin_argument.MixinArgumentDecorator object at 0x7f92eb623820>, verb_extension=<colcon_core.verb.build.BuildVerb object at 0x7f92eb623190>, main=<bound method BuildVerb.main of <colcon_core.verb.build.BuildVerb object at 0x7f92eb623190>>, mixin_verb=('build',))
[0.238s] Level 1:colcon.colcon_core.package_discovery:discover_packages(colcon_meta) check parameters
[0.239s] INFO:colcon.colcon_metadata.package_discovery.colcon_meta:Using configuration from '/root/.colcon/metadata/default/Gazebo.meta'
[0.240s] INFO:colcon.colcon_metadata.package_discovery.colcon_meta:Using configuration from '/root/.colcon/metadata/default/fastrtps.meta'
[0.240s] Level 1:colcon.colcon_core.package_discovery:discover_packages(recursive) check parameters
[0.240s] Level 1:colcon.colcon_core.package_discovery:discover_packages(ignore) check parameters
[0.240s] Level 1:colcon.colcon_core.package_discovery:discover_packages(path) check parameters
[0.240s] Level 1:colcon.colcon_core.package_discovery:discover_packages(colcon_meta) discover
[0.240s] Level 1:colcon.colcon_core.package_discovery:discover_packages(recursive) discover
[0.240s] INFO:colcon.colcon_core.package_discovery:Crawling recursively for packages in '/px4_uxrce/t265_px4_bridge'
[0.240s] Level 1:colcon.colcon_core.package_identification:_identify(.) by extensions ['ignore', 'ignore_ament_install']
[0.240s] Level 1:colcon.colcon_core.package_identification:_identify(.) by extension 'ignore'
[0.240s] Level 1:colcon.colcon_core.package_identification:_identify(.) by extension 'ignore_ament_install'
[0.240s] Level 1:colcon.colcon_core.package_identification:_identify(.) by extensions ['colcon_pkg']
[0.240s] Level 1:colcon.colcon_core.package_identification:_identify(.) by extension 'colcon_pkg'
[0.240s] Level 1:colcon.colcon_core.package_identification:_identify(.) by extensions ['colcon_meta']
[0.240s] Level 1:colcon.colcon_core.package_identification:_identify(.) by extension 'colcon_meta'
[0.241s] Level 1:colcon.colcon_core.package_identification:_identify(.) by extensions ['ros']
[0.241s] Level 1:colcon.colcon_core.package_identification:_identify(.) by extension 'ros'
[0.252s] Level 1:colcon.colcon_core.package_identification:_identify(.) by extensions ['cmake', 'python']
[0.252s] Level 1:colcon.colcon_core.package_identification:_identify(.) by extension 'cmake'
[0.252s] Level 1:colcon.colcon_core.package_identification:_identify(.) by extension 'python'
[0.253s] Level 1:colcon.colcon_core.package_identification:_identify(.) by extensions ['python_setup_py']
[0.253s] Level 1:colcon.colcon_core.package_identification:_identify(.) by extension 'python_setup_py'
[0.253s] Level 1:colcon.colcon_core.package_identification:_identify(build) by extensions ['ignore', 'ignore_ament_install']
[0.253s] Level 1:colcon.colcon_core.package_identification:_identify(build) by extension 'ignore'
[0.253s] Level 1:colcon.colcon_core.package_identification:_identify(build) ignored
[0.253s] Level 1:colcon.colcon_core.package_identification:_identify(install) by extensions ['ignore', 'ignore_ament_install']
[0.253s] Level 1:colcon.colcon_core.package_identification:_identify(install) by extension 'ignore'
[0.253s] Level 1:colcon.colcon_core.package_identification:_identify(install) ignored
[0.253s] Level 1:colcon.colcon_core.package_identification:_identify(log) by extensions ['ignore', 'ignore_ament_install']
[0.253s] Level 1:colcon.colcon_core.package_identification:_identify(log) by extension 'ignore'
[0.253s] Level 1:colcon.colcon_core.package_identification:_identify(log) ignored
[0.254s] Level 1:colcon.colcon_core.package_identification:_identify(src) by extensions ['ignore', 'ignore_ament_install']
[0.254s] Level 1:colcon.colcon_core.package_identification:_identify(src) by extension 'ignore'
[0.254s] Level 1:colcon.colcon_core.package_identification:_identify(src) by extension 'ignore_ament_install'
[0.254s] Level 1:colcon.colcon_core.package_identification:_identify(src) by extensions ['colcon_pkg']
[0.254s] Level 1:colcon.colcon_core.package_identification:_identify(src) by extension 'colcon_pkg'
[0.254s] Level 1:colcon.colcon_core.package_identification:_identify(src) by extensions ['colcon_meta']
[0.254s] Level 1:colcon.colcon_core.package_identification:_identify(src) by extension 'colcon_meta'
[0.254s] Level 1:colcon.colcon_core.package_identification:_identify(src) by extensions ['ros']
[0.254s] Level 1:colcon.colcon_core.package_identification:_identify(src) by extension 'ros'
[0.254s] Level 1:colcon.colcon_core.package_identification:_identify(src) by extensions ['cmake', 'python']
[0.254s] Level 1:colcon.colcon_core.package_identification:_identify(src) by extension 'cmake'
[0.254s] Level 1:colcon.colcon_core.package_identification:_identify(src) by extension 'python'
[0.254s] Level 1:colcon.colcon_core.package_identification:_identify(src) by extensions ['python_setup_py']
[0.254s] Level 1:colcon.colcon_core.package_identification:_identify(src) by extension 'python_setup_py'
[0.254s] Level 1:colcon.colcon_core.package_identification:_identify(src/bridge_px4) by extensions ['ignore', 'ignore_ament_install']
[0.254s] Level 1:colcon.colcon_core.package_identification:_identify(src/bridge_px4) by extension 'ignore'
[0.254s] Level 1:colcon.colcon_core.package_identification:_identify(src/bridge_px4) by extension 'ignore_ament_install'
[0.255s] Level 1:colcon.colcon_core.package_identification:_identify(src/bridge_px4) by extensions ['colcon_pkg']
[0.255s] Level 1:colcon.colcon_core.package_identification:_identify(src/bridge_px4) by extension 'colcon_pkg'
[0.255s] Level 1:colcon.colcon_core.package_identification:_identify(src/bridge_px4) by extensions ['colcon_meta']
[0.255s] Level 1:colcon.colcon_core.package_identification:_identify(src/bridge_px4) by extension 'colcon_meta'
[0.255s] Level 1:colcon.colcon_core.package_identification:_identify(src/bridge_px4) by extensions ['ros']
[0.255s] Level 1:colcon.colcon_core.package_identification:_identify(src/bridge_px4) by extension 'ros'
[0.257s] DEBUG:colcon.colcon_core.package_identification:Package 'src/bridge_px4' with type 'ros.ament_cmake' and name 'bridge_px4'
[0.257s] Level 1:colcon.colcon_core.package_identification:_identify(src/cpp_pubsub) by extensions ['ignore', 'ignore_ament_install']
[0.257s] Level 1:colcon.colcon_core.package_identification:_identify(src/cpp_pubsub) by extension 'ignore'
[0.257s] Level 1:colcon.colcon_core.package_identification:_identify(src/cpp_pubsub) by extension 'ignore_ament_install'
[0.257s] Level 1:colcon.colcon_core.package_identification:_identify(src/cpp_pubsub) by extensions ['colcon_pkg']
[0.258s] Level 1:colcon.colcon_core.package_identification:_identify(src/cpp_pubsub) by extension 'colcon_pkg'
[0.258s] Level 1:colcon.colcon_core.package_identification:_identify(src/cpp_pubsub) by extensions ['colcon_meta']
[0.258s] Level 1:colcon.colcon_core.package_identification:_identify(src/cpp_pubsub) by extension 'colcon_meta'
[0.258s] Level 1:colcon.colcon_core.package_identification:_identify(src/cpp_pubsub) by extensions ['ros']
[0.258s] Level 1:colcon.colcon_core.package_identification:_identify(src/cpp_pubsub) by extension 'ros'
[0.259s] DEBUG:colcon.colcon_core.package_identification:Package 'src/cpp_pubsub' with type 'ros.ament_cmake' and name 'cpp_pubsub'
[0.259s] Level 1:colcon.colcon_core.package_identification:_identify(src/px4_msgs) by extensions ['ignore', 'ignore_ament_install']
[0.259s] Level 1:colcon.colcon_core.package_identification:_identify(src/px4_msgs) by extension 'ignore'
[0.259s] Level 1:colcon.colcon_core.package_identification:_identify(src/px4_msgs) by extension 'ignore_ament_install'
[0.259s] Level 1:colcon.colcon_core.package_identification:_identify(src/px4_msgs) by extensions ['colcon_pkg']
[0.259s] Level 1:colcon.colcon_core.package_identification:_identify(src/px4_msgs) by extension 'colcon_pkg'
[0.259s] Level 1:colcon.colcon_core.package_identification:_identify(src/px4_msgs) by extensions ['colcon_meta']
[0.259s] Level 1:colcon.colcon_core.package_identification:_identify(src/px4_msgs) by extension 'colcon_meta'
[0.259s] Level 1:colcon.colcon_core.package_identification:_identify(src/px4_msgs) by extensions ['ros']
[0.259s] Level 1:colcon.colcon_core.package_identification:_identify(src/px4_msgs) by extension 'ros'
[0.260s] DEBUG:colcon.colcon_core.package_identification:Package 'src/px4_msgs' with type 'ros.ament_cmake' and name 'px4_msgs'
[0.260s] Level 1:colcon.colcon_core.package_identification:_identify(src/px4_ros_com) by extensions ['ignore', 'ignore_ament_install']
[0.260s] Level 1:colcon.colcon_core.package_identification:_identify(src/px4_ros_com) by extension 'ignore'
[0.260s] Level 1:colcon.colcon_core.package_identification:_identify(src/px4_ros_com) by extension 'ignore_ament_install'
[0.260s] Level 1:colcon.colcon_core.package_identification:_identify(src/px4_ros_com) by extensions ['colcon_pkg']
[0.261s] Level 1:colcon.colcon_core.package_identification:_identify(src/px4_ros_com) by extension 'colcon_pkg'
[0.261s] Level 1:colcon.colcon_core.package_identification:_identify(src/px4_ros_com) by extensions ['colcon_meta']
[0.261s] Level 1:colcon.colcon_core.package_identification:_identify(src/px4_ros_com) by extension 'colcon_meta'
[0.261s] Level 1:colcon.colcon_core.package_identification:_identify(src/px4_ros_com) by extensions ['ros']
[0.261s] Level 1:colcon.colcon_core.package_identification:_identify(src/px4_ros_com) by extension 'ros'
[0.262s] DEBUG:colcon.colcon_core.package_identification:Package 'src/px4_ros_com' with type 'ros.ament_cmake' and name 'px4_ros_com'
[0.262s] Level 1:colcon.colcon_core.package_identification:_identify(src/t265_to_px4_bridge) by extensions ['ignore', 'ignore_ament_install']
[0.262s] Level 1:colcon.colcon_core.package_identification:_identify(src/t265_to_px4_bridge) by extension 'ignore'
[0.262s] Level 1:colcon.colcon_core.package_identification:_identify(src/t265_to_px4_bridge) by extension 'ignore_ament_install'
[0.262s] Level 1:colcon.colcon_core.package_identification:_identify(src/t265_to_px4_bridge) by extensions ['colcon_pkg']
[0.262s] Level 1:colcon.colcon_core.package_identification:_identify(src/t265_to_px4_bridge) by extension 'colcon_pkg'
[0.262s] Level 1:colcon.colcon_core.package_identification:_identify(src/t265_to_px4_bridge) by extensions ['colcon_meta']
[0.262s] Level 1:colcon.colcon_core.package_identification:_identify(src/t265_to_px4_bridge) by extension 'colcon_meta'
[0.262s] Level 1:colcon.colcon_core.package_identification:_identify(src/t265_to_px4_bridge) by extensions ['ros']
[0.263s] Level 1:colcon.colcon_core.package_identification:_identify(src/t265_to_px4_bridge) by extension 'ros'
[0.263s] DEBUG:colcon.colcon_core.package_identification:Package 'src/t265_to_px4_bridge' with type 'ros.ament_cmake' and name 't265_to_px4_bridge'
[0.263s] Level 1:colcon.colcon_core.package_discovery:discover_packages(recursive) using defaults
[0.263s] Level 1:colcon.colcon_core.package_discovery:discover_packages(ignore) discover
[0.263s] Level 1:colcon.colcon_core.package_discovery:discover_packages(ignore) using defaults
[0.263s] Level 1:colcon.colcon_core.package_discovery:discover_packages(path) discover
[0.263s] Level 1:colcon.colcon_core.package_discovery:discover_packages(path) using defaults
[0.287s] Level 5:colcon.colcon_core.verb:set package 'bridge_px4' build argument 'cmake_args' from command line to 'None'
[0.287s] Level 5:colcon.colcon_core.verb:set package 'bridge_px4' build argument 'cmake_target' from command line to 'None'
[0.287s] Level 5:colcon.colcon_core.verb:set package 'bridge_px4' build argument 'cmake_target_skip_unavailable' from command line to 'False'
[0.287s] Level 5:colcon.colcon_core.verb:set package 'bridge_px4' build argument 'cmake_clean_cache' from command line to 'False'
[0.287s] Level 5:colcon.colcon_core.verb:set package 'bridge_px4' build argument 'cmake_clean_first' from command line to 'False'
[0.287s] Level 5:colcon.colcon_core.verb:set package 'bridge_px4' build argument 'cmake_force_configure' from command line to 'False'
[0.287s] Level 5:colcon.colcon_core.verb:set package 'bridge_px4' build argument 'ament_cmake_args' from command line to 'None'
[0.287s] Level 5:colcon.colcon_core.verb:set package 'bridge_px4' build argument 'catkin_cmake_args' from command line to 'None'
[0.287s] Level 5:colcon.colcon_core.verb:set package 'bridge_px4' build argument 'catkin_skip_building_tests' from command line to 'False'
[0.287s] DEBUG:colcon.colcon_core.verb:Building package 'bridge_px4' with the following arguments: {'ament_cmake_args': None, 'build_base': '/px4_uxrce/t265_px4_bridge/build/bridge_px4', 'catkin_cmake_args': None, 'catkin_skip_building_tests': False, 'cmake_args': None, 'cmake_clean_cache': False, 'cmake_clean_first': False, 'cmake_force_configure': False, 'cmake_target': None, 'cmake_target_skip_unavailable': False, 'install_base': '/px4_uxrce/t265_px4_bridge/install/bridge_px4', 'merge_install': False, 'path': '/px4_uxrce/t265_px4_bridge/src/bridge_px4', 'symlink_install': False, 'test_result_base': None}
[0.287s] Level 5:colcon.colcon_core.verb:set package 'cpp_pubsub' build argument 'cmake_args' from command line to 'None'
[0.287s] Level 5:colcon.colcon_core.verb:set package 'cpp_pubsub' build argument 'cmake_target' from command line to 'None'
[0.287s] Level 5:colcon.colcon_core.verb:set package 'cpp_pubsub' build argument 'cmake_target_skip_unavailable' from command line to 'False'
[0.288s] Level 5:colcon.colcon_core.verb:set package 'cpp_pubsub' build argument 'cmake_clean_cache' from command line to 'False'
[0.288s] Level 5:colcon.colcon_core.verb:set package 'cpp_pubsub' build argument 'cmake_clean_first' from command line to 'False'
[0.288s] Level 5:colcon.colcon_core.verb:set package 'cpp_pubsub' build argument 'cmake_force_configure' from command line to 'False'
[0.288s] Level 5:colcon.colcon_core.verb:set package 'cpp_pubsub' build argument 'ament_cmake_args' from command line to 'None'
[0.288s] Level 5:colcon.colcon_core.verb:set package 'cpp_pubsub' build argument 'catkin_cmake_args' from command line to 'None'
[0.288s] Level 5:colcon.colcon_core.verb:set package 'cpp_pubsub' build argument 'catkin_skip_building_tests' from command line to 'False'
[0.288s] DEBUG:colcon.colcon_core.verb:Building package 'cpp_pubsub' with the following arguments: {'ament_cmake_args': None, 'build_base': '/px4_uxrce/t265_px4_bridge/build/cpp_pubsub', 'catkin_cmake_args': None, 'catkin_skip_building_tests': False, 'cmake_args': None, 'cmake_clean_cache': False, 'cmake_clean_first': False, 'cmake_force_configure': False, 'cmake_target': None, 'cmake_target_skip_unavailable': False, 'install_base': '/px4_uxrce/t265_px4_bridge/install/cpp_pubsub', 'merge_install': False, 'path': '/px4_uxrce/t265_px4_bridge/src/cpp_pubsub', 'symlink_install': False, 'test_result_base': None}
[0.288s] Level 5:colcon.colcon_core.verb:set package 'px4_msgs' build argument 'cmake_args' from command line to 'None'
[0.288s] Level 5:colcon.colcon_core.verb:set package 'px4_msgs' build argument 'cmake_target' from command line to 'None'
[0.288s] Level 5:colcon.colcon_core.verb:set package 'px4_msgs' build argument 'cmake_target_skip_unavailable' from command line to 'False'
[0.288s] Level 5:colcon.colcon_core.verb:set package 'px4_msgs' build argument 'cmake_clean_cache' from command line to 'False'
[0.288s] Level 5:colcon.colcon_core.verb:set package 'px4_msgs' build argument 'cmake_clean_first' from command line to 'False'
[0.288s] Level 5:colcon.colcon_core.verb:set package 'px4_msgs' build argument 'cmake_force_configure' from command line to 'False'
[0.288s] Level 5:colcon.colcon_core.verb:set package 'px4_msgs' build argument 'ament_cmake_args' from command line to 'None'
[0.288s] Level 5:colcon.colcon_core.verb:set package 'px4_msgs' build argument 'catkin_cmake_args' from command line to 'None'
[0.288s] Level 5:colcon.colcon_core.verb:set package 'px4_msgs' build argument 'catkin_skip_building_tests' from command line to 'False'
[0.288s] DEBUG:colcon.colcon_core.verb:Building package 'px4_msgs' with the following arguments: {'ament_cmake_args': None, 'build_base': '/px4_uxrce/t265_px4_bridge/build/px4_msgs', 'catkin_cmake_args': None, 'catkin_skip_building_tests': False, 'cmake_args': None, 'cmake_clean_cache': False, 'cmake_clean_first': False, 'cmake_force_configure': False, 'cmake_target': None, 'cmake_target_skip_unavailable': False, 'install_base': '/px4_uxrce/t265_px4_bridge/install/px4_msgs', 'merge_install': False, 'path': '/px4_uxrce/t265_px4_bridge/src/px4_msgs', 'symlink_install': False, 'test_result_base': None}
[0.289s] Level 5:colcon.colcon_core.verb:set package 't265_to_px4_bridge' build argument 'cmake_args' from command line to 'None'
[0.289s] Level 5:colcon.colcon_core.verb:set package 't265_to_px4_bridge' build argument 'cmake_target' from command line to 'None'
[0.289s] Level 5:colcon.colcon_core.verb:set package 't265_to_px4_bridge' build argument 'cmake_target_skip_unavailable' from command line to 'False'
[0.289s] Level 5:colcon.colcon_core.verb:set package 't265_to_px4_bridge' build argument 'cmake_clean_cache' from command line to 'False'
[0.289s] Level 5:colcon.colcon_core.verb:set package 't265_to_px4_bridge' build argument 'cmake_clean_first' from command line to 'False'
[0.289s] Level 5:colcon.colcon_core.verb:set package 't265_to_px4_bridge' build argument 'cmake_force_configure' from command line to 'False'
[0.289s] Level 5:colcon.colcon_core.verb:set package 't265_to_px4_bridge' build argument 'ament_cmake_args' from command line to 'None'
[0.289s] Level 5:colcon.colcon_core.verb:set package 't265_to_px4_bridge' build argument 'catkin_cmake_args' from command line to 'None'
[0.289s] Level 5:colcon.colcon_core.verb:set package 't265_to_px4_bridge' build argument 'catkin_skip_building_tests' from command line to 'False'
[0.289s] DEBUG:colcon.colcon_core.verb:Building package 't265_to_px4_bridge' with the following arguments: {'ament_cmake_args': None, 'build_base': '/px4_uxrce/t265_px4_bridge/build/t265_to_px4_bridge', 'catkin_cmake_args': None, 'catkin_skip_building_tests': False, 'cmake_args': None, 'cmake_clean_cache': False, 'cmake_clean_first': False, 'cmake_force_configure': False, 'cmake_target': None, 'cmake_target_skip_unavailable': False, 'install_base': '/px4_uxrce/t265_px4_bridge/install/t265_to_px4_bridge', 'merge_install': False, 'path': '/px4_uxrce/t265_px4_bridge/src/t265_to_px4_bridge', 'symlink_install': False, 'test_result_base': None}
[0.289s] Level 5:colcon.colcon_core.verb:set package 'px4_ros_com' build argument 'cmake_args' from command line to 'None'
[0.289s] Level 5:colcon.colcon_core.verb:set package 'px4_ros_com' build argument 'cmake_target' from command line to 'None'
[0.289s] Level 5:colcon.colcon_core.verb:set package 'px4_ros_com' build argument 'cmake_target_skip_unavailable' from command line to 'False'
[0.289s] Level 5:colcon.colcon_core.verb:set package 'px4_ros_com' build argument 'cmake_clean_cache' from command line to 'False'
[0.289s] Level 5:colcon.colcon_core.verb:set package 'px4_ros_com' build argument 'cmake_clean_first' from command line to 'False'
[0.289s] Level 5:colcon.colcon_core.verb:set package 'px4_ros_com' build argument 'cmake_force_configure' from command line to 'False'
[0.290s] Level 5:colcon.colcon_core.verb:set package 'px4_ros_com' build argument 'ament_cmake_args' from command line to 'None'
[0.290s] Level 5:colcon.colcon_core.verb:set package 'px4_ros_com' build argument 'catkin_cmake_args' from command line to 'None'
[0.290s] Level 5:colcon.colcon_core.verb:set package 'px4_ros_com' build argument 'catkin_skip_building_tests' from command line to 'False'
[0.290s] DEBUG:colcon.colcon_core.verb:Building package 'px4_ros_com' with the following arguments: {'ament_cmake_args': None, 'build_base': '/px4_uxrce/t265_px4_bridge/build/px4_ros_com', 'catkin_cmake_args': None, 'catkin_skip_building_tests': False, 'cmake_args': None, 'cmake_clean_cache': False, 'cmake_clean_first': False, 'cmake_force_configure': False, 'cmake_target': None, 'cmake_target_skip_unavailable': False, 'install_base': '/px4_uxrce/t265_px4_bridge/install/px4_ros_com', 'merge_install': False, 'path': '/px4_uxrce/t265_px4_bridge/src/px4_ros_com', 'symlink_install': False, 'test_result_base': None}
[0.290s] INFO:colcon.colcon_core.executor:Executing jobs using 'parallel' executor
[0.291s] DEBUG:colcon.colcon_parallel_executor.executor.parallel:run_until_complete
[0.291s] INFO:colcon.colcon_ros.task.ament_cmake.build:Building ROS package in '/px4_uxrce/t265_px4_bridge/src/px4_msgs' with build type 'ament_cmake'
[0.291s] INFO:colcon.colcon_cmake.task.cmake.build:Building CMake package in '/px4_uxrce/t265_px4_bridge/src/px4_msgs'
[0.293s] INFO:colcon.colcon_core.plugin_system:Skipping extension 'colcon_core.shell.bat': Not used on non-Windows systems
[0.294s] INFO:colcon.colcon_core.shell:Skip shell extension 'powershell' for command environment: Not usable outside of PowerShell
[0.294s] DEBUG:colcon.colcon_core.shell:Skip shell extension 'dsv' for command environment
[0.299s] INFO:colcon.colcon_ros.task.ament_cmake.build:Building ROS package in '/px4_uxrce/t265_px4_bridge/src/bridge_px4' with build type 'ament_cmake'
[0.299s] INFO:colcon.colcon_cmake.task.cmake.build:Building CMake package in '/px4_uxrce/t265_px4_bridge/src/bridge_px4'
[0.299s] INFO:colcon.colcon_core.shell:Skip shell extension 'powershell' for command environment: Not usable outside of PowerShell
[0.299s] DEBUG:colcon.colcon_core.shell:Skip shell extension 'dsv' for command environment
[0.304s] INFO:colcon.colcon_ros.task.ament_cmake.build:Building ROS package in '/px4_uxrce/t265_px4_bridge/src/cpp_pubsub' with build type 'ament_cmake'
[0.304s] INFO:colcon.colcon_cmake.task.cmake.build:Building CMake package in '/px4_uxrce/t265_px4_bridge/src/cpp_pubsub'
[0.304s] INFO:colcon.colcon_core.shell:Skip shell extension 'powershell' for command environment: Not usable outside of PowerShell
[0.304s] DEBUG:colcon.colcon_core.shell:Skip shell extension 'dsv' for command environment
[0.308s] INFO:colcon.colcon_ros.task.ament_cmake.build:Building ROS package in '/px4_uxrce/t265_px4_bridge/src/t265_to_px4_bridge' with build type 'ament_cmake'
[0.308s] INFO:colcon.colcon_cmake.task.cmake.build:Building CMake package in '/px4_uxrce/t265_px4_bridge/src/t265_to_px4_bridge'
[0.309s] INFO:colcon.colcon_core.shell:Skip shell extension 'powershell' for command environment: Not usable outside of PowerShell
[0.309s] DEBUG:colcon.colcon_core.shell:Skip shell extension 'dsv' for command environment
[0.317s] DEBUG:colcon.colcon_core.event_handler.log_command:Invoking command in '/px4_uxrce/t265_px4_bridge/build/px4_msgs': CMAKE_PREFIX_PATH=/px4_uxrce/t265_px4_bridge/install/px4_ros_com:/px4_uxrce/t265_px4_bridge/install/px4_msgs:/px4_uxrce/t265_px4_bridge/install/launch_testing_examples:/px4_uxrce/t265_px4_bridge/install/examples_rclpy_pointcloud_publisher:/px4_uxrce/t265_px4_bridge/install/examples_rclpy_minimal_subscriber:/px4_uxrce/t265_px4_bridge/install/examples_rclpy_minimal_service:/px4_uxrce/t265_px4_bridge/install/examples_rclpy_minimal_publisher:/px4_uxrce/t265_px4_bridge/install/examples_rclpy_minimal_client:/px4_uxrce/t265_px4_bridge/install/examples_rclpy_minimal_action_server:/px4_uxrce/t265_px4_bridge/install/examples_rclpy_minimal_action_client:/px4_uxrce/t265_px4_bridge/install/examples_rclpy_guard_conditions:/px4_uxrce/t265_px4_bridge/install/examples_rclpy_executors:/opt/ros/humble:/px4_uxrce/t265_px4_bridge/install/t265_to_px4_bridge:/px4_uxrce/t265_px4_bridge/install/examples_rclcpp_wait_set:/px4_uxrce/t265_px4_bridge/install/examples_rclcpp_multithreaded_executor:/px4_uxrce/t265_px4_bridge/install/examples_rclcpp_minimal_timer:/px4_uxrce/t265_px4_bridge/install/examples_rclcpp_minimal_subscriber:/px4_uxrce/t265_px4_bridge/install/examples_rclcpp_minimal_service:/px4_uxrce/t265_px4_bridge/install/examples_rclcpp_minimal_publisher:/px4_uxrce/t265_px4_bridge/install/examples_rclcpp_minimal_composition:/px4_uxrce/t265_px4_bridge/install/examples_rclcpp_minimal_client:/px4_uxrce/t265_px4_bridge/install/examples_rclcpp_minimal_action_server:/px4_uxrce/t265_px4_bridge/install/examples_rclcpp_minimal_action_client:/px4_uxrce/t265_px4_bridge/install/examples_rclcpp_cbg_executor:/px4_uxrce/t265_px4_bridge/install/examples_rclcpp_async_client:/px4_uxrce/t265_px4_bridge/install/cpp_pubsub:/px4_uxrce/t265_px4_bridge/install/bridge_px4 /usr/bin/cmake --build /px4_uxrce/t265_px4_bridge/build/px4_msgs -- -j12 -l12
[0.322s] DEBUG:colcon.colcon_core.event_handler.log_command:Invoking command in '/px4_uxrce/t265_px4_bridge/build/bridge_px4': CMAKE_PREFIX_PATH=/px4_uxrce/t265_px4_bridge/install/px4_ros_com:/px4_uxrce/t265_px4_bridge/install/px4_msgs:/px4_uxrce/t265_px4_bridge/install/launch_testing_examples:/px4_uxrce/t265_px4_bridge/install/examples_rclpy_pointcloud_publisher:/px4_uxrce/t265_px4_bridge/install/examples_rclpy_minimal_subscriber:/px4_uxrce/t265_px4_bridge/install/examples_rclpy_minimal_service:/px4_uxrce/t265_px4_bridge/install/examples_rclpy_minimal_publisher:/px4_uxrce/t265_px4_bridge/install/examples_rclpy_minimal_client:/px4_uxrce/t265_px4_bridge/install/examples_rclpy_minimal_action_server:/px4_uxrce/t265_px4_bridge/install/examples_rclpy_minimal_action_client:/px4_uxrce/t265_px4_bridge/install/examples_rclpy_guard_conditions:/px4_uxrce/t265_px4_bridge/install/examples_rclpy_executors:/opt/ros/humble:/px4_uxrce/t265_px4_bridge/install/t265_to_px4_bridge:/px4_uxrce/t265_px4_bridge/install/examples_rclcpp_wait_set:/px4_uxrce/t265_px4_bridge/install/examples_rclcpp_multithreaded_executor:/px4_uxrce/t265_px4_bridge/install/examples_rclcpp_minimal_timer:/px4_uxrce/t265_px4_bridge/install/examples_rclcpp_minimal_subscriber:/px4_uxrce/t265_px4_bridge/install/examples_rclcpp_minimal_service:/px4_uxrce/t265_px4_bridge/install/examples_rclcpp_minimal_publisher:/px4_uxrce/t265_px4_bridge/install/examples_rclcpp_minimal_composition:/px4_uxrce/t265_px4_bridge/install/examples_rclcpp_minimal_client:/px4_uxrce/t265_px4_bridge/install/examples_rclcpp_minimal_action_server:/px4_uxrce/t265_px4_bridge/install/examples_rclcpp_minimal_action_client:/px4_uxrce/t265_px4_bridge/install/examples_rclcpp_cbg_executor:/px4_uxrce/t265_px4_bridge/install/examples_rclcpp_async_client:/px4_uxrce/t265_px4_bridge/install/cpp_pubsub:/px4_uxrce/t265_px4_bridge/install/bridge_px4 /usr/bin/cmake --build /px4_uxrce/t265_px4_bridge/build/bridge_px4 -- -j12 -l12
[0.325s] DEBUG:colcon.colcon_core.event_handler.log_command:Invoking command in '/px4_uxrce/t265_px4_bridge/build/cpp_pubsub': CMAKE_PREFIX_PATH=/px4_uxrce/t265_px4_bridge/install/px4_ros_com:/px4_uxrce/t265_px4_bridge/install/px4_msgs:/px4_uxrce/t265_px4_bridge/install/launch_testing_examples:/px4_uxrce/t265_px4_bridge/install/examples_rclpy_pointcloud_publisher:/px4_uxrce/t265_px4_bridge/install/examples_rclpy_minimal_subscriber:/px4_uxrce/t265_px4_bridge/install/examples_rclpy_minimal_service:/px4_uxrce/t265_px4_bridge/install/examples_rclpy_minimal_publisher:/px4_uxrce/t265_px4_bridge/install/examples_rclpy_minimal_client:/px4_uxrce/t265_px4_bridge/install/examples_rclpy_minimal_action_server:/px4_uxrce/t265_px4_bridge/install/examples_rclpy_minimal_action_client:/px4_uxrce/t265_px4_bridge/install/examples_rclpy_guard_conditions:/px4_uxrce/t265_px4_bridge/install/examples_rclpy_executors:/opt/ros/humble:/px4_uxrce/t265_px4_bridge/install/t265_to_px4_bridge:/px4_uxrce/t265_px4_bridge/install/examples_rclcpp_wait_set:/px4_uxrce/t265_px4_bridge/install/examples_rclcpp_multithreaded_executor:/px4_uxrce/t265_px4_bridge/install/examples_rclcpp_minimal_timer:/px4_uxrce/t265_px4_bridge/install/examples_rclcpp_minimal_subscriber:/px4_uxrce/t265_px4_bridge/install/examples_rclcpp_minimal_service:/px4_uxrce/t265_px4_bridge/install/examples_rclcpp_minimal_publisher:/px4_uxrce/t265_px4_bridge/install/examples_rclcpp_minimal_composition:/px4_uxrce/t265_px4_bridge/install/examples_rclcpp_minimal_client:/px4_uxrce/t265_px4_bridge/install/examples_rclcpp_minimal_action_server:/px4_uxrce/t265_px4_bridge/install/examples_rclcpp_minimal_action_client:/px4_uxrce/t265_px4_bridge/install/examples_rclcpp_cbg_executor:/px4_uxrce/t265_px4_bridge/install/examples_rclcpp_async_client:/px4_uxrce/t265_px4_bridge/install/cpp_pubsub:/px4_uxrce/t265_px4_bridge/install/bridge_px4 /usr/bin/cmake --build /px4_uxrce/t265_px4_bridge/build/cpp_pubsub -- -j12 -l12
[0.329s] DEBUG:colcon.colcon_core.event_handler.log_command:Invoking command in '/px4_uxrce/t265_px4_bridge/build/t265_to_px4_bridge': CMAKE_PREFIX_PATH=/px4_uxrce/t265_px4_bridge/install/px4_ros_com:/px4_uxrce/t265_px4_bridge/install/px4_msgs:/px4_uxrce/t265_px4_bridge/install/launch_testing_examples:/px4_uxrce/t265_px4_bridge/install/examples_rclpy_pointcloud_publisher:/px4_uxrce/t265_px4_bridge/install/examples_rclpy_minimal_subscriber:/px4_uxrce/t265_px4_bridge/install/examples_rclpy_minimal_service:/px4_uxrce/t265_px4_bridge/install/examples_rclpy_minimal_publisher:/px4_uxrce/t265_px4_bridge/install/examples_rclpy_minimal_client:/px4_uxrce/t265_px4_bridge/install/examples_rclpy_minimal_action_server:/px4_uxrce/t265_px4_bridge/install/examples_rclpy_minimal_action_client:/px4_uxrce/t265_px4_bridge/install/examples_rclpy_guard_conditions:/px4_uxrce/t265_px4_bridge/install/examples_rclpy_executors:/opt/ros/humble:/px4_uxrce/t265_px4_bridge/install/t265_to_px4_bridge:/px4_uxrce/t265_px4_bridge/install/examples_rclcpp_wait_set:/px4_uxrce/t265_px4_bridge/install/examples_rclcpp_multithreaded_executor:/px4_uxrce/t265_px4_bridge/install/examples_rclcpp_minimal_timer:/px4_uxrce/t265_px4_bridge/install/examples_rclcpp_minimal_subscriber:/px4_uxrce/t265_px4_bridge/install/examples_rclcpp_minimal_service:/px4_uxrce/t265_px4_bridge/install/examples_rclcpp_minimal_publisher:/px4_uxrce/t265_px4_bridge/install/examples_rclcpp_minimal_composition:/px4_uxrce/t265_px4_bridge/install/examples_rclcpp_minimal_client:/px4_uxrce/t265_px4_bridge/install/examples_rclcpp_minimal_action_server:/px4_uxrce/t265_px4_bridge/install/examples_rclcpp_minimal_action_client:/px4_uxrce/t265_px4_bridge/install/examples_rclcpp_cbg_executor:/px4_uxrce/t265_px4_bridge/install/examples_rclcpp_async_client:/px4_uxrce/t265_px4_bridge/install/cpp_pubsub:/px4_uxrce/t265_px4_bridge/install/bridge_px4 /usr/bin/cmake --build /px4_uxrce/t265_px4_bridge/build/t265_to_px4_bridge -- -j12 -l12
[0.353s] DEBUG:colcon.colcon_core.event_handler.log_command:Invoked command in '/px4_uxrce/t265_px4_bridge/build/bridge_px4' returned '0': CMAKE_PREFIX_PATH=/px4_uxrce/t265_px4_bridge/install/px4_ros_com:/px4_uxrce/t265_px4_bridge/install/px4_msgs:/px4_uxrce/t265_px4_bridge/install/launch_testing_examples:/px4_uxrce/t265_px4_bridge/install/examples_rclpy_pointcloud_publisher:/px4_uxrce/t265_px4_bridge/install/examples_rclpy_minimal_subscriber:/px4_uxrce/t265_px4_bridge/install/examples_rclpy_minimal_service:/px4_uxrce/t265_px4_bridge/install/examples_rclpy_minimal_publisher:/px4_uxrce/t265_px4_bridge/install/examples_rclpy_minimal_client:/px4_uxrce/t265_px4_bridge/install/examples_rclpy_minimal_action_server:/px4_uxrce/t265_px4_bridge/install/examples_rclpy_minimal_action_client:/px4_uxrce/t265_px4_bridge/install/examples_rclpy_guard_conditions:/px4_uxrce/t265_px4_bridge/install/examples_rclpy_executors:/opt/ros/humble:/px4_uxrce/t265_px4_bridge/install/t265_to_px4_bridge:/px4_uxrce/t265_px4_bridge/install/examples_rclcpp_wait_set:/px4_uxrce/t265_px4_bridge/install/examples_rclcpp_multithreaded_executor:/px4_uxrce/t265_px4_bridge/install/examples_rclcpp_minimal_timer:/px4_uxrce/t265_px4_bridge/install/examples_rclcpp_minimal_subscriber:/px4_uxrce/t265_px4_bridge/install/examples_rclcpp_minimal_service:/px4_uxrce/t265_px4_bridge/install/examples_rclcpp_minimal_publisher:/px4_uxrce/t265_px4_bridge/install/examples_rclcpp_minimal_composition:/px4_uxrce/t265_px4_bridge/install/examples_rclcpp_minimal_client:/px4_uxrce/t265_px4_bridge/install/examples_rclcpp_minimal_action_server:/px4_uxrce/t265_px4_bridge/install/examples_rclcpp_minimal_action_client:/px4_uxrce/t265_px4_bridge/install/examples_rclcpp_cbg_executor:/px4_uxrce/t265_px4_bridge/install/examples_rclcpp_async_client:/px4_uxrce/t265_px4_bridge/install/cpp_pubsub:/px4_uxrce/t265_px4_bridge/install/bridge_px4 /usr/bin/cmake --build /px4_uxrce/t265_px4_bridge/build/bridge_px4 -- -j12 -l12
[0.362s] DEBUG:colcon.colcon_core.event_handler.log_command:Invoking command in '/px4_uxrce/t265_px4_bridge/build/bridge_px4': CMAKE_PREFIX_PATH=/px4_uxrce/t265_px4_bridge/install/px4_ros_com:/px4_uxrce/t265_px4_bridge/install/px4_msgs:/px4_uxrce/t265_px4_bridge/install/launch_testing_examples:/px4_uxrce/t265_px4_bridge/install/examples_rclpy_pointcloud_publisher:/px4_uxrce/t265_px4_bridge/install/examples_rclpy_minimal_subscriber:/px4_uxrce/t265_px4_bridge/install/examples_rclpy_minimal_service:/px4_uxrce/t265_px4_bridge/install/examples_rclpy_minimal_publisher:/px4_uxrce/t265_px4_bridge/install/examples_rclpy_minimal_client:/px4_uxrce/t265_px4_bridge/install/examples_rclpy_minimal_action_server:/px4_uxrce/t265_px4_bridge/install/examples_rclpy_minimal_action_client:/px4_uxrce/t265_px4_bridge/install/examples_rclpy_guard_conditions:/px4_uxrce/t265_px4_bridge/install/examples_rclpy_executors:/opt/ros/humble:/px4_uxrce/t265_px4_bridge/install/t265_to_px4_bridge:/px4_uxrce/t265_px4_bridge/install/examples_rclcpp_wait_set:/px4_uxrce/t265_px4_bridge/install/examples_rclcpp_multithreaded_executor:/px4_uxrce/t265_px4_bridge/install/examples_rclcpp_minimal_timer:/px4_uxrce/t265_px4_bridge/install/examples_rclcpp_minimal_subscriber:/px4_uxrce/t265_px4_bridge/install/examples_rclcpp_minimal_service:/px4_uxrce/t265_px4_bridge/install/examples_rclcpp_minimal_publisher:/px4_uxrce/t265_px4_bridge/install/examples_rclcpp_minimal_composition:/px4_uxrce/t265_px4_bridge/install/examples_rclcpp_minimal_client:/px4_uxrce/t265_px4_bridge/install/examples_rclcpp_minimal_action_server:/px4_uxrce/t265_px4_bridge/install/examples_rclcpp_minimal_action_client:/px4_uxrce/t265_px4_bridge/install/examples_rclcpp_cbg_executor:/px4_uxrce/t265_px4_bridge/install/examples_rclcpp_async_client:/px4_uxrce/t265_px4_bridge/install/cpp_pubsub:/px4_uxrce/t265_px4_bridge/install/bridge_px4 /usr/bin/cmake --install /px4_uxrce/t265_px4_bridge/build/bridge_px4
[0.363s] DEBUG:colcon.colcon_core.event_handler.log_command:Invoked command in '/px4_uxrce/t265_px4_bridge/build/t265_to_px4_bridge' returned '0': CMAKE_PREFIX_PATH=/px4_uxrce/t265_px4_bridge/install/px4_ros_com:/px4_uxrce/t265_px4_bridge/install/px4_msgs:/px4_uxrce/t265_px4_bridge/install/launch_testing_examples:/px4_uxrce/t265_px4_bridge/install/examples_rclpy_pointcloud_publisher:/px4_uxrce/t265_px4_bridge/install/examples_rclpy_minimal_subscriber:/px4_uxrce/t265_px4_bridge/install/examples_rclpy_minimal_service:/px4_uxrce/t265_px4_bridge/install/examples_rclpy_minimal_publisher:/px4_uxrce/t265_px4_bridge/install/examples_rclpy_minimal_client:/px4_uxrce/t265_px4_bridge/install/examples_rclpy_minimal_action_server:/px4_uxrce/t265_px4_bridge/install/examples_rclpy_minimal_action_client:/px4_uxrce/t265_px4_bridge/install/examples_rclpy_guard_conditions:/px4_uxrce/t265_px4_bridge/install/examples_rclpy_executors:/opt/ros/humble:/px4_uxrce/t265_px4_bridge/install/t265_to_px4_bridge:/px4_uxrce/t265_px4_bridge/install/examples_rclcpp_wait_set:/px4_uxrce/t265_px4_bridge/install/examples_rclcpp_multithreaded_executor:/px4_uxrce/t265_px4_bridge/install/examples_rclcpp_minimal_timer:/px4_uxrce/t265_px4_bridge/install/examples_rclcpp_minimal_subscriber:/px4_uxrce/t265_px4_bridge/install/examples_rclcpp_minimal_service:/px4_uxrce/t265_px4_bridge/install/examples_rclcpp_minimal_publisher:/px4_uxrce/t265_px4_bridge/install/examples_rclcpp_minimal_composition:/px4_uxrce/t265_px4_bridge/install/examples_rclcpp_minimal_client:/px4_uxrce/t265_px4_bridge/install/examples_rclcpp_minimal_action_server:/px4_uxrce/t265_px4_bridge/install/examples_rclcpp_minimal_action_client:/px4_uxrce/t265_px4_bridge/install/examples_rclcpp_cbg_executor:/px4_uxrce/t265_px4_bridge/install/examples_rclcpp_async_client:/px4_uxrce/t265_px4_bridge/install/cpp_pubsub:/px4_uxrce/t265_px4_bridge/install/bridge_px4 /usr/bin/cmake --build /px4_uxrce/t265_px4_bridge/build/t265_to_px4_bridge -- -j12 -l12
[0.365s] DEBUG:colcon.colcon_core.event_handler.log_command:Invoking command in '/px4_uxrce/t265_px4_bridge/build/t265_to_px4_bridge': CMAKE_PREFIX_PATH=/px4_uxrce/t265_px4_bridge/install/px4_ros_com:/px4_uxrce/t265_px4_bridge/install/px4_msgs:/px4_uxrce/t265_px4_bridge/install/launch_testing_examples:/px4_uxrce/t265_px4_bridge/install/examples_rclpy_pointcloud_publisher:/px4_uxrce/t265_px4_bridge/install/examples_rclpy_minimal_subscriber:/px4_uxrce/t265_px4_bridge/install/examples_rclpy_minimal_service:/px4_uxrce/t265_px4_bridge/install/examples_rclpy_minimal_publisher:/px4_uxrce/t265_px4_bridge/install/examples_rclpy_minimal_client:/px4_uxrce/t265_px4_bridge/install/examples_rclpy_minimal_action_server:/px4_uxrce/t265_px4_bridge/install/examples_rclpy_minimal_action_client:/px4_uxrce/t265_px4_bridge/install/examples_rclpy_guard_conditions:/px4_uxrce/t265_px4_bridge/install/examples_rclpy_executors:/opt/ros/humble:/px4_uxrce/t265_px4_bridge/install/t265_to_px4_bridge:/px4_uxrce/t265_px4_bridge/install/examples_rclcpp_wait_set:/px4_uxrce/t265_px4_bridge/install/examples_rclcpp_multithreaded_executor:/px4_uxrce/t265_px4_bridge/install/examples_rclcpp_minimal_timer:/px4_uxrce/t265_px4_bridge/install/examples_rclcpp_minimal_subscriber:/px4_uxrce/t265_px4_bridge/install/examples_rclcpp_minimal_service:/px4_uxrce/t265_px4_bridge/install/examples_rclcpp_minimal_publisher:/px4_uxrce/t265_px4_bridge/install/examples_rclcpp_minimal_composition:/px4_uxrce/t265_px4_bridge/install/examples_rclcpp_minimal_client:/px4_uxrce/t265_px4_bridge/install/examples_rclcpp_minimal_action_server:/px4_uxrce/t265_px4_bridge/install/examples_rclcpp_minimal_action_client:/px4_uxrce/t265_px4_bridge/install/examples_rclcpp_cbg_executor:/px4_uxrce/t265_px4_bridge/install/examples_rclcpp_async_client:/px4_uxrce/t265_px4_bridge/install/cpp_pubsub:/px4_uxrce/t265_px4_bridge/install/bridge_px4 /usr/bin/cmake --install /px4_uxrce/t265_px4_bridge/build/t265_to_px4_bridge
[0.373s] Level 1:colcon.colcon_core.environment:create_environment_scripts_only(bridge_px4)
[0.377s] DEBUG:colcon.colcon_core.event_handler.log_command:Invoked command in '/px4_uxrce/t265_px4_bridge/build/bridge_px4' returned '0': CMAKE_PREFIX_PATH=/px4_uxrce/t265_px4_bridge/install/px4_ros_com:/px4_uxrce/t265_px4_bridge/install/px4_msgs:/px4_uxrce/t265_px4_bridge/install/launch_testing_examples:/px4_uxrce/t265_px4_bridge/install/examples_rclpy_pointcloud_publisher:/px4_uxrce/t265_px4_bridge/install/examples_rclpy_minimal_subscriber:/px4_uxrce/t265_px4_bridge/install/examples_rclpy_minimal_service:/px4_uxrce/t265_px4_bridge/install/examples_rclpy_minimal_publisher:/px4_uxrce/t265_px4_bridge/install/examples_rclpy_minimal_client:/px4_uxrce/t265_px4_bridge/install/examples_rclpy_minimal_action_server:/px4_uxrce/t265_px4_bridge/install/examples_rclpy_minimal_action_client:/px4_uxrce/t265_px4_bridge/install/examples_rclpy_guard_conditions:/px4_uxrce/t265_px4_bridge/install/examples_rclpy_executors:/opt/ros/humble:/px4_uxrce/t265_px4_bridge/install/t265_to_px4_bridge:/px4_uxrce/t265_px4_bridge/install/examples_rclcpp_wait_set:/px4_uxrce/t265_px4_bridge/install/examples_rclcpp_multithreaded_executor:/px4_uxrce/t265_px4_bridge/install/examples_rclcpp_minimal_timer:/px4_uxrce/t265_px4_bridge/install/examples_rclcpp_minimal_subscriber:/px4_uxrce/t265_px4_bridge/install/examples_rclcpp_minimal_service:/px4_uxrce/t265_px4_bridge/install/examples_rclcpp_minimal_publisher:/px4_uxrce/t265_px4_bridge/install/examples_rclcpp_minimal_composition:/px4_uxrce/t265_px4_bridge/install/examples_rclcpp_minimal_client:/px4_uxrce/t265_px4_bridge/install/examples_rclcpp_minimal_action_server:/px4_uxrce/t265_px4_bridge/install/examples_rclcpp_minimal_action_client:/px4_uxrce/t265_px4_bridge/install/examples_rclcpp_cbg_executor:/px4_uxrce/t265_px4_bridge/install/examples_rclcpp_async_client:/px4_uxrce/t265_px4_bridge/install/cpp_pubsub:/px4_uxrce/t265_px4_bridge/install/bridge_px4 /usr/bin/cmake --install /px4_uxrce/t265_px4_bridge/build/bridge_px4
[0.378s] Level 1:colcon.colcon_core.environment:checking '/px4_uxrce/t265_px4_bridge/install/bridge_px4' for CMake module files
[0.378s] Level 1:colcon.colcon_core.environment:checking '/px4_uxrce/t265_px4_bridge/install/bridge_px4' for CMake config files
[0.379s] Level 1:colcon.colcon_core.shell:create_environment_hook('bridge_px4', 'cmake_prefix_path')
[0.379s] INFO:colcon.colcon_core.shell:Creating environment hook '/px4_uxrce/t265_px4_bridge/install/bridge_px4/share/bridge_px4/hook/cmake_prefix_path.ps1'
[0.380s] INFO:colcon.colcon_core.shell:Creating environment descriptor '/px4_uxrce/t265_px4_bridge/install/bridge_px4/share/bridge_px4/hook/cmake_prefix_path.dsv'
[0.380s] INFO:colcon.colcon_core.shell:Creating environment hook '/px4_uxrce/t265_px4_bridge/install/bridge_px4/share/bridge_px4/hook/cmake_prefix_path.sh'
[0.381s] Level 1:colcon.colcon_core.environment:checking '/px4_uxrce/t265_px4_bridge/install/bridge_px4/bin'
[0.381s] Level 1:colcon.colcon_core.environment:checking '/px4_uxrce/t265_px4_bridge/install/bridge_px4/lib/pkgconfig/bridge_px4.pc'
[0.383s] Level 1:colcon.colcon_core.environment:checking '/px4_uxrce/t265_px4_bridge/install/bridge_px4/lib/python3.10/site-packages'
[0.383s] Level 1:colcon.colcon_core.environment:checking '/px4_uxrce/t265_px4_bridge/install/bridge_px4/bin'
[0.383s] INFO:colcon.colcon_core.shell:Creating package script '/px4_uxrce/t265_px4_bridge/install/bridge_px4/share/bridge_px4/package.ps1'
[0.384s] INFO:colcon.colcon_core.shell:Creating package descriptor '/px4_uxrce/t265_px4_bridge/install/bridge_px4/share/bridge_px4/package.dsv'
[0.385s] INFO:colcon.colcon_core.shell:Creating package script '/px4_uxrce/t265_px4_bridge/install/bridge_px4/share/bridge_px4/package.sh'
[0.386s] INFO:colcon.colcon_core.shell:Creating package script '/px4_uxrce/t265_px4_bridge/install/bridge_px4/share/bridge_px4/package.bash'
[0.386s] INFO:colcon.colcon_core.shell:Creating package script '/px4_uxrce/t265_px4_bridge/install/bridge_px4/share/bridge_px4/package.zsh'
[0.387s] Level 1:colcon.colcon_core.environment:create_file_with_runtime_dependencies(/px4_uxrce/t265_px4_bridge/install/bridge_px4/share/colcon-core/packages/bridge_px4)
[0.388s] Level 1:colcon.colcon_core.environment:create_environment_scripts_only(bridge_px4)
[0.388s] Level 1:colcon.colcon_core.environment:checking '/px4_uxrce/t265_px4_bridge/install/bridge_px4' for CMake module files
[0.388s] Level 1:colcon.colcon_core.environment:checking '/px4_uxrce/t265_px4_bridge/install/bridge_px4' for CMake config files
[0.388s] Level 1:colcon.colcon_core.shell:create_environment_hook('bridge_px4', 'cmake_prefix_path')
[0.389s] INFO:colcon.colcon_core.shell:Creating environment hook '/px4_uxrce/t265_px4_bridge/install/bridge_px4/share/bridge_px4/hook/cmake_prefix_path.ps1'
[0.389s] INFO:colcon.colcon_core.shell:Creating environment descriptor '/px4_uxrce/t265_px4_bridge/install/bridge_px4/share/bridge_px4/hook/cmake_prefix_path.dsv'
[0.389s] INFO:colcon.colcon_core.shell:Creating environment hook '/px4_uxrce/t265_px4_bridge/install/bridge_px4/share/bridge_px4/hook/cmake_prefix_path.sh'
[0.390s] Level 1:colcon.colcon_core.environment:checking '/px4_uxrce/t265_px4_bridge/install/bridge_px4/bin'
[0.390s] Level 1:colcon.colcon_core.environment:checking '/px4_uxrce/t265_px4_bridge/install/bridge_px4/lib/pkgconfig/bridge_px4.pc'
[0.390s] Level 1:colcon.colcon_core.environment:checking '/px4_uxrce/t265_px4_bridge/install/bridge_px4/lib/python3.10/site-packages'
[0.391s] Level 1:colcon.colcon_core.environment:checking '/px4_uxrce/t265_px4_bridge/install/bridge_px4/bin'
[0.391s] INFO:colcon.colcon_core.shell:Creating package script '/px4_uxrce/t265_px4_bridge/install/bridge_px4/share/bridge_px4/package.ps1'
[0.392s] INFO:colcon.colcon_core.shell:Creating package descriptor '/px4_uxrce/t265_px4_bridge/install/bridge_px4/share/bridge_px4/package.dsv'
[0.392s] INFO:colcon.colcon_core.shell:Creating package script '/px4_uxrce/t265_px4_bridge/install/bridge_px4/share/bridge_px4/package.sh'
[0.392s] INFO:colcon.colcon_core.shell:Creating package script '/px4_uxrce/t265_px4_bridge/install/bridge_px4/share/bridge_px4/package.bash'
[0.393s] INFO:colcon.colcon_core.shell:Creating package script '/px4_uxrce/t265_px4_bridge/install/bridge_px4/share/bridge_px4/package.zsh'
[0.393s] Level 1:colcon.colcon_core.environment:create_file_with_runtime_dependencies(/px4_uxrce/t265_px4_bridge/install/bridge_px4/share/colcon-core/packages/bridge_px4)
[0.394s] Level 1:colcon.colcon_core.environment:create_environment_scripts_only(t265_to_px4_bridge)
[0.394s] Level 1:colcon.colcon_core.environment:checking '/px4_uxrce/t265_px4_bridge/install/t265_to_px4_bridge' for CMake module files
[0.395s] DEBUG:colcon.colcon_core.event_handler.log_command:Invoked command in '/px4_uxrce/t265_px4_bridge/build/t265_to_px4_bridge' returned '0': CMAKE_PREFIX_PATH=/px4_uxrce/t265_px4_bridge/install/px4_ros_com:/px4_uxrce/t265_px4_bridge/install/px4_msgs:/px4_uxrce/t265_px4_bridge/install/launch_testing_examples:/px4_uxrce/t265_px4_bridge/install/examples_rclpy_pointcloud_publisher:/px4_uxrce/t265_px4_bridge/install/examples_rclpy_minimal_subscriber:/px4_uxrce/t265_px4_bridge/install/examples_rclpy_minimal_service:/px4_uxrce/t265_px4_bridge/install/examples_rclpy_minimal_publisher:/px4_uxrce/t265_px4_bridge/install/examples_rclpy_minimal_client:/px4_uxrce/t265_px4_bridge/install/examples_rclpy_minimal_action_server:/px4_uxrce/t265_px4_bridge/install/examples_rclpy_minimal_action_client:/px4_uxrce/t265_px4_bridge/install/examples_rclpy_guard_conditions:/px4_uxrce/t265_px4_bridge/install/examples_rclpy_executors:/opt/ros/humble:/px4_uxrce/t265_px4_bridge/install/t265_to_px4_bridge:/px4_uxrce/t265_px4_bridge/install/examples_rclcpp_wait_set:/px4_uxrce/t265_px4_bridge/install/examples_rclcpp_multithreaded_executor:/px4_uxrce/t265_px4_bridge/install/examples_rclcpp_minimal_timer:/px4_uxrce/t265_px4_bridge/install/examples_rclcpp_minimal_subscriber:/px4_uxrce/t265_px4_bridge/install/examples_rclcpp_minimal_service:/px4_uxrce/t265_px4_bridge/install/examples_rclcpp_minimal_publisher:/px4_uxrce/t265_px4_bridge/install/examples_rclcpp_minimal_composition:/px4_uxrce/t265_px4_bridge/install/examples_rclcpp_minimal_client:/px4_uxrce/t265_px4_bridge/install/examples_rclcpp_minimal_action_server:/px4_uxrce/t265_px4_bridge/install/examples_rclcpp_minimal_action_client:/px4_uxrce/t265_px4_bridge/install/examples_rclcpp_cbg_executor:/px4_uxrce/t265_px4_bridge/install/examples_rclcpp_async_client:/px4_uxrce/t265_px4_bridge/install/cpp_pubsub:/px4_uxrce/t265_px4_bridge/install/bridge_px4 /usr/bin/cmake --install /px4_uxrce/t265_px4_bridge/build/t265_to_px4_bridge
[0.395s] Level 1:colcon.colcon_core.environment:checking '/px4_uxrce/t265_px4_bridge/install/t265_to_px4_bridge' for CMake config files
[0.395s] Level 1:colcon.colcon_core.shell:create_environment_hook('t265_to_px4_bridge', 'cmake_prefix_path')
[0.395s] INFO:colcon.colcon_core.shell:Creating environment hook '/px4_uxrce/t265_px4_bridge/install/t265_to_px4_bridge/share/t265_to_px4_bridge/hook/cmake_prefix_path.ps1'
[0.396s] INFO:colcon.colcon_core.shell:Creating environment descriptor '/px4_uxrce/t265_px4_bridge/install/t265_to_px4_bridge/share/t265_to_px4_bridge/hook/cmake_prefix_path.dsv'
[0.396s] INFO:colcon.colcon_core.shell:Creating environment hook '/px4_uxrce/t265_px4_bridge/install/t265_to_px4_bridge/share/t265_to_px4_bridge/hook/cmake_prefix_path.sh'
[0.397s] Level 1:colcon.colcon_core.environment:checking '/px4_uxrce/t265_px4_bridge/install/t265_to_px4_bridge/lib'
[0.397s] Level 1:colcon.colcon_core.environment:checking '/px4_uxrce/t265_px4_bridge/install/t265_to_px4_bridge/bin'
[0.397s] Level 1:colcon.colcon_core.environment:checking '/px4_uxrce/t265_px4_bridge/install/t265_to_px4_bridge/lib/pkgconfig/t265_to_px4_bridge.pc'
[0.397s] Level 1:colcon.colcon_core.environment:checking '/px4_uxrce/t265_px4_bridge/install/t265_to_px4_bridge/lib/python3.10/site-packages'
[0.397s] Level 1:colcon.colcon_core.environment:checking '/px4_uxrce/t265_px4_bridge/install/t265_to_px4_bridge/bin'
[0.398s] INFO:colcon.colcon_core.shell:Creating package script '/px4_uxrce/t265_px4_bridge/install/t265_to_px4_bridge/share/t265_to_px4_bridge/package.ps1'
[0.398s] INFO:colcon.colcon_core.shell:Creating package descriptor '/px4_uxrce/t265_px4_bridge/install/t265_to_px4_bridge/share/t265_to_px4_bridge/package.dsv'
[0.398s] INFO:colcon.colcon_core.shell:Creating package script '/px4_uxrce/t265_px4_bridge/install/t265_to_px4_bridge/share/t265_to_px4_bridge/package.sh'
[0.399s] INFO:colcon.colcon_core.shell:Creating package script '/px4_uxrce/t265_px4_bridge/install/t265_to_px4_bridge/share/t265_to_px4_bridge/package.bash'
[0.399s] INFO:colcon.colcon_core.shell:Creating package script '/px4_uxrce/t265_px4_bridge/install/t265_to_px4_bridge/share/t265_to_px4_bridge/package.zsh'
[0.400s] Level 1:colcon.colcon_core.environment:create_file_with_runtime_dependencies(/px4_uxrce/t265_px4_bridge/install/t265_to_px4_bridge/share/colcon-core/packages/t265_to_px4_bridge)
[0.400s] Level 1:colcon.colcon_core.environment:create_environment_scripts_only(t265_to_px4_bridge)
[0.400s] Level 1:colcon.colcon_core.environment:checking '/px4_uxrce/t265_px4_bridge/install/t265_to_px4_bridge' for CMake module files
[0.401s] Level 1:colcon.colcon_core.environment:checking '/px4_uxrce/t265_px4_bridge/install/t265_to_px4_bridge' for CMake config files
[0.401s] Level 1:colcon.colcon_core.shell:create_environment_hook('t265_to_px4_bridge', 'cmake_prefix_path')
[0.401s] INFO:colcon.colcon_core.shell:Creating environment hook '/px4_uxrce/t265_px4_bridge/install/t265_to_px4_bridge/share/t265_to_px4_bridge/hook/cmake_prefix_path.ps1'
[0.402s] INFO:colcon.colcon_core.shell:Creating environment descriptor '/px4_uxrce/t265_px4_bridge/install/t265_to_px4_bridge/share/t265_to_px4_bridge/hook/cmake_prefix_path.dsv'
[0.402s] INFO:colcon.colcon_core.shell:Creating environment hook '/px4_uxrce/t265_px4_bridge/install/t265_to_px4_bridge/share/t265_to_px4_bridge/hook/cmake_prefix_path.sh'
[0.403s] Level 1:colcon.colcon_core.environment:checking '/px4_uxrce/t265_px4_bridge/install/t265_to_px4_bridge/lib'
[0.403s] Level 1:colcon.colcon_core.environment:checking '/px4_uxrce/t265_px4_bridge/install/t265_to_px4_bridge/bin'
[0.403s] Level 1:colcon.colcon_core.environment:checking '/px4_uxrce/t265_px4_bridge/install/t265_to_px4_bridge/lib/pkgconfig/t265_to_px4_bridge.pc'
[0.403s] Level 1:colcon.colcon_core.environment:checking '/px4_uxrce/t265_px4_bridge/install/t265_to_px4_bridge/lib/python3.10/site-packages'
[0.403s] Level 1:colcon.colcon_core.environment:checking '/px4_uxrce/t265_px4_bridge/install/t265_to_px4_bridge/bin'
[0.403s] INFO:colcon.colcon_core.shell:Creating package script '/px4_uxrce/t265_px4_bridge/install/t265_to_px4_bridge/share/t265_to_px4_bridge/package.ps1'
[0.404s] INFO:colcon.colcon_core.shell:Creating package descriptor '/px4_uxrce/t265_px4_bridge/install/t265_to_px4_bridge/share/t265_to_px4_bridge/package.dsv'
[0.404s] INFO:colcon.colcon_core.shell:Creating package script '/px4_uxrce/t265_px4_bridge/install/t265_to_px4_bridge/share/t265_to_px4_bridge/package.sh'
[0.405s] INFO:colcon.colcon_core.shell:Creating package script '/px4_uxrce/t265_px4_bridge/install/t265_to_px4_bridge/share/t265_to_px4_bridge/package.bash'
[0.405s] INFO:colcon.colcon_core.shell:Creating package script '/px4_uxrce/t265_px4_bridge/install/t265_to_px4_bridge/share/t265_to_px4_bridge/package.zsh'
[0.406s] Level 1:colcon.colcon_core.environment:create_file_with_runtime_dependencies(/px4_uxrce/t265_px4_bridge/install/t265_to_px4_bridge/share/colcon-core/packages/t265_to_px4_bridge)
[1.681s] DEBUG:colcon.colcon_core.event_handler.log_command:Invoked command in '/px4_uxrce/t265_px4_bridge/build/px4_msgs' returned '0': CMAKE_PREFIX_PATH=/px4_uxrce/t265_px4_bridge/install/px4_ros_com:/px4_uxrce/t265_px4_bridge/install/px4_msgs:/px4_uxrce/t265_px4_bridge/install/launch_testing_examples:/px4_uxrce/t265_px4_bridge/install/examples_rclpy_pointcloud_publisher:/px4_uxrce/t265_px4_bridge/install/examples_rclpy_minimal_subscriber:/px4_uxrce/t265_px4_bridge/install/examples_rclpy_minimal_service:/px4_uxrce/t265_px4_bridge/install/examples_rclpy_minimal_publisher:/px4_uxrce/t265_px4_bridge/install/examples_rclpy_minimal_client:/px4_uxrce/t265_px4_bridge/install/examples_rclpy_minimal_action_server:/px4_uxrce/t265_px4_bridge/install/examples_rclpy_minimal_action_client:/px4_uxrce/t265_px4_bridge/install/examples_rclpy_guard_conditions:/px4_uxrce/t265_px4_bridge/install/examples_rclpy_executors:/opt/ros/humble:/px4_uxrce/t265_px4_bridge/install/t265_to_px4_bridge:/px4_uxrce/t265_px4_bridge/install/examples_rclcpp_wait_set:/px4_uxrce/t265_px4_bridge/install/examples_rclcpp_multithreaded_executor:/px4_uxrce/t265_px4_bridge/install/examples_rclcpp_minimal_timer:/px4_uxrce/t265_px4_bridge/install/examples_rclcpp_minimal_subscriber:/px4_uxrce/t265_px4_bridge/install/examples_rclcpp_minimal_service:/px4_uxrce/t265_px4_bridge/install/examples_rclcpp_minimal_publisher:/px4_uxrce/t265_px4_bridge/install/examples_rclcpp_minimal_composition:/px4_uxrce/t265_px4_bridge/install/examples_rclcpp_minimal_client:/px4_uxrce/t265_px4_bridge/install/examples_rclcpp_minimal_action_server:/px4_uxrce/t265_px4_bridge/install/examples_rclcpp_minimal_action_client:/px4_uxrce/t265_px4_bridge/install/examples_rclcpp_cbg_executor:/px4_uxrce/t265_px4_bridge/install/examples_rclcpp_async_client:/px4_uxrce/t265_px4_bridge/install/cpp_pubsub:/px4_uxrce/t265_px4_bridge/install/bridge_px4 /usr/bin/cmake --build /px4_uxrce/t265_px4_bridge/build/px4_msgs -- -j12 -l12
[1.683s] DEBUG:colcon.colcon_core.event_handler.log_command:Invoking command in '/px4_uxrce/t265_px4_bridge/build/px4_msgs': CMAKE_PREFIX_PATH=/px4_uxrce/t265_px4_bridge/install/px4_ros_com:/px4_uxrce/t265_px4_bridge/install/px4_msgs:/px4_uxrce/t265_px4_bridge/install/launch_testing_examples:/px4_uxrce/t265_px4_bridge/install/examples_rclpy_pointcloud_publisher:/px4_uxrce/t265_px4_bridge/install/examples_rclpy_minimal_subscriber:/px4_uxrce/t265_px4_bridge/install/examples_rclpy_minimal_service:/px4_uxrce/t265_px4_bridge/install/examples_rclpy_minimal_publisher:/px4_uxrce/t265_px4_bridge/install/examples_rclpy_minimal_client:/px4_uxrce/t265_px4_bridge/install/examples_rclpy_minimal_action_server:/px4_uxrce/t265_px4_bridge/install/examples_rclpy_minimal_action_client:/px4_uxrce/t265_px4_bridge/install/examples_rclpy_guard_conditions:/px4_uxrce/t265_px4_bridge/install/examples_rclpy_executors:/opt/ros/humble:/px4_uxrce/t265_px4_bridge/install/t265_to_px4_bridge:/px4_uxrce/t265_px4_bridge/install/examples_rclcpp_wait_set:/px4_uxrce/t265_px4_bridge/install/examples_rclcpp_multithreaded_executor:/px4_uxrce/t265_px4_bridge/install/examples_rclcpp_minimal_timer:/px4_uxrce/t265_px4_bridge/install/examples_rclcpp_minimal_subscriber:/px4_uxrce/t265_px4_bridge/install/examples_rclcpp_minimal_service:/px4_uxrce/t265_px4_bridge/install/examples_rclcpp_minimal_publisher:/px4_uxrce/t265_px4_bridge/install/examples_rclcpp_minimal_composition:/px4_uxrce/t265_px4_bridge/install/examples_rclcpp_minimal_client:/px4_uxrce/t265_px4_bridge/install/examples_rclcpp_minimal_action_server:/px4_uxrce/t265_px4_bridge/install/examples_rclcpp_minimal_action_client:/px4_uxrce/t265_px4_bridge/install/examples_rclcpp_cbg_executor:/px4_uxrce/t265_px4_bridge/install/examples_rclcpp_async_client:/px4_uxrce/t265_px4_bridge/install/cpp_pubsub:/px4_uxrce/t265_px4_bridge/install/bridge_px4 /usr/bin/cmake --install /px4_uxrce/t265_px4_bridge/build/px4_msgs
[2.030s] Level 1:colcon.colcon_core.environment:create_environment_scripts_only(px4_msgs)
[2.030s] Level 1:colcon.colcon_core.environment:checking '/px4_uxrce/t265_px4_bridge/install/px4_msgs' for CMake module files
[2.032s] Level 1:colcon.colcon_core.environment:checking '/px4_uxrce/t265_px4_bridge/install/px4_msgs' for CMake config files
[2.054s] Level 1:colcon.colcon_core.shell:create_environment_hook('px4_msgs', 'cmake_prefix_path')
[2.054s] INFO:colcon.colcon_core.shell:Creating environment hook '/px4_uxrce/t265_px4_bridge/install/px4_msgs/share/px4_msgs/hook/cmake_prefix_path.ps1'
[2.055s] INFO:colcon.colcon_core.shell:Creating environment descriptor '/px4_uxrce/t265_px4_bridge/install/px4_msgs/share/px4_msgs/hook/cmake_prefix_path.dsv'
[2.056s] INFO:colcon.colcon_core.shell:Creating environment hook '/px4_uxrce/t265_px4_bridge/install/px4_msgs/share/px4_msgs/hook/cmake_prefix_path.sh'
[2.057s] Level 1:colcon.colcon_core.environment:checking '/px4_uxrce/t265_px4_bridge/install/px4_msgs/lib'
[2.057s] Level 1:colcon.colcon_core.shell:create_environment_hook('px4_msgs', 'ld_library_path_lib')
[2.057s] INFO:colcon.colcon_core.shell:Creating environment hook '/px4_uxrce/t265_px4_bridge/install/px4_msgs/share/px4_msgs/hook/ld_library_path_lib.ps1'
[2.058s] INFO:colcon.colcon_core.shell:Creating environment descriptor '/px4_uxrce/t265_px4_bridge/install/px4_msgs/share/px4_msgs/hook/ld_library_path_lib.dsv'
[2.059s] INFO:colcon.colcon_core.shell:Creating environment hook '/px4_uxrce/t265_px4_bridge/install/px4_msgs/share/px4_msgs/hook/ld_library_path_lib.sh'
[2.059s] Level 1:colcon.colcon_core.environment:checking '/px4_uxrce/t265_px4_bridge/install/px4_msgs/bin'
[2.059s] Level 1:colcon.colcon_core.environment:checking '/px4_uxrce/t265_px4_bridge/install/px4_msgs/lib/pkgconfig/px4_msgs.pc'
[2.060s] Level 1:colcon.colcon_core.environment:checking '/px4_uxrce/t265_px4_bridge/install/px4_msgs/lib/python3.10/site-packages'
[2.060s] Level 1:colcon.colcon_core.environment:checking '/px4_uxrce/t265_px4_bridge/install/px4_msgs/bin'
[2.060s] INFO:colcon.colcon_core.shell:Creating package script '/px4_uxrce/t265_px4_bridge/install/px4_msgs/share/px4_msgs/package.ps1'
[2.061s] INFO:colcon.colcon_core.shell:Creating package descriptor '/px4_uxrce/t265_px4_bridge/install/px4_msgs/share/px4_msgs/package.dsv'
[2.061s] INFO:colcon.colcon_core.shell:Creating package script '/px4_uxrce/t265_px4_bridge/install/px4_msgs/share/px4_msgs/package.sh'
[2.062s] INFO:colcon.colcon_core.shell:Creating package script '/px4_uxrce/t265_px4_bridge/install/px4_msgs/share/px4_msgs/package.bash'
[2.063s] INFO:colcon.colcon_core.shell:Creating package script '/px4_uxrce/t265_px4_bridge/install/px4_msgs/share/px4_msgs/package.zsh'
[2.063s] Level 1:colcon.colcon_core.environment:create_file_with_runtime_dependencies(/px4_uxrce/t265_px4_bridge/install/px4_msgs/share/colcon-core/packages/px4_msgs)
[2.064s] Level 1:colcon.colcon_core.environment:create_environment_scripts_only(px4_msgs)
[2.065s] Level 1:colcon.colcon_core.environment:checking '/px4_uxrce/t265_px4_bridge/install/px4_msgs' for CMake module files
[2.066s] Level 1:colcon.colcon_core.environment:checking '/px4_uxrce/t265_px4_bridge/install/px4_msgs' for CMake config files
[2.083s] Level 1:colcon.colcon_core.shell:create_environment_hook('px4_msgs', 'cmake_prefix_path')
[2.084s] INFO:colcon.colcon_core.shell:Creating environment hook '/px4_uxrce/t265_px4_bridge/install/px4_msgs/share/px4_msgs/hook/cmake_prefix_path.ps1'
[2.084s] INFO:colcon.colcon_core.shell:Creating environment descriptor '/px4_uxrce/t265_px4_bridge/install/px4_msgs/share/px4_msgs/hook/cmake_prefix_path.dsv'
[2.085s] INFO:colcon.colcon_core.shell:Creating environment hook '/px4_uxrce/t265_px4_bridge/install/px4_msgs/share/px4_msgs/hook/cmake_prefix_path.sh'
[2.086s] Level 1:colcon.colcon_core.environment:checking '/px4_uxrce/t265_px4_bridge/install/px4_msgs/lib'
[2.086s] Level 1:colcon.colcon_core.shell:create_environment_hook('px4_msgs', 'ld_library_path_lib')
[2.086s] INFO:colcon.colcon_core.shell:Creating environment hook '/px4_uxrce/t265_px4_bridge/install/px4_msgs/share/px4_msgs/hook/ld_library_path_lib.ps1'
[2.087s] INFO:colcon.colcon_core.shell:Creating environment descriptor '/px4_uxrce/t265_px4_bridge/install/px4_msgs/share/px4_msgs/hook/ld_library_path_lib.dsv'
[2.087s] INFO:colcon.colcon_core.shell:Creating environment hook '/px4_uxrce/t265_px4_bridge/install/px4_msgs/share/px4_msgs/hook/ld_library_path_lib.sh'
[2.088s] Level 1:colcon.colcon_core.environment:checking '/px4_uxrce/t265_px4_bridge/install/px4_msgs/bin'
[2.088s] Level 1:colcon.colcon_core.environment:checking '/px4_uxrce/t265_px4_bridge/install/px4_msgs/lib/pkgconfig/px4_msgs.pc'
[2.088s] Level 1:colcon.colcon_core.environment:checking '/px4_uxrce/t265_px4_bridge/install/px4_msgs/lib/python3.10/site-packages'
[2.089s] Level 1:colcon.colcon_core.environment:checking '/px4_uxrce/t265_px4_bridge/install/px4_msgs/bin'
[2.089s] INFO:colcon.colcon_core.shell:Creating package script '/px4_uxrce/t265_px4_bridge/install/px4_msgs/share/px4_msgs/package.ps1'
[2.090s] INFO:colcon.colcon_core.shell:Creating package descriptor '/px4_uxrce/t265_px4_bridge/install/px4_msgs/share/px4_msgs/package.dsv'
[2.091s] INFO:colcon.colcon_core.shell:Creating package script '/px4_uxrce/t265_px4_bridge/install/px4_msgs/share/px4_msgs/package.sh'
[2.091s] INFO:colcon.colcon_core.shell:Creating package script '/px4_uxrce/t265_px4_bridge/install/px4_msgs/share/px4_msgs/package.bash'
[2.092s] INFO:colcon.colcon_core.shell:Creating package script '/px4_uxrce/t265_px4_bridge/install/px4_msgs/share/px4_msgs/package.zsh'
[2.093s] Level 1:colcon.colcon_core.environment:create_file_with_runtime_dependencies(/px4_uxrce/t265_px4_bridge/install/px4_msgs/share/colcon-core/packages/px4_msgs)
[2.093s] INFO:colcon.colcon_ros.task.ament_cmake.build:Building ROS package in '/px4_uxrce/t265_px4_bridge/src/px4_ros_com' with build type 'ament_cmake'
[2.093s] INFO:colcon.colcon_cmake.task.cmake.build:Building CMake package in '/px4_uxrce/t265_px4_bridge/src/px4_ros_com'
[2.094s] INFO:colcon.colcon_core.shell:Skip shell extension 'powershell' for command environment: Not usable outside of PowerShell
[2.094s] DEBUG:colcon.colcon_core.shell:Skip shell extension 'dsv' for command environment
[2.237s] DEBUG:colcon.colcon_core.event_handler.log_command:Invoked command in '/px4_uxrce/t265_px4_bridge/build/px4_msgs' returned '0': CMAKE_PREFIX_PATH=/px4_uxrce/t265_px4_bridge/install/px4_ros_com:/px4_uxrce/t265_px4_bridge/install/px4_msgs:/px4_uxrce/t265_px4_bridge/install/launch_testing_examples:/px4_uxrce/t265_px4_bridge/install/examples_rclpy_pointcloud_publisher:/px4_uxrce/t265_px4_bridge/install/examples_rclpy_minimal_subscriber:/px4_uxrce/t265_px4_bridge/install/examples_rclpy_minimal_service:/px4_uxrce/t265_px4_bridge/install/examples_rclpy_minimal_publisher:/px4_uxrce/t265_px4_bridge/install/examples_rclpy_minimal_client:/px4_uxrce/t265_px4_bridge/install/examples_rclpy_minimal_action_server:/px4_uxrce/t265_px4_bridge/install/examples_rclpy_minimal_action_client:/px4_uxrce/t265_px4_bridge/install/examples_rclpy_guard_conditions:/px4_uxrce/t265_px4_bridge/install/examples_rclpy_executors:/opt/ros/humble:/px4_uxrce/t265_px4_bridge/install/t265_to_px4_bridge:/px4_uxrce/t265_px4_bridge/install/examples_rclcpp_wait_set:/px4_uxrce/t265_px4_bridge/install/examples_rclcpp_multithreaded_executor:/px4_uxrce/t265_px4_bridge/install/examples_rclcpp_minimal_timer:/px4_uxrce/t265_px4_bridge/install/examples_rclcpp_minimal_subscriber:/px4_uxrce/t265_px4_bridge/install/examples_rclcpp_minimal_service:/px4_uxrce/t265_px4_bridge/install/examples_rclcpp_minimal_publisher:/px4_uxrce/t265_px4_bridge/install/examples_rclcpp_minimal_composition:/px4_uxrce/t265_px4_bridge/install/examples_rclcpp_minimal_client:/px4_uxrce/t265_px4_bridge/install/examples_rclcpp_minimal_action_server:/px4_uxrce/t265_px4_bridge/install/examples_rclcpp_minimal_action_client:/px4_uxrce/t265_px4_bridge/install/examples_rclcpp_cbg_executor:/px4_uxrce/t265_px4_bridge/install/examples_rclcpp_async_client:/px4_uxrce/t265_px4_bridge/install/cpp_pubsub:/px4_uxrce/t265_px4_bridge/install/bridge_px4 /usr/bin/cmake --install /px4_uxrce/t265_px4_bridge/build/px4_msgs
[2.238s] DEBUG:colcon.colcon_core.event_handler.log_command:Invoking command in '/px4_uxrce/t265_px4_bridge/build/px4_ros_com': CMAKE_PREFIX_PATH=/px4_uxrce/t265_px4_bridge/install/px4_msgs:/px4_uxrce/t265_px4_bridge/install/px4_ros_com:/px4_uxrce/t265_px4_bridge/install/launch_testing_examples:/px4_uxrce/t265_px4_bridge/install/examples_rclpy_pointcloud_publisher:/px4_uxrce/t265_px4_bridge/install/examples_rclpy_minimal_subscriber:/px4_uxrce/t265_px4_bridge/install/examples_rclpy_minimal_service:/px4_uxrce/t265_px4_bridge/install/examples_rclpy_minimal_publisher:/px4_uxrce/t265_px4_bridge/install/examples_rclpy_minimal_client:/px4_uxrce/t265_px4_bridge/install/examples_rclpy_minimal_action_server:/px4_uxrce/t265_px4_bridge/install/examples_rclpy_minimal_action_client:/px4_uxrce/t265_px4_bridge/install/examples_rclpy_guard_conditions:/px4_uxrce/t265_px4_bridge/install/examples_rclpy_executors:/opt/ros/humble:/px4_uxrce/t265_px4_bridge/install/t265_to_px4_bridge:/px4_uxrce/t265_px4_bridge/install/examples_rclcpp_wait_set:/px4_uxrce/t265_px4_bridge/install/examples_rclcpp_multithreaded_executor:/px4_uxrce/t265_px4_bridge/install/examples_rclcpp_minimal_timer:/px4_uxrce/t265_px4_bridge/install/examples_rclcpp_minimal_subscriber:/px4_uxrce/t265_px4_bridge/install/examples_rclcpp_minimal_service:/px4_uxrce/t265_px4_bridge/install/examples_rclcpp_minimal_publisher:/px4_uxrce/t265_px4_bridge/install/examples_rclcpp_minimal_composition:/px4_uxrce/t265_px4_bridge/install/examples_rclcpp_minimal_client:/px4_uxrce/t265_px4_bridge/install/examples_rclcpp_minimal_action_server:/px4_uxrce/t265_px4_bridge/install/examples_rclcpp_minimal_action_client:/px4_uxrce/t265_px4_bridge/install/examples_rclcpp_cbg_executor:/px4_uxrce/t265_px4_bridge/install/examples_rclcpp_async_client:/px4_uxrce/t265_px4_bridge/install/cpp_pubsub:/px4_uxrce/t265_px4_bridge/install/bridge_px4 LD_LIBRARY_PATH=/px4_uxrce/t265_px4_bridge/install/px4_msgs/lib:/px4_uxrce/t265_px4_bridge/install/px4_ros_com/lib:/px4_uxrce/t265_px4_bridge/install/examples_rclcpp_wait_set/lib:/px4_uxrce/t265_px4_bridge/install/examples_rclcpp_minimal_subscriber/lib:/px4_uxrce/t265_px4_bridge/install/examples_rclcpp_minimal_composition/lib:/opt/ros/humble/opt/rviz_ogre_vendor/lib:/opt/ros/humble/lib/x86_64-linux-gnu:/opt/ros/humble/lib /usr/bin/cmake --build /px4_uxrce/t265_px4_bridge/build/px4_ros_com -- -j12 -l12
[2.455s] DEBUG:colcon.colcon_core.event_handler.log_command:Invoked command in '/px4_uxrce/t265_px4_bridge/build/px4_ros_com' returned '0': CMAKE_PREFIX_PATH=/px4_uxrce/t265_px4_bridge/install/px4_msgs:/px4_uxrce/t265_px4_bridge/install/px4_ros_com:/px4_uxrce/t265_px4_bridge/install/launch_testing_examples:/px4_uxrce/t265_px4_bridge/install/examples_rclpy_pointcloud_publisher:/px4_uxrce/t265_px4_bridge/install/examples_rclpy_minimal_subscriber:/px4_uxrce/t265_px4_bridge/install/examples_rclpy_minimal_service:/px4_uxrce/t265_px4_bridge/install/examples_rclpy_minimal_publisher:/px4_uxrce/t265_px4_bridge/install/examples_rclpy_minimal_client:/px4_uxrce/t265_px4_bridge/install/examples_rclpy_minimal_action_server:/px4_uxrce/t265_px4_bridge/install/examples_rclpy_minimal_action_client:/px4_uxrce/t265_px4_bridge/install/examples_rclpy_guard_conditions:/px4_uxrce/t265_px4_bridge/install/examples_rclpy_executors:/opt/ros/humble:/px4_uxrce/t265_px4_bridge/install/t265_to_px4_bridge:/px4_uxrce/t265_px4_bridge/install/examples_rclcpp_wait_set:/px4_uxrce/t265_px4_bridge/install/examples_rclcpp_multithreaded_executor:/px4_uxrce/t265_px4_bridge/install/examples_rclcpp_minimal_timer:/px4_uxrce/t265_px4_bridge/install/examples_rclcpp_minimal_subscriber:/px4_uxrce/t265_px4_bridge/install/examples_rclcpp_minimal_service:/px4_uxrce/t265_px4_bridge/install/examples_rclcpp_minimal_publisher:/px4_uxrce/t265_px4_bridge/install/examples_rclcpp_minimal_composition:/px4_uxrce/t265_px4_bridge/install/examples_rclcpp_minimal_client:/px4_uxrce/t265_px4_bridge/install/examples_rclcpp_minimal_action_server:/px4_uxrce/t265_px4_bridge/install/examples_rclcpp_minimal_action_client:/px4_uxrce/t265_px4_bridge/install/examples_rclcpp_cbg_executor:/px4_uxrce/t265_px4_bridge/install/examples_rclcpp_async_client:/px4_uxrce/t265_px4_bridge/install/cpp_pubsub:/px4_uxrce/t265_px4_bridge/install/bridge_px4 LD_LIBRARY_PATH=/px4_uxrce/t265_px4_bridge/install/px4_msgs/lib:/px4_uxrce/t265_px4_bridge/install/px4_ros_com/lib:/px4_uxrce/t265_px4_bridge/install/examples_rclcpp_wait_set/lib:/px4_uxrce/t265_px4_bridge/install/examples_rclcpp_minimal_subscriber/lib:/px4_uxrce/t265_px4_bridge/install/examples_rclcpp_minimal_composition/lib:/opt/ros/humble/opt/rviz_ogre_vendor/lib:/opt/ros/humble/lib/x86_64-linux-gnu:/opt/ros/humble/lib /usr/bin/cmake --build /px4_uxrce/t265_px4_bridge/build/px4_ros_com -- -j12 -l12
[2.457s] DEBUG:colcon.colcon_core.event_handler.log_command:Invoking command in '/px4_uxrce/t265_px4_bridge/build/px4_ros_com': CMAKE_PREFIX_PATH=/px4_uxrce/t265_px4_bridge/install/px4_msgs:/px4_uxrce/t265_px4_bridge/install/px4_ros_com:/px4_uxrce/t265_px4_bridge/install/launch_testing_examples:/px4_uxrce/t265_px4_bridge/install/examples_rclpy_pointcloud_publisher:/px4_uxrce/t265_px4_bridge/install/examples_rclpy_minimal_subscriber:/px4_uxrce/t265_px4_bridge/install/examples_rclpy_minimal_service:/px4_uxrce/t265_px4_bridge/install/examples_rclpy_minimal_publisher:/px4_uxrce/t265_px4_bridge/install/examples_rclpy_minimal_client:/px4_uxrce/t265_px4_bridge/install/examples_rclpy_minimal_action_server:/px4_uxrce/t265_px4_bridge/install/examples_rclpy_minimal_action_client:/px4_uxrce/t265_px4_bridge/install/examples_rclpy_guard_conditions:/px4_uxrce/t265_px4_bridge/install/examples_rclpy_executors:/opt/ros/humble:/px4_uxrce/t265_px4_bridge/install/t265_to_px4_bridge:/px4_uxrce/t265_px4_bridge/install/examples_rclcpp_wait_set:/px4_uxrce/t265_px4_bridge/install/examples_rclcpp_multithreaded_executor:/px4_uxrce/t265_px4_bridge/install/examples_rclcpp_minimal_timer:/px4_uxrce/t265_px4_bridge/install/examples_rclcpp_minimal_subscriber:/px4_uxrce/t265_px4_bridge/install/examples_rclcpp_minimal_service:/px4_uxrce/t265_px4_bridge/install/examples_rclcpp_minimal_publisher:/px4_uxrce/t265_px4_bridge/install/examples_rclcpp_minimal_composition:/px4_uxrce/t265_px4_bridge/install/examples_rclcpp_minimal_client:/px4_uxrce/t265_px4_bridge/install/examples_rclcpp_minimal_action_server:/px4_uxrce/t265_px4_bridge/install/examples_rclcpp_minimal_action_client:/px4_uxrce/t265_px4_bridge/install/examples_rclcpp_cbg_executor:/px4_uxrce/t265_px4_bridge/install/examples_rclcpp_async_client:/px4_uxrce/t265_px4_bridge/install/cpp_pubsub:/px4_uxrce/t265_px4_bridge/install/bridge_px4 LD_LIBRARY_PATH=/px4_uxrce/t265_px4_bridge/install/px4_msgs/lib:/px4_uxrce/t265_px4_bridge/install/px4_ros_com/lib:/px4_uxrce/t265_px4_bridge/install/examples_rclcpp_wait_set/lib:/px4_uxrce/t265_px4_bridge/install/examples_rclcpp_minimal_subscriber/lib:/px4_uxrce/t265_px4_bridge/install/examples_rclcpp_minimal_composition/lib:/opt/ros/humble/opt/rviz_ogre_vendor/lib:/opt/ros/humble/lib/x86_64-linux-gnu:/opt/ros/humble/lib /usr/bin/cmake --install /px4_uxrce/t265_px4_bridge/build/px4_ros_com
[2.510s] Level 1:colcon.colcon_core.environment:create_environment_scripts_only(px4_ros_com)
[2.511s] Level 1:colcon.colcon_core.environment:checking '/px4_uxrce/t265_px4_bridge/install/px4_ros_com' for CMake module files
[2.512s] DEBUG:colcon.colcon_core.event_handler.log_command:Invoked command in '/px4_uxrce/t265_px4_bridge/build/px4_ros_com' returned '0': CMAKE_PREFIX_PATH=/px4_uxrce/t265_px4_bridge/install/px4_msgs:/px4_uxrce/t265_px4_bridge/install/px4_ros_com:/px4_uxrce/t265_px4_bridge/install/launch_testing_examples:/px4_uxrce/t265_px4_bridge/install/examples_rclpy_pointcloud_publisher:/px4_uxrce/t265_px4_bridge/install/examples_rclpy_minimal_subscriber:/px4_uxrce/t265_px4_bridge/install/examples_rclpy_minimal_service:/px4_uxrce/t265_px4_bridge/install/examples_rclpy_minimal_publisher:/px4_uxrce/t265_px4_bridge/install/examples_rclpy_minimal_client:/px4_uxrce/t265_px4_bridge/install/examples_rclpy_minimal_action_server:/px4_uxrce/t265_px4_bridge/install/examples_rclpy_minimal_action_client:/px4_uxrce/t265_px4_bridge/install/examples_rclpy_guard_conditions:/px4_uxrce/t265_px4_bridge/install/examples_rclpy_executors:/opt/ros/humble:/px4_uxrce/t265_px4_bridge/install/t265_to_px4_bridge:/px4_uxrce/t265_px4_bridge/install/examples_rclcpp_wait_set:/px4_uxrce/t265_px4_bridge/install/examples_rclcpp_multithreaded_executor:/px4_uxrce/t265_px4_bridge/install/examples_rclcpp_minimal_timer:/px4_uxrce/t265_px4_bridge/install/examples_rclcpp_minimal_subscriber:/px4_uxrce/t265_px4_bridge/install/examples_rclcpp_minimal_service:/px4_uxrce/t265_px4_bridge/install/examples_rclcpp_minimal_publisher:/px4_uxrce/t265_px4_bridge/install/examples_rclcpp_minimal_composition:/px4_uxrce/t265_px4_bridge/install/examples_rclcpp_minimal_client:/px4_uxrce/t265_px4_bridge/install/examples_rclcpp_minimal_action_server:/px4_uxrce/t265_px4_bridge/install/examples_rclcpp_minimal_action_client:/px4_uxrce/t265_px4_bridge/install/examples_rclcpp_cbg_executor:/px4_uxrce/t265_px4_bridge/install/examples_rclcpp_async_client:/px4_uxrce/t265_px4_bridge/install/cpp_pubsub:/px4_uxrce/t265_px4_bridge/install/bridge_px4 LD_LIBRARY_PATH=/px4_uxrce/t265_px4_bridge/install/px4_msgs/lib:/px4_uxrce/t265_px4_bridge/install/px4_ros_com/lib:/px4_uxrce/t265_px4_bridge/install/examples_rclcpp_wait_set/lib:/px4_uxrce/t265_px4_bridge/install/examples_rclcpp_minimal_subscriber/lib:/px4_uxrce/t265_px4_bridge/install/examples_rclcpp_minimal_composition/lib:/opt/ros/humble/opt/rviz_ogre_vendor/lib:/opt/ros/humble/lib/x86_64-linux-gnu:/opt/ros/humble/lib /usr/bin/cmake --install /px4_uxrce/t265_px4_bridge/build/px4_ros_com
[2.512s] Level 1:colcon.colcon_core.environment:checking '/px4_uxrce/t265_px4_bridge/install/px4_ros_com' for CMake config files
[2.512s] Level 1:colcon.colcon_core.shell:create_environment_hook('px4_ros_com', 'cmake_prefix_path')
[2.513s] INFO:colcon.colcon_core.shell:Creating environment hook '/px4_uxrce/t265_px4_bridge/install/px4_ros_com/share/px4_ros_com/hook/cmake_prefix_path.ps1'
[2.513s] INFO:colcon.colcon_core.shell:Creating environment descriptor '/px4_uxrce/t265_px4_bridge/install/px4_ros_com/share/px4_ros_com/hook/cmake_prefix_path.dsv'
[2.513s] INFO:colcon.colcon_core.shell:Creating environment hook '/px4_uxrce/t265_px4_bridge/install/px4_ros_com/share/px4_ros_com/hook/cmake_prefix_path.sh'
[2.514s] Level 1:colcon.colcon_core.environment:checking '/px4_uxrce/t265_px4_bridge/install/px4_ros_com/lib'
[2.514s] Level 1:colcon.colcon_core.shell:create_environment_hook('px4_ros_com', 'ld_library_path_lib')
[2.514s] INFO:colcon.colcon_core.shell:Creating environment hook '/px4_uxrce/t265_px4_bridge/install/px4_ros_com/share/px4_ros_com/hook/ld_library_path_lib.ps1'
[2.515s] INFO:colcon.colcon_core.shell:Creating environment descriptor '/px4_uxrce/t265_px4_bridge/install/px4_ros_com/share/px4_ros_com/hook/ld_library_path_lib.dsv'
[2.515s] INFO:colcon.colcon_core.shell:Creating environment hook '/px4_uxrce/t265_px4_bridge/install/px4_ros_com/share/px4_ros_com/hook/ld_library_path_lib.sh'
[2.515s] Level 1:colcon.colcon_core.environment:checking '/px4_uxrce/t265_px4_bridge/install/px4_ros_com/bin'
[2.516s] Level 1:colcon.colcon_core.environment:checking '/px4_uxrce/t265_px4_bridge/install/px4_ros_com/lib/pkgconfig/px4_ros_com.pc'
[2.516s] Level 1:colcon.colcon_core.environment:checking '/px4_uxrce/t265_px4_bridge/install/px4_ros_com/lib/python3.10/site-packages'
[2.516s] Level 1:colcon.colcon_core.environment:checking '/px4_uxrce/t265_px4_bridge/install/px4_ros_com/bin'
[2.516s] INFO:colcon.colcon_core.shell:Creating package script '/px4_uxrce/t265_px4_bridge/install/px4_ros_com/share/px4_ros_com/package.ps1'
[2.517s] INFO:colcon.colcon_core.shell:Creating package descriptor '/px4_uxrce/t265_px4_bridge/install/px4_ros_com/share/px4_ros_com/package.dsv'
[2.518s] INFO:colcon.colcon_core.shell:Creating package script '/px4_uxrce/t265_px4_bridge/install/px4_ros_com/share/px4_ros_com/package.sh'
[2.518s] INFO:colcon.colcon_core.shell:Creating package script '/px4_uxrce/t265_px4_bridge/install/px4_ros_com/share/px4_ros_com/package.bash'
[2.519s] INFO:colcon.colcon_core.shell:Creating package script '/px4_uxrce/t265_px4_bridge/install/px4_ros_com/share/px4_ros_com/package.zsh'
[2.519s] Level 1:colcon.colcon_core.environment:create_file_with_runtime_dependencies(/px4_uxrce/t265_px4_bridge/install/px4_ros_com/share/colcon-core/packages/px4_ros_com)
[2.520s] Level 1:colcon.colcon_core.environment:create_environment_scripts_only(px4_ros_com)
[2.520s] Level 1:colcon.colcon_core.environment:checking '/px4_uxrce/t265_px4_bridge/install/px4_ros_com' for CMake module files
[2.520s] Level 1:colcon.colcon_core.environment:checking '/px4_uxrce/t265_px4_bridge/install/px4_ros_com' for CMake config files
[2.521s] Level 1:colcon.colcon_core.shell:create_environment_hook('px4_ros_com', 'cmake_prefix_path')
[2.521s] INFO:colcon.colcon_core.shell:Creating environment hook '/px4_uxrce/t265_px4_bridge/install/px4_ros_com/share/px4_ros_com/hook/cmake_prefix_path.ps1'
[2.521s] INFO:colcon.colcon_core.shell:Creating environment descriptor '/px4_uxrce/t265_px4_bridge/install/px4_ros_com/share/px4_ros_com/hook/cmake_prefix_path.dsv'
[2.521s] INFO:colcon.colcon_core.shell:Creating environment hook '/px4_uxrce/t265_px4_bridge/install/px4_ros_com/share/px4_ros_com/hook/cmake_prefix_path.sh'
[2.522s] Level 1:colcon.colcon_core.environment:checking '/px4_uxrce/t265_px4_bridge/install/px4_ros_com/lib'
[2.522s] Level 1:colcon.colcon_core.shell:create_environment_hook('px4_ros_com', 'ld_library_path_lib')
[2.522s] INFO:colcon.colcon_core.shell:Creating environment hook '/px4_uxrce/t265_px4_bridge/install/px4_ros_com/share/px4_ros_com/hook/ld_library_path_lib.ps1'
[2.523s] INFO:colcon.colcon_core.shell:Creating environment descriptor '/px4_uxrce/t265_px4_bridge/install/px4_ros_com/share/px4_ros_com/hook/ld_library_path_lib.dsv'
[2.523s] INFO:colcon.colcon_core.shell:Creating environment hook '/px4_uxrce/t265_px4_bridge/install/px4_ros_com/share/px4_ros_com/hook/ld_library_path_lib.sh'
[2.523s] Level 1:colcon.colcon_core.environment:checking '/px4_uxrce/t265_px4_bridge/install/px4_ros_com/bin'
[2.524s] Level 1:colcon.colcon_core.environment:checking '/px4_uxrce/t265_px4_bridge/install/px4_ros_com/lib/pkgconfig/px4_ros_com.pc'
[2.524s] Level 1:colcon.colcon_core.environment:checking '/px4_uxrce/t265_px4_bridge/install/px4_ros_com/lib/python3.10/site-packages'
[2.524s] Level 1:colcon.colcon_core.environment:checking '/px4_uxrce/t265_px4_bridge/install/px4_ros_com/bin'
[2.524s] INFO:colcon.colcon_core.shell:Creating package script '/px4_uxrce/t265_px4_bridge/install/px4_ros_com/share/px4_ros_com/package.ps1'
[2.525s] INFO:colcon.colcon_core.shell:Creating package descriptor '/px4_uxrce/t265_px4_bridge/install/px4_ros_com/share/px4_ros_com/package.dsv'
[2.525s] INFO:colcon.colcon_core.shell:Creating package script '/px4_uxrce/t265_px4_bridge/install/px4_ros_com/share/px4_ros_com/package.sh'
[2.526s] INFO:colcon.colcon_core.shell:Creating package script '/px4_uxrce/t265_px4_bridge/install/px4_ros_com/share/px4_ros_com/package.bash'
[2.526s] INFO:colcon.colcon_core.shell:Creating package script '/px4_uxrce/t265_px4_bridge/install/px4_ros_com/share/px4_ros_com/package.zsh'
[2.527s] Level 1:colcon.colcon_core.environment:create_file_with_runtime_dependencies(/px4_uxrce/t265_px4_bridge/install/px4_ros_com/share/colcon-core/packages/px4_ros_com)
[9.998s] DEBUG:colcon.colcon_core.event_handler.log_command:Invoked command in '/px4_uxrce/t265_px4_bridge/build/cpp_pubsub' returned '0': CMAKE_PREFIX_PATH=/px4_uxrce/t265_px4_bridge/install/px4_ros_com:/px4_uxrce/t265_px4_bridge/install/px4_msgs:/px4_uxrce/t265_px4_bridge/install/launch_testing_examples:/px4_uxrce/t265_px4_bridge/install/examples_rclpy_pointcloud_publisher:/px4_uxrce/t265_px4_bridge/install/examples_rclpy_minimal_subscriber:/px4_uxrce/t265_px4_bridge/install/examples_rclpy_minimal_service:/px4_uxrce/t265_px4_bridge/install/examples_rclpy_minimal_publisher:/px4_uxrce/t265_px4_bridge/install/examples_rclpy_minimal_client:/px4_uxrce/t265_px4_bridge/install/examples_rclpy_minimal_action_server:/px4_uxrce/t265_px4_bridge/install/examples_rclpy_minimal_action_client:/px4_uxrce/t265_px4_bridge/install/examples_rclpy_guard_conditions:/px4_uxrce/t265_px4_bridge/install/examples_rclpy_executors:/opt/ros/humble:/px4_uxrce/t265_px4_bridge/install/t265_to_px4_bridge:/px4_uxrce/t265_px4_bridge/install/examples_rclcpp_wait_set:/px4_uxrce/t265_px4_bridge/install/examples_rclcpp_multithreaded_executor:/px4_uxrce/t265_px4_bridge/install/examples_rclcpp_minimal_timer:/px4_uxrce/t265_px4_bridge/install/examples_rclcpp_minimal_subscriber:/px4_uxrce/t265_px4_bridge/install/examples_rclcpp_minimal_service:/px4_uxrce/t265_px4_bridge/install/examples_rclcpp_minimal_publisher:/px4_uxrce/t265_px4_bridge/install/examples_rclcpp_minimal_composition:/px4_uxrce/t265_px4_bridge/install/examples_rclcpp_minimal_client:/px4_uxrce/t265_px4_bridge/install/examples_rclcpp_minimal_action_server:/px4_uxrce/t265_px4_bridge/install/examples_rclcpp_minimal_action_client:/px4_uxrce/t265_px4_bridge/install/examples_rclcpp_cbg_executor:/px4_uxrce/t265_px4_bridge/install/examples_rclcpp_async_client:/px4_uxrce/t265_px4_bridge/install/cpp_pubsub:/px4_uxrce/t265_px4_bridge/install/bridge_px4 /usr/bin/cmake --build /px4_uxrce/t265_px4_bridge/build/cpp_pubsub -- -j12 -l12
[9.999s] DEBUG:colcon.colcon_core.event_handler.log_command:Invoking command in '/px4_uxrce/t265_px4_bridge/build/cpp_pubsub': CMAKE_PREFIX_PATH=/px4_uxrce/t265_px4_bridge/install/px4_ros_com:/px4_uxrce/t265_px4_bridge/install/px4_msgs:/px4_uxrce/t265_px4_bridge/install/launch_testing_examples:/px4_uxrce/t265_px4_bridge/install/examples_rclpy_pointcloud_publisher:/px4_uxrce/t265_px4_bridge/install/examples_rclpy_minimal_subscriber:/px4_uxrce/t265_px4_bridge/install/examples_rclpy_minimal_service:/px4_uxrce/t265_px4_bridge/install/examples_rclpy_minimal_publisher:/px4_uxrce/t265_px4_bridge/install/examples_rclpy_minimal_client:/px4_uxrce/t265_px4_bridge/install/examples_rclpy_minimal_action_server:/px4_uxrce/t265_px4_bridge/install/examples_rclpy_minimal_action_client:/px4_uxrce/t265_px4_bridge/install/examples_rclpy_guard_conditions:/px4_uxrce/t265_px4_bridge/install/examples_rclpy_executors:/opt/ros/humble:/px4_uxrce/t265_px4_bridge/install/t265_to_px4_bridge:/px4_uxrce/t265_px4_bridge/install/examples_rclcpp_wait_set:/px4_uxrce/t265_px4_bridge/install/examples_rclcpp_multithreaded_executor:/px4_uxrce/t265_px4_bridge/install/examples_rclcpp_minimal_timer:/px4_uxrce/t265_px4_bridge/install/examples_rclcpp_minimal_subscriber:/px4_uxrce/t265_px4_bridge/install/examples_rclcpp_minimal_service:/px4_uxrce/t265_px4_bridge/install/examples_rclcpp_minimal_publisher:/px4_uxrce/t265_px4_bridge/install/examples_rclcpp_minimal_composition:/px4_uxrce/t265_px4_bridge/install/examples_rclcpp_minimal_client:/px4_uxrce/t265_px4_bridge/install/examples_rclcpp_minimal_action_server:/px4_uxrce/t265_px4_bridge/install/examples_rclcpp_minimal_action_client:/px4_uxrce/t265_px4_bridge/install/examples_rclcpp_cbg_executor:/px4_uxrce/t265_px4_bridge/install/examples_rclcpp_async_client:/px4_uxrce/t265_px4_bridge/install/cpp_pubsub:/px4_uxrce/t265_px4_bridge/install/bridge_px4 /usr/bin/cmake --install /px4_uxrce/t265_px4_bridge/build/cpp_pubsub
[10.013s] Level 1:colcon.colcon_core.environment:create_environment_scripts_only(cpp_pubsub)
[10.013s] Level 1:colcon.colcon_core.environment:checking '/px4_uxrce/t265_px4_bridge/install/cpp_pubsub' for CMake module files
[10.013s] DEBUG:colcon.colcon_core.event_handler.log_command:Invoked command in '/px4_uxrce/t265_px4_bridge/build/cpp_pubsub' returned '0': CMAKE_PREFIX_PATH=/px4_uxrce/t265_px4_bridge/install/px4_ros_com:/px4_uxrce/t265_px4_bridge/install/px4_msgs:/px4_uxrce/t265_px4_bridge/install/launch_testing_examples:/px4_uxrce/t265_px4_bridge/install/examples_rclpy_pointcloud_publisher:/px4_uxrce/t265_px4_bridge/install/examples_rclpy_minimal_subscriber:/px4_uxrce/t265_px4_bridge/install/examples_rclpy_minimal_service:/px4_uxrce/t265_px4_bridge/install/examples_rclpy_minimal_publisher:/px4_uxrce/t265_px4_bridge/install/examples_rclpy_minimal_client:/px4_uxrce/t265_px4_bridge/install/examples_rclpy_minimal_action_server:/px4_uxrce/t265_px4_bridge/install/examples_rclpy_minimal_action_client:/px4_uxrce/t265_px4_bridge/install/examples_rclpy_guard_conditions:/px4_uxrce/t265_px4_bridge/install/examples_rclpy_executors:/opt/ros/humble:/px4_uxrce/t265_px4_bridge/install/t265_to_px4_bridge:/px4_uxrce/t265_px4_bridge/install/examples_rclcpp_wait_set:/px4_uxrce/t265_px4_bridge/install/examples_rclcpp_multithreaded_executor:/px4_uxrce/t265_px4_bridge/install/examples_rclcpp_minimal_timer:/px4_uxrce/t265_px4_bridge/install/examples_rclcpp_minimal_subscriber:/px4_uxrce/t265_px4_bridge/install/examples_rclcpp_minimal_service:/px4_uxrce/t265_px4_bridge/install/examples_rclcpp_minimal_publisher:/px4_uxrce/t265_px4_bridge/install/examples_rclcpp_minimal_composition:/px4_uxrce/t265_px4_bridge/install/examples_rclcpp_minimal_client:/px4_uxrce/t265_px4_bridge/install/examples_rclcpp_minimal_action_server:/px4_uxrce/t265_px4_bridge/install/examples_rclcpp_minimal_action_client:/px4_uxrce/t265_px4_bridge/install/examples_rclcpp_cbg_executor:/px4_uxrce/t265_px4_bridge/install/examples_rclcpp_async_client:/px4_uxrce/t265_px4_bridge/install/cpp_pubsub:/px4_uxrce/t265_px4_bridge/install/bridge_px4 /usr/bin/cmake --install /px4_uxrce/t265_px4_bridge/build/cpp_pubsub
[10.014s] Level 1:colcon.colcon_core.environment:checking '/px4_uxrce/t265_px4_bridge/install/cpp_pubsub' for CMake config files
[10.014s] Level 1:colcon.colcon_core.shell:create_environment_hook('cpp_pubsub', 'cmake_prefix_path')
[10.014s] INFO:colcon.colcon_core.shell:Creating environment hook '/px4_uxrce/t265_px4_bridge/install/cpp_pubsub/share/cpp_pubsub/hook/cmake_prefix_path.ps1'
[10.015s] INFO:colcon.colcon_core.shell:Creating environment descriptor '/px4_uxrce/t265_px4_bridge/install/cpp_pubsub/share/cpp_pubsub/hook/cmake_prefix_path.dsv'
[10.015s] INFO:colcon.colcon_core.shell:Creating environment hook '/px4_uxrce/t265_px4_bridge/install/cpp_pubsub/share/cpp_pubsub/hook/cmake_prefix_path.sh'
[10.016s] Level 1:colcon.colcon_core.environment:checking '/px4_uxrce/t265_px4_bridge/install/cpp_pubsub/lib'
[10.016s] Level 1:colcon.colcon_core.environment:checking '/px4_uxrce/t265_px4_bridge/install/cpp_pubsub/bin'
[10.016s] Level 1:colcon.colcon_core.environment:checking '/px4_uxrce/t265_px4_bridge/install/cpp_pubsub/lib/pkgconfig/cpp_pubsub.pc'
[10.016s] Level 1:colcon.colcon_core.environment:checking '/px4_uxrce/t265_px4_bridge/install/cpp_pubsub/lib/python3.10/site-packages'
[10.016s] Level 1:colcon.colcon_core.environment:checking '/px4_uxrce/t265_px4_bridge/install/cpp_pubsub/bin'
[10.016s] INFO:colcon.colcon_core.shell:Creating package script '/px4_uxrce/t265_px4_bridge/install/cpp_pubsub/share/cpp_pubsub/package.ps1'
[10.017s] INFO:colcon.colcon_core.shell:Creating package descriptor '/px4_uxrce/t265_px4_bridge/install/cpp_pubsub/share/cpp_pubsub/package.dsv'
[10.017s] INFO:colcon.colcon_core.shell:Creating package script '/px4_uxrce/t265_px4_bridge/install/cpp_pubsub/share/cpp_pubsub/package.sh'
[10.018s] INFO:colcon.colcon_core.shell:Creating package script '/px4_uxrce/t265_px4_bridge/install/cpp_pubsub/share/cpp_pubsub/package.bash'
[10.018s] INFO:colcon.colcon_core.shell:Creating package script '/px4_uxrce/t265_px4_bridge/install/cpp_pubsub/share/cpp_pubsub/package.zsh'
[10.018s] Level 1:colcon.colcon_core.environment:create_file_with_runtime_dependencies(/px4_uxrce/t265_px4_bridge/install/cpp_pubsub/share/colcon-core/packages/cpp_pubsub)
[10.019s] Level 1:colcon.colcon_core.environment:create_environment_scripts_only(cpp_pubsub)
[10.019s] Level 1:colcon.colcon_core.environment:checking '/px4_uxrce/t265_px4_bridge/install/cpp_pubsub' for CMake module files
[10.020s] Level 1:colcon.colcon_core.environment:checking '/px4_uxrce/t265_px4_bridge/install/cpp_pubsub' for CMake config files
[10.020s] Level 1:colcon.colcon_core.shell:create_environment_hook('cpp_pubsub', 'cmake_prefix_path')
[10.020s] INFO:colcon.colcon_core.shell:Creating environment hook '/px4_uxrce/t265_px4_bridge/install/cpp_pubsub/share/cpp_pubsub/hook/cmake_prefix_path.ps1'
[10.020s] INFO:colcon.colcon_core.shell:Creating environment descriptor '/px4_uxrce/t265_px4_bridge/install/cpp_pubsub/share/cpp_pubsub/hook/cmake_prefix_path.dsv'
[10.021s] INFO:colcon.colcon_core.shell:Creating environment hook '/px4_uxrce/t265_px4_bridge/install/cpp_pubsub/share/cpp_pubsub/hook/cmake_prefix_path.sh'
[10.021s] Level 1:colcon.colcon_core.environment:checking '/px4_uxrce/t265_px4_bridge/install/cpp_pubsub/lib'
[10.021s] Level 1:colcon.colcon_core.environment:checking '/px4_uxrce/t265_px4_bridge/install/cpp_pubsub/bin'
[10.021s] Level 1:colcon.colcon_core.environment:checking '/px4_uxrce/t265_px4_bridge/install/cpp_pubsub/lib/pkgconfig/cpp_pubsub.pc'
[10.022s] Level 1:colcon.colcon_core.environment:checking '/px4_uxrce/t265_px4_bridge/install/cpp_pubsub/lib/python3.10/site-packages'
[10.022s] Level 1:colcon.colcon_core.environment:checking '/px4_uxrce/t265_px4_bridge/install/cpp_pubsub/bin'
[10.022s] INFO:colcon.colcon_core.shell:Creating package script '/px4_uxrce/t265_px4_bridge/install/cpp_pubsub/share/cpp_pubsub/package.ps1'
[10.023s] INFO:colcon.colcon_core.shell:Creating package descriptor '/px4_uxrce/t265_px4_bridge/install/cpp_pubsub/share/cpp_pubsub/package.dsv'
[10.023s] INFO:colcon.colcon_core.shell:Creating package script '/px4_uxrce/t265_px4_bridge/install/cpp_pubsub/share/cpp_pubsub/package.sh'
[10.024s] INFO:colcon.colcon_core.shell:Creating package script '/px4_uxrce/t265_px4_bridge/install/cpp_pubsub/share/cpp_pubsub/package.bash'
[10.024s] INFO:colcon.colcon_core.shell:Creating package script '/px4_uxrce/t265_px4_bridge/install/cpp_pubsub/share/cpp_pubsub/package.zsh'
[10.024s] Level 1:colcon.colcon_core.environment:create_file_with_runtime_dependencies(/px4_uxrce/t265_px4_bridge/install/cpp_pubsub/share/colcon-core/packages/cpp_pubsub)
[10.025s] DEBUG:colcon.colcon_parallel_executor.executor.parallel:closing loop
[10.025s] DEBUG:colcon.colcon_parallel_executor.executor.parallel:loop closed
[10.025s] DEBUG:colcon.colcon_parallel_executor.executor.parallel:run_until_complete finished with '0'
[10.025s] DEBUG:colcon.colcon_core.event_reactor:joining thread
[10.031s] INFO:colcon.colcon_core.plugin_system:Skipping extension 'colcon_notification.desktop_notification.notify_send': Could not find 'notify-send'
[10.031s] INFO:colcon.colcon_core.plugin_system:Skipping extension 'colcon_notification.desktop_notification.terminal_notifier': Not used on non-Darwin systems
[10.031s] INFO:colcon.colcon_core.plugin_system:Skipping extension 'colcon_notification.desktop_notification.win32': Not used on non-Windows systems
[10.031s] INFO:colcon.colcon_notification.desktop_notification:Sending desktop notification using 'notify2'
[10.033s] DEBUG:colcon.colcon_notification.desktop_notification.notify2:Failed to initialize notify2: org.freedesktop.DBus.Error.Spawn.ExecFailed: /usr/bin/dbus-launch terminated abnormally without any error message
[10.034s] DEBUG:colcon.colcon_core.event_reactor:joined thread
[10.034s] INFO:colcon.colcon_core.shell:Creating prefix script '/px4_uxrce/t265_px4_bridge/install/local_setup.ps1'
[10.035s] INFO:colcon.colcon_core.shell:Creating prefix util module '/px4_uxrce/t265_px4_bridge/install/_local_setup_util_ps1.py'
[10.037s] INFO:colcon.colcon_core.shell:Creating prefix chain script '/px4_uxrce/t265_px4_bridge/install/setup.ps1'
[10.039s] INFO:colcon.colcon_core.shell:Creating prefix script '/px4_uxrce/t265_px4_bridge/install/local_setup.sh'
[10.040s] INFO:colcon.colcon_core.shell:Creating prefix util module '/px4_uxrce/t265_px4_bridge/install/_local_setup_util_sh.py'
[10.040s] INFO:colcon.colcon_core.shell:Creating prefix chain script '/px4_uxrce/t265_px4_bridge/install/setup.sh'
[10.042s] INFO:colcon.colcon_core.shell:Creating prefix script '/px4_uxrce/t265_px4_bridge/install/local_setup.bash'
[10.043s] INFO:colcon.colcon_core.shell:Creating prefix chain script '/px4_uxrce/t265_px4_bridge/install/setup.bash'
[10.046s] INFO:colcon.colcon_core.shell:Creating prefix script '/px4_uxrce/t265_px4_bridge/install/local_setup.zsh'
[10.046s] INFO:colcon.colcon_core.shell:Creating prefix chain script '/px4_uxrce/t265_px4_bridge/install/setup.zsh'
