[0.136s] Invoking command in '/px4_uxrce/t265_px4_bridge/build/t265_to_px4_bridge': /usr/bin/cmake /px4_uxrce/t265_px4_bridge/src/t265_to_px4_bridge -DCATKIN_INSTALL_INTO_PREFIX_ROOT=0 -DCMAKE_INSTALL_PREFIX=/px4_uxrce/t265_px4_bridge/install/t265_to_px4_bridge
[0.449s] -- The C compiler identification is GNU 11.4.0
[0.866s] -- The CXX compiler identification is GNU 11.4.0
[0.890s] -- Detecting C compiler ABI info
[1.235s] -- Detecting C compiler ABI info - done
[1.284s] -- Check for working C compiler: /usr/bin/cc - skipped
[1.284s] -- Detecting C compile features
[1.298s] -- Detecting C compile features - done
[1.299s] -- Detecting CXX compiler ABI info
[1.885s] -- Detecting CXX compiler ABI info - done
[1.917s] -- Check for working CXX compiler: /usr/bin/c++ - skipped
[1.917s] -- Detecting CXX compile features
[1.921s] -- Detecting CXX compile features - done
[1.926s] -- Found ament_cmake: 1.3.11 (/opt/ros/humble/share/ament_cmake/cmake)
[2.570s] -- Found Python3: /usr/bin/python3 (found version "3.10.12") found components: Interpreter 
[2.911s] -- Found rclcpp: 16.0.11 (/opt/ros/humble/share/rclcpp/cmake)
[3.189s] -- Found rosidl_generator_c: 3.1.6 (/opt/ros/humble/share/rosidl_generator_c/cmake)
[3.199s] -- Found rosidl_adapter: 3.1.6 (/opt/ros/humble/share/rosidl_adapter/cmake)
[3.241s] -- Found rosidl_generator_cpp: 3.1.6 (/opt/ros/humble/share/rosidl_generator_cpp/cmake)
[3.295s] -- Using all available rosidl_typesupport_c: rosidl_typesupport_fastrtps_c;rosidl_typesupport_introspection_c
[3.367s] -- Using all available rosidl_typesupport_cpp: rosidl_typesupport_fastrtps_cpp;rosidl_typesupport_introspection_cpp
[3.600s] -- Found rmw_implementation_cmake: 6.1.2 (/opt/ros/humble/share/rmw_implementation_cmake/cmake)
[3.624s] -- Found rmw_fastrtps_cpp: 6.2.7 (/opt/ros/humble/share/rmw_fastrtps_cpp/cmake)
[4.245s] -- Found OpenSSL: /usr/lib/x86_64-linux-gnu/libcrypto.so (found version "3.0.2")  
[4.405s] -- Found FastRTPS: /opt/ros/humble/include  
[4.617s] -- Using RMW implementation 'rmw_fastrtps_cpp' as default
[4.675s] -- Looking for pthread.h
[5.191s] -- Looking for pthread.h - found
[5.192s] -- Performing Test CMAKE_HAVE_LIBC_PTHREAD
[5.724s] -- Performing Test CMAKE_HAVE_LIBC_PTHREAD - Success
[5.726s] -- Found Threads: TRUE  
[5.933s] -- Found nav_msgs: 4.2.4 (/opt/ros/humble/share/nav_msgs/cmake)
[6.021s] -- Found tf2: 0.25.12 (/opt/ros/humble/share/tf2/cmake)
[6.044s] -- Found tf2_geometry_msgs: 0.25.12 (/opt/ros/humble/share/tf2_geometry_msgs/cmake)
[6.097s] -- Found eigen3_cmake_module: 0.1.1 (/opt/ros/humble/share/eigen3_cmake_module/cmake)
[6.099s] -- Found Eigen3: TRUE (found version "3.4.0") 
[6.099s] -- Ensuring Eigen3 include directory is part of orocos-kdl CMake target
[6.615s] -- Configuring done
[6.686s] -- Generating done
[6.689s] [33mCMake Warning:
[6.694s]   Manually-specified variables were not used by the project:
[6.694s] 
[6.694s]     CATKIN_INSTALL_INTO_PREFIX_ROOT
[6.694s] 
[6.694s] [0m
[6.707s] -- Build files have been written to: /px4_uxrce/t265_px4_bridge/build/t265_to_px4_bridge
[6.733s] Invoked command in '/px4_uxrce/t265_px4_bridge/build/t265_to_px4_bridge' returned '0': /usr/bin/cmake /px4_uxrce/t265_px4_bridge/src/t265_to_px4_bridge -DCATKIN_INSTALL_INTO_PREFIX_ROOT=0 -DCMAKE_INSTALL_PREFIX=/px4_uxrce/t265_px4_bridge/install/t265_to_px4_bridge
[6.734s] Invoking command in '/px4_uxrce/t265_px4_bridge/build/t265_to_px4_bridge': /usr/bin/cmake --build /px4_uxrce/t265_px4_bridge/build/t265_to_px4_bridge -- -j12 -l12
[6.961s] [ 50%] [32mBuilding CXX object CMakeFiles/t265_to_px4_bridge.dir/src/t265_to_px4_bridge.cpp.o[0m
[17.202s] [100%] [32m[1mLinking CXX executable t265_to_px4_bridge[0m
[17.672s] [100%] Built target t265_to_px4_bridge
[17.682s] Invoked command in '/px4_uxrce/t265_px4_bridge/build/t265_to_px4_bridge' returned '0': /usr/bin/cmake --build /px4_uxrce/t265_px4_bridge/build/t265_to_px4_bridge -- -j12 -l12
[17.683s] Invoking command in '/px4_uxrce/t265_px4_bridge/build/t265_to_px4_bridge': /usr/bin/cmake --install /px4_uxrce/t265_px4_bridge/build/t265_to_px4_bridge
[17.690s] -- Install configuration: ""
[17.691s] -- Installing: /px4_uxrce/t265_px4_bridge/install/t265_to_px4_bridge/lib/t265_to_px4_bridge/t265_to_px4_bridge
[17.694s] -- Set runtime path of "/px4_uxrce/t265_px4_bridge/install/t265_to_px4_bridge/lib/t265_to_px4_bridge/t265_to_px4_bridge" to ""
[17.694s] -- Installing: /px4_uxrce/t265_px4_bridge/install/t265_to_px4_bridge/share/ament_index/resource_index/package_run_dependencies/t265_to_px4_bridge
[17.694s] -- Installing: /px4_uxrce/t265_px4_bridge/install/t265_to_px4_bridge/share/ament_index/resource_index/parent_prefix_path/t265_to_px4_bridge
[17.694s] -- Installing: /px4_uxrce/t265_px4_bridge/install/t265_to_px4_bridge/share/t265_to_px4_bridge/environment/ament_prefix_path.sh
[17.694s] -- Installing: /px4_uxrce/t265_px4_bridge/install/t265_to_px4_bridge/share/t265_to_px4_bridge/environment/ament_prefix_path.dsv
[17.694s] -- Installing: /px4_uxrce/t265_px4_bridge/install/t265_to_px4_bridge/share/t265_to_px4_bridge/environment/path.sh
[17.695s] -- Installing: /px4_uxrce/t265_px4_bridge/install/t265_to_px4_bridge/share/t265_to_px4_bridge/environment/path.dsv
[17.695s] -- Installing: /px4_uxrce/t265_px4_bridge/install/t265_to_px4_bridge/share/t265_to_px4_bridge/local_setup.bash
[17.695s] -- Installing: /px4_uxrce/t265_px4_bridge/install/t265_to_px4_bridge/share/t265_to_px4_bridge/local_setup.sh
[17.695s] -- Installing: /px4_uxrce/t265_px4_bridge/install/t265_to_px4_bridge/share/t265_to_px4_bridge/local_setup.zsh
[17.695s] -- Installing: /px4_uxrce/t265_px4_bridge/install/t265_to_px4_bridge/share/t265_to_px4_bridge/local_setup.dsv
[17.695s] -- Installing: /px4_uxrce/t265_px4_bridge/install/t265_to_px4_bridge/share/t265_to_px4_bridge/package.dsv
[17.695s] -- Installing: /px4_uxrce/t265_px4_bridge/install/t265_to_px4_bridge/share/ament_index/resource_index/packages/t265_to_px4_bridge
[17.695s] -- Installing: /px4_uxrce/t265_px4_bridge/install/t265_to_px4_bridge/share/t265_to_px4_bridge/cmake/ament_cmake_export_dependencies-extras.cmake
[17.696s] -- Installing: /px4_uxrce/t265_px4_bridge/install/t265_to_px4_bridge/share/t265_to_px4_bridge/cmake/t265_to_px4_bridgeConfig.cmake
[17.696s] -- Installing: /px4_uxrce/t265_px4_bridge/install/t265_to_px4_bridge/share/t265_to_px4_bridge/cmake/t265_to_px4_bridgeConfig-version.cmake
[17.696s] -- Installing: /px4_uxrce/t265_px4_bridge/install/t265_to_px4_bridge/share/t265_to_px4_bridge/package.xml
[17.698s] Invoked command in '/px4_uxrce/t265_px4_bridge/build/t265_to_px4_bridge' returned '0': /usr/bin/cmake --install /px4_uxrce/t265_px4_bridge/build/t265_to_px4_bridge
