[0.050s] Invoking command in '/px4_uxrce/t265_px4_bridge/build/examples_rclcpp_minimal_client': CMAKE_PREFIX_PATH=/opt/ros/humble:${CMAKE_PREFIX_PATH} /usr/bin/cmake /px4_uxrce/t265_px4_bridge/src/examples/rclcpp/services/minimal_client -DCMAKE_INSTALL_PREFIX=/px4_uxrce/t265_px4_bridge/install/examples_rclcpp_minimal_client
[0.170s] -- The C compiler identification is GNU 11.4.0
[0.265s] -- The CXX compiler identification is GNU 11.4.0
[0.290s] -- Detecting C compiler ABI info
[0.419s] -- Detecting C compiler ABI info - done
[0.448s] -- Check for working C compiler: /usr/bin/cc - skipped
[0.448s] -- Detecting C compile features
[0.448s] -- Detecting C compile features - done
[0.449s] -- Detecting CXX compiler ABI info
[0.578s] -- Detecting CXX compiler ABI info - done
[0.592s] -- Check for working CXX compiler: /usr/bin/c++ - skipped
[0.593s] -- Detecting CXX compile features
[0.594s] -- Detecting CXX compile features - done
[0.598s] -- Found ament_cmake: 1.3.11 (/opt/ros/humble/share/ament_cmake/cmake)
[0.818s] -- Found Python3: /usr/bin/python3 (found version "3.10.12") found components: Interpreter 
[0.961s] -- Found example_interfaces: 0.9.3 (/opt/ros/humble/share/example_interfaces/cmake)
[1.023s] -- Found rosidl_generator_c: 3.1.6 (/opt/ros/humble/share/rosidl_generator_c/cmake)
[1.029s] -- Found rosidl_adapter: 3.1.6 (/opt/ros/humble/share/rosidl_adapter/cmake)
[1.044s] -- Found rosidl_generator_cpp: 3.1.6 (/opt/ros/humble/share/rosidl_generator_cpp/cmake)
[1.093s] -- Using all available rosidl_typesupport_c: rosidl_typesupport_fastrtps_c;rosidl_typesupport_introspection_c
[1.136s] -- Using all available rosidl_typesupport_cpp: rosidl_typesupport_fastrtps_cpp;rosidl_typesupport_introspection_cpp
[1.237s] -- Found rclcpp: 16.0.11 (/opt/ros/humble/share/rclcpp/cmake)
[1.311s] -- Found rmw_implementation_cmake: 6.1.2 (/opt/ros/humble/share/rmw_implementation_cmake/cmake)
[1.315s] -- Found rmw_fastrtps_cpp: 6.2.7 (/opt/ros/humble/share/rmw_fastrtps_cpp/cmake)
[1.449s] -- Found OpenSSL: /usr/lib/x86_64-linux-gnu/libcrypto.so (found version "3.0.2")  
[1.479s] -- Found FastRTPS: /opt/ros/humble/include  
[1.536s] -- Using RMW implementation 'rmw_fastrtps_cpp' as default
[1.547s] -- Looking for pthread.h
[1.657s] -- Looking for pthread.h - found
[1.657s] -- Performing Test CMAKE_HAVE_LIBC_PTHREAD
[1.791s] -- Performing Test CMAKE_HAVE_LIBC_PTHREAD - Success
[1.791s] -- Found Threads: TRUE  
[1.898s] -- Found ament_lint_auto: 0.12.11 (/opt/ros/humble/share/ament_lint_auto/cmake)
[2.019s] -- Added test 'copyright' to check source files copyright and LICENSE
[2.020s] -- Added test 'cppcheck' to perform static code analysis on C / C++ code
[2.020s] -- Configured cppcheck include dirs: 
[2.021s] -- Configured cppcheck exclude dirs and/or files: 
[2.021s] -- Added test 'cpplint' to check C / C++ code against the Google style
[2.022s] -- Configured cpplint exclude dirs and/or files: 
[2.022s] -- Added test 'lint_cmake' to check CMake code style
[2.023s] -- Added test 'uncrustify' to check C / C++ code style
[2.024s] -- Configured uncrustify additional arguments: 
[2.024s] -- Added test 'xmllint' to check XML markup files
[2.026s] -- Configuring done
[2.041s] -- Generating done
[2.048s] -- Build files have been written to: /px4_uxrce/t265_px4_bridge/build/examples_rclcpp_minimal_client
[2.079s] Invoked command in '/px4_uxrce/t265_px4_bridge/build/examples_rclcpp_minimal_client' returned '0': CMAKE_PREFIX_PATH=/opt/ros/humble:${CMAKE_PREFIX_PATH} /usr/bin/cmake /px4_uxrce/t265_px4_bridge/src/examples/rclcpp/services/minimal_client -DCMAKE_INSTALL_PREFIX=/px4_uxrce/t265_px4_bridge/install/examples_rclcpp_minimal_client
[2.079s] Invoking command in '/px4_uxrce/t265_px4_bridge/build/examples_rclcpp_minimal_client': CMAKE_PREFIX_PATH=/opt/ros/humble:${CMAKE_PREFIX_PATH} /usr/bin/cmake --build /px4_uxrce/t265_px4_bridge/build/examples_rclcpp_minimal_client -- -j12 -l12
[2.197s] [ 50%] [32mBuilding CXX object CMakeFiles/client_main.dir/main.cpp.o[0m
[25.015s] [100%] [32m[1mLinking CXX executable client_main[0m
[25.830s] [100%] Built target client_main
[25.919s] Invoked command in '/px4_uxrce/t265_px4_bridge/build/examples_rclcpp_minimal_client' returned '0': CMAKE_PREFIX_PATH=/opt/ros/humble:${CMAKE_PREFIX_PATH} /usr/bin/cmake --build /px4_uxrce/t265_px4_bridge/build/examples_rclcpp_minimal_client -- -j12 -l12
[25.998s] Invoking command in '/px4_uxrce/t265_px4_bridge/build/examples_rclcpp_minimal_client': CMAKE_PREFIX_PATH=/opt/ros/humble:${CMAKE_PREFIX_PATH} /usr/bin/cmake --install /px4_uxrce/t265_px4_bridge/build/examples_rclcpp_minimal_client
[33.115s] -- Install configuration: ""
[33.116s] -- Installing: /px4_uxrce/t265_px4_bridge/install/examples_rclcpp_minimal_client/lib/examples_rclcpp_minimal_client/client_main
[33.116s] -- Set runtime path of "/px4_uxrce/t265_px4_bridge/install/examples_rclcpp_minimal_client/lib/examples_rclcpp_minimal_client/client_main" to ""
[33.116s] -- Installing: /px4_uxrce/t265_px4_bridge/install/examples_rclcpp_minimal_client/share/ament_index/resource_index/package_run_dependencies/examples_rclcpp_minimal_client
[33.116s] -- Installing: /px4_uxrce/t265_px4_bridge/install/examples_rclcpp_minimal_client/share/ament_index/resource_index/parent_prefix_path/examples_rclcpp_minimal_client
[33.116s] -- Installing: /px4_uxrce/t265_px4_bridge/install/examples_rclcpp_minimal_client/share/examples_rclcpp_minimal_client/environment/ament_prefix_path.sh
[33.116s] -- Installing: /px4_uxrce/t265_px4_bridge/install/examples_rclcpp_minimal_client/share/examples_rclcpp_minimal_client/environment/ament_prefix_path.dsv
[33.116s] -- Installing: /px4_uxrce/t265_px4_bridge/install/examples_rclcpp_minimal_client/share/examples_rclcpp_minimal_client/environment/path.sh
[33.116s] -- Installing: /px4_uxrce/t265_px4_bridge/install/examples_rclcpp_minimal_client/share/examples_rclcpp_minimal_client/environment/path.dsv
[33.117s] -- Installing: /px4_uxrce/t265_px4_bridge/install/examples_rclcpp_minimal_client/share/examples_rclcpp_minimal_client/local_setup.bash
[33.117s] -- Installing: /px4_uxrce/t265_px4_bridge/install/examples_rclcpp_minimal_client/share/examples_rclcpp_minimal_client/local_setup.sh
[33.117s] -- Installing: /px4_uxrce/t265_px4_bridge/install/examples_rclcpp_minimal_client/share/examples_rclcpp_minimal_client/local_setup.zsh
[33.117s] -- Installing: /px4_uxrce/t265_px4_bridge/install/examples_rclcpp_minimal_client/share/examples_rclcpp_minimal_client/local_setup.dsv
[33.117s] -- Installing: /px4_uxrce/t265_px4_bridge/install/examples_rclcpp_minimal_client/share/examples_rclcpp_minimal_client/package.dsv
[33.117s] -- Installing: /px4_uxrce/t265_px4_bridge/install/examples_rclcpp_minimal_client/share/ament_index/resource_index/packages/examples_rclcpp_minimal_client
[33.117s] -- Installing: /px4_uxrce/t265_px4_bridge/install/examples_rclcpp_minimal_client/share/examples_rclcpp_minimal_client/cmake/examples_rclcpp_minimal_clientConfig.cmake
[33.117s] -- Installing: /px4_uxrce/t265_px4_bridge/install/examples_rclcpp_minimal_client/share/examples_rclcpp_minimal_client/cmake/examples_rclcpp_minimal_clientConfig-version.cmake
[33.117s] -- Installing: /px4_uxrce/t265_px4_bridge/install/examples_rclcpp_minimal_client/share/examples_rclcpp_minimal_client/package.xml
[33.195s] Invoked command in '/px4_uxrce/t265_px4_bridge/build/examples_rclcpp_minimal_client' returned '0': CMAKE_PREFIX_PATH=/opt/ros/humble:${CMAKE_PREFIX_PATH} /usr/bin/cmake --install /px4_uxrce/t265_px4_bridge/build/examples_rclcpp_minimal_client
