-- Found ament_cmake: 1.3.11 (/opt/ros/humble/share/ament_cmake/cmake)
-- Found rclcpp: 16.0.11 (/opt/ros/humble/share/rclcpp/cmake)
-- Found rosidl_generator_c: 3.1.6 (/opt/ros/humble/share/rosidl_generator_c/cmake)
-- Found rosidl_adapter: 3.1.6 (/opt/ros/humble/share/rosidl_adapter/cmake)
-- Found rosidl_generator_cpp: 3.1.6 (/opt/ros/humble/share/rosidl_generator_cpp/cmake)
-- Using all available rosidl_typesupport_c: rosidl_typesupport_fastrtps_c;rosidl_typesupport_introspection_c
-- Using all available rosidl_typesupport_cpp: rosidl_typesupport_fastrtps_cpp;rosidl_typesupport_introspection_cpp
-- Found rmw_implementation_cmake: 6.1.2 (/opt/ros/humble/share/rmw_implementation_cmake/cmake)
-- Found rmw_fastrtps_cpp: 6.2.7 (/opt/ros/humble/share/rmw_fastrtps_cpp/cmake)
-- Using RMW implementation 'rmw_fastrtps_cpp' as default
-- Found nav_msgs: 4.2.4 (/opt/ros/humble/share/nav_msgs/cmake)
-- Found tf2: 0.25.12 (/opt/ros/humble/share/tf2/cmake)
-- Found tf2_geometry_msgs: 0.25.12 (/opt/ros/humble/share/tf2_geometry_msgs/cmake)
-- Found eigen3_cmake_module: 0.1.1 (/opt/ros/humble/share/eigen3_cmake_module/cmake)
-- Found Eigen3: TRUE (found version "3.4.0") 
-- Ensuring Eigen3 include directory is part of orocos-kdl CMake target
-- Configuring done
-- Generating done
-- Build files have been written to: /px4_uxrce/t265_px4_bridge/build/cpp_pubsub
[35m[1mConsolidate compiler generated dependencies of target talker[0m
[35m[1mConsolidate compiler generated dependencies of target listener[0m
[ 25%] [32mBuilding CXX object CMakeFiles/talker.dir/src/publisher_member_function.cpp.o[0m
[ 75%] Built target listener
[100%] [32m[1mLinking CXX executable talker[0m
[100%] Built target talker
-- Install configuration: ""
-- Installing: /px4_uxrce/t265_px4_bridge/install/cpp_pubsub/lib/cpp_pubsub/talker
-- Set runtime path of "/px4_uxrce/t265_px4_bridge/install/cpp_pubsub/lib/cpp_pubsub/talker" to ""
-- Up-to-date: /px4_uxrce/t265_px4_bridge/install/cpp_pubsub/lib/cpp_pubsub/talker
-- Up-to-date: /px4_uxrce/t265_px4_bridge/install/cpp_pubsub/lib/cpp_pubsub/listener
-- Installing: /px4_uxrce/t265_px4_bridge/install/cpp_pubsub/share/ament_index/resource_index/package_run_dependencies/cpp_pubsub
-- Installing: /px4_uxrce/t265_px4_bridge/install/cpp_pubsub/share/ament_index/resource_index/parent_prefix_path/cpp_pubsub
-- Up-to-date: /px4_uxrce/t265_px4_bridge/install/cpp_pubsub/share/cpp_pubsub/environment/ament_prefix_path.sh
-- Installing: /px4_uxrce/t265_px4_bridge/install/cpp_pubsub/share/cpp_pubsub/environment/ament_prefix_path.dsv
-- Up-to-date: /px4_uxrce/t265_px4_bridge/install/cpp_pubsub/share/cpp_pubsub/environment/path.sh
-- Installing: /px4_uxrce/t265_px4_bridge/install/cpp_pubsub/share/cpp_pubsub/environment/path.dsv
-- Up-to-date: /px4_uxrce/t265_px4_bridge/install/cpp_pubsub/share/cpp_pubsub/local_setup.bash
-- Up-to-date: /px4_uxrce/t265_px4_bridge/install/cpp_pubsub/share/cpp_pubsub/local_setup.sh
-- Up-to-date: /px4_uxrce/t265_px4_bridge/install/cpp_pubsub/share/cpp_pubsub/local_setup.zsh
-- Installing: /px4_uxrce/t265_px4_bridge/install/cpp_pubsub/share/cpp_pubsub/local_setup.dsv
-- Installing: /px4_uxrce/t265_px4_bridge/install/cpp_pubsub/share/cpp_pubsub/package.dsv
-- Up-to-date: /px4_uxrce/t265_px4_bridge/install/cpp_pubsub/share/ament_index/resource_index/packages/cpp_pubsub
-- Up-to-date: /px4_uxrce/t265_px4_bridge/install/cpp_pubsub/share/cpp_pubsub/cmake/cpp_pubsubConfig.cmake
-- Up-to-date: /px4_uxrce/t265_px4_bridge/install/cpp_pubsub/share/cpp_pubsub/cmake/cpp_pubsubConfig-version.cmake
-- Installing: /px4_uxrce/t265_px4_bridge/install/cpp_pubsub/share/cpp_pubsub/package.xml
