[0.023s] Invoking command in '/px4_uxrce/new/px4-offboard_ws/build/mpc_msgs': CMAKE_PREFIX_PATH=${CMAKE_PREFIX_PATH}:/opt/ros/humble:/px4_uxrce/new/px4-offboard_ws/install/px4_mpc:/px4_uxrce/new/px4-offboard_ws/install/px4_offboard /usr/bin/cmake --build /px4_uxrce/new/px4-offboard_ws/build/mpc_msgs -- -j12 -l12
[0.130s] [  3%] Built target mpc_msgs__cpp
[0.169s] [  3%] Built target ament_cmake_python_copy_mpc_msgs
[0.205s] [ 12%] Built target mpc_msgs__rosidl_typesupport_introspection_cpp
[0.683s] running egg_info
[0.685s] writing mpc_msgs.egg-info/PKG-INFO
[0.685s] writing dependency_links to mpc_msgs.egg-info/dependency_links.txt
[0.685s] writing top-level names to mpc_msgs.egg-info/top_level.txt
[0.690s] reading manifest file 'mpc_msgs.egg-info/SOURCES.txt'
[0.691s] writing manifest file 'mpc_msgs.egg-info/SOURCES.txt'
[0.739s] [ 12%] Built target ament_cmake_python_build_mpc_msgs_egg
[0.777s] [ 22%] Built target mpc_msgs__rosidl_typesupport_fastrtps_cpp
[0.808s] [ 32%] Built target mpc_msgs__rosidl_typesupport_cpp
[0.841s] [ 41%] Built target mpc_msgs__rosidl_generator_c
[0.883s] [ 51%] Built target mpc_msgs__rosidl_typesupport_fastrtps_c
[0.920s] [ 61%] Built target mpc_msgs__rosidl_typesupport_c
[0.952s] [ 70%] Built target mpc_msgs__rosidl_typesupport_introspection_c
[0.979s] [ 70%] Built target mpc_msgs
[1.012s] [ 74%] Built target mpc_msgs__py
[1.051s] [ 80%] Built target mpc_msgs__rosidl_generator_py
[1.100s] [ 87%] Built target mpc_msgs__rosidl_typesupport_fastrtps_c__pyext
[1.164s] [ 93%] Built target mpc_msgs__rosidl_typesupport_c__pyext
[1.213s] [100%] Built target mpc_msgs__rosidl_typesupport_introspection_c__pyext
[1.247s] Invoked command in '/px4_uxrce/new/px4-offboard_ws/build/mpc_msgs' returned '0': CMAKE_PREFIX_PATH=${CMAKE_PREFIX_PATH}:/opt/ros/humble:/px4_uxrce/new/px4-offboard_ws/install/px4_mpc:/px4_uxrce/new/px4-offboard_ws/install/px4_offboard /usr/bin/cmake --build /px4_uxrce/new/px4-offboard_ws/build/mpc_msgs -- -j12 -l12
[1.262s] Invoking command in '/px4_uxrce/new/px4-offboard_ws/build/mpc_msgs': CMAKE_PREFIX_PATH=${CMAKE_PREFIX_PATH}:/opt/ros/humble:/px4_uxrce/new/px4-offboard_ws/install/px4_mpc:/px4_uxrce/new/px4-offboard_ws/install/px4_offboard /usr/bin/cmake --install /px4_uxrce/new/px4-offboard_ws/build/mpc_msgs
[1.277s] -- Install configuration: ""
[1.277s] -- Up-to-date: /px4_uxrce/new/px4-offboard_ws/install/mpc_msgs/share/ament_index/resource_index/rosidl_interfaces/mpc_msgs
[1.278s] -- Up-to-date: /px4_uxrce/new/px4-offboard_ws/install/mpc_msgs/include/mpc_msgs/mpc_msgs
[1.278s] -- Up-to-date: /px4_uxrce/new/px4-offboard_ws/install/mpc_msgs/include/mpc_msgs/mpc_msgs/srv
[1.278s] -- Up-to-date: /px4_uxrce/new/px4-offboard_ws/install/mpc_msgs/include/mpc_msgs/mpc_msgs/srv/detail
[1.278s] -- Up-to-date: /px4_uxrce/new/px4-offboard_ws/install/mpc_msgs/include/mpc_msgs/mpc_msgs/srv/detail/set_pose__type_support.h
[1.278s] -- Up-to-date: /px4_uxrce/new/px4-offboard_ws/install/mpc_msgs/include/mpc_msgs/mpc_msgs/srv/detail/set_pose__struct.h
[1.278s] -- Up-to-date: /px4_uxrce/new/px4-offboard_ws/install/mpc_msgs/include/mpc_msgs/mpc_msgs/srv/detail/set_pose__functions.c
[1.278s] -- Up-to-date: /px4_uxrce/new/px4-offboard_ws/install/mpc_msgs/include/mpc_msgs/mpc_msgs/srv/detail/set_pose__functions.h
[1.278s] -- Up-to-date: /px4_uxrce/new/px4-offboard_ws/install/mpc_msgs/include/mpc_msgs/mpc_msgs/srv/set_pose.h
[1.278s] -- Up-to-date: /px4_uxrce/new/px4-offboard_ws/install/mpc_msgs/include/mpc_msgs/mpc_msgs/msg
[1.279s] -- Up-to-date: /px4_uxrce/new/px4-offboard_ws/install/mpc_msgs/include/mpc_msgs/mpc_msgs/msg/rosidl_generator_c__visibility_control.h
[1.279s] -- Up-to-date: /px4_uxrce/new/px4-offboard_ws/install/mpc_msgs/share/mpc_msgs/environment/library_path.sh
[1.279s] -- Up-to-date: /px4_uxrce/new/px4-offboard_ws/install/mpc_msgs/share/mpc_msgs/environment/library_path.dsv
[1.279s] -- Up-to-date: /px4_uxrce/new/px4-offboard_ws/install/mpc_msgs/lib/libmpc_msgs__rosidl_generator_c.so
[1.279s] -- Up-to-date: /px4_uxrce/new/px4-offboard_ws/install/mpc_msgs/include/mpc_msgs/mpc_msgs
[1.279s] -- Up-to-date: /px4_uxrce/new/px4-offboard_ws/install/mpc_msgs/include/mpc_msgs/mpc_msgs/srv
[1.279s] -- Up-to-date: /px4_uxrce/new/px4-offboard_ws/install/mpc_msgs/include/mpc_msgs/mpc_msgs/srv/detail
[1.280s] -- Up-to-date: /px4_uxrce/new/px4-offboard_ws/install/mpc_msgs/include/mpc_msgs/mpc_msgs/srv/detail/set_pose__rosidl_typesupport_fastrtps_c.h
[1.280s] -- Up-to-date: /px4_uxrce/new/px4-offboard_ws/install/mpc_msgs/include/mpc_msgs/mpc_msgs/msg
[1.280s] -- Up-to-date: /px4_uxrce/new/px4-offboard_ws/install/mpc_msgs/include/mpc_msgs/mpc_msgs/msg/rosidl_typesupport_fastrtps_c__visibility_control.h
[1.280s] -- Up-to-date: /px4_uxrce/new/px4-offboard_ws/install/mpc_msgs/lib/libmpc_msgs__rosidl_typesupport_fastrtps_c.so
[1.280s] -- Up-to-date: /px4_uxrce/new/px4-offboard_ws/install/mpc_msgs/include/mpc_msgs/mpc_msgs
[1.280s] -- Up-to-date: /px4_uxrce/new/px4-offboard_ws/install/mpc_msgs/include/mpc_msgs/mpc_msgs/srv
[1.281s] -- Up-to-date: /px4_uxrce/new/px4-offboard_ws/install/mpc_msgs/include/mpc_msgs/mpc_msgs/srv/set_pose.hpp
[1.281s] -- Up-to-date: /px4_uxrce/new/px4-offboard_ws/install/mpc_msgs/include/mpc_msgs/mpc_msgs/srv/detail
[1.281s] -- Up-to-date: /px4_uxrce/new/px4-offboard_ws/install/mpc_msgs/include/mpc_msgs/mpc_msgs/srv/detail/set_pose__builder.hpp
[1.281s] -- Up-to-date: /px4_uxrce/new/px4-offboard_ws/install/mpc_msgs/include/mpc_msgs/mpc_msgs/srv/detail/set_pose__type_support.hpp
[1.281s] -- Up-to-date: /px4_uxrce/new/px4-offboard_ws/install/mpc_msgs/include/mpc_msgs/mpc_msgs/srv/detail/set_pose__traits.hpp
[1.282s] -- Up-to-date: /px4_uxrce/new/px4-offboard_ws/install/mpc_msgs/include/mpc_msgs/mpc_msgs/srv/detail/set_pose__struct.hpp
[1.282s] -- Up-to-date: /px4_uxrce/new/px4-offboard_ws/install/mpc_msgs/include/mpc_msgs/mpc_msgs/msg
[1.282s] -- Up-to-date: /px4_uxrce/new/px4-offboard_ws/install/mpc_msgs/include/mpc_msgs/mpc_msgs/msg/rosidl_generator_cpp__visibility_control.hpp
[1.282s] -- Up-to-date: /px4_uxrce/new/px4-offboard_ws/install/mpc_msgs/include/mpc_msgs/mpc_msgs
[1.282s] -- Up-to-date: /px4_uxrce/new/px4-offboard_ws/install/mpc_msgs/include/mpc_msgs/mpc_msgs/srv
[1.282s] -- Up-to-date: /px4_uxrce/new/px4-offboard_ws/install/mpc_msgs/include/mpc_msgs/mpc_msgs/srv/detail
[1.282s] -- Up-to-date: /px4_uxrce/new/px4-offboard_ws/install/mpc_msgs/include/mpc_msgs/mpc_msgs/srv/detail/set_pose__rosidl_typesupport_fastrtps_cpp.hpp
[1.282s] -- Up-to-date: /px4_uxrce/new/px4-offboard_ws/install/mpc_msgs/include/mpc_msgs/mpc_msgs/srv/detail/dds_fastrtps
[1.283s] -- Up-to-date: /px4_uxrce/new/px4-offboard_ws/install/mpc_msgs/include/mpc_msgs/mpc_msgs/msg
[1.283s] -- Up-to-date: /px4_uxrce/new/px4-offboard_ws/install/mpc_msgs/include/mpc_msgs/mpc_msgs/msg/rosidl_typesupport_fastrtps_cpp__visibility_control.h
[1.283s] -- Up-to-date: /px4_uxrce/new/px4-offboard_ws/install/mpc_msgs/lib/libmpc_msgs__rosidl_typesupport_fastrtps_cpp.so
[1.283s] -- Up-to-date: /px4_uxrce/new/px4-offboard_ws/install/mpc_msgs/include/mpc_msgs/mpc_msgs
[1.283s] -- Up-to-date: /px4_uxrce/new/px4-offboard_ws/install/mpc_msgs/include/mpc_msgs/mpc_msgs/srv
[1.283s] -- Up-to-date: /px4_uxrce/new/px4-offboard_ws/install/mpc_msgs/include/mpc_msgs/mpc_msgs/srv/detail
[1.283s] -- Up-to-date: /px4_uxrce/new/px4-offboard_ws/install/mpc_msgs/include/mpc_msgs/mpc_msgs/srv/detail/set_pose__rosidl_typesupport_introspection_c.h
[1.284s] -- Up-to-date: /px4_uxrce/new/px4-offboard_ws/install/mpc_msgs/include/mpc_msgs/mpc_msgs/srv/detail/set_pose__type_support.c
[1.284s] -- Up-to-date: /px4_uxrce/new/px4-offboard_ws/install/mpc_msgs/include/mpc_msgs/mpc_msgs/msg
[1.284s] -- Up-to-date: /px4_uxrce/new/px4-offboard_ws/install/mpc_msgs/include/mpc_msgs/mpc_msgs/msg/rosidl_typesupport_introspection_c__visibility_control.h
[1.284s] -- Up-to-date: /px4_uxrce/new/px4-offboard_ws/install/mpc_msgs/lib/libmpc_msgs__rosidl_typesupport_introspection_c.so
[1.284s] -- Up-to-date: /px4_uxrce/new/px4-offboard_ws/install/mpc_msgs/lib/libmpc_msgs__rosidl_typesupport_c.so
[1.284s] -- Up-to-date: /px4_uxrce/new/px4-offboard_ws/install/mpc_msgs/include/mpc_msgs/mpc_msgs
[1.284s] -- Up-to-date: /px4_uxrce/new/px4-offboard_ws/install/mpc_msgs/include/mpc_msgs/mpc_msgs/srv
[1.285s] -- Up-to-date: /px4_uxrce/new/px4-offboard_ws/install/mpc_msgs/include/mpc_msgs/mpc_msgs/srv/detail
[1.285s] -- Up-to-date: /px4_uxrce/new/px4-offboard_ws/install/mpc_msgs/include/mpc_msgs/mpc_msgs/srv/detail/set_pose__rosidl_typesupport_introspection_cpp.hpp
[1.285s] -- Up-to-date: /px4_uxrce/new/px4-offboard_ws/install/mpc_msgs/include/mpc_msgs/mpc_msgs/srv/detail/set_pose__type_support.cpp
[1.285s] -- Up-to-date: /px4_uxrce/new/px4-offboard_ws/install/mpc_msgs/lib/libmpc_msgs__rosidl_typesupport_introspection_cpp.so
[1.285s] -- Up-to-date: /px4_uxrce/new/px4-offboard_ws/install/mpc_msgs/lib/libmpc_msgs__rosidl_typesupport_cpp.so
[1.285s] -- Up-to-date: /px4_uxrce/new/px4-offboard_ws/install/mpc_msgs/share/mpc_msgs/environment/pythonpath.sh
[1.285s] -- Up-to-date: /px4_uxrce/new/px4-offboard_ws/install/mpc_msgs/share/mpc_msgs/environment/pythonpath.dsv
[1.285s] -- Up-to-date: /px4_uxrce/new/px4-offboard_ws/install/mpc_msgs/local/lib/python3.10/dist-packages/mpc_msgs-0.0.0-py3.10.egg-info
[1.285s] -- Installing: /px4_uxrce/new/px4-offboard_ws/install/mpc_msgs/local/lib/python3.10/dist-packages/mpc_msgs-0.0.0-py3.10.egg-info/dependency_links.txt
[1.285s] -- Installing: /px4_uxrce/new/px4-offboard_ws/install/mpc_msgs/local/lib/python3.10/dist-packages/mpc_msgs-0.0.0-py3.10.egg-info/top_level.txt
[1.285s] -- Installing: /px4_uxrce/new/px4-offboard_ws/install/mpc_msgs/local/lib/python3.10/dist-packages/mpc_msgs-0.0.0-py3.10.egg-info/PKG-INFO
[1.286s] -- Installing: /px4_uxrce/new/px4-offboard_ws/install/mpc_msgs/local/lib/python3.10/dist-packages/mpc_msgs-0.0.0-py3.10.egg-info/SOURCES.txt
[1.286s] -- Up-to-date: /px4_uxrce/new/px4-offboard_ws/install/mpc_msgs/local/lib/python3.10/dist-packages/mpc_msgs
[1.286s] -- Up-to-date: /px4_uxrce/new/px4-offboard_ws/install/mpc_msgs/local/lib/python3.10/dist-packages/mpc_msgs/libmpc_msgs__rosidl_generator_py.so
[1.286s] -- Up-to-date: /px4_uxrce/new/px4-offboard_ws/install/mpc_msgs/local/lib/python3.10/dist-packages/mpc_msgs/mpc_msgs_s__rosidl_typesupport_c.cpython-310-x86_64-linux-gnu.so
[1.286s] -- Up-to-date: /px4_uxrce/new/px4-offboard_ws/install/mpc_msgs/local/lib/python3.10/dist-packages/mpc_msgs/_mpc_msgs_s.ep.rosidl_typesupport_c.c
[1.286s] -- Up-to-date: /px4_uxrce/new/px4-offboard_ws/install/mpc_msgs/local/lib/python3.10/dist-packages/mpc_msgs/srv
[1.286s] -- Up-to-date: /px4_uxrce/new/px4-offboard_ws/install/mpc_msgs/local/lib/python3.10/dist-packages/mpc_msgs/srv/_set_pose_s.c
[1.286s] -- Up-to-date: /px4_uxrce/new/px4-offboard_ws/install/mpc_msgs/local/lib/python3.10/dist-packages/mpc_msgs/srv/_set_pose.py
[1.286s] -- Up-to-date: /px4_uxrce/new/px4-offboard_ws/install/mpc_msgs/local/lib/python3.10/dist-packages/mpc_msgs/srv/__init__.py
[1.286s] -- Up-to-date: /px4_uxrce/new/px4-offboard_ws/install/mpc_msgs/local/lib/python3.10/dist-packages/mpc_msgs/__init__.py
[1.287s] -- Up-to-date: /px4_uxrce/new/px4-offboard_ws/install/mpc_msgs/local/lib/python3.10/dist-packages/mpc_msgs/_mpc_msgs_s.ep.rosidl_typesupport_fastrtps_c.c
[1.287s] -- Up-to-date: /px4_uxrce/new/px4-offboard_ws/install/mpc_msgs/local/lib/python3.10/dist-packages/mpc_msgs/_mpc_msgs_s.ep.rosidl_typesupport_introspection_c.c
[1.287s] -- Up-to-date: /px4_uxrce/new/px4-offboard_ws/install/mpc_msgs/local/lib/python3.10/dist-packages/mpc_msgs/mpc_msgs_s__rosidl_typesupport_fastrtps_c.cpython-310-x86_64-linux-gnu.so
[1.287s] -- Up-to-date: /px4_uxrce/new/px4-offboard_ws/install/mpc_msgs/local/lib/python3.10/dist-packages/mpc_msgs/mpc_msgs_s__rosidl_typesupport_introspection_c.cpython-310-x86_64-linux-gnu.so
[1.343s] Listing '/px4_uxrce/new/px4-offboard_ws/install/mpc_msgs/local/lib/python3.10/dist-packages/mpc_msgs'...
[1.343s] Listing '/px4_uxrce/new/px4-offboard_ws/install/mpc_msgs/local/lib/python3.10/dist-packages/mpc_msgs/srv'...
[1.353s] -- Up-to-date: /px4_uxrce/new/px4-offboard_ws/install/mpc_msgs/local/lib/python3.10/dist-packages/mpc_msgs/mpc_msgs_s__rosidl_typesupport_fastrtps_c.cpython-310-x86_64-linux-gnu.so
[1.353s] -- Up-to-date: /px4_uxrce/new/px4-offboard_ws/install/mpc_msgs/local/lib/python3.10/dist-packages/mpc_msgs/mpc_msgs_s__rosidl_typesupport_introspection_c.cpython-310-x86_64-linux-gnu.so
[1.353s] -- Up-to-date: /px4_uxrce/new/px4-offboard_ws/install/mpc_msgs/local/lib/python3.10/dist-packages/mpc_msgs/mpc_msgs_s__rosidl_typesupport_c.cpython-310-x86_64-linux-gnu.so
[1.354s] -- Up-to-date: /px4_uxrce/new/px4-offboard_ws/install/mpc_msgs/lib/libmpc_msgs__rosidl_generator_py.so
[1.354s] -- Up-to-date: /px4_uxrce/new/px4-offboard_ws/install/mpc_msgs/share/mpc_msgs/srv/SetPose.idl
[1.354s] -- Up-to-date: /px4_uxrce/new/px4-offboard_ws/install/mpc_msgs/share/mpc_msgs/srv/SetPose.srv
[1.354s] -- Up-to-date: /px4_uxrce/new/px4-offboard_ws/install/mpc_msgs/share/mpc_msgs/srv/SetPose_Request.msg
[1.354s] -- Up-to-date: /px4_uxrce/new/px4-offboard_ws/install/mpc_msgs/share/mpc_msgs/srv/SetPose_Response.msg
[1.354s] -- Up-to-date: /px4_uxrce/new/px4-offboard_ws/install/mpc_msgs/share/ament_index/resource_index/package_run_dependencies/mpc_msgs
[1.354s] -- Up-to-date: /px4_uxrce/new/px4-offboard_ws/install/mpc_msgs/share/ament_index/resource_index/parent_prefix_path/mpc_msgs
[1.354s] -- Up-to-date: /px4_uxrce/new/px4-offboard_ws/install/mpc_msgs/share/mpc_msgs/environment/ament_prefix_path.sh
[1.354s] -- Up-to-date: /px4_uxrce/new/px4-offboard_ws/install/mpc_msgs/share/mpc_msgs/environment/ament_prefix_path.dsv
[1.354s] -- Up-to-date: /px4_uxrce/new/px4-offboard_ws/install/mpc_msgs/share/mpc_msgs/environment/path.sh
[1.354s] -- Up-to-date: /px4_uxrce/new/px4-offboard_ws/install/mpc_msgs/share/mpc_msgs/environment/path.dsv
[1.354s] -- Up-to-date: /px4_uxrce/new/px4-offboard_ws/install/mpc_msgs/share/mpc_msgs/local_setup.bash
[1.355s] -- Up-to-date: /px4_uxrce/new/px4-offboard_ws/install/mpc_msgs/share/mpc_msgs/local_setup.sh
[1.355s] -- Up-to-date: /px4_uxrce/new/px4-offboard_ws/install/mpc_msgs/share/mpc_msgs/local_setup.zsh
[1.355s] -- Up-to-date: /px4_uxrce/new/px4-offboard_ws/install/mpc_msgs/share/mpc_msgs/local_setup.dsv
[1.355s] -- Installing: /px4_uxrce/new/px4-offboard_ws/install/mpc_msgs/share/mpc_msgs/package.dsv
[1.356s] -- Up-to-date: /px4_uxrce/new/px4-offboard_ws/install/mpc_msgs/share/ament_index/resource_index/packages/mpc_msgs
[1.357s] -- Up-to-date: /px4_uxrce/new/px4-offboard_ws/install/mpc_msgs/share/mpc_msgs/cmake/export_mpc_msgs__rosidl_generator_cExport.cmake
[1.357s] -- Up-to-date: /px4_uxrce/new/px4-offboard_ws/install/mpc_msgs/share/mpc_msgs/cmake/export_mpc_msgs__rosidl_generator_cExport-noconfig.cmake
[1.357s] -- Up-to-date: /px4_uxrce/new/px4-offboard_ws/install/mpc_msgs/share/mpc_msgs/cmake/export_mpc_msgs__rosidl_typesupport_fastrtps_cExport.cmake
[1.357s] -- Up-to-date: /px4_uxrce/new/px4-offboard_ws/install/mpc_msgs/share/mpc_msgs/cmake/export_mpc_msgs__rosidl_typesupport_fastrtps_cExport-noconfig.cmake
[1.357s] -- Up-to-date: /px4_uxrce/new/px4-offboard_ws/install/mpc_msgs/share/mpc_msgs/cmake/export_mpc_msgs__rosidl_generator_cppExport.cmake
[1.358s] -- Up-to-date: /px4_uxrce/new/px4-offboard_ws/install/mpc_msgs/share/mpc_msgs/cmake/export_mpc_msgs__rosidl_typesupport_fastrtps_cppExport.cmake
[1.358s] -- Up-to-date: /px4_uxrce/new/px4-offboard_ws/install/mpc_msgs/share/mpc_msgs/cmake/export_mpc_msgs__rosidl_typesupport_fastrtps_cppExport-noconfig.cmake
[1.358s] -- Up-to-date: /px4_uxrce/new/px4-offboard_ws/install/mpc_msgs/share/mpc_msgs/cmake/mpc_msgs__rosidl_typesupport_introspection_cExport.cmake
[1.358s] -- Up-to-date: /px4_uxrce/new/px4-offboard_ws/install/mpc_msgs/share/mpc_msgs/cmake/mpc_msgs__rosidl_typesupport_introspection_cExport-noconfig.cmake
[1.359s] -- Up-to-date: /px4_uxrce/new/px4-offboard_ws/install/mpc_msgs/share/mpc_msgs/cmake/mpc_msgs__rosidl_typesupport_cExport.cmake
[1.359s] -- Up-to-date: /px4_uxrce/new/px4-offboard_ws/install/mpc_msgs/share/mpc_msgs/cmake/mpc_msgs__rosidl_typesupport_cExport-noconfig.cmake
[1.359s] -- Up-to-date: /px4_uxrce/new/px4-offboard_ws/install/mpc_msgs/share/mpc_msgs/cmake/mpc_msgs__rosidl_typesupport_introspection_cppExport.cmake
[1.359s] -- Up-to-date: /px4_uxrce/new/px4-offboard_ws/install/mpc_msgs/share/mpc_msgs/cmake/mpc_msgs__rosidl_typesupport_introspection_cppExport-noconfig.cmake
[1.359s] -- Up-to-date: /px4_uxrce/new/px4-offboard_ws/install/mpc_msgs/share/mpc_msgs/cmake/mpc_msgs__rosidl_typesupport_cppExport.cmake
[1.360s] -- Up-to-date: /px4_uxrce/new/px4-offboard_ws/install/mpc_msgs/share/mpc_msgs/cmake/mpc_msgs__rosidl_typesupport_cppExport-noconfig.cmake
[1.360s] -- Up-to-date: /px4_uxrce/new/px4-offboard_ws/install/mpc_msgs/share/mpc_msgs/cmake/export_mpc_msgs__rosidl_generator_pyExport.cmake
[1.360s] -- Up-to-date: /px4_uxrce/new/px4-offboard_ws/install/mpc_msgs/share/mpc_msgs/cmake/export_mpc_msgs__rosidl_generator_pyExport-noconfig.cmake
[1.360s] -- Up-to-date: /px4_uxrce/new/px4-offboard_ws/install/mpc_msgs/share/mpc_msgs/cmake/rosidl_cmake-extras.cmake
[1.360s] -- Up-to-date: /px4_uxrce/new/px4-offboard_ws/install/mpc_msgs/share/mpc_msgs/cmake/ament_cmake_export_dependencies-extras.cmake
[1.361s] -- Up-to-date: /px4_uxrce/new/px4-offboard_ws/install/mpc_msgs/share/mpc_msgs/cmake/ament_cmake_export_include_directories-extras.cmake
[1.361s] -- Up-to-date: /px4_uxrce/new/px4-offboard_ws/install/mpc_msgs/share/mpc_msgs/cmake/ament_cmake_export_libraries-extras.cmake
[1.361s] -- Up-to-date: /px4_uxrce/new/px4-offboard_ws/install/mpc_msgs/share/mpc_msgs/cmake/ament_cmake_export_targets-extras.cmake
[1.361s] -- Up-to-date: /px4_uxrce/new/px4-offboard_ws/install/mpc_msgs/share/mpc_msgs/cmake/rosidl_cmake_export_typesupport_targets-extras.cmake
[1.361s] -- Up-to-date: /px4_uxrce/new/px4-offboard_ws/install/mpc_msgs/share/mpc_msgs/cmake/rosidl_cmake_export_typesupport_libraries-extras.cmake
[1.361s] -- Up-to-date: /px4_uxrce/new/px4-offboard_ws/install/mpc_msgs/share/mpc_msgs/cmake/mpc_msgsConfig.cmake
[1.361s] -- Up-to-date: /px4_uxrce/new/px4-offboard_ws/install/mpc_msgs/share/mpc_msgs/cmake/mpc_msgsConfig-version.cmake
[1.362s] -- Up-to-date: /px4_uxrce/new/px4-offboard_ws/install/mpc_msgs/share/mpc_msgs/package.xml
[1.372s] Invoked command in '/px4_uxrce/new/px4-offboard_ws/build/mpc_msgs' returned '0': CMAKE_PREFIX_PATH=${CMAKE_PREFIX_PATH}:/opt/ros/humble:/px4_uxrce/new/px4-offboard_ws/install/px4_mpc:/px4_uxrce/new/px4-offboard_ws/install/px4_offboard /usr/bin/cmake --install /px4_uxrce/new/px4-offboard_ws/build/mpc_msgs
