[0.125s] DEBUG:colcon:Command line arguments: ['/usr/bin/colcon', 'build']
[0.125s] DEBUG:colcon:Parsed command line arguments: Namespace(log_base=None, log_level=None, verb_name='build', build_base='build', install_base='install', merge_install=False, symlink_install=False, test_result_base=None, continue_on_error=False, executor='parallel', parallel_workers=12, event_handlers=None, ignore_user_meta=False, metas=['./colcon.meta'], base_paths=['.'], packages_ignore=None, packages_ignore_regex=None, paths=None, packages_up_to=None, packages_up_to_regex=None, packages_above=None, packages_above_and_dependencies=None, packages_above_depth=None, packages_select_by_dep=None, packages_skip_by_dep=None, packages_skip_up_to=None, packages_select_build_failed=False, packages_skip_build_finished=False, packages_select_test_failures=False, packages_skip_test_passed=False, packages_select=None, packages_skip=None, packages_select_regex=None, packages_skip_regex=None, packages_start=None, packages_end=None, cmake_args=None, cmake_target=None, cmake_target_skip_unavailable=False, cmake_clean_cache=False, cmake_clean_first=False, cmake_force_configure=False, ament_cmake_args=None, catkin_cmake_args=None, catkin_skip_building_tests=False, mixin_files=None, mixin=None, verb_parser=<colcon_mixin.mixin.mixin_argument.MixinArgumentDecorator object at 0x7f9e89b4fbb0>, verb_extension=<colcon_core.verb.build.BuildVerb object at 0x7f9e89b4f520>, main=<bound method BuildVerb.main of <colcon_core.verb.build.BuildVerb object at 0x7f9e89b4f520>>, mixin_verb=('build',))
[0.323s] Level 1:colcon.colcon_core.package_discovery:discover_packages(colcon_meta) check parameters
[0.324s] INFO:colcon.colcon_metadata.package_discovery.colcon_meta:Using configuration from '/root/.colcon/metadata/default/Gazebo.meta'
[0.324s] INFO:colcon.colcon_metadata.package_discovery.colcon_meta:Using configuration from '/root/.colcon/metadata/default/fastrtps.meta'
[0.324s] Level 1:colcon.colcon_core.package_discovery:discover_packages(recursive) check parameters
[0.324s] Level 1:colcon.colcon_core.package_discovery:discover_packages(ignore) check parameters
[0.325s] Level 1:colcon.colcon_core.package_discovery:discover_packages(path) check parameters
[0.325s] Level 1:colcon.colcon_core.package_discovery:discover_packages(colcon_meta) discover
[0.325s] Level 1:colcon.colcon_core.package_discovery:discover_packages(recursive) discover
[0.325s] INFO:colcon.colcon_core.package_discovery:Crawling recursively for packages in '/px4_uxrce/camera_legacy_ws'
[0.325s] Level 1:colcon.colcon_core.package_identification:_identify(.) by extensions ['ignore', 'ignore_ament_install']
[0.325s] Level 1:colcon.colcon_core.package_identification:_identify(.) by extension 'ignore'
[0.325s] Level 1:colcon.colcon_core.package_identification:_identify(.) by extension 'ignore_ament_install'
[0.325s] Level 1:colcon.colcon_core.package_identification:_identify(.) by extensions ['colcon_pkg']
[0.325s] Level 1:colcon.colcon_core.package_identification:_identify(.) by extension 'colcon_pkg'
[0.325s] Level 1:colcon.colcon_core.package_identification:_identify(.) by extensions ['colcon_meta']
[0.325s] Level 1:colcon.colcon_core.package_identification:_identify(.) by extension 'colcon_meta'
[0.325s] Level 1:colcon.colcon_core.package_identification:_identify(.) by extensions ['ros']
[0.325s] Level 1:colcon.colcon_core.package_identification:_identify(.) by extension 'ros'
[0.357s] Level 1:colcon.colcon_core.package_identification:_identify(.) by extensions ['cmake', 'python']
[0.357s] Level 1:colcon.colcon_core.package_identification:_identify(.) by extension 'cmake'
[0.357s] Level 1:colcon.colcon_core.package_identification:_identify(.) by extension 'python'
[0.357s] Level 1:colcon.colcon_core.package_identification:_identify(.) by extensions ['python_setup_py']
[0.357s] Level 1:colcon.colcon_core.package_identification:_identify(.) by extension 'python_setup_py'
[0.357s] Level 1:colcon.colcon_core.package_identification:_identify(build) by extensions ['ignore', 'ignore_ament_install']
[0.358s] Level 1:colcon.colcon_core.package_identification:_identify(build) by extension 'ignore'
[0.358s] Level 1:colcon.colcon_core.package_identification:_identify(build) ignored
[0.358s] Level 1:colcon.colcon_core.package_identification:_identify(install) by extensions ['ignore', 'ignore_ament_install']
[0.358s] Level 1:colcon.colcon_core.package_identification:_identify(install) by extension 'ignore'
[0.358s] Level 1:colcon.colcon_core.package_identification:_identify(install) ignored
[0.358s] Level 1:colcon.colcon_core.package_identification:_identify(log) by extensions ['ignore', 'ignore_ament_install']
[0.358s] Level 1:colcon.colcon_core.package_identification:_identify(log) by extension 'ignore'
[0.358s] Level 1:colcon.colcon_core.package_identification:_identify(log) ignored
[0.358s] Level 1:colcon.colcon_core.package_identification:_identify(src) by extensions ['ignore', 'ignore_ament_install']
[0.358s] Level 1:colcon.colcon_core.package_identification:_identify(src) by extension 'ignore'
[0.358s] Level 1:colcon.colcon_core.package_identification:_identify(src) by extension 'ignore_ament_install'
[0.358s] Level 1:colcon.colcon_core.package_identification:_identify(src) by extensions ['colcon_pkg']
[0.358s] Level 1:colcon.colcon_core.package_identification:_identify(src) by extension 'colcon_pkg'
[0.358s] Level 1:colcon.colcon_core.package_identification:_identify(src) by extensions ['colcon_meta']
[0.359s] Level 1:colcon.colcon_core.package_identification:_identify(src) by extension 'colcon_meta'
[0.359s] Level 1:colcon.colcon_core.package_identification:_identify(src) by extensions ['ros']
[0.359s] Level 1:colcon.colcon_core.package_identification:_identify(src) by extension 'ros'
[0.359s] Level 1:colcon.colcon_core.package_identification:_identify(src) by extensions ['cmake', 'python']
[0.359s] Level 1:colcon.colcon_core.package_identification:_identify(src) by extension 'cmake'
[0.359s] Level 1:colcon.colcon_core.package_identification:_identify(src) by extension 'python'
[0.359s] Level 1:colcon.colcon_core.package_identification:_identify(src) by extensions ['python_setup_py']
[0.359s] Level 1:colcon.colcon_core.package_identification:_identify(src) by extension 'python_setup_py'
[0.359s] Level 1:colcon.colcon_core.package_identification:_identify(src/realsense-ros) by extensions ['ignore', 'ignore_ament_install']
[0.359s] Level 1:colcon.colcon_core.package_identification:_identify(src/realsense-ros) by extension 'ignore'
[0.359s] Level 1:colcon.colcon_core.package_identification:_identify(src/realsense-ros) by extension 'ignore_ament_install'
[0.359s] Level 1:colcon.colcon_core.package_identification:_identify(src/realsense-ros) by extensions ['colcon_pkg']
[0.359s] Level 1:colcon.colcon_core.package_identification:_identify(src/realsense-ros) by extension 'colcon_pkg'
[0.359s] Level 1:colcon.colcon_core.package_identification:_identify(src/realsense-ros) by extensions ['colcon_meta']
[0.359s] Level 1:colcon.colcon_core.package_identification:_identify(src/realsense-ros) by extension 'colcon_meta'
[0.359s] Level 1:colcon.colcon_core.package_identification:_identify(src/realsense-ros) by extensions ['ros']
[0.359s] Level 1:colcon.colcon_core.package_identification:_identify(src/realsense-ros) by extension 'ros'
[0.359s] Level 1:colcon.colcon_core.package_identification:_identify(src/realsense-ros) by extensions ['cmake', 'python']
[0.359s] Level 1:colcon.colcon_core.package_identification:_identify(src/realsense-ros) by extension 'cmake'
[0.360s] Level 1:colcon.colcon_core.package_identification:_identify(src/realsense-ros) by extension 'python'
[0.360s] Level 1:colcon.colcon_core.package_identification:_identify(src/realsense-ros) by extensions ['python_setup_py']
[0.360s] Level 1:colcon.colcon_core.package_identification:_identify(src/realsense-ros) by extension 'python_setup_py'
[0.360s] Level 1:colcon.colcon_core.package_identification:_identify(src/realsense-ros/realsense2_camera) by extensions ['ignore', 'ignore_ament_install']
[0.360s] Level 1:colcon.colcon_core.package_identification:_identify(src/realsense-ros/realsense2_camera) by extension 'ignore'
[0.360s] Level 1:colcon.colcon_core.package_identification:_identify(src/realsense-ros/realsense2_camera) by extension 'ignore_ament_install'
[0.360s] Level 1:colcon.colcon_core.package_identification:_identify(src/realsense-ros/realsense2_camera) by extensions ['colcon_pkg']
[0.360s] Level 1:colcon.colcon_core.package_identification:_identify(src/realsense-ros/realsense2_camera) by extension 'colcon_pkg'
[0.360s] Level 1:colcon.colcon_core.package_identification:_identify(src/realsense-ros/realsense2_camera) by extensions ['colcon_meta']
[0.360s] Level 1:colcon.colcon_core.package_identification:_identify(src/realsense-ros/realsense2_camera) by extension 'colcon_meta'
[0.360s] Level 1:colcon.colcon_core.package_identification:_identify(src/realsense-ros/realsense2_camera) by extensions ['ros']
[0.360s] Level 1:colcon.colcon_core.package_identification:_identify(src/realsense-ros/realsense2_camera) by extension 'ros'
[0.364s] DEBUG:colcon.colcon_core.package_identification:Package 'src/realsense-ros/realsense2_camera' with type 'ros.ament_cmake' and name 'realsense2_camera'
[0.370s] Level 1:colcon.colcon_core.package_identification:_identify(src/realsense-ros/realsense2_camera_msgs) by extensions ['ignore', 'ignore_ament_install']
[0.370s] Level 1:colcon.colcon_core.package_identification:_identify(src/realsense-ros/realsense2_camera_msgs) by extension 'ignore'
[0.370s] Level 1:colcon.colcon_core.package_identification:_identify(src/realsense-ros/realsense2_camera_msgs) by extension 'ignore_ament_install'
[0.370s] Level 1:colcon.colcon_core.package_identification:_identify(src/realsense-ros/realsense2_camera_msgs) by extensions ['colcon_pkg']
[0.370s] Level 1:colcon.colcon_core.package_identification:_identify(src/realsense-ros/realsense2_camera_msgs) by extension 'colcon_pkg'
[0.370s] Level 1:colcon.colcon_core.package_identification:_identify(src/realsense-ros/realsense2_camera_msgs) by extensions ['colcon_meta']
[0.371s] Level 1:colcon.colcon_core.package_identification:_identify(src/realsense-ros/realsense2_camera_msgs) by extension 'colcon_meta'
[0.371s] Level 1:colcon.colcon_core.package_identification:_identify(src/realsense-ros/realsense2_camera_msgs) by extensions ['ros']
[0.371s] Level 1:colcon.colcon_core.package_identification:_identify(src/realsense-ros/realsense2_camera_msgs) by extension 'ros'
[0.371s] DEBUG:colcon.colcon_core.package_identification:Package 'src/realsense-ros/realsense2_camera_msgs' with type 'ros.ament_cmake' and name 'realsense2_camera_msgs'
[0.371s] Level 1:colcon.colcon_core.package_identification:_identify(src/realsense-ros/realsense2_description) by extensions ['ignore', 'ignore_ament_install']
[0.371s] Level 1:colcon.colcon_core.package_identification:_identify(src/realsense-ros/realsense2_description) by extension 'ignore'
[0.372s] Level 1:colcon.colcon_core.package_identification:_identify(src/realsense-ros/realsense2_description) by extension 'ignore_ament_install'
[0.372s] Level 1:colcon.colcon_core.package_identification:_identify(src/realsense-ros/realsense2_description) by extensions ['colcon_pkg']
[0.372s] Level 1:colcon.colcon_core.package_identification:_identify(src/realsense-ros/realsense2_description) by extension 'colcon_pkg'
[0.372s] Level 1:colcon.colcon_core.package_identification:_identify(src/realsense-ros/realsense2_description) by extensions ['colcon_meta']
[0.372s] Level 1:colcon.colcon_core.package_identification:_identify(src/realsense-ros/realsense2_description) by extension 'colcon_meta'
[0.372s] Level 1:colcon.colcon_core.package_identification:_identify(src/realsense-ros/realsense2_description) by extensions ['ros']
[0.372s] Level 1:colcon.colcon_core.package_identification:_identify(src/realsense-ros/realsense2_description) by extension 'ros'
[0.373s] DEBUG:colcon.colcon_core.package_identification:Package 'src/realsense-ros/realsense2_description' with type 'ros.ament_cmake' and name 'realsense2_description'
[0.373s] Level 1:colcon.colcon_core.package_discovery:discover_packages(recursive) using defaults
[0.373s] Level 1:colcon.colcon_core.package_discovery:discover_packages(ignore) discover
[0.373s] Level 1:colcon.colcon_core.package_discovery:discover_packages(ignore) using defaults
[0.373s] Level 1:colcon.colcon_core.package_discovery:discover_packages(path) discover
[0.373s] Level 1:colcon.colcon_core.package_discovery:discover_packages(path) using defaults
[0.393s] Level 5:colcon.colcon_core.verb:set package 'realsense2_camera_msgs' build argument 'cmake_args' from command line to 'None'
[0.393s] Level 5:colcon.colcon_core.verb:set package 'realsense2_camera_msgs' build argument 'cmake_target' from command line to 'None'
[0.393s] Level 5:colcon.colcon_core.verb:set package 'realsense2_camera_msgs' build argument 'cmake_target_skip_unavailable' from command line to 'False'
[0.393s] Level 5:colcon.colcon_core.verb:set package 'realsense2_camera_msgs' build argument 'cmake_clean_cache' from command line to 'False'
[0.393s] Level 5:colcon.colcon_core.verb:set package 'realsense2_camera_msgs' build argument 'cmake_clean_first' from command line to 'False'
[0.393s] Level 5:colcon.colcon_core.verb:set package 'realsense2_camera_msgs' build argument 'cmake_force_configure' from command line to 'False'
[0.393s] Level 5:colcon.colcon_core.verb:set package 'realsense2_camera_msgs' build argument 'ament_cmake_args' from command line to 'None'
[0.393s] Level 5:colcon.colcon_core.verb:set package 'realsense2_camera_msgs' build argument 'catkin_cmake_args' from command line to 'None'
[0.393s] Level 5:colcon.colcon_core.verb:set package 'realsense2_camera_msgs' build argument 'catkin_skip_building_tests' from command line to 'False'
[0.393s] DEBUG:colcon.colcon_core.verb:Building package 'realsense2_camera_msgs' with the following arguments: {'ament_cmake_args': None, 'build_base': '/px4_uxrce/camera_legacy_ws/build/realsense2_camera_msgs', 'catkin_cmake_args': None, 'catkin_skip_building_tests': False, 'cmake_args': None, 'cmake_clean_cache': False, 'cmake_clean_first': False, 'cmake_force_configure': False, 'cmake_target': None, 'cmake_target_skip_unavailable': False, 'install_base': '/px4_uxrce/camera_legacy_ws/install/realsense2_camera_msgs', 'merge_install': False, 'path': '/px4_uxrce/camera_legacy_ws/src/realsense-ros/realsense2_camera_msgs', 'symlink_install': False, 'test_result_base': None}
[0.394s] Level 5:colcon.colcon_core.verb:set package 'realsense2_camera' build argument 'cmake_args' from command line to 'None'
[0.394s] Level 5:colcon.colcon_core.verb:set package 'realsense2_camera' build argument 'cmake_target' from command line to 'None'
[0.394s] Level 5:colcon.colcon_core.verb:set package 'realsense2_camera' build argument 'cmake_target_skip_unavailable' from command line to 'False'
[0.394s] Level 5:colcon.colcon_core.verb:set package 'realsense2_camera' build argument 'cmake_clean_cache' from command line to 'False'
[0.394s] Level 5:colcon.colcon_core.verb:set package 'realsense2_camera' build argument 'cmake_clean_first' from command line to 'False'
[0.394s] Level 5:colcon.colcon_core.verb:set package 'realsense2_camera' build argument 'cmake_force_configure' from command line to 'False'
[0.394s] Level 5:colcon.colcon_core.verb:set package 'realsense2_camera' build argument 'ament_cmake_args' from command line to 'None'
[0.394s] Level 5:colcon.colcon_core.verb:set package 'realsense2_camera' build argument 'catkin_cmake_args' from command line to 'None'
[0.394s] Level 5:colcon.colcon_core.verb:set package 'realsense2_camera' build argument 'catkin_skip_building_tests' from command line to 'False'
[0.394s] DEBUG:colcon.colcon_core.verb:Building package 'realsense2_camera' with the following arguments: {'ament_cmake_args': None, 'build_base': '/px4_uxrce/camera_legacy_ws/build/realsense2_camera', 'catkin_cmake_args': None, 'catkin_skip_building_tests': False, 'cmake_args': None, 'cmake_clean_cache': False, 'cmake_clean_first': False, 'cmake_force_configure': False, 'cmake_target': None, 'cmake_target_skip_unavailable': False, 'install_base': '/px4_uxrce/camera_legacy_ws/install/realsense2_camera', 'merge_install': False, 'path': '/px4_uxrce/camera_legacy_ws/src/realsense-ros/realsense2_camera', 'symlink_install': False, 'test_result_base': None}
[0.394s] Level 5:colcon.colcon_core.verb:set package 'realsense2_description' build argument 'cmake_args' from command line to 'None'
[0.394s] Level 5:colcon.colcon_core.verb:set package 'realsense2_description' build argument 'cmake_target' from command line to 'None'
[0.394s] Level 5:colcon.colcon_core.verb:set package 'realsense2_description' build argument 'cmake_target_skip_unavailable' from command line to 'False'
[0.394s] Level 5:colcon.colcon_core.verb:set package 'realsense2_description' build argument 'cmake_clean_cache' from command line to 'False'
[0.394s] Level 5:colcon.colcon_core.verb:set package 'realsense2_description' build argument 'cmake_clean_first' from command line to 'False'
[0.394s] Level 5:colcon.colcon_core.verb:set package 'realsense2_description' build argument 'cmake_force_configure' from command line to 'False'
[0.394s] Level 5:colcon.colcon_core.verb:set package 'realsense2_description' build argument 'ament_cmake_args' from command line to 'None'
[0.395s] Level 5:colcon.colcon_core.verb:set package 'realsense2_description' build argument 'catkin_cmake_args' from command line to 'None'
[0.395s] Level 5:colcon.colcon_core.verb:set package 'realsense2_description' build argument 'catkin_skip_building_tests' from command line to 'False'
[0.395s] DEBUG:colcon.colcon_core.verb:Building package 'realsense2_description' with the following arguments: {'ament_cmake_args': None, 'build_base': '/px4_uxrce/camera_legacy_ws/build/realsense2_description', 'catkin_cmake_args': None, 'catkin_skip_building_tests': False, 'cmake_args': None, 'cmake_clean_cache': False, 'cmake_clean_first': False, 'cmake_force_configure': False, 'cmake_target': None, 'cmake_target_skip_unavailable': False, 'install_base': '/px4_uxrce/camera_legacy_ws/install/realsense2_description', 'merge_install': False, 'path': '/px4_uxrce/camera_legacy_ws/src/realsense-ros/realsense2_description', 'symlink_install': False, 'test_result_base': None}
[0.395s] INFO:colcon.colcon_core.executor:Executing jobs using 'parallel' executor
[0.396s] DEBUG:colcon.colcon_parallel_executor.executor.parallel:run_until_complete
[0.396s] INFO:colcon.colcon_ros.task.ament_cmake.build:Building ROS package in '/px4_uxrce/camera_legacy_ws/src/realsense-ros/realsense2_camera_msgs' with build type 'ament_cmake'
[0.396s] INFO:colcon.colcon_cmake.task.cmake.build:Building CMake package in '/px4_uxrce/camera_legacy_ws/src/realsense-ros/realsense2_camera_msgs'
[0.398s] INFO:colcon.colcon_core.plugin_system:Skipping extension 'colcon_core.shell.bat': Not used on non-Windows systems
[0.398s] INFO:colcon.colcon_core.shell:Skip shell extension 'powershell' for command environment: Not usable outside of PowerShell
[0.398s] DEBUG:colcon.colcon_core.shell:Skip shell extension 'dsv' for command environment
[0.408s] DEBUG:colcon.colcon_core.event_handler.log_command:Invoking command in '/px4_uxrce/camera_legacy_ws/build/realsense2_camera_msgs': CMAKE_PREFIX_PATH=${CMAKE_PREFIX_PATH}:/opt/ros/humble /usr/bin/cmake --build /px4_uxrce/camera_legacy_ws/build/realsense2_camera_msgs -- -j12 -l12
[0.808s] DEBUG:colcon.colcon_core.event_handler.log_command:Invoked command in '/px4_uxrce/camera_legacy_ws/build/realsense2_camera_msgs' returned '0': CMAKE_PREFIX_PATH=${CMAKE_PREFIX_PATH}:/opt/ros/humble /usr/bin/cmake --build /px4_uxrce/camera_legacy_ws/build/realsense2_camera_msgs -- -j12 -l12
[0.819s] DEBUG:colcon.colcon_core.event_handler.log_command:Invoking command in '/px4_uxrce/camera_legacy_ws/build/realsense2_camera_msgs': CMAKE_PREFIX_PATH=${CMAKE_PREFIX_PATH}:/opt/ros/humble /usr/bin/cmake --install /px4_uxrce/camera_legacy_ws/build/realsense2_camera_msgs
[0.876s] Level 1:colcon.colcon_core.environment:create_environment_scripts_only(realsense2_camera_msgs)
[0.878s] DEBUG:colcon.colcon_core.event_handler.log_command:Invoked command in '/px4_uxrce/camera_legacy_ws/build/realsense2_camera_msgs' returned '0': CMAKE_PREFIX_PATH=${CMAKE_PREFIX_PATH}:/opt/ros/humble /usr/bin/cmake --install /px4_uxrce/camera_legacy_ws/build/realsense2_camera_msgs
[0.881s] Level 1:colcon.colcon_core.environment:checking '/px4_uxrce/camera_legacy_ws/install/realsense2_camera_msgs' for CMake module files
[0.882s] Level 1:colcon.colcon_core.environment:checking '/px4_uxrce/camera_legacy_ws/install/realsense2_camera_msgs' for CMake config files
[0.882s] Level 1:colcon.colcon_core.shell:create_environment_hook('realsense2_camera_msgs', 'cmake_prefix_path')
[0.883s] INFO:colcon.colcon_core.shell:Creating environment hook '/px4_uxrce/camera_legacy_ws/install/realsense2_camera_msgs/share/realsense2_camera_msgs/hook/cmake_prefix_path.ps1'
[0.884s] INFO:colcon.colcon_core.shell:Creating environment descriptor '/px4_uxrce/camera_legacy_ws/install/realsense2_camera_msgs/share/realsense2_camera_msgs/hook/cmake_prefix_path.dsv'
[0.884s] INFO:colcon.colcon_core.shell:Creating environment hook '/px4_uxrce/camera_legacy_ws/install/realsense2_camera_msgs/share/realsense2_camera_msgs/hook/cmake_prefix_path.sh'
[0.885s] Level 1:colcon.colcon_core.environment:checking '/px4_uxrce/camera_legacy_ws/install/realsense2_camera_msgs/lib'
[0.886s] Level 1:colcon.colcon_core.shell:create_environment_hook('realsense2_camera_msgs', 'ld_library_path_lib')
[0.886s] INFO:colcon.colcon_core.shell:Creating environment hook '/px4_uxrce/camera_legacy_ws/install/realsense2_camera_msgs/share/realsense2_camera_msgs/hook/ld_library_path_lib.ps1'
[0.887s] INFO:colcon.colcon_core.shell:Creating environment descriptor '/px4_uxrce/camera_legacy_ws/install/realsense2_camera_msgs/share/realsense2_camera_msgs/hook/ld_library_path_lib.dsv'
[0.887s] INFO:colcon.colcon_core.shell:Creating environment hook '/px4_uxrce/camera_legacy_ws/install/realsense2_camera_msgs/share/realsense2_camera_msgs/hook/ld_library_path_lib.sh'
[0.887s] Level 1:colcon.colcon_core.environment:checking '/px4_uxrce/camera_legacy_ws/install/realsense2_camera_msgs/bin'
[0.888s] Level 1:colcon.colcon_core.environment:checking '/px4_uxrce/camera_legacy_ws/install/realsense2_camera_msgs/lib/pkgconfig/realsense2_camera_msgs.pc'
[0.889s] Level 1:colcon.colcon_core.environment:checking '/px4_uxrce/camera_legacy_ws/install/realsense2_camera_msgs/lib/python3.10/site-packages'
[0.889s] Level 1:colcon.colcon_core.environment:checking '/px4_uxrce/camera_legacy_ws/install/realsense2_camera_msgs/bin'
[0.890s] INFO:colcon.colcon_core.shell:Creating package script '/px4_uxrce/camera_legacy_ws/install/realsense2_camera_msgs/share/realsense2_camera_msgs/package.ps1'
[0.891s] INFO:colcon.colcon_core.shell:Creating package descriptor '/px4_uxrce/camera_legacy_ws/install/realsense2_camera_msgs/share/realsense2_camera_msgs/package.dsv'
[0.891s] INFO:colcon.colcon_core.shell:Creating package script '/px4_uxrce/camera_legacy_ws/install/realsense2_camera_msgs/share/realsense2_camera_msgs/package.sh'
[0.892s] INFO:colcon.colcon_core.shell:Creating package script '/px4_uxrce/camera_legacy_ws/install/realsense2_camera_msgs/share/realsense2_camera_msgs/package.bash'
[0.893s] INFO:colcon.colcon_core.shell:Creating package script '/px4_uxrce/camera_legacy_ws/install/realsense2_camera_msgs/share/realsense2_camera_msgs/package.zsh'
[0.893s] Level 1:colcon.colcon_core.environment:create_file_with_runtime_dependencies(/px4_uxrce/camera_legacy_ws/install/realsense2_camera_msgs/share/colcon-core/packages/realsense2_camera_msgs)
[0.894s] Level 1:colcon.colcon_core.environment:create_environment_scripts_only(realsense2_camera_msgs)
[0.894s] Level 1:colcon.colcon_core.environment:checking '/px4_uxrce/camera_legacy_ws/install/realsense2_camera_msgs' for CMake module files
[0.895s] Level 1:colcon.colcon_core.environment:checking '/px4_uxrce/camera_legacy_ws/install/realsense2_camera_msgs' for CMake config files
[0.895s] Level 1:colcon.colcon_core.shell:create_environment_hook('realsense2_camera_msgs', 'cmake_prefix_path')
[0.895s] INFO:colcon.colcon_core.shell:Creating environment hook '/px4_uxrce/camera_legacy_ws/install/realsense2_camera_msgs/share/realsense2_camera_msgs/hook/cmake_prefix_path.ps1'
[0.896s] INFO:colcon.colcon_core.shell:Creating environment descriptor '/px4_uxrce/camera_legacy_ws/install/realsense2_camera_msgs/share/realsense2_camera_msgs/hook/cmake_prefix_path.dsv'
[0.896s] INFO:colcon.colcon_core.shell:Creating environment hook '/px4_uxrce/camera_legacy_ws/install/realsense2_camera_msgs/share/realsense2_camera_msgs/hook/cmake_prefix_path.sh'
[0.897s] Level 1:colcon.colcon_core.environment:checking '/px4_uxrce/camera_legacy_ws/install/realsense2_camera_msgs/lib'
[0.897s] Level 1:colcon.colcon_core.shell:create_environment_hook('realsense2_camera_msgs', 'ld_library_path_lib')
[0.897s] INFO:colcon.colcon_core.shell:Creating environment hook '/px4_uxrce/camera_legacy_ws/install/realsense2_camera_msgs/share/realsense2_camera_msgs/hook/ld_library_path_lib.ps1'
[0.898s] INFO:colcon.colcon_core.shell:Creating environment descriptor '/px4_uxrce/camera_legacy_ws/install/realsense2_camera_msgs/share/realsense2_camera_msgs/hook/ld_library_path_lib.dsv'
[0.898s] INFO:colcon.colcon_core.shell:Creating environment hook '/px4_uxrce/camera_legacy_ws/install/realsense2_camera_msgs/share/realsense2_camera_msgs/hook/ld_library_path_lib.sh'
[0.898s] Level 1:colcon.colcon_core.environment:checking '/px4_uxrce/camera_legacy_ws/install/realsense2_camera_msgs/bin'
[0.899s] Level 1:colcon.colcon_core.environment:checking '/px4_uxrce/camera_legacy_ws/install/realsense2_camera_msgs/lib/pkgconfig/realsense2_camera_msgs.pc'
[0.899s] Level 1:colcon.colcon_core.environment:checking '/px4_uxrce/camera_legacy_ws/install/realsense2_camera_msgs/lib/python3.10/site-packages'
[0.899s] Level 1:colcon.colcon_core.environment:checking '/px4_uxrce/camera_legacy_ws/install/realsense2_camera_msgs/bin'
[0.900s] INFO:colcon.colcon_core.shell:Creating package script '/px4_uxrce/camera_legacy_ws/install/realsense2_camera_msgs/share/realsense2_camera_msgs/package.ps1'
[0.900s] INFO:colcon.colcon_core.shell:Creating package descriptor '/px4_uxrce/camera_legacy_ws/install/realsense2_camera_msgs/share/realsense2_camera_msgs/package.dsv'
[0.901s] INFO:colcon.colcon_core.shell:Creating package script '/px4_uxrce/camera_legacy_ws/install/realsense2_camera_msgs/share/realsense2_camera_msgs/package.sh'
[0.901s] INFO:colcon.colcon_core.shell:Creating package script '/px4_uxrce/camera_legacy_ws/install/realsense2_camera_msgs/share/realsense2_camera_msgs/package.bash'
[0.902s] INFO:colcon.colcon_core.shell:Creating package script '/px4_uxrce/camera_legacy_ws/install/realsense2_camera_msgs/share/realsense2_camera_msgs/package.zsh'
[0.902s] Level 1:colcon.colcon_core.environment:create_file_with_runtime_dependencies(/px4_uxrce/camera_legacy_ws/install/realsense2_camera_msgs/share/colcon-core/packages/realsense2_camera_msgs)
[0.902s] INFO:colcon.colcon_ros.task.ament_cmake.build:Building ROS package in '/px4_uxrce/camera_legacy_ws/src/realsense-ros/realsense2_camera' with build type 'ament_cmake'
[0.903s] INFO:colcon.colcon_cmake.task.cmake.build:Building CMake package in '/px4_uxrce/camera_legacy_ws/src/realsense-ros/realsense2_camera'
[0.903s] INFO:colcon.colcon_core.shell:Skip shell extension 'powershell' for command environment: Not usable outside of PowerShell
[0.903s] DEBUG:colcon.colcon_core.shell:Skip shell extension 'dsv' for command environment
[0.908s] INFO:colcon.colcon_ros.task.ament_cmake.build:Building ROS package in '/px4_uxrce/camera_legacy_ws/src/realsense-ros/realsense2_description' with build type 'ament_cmake'
[0.908s] INFO:colcon.colcon_cmake.task.cmake.build:Building CMake package in '/px4_uxrce/camera_legacy_ws/src/realsense-ros/realsense2_description'
[0.909s] INFO:colcon.colcon_core.shell:Skip shell extension 'powershell' for command environment: Not usable outside of PowerShell
[0.909s] DEBUG:colcon.colcon_core.shell:Skip shell extension 'dsv' for command environment
[0.923s] DEBUG:colcon.colcon_core.event_handler.log_command:Invoking command in '/px4_uxrce/camera_legacy_ws/build/realsense2_camera': AMENT_PREFIX_PATH=/px4_uxrce/camera_legacy_ws/install/realsense2_camera_msgs:${AMENT_PREFIX_PATH} CMAKE_PREFIX_PATH=/px4_uxrce/camera_legacy_ws/install/realsense2_camera_msgs:/px4_uxrce/camera_ws/install/realsense2_description:/px4_uxrce/camera_ws/install/realsense2_camera:/px4_uxrce/camera_ws/install/realsense2_camera_msgs:/px4_uxrce/camera_ws/install/librealsense2:/opt/ros/humble LD_LIBRARY_PATH=/px4_uxrce/camera_legacy_ws/install/realsense2_camera_msgs/lib:${LD_LIBRARY_PATH} PYTHONPATH=/px4_uxrce/camera_legacy_ws/install/realsense2_camera_msgs/local/lib/python3.10/dist-packages:${PYTHONPATH} /usr/bin/cmake /px4_uxrce/camera_legacy_ws/src/realsense-ros/realsense2_camera -DCMAKE_INSTALL_PREFIX=/px4_uxrce/camera_legacy_ws/install/realsense2_camera
[0.927s] DEBUG:colcon.colcon_core.event_handler.log_command:Invoking command in '/px4_uxrce/camera_legacy_ws/build/realsense2_description': AMENT_PREFIX_PATH=/px4_uxrce/camera_legacy_ws/install/realsense2_camera_msgs:${AMENT_PREFIX_PATH} CMAKE_PREFIX_PATH=/px4_uxrce/camera_legacy_ws/install/realsense2_camera_msgs:/px4_uxrce/camera_ws/install/realsense2_description:/px4_uxrce/camera_ws/install/realsense2_camera:/px4_uxrce/camera_ws/install/realsense2_camera_msgs:/px4_uxrce/camera_ws/install/librealsense2:/opt/ros/humble LD_LIBRARY_PATH=/px4_uxrce/camera_legacy_ws/install/realsense2_camera_msgs/lib:${LD_LIBRARY_PATH} PYTHONPATH=/px4_uxrce/camera_legacy_ws/install/realsense2_camera_msgs/local/lib/python3.10/dist-packages:${PYTHONPATH} /usr/bin/cmake --build /px4_uxrce/camera_legacy_ws/build/realsense2_description -- -j12 -l12
[0.961s] DEBUG:colcon.colcon_core.event_handler.log_command:Invoked command in '/px4_uxrce/camera_legacy_ws/build/realsense2_description' returned '0': AMENT_PREFIX_PATH=/px4_uxrce/camera_legacy_ws/install/realsense2_camera_msgs:${AMENT_PREFIX_PATH} CMAKE_PREFIX_PATH=/px4_uxrce/camera_legacy_ws/install/realsense2_camera_msgs:/px4_uxrce/camera_ws/install/realsense2_description:/px4_uxrce/camera_ws/install/realsense2_camera:/px4_uxrce/camera_ws/install/realsense2_camera_msgs:/px4_uxrce/camera_ws/install/librealsense2:/opt/ros/humble LD_LIBRARY_PATH=/px4_uxrce/camera_legacy_ws/install/realsense2_camera_msgs/lib:${LD_LIBRARY_PATH} PYTHONPATH=/px4_uxrce/camera_legacy_ws/install/realsense2_camera_msgs/local/lib/python3.10/dist-packages:${PYTHONPATH} /usr/bin/cmake --build /px4_uxrce/camera_legacy_ws/build/realsense2_description -- -j12 -l12
[0.963s] DEBUG:colcon.colcon_core.event_handler.log_command:Invoking command in '/px4_uxrce/camera_legacy_ws/build/realsense2_description': AMENT_PREFIX_PATH=/px4_uxrce/camera_legacy_ws/install/realsense2_camera_msgs:${AMENT_PREFIX_PATH} CMAKE_PREFIX_PATH=/px4_uxrce/camera_legacy_ws/install/realsense2_camera_msgs:/px4_uxrce/camera_ws/install/realsense2_description:/px4_uxrce/camera_ws/install/realsense2_camera:/px4_uxrce/camera_ws/install/realsense2_camera_msgs:/px4_uxrce/camera_ws/install/librealsense2:/opt/ros/humble LD_LIBRARY_PATH=/px4_uxrce/camera_legacy_ws/install/realsense2_camera_msgs/lib:${LD_LIBRARY_PATH} PYTHONPATH=/px4_uxrce/camera_legacy_ws/install/realsense2_camera_msgs/local/lib/python3.10/dist-packages:${PYTHONPATH} /usr/bin/cmake --install /px4_uxrce/camera_legacy_ws/build/realsense2_description
[0.974s] Level 1:colcon.colcon_core.environment:create_environment_scripts_only(realsense2_description)
[0.974s] Level 1:colcon.colcon_core.environment:checking '/px4_uxrce/camera_legacy_ws/install/realsense2_description' for CMake module files
[0.977s] Level 1:colcon.colcon_core.environment:checking '/px4_uxrce/camera_legacy_ws/install/realsense2_description' for CMake config files
[0.978s] DEBUG:colcon.colcon_core.event_handler.log_command:Invoked command in '/px4_uxrce/camera_legacy_ws/build/realsense2_description' returned '0': AMENT_PREFIX_PATH=/px4_uxrce/camera_legacy_ws/install/realsense2_camera_msgs:${AMENT_PREFIX_PATH} CMAKE_PREFIX_PATH=/px4_uxrce/camera_legacy_ws/install/realsense2_camera_msgs:/px4_uxrce/camera_ws/install/realsense2_description:/px4_uxrce/camera_ws/install/realsense2_camera:/px4_uxrce/camera_ws/install/realsense2_camera_msgs:/px4_uxrce/camera_ws/install/librealsense2:/opt/ros/humble LD_LIBRARY_PATH=/px4_uxrce/camera_legacy_ws/install/realsense2_camera_msgs/lib:${LD_LIBRARY_PATH} PYTHONPATH=/px4_uxrce/camera_legacy_ws/install/realsense2_camera_msgs/local/lib/python3.10/dist-packages:${PYTHONPATH} /usr/bin/cmake --install /px4_uxrce/camera_legacy_ws/build/realsense2_description
[0.978s] Level 1:colcon.colcon_core.shell:create_environment_hook('realsense2_description', 'cmake_prefix_path')
[0.978s] INFO:colcon.colcon_core.shell:Creating environment hook '/px4_uxrce/camera_legacy_ws/install/realsense2_description/share/realsense2_description/hook/cmake_prefix_path.ps1'
[0.979s] INFO:colcon.colcon_core.shell:Creating environment descriptor '/px4_uxrce/camera_legacy_ws/install/realsense2_description/share/realsense2_description/hook/cmake_prefix_path.dsv'
[0.980s] INFO:colcon.colcon_core.shell:Creating environment hook '/px4_uxrce/camera_legacy_ws/install/realsense2_description/share/realsense2_description/hook/cmake_prefix_path.sh'
[0.980s] Level 1:colcon.colcon_core.environment:checking '/px4_uxrce/camera_legacy_ws/install/realsense2_description/bin'
[0.981s] Level 1:colcon.colcon_core.environment:checking '/px4_uxrce/camera_legacy_ws/install/realsense2_description/lib/pkgconfig/realsense2_description.pc'
[0.981s] Level 1:colcon.colcon_core.environment:checking '/px4_uxrce/camera_legacy_ws/install/realsense2_description/lib/python3.10/site-packages'
[0.981s] Level 1:colcon.colcon_core.environment:checking '/px4_uxrce/camera_legacy_ws/install/realsense2_description/bin'
[0.982s] INFO:colcon.colcon_core.shell:Creating package script '/px4_uxrce/camera_legacy_ws/install/realsense2_description/share/realsense2_description/package.ps1'
[0.982s] INFO:colcon.colcon_core.shell:Creating package descriptor '/px4_uxrce/camera_legacy_ws/install/realsense2_description/share/realsense2_description/package.dsv'
[0.983s] INFO:colcon.colcon_core.shell:Creating package script '/px4_uxrce/camera_legacy_ws/install/realsense2_description/share/realsense2_description/package.sh'
[0.984s] INFO:colcon.colcon_core.shell:Creating package script '/px4_uxrce/camera_legacy_ws/install/realsense2_description/share/realsense2_description/package.bash'
[0.984s] INFO:colcon.colcon_core.shell:Creating package script '/px4_uxrce/camera_legacy_ws/install/realsense2_description/share/realsense2_description/package.zsh'
[0.985s] Level 1:colcon.colcon_core.environment:create_file_with_runtime_dependencies(/px4_uxrce/camera_legacy_ws/install/realsense2_description/share/colcon-core/packages/realsense2_description)
[0.985s] Level 1:colcon.colcon_core.environment:create_environment_scripts_only(realsense2_description)
[0.986s] Level 1:colcon.colcon_core.environment:checking '/px4_uxrce/camera_legacy_ws/install/realsense2_description' for CMake module files
[0.986s] Level 1:colcon.colcon_core.environment:checking '/px4_uxrce/camera_legacy_ws/install/realsense2_description' for CMake config files
[0.987s] Level 1:colcon.colcon_core.shell:create_environment_hook('realsense2_description', 'cmake_prefix_path')
[0.987s] INFO:colcon.colcon_core.shell:Creating environment hook '/px4_uxrce/camera_legacy_ws/install/realsense2_description/share/realsense2_description/hook/cmake_prefix_path.ps1'
[0.988s] INFO:colcon.colcon_core.shell:Creating environment descriptor '/px4_uxrce/camera_legacy_ws/install/realsense2_description/share/realsense2_description/hook/cmake_prefix_path.dsv'
[0.988s] INFO:colcon.colcon_core.shell:Creating environment hook '/px4_uxrce/camera_legacy_ws/install/realsense2_description/share/realsense2_description/hook/cmake_prefix_path.sh'
[0.989s] Level 1:colcon.colcon_core.environment:checking '/px4_uxrce/camera_legacy_ws/install/realsense2_description/bin'
[0.989s] Level 1:colcon.colcon_core.environment:checking '/px4_uxrce/camera_legacy_ws/install/realsense2_description/lib/pkgconfig/realsense2_description.pc'
[0.989s] Level 1:colcon.colcon_core.environment:checking '/px4_uxrce/camera_legacy_ws/install/realsense2_description/lib/python3.10/site-packages'
[0.990s] Level 1:colcon.colcon_core.environment:checking '/px4_uxrce/camera_legacy_ws/install/realsense2_description/bin'
[0.990s] INFO:colcon.colcon_core.shell:Creating package script '/px4_uxrce/camera_legacy_ws/install/realsense2_description/share/realsense2_description/package.ps1'
[0.991s] INFO:colcon.colcon_core.shell:Creating package descriptor '/px4_uxrce/camera_legacy_ws/install/realsense2_description/share/realsense2_description/package.dsv'
[0.991s] INFO:colcon.colcon_core.shell:Creating package script '/px4_uxrce/camera_legacy_ws/install/realsense2_description/share/realsense2_description/package.sh'
[0.992s] INFO:colcon.colcon_core.shell:Creating package script '/px4_uxrce/camera_legacy_ws/install/realsense2_description/share/realsense2_description/package.bash'
[0.993s] INFO:colcon.colcon_core.shell:Creating package script '/px4_uxrce/camera_legacy_ws/install/realsense2_description/share/realsense2_description/package.zsh'
[0.993s] Level 1:colcon.colcon_core.environment:create_file_with_runtime_dependencies(/px4_uxrce/camera_legacy_ws/install/realsense2_description/share/colcon-core/packages/realsense2_description)
[1.624s] DEBUG:colcon.colcon_core.event_handler.log_command:Invoked command in '/px4_uxrce/camera_legacy_ws/build/realsense2_camera' returned '1': AMENT_PREFIX_PATH=/px4_uxrce/camera_legacy_ws/install/realsense2_camera_msgs:${AMENT_PREFIX_PATH} CMAKE_PREFIX_PATH=/px4_uxrce/camera_legacy_ws/install/realsense2_camera_msgs:/px4_uxrce/camera_ws/install/realsense2_description:/px4_uxrce/camera_ws/install/realsense2_camera:/px4_uxrce/camera_ws/install/realsense2_camera_msgs:/px4_uxrce/camera_ws/install/librealsense2:/opt/ros/humble LD_LIBRARY_PATH=/px4_uxrce/camera_legacy_ws/install/realsense2_camera_msgs/lib:${LD_LIBRARY_PATH} PYTHONPATH=/px4_uxrce/camera_legacy_ws/install/realsense2_camera_msgs/local/lib/python3.10/dist-packages:${PYTHONPATH} /usr/bin/cmake /px4_uxrce/camera_legacy_ws/src/realsense-ros/realsense2_camera -DCMAKE_INSTALL_PREFIX=/px4_uxrce/camera_legacy_ws/install/realsense2_camera
[1.635s] Level 1:colcon.colcon_core.environment:create_environment_scripts_only(realsense2_camera)
[1.636s] Level 1:colcon.colcon_core.environment:checking '/px4_uxrce/camera_legacy_ws/install/realsense2_camera' for CMake module files
[1.636s] Level 1:colcon.colcon_core.environment:checking '/px4_uxrce/camera_legacy_ws/install/realsense2_camera' for CMake config files
[1.637s] Level 1:colcon.colcon_core.environment:checking '/px4_uxrce/camera_legacy_ws/install/realsense2_camera/bin'
[1.637s] Level 1:colcon.colcon_core.environment:checking '/px4_uxrce/camera_legacy_ws/install/realsense2_camera/lib/pkgconfig/realsense2_camera.pc'
[1.637s] Level 1:colcon.colcon_core.environment:checking '/px4_uxrce/camera_legacy_ws/install/realsense2_camera/lib/python3.10/site-packages'
[1.638s] Level 1:colcon.colcon_core.environment:checking '/px4_uxrce/camera_legacy_ws/install/realsense2_camera/bin'
[1.638s] INFO:colcon.colcon_core.shell:Creating package script '/px4_uxrce/camera_legacy_ws/install/realsense2_camera/share/realsense2_camera/package.ps1'
[1.639s] INFO:colcon.colcon_core.shell:Creating package descriptor '/px4_uxrce/camera_legacy_ws/install/realsense2_camera/share/realsense2_camera/package.dsv'
[1.639s] INFO:colcon.colcon_core.shell:Creating package script '/px4_uxrce/camera_legacy_ws/install/realsense2_camera/share/realsense2_camera/package.sh'
[1.640s] INFO:colcon.colcon_core.shell:Creating package script '/px4_uxrce/camera_legacy_ws/install/realsense2_camera/share/realsense2_camera/package.bash'
[1.640s] INFO:colcon.colcon_core.shell:Creating package script '/px4_uxrce/camera_legacy_ws/install/realsense2_camera/share/realsense2_camera/package.zsh'
[1.641s] Level 1:colcon.colcon_core.environment:create_file_with_runtime_dependencies(/px4_uxrce/camera_legacy_ws/install/realsense2_camera/share/colcon-core/packages/realsense2_camera)
[1.651s] DEBUG:colcon.colcon_parallel_executor.executor.parallel:closing loop
[1.652s] DEBUG:colcon.colcon_parallel_executor.executor.parallel:loop closed
[1.652s] DEBUG:colcon.colcon_parallel_executor.executor.parallel:run_until_complete finished with '1'
[1.652s] DEBUG:colcon.colcon_core.event_reactor:joining thread
[1.659s] INFO:colcon.colcon_core.plugin_system:Skipping extension 'colcon_notification.desktop_notification.notify_send': Could not find 'notify-send'
[1.659s] INFO:colcon.colcon_core.plugin_system:Skipping extension 'colcon_notification.desktop_notification.terminal_notifier': Not used on non-Darwin systems
[1.659s] INFO:colcon.colcon_core.plugin_system:Skipping extension 'colcon_notification.desktop_notification.win32': Not used on non-Windows systems
[1.659s] INFO:colcon.colcon_notification.desktop_notification:Sending desktop notification using 'notify2'
[1.662s] DEBUG:colcon.colcon_notification.desktop_notification.notify2:Failed to initialize notify2: org.freedesktop.DBus.Error.Spawn.ExecFailed: /usr/bin/dbus-launch terminated abnormally without any error message
[1.662s] DEBUG:colcon.colcon_core.event_reactor:joined thread
[1.663s] INFO:colcon.colcon_core.shell:Creating prefix script '/px4_uxrce/camera_legacy_ws/install/local_setup.ps1'
[1.664s] INFO:colcon.colcon_core.shell:Creating prefix util module '/px4_uxrce/camera_legacy_ws/install/_local_setup_util_ps1.py'
[1.667s] INFO:colcon.colcon_core.shell:Creating prefix chain script '/px4_uxrce/camera_legacy_ws/install/setup.ps1'
[1.670s] INFO:colcon.colcon_core.shell:Creating prefix script '/px4_uxrce/camera_legacy_ws/install/local_setup.sh'
[1.671s] INFO:colcon.colcon_core.shell:Creating prefix util module '/px4_uxrce/camera_legacy_ws/install/_local_setup_util_sh.py'
[1.672s] INFO:colcon.colcon_core.shell:Creating prefix chain script '/px4_uxrce/camera_legacy_ws/install/setup.sh'
[1.674s] INFO:colcon.colcon_core.shell:Creating prefix script '/px4_uxrce/camera_legacy_ws/install/local_setup.bash'
[1.675s] INFO:colcon.colcon_core.shell:Creating prefix chain script '/px4_uxrce/camera_legacy_ws/install/setup.bash'
[1.677s] INFO:colcon.colcon_core.shell:Creating prefix script '/px4_uxrce/camera_legacy_ws/install/local_setup.zsh'
[1.678s] INFO:colcon.colcon_core.shell:Creating prefix chain script '/px4_uxrce/camera_legacy_ws/install/setup.zsh'
