[0.434s] Invoking command in '/px4_uxrce/new/px4-offboard_ws/src/px4-offboard': AMENT_PREFIX_PATH=/px4_uxrce/new/px4-offboard_ws/install/px4_msgs CMAKE_PREFIX_PATH=/px4_uxrce/new/px4-offboard_ws/install/px4_msgs LD_LIBRARY_PATH=/px4_uxrce/new/px4-offboard_ws/install/px4_msgs/lib:${LD_LIBRARY_PATH} PYTHONPATH=/px4_uxrce/new/px4-offboard_ws/build/px4_offboard/prefix_override:/usr/lib/python3/dist-packages/colcon_core/task/python/colcon_distutils_commands:/px4_uxrce/new/px4-offboard_ws/install/px4_offboard/lib/python3.10/site-packages:/px4_uxrce/new/px4-offboard_ws/install/px4_msgs/local/lib/python3.10/dist-packages /usr/bin/python3 -W ignore:setup.py install is deprecated -W ignore:easy_install command is deprecated setup.py egg_info --egg-base ../../build/px4_offboard build --build-base /px4_uxrce/new/px4-offboard_ws/build/px4_offboard/build install --record /px4_uxrce/new/px4-offboard_ws/build/px4_offboard/install.log --single-version-externally-managed install_data
[0.629s] running egg_info
[0.629s] writing ../../build/px4_offboard/px4_offboard.egg-info/PKG-INFO
[0.629s] writing dependency_links to ../../build/px4_offboard/px4_offboard.egg-info/dependency_links.txt
[0.629s] writing entry points to ../../build/px4_offboard/px4_offboard.egg-info/entry_points.txt
[0.629s] writing requirements to ../../build/px4_offboard/px4_offboard.egg-info/requires.txt
[0.629s] writing top-level names to ../../build/px4_offboard/px4_offboard.egg-info/top_level.txt
[0.631s] reading manifest file '../../build/px4_offboard/px4_offboard.egg-info/SOURCES.txt'
[0.631s] adding license file 'LICENSE'
[0.632s] writing manifest file '../../build/px4_offboard/px4_offboard.egg-info/SOURCES.txt'
[0.632s] running build
[0.632s] running build_py
[0.632s] running install
[0.633s] running install_lib
[0.634s] running install_data
[0.634s] running install_egg_info
[0.635s] removing '/px4_uxrce/new/px4-offboard_ws/install/px4_offboard/lib/python3.10/site-packages/px4_offboard-0.0.0-py3.10.egg-info' (and everything under it)
[0.635s] Copying ../../build/px4_offboard/px4_offboard.egg-info to /px4_uxrce/new/px4-offboard_ws/install/px4_offboard/lib/python3.10/site-packages/px4_offboard-0.0.0-py3.10.egg-info
[0.636s] running install_scripts
[0.654s] Installing offboard_control script to /px4_uxrce/new/px4-offboard_ws/install/px4_offboard/lib/px4_offboard
[0.654s] Installing visualizer script to /px4_uxrce/new/px4-offboard_ws/install/px4_offboard/lib/px4_offboard
[0.654s] writing list of installed files to '/px4_uxrce/new/px4-offboard_ws/build/px4_offboard/install.log'
[0.676s] Invoked command in '/px4_uxrce/new/px4-offboard_ws/src/px4-offboard' returned '0': AMENT_PREFIX_PATH=/px4_uxrce/new/px4-offboard_ws/install/px4_msgs CMAKE_PREFIX_PATH=/px4_uxrce/new/px4-offboard_ws/install/px4_msgs LD_LIBRARY_PATH=/px4_uxrce/new/px4-offboard_ws/install/px4_msgs/lib:${LD_LIBRARY_PATH} PYTHONPATH=/px4_uxrce/new/px4-offboard_ws/build/px4_offboard/prefix_override:/usr/lib/python3/dist-packages/colcon_core/task/python/colcon_distutils_commands:/px4_uxrce/new/px4-offboard_ws/install/px4_offboard/lib/python3.10/site-packages:/px4_uxrce/new/px4-offboard_ws/install/px4_msgs/local/lib/python3.10/dist-packages /usr/bin/python3 -W ignore:setup.py install is deprecated -W ignore:easy_install command is deprecated setup.py egg_info --egg-base ../../build/px4_offboard build --build-base /px4_uxrce/new/px4-offboard_ws/build/px4_offboard/build install --record /px4_uxrce/new/px4-offboard_ws/build/px4_offboard/install.log --single-version-externally-managed install_data
