/usr/local/lib/python3.10/dist-packages/setuptools/_distutils/dist.py:270: UserWarning: Unknown distribution option: 'tests_require'
  warnings.warn(msg)
running egg_info
creating ../../build/px4_offboard/px4_offboard.egg-info
writing ../../build/px4_offboard/px4_offboard.egg-info/PKG-INFO
writing dependency_links to ../../build/px4_offboard/px4_offboard.egg-info/dependency_links.txt
writing entry points to ../../build/px4_offboard/px4_offboard.egg-info/entry_points.txt
writing requirements to ../../build/px4_offboard/px4_offboard.egg-info/requires.txt
writing top-level names to ../../build/px4_offboard/px4_offboard.egg-info/top_level.txt
writing manifest file '../../build/px4_offboard/px4_offboard.egg-info/SOURCES.txt'
reading manifest file '../../build/px4_offboard/px4_offboard.egg-info/SOURCES.txt'
adding license file 'LICENSE'
writing manifest file '../../build/px4_offboard/px4_offboard.egg-info/SOURCES.txt'
running build
running build_py
creating /px4_uxrce/new/px4-offboard_ws/build/px4_offboard/build/lib/px4_offboard
copying px4_offboard/visualizer.py -> /px4_uxrce/new/px4-offboard_ws/build/px4_offboard/build/lib/px4_offboard
copying px4_offboard/__init__.py -> /px4_uxrce/new/px4-offboard_ws/build/px4_offboard/build/lib/px4_offboard
copying px4_offboard/offboard_control.py -> /px4_uxrce/new/px4-offboard_ws/build/px4_offboard/build/lib/px4_offboard
running install
running install_lib
creating /px4_uxrce/new/px4-offboard_ws/install/px4_offboard/lib/python3.10/site-packages/px4_offboard
copying /px4_uxrce/new/px4-offboard_ws/build/px4_offboard/build/lib/px4_offboard/visualizer.py -> /px4_uxrce/new/px4-offboard_ws/install/px4_offboard/lib/python3.10/site-packages/px4_offboard
copying /px4_uxrce/new/px4-offboard_ws/build/px4_offboard/build/lib/px4_offboard/__init__.py -> /px4_uxrce/new/px4-offboard_ws/install/px4_offboard/lib/python3.10/site-packages/px4_offboard
copying /px4_uxrce/new/px4-offboard_ws/build/px4_offboard/build/lib/px4_offboard/offboard_control.py -> /px4_uxrce/new/px4-offboard_ws/install/px4_offboard/lib/python3.10/site-packages/px4_offboard
byte-compiling /px4_uxrce/new/px4-offboard_ws/install/px4_offboard/lib/python3.10/site-packages/px4_offboard/visualizer.py to visualizer.cpython-310.pyc
byte-compiling /px4_uxrce/new/px4-offboard_ws/install/px4_offboard/lib/python3.10/site-packages/px4_offboard/__init__.py to __init__.cpython-310.pyc
byte-compiling /px4_uxrce/new/px4-offboard_ws/install/px4_offboard/lib/python3.10/site-packages/px4_offboard/offboard_control.py to offboard_control.cpython-310.pyc
running install_data
creating /px4_uxrce/new/px4-offboard_ws/install/px4_offboard/share/ament_index/resource_index/packages
copying resource/px4_offboard -> /px4_uxrce/new/px4-offboard_ws/install/px4_offboard/share/ament_index/resource_index/packages
copying resource/visualize.rviz -> /px4_uxrce/new/px4-offboard_ws/install/px4_offboard/share/ament_index/resource_index/packages
copying package.xml -> /px4_uxrce/new/px4-offboard_ws/install/px4_offboard/share/px4_offboard
copying launch/offboard_position_control.launch.py -> /px4_uxrce/new/px4-offboard_ws/install/px4_offboard/share/px4_offboard
copying launch/visualize.launch.py -> /px4_uxrce/new/px4-offboard_ws/install/px4_offboard/share/px4_offboard
copying launch/offboard_hardware_position_control.launch.py -> /px4_uxrce/new/px4-offboard_ws/install/px4_offboard/share/px4_offboard
copying resource/visualize.rviz -> /px4_uxrce/new/px4-offboard_ws/install/px4_offboard/share/px4_offboard
running install_egg_info
Copying ../../build/px4_offboard/px4_offboard.egg-info to /px4_uxrce/new/px4-offboard_ws/install/px4_offboard/lib/python3.10/site-packages/px4_offboard-0.0.0-py3.10.egg-info
running install_scripts
Installing offboard_control script to /px4_uxrce/new/px4-offboard_ws/install/px4_offboard/lib/px4_offboard
Installing visualizer script to /px4_uxrce/new/px4-offboard_ws/install/px4_offboard/lib/px4_offboard
writing list of installed files to '/px4_uxrce/new/px4-offboard_ws/build/px4_offboard/install.log'
