-- Found ament_cmake: 1.3.11 (/opt/ros/humble/share/ament_cmake/cmake)
-- Found rclcpp: 16.0.11 (/opt/ros/humble/share/rclcpp/cmake)
-- Found rosidl_generator_c: 3.1.6 (/opt/ros/humble/share/rosidl_generator_c/cmake)
-- Found rosidl_adapter: 3.1.6 (/opt/ros/humble/share/rosidl_adapter/cmake)
-- Found rosidl_generator_cpp: 3.1.6 (/opt/ros/humble/share/rosidl_generator_cpp/cmake)
-- Using all available rosidl_typesupport_c: rosidl_typesupport_fastrtps_c;rosidl_typesupport_introspection_c
-- Using all available rosidl_typesupport_cpp: rosidl_typesupport_fastrtps_cpp;rosidl_typesupport_introspection_cpp
-- Found rmw_implementation_cmake: 6.1.2 (/opt/ros/humble/share/rmw_implementation_cmake/cmake)
-- Found rmw_fastrtps_cpp: 6.2.7 (/opt/ros/humble/share/rmw_fastrtps_cpp/cmake)
-- Using RMW implementation 'rmw_fastrtps_cpp' as default
-- Found nav_msgs: 4.2.4 (/opt/ros/humble/share/nav_msgs/cmake)
-- Found tf2: 0.25.12 (/opt/ros/humble/share/tf2/cmake)
-- Found tf2_geometry_msgs: 0.25.12 (/opt/ros/humble/share/tf2_geometry_msgs/cmake)
-- Found eigen3_cmake_module: 0.1.1 (/opt/ros/humble/share/eigen3_cmake_module/cmake)
-- Ensuring Eigen3 include directory is part of orocos-kdl CMake target
-- Configuring done
-- Generating done
-- Build files have been written to: /px4_uxrce/t265_px4_bridge/build/t265_to_px4_bridge
[35m[1mConsolidate compiler generated dependencies of target t265_to_px4_bridge[0m
[100%] Built target t265_to_px4_bridge
-- Install configuration: ""
-- Up-to-date: /px4_uxrce/t265_px4_bridge/install/t265_to_px4_bridge/lib/t265_to_px4_bridge/t265_to_px4_bridge
-- Up-to-date: /px4_uxrce/t265_px4_bridge/install/t265_to_px4_bridge/share/ament_index/resource_index/package_run_dependencies/t265_to_px4_bridge
-- Installing: /px4_uxrce/t265_px4_bridge/install/t265_to_px4_bridge/share/ament_index/resource_index/parent_prefix_path/t265_to_px4_bridge
-- Up-to-date: /px4_uxrce/t265_px4_bridge/install/t265_to_px4_bridge/share/t265_to_px4_bridge/environment/ament_prefix_path.sh
-- Installing: /px4_uxrce/t265_px4_bridge/install/t265_to_px4_bridge/share/t265_to_px4_bridge/environment/ament_prefix_path.dsv
-- Up-to-date: /px4_uxrce/t265_px4_bridge/install/t265_to_px4_bridge/share/t265_to_px4_bridge/environment/path.sh
-- Installing: /px4_uxrce/t265_px4_bridge/install/t265_to_px4_bridge/share/t265_to_px4_bridge/environment/path.dsv
-- Up-to-date: /px4_uxrce/t265_px4_bridge/install/t265_to_px4_bridge/share/t265_to_px4_bridge/local_setup.bash
-- Up-to-date: /px4_uxrce/t265_px4_bridge/install/t265_to_px4_bridge/share/t265_to_px4_bridge/local_setup.sh
-- Up-to-date: /px4_uxrce/t265_px4_bridge/install/t265_to_px4_bridge/share/t265_to_px4_bridge/local_setup.zsh
-- Installing: /px4_uxrce/t265_px4_bridge/install/t265_to_px4_bridge/share/t265_to_px4_bridge/local_setup.dsv
-- Installing: /px4_uxrce/t265_px4_bridge/install/t265_to_px4_bridge/share/t265_to_px4_bridge/package.dsv
-- Up-to-date: /px4_uxrce/t265_px4_bridge/install/t265_to_px4_bridge/share/ament_index/resource_index/packages/t265_to_px4_bridge
-- Up-to-date: /px4_uxrce/t265_px4_bridge/install/t265_to_px4_bridge/share/t265_to_px4_bridge/cmake/ament_cmake_export_dependencies-extras.cmake
-- Installing: /px4_uxrce/t265_px4_bridge/install/t265_to_px4_bridge/share/t265_to_px4_bridge/cmake/t265_to_px4_bridgeConfig.cmake
-- Installing: /px4_uxrce/t265_px4_bridge/install/t265_to_px4_bridge/share/t265_to_px4_bridge/cmake/t265_to_px4_bridgeConfig-version.cmake
-- Installing: /px4_uxrce/t265_px4_bridge/install/t265_to_px4_bridge/share/t265_to_px4_bridge/package.xml
