[0.053s] Invoking command in '/px4_uxrce/t265_px4_bridge/build/examples_rclcpp_minimal_action_server': CMAKE_PREFIX_PATH=/opt/ros/humble:${CMAKE_PREFIX_PATH} /usr/bin/cmake /px4_uxrce/t265_px4_bridge/src/examples/rclcpp/actions/minimal_action_server -DCMAKE_INSTALL_PREFIX=/px4_uxrce/t265_px4_bridge/install/examples_rclcpp_minimal_action_server
[0.171s] -- The C compiler identification is GNU 11.4.0
[0.277s] -- The CXX compiler identification is GNU 11.4.0
[0.295s] -- Detecting C compiler ABI info
[0.429s] -- Detecting C compiler ABI info - done
[0.445s] -- Check for working C compiler: /usr/bin/cc - skipped
[0.445s] -- Detecting C compile features
[0.447s] -- Detecting C compile features - done
[0.454s] -- Detecting CXX compiler ABI info
[0.597s] -- Detecting CXX compiler ABI info - done
[0.616s] -- Check for working CXX compiler: /usr/bin/c++ - skipped
[0.616s] -- Detecting CXX compile features
[0.616s] -- Detecting CXX compile features - done
[0.638s] -- Found ament_cmake: 1.3.11 (/opt/ros/humble/share/ament_cmake/cmake)
[0.851s] -- Found Python3: /usr/bin/python3 (found version "3.10.12") found components: Interpreter 
[1.001s] -- Found example_interfaces: 0.9.3 (/opt/ros/humble/share/example_interfaces/cmake)
[1.054s] -- Found rosidl_generator_c: 3.1.6 (/opt/ros/humble/share/rosidl_generator_c/cmake)
[1.061s] -- Found rosidl_adapter: 3.1.6 (/opt/ros/humble/share/rosidl_adapter/cmake)
[1.078s] -- Found rosidl_generator_cpp: 3.1.6 (/opt/ros/humble/share/rosidl_generator_cpp/cmake)
[1.097s] -- Using all available rosidl_typesupport_c: rosidl_typesupport_fastrtps_c;rosidl_typesupport_introspection_c
[1.149s] -- Using all available rosidl_typesupport_cpp: rosidl_typesupport_fastrtps_cpp;rosidl_typesupport_introspection_cpp
[1.239s] -- Found rclcpp: 16.0.11 (/opt/ros/humble/share/rclcpp/cmake)
[1.311s] -- Found rmw_implementation_cmake: 6.1.2 (/opt/ros/humble/share/rmw_implementation_cmake/cmake)
[1.315s] -- Found rmw_fastrtps_cpp: 6.2.7 (/opt/ros/humble/share/rmw_fastrtps_cpp/cmake)
[1.485s] -- Found OpenSSL: /usr/lib/x86_64-linux-gnu/libcrypto.so (found version "3.0.2")  
[1.523s] -- Found FastRTPS: /opt/ros/humble/include  
[1.588s] -- Using RMW implementation 'rmw_fastrtps_cpp' as default
[1.601s] -- Looking for pthread.h
[1.737s] -- Looking for pthread.h - found
[1.737s] -- Performing Test CMAKE_HAVE_LIBC_PTHREAD
[1.869s] -- Performing Test CMAKE_HAVE_LIBC_PTHREAD - Success
[1.871s] -- Found Threads: TRUE  
[1.977s] -- Found rclcpp_action: 16.0.11 (/opt/ros/humble/share/rclcpp_action/cmake)
[2.013s] -- Found ament_lint_auto: 0.12.11 (/opt/ros/humble/share/ament_lint_auto/cmake)
[2.151s] -- Added test 'copyright' to check source files copyright and LICENSE
[2.153s] -- Added test 'cppcheck' to perform static code analysis on C / C++ code
[2.153s] -- Configured cppcheck include dirs: 
[2.153s] -- Configured cppcheck exclude dirs and/or files: 
[2.155s] -- Added test 'cpplint' to check C / C++ code against the Google style
[2.155s] -- Configured cpplint exclude dirs and/or files: 
[2.157s] -- Added test 'lint_cmake' to check CMake code style
[2.159s] -- Added test 'uncrustify' to check C / C++ code style
[2.159s] -- Configured uncrustify additional arguments: 
[2.179s] -- Added test 'xmllint' to check XML markup files
[2.179s] -- Configuring done
[2.192s] -- Generating done
[2.207s] -- Build files have been written to: /px4_uxrce/t265_px4_bridge/build/examples_rclcpp_minimal_action_server
[2.224s] Invoked command in '/px4_uxrce/t265_px4_bridge/build/examples_rclcpp_minimal_action_server' returned '0': CMAKE_PREFIX_PATH=/opt/ros/humble:${CMAKE_PREFIX_PATH} /usr/bin/cmake /px4_uxrce/t265_px4_bridge/src/examples/rclcpp/actions/minimal_action_server -DCMAKE_INSTALL_PREFIX=/px4_uxrce/t265_px4_bridge/install/examples_rclcpp_minimal_action_server
[2.227s] Invoking command in '/px4_uxrce/t265_px4_bridge/build/examples_rclcpp_minimal_action_server': CMAKE_PREFIX_PATH=/opt/ros/humble:${CMAKE_PREFIX_PATH} /usr/bin/cmake --build /px4_uxrce/t265_px4_bridge/build/examples_rclcpp_minimal_action_server -- -j12 -l12
[25.924s] [ 25%] [32mBuilding CXX object CMakeFiles/action_server_member_functions.dir/member_functions.cpp.o[0m
[25.924s] [ 50%] [32mBuilding CXX object CMakeFiles/action_server_not_composable.dir/not_composable.cpp.o[0m
[25.924s] [ 75%] [32m[1mLinking CXX executable action_server_not_composable[0m
[25.924s] [ 75%] Built target action_server_not_composable
[32.591s] [100%] [32m[1mLinking CXX executable action_server_member_functions[0m
[33.044s] [100%] Built target action_server_member_functions
[33.121s] Invoked command in '/px4_uxrce/t265_px4_bridge/build/examples_rclcpp_minimal_action_server' returned '0': CMAKE_PREFIX_PATH=/opt/ros/humble:${CMAKE_PREFIX_PATH} /usr/bin/cmake --build /px4_uxrce/t265_px4_bridge/build/examples_rclcpp_minimal_action_server -- -j12 -l12
[33.128s] Invoking command in '/px4_uxrce/t265_px4_bridge/build/examples_rclcpp_minimal_action_server': CMAKE_PREFIX_PATH=/opt/ros/humble:${CMAKE_PREFIX_PATH} /usr/bin/cmake --install /px4_uxrce/t265_px4_bridge/build/examples_rclcpp_minimal_action_server
[33.159s] -- Install configuration: ""
[33.164s] -- Installing: /px4_uxrce/t265_px4_bridge/install/examples_rclcpp_minimal_action_server/lib/examples_rclcpp_minimal_action_server/action_server_not_composable
[33.170s] -- Set runtime path of "/px4_uxrce/t265_px4_bridge/install/examples_rclcpp_minimal_action_server/lib/examples_rclcpp_minimal_action_server/action_server_not_composable" to ""
[33.171s] -- Installing: /px4_uxrce/t265_px4_bridge/install/examples_rclcpp_minimal_action_server/lib/examples_rclcpp_minimal_action_server/action_server_member_functions
[33.171s] -- Set runtime path of "/px4_uxrce/t265_px4_bridge/install/examples_rclcpp_minimal_action_server/lib/examples_rclcpp_minimal_action_server/action_server_member_functions" to ""
[33.171s] -- Installing: /px4_uxrce/t265_px4_bridge/install/examples_rclcpp_minimal_action_server/share/ament_index/resource_index/package_run_dependencies/examples_rclcpp_minimal_action_server
[33.171s] -- Installing: /px4_uxrce/t265_px4_bridge/install/examples_rclcpp_minimal_action_server/share/ament_index/resource_index/parent_prefix_path/examples_rclcpp_minimal_action_server
[33.171s] -- Installing: /px4_uxrce/t265_px4_bridge/install/examples_rclcpp_minimal_action_server/share/examples_rclcpp_minimal_action_server/environment/ament_prefix_path.sh
[33.173s] -- Installing: /px4_uxrce/t265_px4_bridge/install/examples_rclcpp_minimal_action_server/share/examples_rclcpp_minimal_action_server/environment/ament_prefix_path.dsv
[33.175s] -- Installing: /px4_uxrce/t265_px4_bridge/install/examples_rclcpp_minimal_action_server/share/examples_rclcpp_minimal_action_server/environment/path.sh
[33.177s] -- Installing: /px4_uxrce/t265_px4_bridge/install/examples_rclcpp_minimal_action_server/share/examples_rclcpp_minimal_action_server/environment/path.dsv
[33.183s] -- Installing: /px4_uxrce/t265_px4_bridge/install/examples_rclcpp_minimal_action_server/share/examples_rclcpp_minimal_action_server/local_setup.bash
[33.183s] -- Installing: /px4_uxrce/t265_px4_bridge/install/examples_rclcpp_minimal_action_server/share/examples_rclcpp_minimal_action_server/local_setup.sh
[33.183s] -- Installing: /px4_uxrce/t265_px4_bridge/install/examples_rclcpp_minimal_action_server/share/examples_rclcpp_minimal_action_server/local_setup.zsh
[33.183s] -- Installing: /px4_uxrce/t265_px4_bridge/install/examples_rclcpp_minimal_action_server/share/examples_rclcpp_minimal_action_server/local_setup.dsv
[33.183s] -- Installing: /px4_uxrce/t265_px4_bridge/install/examples_rclcpp_minimal_action_server/share/examples_rclcpp_minimal_action_server/package.dsv
[33.185s] -- Installing: /px4_uxrce/t265_px4_bridge/install/examples_rclcpp_minimal_action_server/share/ament_index/resource_index/packages/examples_rclcpp_minimal_action_server
[33.185s] -- Installing: /px4_uxrce/t265_px4_bridge/install/examples_rclcpp_minimal_action_server/share/examples_rclcpp_minimal_action_server/cmake/examples_rclcpp_minimal_action_serverConfig.cmake
[33.185s] -- Installing: /px4_uxrce/t265_px4_bridge/install/examples_rclcpp_minimal_action_server/share/examples_rclcpp_minimal_action_server/cmake/examples_rclcpp_minimal_action_serverConfig-version.cmake
[33.185s] -- Installing: /px4_uxrce/t265_px4_bridge/install/examples_rclcpp_minimal_action_server/share/examples_rclcpp_minimal_action_server/package.xml
[37.099s] Invoked command in '/px4_uxrce/t265_px4_bridge/build/examples_rclcpp_minimal_action_server' returned '0': CMAKE_PREFIX_PATH=/opt/ros/humble:${CMAKE_PREFIX_PATH} /usr/bin/cmake --install /px4_uxrce/t265_px4_bridge/build/examples_rclcpp_minimal_action_server
