/px4_uxrce/t265_px4_bridge/install/examples_rclpy_minimal_client/lib/python3.10/site-packages/examples_rclpy_minimal_client/client_async_callback.py
/px4_uxrce/t265_px4_bridge/install/examples_rclpy_minimal_client/lib/python3.10/site-packages/examples_rclpy_minimal_client/client.py
/px4_uxrce/t265_px4_bridge/install/examples_rclpy_minimal_client/lib/python3.10/site-packages/examples_rclpy_minimal_client/client_async_member_function.py
/px4_uxrce/t265_px4_bridge/install/examples_rclpy_minimal_client/lib/python3.10/site-packages/examples_rclpy_minimal_client/__init__.py
/px4_uxrce/t265_px4_bridge/install/examples_rclpy_minimal_client/lib/python3.10/site-packages/examples_rclpy_minimal_client/client_async.py
/px4_uxrce/t265_px4_bridge/install/examples_rclpy_minimal_client/lib/python3.10/site-packages/examples_rclpy_minimal_client/__pycache__/client_async_callback.cpython-310.pyc
/px4_uxrce/t265_px4_bridge/install/examples_rclpy_minimal_client/lib/python3.10/site-packages/examples_rclpy_minimal_client/__pycache__/client.cpython-310.pyc
/px4_uxrce/t265_px4_bridge/install/examples_rclpy_minimal_client/lib/python3.10/site-packages/examples_rclpy_minimal_client/__pycache__/client_async_member_function.cpython-310.pyc
/px4_uxrce/t265_px4_bridge/install/examples_rclpy_minimal_client/lib/python3.10/site-packages/examples_rclpy_minimal_client/__pycache__/__init__.cpython-310.pyc
/px4_uxrce/t265_px4_bridge/install/examples_rclpy_minimal_client/lib/python3.10/site-packages/examples_rclpy_minimal_client/__pycache__/client_async.cpython-310.pyc
/px4_uxrce/t265_px4_bridge/install/examples_rclpy_minimal_client/share/ament_index/resource_index/packages/examples_rclpy_minimal_client
/px4_uxrce/t265_px4_bridge/install/examples_rclpy_minimal_client/share/examples_rclpy_minimal_client/package.xml
/px4_uxrce/t265_px4_bridge/install/examples_rclpy_minimal_client/lib/python3.10/site-packages/examples_rclpy_minimal_client-0.15.3-py3.10.egg-info/requires.txt
/px4_uxrce/t265_px4_bridge/install/examples_rclpy_minimal_client/lib/python3.10/site-packages/examples_rclpy_minimal_client-0.15.3-py3.10.egg-info/entry_points.txt
/px4_uxrce/t265_px4_bridge/install/examples_rclpy_minimal_client/lib/python3.10/site-packages/examples_rclpy_minimal_client-0.15.3-py3.10.egg-info/zip-safe
/px4_uxrce/t265_px4_bridge/install/examples_rclpy_minimal_client/lib/python3.10/site-packages/examples_rclpy_minimal_client-0.15.3-py3.10.egg-info/dependency_links.txt
/px4_uxrce/t265_px4_bridge/install/examples_rclpy_minimal_client/lib/python3.10/site-packages/examples_rclpy_minimal_client-0.15.3-py3.10.egg-info/top_level.txt
/px4_uxrce/t265_px4_bridge/install/examples_rclpy_minimal_client/lib/python3.10/site-packages/examples_rclpy_minimal_client-0.15.3-py3.10.egg-info/PKG-INFO
/px4_uxrce/t265_px4_bridge/install/examples_rclpy_minimal_client/lib/python3.10/site-packages/examples_rclpy_minimal_client-0.15.3-py3.10.egg-info/SOURCES.txt
/px4_uxrce/t265_px4_bridge/install/examples_rclpy_minimal_client/lib/examples_rclpy_minimal_client/client
/px4_uxrce/t265_px4_bridge/install/examples_rclpy_minimal_client/lib/examples_rclpy_minimal_client/client_async
/px4_uxrce/t265_px4_bridge/install/examples_rclpy_minimal_client/lib/examples_rclpy_minimal_client/client_async_callback
/px4_uxrce/t265_px4_bridge/install/examples_rclpy_minimal_client/lib/examples_rclpy_minimal_client/client_async_member_function
