[0.044s] Invoking command in '/px4_uxrce/t265_px4_bridge/build/examples_rclcpp_minimal_service': CMAKE_PREFIX_PATH=/opt/ros/humble:${CMAKE_PREFIX_PATH} /usr/bin/cmake /px4_uxrce/t265_px4_bridge/src/examples/rclcpp/services/minimal_service -DCMAKE_INSTALL_PREFIX=/px4_uxrce/t265_px4_bridge/install/examples_rclcpp_minimal_service
[0.152s] -- The C compiler identification is GNU 11.4.0
[0.255s] -- The CXX compiler identification is GNU 11.4.0
[0.264s] -- Detecting C compiler ABI info
[0.435s] -- Detecting C compiler ABI info - done
[0.445s] -- Check for working C compiler: /usr/bin/cc - skipped
[0.445s] -- Detecting C compile features
[0.445s] -- Detecting C compile features - done
[0.450s] -- Detecting CXX compiler ABI info
[0.627s] -- Detecting CXX compiler ABI info - done
[0.636s] -- Check for working CXX compiler: /usr/bin/c++ - skipped
[0.636s] -- Detecting CXX compile features
[0.636s] -- Detecting CXX compile features - done
[0.638s] -- Found ament_cmake: 1.3.11 (/opt/ros/humble/share/ament_cmake/cmake)
[0.876s] -- Found Python3: /usr/bin/python3 (found version "3.10.12") found components: Interpreter 
[1.058s] -- Found example_interfaces: 0.9.3 (/opt/ros/humble/share/example_interfaces/cmake)
[1.142s] -- Found rosidl_generator_c: 3.1.6 (/opt/ros/humble/share/rosidl_generator_c/cmake)
[1.151s] -- Found rosidl_adapter: 3.1.6 (/opt/ros/humble/share/rosidl_adapter/cmake)
[1.178s] -- Found rosidl_generator_cpp: 3.1.6 (/opt/ros/humble/share/rosidl_generator_cpp/cmake)
[1.196s] -- Using all available rosidl_typesupport_c: rosidl_typesupport_fastrtps_c;rosidl_typesupport_introspection_c
[1.231s] -- Using all available rosidl_typesupport_cpp: rosidl_typesupport_fastrtps_cpp;rosidl_typesupport_introspection_cpp
[1.342s] -- Found rclcpp: 16.0.11 (/opt/ros/humble/share/rclcpp/cmake)
[1.414s] -- Found rmw_implementation_cmake: 6.1.2 (/opt/ros/humble/share/rmw_implementation_cmake/cmake)
[1.418s] -- Found rmw_fastrtps_cpp: 6.2.7 (/opt/ros/humble/share/rmw_fastrtps_cpp/cmake)
[1.565s] -- Found OpenSSL: /usr/lib/x86_64-linux-gnu/libcrypto.so (found version "3.0.2")  
[1.617s] -- Found FastRTPS: /opt/ros/humble/include  
[1.675s] -- Using RMW implementation 'rmw_fastrtps_cpp' as default
[1.686s] -- Looking for pthread.h
[1.795s] -- Looking for pthread.h - found
[1.795s] -- Performing Test CMAKE_HAVE_LIBC_PTHREAD
[1.945s] -- Performing Test CMAKE_HAVE_LIBC_PTHREAD - Success
[1.946s] -- Found Threads: TRUE  
[2.066s] -- Found ament_lint_auto: 0.12.11 (/opt/ros/humble/share/ament_lint_auto/cmake)
[2.203s] -- Added test 'copyright' to check source files copyright and LICENSE
[2.205s] -- Added test 'cppcheck' to perform static code analysis on C / C++ code
[2.209s] -- Configured cppcheck include dirs: 
[2.209s] -- Configured cppcheck exclude dirs and/or files: 
[2.209s] -- Added test 'cpplint' to check C / C++ code against the Google style
[2.209s] -- Configured cpplint exclude dirs and/or files: 
[2.210s] -- Added test 'lint_cmake' to check CMake code style
[2.212s] -- Added test 'uncrustify' to check C / C++ code style
[2.212s] -- Configured uncrustify additional arguments: 
[2.213s] -- Added test 'xmllint' to check XML markup files
[2.216s] -- Configuring done
[2.236s] -- Generating done
[2.243s] -- Build files have been written to: /px4_uxrce/t265_px4_bridge/build/examples_rclcpp_minimal_service
[2.268s] Invoked command in '/px4_uxrce/t265_px4_bridge/build/examples_rclcpp_minimal_service' returned '0': CMAKE_PREFIX_PATH=/opt/ros/humble:${CMAKE_PREFIX_PATH} /usr/bin/cmake /px4_uxrce/t265_px4_bridge/src/examples/rclcpp/services/minimal_service -DCMAKE_INSTALL_PREFIX=/px4_uxrce/t265_px4_bridge/install/examples_rclcpp_minimal_service
[2.268s] Invoking command in '/px4_uxrce/t265_px4_bridge/build/examples_rclcpp_minimal_service': CMAKE_PREFIX_PATH=/opt/ros/humble:${CMAKE_PREFIX_PATH} /usr/bin/cmake --build /px4_uxrce/t265_px4_bridge/build/examples_rclcpp_minimal_service -- -j12 -l12
[27.931s] [ 50%] [32mBuilding CXX object CMakeFiles/service_main.dir/main.cpp.o[0m
[30.687s] [100%] [32m[1mLinking CXX executable service_main[0m
[31.252s] [100%] Built target service_main
[31.311s] Invoked command in '/px4_uxrce/t265_px4_bridge/build/examples_rclcpp_minimal_service' returned '0': CMAKE_PREFIX_PATH=/opt/ros/humble:${CMAKE_PREFIX_PATH} /usr/bin/cmake --build /px4_uxrce/t265_px4_bridge/build/examples_rclcpp_minimal_service -- -j12 -l12
[31.312s] Invoking command in '/px4_uxrce/t265_px4_bridge/build/examples_rclcpp_minimal_service': CMAKE_PREFIX_PATH=/opt/ros/humble:${CMAKE_PREFIX_PATH} /usr/bin/cmake --install /px4_uxrce/t265_px4_bridge/build/examples_rclcpp_minimal_service
[33.104s] -- Install configuration: ""
[33.104s] -- Installing: /px4_uxrce/t265_px4_bridge/install/examples_rclcpp_minimal_service/lib/examples_rclcpp_minimal_service/service_main
[33.104s] -- Set runtime path of "/px4_uxrce/t265_px4_bridge/install/examples_rclcpp_minimal_service/lib/examples_rclcpp_minimal_service/service_main" to ""
[33.104s] -- Installing: /px4_uxrce/t265_px4_bridge/install/examples_rclcpp_minimal_service/share/ament_index/resource_index/package_run_dependencies/examples_rclcpp_minimal_service
[33.104s] -- Installing: /px4_uxrce/t265_px4_bridge/install/examples_rclcpp_minimal_service/share/ament_index/resource_index/parent_prefix_path/examples_rclcpp_minimal_service
[33.104s] -- Installing: /px4_uxrce/t265_px4_bridge/install/examples_rclcpp_minimal_service/share/examples_rclcpp_minimal_service/environment/ament_prefix_path.sh
[33.105s] -- Installing: /px4_uxrce/t265_px4_bridge/install/examples_rclcpp_minimal_service/share/examples_rclcpp_minimal_service/environment/ament_prefix_path.dsv
[33.105s] -- Installing: /px4_uxrce/t265_px4_bridge/install/examples_rclcpp_minimal_service/share/examples_rclcpp_minimal_service/environment/path.sh
[33.105s] -- Installing: /px4_uxrce/t265_px4_bridge/install/examples_rclcpp_minimal_service/share/examples_rclcpp_minimal_service/environment/path.dsv
[33.105s] -- Installing: /px4_uxrce/t265_px4_bridge/install/examples_rclcpp_minimal_service/share/examples_rclcpp_minimal_service/local_setup.bash
[33.105s] -- Installing: /px4_uxrce/t265_px4_bridge/install/examples_rclcpp_minimal_service/share/examples_rclcpp_minimal_service/local_setup.sh
[33.105s] -- Installing: /px4_uxrce/t265_px4_bridge/install/examples_rclcpp_minimal_service/share/examples_rclcpp_minimal_service/local_setup.zsh
[33.105s] -- Installing: /px4_uxrce/t265_px4_bridge/install/examples_rclcpp_minimal_service/share/examples_rclcpp_minimal_service/local_setup.dsv
[33.105s] -- Installing: /px4_uxrce/t265_px4_bridge/install/examples_rclcpp_minimal_service/share/examples_rclcpp_minimal_service/package.dsv
[33.106s] -- Installing: /px4_uxrce/t265_px4_bridge/install/examples_rclcpp_minimal_service/share/ament_index/resource_index/packages/examples_rclcpp_minimal_service
[33.106s] -- Installing: /px4_uxrce/t265_px4_bridge/install/examples_rclcpp_minimal_service/share/examples_rclcpp_minimal_service/cmake/examples_rclcpp_minimal_serviceConfig.cmake
[33.106s] -- Installing: /px4_uxrce/t265_px4_bridge/install/examples_rclcpp_minimal_service/share/examples_rclcpp_minimal_service/cmake/examples_rclcpp_minimal_serviceConfig-version.cmake
[33.106s] -- Installing: /px4_uxrce/t265_px4_bridge/install/examples_rclcpp_minimal_service/share/examples_rclcpp_minimal_service/package.xml
[33.239s] Invoked command in '/px4_uxrce/t265_px4_bridge/build/examples_rclcpp_minimal_service' returned '0': CMAKE_PREFIX_PATH=/opt/ros/humble:${CMAKE_PREFIX_PATH} /usr/bin/cmake --install /px4_uxrce/t265_px4_bridge/build/examples_rclcpp_minimal_service
