[0.114s] DEBUG:colcon:Command line arguments: ['/usr/bin/colcon', 'build', '--packages-select', 'px4_msgs']
[0.115s] DEBUG:colcon:Parsed command line arguments: Namespace(log_base=None, log_level=None, verb_name='build', build_base='build', install_base='install', merge_install=False, symlink_install=False, test_result_base=None, continue_on_error=False, executor='parallel', parallel_workers=12, event_handlers=None, ignore_user_meta=False, metas=['./colcon.meta'], base_paths=['.'], packages_ignore=None, packages_ignore_regex=None, paths=None, packages_up_to=None, packages_up_to_regex=None, packages_above=None, packages_above_and_dependencies=None, packages_above_depth=None, packages_select_by_dep=None, packages_skip_by_dep=None, packages_skip_up_to=None, packages_select_build_failed=False, packages_skip_build_finished=False, packages_select_test_failures=False, packages_skip_test_passed=False, packages_select=['px4_msgs'], packages_skip=None, packages_select_regex=None, packages_skip_regex=None, packages_start=None, packages_end=None, cmake_args=None, cmake_target=None, cmake_target_skip_unavailable=False, cmake_clean_cache=False, cmake_clean_first=False, cmake_force_configure=False, ament_cmake_args=None, catkin_cmake_args=None, catkin_skip_building_tests=False, mixin_files=None, mixin=None, verb_parser=<colcon_mixin.mixin.mixin_argument.MixinArgumentDecorator object at 0x7fb73777b370>, verb_extension=<colcon_core.verb.build.BuildVerb object at 0x7fb73777ace0>, main=<bound method BuildVerb.main of <colcon_core.verb.build.BuildVerb object at 0x7fb73777ace0>>, mixin_verb=('build',))
[0.242s] Level 1:colcon.colcon_core.package_discovery:discover_packages(colcon_meta) check parameters
[0.243s] INFO:colcon.colcon_metadata.package_discovery.colcon_meta:Using configuration from '/root/.colcon/metadata/default/Gazebo.meta'
[0.243s] INFO:colcon.colcon_metadata.package_discovery.colcon_meta:Using configuration from '/root/.colcon/metadata/default/fastrtps.meta'
[0.244s] Level 1:colcon.colcon_core.package_discovery:discover_packages(recursive) check parameters
[0.244s] Level 1:colcon.colcon_core.package_discovery:discover_packages(ignore) check parameters
[0.244s] Level 1:colcon.colcon_core.package_discovery:discover_packages(path) check parameters
[0.244s] Level 1:colcon.colcon_core.package_discovery:discover_packages(colcon_meta) discover
[0.244s] Level 1:colcon.colcon_core.package_discovery:discover_packages(recursive) discover
[0.244s] INFO:colcon.colcon_core.package_discovery:Crawling recursively for packages in '/px4_uxrce/t265_px4_bridge'
[0.244s] Level 1:colcon.colcon_core.package_identification:_identify(.) by extensions ['ignore', 'ignore_ament_install']
[0.244s] Level 1:colcon.colcon_core.package_identification:_identify(.) by extension 'ignore'
[0.244s] Level 1:colcon.colcon_core.package_identification:_identify(.) by extension 'ignore_ament_install'
[0.244s] Level 1:colcon.colcon_core.package_identification:_identify(.) by extensions ['colcon_pkg']
[0.244s] Level 1:colcon.colcon_core.package_identification:_identify(.) by extension 'colcon_pkg'
[0.244s] Level 1:colcon.colcon_core.package_identification:_identify(.) by extensions ['colcon_meta']
[0.244s] Level 1:colcon.colcon_core.package_identification:_identify(.) by extension 'colcon_meta'
[0.244s] Level 1:colcon.colcon_core.package_identification:_identify(.) by extensions ['ros']
[0.244s] Level 1:colcon.colcon_core.package_identification:_identify(.) by extension 'ros'
[0.255s] Level 1:colcon.colcon_core.package_identification:_identify(.) by extensions ['cmake', 'python']
[0.255s] Level 1:colcon.colcon_core.package_identification:_identify(.) by extension 'cmake'
[0.256s] Level 1:colcon.colcon_core.package_identification:_identify(.) by extension 'python'
[0.256s] Level 1:colcon.colcon_core.package_identification:_identify(.) by extensions ['python_setup_py']
[0.256s] Level 1:colcon.colcon_core.package_identification:_identify(.) by extension 'python_setup_py'
[0.256s] Level 1:colcon.colcon_core.package_identification:_identify(build) by extensions ['ignore', 'ignore_ament_install']
[0.256s] Level 1:colcon.colcon_core.package_identification:_identify(build) by extension 'ignore'
[0.256s] Level 1:colcon.colcon_core.package_identification:_identify(build) ignored
[0.256s] Level 1:colcon.colcon_core.package_identification:_identify(install) by extensions ['ignore', 'ignore_ament_install']
[0.256s] Level 1:colcon.colcon_core.package_identification:_identify(install) by extension 'ignore'
[0.256s] Level 1:colcon.colcon_core.package_identification:_identify(install) ignored
[0.256s] Level 1:colcon.colcon_core.package_identification:_identify(log) by extensions ['ignore', 'ignore_ament_install']
[0.256s] Level 1:colcon.colcon_core.package_identification:_identify(log) by extension 'ignore'
[0.256s] Level 1:colcon.colcon_core.package_identification:_identify(log) ignored
[0.257s] Level 1:colcon.colcon_core.package_identification:_identify(src) by extensions ['ignore', 'ignore_ament_install']
[0.257s] Level 1:colcon.colcon_core.package_identification:_identify(src) by extension 'ignore'
[0.257s] Level 1:colcon.colcon_core.package_identification:_identify(src) by extension 'ignore_ament_install'
[0.257s] Level 1:colcon.colcon_core.package_identification:_identify(src) by extensions ['colcon_pkg']
[0.257s] Level 1:colcon.colcon_core.package_identification:_identify(src) by extension 'colcon_pkg'
[0.257s] Level 1:colcon.colcon_core.package_identification:_identify(src) by extensions ['colcon_meta']
[0.257s] Level 1:colcon.colcon_core.package_identification:_identify(src) by extension 'colcon_meta'
[0.257s] Level 1:colcon.colcon_core.package_identification:_identify(src) by extensions ['ros']
[0.257s] Level 1:colcon.colcon_core.package_identification:_identify(src) by extension 'ros'
[0.257s] Level 1:colcon.colcon_core.package_identification:_identify(src) by extensions ['cmake', 'python']
[0.257s] Level 1:colcon.colcon_core.package_identification:_identify(src) by extension 'cmake'
[0.257s] Level 1:colcon.colcon_core.package_identification:_identify(src) by extension 'python'
[0.257s] Level 1:colcon.colcon_core.package_identification:_identify(src) by extensions ['python_setup_py']
[0.257s] Level 1:colcon.colcon_core.package_identification:_identify(src) by extension 'python_setup_py'
[0.257s] Level 1:colcon.colcon_core.package_identification:_identify(src/bridge_px4) by extensions ['ignore', 'ignore_ament_install']
[0.257s] Level 1:colcon.colcon_core.package_identification:_identify(src/bridge_px4) by extension 'ignore'
[0.257s] Level 1:colcon.colcon_core.package_identification:_identify(src/bridge_px4) by extension 'ignore_ament_install'
[0.257s] Level 1:colcon.colcon_core.package_identification:_identify(src/bridge_px4) by extensions ['colcon_pkg']
[0.258s] Level 1:colcon.colcon_core.package_identification:_identify(src/bridge_px4) by extension 'colcon_pkg'
[0.258s] Level 1:colcon.colcon_core.package_identification:_identify(src/bridge_px4) by extensions ['colcon_meta']
[0.258s] Level 1:colcon.colcon_core.package_identification:_identify(src/bridge_px4) by extension 'colcon_meta'
[0.258s] Level 1:colcon.colcon_core.package_identification:_identify(src/bridge_px4) by extensions ['ros']
[0.258s] Level 1:colcon.colcon_core.package_identification:_identify(src/bridge_px4) by extension 'ros'
[0.260s] DEBUG:colcon.colcon_core.package_identification:Package 'src/bridge_px4' with type 'ros.ament_cmake' and name 'bridge_px4'
[0.260s] Level 1:colcon.colcon_core.package_identification:_identify(src/cpp_pubsub) by extensions ['ignore', 'ignore_ament_install']
[0.260s] Level 1:colcon.colcon_core.package_identification:_identify(src/cpp_pubsub) by extension 'ignore'
[0.260s] Level 1:colcon.colcon_core.package_identification:_identify(src/cpp_pubsub) by extension 'ignore_ament_install'
[0.260s] Level 1:colcon.colcon_core.package_identification:_identify(src/cpp_pubsub) by extensions ['colcon_pkg']
[0.260s] Level 1:colcon.colcon_core.package_identification:_identify(src/cpp_pubsub) by extension 'colcon_pkg'
[0.260s] Level 1:colcon.colcon_core.package_identification:_identify(src/cpp_pubsub) by extensions ['colcon_meta']
[0.260s] Level 1:colcon.colcon_core.package_identification:_identify(src/cpp_pubsub) by extension 'colcon_meta'
[0.261s] Level 1:colcon.colcon_core.package_identification:_identify(src/cpp_pubsub) by extensions ['ros']
[0.261s] Level 1:colcon.colcon_core.package_identification:_identify(src/cpp_pubsub) by extension 'ros'
[0.261s] DEBUG:colcon.colcon_core.package_identification:Package 'src/cpp_pubsub' with type 'ros.ament_cmake' and name 'cpp_pubsub'
[0.262s] Level 1:colcon.colcon_core.package_identification:_identify(src/px4_msgs) by extensions ['ignore', 'ignore_ament_install']
[0.262s] Level 1:colcon.colcon_core.package_identification:_identify(src/px4_msgs) by extension 'ignore'
[0.262s] Level 1:colcon.colcon_core.package_identification:_identify(src/px4_msgs) by extension 'ignore_ament_install'
[0.262s] Level 1:colcon.colcon_core.package_identification:_identify(src/px4_msgs) by extensions ['colcon_pkg']
[0.262s] Level 1:colcon.colcon_core.package_identification:_identify(src/px4_msgs) by extension 'colcon_pkg'
[0.262s] Level 1:colcon.colcon_core.package_identification:_identify(src/px4_msgs) by extensions ['colcon_meta']
[0.262s] Level 1:colcon.colcon_core.package_identification:_identify(src/px4_msgs) by extension 'colcon_meta'
[0.262s] Level 1:colcon.colcon_core.package_identification:_identify(src/px4_msgs) by extensions ['ros']
[0.262s] Level 1:colcon.colcon_core.package_identification:_identify(src/px4_msgs) by extension 'ros'
[0.263s] DEBUG:colcon.colcon_core.package_identification:Package 'src/px4_msgs' with type 'ros.ament_cmake' and name 'px4_msgs'
[0.263s] Level 1:colcon.colcon_core.package_identification:_identify(src/px4_ros_com) by extensions ['ignore', 'ignore_ament_install']
[0.263s] Level 1:colcon.colcon_core.package_identification:_identify(src/px4_ros_com) by extension 'ignore'
[0.263s] Level 1:colcon.colcon_core.package_identification:_identify(src/px4_ros_com) by extension 'ignore_ament_install'
[0.263s] Level 1:colcon.colcon_core.package_identification:_identify(src/px4_ros_com) by extensions ['colcon_pkg']
[0.263s] Level 1:colcon.colcon_core.package_identification:_identify(src/px4_ros_com) by extension 'colcon_pkg'
[0.263s] Level 1:colcon.colcon_core.package_identification:_identify(src/px4_ros_com) by extensions ['colcon_meta']
[0.263s] Level 1:colcon.colcon_core.package_identification:_identify(src/px4_ros_com) by extension 'colcon_meta'
[0.263s] Level 1:colcon.colcon_core.package_identification:_identify(src/px4_ros_com) by extensions ['ros']
[0.263s] Level 1:colcon.colcon_core.package_identification:_identify(src/px4_ros_com) by extension 'ros'
[0.265s] DEBUG:colcon.colcon_core.package_identification:Package 'src/px4_ros_com' with type 'ros.ament_cmake' and name 'px4_ros_com'
[0.265s] Level 1:colcon.colcon_core.package_identification:_identify(src/t265_to_px4_bridge) by extensions ['ignore', 'ignore_ament_install']
[0.265s] Level 1:colcon.colcon_core.package_identification:_identify(src/t265_to_px4_bridge) by extension 'ignore'
[0.265s] Level 1:colcon.colcon_core.package_identification:_identify(src/t265_to_px4_bridge) by extension 'ignore_ament_install'
[0.265s] Level 1:colcon.colcon_core.package_identification:_identify(src/t265_to_px4_bridge) by extensions ['colcon_pkg']
[0.265s] Level 1:colcon.colcon_core.package_identification:_identify(src/t265_to_px4_bridge) by extension 'colcon_pkg'
[0.265s] Level 1:colcon.colcon_core.package_identification:_identify(src/t265_to_px4_bridge) by extensions ['colcon_meta']
[0.265s] Level 1:colcon.colcon_core.package_identification:_identify(src/t265_to_px4_bridge) by extension 'colcon_meta'
[0.265s] Level 1:colcon.colcon_core.package_identification:_identify(src/t265_to_px4_bridge) by extensions ['ros']
[0.265s] Level 1:colcon.colcon_core.package_identification:_identify(src/t265_to_px4_bridge) by extension 'ros'
[0.266s] DEBUG:colcon.colcon_core.package_identification:Package 'src/t265_to_px4_bridge' with type 'ros.ament_cmake' and name 't265_to_px4_bridge'
[0.266s] Level 1:colcon.colcon_core.package_discovery:discover_packages(recursive) using defaults
[0.266s] Level 1:colcon.colcon_core.package_discovery:discover_packages(ignore) discover
[0.266s] Level 1:colcon.colcon_core.package_discovery:discover_packages(ignore) using defaults
[0.266s] Level 1:colcon.colcon_core.package_discovery:discover_packages(path) discover
[0.266s] Level 1:colcon.colcon_core.package_discovery:discover_packages(path) using defaults
[0.288s] INFO:colcon.colcon_core.package_selection:Skipping not selected package 'bridge_px4' in 'src/bridge_px4'
[0.288s] INFO:colcon.colcon_core.package_selection:Skipping not selected package 'cpp_pubsub' in 'src/cpp_pubsub'
[0.288s] INFO:colcon.colcon_core.package_selection:Skipping not selected package 't265_to_px4_bridge' in 'src/t265_to_px4_bridge'
[0.288s] INFO:colcon.colcon_core.package_selection:Skipping not selected package 'px4_ros_com' in 'src/px4_ros_com'
[0.288s] Level 5:colcon.colcon_core.verb:set package 'px4_msgs' build argument 'cmake_args' from command line to 'None'
[0.288s] Level 5:colcon.colcon_core.verb:set package 'px4_msgs' build argument 'cmake_target' from command line to 'None'
[0.288s] Level 5:colcon.colcon_core.verb:set package 'px4_msgs' build argument 'cmake_target_skip_unavailable' from command line to 'False'
[0.288s] Level 5:colcon.colcon_core.verb:set package 'px4_msgs' build argument 'cmake_clean_cache' from command line to 'False'
[0.288s] Level 5:colcon.colcon_core.verb:set package 'px4_msgs' build argument 'cmake_clean_first' from command line to 'False'
[0.288s] Level 5:colcon.colcon_core.verb:set package 'px4_msgs' build argument 'cmake_force_configure' from command line to 'False'
[0.288s] Level 5:colcon.colcon_core.verb:set package 'px4_msgs' build argument 'ament_cmake_args' from command line to 'None'
[0.288s] Level 5:colcon.colcon_core.verb:set package 'px4_msgs' build argument 'catkin_cmake_args' from command line to 'None'
[0.289s] Level 5:colcon.colcon_core.verb:set package 'px4_msgs' build argument 'catkin_skip_building_tests' from command line to 'False'
[0.289s] DEBUG:colcon.colcon_core.verb:Building package 'px4_msgs' with the following arguments: {'ament_cmake_args': None, 'build_base': '/px4_uxrce/t265_px4_bridge/build/px4_msgs', 'catkin_cmake_args': None, 'catkin_skip_building_tests': False, 'cmake_args': None, 'cmake_clean_cache': False, 'cmake_clean_first': False, 'cmake_force_configure': False, 'cmake_target': None, 'cmake_target_skip_unavailable': False, 'install_base': '/px4_uxrce/t265_px4_bridge/install/px4_msgs', 'merge_install': False, 'path': '/px4_uxrce/t265_px4_bridge/src/px4_msgs', 'symlink_install': False, 'test_result_base': None}
[0.289s] INFO:colcon.colcon_core.executor:Executing jobs using 'parallel' executor
[0.290s] DEBUG:colcon.colcon_parallel_executor.executor.parallel:run_until_complete
[0.290s] INFO:colcon.colcon_ros.task.ament_cmake.build:Building ROS package in '/px4_uxrce/t265_px4_bridge/src/px4_msgs' with build type 'ament_cmake'
[0.290s] INFO:colcon.colcon_cmake.task.cmake.build:Building CMake package in '/px4_uxrce/t265_px4_bridge/src/px4_msgs'
[0.292s] INFO:colcon.colcon_core.plugin_system:Skipping extension 'colcon_core.shell.bat': Not used on non-Windows systems
[0.292s] INFO:colcon.colcon_core.shell:Skip shell extension 'powershell' for command environment: Not usable outside of PowerShell
[0.292s] DEBUG:colcon.colcon_core.shell:Skip shell extension 'dsv' for command environment
[0.302s] DEBUG:colcon.colcon_core.event_handler.log_command:Invoking command in '/px4_uxrce/t265_px4_bridge/build/px4_msgs': CMAKE_PREFIX_PATH=/px4_uxrce/t265_px4_bridge/install/launch_testing_examples:/px4_uxrce/t265_px4_bridge/install/examples_rclpy_pointcloud_publisher:/px4_uxrce/t265_px4_bridge/install/examples_rclpy_minimal_subscriber:/px4_uxrce/t265_px4_bridge/install/examples_rclpy_minimal_service:/px4_uxrce/t265_px4_bridge/install/examples_rclpy_minimal_publisher:/px4_uxrce/t265_px4_bridge/install/examples_rclpy_minimal_client:/px4_uxrce/t265_px4_bridge/install/examples_rclpy_minimal_action_server:/px4_uxrce/t265_px4_bridge/install/examples_rclpy_minimal_action_client:/px4_uxrce/t265_px4_bridge/install/examples_rclpy_guard_conditions:/px4_uxrce/t265_px4_bridge/install/examples_rclpy_executors:/opt/ros/humble:${CMAKE_PREFIX_PATH} /usr/bin/cmake --build /px4_uxrce/t265_px4_bridge/build/px4_msgs -- -j12 -l12
[2.446s] DEBUG:colcon.colcon_core.event_handler.log_command:Invoked command in '/px4_uxrce/t265_px4_bridge/build/px4_msgs' returned '0': CMAKE_PREFIX_PATH=/px4_uxrce/t265_px4_bridge/install/launch_testing_examples:/px4_uxrce/t265_px4_bridge/install/examples_rclpy_pointcloud_publisher:/px4_uxrce/t265_px4_bridge/install/examples_rclpy_minimal_subscriber:/px4_uxrce/t265_px4_bridge/install/examples_rclpy_minimal_service:/px4_uxrce/t265_px4_bridge/install/examples_rclpy_minimal_publisher:/px4_uxrce/t265_px4_bridge/install/examples_rclpy_minimal_client:/px4_uxrce/t265_px4_bridge/install/examples_rclpy_minimal_action_server:/px4_uxrce/t265_px4_bridge/install/examples_rclpy_minimal_action_client:/px4_uxrce/t265_px4_bridge/install/examples_rclpy_guard_conditions:/px4_uxrce/t265_px4_bridge/install/examples_rclpy_executors:/opt/ros/humble:${CMAKE_PREFIX_PATH} /usr/bin/cmake --build /px4_uxrce/t265_px4_bridge/build/px4_msgs -- -j12 -l12
[2.456s] DEBUG:colcon.colcon_core.event_handler.log_command:Invoking command in '/px4_uxrce/t265_px4_bridge/build/px4_msgs': CMAKE_PREFIX_PATH=/px4_uxrce/t265_px4_bridge/install/launch_testing_examples:/px4_uxrce/t265_px4_bridge/install/examples_rclpy_pointcloud_publisher:/px4_uxrce/t265_px4_bridge/install/examples_rclpy_minimal_subscriber:/px4_uxrce/t265_px4_bridge/install/examples_rclpy_minimal_service:/px4_uxrce/t265_px4_bridge/install/examples_rclpy_minimal_publisher:/px4_uxrce/t265_px4_bridge/install/examples_rclpy_minimal_client:/px4_uxrce/t265_px4_bridge/install/examples_rclpy_minimal_action_server:/px4_uxrce/t265_px4_bridge/install/examples_rclpy_minimal_action_client:/px4_uxrce/t265_px4_bridge/install/examples_rclpy_guard_conditions:/px4_uxrce/t265_px4_bridge/install/examples_rclpy_executors:/opt/ros/humble:${CMAKE_PREFIX_PATH} /usr/bin/cmake --install /px4_uxrce/t265_px4_bridge/build/px4_msgs
[3.621s] Level 1:colcon.colcon_core.environment:create_environment_scripts_only(px4_msgs)
[3.621s] DEBUG:colcon.colcon_core.event_handler.log_command:Invoked command in '/px4_uxrce/t265_px4_bridge/build/px4_msgs' returned '0': CMAKE_PREFIX_PATH=/px4_uxrce/t265_px4_bridge/install/launch_testing_examples:/px4_uxrce/t265_px4_bridge/install/examples_rclpy_pointcloud_publisher:/px4_uxrce/t265_px4_bridge/install/examples_rclpy_minimal_subscriber:/px4_uxrce/t265_px4_bridge/install/examples_rclpy_minimal_service:/px4_uxrce/t265_px4_bridge/install/examples_rclpy_minimal_publisher:/px4_uxrce/t265_px4_bridge/install/examples_rclpy_minimal_client:/px4_uxrce/t265_px4_bridge/install/examples_rclpy_minimal_action_server:/px4_uxrce/t265_px4_bridge/install/examples_rclpy_minimal_action_client:/px4_uxrce/t265_px4_bridge/install/examples_rclpy_guard_conditions:/px4_uxrce/t265_px4_bridge/install/examples_rclpy_executors:/opt/ros/humble:${CMAKE_PREFIX_PATH} /usr/bin/cmake --install /px4_uxrce/t265_px4_bridge/build/px4_msgs
[3.624s] Level 1:colcon.colcon_core.environment:checking '/px4_uxrce/t265_px4_bridge/install/px4_msgs' for CMake module files
[3.624s] Level 1:colcon.colcon_core.environment:checking '/px4_uxrce/t265_px4_bridge/install/px4_msgs' for CMake config files
[3.629s] Level 1:colcon.colcon_core.shell:create_environment_hook('px4_msgs', 'cmake_prefix_path')
[3.629s] INFO:colcon.colcon_core.shell:Creating environment hook '/px4_uxrce/t265_px4_bridge/install/px4_msgs/share/px4_msgs/hook/cmake_prefix_path.ps1'
[3.630s] INFO:colcon.colcon_core.shell:Creating environment descriptor '/px4_uxrce/t265_px4_bridge/install/px4_msgs/share/px4_msgs/hook/cmake_prefix_path.dsv'
[3.630s] INFO:colcon.colcon_core.shell:Creating environment hook '/px4_uxrce/t265_px4_bridge/install/px4_msgs/share/px4_msgs/hook/cmake_prefix_path.sh'
[3.631s] Level 1:colcon.colcon_core.environment:checking '/px4_uxrce/t265_px4_bridge/install/px4_msgs/lib'
[3.631s] Level 1:colcon.colcon_core.shell:create_environment_hook('px4_msgs', 'ld_library_path_lib')
[3.631s] INFO:colcon.colcon_core.shell:Creating environment hook '/px4_uxrce/t265_px4_bridge/install/px4_msgs/share/px4_msgs/hook/ld_library_path_lib.ps1'
[3.632s] INFO:colcon.colcon_core.shell:Creating environment descriptor '/px4_uxrce/t265_px4_bridge/install/px4_msgs/share/px4_msgs/hook/ld_library_path_lib.dsv'
[3.632s] INFO:colcon.colcon_core.shell:Creating environment hook '/px4_uxrce/t265_px4_bridge/install/px4_msgs/share/px4_msgs/hook/ld_library_path_lib.sh'
[3.632s] Level 1:colcon.colcon_core.environment:checking '/px4_uxrce/t265_px4_bridge/install/px4_msgs/bin'
[3.632s] Level 1:colcon.colcon_core.environment:checking '/px4_uxrce/t265_px4_bridge/install/px4_msgs/lib/pkgconfig/px4_msgs.pc'
[3.634s] Level 1:colcon.colcon_core.environment:checking '/px4_uxrce/t265_px4_bridge/install/px4_msgs/lib/python3.10/site-packages'
[3.634s] Level 1:colcon.colcon_core.environment:checking '/px4_uxrce/t265_px4_bridge/install/px4_msgs/bin'
[3.635s] INFO:colcon.colcon_core.shell:Creating package script '/px4_uxrce/t265_px4_bridge/install/px4_msgs/share/px4_msgs/package.ps1'
[3.635s] INFO:colcon.colcon_core.shell:Creating package descriptor '/px4_uxrce/t265_px4_bridge/install/px4_msgs/share/px4_msgs/package.dsv'
[3.636s] INFO:colcon.colcon_core.shell:Creating package script '/px4_uxrce/t265_px4_bridge/install/px4_msgs/share/px4_msgs/package.sh'
[3.637s] INFO:colcon.colcon_core.shell:Creating package script '/px4_uxrce/t265_px4_bridge/install/px4_msgs/share/px4_msgs/package.bash'
[3.638s] INFO:colcon.colcon_core.shell:Creating package script '/px4_uxrce/t265_px4_bridge/install/px4_msgs/share/px4_msgs/package.zsh'
[3.638s] Level 1:colcon.colcon_core.environment:create_file_with_runtime_dependencies(/px4_uxrce/t265_px4_bridge/install/px4_msgs/share/colcon-core/packages/px4_msgs)
[3.639s] Level 1:colcon.colcon_core.environment:create_environment_scripts_only(px4_msgs)
[3.639s] Level 1:colcon.colcon_core.environment:checking '/px4_uxrce/t265_px4_bridge/install/px4_msgs' for CMake module files
[3.640s] Level 1:colcon.colcon_core.environment:checking '/px4_uxrce/t265_px4_bridge/install/px4_msgs' for CMake config files
[3.644s] Level 1:colcon.colcon_core.shell:create_environment_hook('px4_msgs', 'cmake_prefix_path')
[3.644s] INFO:colcon.colcon_core.shell:Creating environment hook '/px4_uxrce/t265_px4_bridge/install/px4_msgs/share/px4_msgs/hook/cmake_prefix_path.ps1'
[3.645s] INFO:colcon.colcon_core.shell:Creating environment descriptor '/px4_uxrce/t265_px4_bridge/install/px4_msgs/share/px4_msgs/hook/cmake_prefix_path.dsv'
[3.645s] INFO:colcon.colcon_core.shell:Creating environment hook '/px4_uxrce/t265_px4_bridge/install/px4_msgs/share/px4_msgs/hook/cmake_prefix_path.sh'
[3.646s] Level 1:colcon.colcon_core.environment:checking '/px4_uxrce/t265_px4_bridge/install/px4_msgs/lib'
[3.646s] Level 1:colcon.colcon_core.shell:create_environment_hook('px4_msgs', 'ld_library_path_lib')
[3.646s] INFO:colcon.colcon_core.shell:Creating environment hook '/px4_uxrce/t265_px4_bridge/install/px4_msgs/share/px4_msgs/hook/ld_library_path_lib.ps1'
[3.646s] INFO:colcon.colcon_core.shell:Creating environment descriptor '/px4_uxrce/t265_px4_bridge/install/px4_msgs/share/px4_msgs/hook/ld_library_path_lib.dsv'
[3.647s] INFO:colcon.colcon_core.shell:Creating environment hook '/px4_uxrce/t265_px4_bridge/install/px4_msgs/share/px4_msgs/hook/ld_library_path_lib.sh'
[3.647s] Level 1:colcon.colcon_core.environment:checking '/px4_uxrce/t265_px4_bridge/install/px4_msgs/bin'
[3.647s] Level 1:colcon.colcon_core.environment:checking '/px4_uxrce/t265_px4_bridge/install/px4_msgs/lib/pkgconfig/px4_msgs.pc'
[3.647s] Level 1:colcon.colcon_core.environment:checking '/px4_uxrce/t265_px4_bridge/install/px4_msgs/lib/python3.10/site-packages'
[3.648s] Level 1:colcon.colcon_core.environment:checking '/px4_uxrce/t265_px4_bridge/install/px4_msgs/bin'
[3.648s] INFO:colcon.colcon_core.shell:Creating package script '/px4_uxrce/t265_px4_bridge/install/px4_msgs/share/px4_msgs/package.ps1'
[3.648s] INFO:colcon.colcon_core.shell:Creating package descriptor '/px4_uxrce/t265_px4_bridge/install/px4_msgs/share/px4_msgs/package.dsv'
[3.649s] INFO:colcon.colcon_core.shell:Creating package script '/px4_uxrce/t265_px4_bridge/install/px4_msgs/share/px4_msgs/package.sh'
[3.650s] INFO:colcon.colcon_core.shell:Creating package script '/px4_uxrce/t265_px4_bridge/install/px4_msgs/share/px4_msgs/package.bash'
[3.650s] INFO:colcon.colcon_core.shell:Creating package script '/px4_uxrce/t265_px4_bridge/install/px4_msgs/share/px4_msgs/package.zsh'
[3.650s] Level 1:colcon.colcon_core.environment:create_file_with_runtime_dependencies(/px4_uxrce/t265_px4_bridge/install/px4_msgs/share/colcon-core/packages/px4_msgs)
[3.651s] DEBUG:colcon.colcon_parallel_executor.executor.parallel:closing loop
[3.651s] DEBUG:colcon.colcon_parallel_executor.executor.parallel:loop closed
[3.651s] DEBUG:colcon.colcon_parallel_executor.executor.parallel:run_until_complete finished with '0'
[3.651s] DEBUG:colcon.colcon_core.event_reactor:joining thread
[3.657s] INFO:colcon.colcon_core.plugin_system:Skipping extension 'colcon_notification.desktop_notification.notify_send': Could not find 'notify-send'
[3.657s] INFO:colcon.colcon_core.plugin_system:Skipping extension 'colcon_notification.desktop_notification.terminal_notifier': Not used on non-Darwin systems
[3.657s] INFO:colcon.colcon_core.plugin_system:Skipping extension 'colcon_notification.desktop_notification.win32': Not used on non-Windows systems
[3.657s] INFO:colcon.colcon_notification.desktop_notification:Sending desktop notification using 'notify2'
[3.659s] DEBUG:colcon.colcon_notification.desktop_notification.notify2:Failed to initialize notify2: org.freedesktop.DBus.Error.Spawn.ExecFailed: /usr/bin/dbus-launch terminated abnormally without any error message
[3.659s] DEBUG:colcon.colcon_core.event_reactor:joined thread
[3.660s] INFO:colcon.colcon_core.shell:Creating prefix script '/px4_uxrce/t265_px4_bridge/install/local_setup.ps1'
[3.662s] INFO:colcon.colcon_core.shell:Creating prefix util module '/px4_uxrce/t265_px4_bridge/install/_local_setup_util_ps1.py'
[3.665s] INFO:colcon.colcon_core.shell:Creating prefix chain script '/px4_uxrce/t265_px4_bridge/install/setup.ps1'
[3.668s] INFO:colcon.colcon_core.shell:Creating prefix script '/px4_uxrce/t265_px4_bridge/install/local_setup.sh'
[3.669s] INFO:colcon.colcon_core.shell:Creating prefix util module '/px4_uxrce/t265_px4_bridge/install/_local_setup_util_sh.py'
[3.670s] INFO:colcon.colcon_core.shell:Creating prefix chain script '/px4_uxrce/t265_px4_bridge/install/setup.sh'
[3.673s] INFO:colcon.colcon_core.shell:Creating prefix script '/px4_uxrce/t265_px4_bridge/install/local_setup.bash'
[3.675s] INFO:colcon.colcon_core.shell:Creating prefix chain script '/px4_uxrce/t265_px4_bridge/install/setup.bash'
[3.679s] INFO:colcon.colcon_core.shell:Creating prefix script '/px4_uxrce/t265_px4_bridge/install/local_setup.zsh'
[3.679s] INFO:colcon.colcon_core.shell:Creating prefix chain script '/px4_uxrce/t265_px4_bridge/install/setup.zsh'
